 |--------|------------|
 | ANGLE  |  PHASE FCT |
 |--------|------------|
     0.00   15.204    
     1.00   15.177    
     2.00   15.096    
     3.00   14.963    
     4.00   14.780    
     5.00   14.549    
     6.00   14.273    
     7.00   13.957    
     8.00   13.605    
     9.00   13.222    
    10.00   12.811    
    11.00   12.377    
    12.00   11.926    
    13.00   11.461    
    14.00   10.988    
    15.00   10.509    
    16.00   10.029    
    17.00   9.5504    
    18.00   9.0770    
    19.00   8.6111    
    20.00   8.1550    
    21.00   7.7105    
    22.00   7.2793    
    23.00   6.8626    
    24.00   6.4614    
    25.00   6.0765    
    26.00   5.7083    
    27.00   5.3572    
    28.00   5.0231    
    29.00   4.7061    
    30.00   4.4059    
    31.00   4.1223    
    32.00   3.8548    
    33.00   3.6029    
    34.00   3.3662    
    35.00   3.1439    
    36.00   2.9356    
    37.00   2.7406    
    38.00   2.5582    
    39.00   2.3878    
    40.00   2.2287    
    41.00   2.0804    
    42.00   1.9421    
    43.00   1.8133    
    44.00   1.6934    
    45.00   1.5818    
    46.00   1.4781    
    47.00   1.3816    
    48.00   1.2919    
    49.00   1.2086    
    50.00   1.1311    
    51.00   1.0592    
    52.00  0.99237    
    53.00  0.93028    
    54.00  0.87260    
    55.00  0.81901    
    56.00  0.76921    
    57.00  0.72294    
    58.00  0.67993    
    59.00  0.63993    
    60.00  0.60275    
    61.00  0.56815    
    62.00  0.53596    
    63.00  0.50600    
    64.00  0.47810    
    65.00  0.45211    
    66.00  0.42789    
    67.00  0.40532    
    68.00  0.38426    
    69.00  0.36462    
    70.00  0.34628    
    71.00  0.32915    
    72.00  0.31315    
    73.00  0.29820    
    74.00  0.28421    
    75.00  0.27112    
    76.00  0.25887    
    77.00  0.24740    
    78.00  0.23665    
    79.00  0.22658    
    80.00  0.21713    
    81.00  0.20827    
    82.00  0.19996    
    83.00  0.19215    
    84.00  0.18482    
    85.00  0.17793    
    86.00  0.17145    
    87.00  0.16537    
    88.00  0.15964    
    89.00  0.15426    
    90.00  0.14920    
    91.00  0.14444    
    92.00  0.13996    
    93.00  0.13574    
    94.00  0.13178    
    95.00  0.12805    
    96.00  0.12454    
    97.00  0.12124    
    98.00  0.11814    
    99.00  0.11522    
   100.00  0.11249    
   101.00  0.10992    
   102.00  0.10751    
   103.00  0.10525    
   104.00  0.10314    
   105.00  0.10117    
   106.00  0.99323E-01
   107.00  0.97608E-01
   108.00  0.96013E-01
   109.00  0.94533E-01
   110.00  0.93166E-01
   111.00  0.91905E-01
   112.00  0.90747E-01
   113.00  0.89689E-01
   114.00  0.88727E-01
   115.00  0.87859E-01
   116.00  0.87081E-01
   117.00  0.86391E-01
   118.00  0.85786E-01
   119.00  0.85264E-01
   120.00  0.84824E-01
   121.00  0.84462E-01
   122.00  0.84179E-01
   123.00  0.83971E-01
   124.00  0.83837E-01
   125.00  0.83776E-01
   126.00  0.83786E-01
   127.00  0.83866E-01
   128.00  0.84014E-01
   129.00  0.84229E-01
   130.00  0.84511E-01
   131.00  0.84856E-01
   132.00  0.85264E-01
   133.00  0.85733E-01
   134.00  0.86261E-01
   135.00  0.86848E-01
   136.00  0.87489E-01
   137.00  0.88184E-01
   138.00  0.88930E-01
   139.00  0.89724E-01
   140.00  0.90564E-01
   141.00  0.91447E-01
   142.00  0.92369E-01
   143.00  0.93326E-01
   144.00  0.94317E-01
   145.00  0.95335E-01
   146.00  0.96377E-01
   147.00  0.97440E-01
   148.00  0.98519E-01
   149.00  0.99609E-01
   150.00  0.10071    
   151.00  0.10181    
   152.00  0.10292    
   153.00  0.10402    
   154.00  0.10512    
   155.00  0.10622    
   156.00  0.10732    
   157.00  0.10843    
   158.00  0.10953    
   159.00  0.11066    
   160.00  0.11180    
   161.00  0.11298    
   162.00  0.11420    
   163.00  0.11548    
   164.00  0.11683    
   165.00  0.11826    
   166.00  0.11978    
   167.00  0.12141    
   168.00  0.12313    
   169.00  0.12496    
   170.00  0.12686    
   171.00  0.12882    
   172.00  0.13080    
   173.00  0.13275    
   174.00  0.13463    
   175.00  0.13637    
   176.00  0.13790    
   177.00  0.13918    
   178.00  0.14013    
   179.00  0.14072    
   180.00  0.14092    
 |--------|------------|
0.550000     micron = Wavelength
 1.92021     = Extinction efficiency (Q)
 1.92021     = Scattering efficiency (Qs)
 0.00000     = Absorption efficiency (Qa)
 89.1755     = Lidar ratio
0.126655     micron^2 = <b> = Average surface area per particle
0.243205     microns^2 = Extinction cross section (C)
0.243205     microns^2 = Scattering cross section (Cs)
 0.00000     microns^2 = Absorption cross section (Ca)
 |----------------------------------------------------|
 | COMMENTAIRES:                                      |
 |----------------------------------------------------|
 |   -Cross section / <b> should = efficiency         |
 |    is independant of the normalisation of dN/dx    |
 |   -The integral of the phase fct / 4 pi over all   |
 |    directions (solid angle) = 1.                   |
 |   -The volume coefficient (k) is equal to C * N    |
 |      = cross section * Number density              |
 |      typical units: [um^2]*[particles/cm^3] =      |
 |      [10^-3 km-1]                                  |
 |      N = M/(d*4/3*pi*r^3) where d is the density   |
 |      of particle, M is the mass per unit volume    |
 |      and 4/3*pi*r^3 is the average volume  of a    |
 |      particle.                                     |
 |      typical units:  M -> [ug/m^3], d -> [g/cm^3]  |
 |                      r -> [um]                     |
 |      Lidar ratio= 4 pi Qe / phase_fct(180)*Qs      |
 |----------------------------------------------------|
