 |--------|------------|
 | ANGLE  |  PHASE FCT |
 |--------|------------|
     0.00   16.283    
     1.00   16.252    
     2.00   16.159    
     3.00   16.006    
     4.00   15.796    
     5.00   15.531    
     6.00   15.216    
     7.00   14.855    
     8.00   14.454    
     9.00   14.018    
    10.00   13.552    
    11.00   13.063    
    12.00   12.555    
    13.00   12.034    
    14.00   11.505    
    15.00   10.972    
    16.00   10.439    
    17.00   9.9113    
    18.00   9.3907    
    19.00   8.8805    
    20.00   8.3831    
    21.00   7.9005    
    22.00   7.4344    
    23.00   6.9859    
    24.00   6.5560    
    25.00   6.1452    
    26.00   5.7540    
    27.00   5.3825    
    28.00   5.0305    
    29.00   4.6980    
    30.00   4.3844    
    31.00   4.0894    
    32.00   3.8122    
    33.00   3.5524    
    34.00   3.3091    
    35.00   3.0816    
    36.00   2.8693    
    37.00   2.6712    
    38.00   2.4866    
    39.00   2.3148    
    40.00   2.1551    
    41.00   2.0066    
    42.00   1.8687    
    43.00   1.7406    
    44.00   1.6218    
    45.00   1.5117    
    46.00   1.4095    
    47.00   1.3149    
    48.00   1.2271    
    49.00   1.1458    
    50.00   1.0705    
    51.00   1.0007    
    52.00  0.93604    
    53.00  0.87612    
    54.00  0.82060    
    55.00  0.76913    
    56.00  0.72143    
    57.00  0.67719    
    58.00  0.63616    
    59.00  0.59809    
    60.00  0.56276    
    61.00  0.52996    
    62.00  0.49949    
    63.00  0.47118    
    64.00  0.44486    
    65.00  0.42038    
    66.00  0.39761    
    67.00  0.37641    
    68.00  0.35666    
    69.00  0.33826    
    70.00  0.32111    
    71.00  0.30510    
    72.00  0.29017    
    73.00  0.27622    
    74.00  0.26319    
    75.00  0.25102    
    76.00  0.23963    
    77.00  0.22897    
    78.00  0.21899    
    79.00  0.20965    
    80.00  0.20089    
    81.00  0.19268    
    82.00  0.18498    
    83.00  0.17775    
    84.00  0.17097    
    85.00  0.16461    
    86.00  0.15862    
    87.00  0.15300    
    88.00  0.14772    
    89.00  0.14276    
    90.00  0.13809    
    91.00  0.13370    
    92.00  0.12957    
    93.00  0.12568    
    94.00  0.12203    
    95.00  0.11860    
    96.00  0.11537    
    97.00  0.11233    
    98.00  0.10948    
    99.00  0.10680    
   100.00  0.10429    
   101.00  0.10193    
   102.00  0.99721E-01
   103.00  0.97652E-01
   104.00  0.95716E-01
   105.00  0.93907E-01
   106.00  0.92221E-01
   107.00  0.90652E-01
   108.00  0.89194E-01
   109.00  0.87844E-01
   110.00  0.86597E-01
   111.00  0.85448E-01
   112.00  0.84396E-01
   113.00  0.83436E-01
   114.00  0.82565E-01
   115.00  0.81781E-01
   116.00  0.81081E-01
   117.00  0.80462E-01
   118.00  0.79923E-01
   119.00  0.79462E-01
   120.00  0.79076E-01
   121.00  0.78764E-01
   122.00  0.78524E-01
   123.00  0.78356E-01
   124.00  0.78257E-01
   125.00  0.78226E-01
   126.00  0.78262E-01
   127.00  0.78364E-01
   128.00  0.78531E-01
   129.00  0.78761E-01
   130.00  0.79054E-01
   131.00  0.79407E-01
   132.00  0.79821E-01
   133.00  0.80293E-01
   134.00  0.80822E-01
   135.00  0.81406E-01
   136.00  0.82044E-01
   137.00  0.82734E-01
   138.00  0.83473E-01
   139.00  0.84259E-01
   140.00  0.85091E-01
   141.00  0.85963E-01
   142.00  0.86875E-01
   143.00  0.87823E-01
   144.00  0.88802E-01
   145.00  0.89809E-01
   146.00  0.90840E-01
   147.00  0.91890E-01
   148.00  0.92956E-01
   149.00  0.94033E-01
   150.00  0.95116E-01
   151.00  0.96202E-01
   152.00  0.97286E-01
   153.00  0.98365E-01
   154.00  0.99437E-01
   155.00  0.10050    
   156.00  0.10156    
   157.00  0.10260    
   158.00  0.10365    
   159.00  0.10469    
   160.00  0.10574    
   161.00  0.10681    
   162.00  0.10791    
   163.00  0.10906    
   164.00  0.11026    
   165.00  0.11153    
   166.00  0.11288    
   167.00  0.11433    
   168.00  0.11588    
   169.00  0.11753    
   170.00  0.11926    
   171.00  0.12107    
   172.00  0.12291    
   173.00  0.12475    
   174.00  0.12654    
   175.00  0.12820    
   176.00  0.12968    
   177.00  0.13092    
   178.00  0.13184    
   179.00  0.13242    
   180.00  0.13262    
 |--------|------------|
0.630000     micron = Wavelength
 1.92262     = Extinction efficiency (Q)
 1.92262     = Scattering efficiency (Qs)
 0.00000     = Absorption efficiency (Qa)
 94.7569     = Lidar ratio
0.180223     micron^2 = <b> = Average surface area per particle
0.346501     microns^2 = Extinction cross section (C)
0.346501     microns^2 = Scattering cross section (Cs)
 0.00000     microns^2 = Absorption cross section (Ca)
 |----------------------------------------------------|
 | COMMENTAIRES:                                      |
 |----------------------------------------------------|
 |   -Cross section / <b> should = efficiency         |
 |    is independant of the normalisation of dN/dx    |
 |   -The integral of the phase fct / 4 pi over all   |
 |    directions (solid angle) = 1.                   |
 |   -The volume coefficient (k) is equal to C * N    |
 |      = cross section * Number density              |
 |      typical units: [um^2]*[particles/cm^3] =      |
 |      [10^-3 km-1]                                  |
 |      N = M/(d*4/3*pi*r^3) where d is the density   |
 |      of particle, M is the mass per unit volume    |
 |      and 4/3*pi*r^3 is the average volume  of a    |
 |      particle.                                     |
 |      typical units:  M -> [ug/m^3], d -> [g/cm^3]  |
 |                      r -> [um]                     |
 |      Lidar ratio= 4 pi Qe / phase_fct(180)*Qs      |
 |----------------------------------------------------|
