 |--------|------------|
 | ANGLE  |  PHASE FCT |
 |--------|------------|
     0.00   84.603    
     1.00   82.860    
     2.00   77.955    
     3.00   70.729    
     4.00   62.234    
     5.00   53.436    
     6.00   45.047    
     7.00   37.494    
     8.00   30.972    
     9.00   25.513    
    10.00   21.045    
    11.00   17.448    
    12.00   14.586    
    13.00   12.323    
    14.00   10.539    
    15.00   9.1314    
    16.00   8.0145    
    17.00   7.1210    
    18.00   6.3973    
    19.00   5.8028    
    20.00   5.3064    
    21.00   4.8845    
    22.00   4.5198    
    23.00   4.1994    
    24.00   3.9138    
    25.00   3.6561    
    26.00   3.4210    
    27.00   3.2049    
    28.00   3.0050    
    29.00   2.8192    
    30.00   2.6458    
    31.00   2.4837    
    32.00   2.3320    
    33.00   2.1897    
    34.00   2.0563    
    35.00   1.9312    
    36.00   1.8138    
    37.00   1.7037    
    38.00   1.6004    
    39.00   1.5036    
    40.00   1.4129    
    41.00   1.3280    
    42.00   1.2484    
    43.00   1.1738    
    44.00   1.1040    
    45.00   1.0387    
    46.00  0.97752    
    47.00  0.92027    
    48.00  0.86670    
    49.00  0.81656    
    50.00  0.76963    
    51.00  0.72570    
    52.00  0.68458    
    53.00  0.64609    
    54.00  0.61004    
    55.00  0.57629    
    56.00  0.54467    
    57.00  0.51506    
    58.00  0.48732    
    59.00  0.46131    
    60.00  0.43694    
    61.00  0.41409    
    62.00  0.39266    
    63.00  0.37257    
    64.00  0.35372    
    65.00  0.33603    
    66.00  0.31943    
    67.00  0.30386    
    68.00  0.28924    
    69.00  0.27551    
    70.00  0.26263    
    71.00  0.25053    
    72.00  0.23917    
    73.00  0.22851    
    74.00  0.21849    
    75.00  0.20909    
    76.00  0.20026    
    77.00  0.19197    
    78.00  0.18419    
    79.00  0.17688    
    80.00  0.17003    
    81.00  0.16361    
    82.00  0.15758    
    83.00  0.15193    
    84.00  0.14664    
    85.00  0.14168    
    86.00  0.13704    
    87.00  0.13270    
    88.00  0.12864    
    89.00  0.12485    
    90.00  0.12132    
    91.00  0.11802    
    92.00  0.11495    
    93.00  0.11210    
    94.00  0.10945    
    95.00  0.10700    
    96.00  0.10474    
    97.00  0.10265    
    98.00  0.10074    
    99.00  0.98983E-01
   100.00  0.97387E-01
   101.00  0.95942E-01
   102.00  0.94645E-01
   103.00  0.93490E-01
   104.00  0.92475E-01
   105.00  0.91597E-01
   106.00  0.90855E-01
   107.00  0.90246E-01
   108.00  0.89772E-01
   109.00  0.89432E-01
   110.00  0.89227E-01
   111.00  0.89161E-01
   112.00  0.89235E-01
   113.00  0.89454E-01
   114.00  0.89820E-01
   115.00  0.90341E-01
   116.00  0.91021E-01
   117.00  0.91868E-01
   118.00  0.92890E-01
   119.00  0.94093E-01
   120.00  0.95487E-01
   121.00  0.97081E-01
   122.00  0.98884E-01
   123.00  0.10091    
   124.00  0.10316    
   125.00  0.10566    
   126.00  0.10840    
   127.00  0.11140    
   128.00  0.11467    
   129.00  0.11822    
   130.00  0.12205    
   131.00  0.12615    
   132.00  0.13054    
   133.00  0.13521    
   134.00  0.14015    
   135.00  0.14534    
   136.00  0.15077    
   137.00  0.15641    
   138.00  0.16223    
   139.00  0.16819    
   140.00  0.17424    
   141.00  0.18033    
   142.00  0.18640    
   143.00  0.19238    
   144.00  0.19822    
   145.00  0.20384    
   146.00  0.20919    
   147.00  0.21421    
   148.00  0.21885    
   149.00  0.22309    
   150.00  0.22694    
   151.00  0.23044    
   152.00  0.23365    
   153.00  0.23671    
   154.00  0.23978    
   155.00  0.24309    
   156.00  0.24692    
   157.00  0.25159    
   158.00  0.25746    
   159.00  0.26486    
   160.00  0.27408    
   161.00  0.28528    
   162.00  0.29838    
   163.00  0.31293    
   164.00  0.32805    
   165.00  0.34224    
   166.00  0.35351    
   167.00  0.35944    
   168.00  0.35764    
   169.00  0.34636    
   170.00  0.32534    
   171.00  0.29661    
   172.00  0.26488    
   173.00  0.23726    
   174.00  0.22178    
   175.00  0.22511    
   176.00  0.24964    
   177.00  0.29132    
   178.00  0.33902    
   179.00  0.37717    
   180.00  0.39178    
 |--------|------------|
0.510000     micron = Wavelength
 2.65444     = Extinction efficiency (Q)
 2.65444     = Scattering efficiency (Qs)
 0.00000     = Absorption efficiency (Qa)
 32.0752     = Lidar ratio
 1.56993     micron^2 = <b> = Average surface area per particle
 4.16728     microns^2 = Extinction cross section (C)
 4.16728     microns^2 = Scattering cross section (Cs)
 0.00000     microns^2 = Absorption cross section (Ca)
 |----------------------------------------------------|
 | COMMENTAIRES:                                      |
 |----------------------------------------------------|
 |   -Cross section / <b> should = efficiency         |
 |    is independant of the normalisation of dN/dx    |
 |   -The integral of the phase fct / 4 pi over all   |
 |    directions (solid angle) = 1.                   |
 |   -The volume coefficient (k) is equal to C * N    |
 |      = cross section * Number density              |
 |      typical units: [um^2]*[particles/cm^3] =      |
 |      [10^-3 km-1]                                  |
 |      N = M/(d*4/3*pi*r^3) where d is the density   |
 |      of particle, M is the mass per unit volume    |
 |      and 4/3*pi*r^3 is the average volume  of a    |
 |      particle.                                     |
 |      typical units:  M -> [ug/m^3], d -> [g/cm^3]  |
 |                      r -> [um]                     |
 |      Lidar ratio= 4 pi Qe / phase_fct(180)*Qs      |
 |----------------------------------------------------|
