 |--------|------------|
 | ANGLE  |  PHASE FCT |
 |--------|------------|
     0.00   13.176    
     1.00   13.154    
     2.00   13.088    
     3.00   12.980    
     4.00   12.831    
     5.00   12.643    
     6.00   12.418    
     7.00   12.161    
     8.00   11.873    
     9.00   11.560    
    10.00   11.224    
    11.00   10.869    
    12.00   10.499    
    13.00   10.118    
    14.00   9.7282    
    15.00   9.3336    
    16.00   8.9369    
    17.00   8.5408    
    18.00   8.1477    
    19.00   7.7598    
    20.00   7.3788    
    21.00   7.0064    
    22.00   6.6439    
    23.00   6.2924    
    24.00   5.9528    
    25.00   5.6258    
    26.00   5.3117    
    27.00   5.0110    
    28.00   4.7237    
    29.00   4.4499    
    30.00   4.1895    
    31.00   3.9424    
    32.00   3.7083    
    33.00   3.4868    
    34.00   3.2777    
    35.00   3.0805    
    36.00   2.8947    
    37.00   2.7199    
    38.00   2.5556    
    39.00   2.4013    
    40.00   2.2566    
    41.00   2.1209    
    42.00   1.9937    
    43.00   1.8746    
    44.00   1.7631    
    45.00   1.6588    
    46.00   1.5612    
    47.00   1.4700    
    48.00   1.3847    
    49.00   1.3050    
    50.00   1.2305    
    51.00   1.1609    
    52.00   1.0958    
    53.00   1.0350    
    54.00  0.97815    
    55.00  0.92500    
    56.00  0.87531    
    57.00  0.82884    
    58.00  0.78537    
    59.00  0.74469    
    60.00  0.70663    
    61.00  0.67099    
    62.00  0.63761    
    63.00  0.60634    
    64.00  0.57703    
    65.00  0.54955    
    66.00  0.52377    
    67.00  0.49959    
    68.00  0.47688    
    69.00  0.45556    
    70.00  0.43553    
    71.00  0.41670    
    72.00  0.39900    
    73.00  0.38234    
    74.00  0.36667    
    75.00  0.35191    
    76.00  0.33802    
    77.00  0.32493    
    78.00  0.31259    
    79.00  0.30095    
    80.00  0.28998    
    81.00  0.27963    
    82.00  0.26986    
    83.00  0.26065    
    84.00  0.25194    
    85.00  0.24373    
    86.00  0.23597    
    87.00  0.22864    
    88.00  0.22172    
    89.00  0.21519    
    90.00  0.20901    
    91.00  0.20319    
    92.00  0.19769    
    93.00  0.19250    
    94.00  0.18761    
    95.00  0.18299    
    96.00  0.17864    
    97.00  0.17455    
    98.00  0.17070    
    99.00  0.16708    
   100.00  0.16368    
   101.00  0.16049    
   102.00  0.15751    
   103.00  0.15473    
   104.00  0.15213    
   105.00  0.14972    
   106.00  0.14748    
   107.00  0.14541    
   108.00  0.14351    
   109.00  0.14177    
   110.00  0.14018    
   111.00  0.13875    
   112.00  0.13746    
   113.00  0.13632    
   114.00  0.13532    
   115.00  0.13446    
   116.00  0.13373    
   117.00  0.13314    
   118.00  0.13268    
   119.00  0.13234    
   120.00  0.13214    
   121.00  0.13206    
   122.00  0.13209    
   123.00  0.13225    
   124.00  0.13253    
   125.00  0.13292    
   126.00  0.13343    
   127.00  0.13404    
   128.00  0.13476    
   129.00  0.13558    
   130.00  0.13650    
   131.00  0.13751    
   132.00  0.13861    
   133.00  0.13979    
   134.00  0.14105    
   135.00  0.14237    
   136.00  0.14376    
   137.00  0.14519    
   138.00  0.14666    
   139.00  0.14816    
   140.00  0.14968    
   141.00  0.15120    
   142.00  0.15271    
   143.00  0.15420    
   144.00  0.15565    
   145.00  0.15706    
   146.00  0.15839    
   147.00  0.15966    
   148.00  0.16083    
   149.00  0.16191    
   150.00  0.16290    
   151.00  0.16379    
   152.00  0.16458    
   153.00  0.16529    
   154.00  0.16594    
   155.00  0.16655    
   156.00  0.16716    
   157.00  0.16780    
   158.00  0.16854    
   159.00  0.16942    
   160.00  0.17053    
   161.00  0.17192    
   162.00  0.17367    
   163.00  0.17585    
   164.00  0.17853    
   165.00  0.18175    
   166.00  0.18555    
   167.00  0.18995    
   168.00  0.19492    
   169.00  0.20041    
   170.00  0.20634    
   171.00  0.21259    
   172.00  0.21901    
   173.00  0.22540    
   174.00  0.23157    
   175.00  0.23729    
   176.00  0.24234    
   177.00  0.24651    
   178.00  0.24963    
   179.00  0.25156    
   180.00  0.25221    
 |--------|------------|
0.498000     micron = Wavelength
 2.78142     = Extinction efficiency (Q)
 2.78142     = Scattering efficiency (Qs)
 0.00000     = Absorption efficiency (Qa)
 49.8242     = Lidar ratio
0.110755     micron^2 = <b> = Average surface area per particle
0.308057     microns^2 = Extinction cross section (C)
0.308057     microns^2 = Scattering cross section (Cs)
 0.00000     microns^2 = Absorption cross section (Ca)
 |----------------------------------------------------|
 | COMMENTAIRES:                                      |
 |----------------------------------------------------|
 |   -Cross section / <b> should = efficiency         |
 |    is independant of the normalisation of dN/dx    |
 |   -The integral of the phase fct / 4 pi over all   |
 |    directions (solid angle) = 1.                   |
 |   -The volume coefficient (k) is equal to C * N    |
 |      = cross section * Number density              |
 |      typical units: [um^2]*[particles/cm^3] =      |
 |      [10^-3 km-1]                                  |
 |      N = M/(d*4/3*pi*r^3) where d is the density   |
 |      of particle, M is the mass per unit volume    |
 |      and 4/3*pi*r^3 is the average volume  of a    |
 |      particle.                                     |
 |      typical units:  M -> [ug/m^3], d -> [g/cm^3]  |
 |                      r -> [um]                     |
 |      Lidar ratio= 4 pi Qe / phase_fct(180)*Qs      |
 |----------------------------------------------------|
