 |--------|------------|
 | ANGLE  |  PHASE FCT |
 |--------|------------|
     0.00   23.900    
     1.00   23.822    
     2.00   23.590    
     3.00   23.210    
     4.00   22.695    
     5.00   22.058    
     6.00   21.317    
     7.00   20.490    
     8.00   19.595    
     9.00   18.650    
    10.00   17.674    
    11.00   16.680    
    12.00   15.685    
    13.00   14.699    
    14.00   13.732    
    15.00   12.794    
    16.00   11.891    
    17.00   11.027    
    18.00   10.207    
    19.00   9.4312    
    20.00   8.7020    
    21.00   8.0194    
    22.00   7.3828    
    23.00   6.7912    
    24.00   6.2431    
    25.00   5.7366    
    26.00   5.2696    
    27.00   4.8400    
    28.00   4.4455    
    29.00   4.0836    
    30.00   3.7522    
    31.00   3.4489    
    32.00   3.1716    
    33.00   2.9183    
    34.00   2.6870    
    35.00   2.4758    
    36.00   2.2831    
    37.00   2.1072    
    38.00   1.9466    
    39.00   1.7999    
    40.00   1.6660    
    41.00   1.5437    
    42.00   1.4319    
    43.00   1.3296    
    44.00   1.2359    
    45.00   1.1502    
    46.00   1.0716    
    47.00  0.99948    
    48.00  0.93328    
    49.00  0.87244    
    50.00  0.81649    
    51.00  0.76497    
    52.00  0.71750    
    53.00  0.67370    
    54.00  0.63327    
    55.00  0.59590    
    56.00  0.56133    
    57.00  0.52931    
    58.00  0.49964    
    59.00  0.47210    
    60.00  0.44654    
    61.00  0.42277    
    62.00  0.40066    
    63.00  0.38008    
    64.00  0.36089    
    65.00  0.34299    
    66.00  0.32629    
    67.00  0.31069    
    68.00  0.29610    
    69.00  0.28245    
    70.00  0.26967    
    71.00  0.25770    
    72.00  0.24648    
    73.00  0.23595    
    74.00  0.22607    
    75.00  0.21679    
    76.00  0.20807    
    77.00  0.19988    
    78.00  0.19217    
    79.00  0.18492    
    80.00  0.17810    
    81.00  0.17167    
    82.00  0.16562    
    83.00  0.15992    
    84.00  0.15455    
    85.00  0.14948    
    86.00  0.14471    
    87.00  0.14022    
    88.00  0.13598    
    89.00  0.13198    
    90.00  0.12822    
    91.00  0.12467    
    92.00  0.12133    
    93.00  0.11819    
    94.00  0.11523    
    95.00  0.11245    
    96.00  0.10983    
    97.00  0.10738    
    98.00  0.10508    
    99.00  0.10292    
   100.00  0.10090    
   101.00  0.99020E-01
   102.00  0.97266E-01
   103.00  0.95637E-01
   104.00  0.94127E-01
   105.00  0.92733E-01
   106.00  0.91452E-01
   107.00  0.90279E-01
   108.00  0.89212E-01
   109.00  0.88249E-01
   110.00  0.87388E-01
   111.00  0.86625E-01
   112.00  0.85961E-01
   113.00  0.85393E-01
   114.00  0.84920E-01
   115.00  0.84542E-01
   116.00  0.84258E-01
   117.00  0.84068E-01
   118.00  0.83972E-01
   119.00  0.83969E-01
   120.00  0.84062E-01
   121.00  0.84249E-01
   122.00  0.84533E-01
   123.00  0.84914E-01
   124.00  0.85393E-01
   125.00  0.85973E-01
   126.00  0.86654E-01
   127.00  0.87438E-01
   128.00  0.88329E-01
   129.00  0.89327E-01
   130.00  0.90434E-01
   131.00  0.91653E-01
   132.00  0.92986E-01
   133.00  0.94434E-01
   134.00  0.95999E-01
   135.00  0.97683E-01
   136.00  0.99486E-01
   137.00  0.10141    
   138.00  0.10345    
   139.00  0.10561    
   140.00  0.10788    
   141.00  0.11027    
   142.00  0.11276    
   143.00  0.11534    
   144.00  0.11802    
   145.00  0.12077    
   146.00  0.12357    
   147.00  0.12641    
   148.00  0.12927    
   149.00  0.13211    
   150.00  0.13490    
   151.00  0.13760    
   152.00  0.14016    
   153.00  0.14255    
   154.00  0.14469    
   155.00  0.14654    
   156.00  0.14805    
   157.00  0.14914    
   158.00  0.14977    
   159.00  0.14989    
   160.00  0.14947    
   161.00  0.14851    
   162.00  0.14702    
   163.00  0.14504    
   164.00  0.14268    
   165.00  0.14004    
   166.00  0.13731    
   167.00  0.13469    
   168.00  0.13241    
   169.00  0.13069    
   170.00  0.12975    
   171.00  0.12975    
   172.00  0.13078    
   173.00  0.13281    
   174.00  0.13571    
   175.00  0.13921    
   176.00  0.14295    
   177.00  0.14649    
   178.00  0.14941    
   179.00  0.15133    
   180.00  0.15200    
 |--------|------------|
0.360000     micron = Wavelength
 2.95999     = Extinction efficiency (Q)
 2.95999     = Scattering efficiency (Qs)
 0.00000     = Absorption efficiency (Qa)
 82.6725     = Lidar ratio
0.126655     micron^2 = <b> = Average surface area per particle
0.374898     microns^2 = Extinction cross section (C)
0.374898     microns^2 = Scattering cross section (Cs)
 0.00000     microns^2 = Absorption cross section (Ca)
 |----------------------------------------------------|
 | COMMENTAIRES:                                      |
 |----------------------------------------------------|
 |   -Cross section / <b> should = efficiency         |
 |    is independant of the normalisation of dN/dx    |
 |   -The integral of the phase fct / 4 pi over all   |
 |    directions (solid angle) = 1.                   |
 |   -The volume coefficient (k) is equal to C * N    |
 |      = cross section * Number density              |
 |      typical units: [um^2]*[particles/cm^3] =      |
 |      [10^-3 km-1]                                  |
 |      N = M/(d*4/3*pi*r^3) where d is the density   |
 |      of particle, M is the mass per unit volume    |
 |      and 4/3*pi*r^3 is the average volume  of a    |
 |      particle.                                     |
 |      typical units:  M -> [ug/m^3], d -> [g/cm^3]  |
 |                      r -> [um]                     |
 |      Lidar ratio= 4 pi Qe / phase_fct(180)*Qs      |
 |----------------------------------------------------|
