 |--------|------------|
 | ANGLE  |  PHASE FCT |
 |--------|------------|
     0.00   12.374    
     1.00   12.355    
     2.00   12.298    
     3.00   12.205    
     4.00   12.076    
     5.00   11.914    
     6.00   11.720    
     7.00   11.496    
     8.00   11.246    
     9.00   10.973    
    10.00   10.678    
    11.00   10.366    
    12.00   10.039    
    13.00   9.7010    
    14.00   9.3537    
    15.00   9.0004    
    16.00   8.6436    
    17.00   8.2856    
    18.00   7.9286    
    19.00   7.5745    
    20.00   7.2252    
    21.00   6.8820    
    22.00   6.5463    
    23.00   6.2192    
    24.00   5.9016    
    25.00   5.5943    
    26.00   5.2977    
    27.00   5.0124    
    28.00   4.7386    
    29.00   4.4765    
    30.00   4.2260    
    31.00   3.9873    
    32.00   3.7601    
    33.00   3.5443    
    34.00   3.3397    
    35.00   3.1459    
    36.00   2.9626    
    37.00   2.7895    
    38.00   2.6261    
    39.00   2.4722    
    40.00   2.3272    
    41.00   2.1908    
    42.00   2.0626    
    43.00   1.9421    
    44.00   1.8290    
    45.00   1.7229    
    46.00   1.6233    
    47.00   1.5300    
    48.00   1.4425    
    49.00   1.3605    
    50.00   1.2837    
    51.00   1.2118    
    52.00   1.1444    
    53.00   1.0813    
    54.00   1.0223    
    55.00  0.96693    
    56.00  0.91513    
    57.00  0.86660    
    58.00  0.82116    
    59.00  0.77858    
    60.00  0.73868    
    61.00  0.70130    
    62.00  0.66625    
    63.00  0.63339    
    64.00  0.60257    
    65.00  0.57366    
    66.00  0.54652    
    67.00  0.52105    
    68.00  0.49713    
    69.00  0.47467    
    70.00  0.45355    
    71.00  0.43371    
    72.00  0.41504    
    73.00  0.39749    
    74.00  0.38097    
    75.00  0.36542    
    76.00  0.35078    
    77.00  0.33698    
    78.00  0.32398    
    79.00  0.31173    
    80.00  0.30018    
    81.00  0.28929    
    82.00  0.27901    
    83.00  0.26932    
    84.00  0.26017    
    85.00  0.25153    
    86.00  0.24338    
    87.00  0.23568    
    88.00  0.22842    
    89.00  0.22155    
    90.00  0.21508    
    91.00  0.20896    
    92.00  0.20319    
    93.00  0.19775    
    94.00  0.19261    
    95.00  0.18776    
    96.00  0.18320    
    97.00  0.17890    
    98.00  0.17485    
    99.00  0.17104    
   100.00  0.16747    
   101.00  0.16411    
   102.00  0.16097    
   103.00  0.15802    
   104.00  0.15527    
   105.00  0.15271    
   106.00  0.15033    
   107.00  0.14812    
   108.00  0.14608    
   109.00  0.14419    
   110.00  0.14247    
   111.00  0.14090    
   112.00  0.13947    
   113.00  0.13819    
   114.00  0.13705    
   115.00  0.13604    
   116.00  0.13517    
   117.00  0.13442    
   118.00  0.13380    
   119.00  0.13331    
   120.00  0.13293    
   121.00  0.13267    
   122.00  0.13252    
   123.00  0.13249    
   124.00  0.13256    
   125.00  0.13274    
   126.00  0.13302    
   127.00  0.13339    
   128.00  0.13386    
   129.00  0.13442    
   130.00  0.13507    
   131.00  0.13579    
   132.00  0.13659    
   133.00  0.13746    
   134.00  0.13839    
   135.00  0.13938    
   136.00  0.14041    
   137.00  0.14149    
   138.00  0.14259    
   139.00  0.14372    
   140.00  0.14486    
   141.00  0.14601    
   142.00  0.14714    
   143.00  0.14827    
   144.00  0.14936    
   145.00  0.15042    
   146.00  0.15144    
   147.00  0.15241    
   148.00  0.15333    
   149.00  0.15419    
   150.00  0.15499    
   151.00  0.15575    
   152.00  0.15646    
   153.00  0.15715    
   154.00  0.15783    
   155.00  0.15853    
   156.00  0.15927    
   157.00  0.16010    
   158.00  0.16105    
   159.00  0.16218    
   160.00  0.16353    
   161.00  0.16516    
   162.00  0.16711    
   163.00  0.16944    
   164.00  0.17218    
   165.00  0.17536    
   166.00  0.17900    
   167.00  0.18308    
   168.00  0.18759    
   169.00  0.19248    
   170.00  0.19766    
   171.00  0.20303    
   172.00  0.20846    
   173.00  0.21381    
   174.00  0.21892    
   175.00  0.22361    
   176.00  0.22773    
   177.00  0.23112    
   178.00  0.23364    
   179.00  0.23519    
   180.00  0.23572    
 |--------|------------|
0.530000     micron = Wavelength
 2.62816     = Extinction efficiency (Q)
 2.62816     = Scattering efficiency (Qs)
 0.00000     = Absorption efficiency (Qa)
 53.3112     = Lidar ratio
0.110755     micron^2 = <b> = Average surface area per particle
0.291082     microns^2 = Extinction cross section (C)
0.291082     microns^2 = Scattering cross section (Cs)
 0.00000     microns^2 = Absorption cross section (Ca)
 |----------------------------------------------------|
 | COMMENTAIRES:                                      |
 |----------------------------------------------------|
 |   -Cross section / <b> should = efficiency         |
 |    is independant of the normalisation of dN/dx    |
 |   -The integral of the phase fct / 4 pi over all   |
 |    directions (solid angle) = 1.                   |
 |   -The volume coefficient (k) is equal to C * N    |
 |      = cross section * Number density              |
 |      typical units: [um^2]*[particles/cm^3] =      |
 |      [10^-3 km-1]                                  |
 |      N = M/(d*4/3*pi*r^3) where d is the density   |
 |      of particle, M is the mass per unit volume    |
 |      and 4/3*pi*r^3 is the average volume  of a    |
 |      particle.                                     |
 |      typical units:  M -> [ug/m^3], d -> [g/cm^3]  |
 |                      r -> [um]                     |
 |      Lidar ratio= 4 pi Qe / phase_fct(180)*Qs      |
 |----------------------------------------------------|
