 |--------|------------|
 | ANGLE  |  PHASE FCT |
 |--------|------------|
     0.00   69.687    
     1.00   68.557    
     2.00   65.339    
     3.00   60.492    
     4.00   54.614    
     5.00   48.297    
     6.00   42.024    
     7.00   36.128    
     8.00   30.811    
     9.00   26.158    
    10.00   22.178    
    11.00   18.831    
    12.00   16.051    
    13.00   13.761    
    14.00   11.883    
    15.00   10.345    
    16.00   9.0832    
    17.00   8.0449    
    18.00   7.1843    
    19.00   6.4650    
    20.00   5.8580    
    21.00   5.3400    
    22.00   4.8929    
    23.00   4.5026    
    24.00   4.1583    
    25.00   3.8515    
    26.00   3.5755    
    27.00   3.3256    
    28.00   3.0976    
    29.00   2.8887    
    30.00   2.6963    
    31.00   2.5186    
    32.00   2.3541    
    33.00   2.2013    
    34.00   2.0594    
    35.00   1.9274    
    36.00   1.8044    
    37.00   1.6898    
    38.00   1.5831    
    39.00   1.4835    
    40.00   1.3907    
    41.00   1.3041    
    42.00   1.2234    
    43.00   1.1481    
    44.00   1.0778    
    45.00   1.0123    
    46.00  0.95119    
    47.00  0.89414    
    48.00  0.84091    
    49.00  0.79124    
    50.00  0.74486    
    51.00  0.70156    
    52.00  0.66113    
    53.00  0.62337    
    54.00  0.58809    
    55.00  0.55512    
    56.00  0.52431    
    57.00  0.49550    
    58.00  0.46856    
    59.00  0.44335    
    60.00  0.41977    
    61.00  0.39770    
    62.00  0.37703    
    63.00  0.35768    
    64.00  0.33955    
    65.00  0.32256    
    66.00  0.30665    
    67.00  0.29173    
    68.00  0.27774    
    69.00  0.26462    
    70.00  0.25232    
    71.00  0.24078    
    72.00  0.22995    
    73.00  0.21979    
    74.00  0.21026    
    75.00  0.20132    
    76.00  0.19293    
    77.00  0.18505    
    78.00  0.17767    
    79.00  0.17074    
    80.00  0.16423    
    81.00  0.15814    
    82.00  0.15242    
    83.00  0.14706    
    84.00  0.14204    
    85.00  0.13733    
    86.00  0.13293    
    87.00  0.12881    
    88.00  0.12495    
    89.00  0.12135    
    90.00  0.11799    
    91.00  0.11486    
    92.00  0.11194    
    93.00  0.10922    
    94.00  0.10670    
    95.00  0.10437    
    96.00  0.10221    
    97.00  0.10022    
    98.00  0.98388E-01
    99.00  0.96714E-01
   100.00  0.95190E-01
   101.00  0.93810E-01
   102.00  0.92571E-01
   103.00  0.91468E-01
   104.00  0.90499E-01
   105.00  0.89661E-01
   106.00  0.88951E-01
   107.00  0.88370E-01
   108.00  0.87916E-01
   109.00  0.87590E-01
   110.00  0.87390E-01
   111.00  0.87320E-01
   112.00  0.87380E-01
   113.00  0.87574E-01
   114.00  0.87903E-01
   115.00  0.88372E-01
   116.00  0.88984E-01
   117.00  0.89744E-01
   118.00  0.90657E-01
   119.00  0.91729E-01
   120.00  0.92964E-01
   121.00  0.94370E-01
   122.00  0.95951E-01
   123.00  0.97715E-01
   124.00  0.99669E-01
   125.00  0.10182    
   126.00  0.10417    
   127.00  0.10672    
   128.00  0.10949    
   129.00  0.11247    
   130.00  0.11566    
   131.00  0.11907    
   132.00  0.12269    
   133.00  0.12652    
   134.00  0.13055    
   135.00  0.13477    
   136.00  0.13917    
   137.00  0.14371    
   138.00  0.14840    
   139.00  0.15318    
   140.00  0.15804    
   141.00  0.16294    
   142.00  0.16784    
   143.00  0.17270    
   144.00  0.17748    
   145.00  0.18215    
   146.00  0.18667    
   147.00  0.19102    
   148.00  0.19518    
   149.00  0.19914    
   150.00  0.20294    
   151.00  0.20660    
   152.00  0.21020    
   153.00  0.21384    
   154.00  0.21765    
   155.00  0.22179    
   156.00  0.22644    
   157.00  0.23179    
   158.00  0.23803    
   159.00  0.24531    
   160.00  0.25369    
   161.00  0.26308    
   162.00  0.27319    
   163.00  0.28345    
   164.00  0.29295    
   165.00  0.30043    
   166.00  0.30439    
   167.00  0.30321    
   168.00  0.29554    
   169.00  0.28074    
   170.00  0.25944    
   171.00  0.23389    
   172.00  0.20813    
   173.00  0.18745    
   174.00  0.17729    
   175.00  0.18156    
   176.00  0.20088    
   177.00  0.23139    
   178.00  0.26492    
   179.00  0.29105    
   180.00  0.30093    
 |--------|------------|
0.569000     micron = Wavelength
 2.78935     = Extinction efficiency (Q)
 2.78935     = Scattering efficiency (Qs)
 0.00000     = Absorption efficiency (Qa)
 41.7587     = Lidar ratio
 1.56997     micron^2 = <b> = Average surface area per particle
 4.37920     microns^2 = Extinction cross section (C)
 4.37920     microns^2 = Scattering cross section (Cs)
0.115023E-14 microns^2 = Absorption cross section (Ca)
 |----------------------------------------------------|
 | COMMENTAIRES:                                      |
 |----------------------------------------------------|
 |   -Cross section / <b> should = efficiency         |
 |    is independant of the normalisation of dN/dx    |
 |   -The integral of the phase fct / 4 pi over all   |
 |    directions (solid angle) = 1.                   |
 |   -The volume coefficient (k) is equal to C * N    |
 |      = cross section * Number density              |
 |      typical units: [um^2]*[particles/cm^3] =      |
 |      [10^-3 km-1]                                  |
 |      N = M/(d*4/3*pi*r^3) where d is the density   |
 |      of particle, M is the mass per unit volume    |
 |      and 4/3*pi*r^3 is the average volume  of a    |
 |      particle.                                     |
 |      typical units:  M -> [ug/m^3], d -> [g/cm^3]  |
 |                      r -> [um]                     |
 |      Lidar ratio= 4 pi Qe / phase_fct(180)*Qs      |
 |----------------------------------------------------|
