 |--------|------------|
 | ANGLE  |  PHASE FCT |
 |--------|------------|
     0.00   69.662    
     1.00   68.541    
     2.00   65.347    
     3.00   60.533    
     4.00   54.693    
     5.00   48.411    
     6.00   42.166    
     7.00   36.292    
     8.00   30.988    
     9.00   26.340    
    10.00   22.359    
    11.00   19.007    
    12.00   16.218    
    13.00   13.916    
    14.00   12.025    
    15.00   10.473    
    16.00   9.1983    
    17.00   8.1463    
    18.00   7.2729    
    19.00   6.5416    
    20.00   5.9233    
    21.00   5.3949    
    22.00   4.9385    
    23.00   4.5398    
    24.00   4.1880    
    25.00   3.8745    
    26.00   3.5927    
    27.00   3.3376    
    28.00   3.1052    
    29.00   2.8924    
    30.00   2.6968    
    31.00   2.5163    
    32.00   2.3494    
    33.00   2.1947    
    34.00   2.0511    
    35.00   1.9178    
    36.00   1.7937    
    37.00   1.6783    
    38.00   1.5709    
    39.00   1.4709    
    40.00   1.3777    
    41.00   1.2910    
    42.00   1.2102    
    43.00   1.1348    
    44.00   1.0647    
    45.00  0.99931    
    46.00  0.93837    
    47.00  0.88156    
    48.00  0.82860    
    49.00  0.77921    
    50.00  0.73315    
    51.00  0.69017    
    52.00  0.65008    
    53.00  0.61266    
    54.00  0.57773    
    55.00  0.54511    
    56.00  0.51464    
    57.00  0.48618    
    58.00  0.45957    
    59.00  0.43470    
    60.00  0.41144    
    61.00  0.38968    
    62.00  0.36932    
    63.00  0.35026    
    64.00  0.33242    
    65.00  0.31571    
    66.00  0.30006    
    67.00  0.28539    
    68.00  0.27164    
    69.00  0.25876    
    70.00  0.24668    
    71.00  0.23536    
    72.00  0.22474    
    73.00  0.21477    
    74.00  0.20543    
    75.00  0.19667    
    76.00  0.18844    
    77.00  0.18073    
    78.00  0.17350    
    79.00  0.16671    
    80.00  0.16035    
    81.00  0.15439    
    82.00  0.14880    
    83.00  0.14356    
    84.00  0.13865    
    85.00  0.13406    
    86.00  0.12976    
    87.00  0.12575    
    88.00  0.12199    
    89.00  0.11848    
    90.00  0.11521    
    91.00  0.11216    
    92.00  0.10933    
    93.00  0.10669    
    94.00  0.10425    
    95.00  0.10199    
    96.00  0.99906E-01
    97.00  0.97987E-01
    98.00  0.96228E-01
    99.00  0.94622E-01
   100.00  0.93164E-01
   101.00  0.91850E-01
   102.00  0.90674E-01
   103.00  0.89633E-01
   104.00  0.88724E-01
   105.00  0.87945E-01
   106.00  0.87293E-01
   107.00  0.86768E-01
   108.00  0.86369E-01
   109.00  0.86096E-01
   110.00  0.85949E-01
   111.00  0.85928E-01
   112.00  0.86037E-01
   113.00  0.86278E-01
   114.00  0.86651E-01
   115.00  0.87162E-01
   116.00  0.87814E-01
   117.00  0.88611E-01
   118.00  0.89558E-01
   119.00  0.90659E-01
   120.00  0.91920E-01
   121.00  0.93347E-01
   122.00  0.94945E-01
   123.00  0.96719E-01
   124.00  0.98676E-01
   125.00  0.10082    
   126.00  0.10316    
   127.00  0.10569    
   128.00  0.10842    
   129.00  0.11136    
   130.00  0.11449    
   131.00  0.11783    
   132.00  0.12136    
   133.00  0.12508    
   134.00  0.12899    
   135.00  0.13306    
   136.00  0.13728    
   137.00  0.14163    
   138.00  0.14609    
   139.00  0.15062    
   140.00  0.15520    
   141.00  0.15979    
   142.00  0.16435    
   143.00  0.16885    
   144.00  0.17324    
   145.00  0.17750    
   146.00  0.18158    
   147.00  0.18548    
   148.00  0.18917    
   149.00  0.19266    
   150.00  0.19598    
   151.00  0.19917    
   152.00  0.20230    
   153.00  0.20548    
   154.00  0.20884    
   155.00  0.21253    
   156.00  0.21675    
   157.00  0.22167    
   158.00  0.22750    
   159.00  0.23437    
   160.00  0.24235    
   161.00  0.25137    
   162.00  0.26117    
   163.00  0.27122    
   164.00  0.28064    
   165.00  0.28825    
   166.00  0.29258    
   167.00  0.29204    
   168.00  0.28528    
   169.00  0.27160    
   170.00  0.25150    
   171.00  0.22708    
   172.00  0.20216    
   173.00  0.18188    
   174.00  0.17157    
   175.00  0.17513    
   176.00  0.19328    
   177.00  0.22237    
   178.00  0.25452    
   179.00  0.27965    
   180.00  0.28916    
 |--------|------------|
0.710000     micron = Wavelength
 2.80129     = Extinction efficiency (Q)
 2.80129     = Scattering efficiency (Qs)
 0.00000     = Absorption efficiency (Qa)
 43.4588     = Lidar ratio
 2.43683     micron^2 = <b> = Average surface area per particle
 6.82626     microns^2 = Extinction cross section (C)
 6.82626     microns^2 = Scattering cross section (Cs)
 0.00000     microns^2 = Absorption cross section (Ca)
 |----------------------------------------------------|
 | COMMENTAIRES:                                      |
 |----------------------------------------------------|
 |   -Cross section / <b> should = efficiency         |
 |    is independant of the normalisation of dN/dx    |
 |   -The integral of the phase fct / 4 pi over all   |
 |    directions (solid angle) = 1.                   |
 |   -The volume coefficient (k) is equal to C * N    |
 |      = cross section * Number density              |
 |      typical units: [um^2]*[particles/cm^3] =      |
 |      [10^-3 km-1]                                  |
 |      N = M/(d*4/3*pi*r^3) where d is the density   |
 |      of particle, M is the mass per unit volume    |
 |      and 4/3*pi*r^3 is the average volume  of a    |
 |      particle.                                     |
 |      typical units:  M -> [ug/m^3], d -> [g/cm^3]  |
 |                      r -> [um]                     |
 |      Lidar ratio= 4 pi Qe / phase_fct(180)*Qs      |
 |----------------------------------------------------|
