 |--------|------------|
 | ANGLE  |  PHASE FCT |
 |--------|------------|
     0.00   66.565    
     1.00   65.559    
     2.00   62.684    
     3.00   58.329    
     4.00   53.007    
     5.00   47.232    
     6.00   41.436    
     7.00   35.930    
     8.00   30.904    
     9.00   26.453    
    10.00   22.601    
    11.00   19.322    
    12.00   16.565    
    13.00   14.267    
    14.00   12.361    
    15.00   10.782    
    16.00   9.4753    
    17.00   8.3892    
    18.00   7.4818    
    19.00   6.7186    
    20.00   6.0714    
    21.00   5.5173    
    22.00   5.0384    
    23.00   4.6203    
    24.00   4.2521    
    25.00   3.9247    
    26.00   3.6314    
    27.00   3.3668    
    28.00   3.1265    
    29.00   2.9073    
    30.00   2.7064    
    31.00   2.5216    
    32.00   2.3513    
    33.00   2.1939    
    34.00   2.0482    
    35.00   1.9131    
    36.00   1.7878    
    37.00   1.6714    
    38.00   1.5633    
    39.00   1.4628    
    40.00   1.3693    
    41.00   1.2823    
    42.00   1.2014    
    43.00   1.1261    
    44.00   1.0560    
    45.00  0.99075    
    46.00  0.92997    
    47.00  0.87336    
    48.00  0.82062    
    49.00  0.77148    
    50.00  0.72567    
    51.00  0.68297    
    52.00  0.64315    
    53.00  0.60601    
    54.00  0.57135    
    55.00  0.53900    
    56.00  0.50880    
    57.00  0.48059    
    58.00  0.45424    
    59.00  0.42962    
    60.00  0.40660    
    61.00  0.38507    
    62.00  0.36494    
    63.00  0.34610    
    64.00  0.32846    
    65.00  0.31195    
    66.00  0.29649    
    67.00  0.28201    
    68.00  0.26844    
    69.00  0.25573    
    70.00  0.24381    
    71.00  0.23264    
    72.00  0.22216    
    73.00  0.21234    
    74.00  0.20312    
    75.00  0.19448    
    76.00  0.18638    
    77.00  0.17878    
    78.00  0.17165    
    79.00  0.16496    
    80.00  0.15869    
    81.00  0.15281    
    82.00  0.14730    
    83.00  0.14214    
    84.00  0.13730    
    85.00  0.13277    
    86.00  0.12854    
    87.00  0.12458    
    88.00  0.12087    
    89.00  0.11741    
    90.00  0.11419    
    91.00  0.11118    
    92.00  0.10838    
    93.00  0.10578    
    94.00  0.10337    
    95.00  0.10114    
    96.00  0.99076E-01
    97.00  0.97178E-01
    98.00  0.95439E-01
    99.00  0.93850E-01
   100.00  0.92407E-01
   101.00  0.91104E-01
   102.00  0.89938E-01
   103.00  0.88905E-01
   104.00  0.88002E-01
   105.00  0.87226E-01
   106.00  0.86576E-01
   107.00  0.86050E-01
   108.00  0.85647E-01
   109.00  0.85368E-01
   110.00  0.85211E-01
   111.00  0.85180E-01
   112.00  0.85273E-01
   113.00  0.85495E-01
   114.00  0.85846E-01
   115.00  0.86331E-01
   116.00  0.86951E-01
   117.00  0.87711E-01
   118.00  0.88615E-01
   119.00  0.89667E-01
   120.00  0.90873E-01
   121.00  0.92235E-01
   122.00  0.93761E-01
   123.00  0.95455E-01
   124.00  0.97321E-01
   125.00  0.99365E-01
   126.00  0.10159    
   127.00  0.10400    
   128.00  0.10659    
   129.00  0.10938    
   130.00  0.11235    
   131.00  0.11551    
   132.00  0.11885    
   133.00  0.12237    
   134.00  0.12606    
   135.00  0.12990    
   136.00  0.13388    
   137.00  0.13799    
   138.00  0.14219    
   139.00  0.14647    
   140.00  0.15080    
   141.00  0.15513    
   142.00  0.15946    
   143.00  0.16373    
   144.00  0.16791    
   145.00  0.17198    
   146.00  0.17592    
   147.00  0.17970    
   148.00  0.18331    
   149.00  0.18677    
   150.00  0.19010    
   151.00  0.19334    
   152.00  0.19656    
   153.00  0.19986    
   154.00  0.20336    
   155.00  0.20719    
   156.00  0.21152    
   157.00  0.21650    
   158.00  0.22229    
   159.00  0.22899    
   160.00  0.23662    
   161.00  0.24508    
   162.00  0.25407    
   163.00  0.26303    
   164.00  0.27113    
   165.00  0.27726    
   166.00  0.28007    
   167.00  0.27817    
   168.00  0.27042    
   169.00  0.25635    
   170.00  0.23659    
   171.00  0.21324    
   172.00  0.18991    
   173.00  0.17129    
   174.00  0.16214    
   175.00  0.16581    
   176.00  0.18271    
   177.00  0.20933    
   178.00  0.23848    
   179.00  0.26113    
   180.00  0.26967    
 |--------|------------|
0.730000     micron = Wavelength
 2.83603     = Extinction efficiency (Q)
 2.83603     = Scattering efficiency (Qs)
 0.00000     = Absorption efficiency (Qa)
 46.5989     = Lidar ratio
 2.43683     micron^2 = <b> = Average surface area per particle
 6.91092     microns^2 = Extinction cross section (C)
 6.91092     microns^2 = Scattering cross section (Cs)
 0.00000     microns^2 = Absorption cross section (Ca)
 |----------------------------------------------------|
 | COMMENTAIRES:                                      |
 |----------------------------------------------------|
 |   -Cross section / <b> should = efficiency         |
 |    is independant of the normalisation of dN/dx    |
 |   -The integral of the phase fct / 4 pi over all   |
 |    directions (solid angle) = 1.                   |
 |   -The volume coefficient (k) is equal to C * N    |
 |      = cross section * Number density              |
 |      typical units: [um^2]*[particles/cm^3] =      |
 |      [10^-3 km-1]                                  |
 |      N = M/(d*4/3*pi*r^3) where d is the density   |
 |      of particle, M is the mass per unit volume    |
 |      and 4/3*pi*r^3 is the average volume  of a    |
 |      particle.                                     |
 |      typical units:  M -> [ug/m^3], d -> [g/cm^3]  |
 |                      r -> [um]                     |
 |      Lidar ratio= 4 pi Qe / phase_fct(180)*Qs      |
 |----------------------------------------------------|
