 |--------|------------|
 | ANGLE  |  PHASE FCT |
 |--------|------------|
     0.00   19.157    
     1.00   19.112    
     2.00   18.979    
     3.00   18.760    
     4.00   18.460    
     5.00   18.084    
     6.00   17.641    
     7.00   17.136    
     8.00   16.580    
     9.00   15.981    
    10.00   15.347    
    11.00   14.688    
    12.00   14.011    
    13.00   13.324    
    14.00   12.635    
    15.00   11.949    
    16.00   11.272    
    17.00   10.609    
    18.00   9.9636    
    19.00   9.3388    
    20.00   8.7373    
    21.00   8.1611    
    22.00   7.6115    
    23.00   7.0893    
    24.00   6.5950    
    25.00   6.1286    
    26.00   5.6899    
    27.00   5.2783    
    28.00   4.8931    
    29.00   4.5334    
    30.00   4.1982    
    31.00   3.8864    
    32.00   3.5968    
    33.00   3.3282    
    34.00   3.0795    
    35.00   2.8494    
    36.00   2.6368    
    37.00   2.4404    
    38.00   2.2593    
    39.00   2.0923    
    40.00   1.9384    
    41.00   1.7966    
    42.00   1.6660    
    43.00   1.5457    
    44.00   1.4351    
    45.00   1.3332    
    46.00   1.2394    
    47.00   1.1531    
    48.00   1.0736    
    49.00   1.0005    
    50.00  0.93305    
    51.00  0.87095    
    52.00  0.81370    
    53.00  0.76090    
    54.00  0.71220    
    55.00  0.66725    
    56.00  0.62574    
    57.00  0.58738    
    58.00  0.55192    
    59.00  0.51911    
    60.00  0.48875    
    61.00  0.46062    
    62.00  0.43454    
    63.00  0.41036    
    64.00  0.38791    
    65.00  0.36706    
    66.00  0.34768    
    67.00  0.32965    
    68.00  0.31287    
    69.00  0.29724    
    70.00  0.28267    
    71.00  0.26908    
    72.00  0.25640    
    73.00  0.24456    
    74.00  0.23348    
    75.00  0.22313    
    76.00  0.21344    
    77.00  0.20437    
    78.00  0.19587    
    79.00  0.18790    
    80.00  0.18043    
    81.00  0.17342    
    82.00  0.16684    
    83.00  0.16065    
    84.00  0.15485    
    85.00  0.14939    
    86.00  0.14426    
    87.00  0.13943    
    88.00  0.13489    
    89.00  0.13062    
    90.00  0.12660    
    91.00  0.12282    
    92.00  0.11927    
    93.00  0.11592    
    94.00  0.11277    
    95.00  0.10981    
    96.00  0.10703    
    97.00  0.10442    
    98.00  0.10196    
    99.00  0.99661E-01
   100.00  0.97502E-01
   101.00  0.95480E-01
   102.00  0.93589E-01
   103.00  0.91822E-01
   104.00  0.90175E-01
   105.00  0.88642E-01
   106.00  0.87219E-01
   107.00  0.85902E-01
   108.00  0.84687E-01
   109.00  0.83569E-01
   110.00  0.82547E-01
   111.00  0.81616E-01
   112.00  0.80775E-01
   113.00  0.80021E-01
   114.00  0.79351E-01
   115.00  0.78763E-01
   116.00  0.78257E-01
   117.00  0.77830E-01
   118.00  0.77481E-01
   119.00  0.77208E-01
   120.00  0.77010E-01
   121.00  0.76887E-01
   122.00  0.76838E-01
   123.00  0.76861E-01
   124.00  0.76956E-01
   125.00  0.77122E-01
   126.00  0.77360E-01
   127.00  0.77667E-01
   128.00  0.78045E-01
   129.00  0.78490E-01
   130.00  0.79005E-01
   131.00  0.79587E-01
   132.00  0.80236E-01
   133.00  0.80950E-01
   134.00  0.81729E-01
   135.00  0.82571E-01
   136.00  0.83474E-01
   137.00  0.84435E-01
   138.00  0.85453E-01
   139.00  0.86524E-01
   140.00  0.87645E-01
   141.00  0.88812E-01
   142.00  0.90018E-01
   143.00  0.91260E-01
   144.00  0.92531E-01
   145.00  0.93823E-01
   146.00  0.95129E-01
   147.00  0.96440E-01
   148.00  0.97747E-01
   149.00  0.99038E-01
   150.00  0.10030    
   151.00  0.10153    
   152.00  0.10271    
   153.00  0.10383    
   154.00  0.10488    
   155.00  0.10585    
   156.00  0.10674    
   157.00  0.10753    
   158.00  0.10823    
   159.00  0.10883    
   160.00  0.10936    
   161.00  0.10982    
   162.00  0.11023    
   163.00  0.11062    
   164.00  0.11103    
   165.00  0.11149    
   166.00  0.11206    
   167.00  0.11277    
   168.00  0.11367    
   169.00  0.11478    
   170.00  0.11613    
   171.00  0.11772    
   172.00  0.11952    
   173.00  0.12148    
   174.00  0.12353    
   175.00  0.12556    
   176.00  0.12746    
   177.00  0.12910    
   178.00  0.13037    
   179.00  0.13117    
   180.00  0.13145    
 |--------|------------|
0.546000     micron = Wavelength
 2.31553     = Extinction efficiency (Q)
 2.31553     = Scattering efficiency (Qs)
 0.00000     = Absorption efficiency (Qa)
 95.5995     = Lidar ratio
0.180223     micron^2 = <b> = Average surface area per particle
0.417310     microns^2 = Extinction cross section (C)
0.417310     microns^2 = Scattering cross section (Cs)
-.132390E-15 microns^2 = Absorption cross section (Ca)
 |----------------------------------------------------|
 | COMMENTAIRES:                                      |
 |----------------------------------------------------|
 |   -Cross section / <b> should = efficiency         |
 |    is independant of the normalisation of dN/dx    |
 |   -The integral of the phase fct / 4 pi over all   |
 |    directions (solid angle) = 1.                   |
 |   -The volume coefficient (k) is equal to C * N    |
 |      = cross section * Number density              |
 |      typical units: [um^2]*[particles/cm^3] =      |
 |      [10^-3 km-1]                                  |
 |      N = M/(d*4/3*pi*r^3) where d is the density   |
 |      of particle, M is the mass per unit volume    |
 |      and 4/3*pi*r^3 is the average volume  of a    |
 |      particle.                                     |
 |      typical units:  M -> [ug/m^3], d -> [g/cm^3]  |
 |                      r -> [um]                     |
 |      Lidar ratio= 4 pi Qe / phase_fct(180)*Qs      |
 |----------------------------------------------------|
