 |--------|------------|
 | ANGLE  |  PHASE FCT |
 |--------|------------|
     0.00   54.012    
     1.00   53.395    
     2.00   51.616    
     3.00   48.861    
     4.00   45.396    
     5.00   41.502    
     6.00   37.436    
     7.00   33.407    
     8.00   29.568    
     9.00   26.015    
    10.00   22.802    
    11.00   19.947    
    12.00   17.443    
    13.00   15.270    
    14.00   13.396    
    15.00   11.789    
    16.00   10.414    
    17.00   9.2383    
    18.00   8.2324    
    19.00   7.3699    
    20.00   6.6277    
    21.00   5.9863    
    22.00   5.4293    
    23.00   4.9429    
    24.00   4.5156    
    25.00   4.1382    
    26.00   3.8029    
    27.00   3.5034    
    28.00   3.2344    
    29.00   2.9918    
    30.00   2.7720    
    31.00   2.5721    
    32.00   2.3897    
    33.00   2.2227    
    34.00   2.0695    
    35.00   1.9286    
    36.00   1.7988    
    37.00   1.6790    
    38.00   1.5683    
    39.00   1.4659    
    40.00   1.3711    
    41.00   1.2832    
    42.00   1.2016    
    43.00   1.1259    
    44.00   1.0556    
    45.00  0.99027    
    46.00  0.92953    
    47.00  0.87302    
    48.00  0.82043    
    49.00  0.77147    
    50.00  0.72587    
    51.00  0.68338    
    52.00  0.64379    
    53.00  0.60686    
    54.00  0.57242    
    55.00  0.54028    
    56.00  0.51028    
    57.00  0.48226    
    58.00  0.45609    
    59.00  0.43163    
    60.00  0.40877    
    61.00  0.38739    
    62.00  0.36740    
    63.00  0.34869    
    64.00  0.33117    
    65.00  0.31478    
    66.00  0.29942    
    67.00  0.28503    
    68.00  0.27154    
    69.00  0.25890    
    70.00  0.24705    
    71.00  0.23594    
    72.00  0.22552    
    73.00  0.21574    
    74.00  0.20656    
    75.00  0.19795    
    76.00  0.18987    
    77.00  0.18228    
    78.00  0.17516    
    79.00  0.16848    
    80.00  0.16221    
    81.00  0.15632    
    82.00  0.15079    
    83.00  0.14560    
    84.00  0.14073    
    85.00  0.13617    
    86.00  0.13188    
    87.00  0.12787    
    88.00  0.12410    
    89.00  0.12058    
    90.00  0.11728    
    91.00  0.11420    
    92.00  0.11132    
    93.00  0.10863    
    94.00  0.10612    
    95.00  0.10379    
    96.00  0.10163    
    97.00  0.99623E-01
    98.00  0.97769E-01
    99.00  0.96063E-01
   100.00  0.94497E-01
   101.00  0.93067E-01
   102.00  0.91769E-01
   103.00  0.90600E-01
   104.00  0.89555E-01
   105.00  0.88633E-01
   106.00  0.87831E-01
   107.00  0.87148E-01
   108.00  0.86581E-01
   109.00  0.86132E-01
   110.00  0.85798E-01
   111.00  0.85582E-01
   112.00  0.85482E-01
   113.00  0.85500E-01
   114.00  0.85638E-01
   115.00  0.85897E-01
   116.00  0.86279E-01
   117.00  0.86786E-01
   118.00  0.87423E-01
   119.00  0.88192E-01
   120.00  0.89095E-01
   121.00  0.90137E-01
   122.00  0.91321E-01
   123.00  0.92652E-01
   124.00  0.94134E-01
   125.00  0.95768E-01
   126.00  0.97560E-01
   127.00  0.99514E-01
   128.00  0.10163    
   129.00  0.10392    
   130.00  0.10637    
   131.00  0.10899    
   132.00  0.11178    
   133.00  0.11474    
   134.00  0.11786    
   135.00  0.12114    
   136.00  0.12459    
   137.00  0.12817    
   138.00  0.13190    
   139.00  0.13576    
   140.00  0.13973    
   141.00  0.14380    
   142.00  0.14796    
   143.00  0.15219    
   144.00  0.15647    
   145.00  0.16081    
   146.00  0.16517    
   147.00  0.16957    
   148.00  0.17400    
   149.00  0.17847    
   150.00  0.18298    
   151.00  0.18758    
   152.00  0.19229    
   153.00  0.19717    
   154.00  0.20225    
   155.00  0.20759    
   156.00  0.21324    
   157.00  0.21920    
   158.00  0.22548    
   159.00  0.23197    
   160.00  0.23851    
   161.00  0.24480    
   162.00  0.25042    
   163.00  0.25476    
   164.00  0.25710    
   165.00  0.25661    
   166.00  0.25251    
   167.00  0.24417    
   168.00  0.23138    
   169.00  0.21457    
   170.00  0.19498    
   171.00  0.17477    
   172.00  0.15682    
   173.00  0.14429    
   174.00  0.13989    
   175.00  0.14498    
   176.00  0.15885    
   177.00  0.17843    
   178.00  0.19868    
   179.00  0.21391    
   180.00  0.21956    
 |--------|------------|
0.510000     micron = Wavelength
 2.96204     = Extinction efficiency (Q)
 2.96204     = Scattering efficiency (Qs)
 0.00000     = Absorption efficiency (Qa)
 57.2331     = Lidar ratio
0.917852     micron^2 = <b> = Average surface area per particle
 2.71871     microns^2 = Extinction cross section (C)
 2.71871     microns^2 = Scattering cross section (Cs)
 0.00000     microns^2 = Absorption cross section (Ca)
 |----------------------------------------------------|
 | COMMENTAIRES:                                      |
 |----------------------------------------------------|
 |   -Cross section / <b> should = efficiency         |
 |    is independant of the normalisation of dN/dx    |
 |   -The integral of the phase fct / 4 pi over all   |
 |    directions (solid angle) = 1.                   |
 |   -The volume coefficient (k) is equal to C * N    |
 |      = cross section * Number density              |
 |      typical units: [um^2]*[particles/cm^3] =      |
 |      [10^-3 km-1]                                  |
 |      N = M/(d*4/3*pi*r^3) where d is the density   |
 |      of particle, M is the mass per unit volume    |
 |      and 4/3*pi*r^3 is the average volume  of a    |
 |      particle.                                     |
 |      typical units:  M -> [ug/m^3], d -> [g/cm^3]  |
 |                      r -> [um]                     |
 |      Lidar ratio= 4 pi Qe / phase_fct(180)*Qs      |
 |----------------------------------------------------|
