 |--------|------------|
 | ANGLE  |  PHASE FCT |
 |--------|------------|
     0.00   26.227    
     1.00   26.135    
     2.00   25.862    
     3.00   25.418    
     4.00   24.815    
     5.00   24.071    
     6.00   23.208    
     7.00   22.247    
     8.00   21.211    
     9.00   20.122    
    10.00   19.000    
    11.00   17.864    
    12.00   16.730    
    13.00   15.613    
    14.00   14.523    
    15.00   13.470    
    16.00   12.461    
    17.00   11.501    
    18.00   10.594    
    19.00   9.7417    
    20.00   8.9444    
    21.00   8.2020    
    22.00   7.5136    
    23.00   6.8772    
    24.00   6.2909    
    25.00   5.7520    
    26.00   5.2580    
    27.00   4.8059    
    28.00   4.3930    
    29.00   4.0163    
    30.00   3.6732    
    31.00   3.3608    
    32.00   3.0767    
    33.00   2.8186    
    34.00   2.5840    
    35.00   2.3709    
    36.00   2.1774    
    37.00   2.0016    
    38.00   1.8419    
    39.00   1.6968    
    40.00   1.5648    
    41.00   1.4448    
    42.00   1.3355    
    43.00   1.2360    
    44.00   1.1453    
    45.00   1.0625    
    46.00  0.98694    
    47.00  0.91788    
    48.00  0.85470    
    49.00  0.79685    
    50.00  0.74381    
    51.00  0.69515    
    52.00  0.65044    
    53.00  0.60933    
    54.00  0.57149    
    55.00  0.53662    
    56.00  0.50444    
    57.00  0.47473    
    58.00  0.44726    
    59.00  0.42184    
    60.00  0.39829    
    61.00  0.37646    
    62.00  0.35619    
    63.00  0.33736    
    64.00  0.31985    
    65.00  0.30355    
    66.00  0.28837    
    67.00  0.27422    
    68.00  0.26101    
    69.00  0.24868    
    70.00  0.23716    
    71.00  0.22638    
    72.00  0.21630    
    73.00  0.20685    
    74.00  0.19801    
    75.00  0.18971    
    76.00  0.18193    
    77.00  0.17463    
    78.00  0.16778    
    79.00  0.16134    
    80.00  0.15529    
    81.00  0.14960    
    82.00  0.14425    
    83.00  0.13922    
    84.00  0.13449    
    85.00  0.13003    
    86.00  0.12584    
    87.00  0.12190    
    88.00  0.11818    
    89.00  0.11469    
    90.00  0.11140    
    91.00  0.10831    
    92.00  0.10540    
    93.00  0.10266    
    94.00  0.10009    
    95.00  0.97679E-01
    96.00  0.95413E-01
    97.00  0.93289E-01
    98.00  0.91300E-01
    99.00  0.89439E-01
   100.00  0.87702E-01
   101.00  0.86081E-01
   102.00  0.84574E-01
   103.00  0.83175E-01
   104.00  0.81881E-01
   105.00  0.80687E-01
   106.00  0.79590E-01
   107.00  0.78587E-01
   108.00  0.77676E-01
   109.00  0.76854E-01
   110.00  0.76118E-01
   111.00  0.75467E-01
   112.00  0.74899E-01
   113.00  0.74413E-01
   114.00  0.74008E-01
   115.00  0.73681E-01
   116.00  0.73433E-01
   117.00  0.73263E-01
   118.00  0.73170E-01
   119.00  0.73154E-01
   120.00  0.73216E-01
   121.00  0.73354E-01
   122.00  0.73570E-01
   123.00  0.73864E-01
   124.00  0.74236E-01
   125.00  0.74686E-01
   126.00  0.75217E-01
   127.00  0.75828E-01
   128.00  0.76519E-01
   129.00  0.77294E-01
   130.00  0.78151E-01
   131.00  0.79092E-01
   132.00  0.80119E-01
   133.00  0.81231E-01
   134.00  0.82429E-01
   135.00  0.83713E-01
   136.00  0.85084E-01
   137.00  0.86542E-01
   138.00  0.88085E-01
   139.00  0.89713E-01
   140.00  0.91422E-01
   141.00  0.93211E-01
   142.00  0.95074E-01
   143.00  0.97008E-01
   144.00  0.99004E-01
   145.00  0.10105    
   146.00  0.10315    
   147.00  0.10527    
   148.00  0.10741    
   149.00  0.10954    
   150.00  0.11165    
   151.00  0.11371    
   152.00  0.11568    
   153.00  0.11753    
   154.00  0.11923    
   155.00  0.12073    
   156.00  0.12200    
   157.00  0.12297    
   158.00  0.12362    
   159.00  0.12390    
   160.00  0.12377    
   161.00  0.12322    
   162.00  0.12223    
   163.00  0.12083    
   164.00  0.11906    
   165.00  0.11700    
   166.00  0.11476    
   167.00  0.11250    
   168.00  0.11038    
   169.00  0.10861    
   170.00  0.10738    
   171.00  0.10685    
   172.00  0.10714    
   173.00  0.10827    
   174.00  0.11017    
   175.00  0.11265    
   176.00  0.11543    
   177.00  0.11815    
   178.00  0.12043    
   179.00  0.12196    
   180.00  0.12249    
 |--------|------------|
0.650000     micron = Wavelength
 2.84352     = Extinction efficiency (Q)
 2.84352     = Scattering efficiency (Qs)
 0.00000     = Absorption efficiency (Qa)
 102.588     = Lidar ratio
0.437501     micron^2 = <b> = Average surface area per particle
 1.24404     microns^2 = Extinction cross section (C)
 1.24404     microns^2 = Scattering cross section (Cs)
 0.00000     microns^2 = Absorption cross section (Ca)
 |----------------------------------------------------|
 | COMMENTAIRES:                                      |
 |----------------------------------------------------|
 |   -Cross section / <b> should = efficiency         |
 |    is independant of the normalisation of dN/dx    |
 |   -The integral of the phase fct / 4 pi over all   |
 |    directions (solid angle) = 1.                   |
 |   -The volume coefficient (k) is equal to C * N    |
 |      = cross section * Number density              |
 |      typical units: [um^2]*[particles/cm^3] =      |
 |      [10^-3 km-1]                                  |
 |      N = M/(d*4/3*pi*r^3) where d is the density   |
 |      of particle, M is the mass per unit volume    |
 |      and 4/3*pi*r^3 is the average volume  of a    |
 |      particle.                                     |
 |      typical units:  M -> [ug/m^3], d -> [g/cm^3]  |
 |                      r -> [um]                     |
 |      Lidar ratio= 4 pi Qe / phase_fct(180)*Qs      |
 |----------------------------------------------------|
