 |--------|------------|
 | ANGLE  |  PHASE FCT |
 |--------|------------|
     0.00   15.984    
     1.00   15.954    
     2.00   15.865    
     3.00   15.718    
     4.00   15.515    
     5.00   15.261    
     6.00   14.958    
     7.00   14.610    
     8.00   14.224    
     9.00   13.803    
    10.00   13.354    
    11.00   12.881    
    12.00   12.390    
    13.00   11.885    
    14.00   11.372    
    15.00   10.855    
    16.00   10.337    
    17.00   9.8234    
    18.00   9.3161    
    19.00   8.8184    
    20.00   8.3325    
    21.00   7.8604    
    22.00   7.4037    
    23.00   6.9638    
    24.00   6.5415    
    25.00   6.1376    
    26.00   5.7523    
    27.00   5.3859    
    28.00   5.0384    
    29.00   4.7096    
    30.00   4.3992    
    31.00   4.1068    
    32.00   3.8317    
    33.00   3.5735    
    34.00   3.3315    
    35.00   3.1049    
    36.00   2.8931    
    37.00   2.6954    
    38.00   2.5109    
    39.00   2.3390    
    40.00   2.1790    
    41.00   2.0301    
    42.00   1.8917    
    43.00   1.7630    
    44.00   1.6436    
    45.00   1.5327    
    46.00   1.4298    
    47.00   1.3343    
    48.00   1.2457    
    49.00   1.1636    
    50.00   1.0875    
    51.00   1.0169    
    52.00  0.95143    
    53.00  0.89074    
    54.00  0.83446    
    55.00  0.78227    
    56.00  0.73385    
    57.00  0.68894    
    58.00  0.64726    
    59.00  0.60856    
    60.00  0.57264    
    61.00  0.53927    
    62.00  0.50827    
    63.00  0.47944    
    64.00  0.45265    
    65.00  0.42771    
    66.00  0.40451    
    67.00  0.38290    
    68.00  0.36278    
    69.00  0.34402    
    70.00  0.32652    
    71.00  0.31021    
    72.00  0.29497    
    73.00  0.28075    
    74.00  0.26746    
    75.00  0.25503    
    76.00  0.24341    
    77.00  0.23254    
    78.00  0.22236    
    79.00  0.21282    
    80.00  0.20389    
    81.00  0.19551    
    82.00  0.18766    
    83.00  0.18028    
    84.00  0.17336    
    85.00  0.16687    
    86.00  0.16077    
    87.00  0.15503    
    88.00  0.14965    
    89.00  0.14458    
    90.00  0.13982    
    91.00  0.13534    
    92.00  0.13113    
    93.00  0.12717    
    94.00  0.12344    
    95.00  0.11994    
    96.00  0.11665    
    97.00  0.11355    
    98.00  0.11064    
    99.00  0.10791    
   100.00  0.10535    
   101.00  0.10294    
   102.00  0.10068    
   103.00  0.98571E-01
   104.00  0.96594E-01
   105.00  0.94747E-01
   106.00  0.93023E-01
   107.00  0.91419E-01
   108.00  0.89928E-01
   109.00  0.88545E-01
   110.00  0.87267E-01
   111.00  0.86089E-01
   112.00  0.85008E-01
   113.00  0.84021E-01
   114.00  0.83124E-01
   115.00  0.82314E-01
   116.00  0.81589E-01
   117.00  0.80947E-01
   118.00  0.80384E-01
   119.00  0.79900E-01
   120.00  0.79491E-01
   121.00  0.79157E-01
   122.00  0.78895E-01
   123.00  0.78705E-01
   124.00  0.78585E-01
   125.00  0.78532E-01
   126.00  0.78547E-01
   127.00  0.78628E-01
   128.00  0.78773E-01
   129.00  0.78982E-01
   130.00  0.79253E-01
   131.00  0.79585E-01
   132.00  0.79976E-01
   133.00  0.80426E-01
   134.00  0.80932E-01
   135.00  0.81494E-01
   136.00  0.82109E-01
   137.00  0.82776E-01
   138.00  0.83493E-01
   139.00  0.84257E-01
   140.00  0.85065E-01
   141.00  0.85917E-01
   142.00  0.86807E-01
   143.00  0.87734E-01
   144.00  0.88693E-01
   145.00  0.89682E-01
   146.00  0.90697E-01
   147.00  0.91733E-01
   148.00  0.92787E-01
   149.00  0.93855E-01
   150.00  0.94933E-01
   151.00  0.96016E-01
   152.00  0.97103E-01
   153.00  0.98190E-01
   154.00  0.99275E-01
   155.00  0.10036    
   156.00  0.10144    
   157.00  0.10252    
   158.00  0.10360    
   159.00  0.10469    
   160.00  0.10579    
   161.00  0.10691    
   162.00  0.10807    
   163.00  0.10927    
   164.00  0.11054    
   165.00  0.11187    
   166.00  0.11328    
   167.00  0.11477    
   168.00  0.11636    
   169.00  0.11804    
   170.00  0.11980    
   171.00  0.12161    
   172.00  0.12344    
   173.00  0.12526    
   174.00  0.12701    
   175.00  0.12864    
   176.00  0.13009    
   177.00  0.13129    
   178.00  0.13219    
   179.00  0.13274    
   180.00  0.13293    
 |--------|------------|
0.640000     micron = Wavelength
 1.87987     = Extinction efficiency (Q)
 1.87987     = Scattering efficiency (Qs)
 0.00000     = Absorption efficiency (Qa)
 94.5319     = Lidar ratio
0.180223     micron^2 = <b> = Average surface area per particle
0.338796     microns^2 = Extinction cross section (C)
0.338796     microns^2 = Scattering cross section (Cs)
 0.00000     microns^2 = Absorption cross section (Ca)
 |----------------------------------------------------|
 | COMMENTAIRES:                                      |
 |----------------------------------------------------|
 |   -Cross section / <b> should = efficiency         |
 |    is independant of the normalisation of dN/dx    |
 |   -The integral of the phase fct / 4 pi over all   |
 |    directions (solid angle) = 1.                   |
 |   -The volume coefficient (k) is equal to C * N    |
 |      = cross section * Number density              |
 |      typical units: [um^2]*[particles/cm^3] =      |
 |      [10^-3 km-1]                                  |
 |      N = M/(d*4/3*pi*r^3) where d is the density   |
 |      of particle, M is the mass per unit volume    |
 |      and 4/3*pi*r^3 is the average volume  of a    |
 |      particle.                                     |
 |      typical units:  M -> [ug/m^3], d -> [g/cm^3]  |
 |                      r -> [um]                     |
 |      Lidar ratio= 4 pi Qe / phase_fct(180)*Qs      |
 |----------------------------------------------------|
