 |--------|------------|
 | ANGLE  |  PHASE FCT |
 |--------|------------|
     0.00   63.888    
     1.00   62.969    
     2.00   60.337    
     3.00   56.334    
     4.00   51.414    
     5.00   46.039    
     6.00   40.604    
     7.00   35.399    
     8.00   30.610    
     9.00   26.334    
    10.00   22.602    
    11.00   19.401    
    12.00   16.689    
    13.00   14.412    
    14.00   12.510    
    15.00   10.926    
    16.00   9.6070    
    17.00   8.5059    
    18.00   7.5828    
    19.00   6.8043    
    20.00   6.1429    
    21.00   5.5764    
    22.00   5.0868    
    23.00   4.6598    
    24.00   4.2841    
    25.00   3.9508    
    26.00   3.6527    
    27.00   3.3842    
    28.00   3.1411    
    29.00   2.9196    
    30.00   2.7171    
    31.00   2.5311    
    32.00   2.3598    
    33.00   2.2018    
    34.00   2.0556    
    35.00   1.9202    
    36.00   1.7946    
    37.00   1.6781    
    38.00   1.5699    
    39.00   1.4692    
    40.00   1.3757    
    41.00   1.2886    
    42.00   1.2076    
    43.00   1.1323    
    44.00   1.0621    
    45.00  0.99675    
    46.00  0.93588    
    47.00  0.87917    
    48.00  0.82633    
    49.00  0.77707    
    50.00  0.73115    
    51.00  0.68832    
    52.00  0.64838    
    53.00  0.61111    
    54.00  0.57632    
    55.00  0.54385    
    56.00  0.51352    
    57.00  0.48518    
    58.00  0.45870    
    59.00  0.43395    
    60.00  0.41081    
    61.00  0.38917    
    62.00  0.36892    
    63.00  0.34996    
    64.00  0.33222    
    65.00  0.31561    
    66.00  0.30005    
    67.00  0.28546    
    68.00  0.27180    
    69.00  0.25900    
    70.00  0.24699    
    71.00  0.23573    
    72.00  0.22517    
    73.00  0.21527    
    74.00  0.20598    
    75.00  0.19726    
    76.00  0.18909    
    77.00  0.18142    
    78.00  0.17422    
    79.00  0.16747    
    80.00  0.16114    
    81.00  0.15520    
    82.00  0.14963    
    83.00  0.14441    
    84.00  0.13952    
    85.00  0.13494    
    86.00  0.13064    
    87.00  0.12663    
    88.00  0.12287    
    89.00  0.11936    
    90.00  0.11608    
    91.00  0.11302    
    92.00  0.11017    
    93.00  0.10752    
    94.00  0.10505    
    95.00  0.10277    
    96.00  0.10065    
    97.00  0.98705E-01
    98.00  0.96914E-01
    99.00  0.95273E-01
   100.00  0.93777E-01
   101.00  0.92421E-01
   102.00  0.91203E-01
   103.00  0.90116E-01
   104.00  0.89159E-01
   105.00  0.88330E-01
   106.00  0.87625E-01
   107.00  0.87044E-01
   108.00  0.86586E-01
   109.00  0.86251E-01
   110.00  0.86038E-01
   111.00  0.85949E-01
   112.00  0.85984E-01
   113.00  0.86147E-01
   114.00  0.86438E-01
   115.00  0.86861E-01
   116.00  0.87418E-01
   117.00  0.88114E-01
   118.00  0.88952E-01
   119.00  0.89937E-01
   120.00  0.91073E-01
   121.00  0.92364E-01
   122.00  0.93817E-01
   123.00  0.95436E-01
   124.00  0.97226E-01
   125.00  0.99191E-01
   126.00  0.10134    
   127.00  0.10366    
   128.00  0.10618    
   129.00  0.10888    
   130.00  0.11178    
   131.00  0.11486    
   132.00  0.11813    
   133.00  0.12158    
   134.00  0.12521    
   135.00  0.12901    
   136.00  0.13295    
   137.00  0.13704    
   138.00  0.14124    
   139.00  0.14554    
   140.00  0.14991    
   141.00  0.15433    
   142.00  0.15876    
   143.00  0.16318    
   144.00  0.16756    
   145.00  0.17186    
   146.00  0.17608    
   147.00  0.18018    
   148.00  0.18416    
   149.00  0.18804    
   150.00  0.19183    
   151.00  0.19556    
   152.00  0.19931    
   153.00  0.20315    
   154.00  0.20720    
   155.00  0.21157    
   156.00  0.21641    
   157.00  0.22184    
   158.00  0.22798    
   159.00  0.23490    
   160.00  0.24258    
   161.00  0.25084    
   162.00  0.25935    
   163.00  0.26751    
   164.00  0.27448    
   165.00  0.27915    
   166.00  0.28026    
   167.00  0.27658    
   168.00  0.26716    
   169.00  0.25177    
   170.00  0.23126    
   171.00  0.20787    
   172.00  0.18517    
   173.00  0.16762    
   174.00  0.15959    
   175.00  0.16396    
   176.00  0.18082    
   177.00  0.20660    
   178.00  0.23443    
   179.00  0.25588    
   180.00  0.26395    
 |--------|------------|
0.600000     micron = Wavelength
 2.85538     = Extinction efficiency (Q)
 2.85538     = Scattering efficiency (Qs)
 0.00000     = Absorption efficiency (Qa)
 47.6091     = Lidar ratio
 1.56997     micron^2 = <b> = Average surface area per particle
 4.48287     microns^2 = Extinction cross section (C)
 4.48287     microns^2 = Scattering cross section (Cs)
0.127898E-14 microns^2 = Absorption cross section (Ca)
 |----------------------------------------------------|
 | COMMENTAIRES:                                      |
 |----------------------------------------------------|
 |   -Cross section / <b> should = efficiency         |
 |    is independant of the normalisation of dN/dx    |
 |   -The integral of the phase fct / 4 pi over all   |
 |    directions (solid angle) = 1.                   |
 |   -The volume coefficient (k) is equal to C * N    |
 |      = cross section * Number density              |
 |      typical units: [um^2]*[particles/cm^3] =      |
 |      [10^-3 km-1]                                  |
 |      N = M/(d*4/3*pi*r^3) where d is the density   |
 |      of particle, M is the mass per unit volume    |
 |      and 4/3*pi*r^3 is the average volume  of a    |
 |      particle.                                     |
 |      typical units:  M -> [ug/m^3], d -> [g/cm^3]  |
 |                      r -> [um]                     |
 |      Lidar ratio= 4 pi Qe / phase_fct(180)*Qs      |
 |----------------------------------------------------|
