 |--------|------------|
 | ANGLE  |  PHASE FCT |
 |--------|------------|
     0.00   19.018    
     1.00   18.958    
     2.00   18.781    
     3.00   18.491    
     4.00   18.099    
     5.00   17.615    
     6.00   17.051    
     7.00   16.423    
     8.00   15.743    
     9.00   15.027    
    10.00   14.287    
    11.00   13.535    
    12.00   12.782    
    13.00   12.036    
    14.00   11.304    
    15.00   10.594    
    16.00   9.9091    
    17.00   9.2533    
    18.00   8.6290    
    19.00   8.0377    
    20.00   7.4801    
    21.00   6.9564    
    22.00   6.4662    
    23.00   6.0087    
    24.00   5.5828    
    25.00   5.1872    
    26.00   4.8204    
    27.00   4.4807    
    28.00   4.1667    
    29.00   3.8766    
    30.00   3.6088    
    31.00   3.3617    
    32.00   3.1339    
    33.00   2.9237    
    34.00   2.7299    
    35.00   2.5512    
    36.00   2.3863    
    37.00   2.2341    
    38.00   2.0936    
    39.00   1.9637    
    40.00   1.8437    
    41.00   1.7326    
    42.00   1.6298    
    43.00   1.5345    
    44.00   1.4461    
    45.00   1.3641    
    46.00   1.2878    
    47.00   1.2169    
    48.00   1.1510    
    49.00   1.0895    
    50.00   1.0321    
    51.00  0.97863    
    52.00  0.92864    
    53.00  0.88189    
    54.00  0.83813    
    55.00  0.79715    
    56.00  0.75872    
    57.00  0.72267    
    58.00  0.68882    
    59.00  0.65701    
    60.00  0.62710    
    61.00  0.59895    
    62.00  0.57244    
    63.00  0.54746    
    64.00  0.52391    
    65.00  0.50169    
    66.00  0.48071    
    67.00  0.46090    
    68.00  0.44218    
    69.00  0.42448    
    70.00  0.40774    
    71.00  0.39190    
    72.00  0.37690    
    73.00  0.36270    
    74.00  0.34924    
    75.00  0.33649    
    76.00  0.32440    
    77.00  0.31294    
    78.00  0.30207    
    79.00  0.29176    
    80.00  0.28197    
    81.00  0.27269    
    82.00  0.26388    
    83.00  0.25551    
    84.00  0.24758    
    85.00  0.24004    
    86.00  0.23289    
    87.00  0.22611    
    88.00  0.21967    
    89.00  0.21356    
    90.00  0.20777    
    91.00  0.20228    
    92.00  0.19708    
    93.00  0.19215    
    94.00  0.18749    
    95.00  0.18308    
    96.00  0.17891    
    97.00  0.17498    
    98.00  0.17127    
    99.00  0.16778    
   100.00  0.16450    
   101.00  0.16142    
   102.00  0.15854    
   103.00  0.15586    
   104.00  0.15336    
   105.00  0.15104    
   106.00  0.14890    
   107.00  0.14695    
   108.00  0.14516    
   109.00  0.14354    
   110.00  0.14210    
   111.00  0.14083    
   112.00  0.13972    
   113.00  0.13879    
   114.00  0.13802    
   115.00  0.13743    
   116.00  0.13701    
   117.00  0.13676    
   118.00  0.13670    
   119.00  0.13681    
   120.00  0.13712    
   121.00  0.13762    
   122.00  0.13831    
   123.00  0.13921    
   124.00  0.14032    
   125.00  0.14165    
   126.00  0.14321    
   127.00  0.14500    
   128.00  0.14703    
   129.00  0.14931    
   130.00  0.15186    
   131.00  0.15467    
   132.00  0.15776    
   133.00  0.16113    
   134.00  0.16479    
   135.00  0.16875    
   136.00  0.17300    
   137.00  0.17755    
   138.00  0.18240    
   139.00  0.18753    
   140.00  0.19293    
   141.00  0.19859    
   142.00  0.20448    
   143.00  0.21057    
   144.00  0.21681    
   145.00  0.22315    
   146.00  0.22954    
   147.00  0.23589    
   148.00  0.24213    
   149.00  0.24817    
   150.00  0.25391    
   151.00  0.25924    
   152.00  0.26407    
   153.00  0.26828    
   154.00  0.27181    
   155.00  0.27458    
   156.00  0.27655    
   157.00  0.27773    
   158.00  0.27817    
   159.00  0.27799    
   160.00  0.27737    
   161.00  0.27656    
   162.00  0.27588    
   163.00  0.27574    
   164.00  0.27658    
   165.00  0.27887    
   166.00  0.28308    
   167.00  0.28963    
   168.00  0.29887    
   169.00  0.31101    
   170.00  0.32606    
   171.00  0.34383    
   172.00  0.36388    
   173.00  0.38551    
   174.00  0.40781    
   175.00  0.42967    
   176.00  0.44986    
   177.00  0.46717    
   178.00  0.48046    
   179.00  0.48884    
   180.00  0.49170    
 |--------|------------|
0.340000     micron = Wavelength
 3.29041     = Extinction efficiency (Q)
 3.29038     = Scattering efficiency (Qs)
0.236034E-04 = Absorption efficiency (Qa)
 25.5574     = Lidar ratio
0.110755     micron^2 = <b> = Average surface area per particle
0.364430     microns^2 = Extinction cross section (C)
0.364427     microns^2 = Scattering cross section (Cs)
0.262592E-05 microns^2 = Absorption cross section (Ca)
 |----------------------------------------------------|
 | COMMENTAIRES:                                      |
 |----------------------------------------------------|
 |   -Cross section / <b> should = efficiency         |
 |    is independant of the normalisation of dN/dx    |
 |   -The integral of the phase fct / 4 pi over all   |
 |    directions (solid angle) = 1.                   |
 |   -The volume coefficient (k) is equal to C * N    |
 |      = cross section * Number density              |
 |      typical units: [um^2]*[particles/cm^3] =      |
 |      [10^-3 km-1]                                  |
 |      N = M/(d*4/3*pi*r^3) where d is the density   |
 |      of particle, M is the mass per unit volume    |
 |      and 4/3*pi*r^3 is the average volume  of a    |
 |      particle.                                     |
 |      typical units:  M -> [ug/m^3], d -> [g/cm^3]  |
 |                      r -> [um]                     |
 |      Lidar ratio= 4 pi Qe / phase_fct(180)*Qs      |
 |----------------------------------------------------|
