 |--------|------------|
 | ANGLE  |  PHASE FCT |
 |--------|------------|
     0.00   69.118    
     1.00   67.993    
     2.00   64.790    
     3.00   59.964    
     4.00   54.111    
     5.00   47.821    
     6.00   41.574    
     7.00   35.705    
     8.00   30.413    
     9.00   25.785    
    10.00   21.830    
    11.00   18.508    
    12.00   15.752    
    13.00   13.485    
    14.00   11.630    
    15.00   10.115    
    16.00   8.8768    
    17.00   7.8605    
    18.00   7.0211    
    19.00   6.3221    
    20.00   5.7342    
    21.00   5.2340    
    22.00   4.8034    
    23.00   4.4283    
    24.00   4.0977    
    25.00   3.8033    
    26.00   3.5386    
    27.00   3.2986    
    28.00   3.0795    
    29.00   2.8783    
    30.00   2.6927    
    31.00   2.5209    
    32.00   2.3613    
    33.00   2.2129    
    34.00   2.0745    
    35.00   1.9455    
    36.00   1.8250    
    37.00   1.7124    
    38.00   1.6072    
    39.00   1.5089    
    40.00   1.4169    
    41.00   1.3310    
    42.00   1.2506    
    43.00   1.1755    
    44.00   1.1053    
    45.00   1.0396    
    46.00  0.97820    
    47.00  0.92079    
    48.00  0.86710    
    49.00  0.81690    
    50.00  0.76995    
    51.00  0.72604    
    52.00  0.68496    
    53.00  0.64653    
    54.00  0.61057    
    55.00  0.57691    
    56.00  0.54540    
    57.00  0.51589    
    58.00  0.48827    
    59.00  0.46239    
    60.00  0.43814    
    61.00  0.41542    
    62.00  0.39412    
    63.00  0.37415    
    64.00  0.35543    
    65.00  0.33786    
    66.00  0.32139    
    67.00  0.30593    
    68.00  0.29143    
    69.00  0.27781    
    70.00  0.26503    
    71.00  0.25304    
    72.00  0.24177    
    73.00  0.23120    
    74.00  0.22127    
    75.00  0.21194    
    76.00  0.20318    
    77.00  0.19496    
    78.00  0.18723    
    79.00  0.17998    
    80.00  0.17317    
    81.00  0.16678    
    82.00  0.16078    
    83.00  0.15515    
    84.00  0.14987    
    85.00  0.14491    
    86.00  0.14027    
    87.00  0.13592    
    88.00  0.13184    
    89.00  0.12803    
    90.00  0.12446    
    91.00  0.12112    
    92.00  0.11801    
    93.00  0.11510    
    94.00  0.11240    
    95.00  0.10988    
    96.00  0.10755    
    97.00  0.10539    
    98.00  0.10339    
    99.00  0.10155    
   100.00  0.99867E-01
   101.00  0.98330E-01
   102.00  0.96937E-01
   103.00  0.95683E-01
   104.00  0.94564E-01
   105.00  0.93580E-01
   106.00  0.92727E-01
   107.00  0.92006E-01
   108.00  0.91414E-01
   109.00  0.90952E-01
   110.00  0.90620E-01
   111.00  0.90421E-01
   112.00  0.90356E-01
   113.00  0.90428E-01
   114.00  0.90640E-01
   115.00  0.90995E-01
   116.00  0.91499E-01
   117.00  0.92155E-01
   118.00  0.92971E-01
   119.00  0.93952E-01
   120.00  0.95103E-01
   121.00  0.96434E-01
   122.00  0.97950E-01
   123.00  0.99660E-01
   124.00  0.10157    
   125.00  0.10369    
   126.00  0.10603    
   127.00  0.10859    
   128.00  0.11138    
   129.00  0.11441    
   130.00  0.11769    
   131.00  0.12120    
   132.00  0.12497    
   133.00  0.12898    
   134.00  0.13324    
   135.00  0.13773    
   136.00  0.14245    
   137.00  0.14738    
   138.00  0.15250    
   139.00  0.15780    
   140.00  0.16324    
   141.00  0.16879    
   142.00  0.17442    
   143.00  0.18008    
   144.00  0.18575    
   145.00  0.19137    
   146.00  0.19691    
   147.00  0.20235    
   148.00  0.20765    
   149.00  0.21280    
   150.00  0.21783    
   151.00  0.22274    
   152.00  0.22762    
   153.00  0.23254    
   154.00  0.23762    
   155.00  0.24301    
   156.00  0.24890    
   157.00  0.25546    
   158.00  0.26287    
   159.00  0.27124    
   160.00  0.28061    
   161.00  0.29082    
   162.00  0.30150    
   163.00  0.31199    
   164.00  0.32125    
   165.00  0.32792    
   166.00  0.33043    
   167.00  0.32715    
   168.00  0.31683    
   169.00  0.29906    
   170.00  0.27480    
   171.00  0.24672    
   172.00  0.21925    
   173.00  0.19796    
   174.00  0.18841    
   175.00  0.19440    
   176.00  0.21620    
   177.00  0.24950    
   178.00  0.28558    
   179.00  0.31352    
   180.00  0.32405    
 |--------|------------|
0.436000     micron = Wavelength
 2.76881     = Extinction efficiency (Q)
 2.76881     = Scattering efficiency (Qs)
 0.00000     = Absorption efficiency (Qa)
 38.7795     = Lidar ratio
0.917847     micron^2 = <b> = Average surface area per particle
 2.54134     microns^2 = Extinction cross section (C)
 2.54134     microns^2 = Scattering cross section (Cs)
 0.00000     microns^2 = Absorption cross section (Ca)
 |----------------------------------------------------|
 | COMMENTAIRES:                                      |
 |----------------------------------------------------|
 |   -Cross section / <b> should = efficiency         |
 |    is independant of the normalisation of dN/dx    |
 |   -The integral of the phase fct / 4 pi over all   |
 |    directions (solid angle) = 1.                   |
 |   -The volume coefficient (k) is equal to C * N    |
 |      = cross section * Number density              |
 |      typical units: [um^2]*[particles/cm^3] =      |
 |      [10^-3 km-1]                                  |
 |      N = M/(d*4/3*pi*r^3) where d is the density   |
 |      of particle, M is the mass per unit volume    |
 |      and 4/3*pi*r^3 is the average volume  of a    |
 |      particle.                                     |
 |      typical units:  M -> [ug/m^3], d -> [g/cm^3]  |
 |                      r -> [um]                     |
 |      Lidar ratio= 4 pi Qe / phase_fct(180)*Qs      |
 |----------------------------------------------------|
