 |--------|------------|
 | ANGLE  |  PHASE FCT |
 |--------|------------|
     0.00   33.514    
     1.00   33.337    
     2.00   32.815    
     3.00   31.974    
     4.00   30.857    
     5.00   29.511    
     6.00   27.991    
     7.00   26.351    
     8.00   24.641    
     9.00   22.906    
    10.00   21.182    
    11.00   19.501    
    12.00   17.884    
    13.00   16.349    
    14.00   14.905    
    15.00   13.560    
    16.00   12.316    
    17.00   11.172    
    18.00   10.126    
    19.00   9.1727    
    20.00   8.3080    
    21.00   7.5254    
    22.00   6.8190    
    23.00   6.1823    
    24.00   5.6093    
    25.00   5.0941    
    26.00   4.6312    
    27.00   4.2152    
    28.00   3.8416    
    29.00   3.5057    
    30.00   3.2037    
    31.00   2.9320    
    32.00   2.6873    
    33.00   2.4667    
    34.00   2.2675    
    35.00   2.0876    
    36.00   1.9247    
    37.00   1.7771    
    38.00   1.6432    
    39.00   1.5215    
    40.00   1.4107    
    41.00   1.3098    
    42.00   1.2176    
    43.00   1.1334    
    44.00   1.0562    
    45.00  0.98550    
    46.00  0.92058    
    47.00  0.86090    
    48.00  0.80597    
    49.00  0.75534    
    50.00  0.70863    
    51.00  0.66547    
    52.00  0.62557    
    53.00  0.58862    
    54.00  0.55438    
    55.00  0.52262    
    56.00  0.49313    
    57.00  0.46572    
    58.00  0.44023    
    59.00  0.41650    
    60.00  0.39440    
    61.00  0.37378    
    62.00  0.35456    
    63.00  0.33661    
    64.00  0.31984    
    65.00  0.30416    
    66.00  0.28950    
    67.00  0.27578    
    68.00  0.26293    
    69.00  0.25089    
    70.00  0.23961    
    71.00  0.22903    
    72.00  0.21911    
    73.00  0.20979    
    74.00  0.20105    
    75.00  0.19284    
    76.00  0.18512    
    77.00  0.17787    
    78.00  0.17105    
    79.00  0.16464    
    80.00  0.15861    
    81.00  0.15294    
    82.00  0.14760    
    83.00  0.14258    
    84.00  0.13786    
    85.00  0.13341    
    86.00  0.12923    
    87.00  0.12529    
    88.00  0.12159    
    89.00  0.11811    
    90.00  0.11483    
    91.00  0.11176    
    92.00  0.10887    
    93.00  0.10616    
    94.00  0.10361    
    95.00  0.10123    
    96.00  0.99003E-01
    97.00  0.96919E-01
    98.00  0.94974E-01
    99.00  0.93163E-01
   100.00  0.91480E-01
   101.00  0.89921E-01
   102.00  0.88480E-01
   103.00  0.87153E-01
   104.00  0.85938E-01
   105.00  0.84830E-01
   106.00  0.83827E-01
   107.00  0.82926E-01
   108.00  0.82125E-01
   109.00  0.81422E-01
   110.00  0.80815E-01
   111.00  0.80303E-01
   112.00  0.79884E-01
   113.00  0.79559E-01
   114.00  0.79326E-01
   115.00  0.79185E-01
   116.00  0.79137E-01
   117.00  0.79181E-01
   118.00  0.79318E-01
   119.00  0.79549E-01
   120.00  0.79874E-01
   121.00  0.80296E-01
   122.00  0.80815E-01
   123.00  0.81432E-01
   124.00  0.82149E-01
   125.00  0.82970E-01
   126.00  0.83895E-01
   127.00  0.84927E-01
   128.00  0.86069E-01
   129.00  0.87322E-01
   130.00  0.88690E-01
   131.00  0.90175E-01
   132.00  0.91780E-01
   133.00  0.93509E-01
   134.00  0.95363E-01
   135.00  0.97346E-01
   136.00  0.99461E-01
   137.00  0.10171    
   138.00  0.10409    
   139.00  0.10662    
   140.00  0.10928    
   141.00  0.11208    
   142.00  0.11503    
   143.00  0.11812    
   144.00  0.12134    
   145.00  0.12470    
   146.00  0.12820    
   147.00  0.13181    
   148.00  0.13553    
   149.00  0.13935    
   150.00  0.14324    
   151.00  0.14717    
   152.00  0.15111    
   153.00  0.15500    
   154.00  0.15878    
   155.00  0.16237    
   156.00  0.16569    
   157.00  0.16860    
   158.00  0.17100    
   159.00  0.17271    
   160.00  0.17359    
   161.00  0.17348    
   162.00  0.17221    
   163.00  0.16966    
   164.00  0.16577    
   165.00  0.16054    
   166.00  0.15410    
   167.00  0.14670    
   168.00  0.13875    
   169.00  0.13081    
   170.00  0.12354    
   171.00  0.11765    
   172.00  0.11377    
   173.00  0.11237    
   174.00  0.11361    
   175.00  0.11723    
   176.00  0.12257    
   177.00  0.12860    
   178.00  0.13412    
   179.00  0.13799    
   180.00  0.13937    
 |--------|------------|
0.510000     micron = Wavelength
 3.12976     = Extinction efficiency (Q)
 3.12976     = Scattering efficiency (Qs)
 0.00000     = Absorption efficiency (Qa)
 90.1623     = Lidar ratio
0.437500     micron^2 = <b> = Average surface area per particle
 1.36927     microns^2 = Extinction cross section (C)
 1.36927     microns^2 = Scattering cross section (Cs)
 0.00000     microns^2 = Absorption cross section (Ca)
 |----------------------------------------------------|
 | COMMENTAIRES:                                      |
 |----------------------------------------------------|
 |   -Cross section / <b> should = efficiency         |
 |    is independant of the normalisation of dN/dx    |
 |   -The integral of the phase fct / 4 pi over all   |
 |    directions (solid angle) = 1.                   |
 |   -The volume coefficient (k) is equal to C * N    |
 |      = cross section * Number density              |
 |      typical units: [um^2]*[particles/cm^3] =      |
 |      [10^-3 km-1]                                  |
 |      N = M/(d*4/3*pi*r^3) where d is the density   |
 |      of particle, M is the mass per unit volume    |
 |      and 4/3*pi*r^3 is the average volume  of a    |
 |      particle.                                     |
 |      typical units:  M -> [ug/m^3], d -> [g/cm^3]  |
 |                      r -> [um]                     |
 |      Lidar ratio= 4 pi Qe / phase_fct(180)*Qs      |
 |----------------------------------------------------|
