 |--------|------------|
 | ANGLE  |  PHASE FCT |
 |--------|------------|
     0.00   157.14    
     1.00   151.14    
     2.00   134.95    
     3.00   112.99    
     4.00   89.973    
     5.00   69.208    
     6.00   52.134    
     7.00   38.898    
     8.00   29.038    
     9.00   21.895    
    10.00   16.810    
    11.00   13.220    
    12.00   10.690    
    13.00   8.8975    
    14.00   7.6131    
    15.00   6.6747    
    16.00   5.9710    
    17.00   5.4260    
    18.00   4.9894    
    19.00   4.6278    
    20.00   4.3193    
    21.00   4.0485    
    22.00   3.8053    
    23.00   3.5838    
    24.00   3.3798    
    25.00   3.1902    
    26.00   3.0126    
    27.00   2.8456    
    28.00   2.6885    
    29.00   2.5402    
    30.00   2.4001    
    31.00   2.2674    
    32.00   2.1421    
    33.00   2.0237    
    34.00   1.9116    
    35.00   1.8055    
    36.00   1.7053    
    37.00   1.6107    
    38.00   1.5213    
    39.00   1.4367    
    40.00   1.3569    
    41.00   1.2816    
    42.00   1.2106    
    43.00   1.1435    
    44.00   1.0802    
    45.00   1.0206    
    46.00  0.96443    
    47.00  0.91140    
    48.00  0.86145    
    49.00  0.81439    
    50.00  0.77003    
    51.00  0.72823    
    52.00  0.68886    
    53.00  0.65179    
    54.00  0.61684    
    55.00  0.58391    
    56.00  0.55291    
    57.00  0.52372    
    58.00  0.49620    
    59.00  0.47028    
    60.00  0.44587    
    61.00  0.42287    
    62.00  0.40119    
    63.00  0.38077    
    64.00  0.36155    
    65.00  0.34343    
    66.00  0.32635    
    67.00  0.31026    
    68.00  0.29511    
    69.00  0.28084    
    70.00  0.26740    
    71.00  0.25473    
    72.00  0.24280    
    73.00  0.23157    
    74.00  0.22101    
    75.00  0.21106    
    76.00  0.20170    
    77.00  0.19289    
    78.00  0.18460    
    79.00  0.17683    
    80.00  0.16952    
    81.00  0.16265    
    82.00  0.15620    
    83.00  0.15016    
    84.00  0.14451    
    85.00  0.13921    
    86.00  0.13424    
    87.00  0.12960    
    88.00  0.12527    
    89.00  0.12123    
    90.00  0.11747    
    91.00  0.11396    
    92.00  0.11070    
    93.00  0.10768    
    94.00  0.10488    
    95.00  0.10229    
    96.00  0.99902E-01
    97.00  0.97699E-01
    98.00  0.95672E-01
    99.00  0.93814E-01
   100.00  0.92118E-01
   101.00  0.90572E-01
   102.00  0.89168E-01
   103.00  0.87903E-01
   104.00  0.86772E-01
   105.00  0.85767E-01
   106.00  0.84880E-01
   107.00  0.84116E-01
   108.00  0.83477E-01
   109.00  0.82960E-01
   110.00  0.82561E-01
   111.00  0.82284E-01
   112.00  0.82135E-01
   113.00  0.82125E-01
   114.00  0.82263E-01
   115.00  0.82552E-01
   116.00  0.83000E-01
   117.00  0.83627E-01
   118.00  0.84451E-01
   119.00  0.85485E-01
   120.00  0.86748E-01
   121.00  0.88262E-01
   122.00  0.90048E-01
   123.00  0.92134E-01
   124.00  0.94547E-01
   125.00  0.97315E-01
   126.00  0.10047    
   127.00  0.10403    
   128.00  0.10804    
   129.00  0.11252    
   130.00  0.11750    
   131.00  0.12301    
   132.00  0.12908    
   133.00  0.13570    
   134.00  0.14288    
   135.00  0.15064    
   136.00  0.15895    
   137.00  0.16775    
   138.00  0.17701    
   139.00  0.18666    
   140.00  0.19660    
   141.00  0.20669    
   142.00  0.21681    
   143.00  0.22679    
   144.00  0.23644    
   145.00  0.24559    
   146.00  0.25405    
   147.00  0.26161    
   148.00  0.26810    
   149.00  0.27341    
   150.00  0.27747    
   151.00  0.28022    
   152.00  0.28171    
   153.00  0.28211    
   154.00  0.28165    
   155.00  0.28066    
   156.00  0.27957    
   157.00  0.27896    
   158.00  0.27950    
   159.00  0.28198    
   160.00  0.28733    
   161.00  0.29653    
   162.00  0.31047    
   163.00  0.32989    
   164.00  0.35505    
   165.00  0.38530    
   166.00  0.41879    
   167.00  0.45220    
   168.00  0.48063    
   169.00  0.49833    
   170.00  0.50033    
   171.00  0.48440    
   172.00  0.45297    
   173.00  0.41445    
   174.00  0.38243    
   175.00  0.37247    
   176.00  0.39786    
   177.00  0.46342    
   178.00  0.55600    
   179.00  0.64048    
   180.00  0.67502    
 |--------|------------|
0.370000     micron = Wavelength
 2.38756     = Extinction efficiency (Q)
 2.38756     = Scattering efficiency (Qs)
 0.00000     = Absorption efficiency (Qa)
 18.6163     = Lidar ratio
 1.56883     micron^2 = <b> = Average surface area per particle
 3.74567     microns^2 = Extinction cross section (C)
 3.74567     microns^2 = Scattering cross section (Cs)
0.486367E-15 microns^2 = Absorption cross section (Ca)
 |----------------------------------------------------|
 | COMMENTAIRES:                                      |
 |----------------------------------------------------|
 |   -Cross section / <b> should = efficiency         |
 |    is independant of the normalisation of dN/dx    |
 |   -The integral of the phase fct / 4 pi over all   |
 |    directions (solid angle) = 1.                   |
 |   -The volume coefficient (k) is equal to C * N    |
 |      = cross section * Number density              |
 |      typical units: [um^2]*[particles/cm^3] =      |
 |      [10^-3 km-1]                                  |
 |      N = M/(d*4/3*pi*r^3) where d is the density   |
 |      of particle, M is the mass per unit volume    |
 |      and 4/3*pi*r^3 is the average volume  of a    |
 |      particle.                                     |
 |      typical units:  M -> [ug/m^3], d -> [g/cm^3]  |
 |                      r -> [um]                     |
 |      Lidar ratio= 4 pi Qe / phase_fct(180)*Qs      |
 |----------------------------------------------------|
