 |--------|------------|
 | ANGLE  |  PHASE FCT |
 |--------|------------|
     0.00   9.9556    
     1.00   9.9443    
     2.00   9.9104    
     3.00   9.8543    
     4.00   9.7766    
     5.00   9.6780    
     6.00   9.5594    
     7.00   9.4220    
     8.00   9.2670    
     9.00   9.0956    
    10.00   8.9095    
    11.00   8.7100    
    12.00   8.4988    
    13.00   8.2773    
    14.00   8.0473    
    15.00   7.8102    
    16.00   7.5675    
    17.00   7.3206    
    18.00   7.0710    
    19.00   6.8200    
    20.00   6.5686    
    21.00   6.3180    
    22.00   6.0693    
    23.00   5.8234    
    24.00   5.5811    
    25.00   5.3430    
    26.00   5.1100    
    27.00   4.8823    
    28.00   4.6607    
    29.00   4.4453    
    30.00   4.2366    
    31.00   4.0347    
    32.00   3.8399    
    33.00   3.6522    
    34.00   3.4717    
    35.00   3.2983    
    36.00   3.1322    
    37.00   2.9732    
    38.00   2.8211    
    39.00   2.6760    
    40.00   2.5376    
    41.00   2.4057    
    42.00   2.2803    
    43.00   2.1610    
    44.00   2.0477    
    45.00   1.9402    
    46.00   1.8383    
    47.00   1.7417    
    48.00   1.6502    
    49.00   1.5636    
    50.00   1.4817    
    51.00   1.4042    
    52.00   1.3310    
    53.00   1.2619    
    54.00   1.1966    
    55.00   1.1350    
    56.00   1.0768    
    57.00   1.0219    
    58.00  0.97016    
    59.00  0.92134    
    60.00  0.87531    
    61.00  0.83191    
    62.00  0.79099    
    63.00  0.75242    
    64.00  0.71606    
    65.00  0.68179    
    66.00  0.64949    
    67.00  0.61904    
    68.00  0.59033    
    69.00  0.56327    
    70.00  0.53776    
    71.00  0.51370    
    72.00  0.49102    
    73.00  0.46963    
    74.00  0.44945    
    75.00  0.43042    
    76.00  0.41247    
    77.00  0.39553    
    78.00  0.37954    
    79.00  0.36445    
    80.00  0.35020    
    81.00  0.33676    
    82.00  0.32406    
    83.00  0.31206    
    84.00  0.30074    
    85.00  0.29004    
    86.00  0.27993    
    87.00  0.27038    
    88.00  0.26136    
    89.00  0.25283    
    90.00  0.24477    
    91.00  0.23716    
    92.00  0.22996    
    93.00  0.22316    
    94.00  0.21674    
    95.00  0.21067    
    96.00  0.20494    
    97.00  0.19953    
    98.00  0.19442    
    99.00  0.18959    
   100.00  0.18504    
   101.00  0.18075    
   102.00  0.17671    
   103.00  0.17290    
   104.00  0.16932    
   105.00  0.16595    
   106.00  0.16278    
   107.00  0.15981    
   108.00  0.15702    
   109.00  0.15441    
   110.00  0.15198    
   111.00  0.14970    
   112.00  0.14759    
   113.00  0.14562    
   114.00  0.14380    
   115.00  0.14211    
   116.00  0.14056    
   117.00  0.13914    
   118.00  0.13784    
   119.00  0.13665    
   120.00  0.13559    
   121.00  0.13463    
   122.00  0.13377    
   123.00  0.13302    
   124.00  0.13237    
   125.00  0.13181    
   126.00  0.13134    
   127.00  0.13095    
   128.00  0.13065    
   129.00  0.13042    
   130.00  0.13027    
   131.00  0.13019    
   132.00  0.13018    
   133.00  0.13023    
   134.00  0.13034    
   135.00  0.13051    
   136.00  0.13074    
   137.00  0.13101    
   138.00  0.13133    
   139.00  0.13170    
   140.00  0.13211    
   141.00  0.13255    
   142.00  0.13304    
   143.00  0.13356    
   144.00  0.13411    
   145.00  0.13471    
   146.00  0.13533    
   147.00  0.13600    
   148.00  0.13670    
   149.00  0.13745    
   150.00  0.13824    
   151.00  0.13909    
   152.00  0.14000    
   153.00  0.14098    
   154.00  0.14204    
   155.00  0.14319    
   156.00  0.14444    
   157.00  0.14581    
   158.00  0.14730    
   159.00  0.14893    
   160.00  0.15070    
   161.00  0.15264    
   162.00  0.15473    
   163.00  0.15699    
   164.00  0.15941    
   165.00  0.16199    
   166.00  0.16471    
   167.00  0.16755    
   168.00  0.17048    
   169.00  0.17347    
   170.00  0.17647    
   171.00  0.17945    
   172.00  0.18233    
   173.00  0.18507    
   174.00  0.18760    
   175.00  0.18986    
   176.00  0.19180    
   177.00  0.19337    
   178.00  0.19453    
   179.00  0.19523    
   180.00  0.19547    
 |--------|------------|
0.660000     micron = Wavelength
 1.96092     = Extinction efficiency (Q)
 1.96092     = Scattering efficiency (Qs)
 0.00000     = Absorption efficiency (Qa)
 64.2883     = Lidar ratio
0.110755     micron^2 = <b> = Average surface area per particle
0.217182     microns^2 = Extinction cross section (C)
0.217182     microns^2 = Scattering cross section (Cs)
-.483613E-16 microns^2 = Absorption cross section (Ca)
 |----------------------------------------------------|
 | COMMENTAIRES:                                      |
 |----------------------------------------------------|
 |   -Cross section / <b> should = efficiency         |
 |    is independant of the normalisation of dN/dx    |
 |   -The integral of the phase fct / 4 pi over all   |
 |    directions (solid angle) = 1.                   |
 |   -The volume coefficient (k) is equal to C * N    |
 |      = cross section * Number density              |
 |      typical units: [um^2]*[particles/cm^3] =      |
 |      [10^-3 km-1]                                  |
 |      N = M/(d*4/3*pi*r^3) where d is the density   |
 |      of particle, M is the mass per unit volume    |
 |      and 4/3*pi*r^3 is the average volume  of a    |
 |      particle.                                     |
 |      typical units:  M -> [ug/m^3], d -> [g/cm^3]  |
 |                      r -> [um]                     |
 |      Lidar ratio= 4 pi Qe / phase_fct(180)*Qs      |
 |----------------------------------------------------|
