 |--------|------------|
 | ANGLE  |  PHASE FCT |
 |--------|------------|
     0.00   52.561    
     1.00   51.988    
     2.00   50.328    
     3.00   47.752    
     4.00   44.498    
     5.00   40.824    
     6.00   36.965    
     7.00   33.120    
     8.00   29.433    
     9.00   25.999    
    10.00   22.874    
    11.00   20.078    
    12.00   17.612    
    13.00   15.457    
    14.00   13.590    
    15.00   11.979    
    16.00   10.593    
    17.00   9.4029    
    18.00   8.3803    
    19.00   7.5003    
    20.00   6.7409    
    21.00   6.0831    
    22.00   5.5109    
    23.00   5.0108    
    24.00   4.5714    
    25.00   4.1834    
    26.00   3.8389    
    27.00   3.5314    
    28.00   3.2558    
    29.00   3.0075    
    30.00   2.7830    
    31.00   2.5793    
    32.00   2.3937    
    33.00   2.2241    
    34.00   2.0688    
    35.00   1.9263    
    36.00   1.7952    
    37.00   1.6744    
    38.00   1.5630    
    39.00   1.4600    
    40.00   1.3648    
    41.00   1.2767    
    42.00   1.1950    
    43.00   1.1192    
    44.00   1.0489    
    45.00  0.98366    
    46.00  0.92302    
    47.00  0.86665    
    48.00  0.81423    
    49.00  0.76546    
    50.00  0.72006    
    51.00  0.67778    
    52.00  0.63840    
    53.00  0.60168    
    54.00  0.56745    
    55.00  0.53552    
    56.00  0.50573    
    57.00  0.47791    
    58.00  0.45194    
    59.00  0.42767    
    60.00  0.40499    
    61.00  0.38380    
    62.00  0.36397    
    63.00  0.34542    
    64.00  0.32806    
    65.00  0.31181    
    66.00  0.29660    
    67.00  0.28234    
    68.00  0.26899    
    69.00  0.25647    
    70.00  0.24474    
    71.00  0.23374    
    72.00  0.22342    
    73.00  0.21374    
    74.00  0.20466    
    75.00  0.19613    
    76.00  0.18814    
    77.00  0.18063    
    78.00  0.17358    
    79.00  0.16697    
    80.00  0.16076    
    81.00  0.15493    
    82.00  0.14946    
    83.00  0.14433    
    84.00  0.13951    
    85.00  0.13499    
    86.00  0.13075    
    87.00  0.12677    
    88.00  0.12305    
    89.00  0.11956    
    90.00  0.11630    
    91.00  0.11324    
    92.00  0.11039    
    93.00  0.10773    
    94.00  0.10524    
    95.00  0.10293    
    96.00  0.10079    
    97.00  0.98801E-01
    98.00  0.96964E-01
    99.00  0.95272E-01
   100.00  0.93719E-01
   101.00  0.92301E-01
   102.00  0.91012E-01
   103.00  0.89851E-01
   104.00  0.88813E-01
   105.00  0.87895E-01
   106.00  0.87097E-01
   107.00  0.86415E-01
   108.00  0.85848E-01
   109.00  0.85397E-01
   110.00  0.85059E-01
   111.00  0.84836E-01
   112.00  0.84727E-01
   113.00  0.84735E-01
   114.00  0.84858E-01
   115.00  0.85101E-01
   116.00  0.85463E-01
   117.00  0.85948E-01
   118.00  0.86557E-01
   119.00  0.87295E-01
   120.00  0.88164E-01
   121.00  0.89167E-01
   122.00  0.90307E-01
   123.00  0.91588E-01
   124.00  0.93014E-01
   125.00  0.94589E-01
   126.00  0.96314E-01
   127.00  0.98193E-01
   128.00  0.10023    
   129.00  0.10243    
   130.00  0.10478    
   131.00  0.10730    
   132.00  0.10998    
   133.00  0.11282    
   134.00  0.11582    
   135.00  0.11897    
   136.00  0.12228    
   137.00  0.12572    
   138.00  0.12930    
   139.00  0.13301    
   140.00  0.13682    
   141.00  0.14074    
   142.00  0.14475    
   143.00  0.14883    
   144.00  0.15297    
   145.00  0.15717    
   146.00  0.16141    
   147.00  0.16570    
   148.00  0.17002    
   149.00  0.17440    
   150.00  0.17884    
   151.00  0.18337    
   152.00  0.18803    
   153.00  0.19284    
   154.00  0.19785    
   155.00  0.20310    
   156.00  0.20863    
   157.00  0.21443    
   158.00  0.22047    
   159.00  0.22665    
   160.00  0.23279    
   161.00  0.23859    
   162.00  0.24362    
   163.00  0.24732    
   164.00  0.24901    
   165.00  0.24792    
   166.00  0.24336    
   167.00  0.23478    
   168.00  0.22206    
   169.00  0.20568    
   170.00  0.18687    
   171.00  0.16769    
   172.00  0.15085    
   173.00  0.13924    
   174.00  0.13530    
   175.00  0.14023    
   176.00  0.15325    
   177.00  0.17147    
   178.00  0.19021    
   179.00  0.20426    
   180.00  0.20947    
 |--------|------------|
0.520000     micron = Wavelength
 2.98340     = Extinction efficiency (Q)
 2.98340     = Scattering efficiency (Qs)
 0.00000     = Absorption efficiency (Qa)
 59.9902     = Lidar ratio
0.917851     micron^2 = <b> = Average surface area per particle
 2.73831     microns^2 = Extinction cross section (C)
 2.73831     microns^2 = Scattering cross section (Cs)
 0.00000     microns^2 = Absorption cross section (Ca)
 |----------------------------------------------------|
 | COMMENTAIRES:                                      |
 |----------------------------------------------------|
 |   -Cross section / <b> should = efficiency         |
 |    is independant of the normalisation of dN/dx    |
 |   -The integral of the phase fct / 4 pi over all   |
 |    directions (solid angle) = 1.                   |
 |   -The volume coefficient (k) is equal to C * N    |
 |      = cross section * Number density              |
 |      typical units: [um^2]*[particles/cm^3] =      |
 |      [10^-3 km-1]                                  |
 |      N = M/(d*4/3*pi*r^3) where d is the density   |
 |      of particle, M is the mass per unit volume    |
 |      and 4/3*pi*r^3 is the average volume  of a    |
 |      particle.                                     |
 |      typical units:  M -> [ug/m^3], d -> [g/cm^3]  |
 |                      r -> [um]                     |
 |      Lidar ratio= 4 pi Qe / phase_fct(180)*Qs      |
 |----------------------------------------------------|
