 |--------|------------|
 | ANGLE  |  PHASE FCT |
 |--------|------------|
     0.00   27.224    
     1.00   27.119    
     2.00   26.807    
     3.00   26.300    
     4.00   25.615    
     5.00   24.776    
     6.00   23.808    
     7.00   22.738    
     8.00   21.593    
     9.00   20.398    
    10.00   19.178    
    11.00   17.954    
    12.00   16.742    
    13.00   15.558    
    14.00   14.412    
    15.00   13.315    
    16.00   12.273    
    17.00   11.288    
    18.00   10.365    
    19.00   9.5036    
    20.00   8.7033    
    21.00   7.9631    
    22.00   7.2808    
    23.00   6.6539    
    24.00   6.0792    
    25.00   5.5537    
    26.00   5.0741    
    27.00   4.6369    
    28.00   4.2391    
    29.00   3.8775    
    30.00   3.5489    
    31.00   3.2506    
    32.00   2.9799    
    33.00   2.7342    
    34.00   2.5112    
    35.00   2.3089    
    36.00   2.1252    
    37.00   1.9583    
    38.00   1.8067    
    39.00   1.6688    
    40.00   1.5433    
    41.00   1.4290    
    42.00   1.3249    
    43.00   1.2298    
    44.00   1.1430    
    45.00   1.0636    
    46.00  0.99093    
    47.00  0.92436    
    48.00  0.86329    
    49.00  0.80720    
    50.00  0.75563    
    51.00  0.70817    
    52.00  0.66443    
    53.00  0.62409    
    54.00  0.58683    
    55.00  0.55238    
    56.00  0.52050    
    57.00  0.49097    
    58.00  0.46358    
    59.00  0.43816    
    60.00  0.41454    
    61.00  0.39257    
    62.00  0.37212    
    63.00  0.35306    
    64.00  0.33530    
    65.00  0.31872    
    66.00  0.30324    
    67.00  0.28877    
    68.00  0.27524    
    69.00  0.26258    
    70.00  0.25072    
    71.00  0.23960    
    72.00  0.22919    
    73.00  0.21941    
    74.00  0.21024    
    75.00  0.20162    
    76.00  0.19353    
    77.00  0.18592    
    78.00  0.17876    
    79.00  0.17203    
    80.00  0.16570    
    81.00  0.15974    
    82.00  0.15413    
    83.00  0.14885    
    84.00  0.14387    
    85.00  0.13919    
    86.00  0.13477    
    87.00  0.13061    
    88.00  0.12670    
    89.00  0.12301    
    90.00  0.11953    
    91.00  0.11627    
    92.00  0.11319    
    93.00  0.11030    
    94.00  0.10758    
    95.00  0.10502    
    96.00  0.10263    
    97.00  0.10038    
    98.00  0.98274E-01
    99.00  0.96307E-01
   100.00  0.94471E-01
   101.00  0.92761E-01
   102.00  0.91171E-01
   103.00  0.89699E-01
   104.00  0.88338E-01
   105.00  0.87087E-01
   106.00  0.85941E-01
   107.00  0.84898E-01
   108.00  0.83955E-01
   109.00  0.83109E-01
   110.00  0.82359E-01
   111.00  0.81704E-01
   112.00  0.81140E-01
   113.00  0.80668E-01
   114.00  0.80287E-01
   115.00  0.79995E-01
   116.00  0.79792E-01
   117.00  0.79679E-01
   118.00  0.79655E-01
   119.00  0.79721E-01
   120.00  0.79877E-01
   121.00  0.80124E-01
   122.00  0.80463E-01
   123.00  0.80896E-01
   124.00  0.81423E-01
   125.00  0.82046E-01
   126.00  0.82768E-01
   127.00  0.83589E-01
   128.00  0.84513E-01
   129.00  0.85541E-01
   130.00  0.86676E-01
   131.00  0.87919E-01
   132.00  0.89275E-01
   133.00  0.90744E-01
   134.00  0.92330E-01
   135.00  0.94033E-01
   136.00  0.95857E-01
   137.00  0.97802E-01
   138.00  0.99870E-01
   139.00  0.10206    
   140.00  0.10437    
   141.00  0.10681    
   142.00  0.10936    
   143.00  0.11202    
   144.00  0.11479    
   145.00  0.11765    
   146.00  0.12060    
   147.00  0.12361    
   148.00  0.12667    
   149.00  0.12975    
   150.00  0.13282    
   151.00  0.13584    
   152.00  0.13877    
   153.00  0.14155    
   154.00  0.14413    
   155.00  0.14643    
   156.00  0.14839    
   157.00  0.14992    
   158.00  0.15095    
   159.00  0.15139    
   160.00  0.15118    
   161.00  0.15027    
   162.00  0.14862    
   163.00  0.14625    
   164.00  0.14320    
   165.00  0.13960    
   166.00  0.13560    
   167.00  0.13144    
   168.00  0.12741    
   169.00  0.12384    
   170.00  0.12106    
   171.00  0.11936    
   172.00  0.11896    
   173.00  0.11993    
   174.00  0.12221    
   175.00  0.12551    
   176.00  0.12939    
   177.00  0.13331    
   178.00  0.13667    
   179.00  0.13893    
   180.00  0.13973    
 |--------|------------|
0.390000     micron = Wavelength
 3.02572     = Extinction efficiency (Q)
 3.02572     = Scattering efficiency (Qs)
 0.00000     = Absorption efficiency (Qa)
 89.9349     = Lidar ratio
0.180223     micron^2 = <b> = Average surface area per particle
0.545304     microns^2 = Extinction cross section (C)
0.545304     microns^2 = Scattering cross section (Cs)
 0.00000     microns^2 = Absorption cross section (Ca)
 |----------------------------------------------------|
 | COMMENTAIRES:                                      |
 |----------------------------------------------------|
 |   -Cross section / <b> should = efficiency         |
 |    is independant of the normalisation of dN/dx    |
 |   -The integral of the phase fct / 4 pi over all   |
 |    directions (solid angle) = 1.                   |
 |   -The volume coefficient (k) is equal to C * N    |
 |      = cross section * Number density              |
 |      typical units: [um^2]*[particles/cm^3] =      |
 |      [10^-3 km-1]                                  |
 |      N = M/(d*4/3*pi*r^3) where d is the density   |
 |      of particle, M is the mass per unit volume    |
 |      and 4/3*pi*r^3 is the average volume  of a    |
 |      particle.                                     |
 |      typical units:  M -> [ug/m^3], d -> [g/cm^3]  |
 |                      r -> [um]                     |
 |      Lidar ratio= 4 pi Qe / phase_fct(180)*Qs      |
 |----------------------------------------------------|
