 |--------|------------|
 | ANGLE  |  PHASE FCT |
 |--------|------------|
     0.00   34.936    
     1.00   34.736    
     2.00   34.150    
     3.00   33.209    
     4.00   31.962    
     5.00   30.469    
     6.00   28.794    
     7.00   26.999    
     8.00   25.141    
     9.00   23.270    
    10.00   21.426    
    11.00   19.641    
    12.00   17.938    
    13.00   16.333    
    14.00   14.836    
    15.00   13.451    
    16.00   12.178    
    17.00   11.017    
    18.00   9.9606    
    19.00   9.0046    
    20.00   8.1417    
    21.00   7.3649    
    22.00   6.6668    
    23.00   6.0404    
    24.00   5.4786    
    25.00   4.9752    
    26.00   4.5241    
    27.00   4.1197    
    28.00   3.7570    
    29.00   3.4316    
    30.00   3.1392    
    31.00   2.8763    
    32.00   2.6396    
    33.00   2.4261    
    34.00   2.2334    
    35.00   2.0591    
    36.00   1.9013    
    37.00   1.7581    
    38.00   1.6279    
    39.00   1.5095    
    40.00   1.4015    
    41.00   1.3030    
    42.00   1.2128    
    43.00   1.1303    
    44.00   1.0546    
    45.00  0.98507    
    46.00  0.92113    
    47.00  0.86225    
    48.00  0.80796    
    49.00  0.75784    
    50.00  0.71153    
    51.00  0.66867    
    52.00  0.62899    
    53.00  0.59220    
    54.00  0.55806    
    55.00  0.52635    
    56.00  0.49688    
    57.00  0.46946    
    58.00  0.44393    
    59.00  0.42014    
    60.00  0.39796    
    61.00  0.37727    
    62.00  0.35795    
    63.00  0.33990    
    64.00  0.32303    
    65.00  0.30725    
    66.00  0.29248    
    67.00  0.27866    
    68.00  0.26571    
    69.00  0.25357    
    70.00  0.24220    
    71.00  0.23152    
    72.00  0.22151    
    73.00  0.21211    
    74.00  0.20328    
    75.00  0.19499    
    76.00  0.18719    
    77.00  0.17987    
    78.00  0.17298    
    79.00  0.16651    
    80.00  0.16042    
    81.00  0.15469    
    82.00  0.14930    
    83.00  0.14423    
    84.00  0.13946    
    85.00  0.13497    
    86.00  0.13075    
    87.00  0.12677    
    88.00  0.12304    
    89.00  0.11952    
    90.00  0.11622    
    91.00  0.11312    
    92.00  0.11020    
    93.00  0.10747    
    94.00  0.10490    
    95.00  0.10250    
    96.00  0.10026    
    97.00  0.98159E-01
    98.00  0.96203E-01
    99.00  0.94382E-01
   100.00  0.92691E-01
   101.00  0.91126E-01
   102.00  0.89681E-01
   103.00  0.88354E-01
   104.00  0.87139E-01
   105.00  0.86034E-01
   106.00  0.85036E-01
   107.00  0.84143E-01
   108.00  0.83351E-01
   109.00  0.82660E-01
   110.00  0.82068E-01
   111.00  0.81574E-01
   112.00  0.81176E-01
   113.00  0.80874E-01
   114.00  0.80668E-01
   115.00  0.80558E-01
   116.00  0.80544E-01
   117.00  0.80625E-01
   118.00  0.80804E-01
   119.00  0.81080E-01
   120.00  0.81455E-01
   121.00  0.81931E-01
   122.00  0.82509E-01
   123.00  0.83190E-01
   124.00  0.83978E-01
   125.00  0.84873E-01
   126.00  0.85879E-01
   127.00  0.86998E-01
   128.00  0.88233E-01
   129.00  0.89586E-01
   130.00  0.91060E-01
   131.00  0.92660E-01
   132.00  0.94386E-01
   133.00  0.96243E-01
   134.00  0.98234E-01
   135.00  0.10036    
   136.00  0.10263    
   137.00  0.10504    
   138.00  0.10759    
   139.00  0.11030    
   140.00  0.11315    
   141.00  0.11616    
   142.00  0.11931    
   143.00  0.12262    
   144.00  0.12608    
   145.00  0.12970    
   146.00  0.13346    
   147.00  0.13736    
   148.00  0.14139    
   149.00  0.14553    
   150.00  0.14978    
   151.00  0.15409    
   152.00  0.15843    
   153.00  0.16276    
   154.00  0.16702    
   155.00  0.17111    
   156.00  0.17495    
   157.00  0.17841    
   158.00  0.18133    
   159.00  0.18356    
   160.00  0.18491    
   161.00  0.18517    
   162.00  0.18414    
   163.00  0.18166    
   164.00  0.17761    
   165.00  0.17196    
   166.00  0.16480    
   167.00  0.15641    
   168.00  0.14721    
   169.00  0.13784    
   170.00  0.12909    
   171.00  0.12180    
   172.00  0.11679    
   173.00  0.11466    
   174.00  0.11566    
   175.00  0.11957    
   176.00  0.12563    
   177.00  0.13263    
   178.00  0.13912    
   179.00  0.14369    
   180.00  0.14534    
 |--------|------------|
0.490000     micron = Wavelength
 3.14131     = Extinction efficiency (Q)
 3.14131     = Scattering efficiency (Qs)
 0.00000     = Absorption efficiency (Qa)
 86.4620     = Lidar ratio
0.437500     micron^2 = <b> = Average surface area per particle
 1.37433     microns^2 = Extinction cross section (C)
 1.37433     microns^2 = Scattering cross section (Cs)
 0.00000     microns^2 = Absorption cross section (Ca)
 |----------------------------------------------------|
 | COMMENTAIRES:                                      |
 |----------------------------------------------------|
 |   -Cross section / <b> should = efficiency         |
 |    is independant of the normalisation of dN/dx    |
 |   -The integral of the phase fct / 4 pi over all   |
 |    directions (solid angle) = 1.                   |
 |   -The volume coefficient (k) is equal to C * N    |
 |      = cross section * Number density              |
 |      typical units: [um^2]*[particles/cm^3] =      |
 |      [10^-3 km-1]                                  |
 |      N = M/(d*4/3*pi*r^3) where d is the density   |
 |      of particle, M is the mass per unit volume    |
 |      and 4/3*pi*r^3 is the average volume  of a    |
 |      particle.                                     |
 |      typical units:  M -> [ug/m^3], d -> [g/cm^3]  |
 |                      r -> [um]                     |
 |      Lidar ratio= 4 pi Qe / phase_fct(180)*Qs      |
 |----------------------------------------------------|
