 |--------|------------|
 | ANGLE  |  PHASE FCT |
 |--------|------------|
     0.00   22.836    
     1.00   22.770    
     2.00   22.574    
     3.00   22.253    
     4.00   21.815    
     5.00   21.271    
     6.00   20.633    
     7.00   19.915    
     8.00   19.132    
     9.00   18.297    
    10.00   17.426    
    11.00   16.530    
    12.00   15.624    
    13.00   14.717    
    14.00   13.819    
    15.00   12.939    
    16.00   12.082    
    17.00   11.256    
    18.00   10.463    
    19.00   9.7065    
    20.00   8.9893    
    21.00   8.3122    
    22.00   7.6757    
    23.00   7.0796    
    24.00   6.5233    
    25.00   6.0056    
    26.00   5.5253    
    27.00   5.0807    
    28.00   4.6700    
    29.00   4.2915    
    30.00   3.9431    
    31.00   3.6230    
    32.00   3.3292    
    33.00   3.0599    
    34.00   2.8133    
    35.00   2.5876    
    36.00   2.3811    
    37.00   2.1924    
    38.00   2.0199    
    39.00   1.8622    
    40.00   1.7183    
    41.00   1.5867    
    42.00   1.4665    
    43.00   1.3567    
    44.00   1.2563    
    45.00   1.1645    
    46.00   1.0805    
    47.00   1.0036    
    48.00  0.93314    
    49.00  0.86860    
    50.00  0.80943    
    51.00  0.75512    
    52.00  0.70524    
    53.00  0.65940    
    54.00  0.61723    
    55.00  0.57841    
    56.00  0.54264    
    57.00  0.50965    
    58.00  0.47921    
    59.00  0.45108    
    60.00  0.42507    
    61.00  0.40100    
    62.00  0.37870    
    63.00  0.35802    
    64.00  0.33883    
    65.00  0.32101    
    66.00  0.30444    
    67.00  0.28903    
    68.00  0.27468    
    69.00  0.26130    
    70.00  0.24882    
    71.00  0.23718    
    72.00  0.22630    
    73.00  0.21614    
    74.00  0.20663    
    75.00  0.19773    
    76.00  0.18939    
    77.00  0.18158    
    78.00  0.17425    
    79.00  0.16738    
    80.00  0.16093    
    81.00  0.15487    
    82.00  0.14918    
    83.00  0.14383    
    84.00  0.13880    
    85.00  0.13407    
    86.00  0.12963    
    87.00  0.12544    
    88.00  0.12150    
    89.00  0.11780    
    90.00  0.11431    
    91.00  0.11103    
    92.00  0.10795    
    93.00  0.10504    
    94.00  0.10231    
    95.00  0.99750E-01
    96.00  0.97340E-01
    97.00  0.95078E-01
    98.00  0.92957E-01
    99.00  0.90968E-01
   100.00  0.89108E-01
   101.00  0.87369E-01
   102.00  0.85746E-01
   103.00  0.84234E-01
   104.00  0.82829E-01
   105.00  0.81527E-01
   106.00  0.80324E-01
   107.00  0.79216E-01
   108.00  0.78201E-01
   109.00  0.77275E-01
   110.00  0.76435E-01
   111.00  0.75680E-01
   112.00  0.75007E-01
   113.00  0.74415E-01
   114.00  0.73901E-01
   115.00  0.73465E-01
   116.00  0.73104E-01
   117.00  0.72819E-01
   118.00  0.72608E-01
   119.00  0.72470E-01
   120.00  0.72405E-01
   121.00  0.72411E-01
   122.00  0.72490E-01
   123.00  0.72641E-01
   124.00  0.72863E-01
   125.00  0.73157E-01
   126.00  0.73522E-01
   127.00  0.73959E-01
   128.00  0.74467E-01
   129.00  0.75047E-01
   130.00  0.75699E-01
   131.00  0.76423E-01
   132.00  0.77218E-01
   133.00  0.78085E-01
   134.00  0.79023E-01
   135.00  0.80030E-01
   136.00  0.81107E-01
   137.00  0.82251E-01
   138.00  0.83460E-01
   139.00  0.84733E-01
   140.00  0.86066E-01
   141.00  0.87455E-01
   142.00  0.88896E-01
   143.00  0.90382E-01
   144.00  0.91906E-01
   145.00  0.93461E-01
   146.00  0.95036E-01
   147.00  0.96621E-01
   148.00  0.98203E-01
   149.00  0.99767E-01
   150.00  0.10130    
   151.00  0.10277    
   152.00  0.10418    
   153.00  0.10549    
   154.00  0.10669    
   155.00  0.10776    
   156.00  0.10866    
   157.00  0.10939    
   158.00  0.10992    
   159.00  0.11025    
   160.00  0.11037    
   161.00  0.11028    
   162.00  0.11000    
   163.00  0.10956    
   164.00  0.10900    
   165.00  0.10839    
   166.00  0.10779    
   167.00  0.10730    
   168.00  0.10700    
   169.00  0.10700    
   170.00  0.10736    
   171.00  0.10814    
   172.00  0.10936    
   173.00  0.11099    
   174.00  0.11295    
   175.00  0.11509    
   176.00  0.11726    
   177.00  0.11923    
   178.00  0.12082    
   179.00  0.12185    
   180.00  0.12221    
 |--------|------------|
0.740000     micron = Wavelength
 2.57380     = Extinction efficiency (Q)
 2.57380     = Scattering efficiency (Qs)
 0.00000     = Absorption efficiency (Qa)
 102.826     = Lidar ratio
0.437500     micron^2 = <b> = Average surface area per particle
 1.12604     microns^2 = Extinction cross section (C)
 1.12604     microns^2 = Scattering cross section (Cs)
 0.00000     microns^2 = Absorption cross section (Ca)
 |----------------------------------------------------|
 | COMMENTAIRES:                                      |
 |----------------------------------------------------|
 |   -Cross section / <b> should = efficiency         |
 |    is independant of the normalisation of dN/dx    |
 |   -The integral of the phase fct / 4 pi over all   |
 |    directions (solid angle) = 1.                   |
 |   -The volume coefficient (k) is equal to C * N    |
 |      = cross section * Number density              |
 |      typical units: [um^2]*[particles/cm^3] =      |
 |      [10^-3 km-1]                                  |
 |      N = M/(d*4/3*pi*r^3) where d is the density   |
 |      of particle, M is the mass per unit volume    |
 |      and 4/3*pi*r^3 is the average volume  of a    |
 |      particle.                                     |
 |      typical units:  M -> [ug/m^3], d -> [g/cm^3]  |
 |                      r -> [um]                     |
 |      Lidar ratio= 4 pi Qe / phase_fct(180)*Qs      |
 |----------------------------------------------------|
