 |--------|------------|
 | ANGLE  |  PHASE FCT |
 |--------|------------|
     0.00   21.528    
     1.00   21.469    
     2.00   21.295    
     3.00   21.009    
     4.00   20.619    
     5.00   20.133    
     6.00   19.562    
     7.00   18.918    
     8.00   18.213    
     9.00   17.459    
    10.00   16.670    
    11.00   15.856    
    12.00   15.028    
    13.00   14.198    
    14.00   13.372    
    15.00   12.559    
    16.00   11.765    
    17.00   10.995    
    18.00   10.253    
    19.00   9.5430    
    20.00   8.8665    
    21.00   8.2250    
    22.00   7.6196    
    23.00   7.0501    
    24.00   6.5165    
    25.00   6.0179    
    26.00   5.5533    
    27.00   5.1216    
    28.00   4.7212    
    29.00   4.3508    
    30.00   4.0085    
    31.00   3.6929    
    32.00   3.4022    
    33.00   3.1347    
    34.00   2.8889    
    35.00   2.6632    
    36.00   2.4561    
    37.00   2.2661    
    38.00   2.0920    
    39.00   1.9325    
    40.00   1.7863    
    41.00   1.6524    
    42.00   1.5297    
    43.00   1.4173    
    44.00   1.3143    
    45.00   1.2199    
    46.00   1.1333    
    47.00   1.0539    
    48.00  0.98107    
    49.00  0.91418    
    50.00  0.85273    
    51.00  0.79624    
    52.00  0.74428    
    53.00  0.69645    
    54.00  0.65240    
    55.00  0.61179    
    56.00  0.57433    
    57.00  0.53974    
    58.00  0.50778    
    59.00  0.47822    
    60.00  0.45086    
    61.00  0.42552    
    62.00  0.40203    
    63.00  0.38022    
    64.00  0.35998    
    65.00  0.34116    
    66.00  0.32366    
    67.00  0.30736    
    68.00  0.29218    
    69.00  0.27802    
    70.00  0.26481    
    71.00  0.25247    
    72.00  0.24095    
    73.00  0.23017    
    74.00  0.22008    
    75.00  0.21063    
    76.00  0.20178    
    77.00  0.19348    
    78.00  0.18570    
    79.00  0.17839    
    80.00  0.17153    
    81.00  0.16509    
    82.00  0.15903    
    83.00  0.15334    
    84.00  0.14799    
    85.00  0.14295    
    86.00  0.13821    
    87.00  0.13375    
    88.00  0.12955    
    89.00  0.12559    
    90.00  0.12187    
    91.00  0.11837    
    92.00  0.11507    
    93.00  0.11197    
    94.00  0.10905    
    95.00  0.10631    
    96.00  0.10373    
    97.00  0.10131    
    98.00  0.99039E-01
    99.00  0.96909E-01
   100.00  0.94914E-01
   101.00  0.93049E-01
   102.00  0.91307E-01
   103.00  0.89685E-01
   104.00  0.88176E-01
   105.00  0.86776E-01
   106.00  0.85482E-01
   107.00  0.84290E-01
   108.00  0.83196E-01
   109.00  0.82198E-01
   110.00  0.81293E-01
   111.00  0.80478E-01
   112.00  0.79751E-01
   113.00  0.79111E-01
   114.00  0.78555E-01
   115.00  0.78082E-01
   116.00  0.77690E-01
   117.00  0.77379E-01
   118.00  0.77148E-01
   119.00  0.76996E-01
   120.00  0.76923E-01
   121.00  0.76927E-01
   122.00  0.77009E-01
   123.00  0.77169E-01
   124.00  0.77406E-01
   125.00  0.77720E-01
   126.00  0.78112E-01
   127.00  0.78582E-01
   128.00  0.79130E-01
   129.00  0.79756E-01
   130.00  0.80459E-01
   131.00  0.81241E-01
   132.00  0.82100E-01
   133.00  0.83037E-01
   134.00  0.84051E-01
   135.00  0.85140E-01
   136.00  0.86304E-01
   137.00  0.87541E-01
   138.00  0.88849E-01
   139.00  0.90224E-01
   140.00  0.91663E-01
   141.00  0.93162E-01
   142.00  0.94713E-01
   143.00  0.96312E-01
   144.00  0.97950E-01
   145.00  0.99616E-01
   146.00  0.10130    
   147.00  0.10299    
   148.00  0.10467    
   149.00  0.10633    
   150.00  0.10794    
   151.00  0.10949    
   152.00  0.11096    
   153.00  0.11232    
   154.00  0.11356    
   155.00  0.11464    
   156.00  0.11555    
   157.00  0.11628    
   158.00  0.11680    
   159.00  0.11711    
   160.00  0.11722    
   161.00  0.11713    
   162.00  0.11686    
   163.00  0.11645    
   164.00  0.11596    
   165.00  0.11545    
   166.00  0.11499    
   167.00  0.11469    
   168.00  0.11463    
   169.00  0.11489    
   170.00  0.11555    
   171.00  0.11664    
   172.00  0.11817    
   173.00  0.12008    
   174.00  0.12230    
   175.00  0.12466    
   176.00  0.12699    
   177.00  0.12909    
   178.00  0.13076    
   179.00  0.13184    
   180.00  0.13221    
 |--------|------------|
0.490000     micron = Wavelength
 2.59363     = Extinction efficiency (Q)
 2.59363     = Scattering efficiency (Qs)
 0.00000     = Absorption efficiency (Qa)
 95.0482     = Lidar ratio
0.180223     micron^2 = <b> = Average surface area per particle
0.467430     microns^2 = Extinction cross section (C)
0.467430     microns^2 = Scattering cross section (Cs)
-.159939E-15 microns^2 = Absorption cross section (Ca)
 |----------------------------------------------------|
 | COMMENTAIRES:                                      |
 |----------------------------------------------------|
 |   -Cross section / <b> should = efficiency         |
 |    is independant of the normalisation of dN/dx    |
 |   -The integral of the phase fct / 4 pi over all   |
 |    directions (solid angle) = 1.                   |
 |   -The volume coefficient (k) is equal to C * N    |
 |      = cross section * Number density              |
 |      typical units: [um^2]*[particles/cm^3] =      |
 |      [10^-3 km-1]                                  |
 |      N = M/(d*4/3*pi*r^3) where d is the density   |
 |      of particle, M is the mass per unit volume    |
 |      and 4/3*pi*r^3 is the average volume  of a    |
 |      particle.                                     |
 |      typical units:  M -> [ug/m^3], d -> [g/cm^3]  |
 |                      r -> [um]                     |
 |      Lidar ratio= 4 pi Qe / phase_fct(180)*Qs      |
 |----------------------------------------------------|
