 |--------|------------|
 | ANGLE  |  PHASE FCT |
 |--------|------------|
     0.00   34.351    
     1.00   34.175    
     2.00   33.653    
     3.00   32.811    
     4.00   31.690    
     5.00   30.336    
     6.00   28.803    
     7.00   27.144    
     8.00   25.408    
     9.00   23.641    
    10.00   21.880    
    11.00   20.156    
    12.00   18.492    
    13.00   16.908    
    14.00   15.414    
    15.00   14.019    
    16.00   12.725    
    17.00   11.532    
    18.00   10.440    
    19.00   9.4429    
    20.00   8.5374    
    21.00   7.7174    
    22.00   6.9767    
    23.00   6.3091    
    24.00   5.7084    
    25.00   5.1685    
    26.00   4.6839    
    27.00   4.2490    
    28.00   3.8589    
    29.00   3.5089    
    30.00   3.1950    
    31.00   2.9131    
    32.00   2.6600    
    33.00   2.4324    
    34.00   2.2276    
    35.00   2.0432    
    36.00   1.8769    
    37.00   1.7267    
    38.00   1.5909    
    39.00   1.4680    
    40.00   1.3565    
    41.00   1.2553    
    42.00   1.1633    
    43.00   1.0795    
    44.00   1.0030    
    45.00  0.93321    
    46.00  0.86936    
    47.00  0.81088    
    48.00  0.75724    
    49.00  0.70798    
    50.00  0.66269    
    51.00  0.62098    
    52.00  0.58253    
    53.00  0.54705    
    54.00  0.51426    
    55.00  0.48393    
    56.00  0.45584    
    57.00  0.42981    
    58.00  0.40567    
    59.00  0.38324    
    60.00  0.36240    
    61.00  0.34301    
    62.00  0.32496    
    63.00  0.30814    
    64.00  0.29246    
    65.00  0.27783    
    66.00  0.26417    
    67.00  0.25141    
    68.00  0.23948    
    69.00  0.22833    
    70.00  0.21789    
    71.00  0.20811    
    72.00  0.19895    
    73.00  0.19037    
    74.00  0.18232    
    75.00  0.17477    
    76.00  0.16769    
    77.00  0.16104    
    78.00  0.15480    
    79.00  0.14894    
    80.00  0.14343    
    81.00  0.13826    
    82.00  0.13339    
    83.00  0.12883    
    84.00  0.12453    
    85.00  0.12050    
    86.00  0.11670    
    87.00  0.11314    
    88.00  0.10979    
    89.00  0.10664    
    90.00  0.10369    
    91.00  0.10092    
    92.00  0.98318E-01
    93.00  0.95881E-01
    94.00  0.93598E-01
    95.00  0.91463E-01
    96.00  0.89466E-01
    97.00  0.87604E-01
    98.00  0.85868E-01
    99.00  0.84255E-01
   100.00  0.82758E-01
   101.00  0.81372E-01
   102.00  0.80094E-01
   103.00  0.78920E-01
   104.00  0.77846E-01
   105.00  0.76869E-01
   106.00  0.75985E-01
   107.00  0.75193E-01
   108.00  0.74491E-01
   109.00  0.73875E-01
   110.00  0.73345E-01
   111.00  0.72899E-01
   112.00  0.72536E-01
   113.00  0.72254E-01
   114.00  0.72052E-01
   115.00  0.71931E-01
   116.00  0.71890E-01
   117.00  0.71929E-01
   118.00  0.72046E-01
   119.00  0.72244E-01
   120.00  0.72521E-01
   121.00  0.72879E-01
   122.00  0.73317E-01
   123.00  0.73837E-01
   124.00  0.74439E-01
   125.00  0.75123E-01
   126.00  0.75892E-01
   127.00  0.76746E-01
   128.00  0.77685E-01
   129.00  0.78712E-01
   130.00  0.79826E-01
   131.00  0.81030E-01
   132.00  0.82323E-01
   133.00  0.83707E-01
   134.00  0.85182E-01
   135.00  0.86750E-01
   136.00  0.88411E-01
   137.00  0.90165E-01
   138.00  0.92012E-01
   139.00  0.93952E-01
   140.00  0.95986E-01
   141.00  0.98111E-01
   142.00  0.10033    
   143.00  0.10263    
   144.00  0.10502    
   145.00  0.10750    
   146.00  0.11005    
   147.00  0.11267    
   148.00  0.11536    
   149.00  0.11810    
   150.00  0.12087    
   151.00  0.12366    
   152.00  0.12645    
   153.00  0.12919    
   154.00  0.13185    
   155.00  0.13437    
   156.00  0.13670    
   157.00  0.13875    
   158.00  0.14044    
   159.00  0.14166    
   160.00  0.14230    
   161.00  0.14223    
   162.00  0.14136    
   163.00  0.13957    
   164.00  0.13680    
   165.00  0.13305    
   166.00  0.12839    
   167.00  0.12298    
   168.00  0.11711    
   169.00  0.11117    
   170.00  0.10567    
   171.00  0.10113    
   172.00  0.98066E-01
   173.00  0.96862E-01
   174.00  0.97667E-01
   175.00  0.10033    
   176.00  0.10435    
   177.00  0.10894    
   178.00  0.11319    
   179.00  0.11617    
   180.00  0.11724    
 |--------|------------|
0.750000     micron = Wavelength
 3.07073     = Extinction efficiency (Q)
 3.07073     = Scattering efficiency (Qs)
 0.00000     = Absorption efficiency (Qa)
 107.183     = Lidar ratio
0.917851     micron^2 = <b> = Average surface area per particle
 2.81847     microns^2 = Extinction cross section (C)
 2.81847     microns^2 = Scattering cross section (Cs)
 0.00000     microns^2 = Absorption cross section (Ca)
 |----------------------------------------------------|
 | COMMENTAIRES:                                      |
 |----------------------------------------------------|
 |   -Cross section / <b> should = efficiency         |
 |    is independant of the normalisation of dN/dx    |
 |   -The integral of the phase fct / 4 pi over all   |
 |    directions (solid angle) = 1.                   |
 |   -The volume coefficient (k) is equal to C * N    |
 |      = cross section * Number density              |
 |      typical units: [um^2]*[particles/cm^3] =      |
 |      [10^-3 km-1]                                  |
 |      N = M/(d*4/3*pi*r^3) where d is the density   |
 |      of particle, M is the mass per unit volume    |
 |      and 4/3*pi*r^3 is the average volume  of a    |
 |      particle.                                     |
 |      typical units:  M -> [ug/m^3], d -> [g/cm^3]  |
 |                      r -> [um]                     |
 |      Lidar ratio= 4 pi Qe / phase_fct(180)*Qs      |
 |----------------------------------------------------|
