 |--------|------------|
 | ANGLE  |  PHASE FCT |
 |--------|------------|
     0.00   65.134    
     1.00   64.179    
     2.00   61.447    
     3.00   57.299    
     4.00   52.213    
     5.00   46.672    
     6.00   41.084    
     7.00   35.749    
     8.00   30.856    
     9.00   26.500    
    10.00   22.711    
    11.00   19.468    
    12.00   16.729    
    13.00   14.435    
    14.00   12.523    
    15.00   10.933    
    16.00   9.6107    
    17.00   8.5084    
    18.00   7.5849    
    19.00   6.8064    
    20.00   6.1450    
    21.00   5.5782    
    22.00   5.0882    
    23.00   4.6606    
    24.00   4.2841    
    25.00   3.9499    
    26.00   3.6508    
    27.00   3.3813    
    28.00   3.1370    
    29.00   2.9146    
    30.00   2.7110    
    31.00   2.5241    
    32.00   2.3521    
    33.00   2.1933    
    34.00   2.0465    
    35.00   1.9106    
    36.00   1.7847    
    37.00   1.6678    
    38.00   1.5593    
    39.00   1.4586    
    40.00   1.3649    
    41.00   1.2779    
    42.00   1.1969    
    43.00   1.1216    
    44.00   1.0516    
    45.00  0.98639    
    46.00  0.92570    
    47.00  0.86920    
    48.00  0.81658    
    49.00  0.76757    
    50.00  0.72190    
    51.00  0.67934    
    52.00  0.63965    
    53.00  0.60265    
    54.00  0.56814    
    55.00  0.53593    
    56.00  0.50586    
    57.00  0.47779    
    58.00  0.45157    
    59.00  0.42707    
    60.00  0.40417    
    61.00  0.38277    
    62.00  0.36274    
    63.00  0.34401    
    64.00  0.32648    
    65.00  0.31007    
    66.00  0.29471    
    67.00  0.28032    
    68.00  0.26684    
    69.00  0.25421    
    70.00  0.24237    
    71.00  0.23127    
    72.00  0.22087    
    73.00  0.21111    
    74.00  0.20196    
    75.00  0.19338    
    76.00  0.18534    
    77.00  0.17779    
    78.00  0.17071    
    79.00  0.16407    
    80.00  0.15785    
    81.00  0.15201    
    82.00  0.14654    
    83.00  0.14141    
    84.00  0.13661    
    85.00  0.13212    
    86.00  0.12791    
    87.00  0.12398    
    88.00  0.12030    
    89.00  0.11686    
    90.00  0.11366    
    91.00  0.11067    
    92.00  0.10789    
    93.00  0.10531    
    94.00  0.10291    
    95.00  0.10069    
    96.00  0.98642E-01
    97.00  0.96755E-01
    98.00  0.95025E-01
    99.00  0.93444E-01
   100.00  0.92008E-01
   101.00  0.90711E-01
   102.00  0.89550E-01
   103.00  0.88521E-01
   104.00  0.87620E-01
   105.00  0.86846E-01
   106.00  0.86196E-01
   107.00  0.85669E-01
   108.00  0.85264E-01
   109.00  0.84980E-01
   110.00  0.84820E-01
   111.00  0.84781E-01
   112.00  0.84867E-01
   113.00  0.85079E-01
   114.00  0.85418E-01
   115.00  0.85888E-01
   116.00  0.86492E-01
   117.00  0.87234E-01
   118.00  0.88116E-01
   119.00  0.89144E-01
   120.00  0.90321E-01
   121.00  0.91652E-01
   122.00  0.93143E-01
   123.00  0.94797E-01
   124.00  0.96618E-01
   125.00  0.98612E-01
   126.00  0.10078    
   127.00  0.10313    
   128.00  0.10566    
   129.00  0.10837    
   130.00  0.11127    
   131.00  0.11434    
   132.00  0.11759    
   133.00  0.12101    
   134.00  0.12460    
   135.00  0.12833    
   136.00  0.13220    
   137.00  0.13619    
   138.00  0.14027    
   139.00  0.14443    
   140.00  0.14863    
   141.00  0.15285    
   142.00  0.15706    
   143.00  0.16122    
   144.00  0.16531    
   145.00  0.16930    
   146.00  0.17316    
   147.00  0.17688    
   148.00  0.18046    
   149.00  0.18390    
   150.00  0.18723    
   151.00  0.19050    
   152.00  0.19376    
   153.00  0.19711    
   154.00  0.20066    
   155.00  0.20454    
   156.00  0.20891    
   157.00  0.21390    
   158.00  0.21966    
   159.00  0.22626    
   160.00  0.23371    
   161.00  0.24187    
   162.00  0.25045    
   163.00  0.25889    
   164.00  0.26637    
   165.00  0.27181    
   166.00  0.27393    
   167.00  0.27142    
   168.00  0.26326    
   169.00  0.24907    
   170.00  0.22954    
   171.00  0.20675    
   172.00  0.18419    
   173.00  0.16636    
   174.00  0.15775    
   175.00  0.16145    
   176.00  0.17775    
   177.00  0.20321    
   178.00  0.23095    
   179.00  0.25246    
   180.00  0.26056    
 |--------|------------|
0.740000     micron = Wavelength
 2.85291     = Extinction efficiency (Q)
 2.85291     = Scattering efficiency (Qs)
 0.00000     = Absorption efficiency (Qa)
 48.2281     = Lidar ratio
 2.43682     micron^2 = <b> = Average surface area per particle
 6.95204     microns^2 = Extinction cross section (C)
 6.95204     microns^2 = Scattering cross section (Cs)
0.194547E-14 microns^2 = Absorption cross section (Ca)
 |----------------------------------------------------|
 | COMMENTAIRES:                                      |
 |----------------------------------------------------|
 |   -Cross section / <b> should = efficiency         |
 |    is independant of the normalisation of dN/dx    |
 |   -The integral of the phase fct / 4 pi over all   |
 |    directions (solid angle) = 1.                   |
 |   -The volume coefficient (k) is equal to C * N    |
 |      = cross section * Number density              |
 |      typical units: [um^2]*[particles/cm^3] =      |
 |      [10^-3 km-1]                                  |
 |      N = M/(d*4/3*pi*r^3) where d is the density   |
 |      of particle, M is the mass per unit volume    |
 |      and 4/3*pi*r^3 is the average volume  of a    |
 |      particle.                                     |
 |      typical units:  M -> [ug/m^3], d -> [g/cm^3]  |
 |                      r -> [um]                     |
 |      Lidar ratio= 4 pi Qe / phase_fct(180)*Qs      |
 |----------------------------------------------------|
