 |--------|------------|
 | ANGLE  |  PHASE FCT |
 |--------|------------|
     0.00   224.19    
     1.00   212.48    
     2.00   181.81    
     3.00   142.55    
     4.00   104.83    
     5.00   74.246    
     6.00   51.819    
     7.00   36.239    
     8.00   25.753    
     9.00   18.849    
    10.00   14.339    
    11.00   11.366    
    12.00   9.3696    
    13.00   7.9957    
    14.00   7.0164    
    15.00   6.2878    
    16.00   5.7211    
    17.00   5.2593    
    18.00   4.8680    
    19.00   4.5290    
    20.00   4.2302    
    21.00   3.9607    
    22.00   3.7133    
    23.00   3.4859    
    24.00   3.2772    
    25.00   3.0839    
    26.00   2.9028    
    27.00   2.7332    
    28.00   2.5753    
    29.00   2.4278    
    30.00   2.2890    
    31.00   2.1580    
    32.00   2.0353    
    33.00   1.9203    
    34.00   1.8118    
    35.00   1.7093    
    36.00   1.6129    
    37.00   1.5225    
    38.00   1.4372    
    39.00   1.3564    
    40.00   1.2805    
    41.00   1.2091    
    42.00   1.1418    
    43.00   1.0781    
    44.00   1.0182    
    45.00  0.96187    
    46.00  0.90869    
    47.00  0.85843    
    48.00  0.81116    
    49.00  0.76671    
    50.00  0.72473    
    51.00  0.68508    
    52.00  0.64781    
    53.00  0.61273    
    54.00  0.57958    
    55.00  0.54829    
    56.00  0.51889    
    57.00  0.49123    
    58.00  0.46507    
    59.00  0.44036    
    60.00  0.41715    
    61.00  0.39530    
    62.00  0.37467    
    63.00  0.35519    
    64.00  0.33684    
    65.00  0.31957    
    66.00  0.30328    
    67.00  0.28792    
    68.00  0.27345    
    69.00  0.25980    
    70.00  0.24692    
    71.00  0.23481    
    72.00  0.22342    
    73.00  0.21267    
    74.00  0.20251    
    75.00  0.19296    
    76.00  0.18401    
    77.00  0.17557    
    78.00  0.16761    
    79.00  0.16013    
    80.00  0.15312    
    81.00  0.14653    
    82.00  0.14033    
    83.00  0.13453    
    84.00  0.12910    
    85.00  0.12401    
    86.00  0.11925    
    87.00  0.11481    
    88.00  0.11068    
    89.00  0.10682    
    90.00  0.10324    
    91.00  0.99918E-01
    92.00  0.96848E-01
    93.00  0.94017E-01
    94.00  0.91409E-01
    95.00  0.89012E-01
    96.00  0.86820E-01
    97.00  0.84819E-01
    98.00  0.82994E-01
    99.00  0.81341E-01
   100.00  0.79859E-01
   101.00  0.78525E-01
   102.00  0.77321E-01
   103.00  0.76248E-01
   104.00  0.75304E-01
   105.00  0.74478E-01
   106.00  0.73765E-01
   107.00  0.73158E-01
   108.00  0.72641E-01
   109.00  0.72216E-01
   110.00  0.71898E-01
   111.00  0.71690E-01
   112.00  0.71580E-01
   113.00  0.71568E-01
   114.00  0.71669E-01
   115.00  0.71898E-01
   116.00  0.72273E-01
   117.00  0.72807E-01
   118.00  0.73501E-01
   119.00  0.74381E-01
   120.00  0.75489E-01
   121.00  0.76855E-01
   122.00  0.78485E-01
   123.00  0.80409E-01
   124.00  0.82691E-01
   125.00  0.85371E-01
   126.00  0.88472E-01
   127.00  0.92040E-01
   128.00  0.96134E-01
   129.00  0.10079    
   130.00  0.10604    
   131.00  0.11196    
   132.00  0.11857    
   133.00  0.12586    
   134.00  0.13386    
   135.00  0.14264    
   136.00  0.15212    
   137.00  0.16219    
   138.00  0.17284    
   139.00  0.18399    
   140.00  0.19542    
   141.00  0.20694    
   142.00  0.21838    
   143.00  0.22951    
   144.00  0.23997    
   145.00  0.24953    
   146.00  0.25794    
   147.00  0.26493    
   148.00  0.27027    
   149.00  0.27388    
   150.00  0.27573    
   151.00  0.27583    
   152.00  0.27435    
   153.00  0.27162    
   154.00  0.26799    
   155.00  0.26386    
   156.00  0.25976    
   157.00  0.25628    
   158.00  0.25390    
   159.00  0.25329    
   160.00  0.25529    
   161.00  0.26074    
   162.00  0.27054    
   163.00  0.28590    
   164.00  0.30796    
   165.00  0.33714    
   166.00  0.37309    
   167.00  0.41417    
   168.00  0.45628    
   169.00  0.49306    
   170.00  0.51779    
   171.00  0.52510    
   172.00  0.51286    
   173.00  0.48530    
   174.00  0.45327    
   175.00  0.43101    
   176.00  0.43621    
   177.00  0.48841    
   178.00  0.58912    
   179.00  0.69714    
   180.00  0.74463    
 |--------|------------|
0.380000     micron = Wavelength
 2.32353     = Extinction efficiency (Q)
 2.32353     = Scattering efficiency (Qs)
 0.00000     = Absorption efficiency (Qa)
 16.8760     = Lidar ratio
 2.42857     micron^2 = <b> = Average surface area per particle
 5.64286     microns^2 = Extinction cross section (C)
 5.64286     microns^2 = Scattering cross section (Cs)
 0.00000     microns^2 = Absorption cross section (Ca)
 |----------------------------------------------------|
 | COMMENTAIRES:                                      |
 |----------------------------------------------------|
 |   -Cross section / <b> should = efficiency         |
 |    is independant of the normalisation of dN/dx    |
 |   -The integral of the phase fct / 4 pi over all   |
 |    directions (solid angle) = 1.                   |
 |   -The volume coefficient (k) is equal to C * N    |
 |      = cross section * Number density              |
 |      typical units: [um^2]*[particles/cm^3] =      |
 |      [10^-3 km-1]                                  |
 |      N = M/(d*4/3*pi*r^3) where d is the density   |
 |      of particle, M is the mass per unit volume    |
 |      and 4/3*pi*r^3 is the average volume  of a    |
 |      particle.                                     |
 |      typical units:  M -> [ug/m^3], d -> [g/cm^3]  |
 |                      r -> [um]                     |
 |      Lidar ratio= 4 pi Qe / phase_fct(180)*Qs      |
 |----------------------------------------------------|
