 |--------|------------|
 | ANGLE  |  PHASE FCT |
 |--------|------------|
     0.00   17.016    
     1.00   16.981    
     2.00   16.878    
     3.00   16.707    
     4.00   16.473    
     5.00   16.179    
     6.00   15.829    
     7.00   15.430    
     8.00   14.988    
     9.00   14.508    
    10.00   13.998    
    11.00   13.463    
    12.00   12.910    
    13.00   12.345    
    14.00   11.773    
    15.00   11.199    
    16.00   10.628    
    17.00   10.064    
    18.00   9.5102    
    19.00   8.9695    
    20.00   8.4445    
    21.00   7.9372    
    22.00   7.4491    
    23.00   6.9814    
    24.00   6.5348    
    25.00   6.1099    
    26.00   5.7067    
    27.00   5.3254    
    28.00   4.9655    
    29.00   4.6267    
    30.00   4.3084    
    31.00   4.0100    
    32.00   3.7308    
    33.00   3.4698    
    34.00   3.2263    
    35.00   2.9995    
    36.00   2.7883    
    37.00   2.5920    
    38.00   2.4096    
    39.00   2.2403    
    40.00   2.0834    
    41.00   1.9379    
    42.00   1.8031    
    43.00   1.6783    
    44.00   1.5628    
    45.00   1.4559    
    46.00   1.3570    
    47.00   1.2656    
    48.00   1.1810    
    49.00   1.1027    
    50.00   1.0303    
    51.00  0.96333    
    52.00  0.90137    
    53.00  0.84403    
    54.00  0.79095    
    55.00  0.74181    
    56.00  0.69629    
    57.00  0.65412    
    58.00  0.61502    
    59.00  0.57877    
    60.00  0.54514    
    61.00  0.51392    
    62.00  0.48494    
    63.00  0.45801    
    64.00  0.43297    
    65.00  0.40968    
    66.00  0.38801    
    67.00  0.36783    
    68.00  0.34903    
    69.00  0.33150    
    70.00  0.31515    
    71.00  0.29988    
    72.00  0.28563    
    73.00  0.27231    
    74.00  0.25986    
    75.00  0.24821    
    76.00  0.23731    
    77.00  0.22710    
    78.00  0.21753    
    79.00  0.20856    
    80.00  0.20014    
    81.00  0.19225    
    82.00  0.18484    
    83.00  0.17787    
    84.00  0.17133    
    85.00  0.16519    
    86.00  0.15941    
    87.00  0.15397    
    88.00  0.14886    
    89.00  0.14405    
    90.00  0.13953    
    91.00  0.13527    
    92.00  0.13126    
    93.00  0.12749    
    94.00  0.12394    
    95.00  0.12061    
    96.00  0.11747    
    97.00  0.11452    
    98.00  0.11175    
    99.00  0.10914    
   100.00  0.10670    
   101.00  0.10441    
   102.00  0.10227    
   103.00  0.10027    
   104.00  0.98394E-01
   105.00  0.96649E-01
   106.00  0.95026E-01
   107.00  0.93519E-01
   108.00  0.92124E-01
   109.00  0.90837E-01
   110.00  0.89655E-01
   111.00  0.88574E-01
   112.00  0.87590E-01
   113.00  0.86700E-01
   114.00  0.85903E-01
   115.00  0.85195E-01
   116.00  0.84575E-01
   117.00  0.84040E-01
   118.00  0.83589E-01
   119.00  0.83219E-01
   120.00  0.82930E-01
   121.00  0.82720E-01
   122.00  0.82587E-01
   123.00  0.82531E-01
   124.00  0.82550E-01
   125.00  0.82644E-01
   126.00  0.82811E-01
   127.00  0.83051E-01
   128.00  0.83362E-01
   129.00  0.83743E-01
   130.00  0.84194E-01
   131.00  0.84713E-01
   132.00  0.85298E-01
   133.00  0.85949E-01
   134.00  0.86663E-01
   135.00  0.87439E-01
   136.00  0.88274E-01
   137.00  0.89166E-01
   138.00  0.90112E-01
   139.00  0.91109E-01
   140.00  0.92152E-01
   141.00  0.93238E-01
   142.00  0.94362E-01
   143.00  0.95517E-01
   144.00  0.96700E-01
   145.00  0.97903E-01
   146.00  0.99119E-01
   147.00  0.10034    
   148.00  0.10156    
   149.00  0.10277    
   150.00  0.10397    
   151.00  0.10513    
   152.00  0.10627    
   153.00  0.10736    
   154.00  0.10841    
   155.00  0.10940    
   156.00  0.11035    
   157.00  0.11124    
   158.00  0.11209    
   159.00  0.11290    
   160.00  0.11368    
   161.00  0.11445    
   162.00  0.11523    
   163.00  0.11604    
   164.00  0.11692    
   165.00  0.11789    
   166.00  0.11898    
   167.00  0.12023    
   168.00  0.12164    
   169.00  0.12324    
   170.00  0.12501    
   171.00  0.12695    
   172.00  0.12901    
   173.00  0.13114    
   174.00  0.13326    
   175.00  0.13530    
   176.00  0.13714    
   177.00  0.13871    
   178.00  0.13990    
   179.00  0.14064    
   180.00  0.14089    
 |--------|------------|
0.498000     micron = Wavelength
 2.19777     = Extinction efficiency (Q)
 2.19777     = Scattering efficiency (Qs)
 0.00000     = Absorption efficiency (Qa)
 89.1910     = Lidar ratio
0.126656     micron^2 = <b> = Average surface area per particle
0.278360     microns^2 = Extinction cross section (C)
0.278360     microns^2 = Scattering cross section (Cs)
 0.00000     microns^2 = Absorption cross section (Ca)
 |----------------------------------------------------|
 | COMMENTAIRES:                                      |
 |----------------------------------------------------|
 |   -Cross section / <b> should = efficiency         |
 |    is independant of the normalisation of dN/dx    |
 |   -The integral of the phase fct / 4 pi over all   |
 |    directions (solid angle) = 1.                   |
 |   -The volume coefficient (k) is equal to C * N    |
 |      = cross section * Number density              |
 |      typical units: [um^2]*[particles/cm^3] =      |
 |      [10^-3 km-1]                                  |
 |      N = M/(d*4/3*pi*r^3) where d is the density   |
 |      of particle, M is the mass per unit volume    |
 |      and 4/3*pi*r^3 is the average volume  of a    |
 |      particle.                                     |
 |      typical units:  M -> [ug/m^3], d -> [g/cm^3]  |
 |                      r -> [um]                     |
 |      Lidar ratio= 4 pi Qe / phase_fct(180)*Qs      |
 |----------------------------------------------------|
