 |--------|------------|
 | ANGLE  |  PHASE FCT |
 |--------|------------|
     0.00   12.976    
     1.00   12.957    
     2.00   12.900    
     3.00   12.806    
     4.00   12.676    
     5.00   12.511    
     6.00   12.315    
     7.00   12.088    
     8.00   11.833    
     9.00   11.554    
    10.00   11.253    
    11.00   10.933    
    12.00   10.597    
    13.00   10.248    
    14.00   9.8888    
    15.00   9.5224    
    16.00   9.1515    
    17.00   8.7783    
    18.00   8.4050    
    19.00   8.0339    
    20.00   7.6668    
    21.00   7.3052    
    22.00   6.9506    
    23.00   6.6043    
    24.00   6.2673    
    25.00   5.9404    
    26.00   5.6243    
    27.00   5.3195    
    28.00   5.0264    
    29.00   4.7453    
    30.00   4.4762    
    31.00   4.2193    
    32.00   3.9744    
    33.00   3.7414    
    34.00   3.5202    
    35.00   3.3104    
    36.00   3.1117    
    37.00   2.9239    
    38.00   2.7465    
    39.00   2.5792    
    40.00   2.4215    
    41.00   2.2731    
    42.00   2.1336    
    43.00   2.0024    
    44.00   1.8793    
    45.00   1.7637    
    46.00   1.6554    
    47.00   1.5538    
    48.00   1.4587    
    49.00   1.3696    
    50.00   1.2862    
    51.00   1.2082    
    52.00   1.1353    
    53.00   1.0671    
    54.00   1.0033    
    55.00  0.94369    
    56.00  0.88798    
    57.00  0.83592    
    58.00  0.78727    
    59.00  0.74182    
    60.00  0.69934    
    61.00  0.65966    
    62.00  0.62257    
    63.00  0.58791    
    64.00  0.55551    
    65.00  0.52523    
    66.00  0.49692    
    67.00  0.47045    
    68.00  0.44569    
    69.00  0.42253    
    70.00  0.40086    
    71.00  0.38058    
    72.00  0.36160    
    73.00  0.34382    
    74.00  0.32717    
    75.00  0.31157    
    76.00  0.29695    
    77.00  0.28324    
    78.00  0.27039    
    79.00  0.25834    
    80.00  0.24703    
    81.00  0.23641    
    82.00  0.22645    
    83.00  0.21709    
    84.00  0.20830    
    85.00  0.20004    
    86.00  0.19228    
    87.00  0.18498    
    88.00  0.17812    
    89.00  0.17167    
    90.00  0.16560    
    91.00  0.15989    
    92.00  0.15452    
    93.00  0.14947    
    94.00  0.14472    
    95.00  0.14024    
    96.00  0.13604    
    97.00  0.13208    
    98.00  0.12835    
    99.00  0.12485    
   100.00  0.12156    
   101.00  0.11847    
   102.00  0.11557    
   103.00  0.11284    
   104.00  0.11029    
   105.00  0.10789    
   106.00  0.10565    
   107.00  0.10355    
   108.00  0.10159    
   109.00  0.99764E-01
   110.00  0.98064E-01
   111.00  0.96485E-01
   112.00  0.95021E-01
   113.00  0.93669E-01
   114.00  0.92424E-01
   115.00  0.91282E-01
   116.00  0.90239E-01
   117.00  0.89291E-01
   118.00  0.88436E-01
   119.00  0.87670E-01
   120.00  0.86991E-01
   121.00  0.86395E-01
   122.00  0.85882E-01
   123.00  0.85447E-01
   124.00  0.85090E-01
   125.00  0.84808E-01
   126.00  0.84599E-01
   127.00  0.84462E-01
   128.00  0.84396E-01
   129.00  0.84397E-01
   130.00  0.84466E-01
   131.00  0.84600E-01
   132.00  0.84799E-01
   133.00  0.85060E-01
   134.00  0.85383E-01
   135.00  0.85765E-01
   136.00  0.86207E-01
   137.00  0.86706E-01
   138.00  0.87261E-01
   139.00  0.87871E-01
   140.00  0.88534E-01
   141.00  0.89250E-01
   142.00  0.90016E-01
   143.00  0.90831E-01
   144.00  0.91694E-01
   145.00  0.92603E-01
   146.00  0.93557E-01
   147.00  0.94554E-01
   148.00  0.95593E-01
   149.00  0.96673E-01
   150.00  0.97793E-01
   151.00  0.98951E-01
   152.00  0.10015    
   153.00  0.10138    
   154.00  0.10265    
   155.00  0.10396    
   156.00  0.10530    
   157.00  0.10669    
   158.00  0.10811    
   159.00  0.10956    
   160.00  0.11106    
   161.00  0.11260    
   162.00  0.11418    
   163.00  0.11580    
   164.00  0.11746    
   165.00  0.11915    
   166.00  0.12087    
   167.00  0.12262    
   168.00  0.12438    
   169.00  0.12614    
   170.00  0.12788    
   171.00  0.12959    
   172.00  0.13123    
   173.00  0.13278    
   174.00  0.13421    
   175.00  0.13549    
   176.00  0.13658    
   177.00  0.13747    
   178.00  0.13812    
   179.00  0.13852    
   180.00  0.13866    
 |--------|------------|
0.760000     micron = Wavelength
 1.43305     = Extinction efficiency (Q)
 1.43305     = Scattering efficiency (Qs)
 0.00000     = Absorption efficiency (Qa)
 90.6284     = Lidar ratio
0.180223     micron^2 = <b> = Average surface area per particle
0.258268     microns^2 = Extinction cross section (C)
0.258268     microns^2 = Scattering cross section (Cs)
 0.00000     microns^2 = Absorption cross section (Ca)
 |----------------------------------------------------|
 | COMMENTAIRES:                                      |
 |----------------------------------------------------|
 |   -Cross section / <b> should = efficiency         |
 |    is independant of the normalisation of dN/dx    |
 |   -The integral of the phase fct / 4 pi over all   |
 |    directions (solid angle) = 1.                   |
 |   -The volume coefficient (k) is equal to C * N    |
 |      = cross section * Number density              |
 |      typical units: [um^2]*[particles/cm^3] =      |
 |      [10^-3 km-1]                                  |
 |      N = M/(d*4/3*pi*r^3) where d is the density   |
 |      of particle, M is the mass per unit volume    |
 |      and 4/3*pi*r^3 is the average volume  of a    |
 |      particle.                                     |
 |      typical units:  M -> [ug/m^3], d -> [g/cm^3]  |
 |                      r -> [um]                     |
 |      Lidar ratio= 4 pi Qe / phase_fct(180)*Qs      |
 |----------------------------------------------------|
