 |--------|------------|
 | ANGLE  |  PHASE FCT |
 |--------|------------|
     0.00   145.30    
     1.00   140.14    
     2.00   126.12    
     3.00   106.88    
     4.00   86.384    
     5.00   67.517    
     6.00   51.669    
     7.00   39.122    
     8.00   29.583    
     9.00   22.538    
    10.00   17.431    
    11.00   13.768    
    12.00   11.151    
    13.00   9.2771    
    14.00   7.9229    
    15.00   6.9285    
    16.00   6.1820    
    17.00   5.6052    
    18.00   5.1448    
    19.00   4.7653    
    20.00   4.4428    
    21.00   4.1612    
    22.00   3.9091    
    23.00   3.6798    
    24.00   3.4686    
    25.00   3.2723    
    26.00   3.0883    
    27.00   2.9153    
    28.00   2.7521    
    29.00   2.5981    
    30.00   2.4524    
    31.00   2.3145    
    32.00   2.1842    
    33.00   2.0610    
    34.00   1.9444    
    35.00   1.8342    
    36.00   1.7302    
    37.00   1.6320    
    38.00   1.5394    
    39.00   1.4519    
    40.00   1.3694    
    41.00   1.2917    
    42.00   1.2185    
    43.00   1.1495    
    44.00   1.0846    
    45.00   1.0234    
    46.00  0.96591    
    47.00  0.91174    
    48.00  0.86078    
    49.00  0.81287    
    50.00  0.76779    
    51.00  0.72537    
    52.00  0.68548    
    53.00  0.64797    
    54.00  0.61269    
    55.00  0.57950    
    56.00  0.54830    
    57.00  0.51894    
    58.00  0.49133    
    59.00  0.46535    
    60.00  0.44092    
    61.00  0.41793    
    62.00  0.39630    
    63.00  0.37594    
    64.00  0.35679    
    65.00  0.33878    
    66.00  0.32181    
    67.00  0.30585    
    68.00  0.29083    
    69.00  0.27669    
    70.00  0.26339    
    71.00  0.25086    
    72.00  0.23909    
    73.00  0.22800    
    74.00  0.21757    
    75.00  0.20776    
    76.00  0.19854    
    77.00  0.18988    
    78.00  0.18173    
    79.00  0.17407    
    80.00  0.16689    
    81.00  0.16015    
    82.00  0.15382    
    83.00  0.14789    
    84.00  0.14234    
    85.00  0.13714    
    86.00  0.13228    
    87.00  0.12774    
    88.00  0.12350    
    89.00  0.11955    
    90.00  0.11588    
    91.00  0.11246    
    92.00  0.10929    
    93.00  0.10635    
    94.00  0.10363    
    95.00  0.10113    
    96.00  0.98821E-01
    97.00  0.96707E-01
    98.00  0.94772E-01
    99.00  0.93008E-01
   100.00  0.91409E-01
   101.00  0.89966E-01
   102.00  0.88673E-01
   103.00  0.87525E-01
   104.00  0.86517E-01
   105.00  0.85643E-01
   106.00  0.84903E-01
   107.00  0.84293E-01
   108.00  0.83814E-01
   109.00  0.83464E-01
   110.00  0.83247E-01
   111.00  0.83167E-01
   112.00  0.83225E-01
   113.00  0.83428E-01
   114.00  0.83783E-01
   115.00  0.84302E-01
   116.00  0.84996E-01
   117.00  0.85875E-01
   118.00  0.86954E-01
   119.00  0.88245E-01
   120.00  0.89771E-01
   121.00  0.91552E-01
   122.00  0.93609E-01
   123.00  0.95963E-01
   124.00  0.98633E-01
   125.00  0.10165    
   126.00  0.10503    
   127.00  0.10881    
   128.00  0.11301    
   129.00  0.11764    
   130.00  0.12273    
   131.00  0.12830    
   132.00  0.13436    
   133.00  0.14090    
   134.00  0.14792    
   135.00  0.15541    
   136.00  0.16334    
   137.00  0.17163    
   138.00  0.18026    
   139.00  0.18913    
   140.00  0.19814    
   141.00  0.20715    
   142.00  0.21605    
   143.00  0.22469    
   144.00  0.23290    
   145.00  0.24051    
   146.00  0.24738    
   147.00  0.25336    
   148.00  0.25832    
   149.00  0.26219    
   150.00  0.26493    
   151.00  0.26657    
   152.00  0.26719    
   153.00  0.26699    
   154.00  0.26620    
   155.00  0.26515    
   156.00  0.26430    
   157.00  0.26415    
   158.00  0.26533    
   159.00  0.26858    
   160.00  0.27472    
   161.00  0.28460    
   162.00  0.29898    
   163.00  0.31848    
   164.00  0.34319    
   165.00  0.37233    
   166.00  0.40397    
   167.00  0.43479    
   168.00  0.46010    
   169.00  0.47446    
   170.00  0.47325    
   171.00  0.45459    
   172.00  0.42124    
   173.00  0.38184    
   174.00  0.35000    
   175.00  0.34092    
   176.00  0.36658    
   177.00  0.42955    
   178.00  0.51563    
   179.00  0.59245    
   180.00  0.62351    
 |--------|------------|
0.480000     micron = Wavelength
 2.41376     = Extinction efficiency (Q)
 2.41376     = Scattering efficiency (Qs)
 0.00000     = Absorption efficiency (Qa)
 20.1544     = Lidar ratio
 2.43557     micron^2 = <b> = Average surface area per particle
 5.87888     microns^2 = Extinction cross section (C)
 5.87888     microns^2 = Scattering cross section (Cs)
 0.00000     microns^2 = Absorption cross section (Ca)
 |----------------------------------------------------|
 | COMMENTAIRES:                                      |
 |----------------------------------------------------|
 |   -Cross section / <b> should = efficiency         |
 |    is independant of the normalisation of dN/dx    |
 |   -The integral of the phase fct / 4 pi over all   |
 |    directions (solid angle) = 1.                   |
 |   -The volume coefficient (k) is equal to C * N    |
 |      = cross section * Number density              |
 |      typical units: [um^2]*[particles/cm^3] =      |
 |      [10^-3 km-1]                                  |
 |      N = M/(d*4/3*pi*r^3) where d is the density   |
 |      of particle, M is the mass per unit volume    |
 |      and 4/3*pi*r^3 is the average volume  of a    |
 |      particle.                                     |
 |      typical units:  M -> [ug/m^3], d -> [g/cm^3]  |
 |                      r -> [um]                     |
 |      Lidar ratio= 4 pi Qe / phase_fct(180)*Qs      |
 |----------------------------------------------------|
