 |--------|------------|
 | ANGLE  |  PHASE FCT |
 |--------|------------|
     0.00   36.346    
     1.00   36.139    
     2.00   35.530    
     3.00   34.553    
     4.00   33.257    
     5.00   31.703    
     6.00   29.959    
     7.00   28.087    
     8.00   26.148    
     9.00   24.193    
    10.00   22.265    
    11.00   20.396    
    12.00   18.612    
    13.00   16.928    
    14.00   15.357    
    15.00   13.903    
    16.00   12.566    
    17.00   11.345    
    18.00   10.236    
    19.00   9.2316    
    20.00   8.3256    
    21.00   7.5105    
    22.00   6.7787    
    23.00   6.1226    
    24.00   5.5353    
    25.00   5.0098    
    26.00   4.5398    
    27.00   4.1194    
    28.00   3.7433    
    29.00   3.4066    
    30.00   3.1050    
    31.00   2.8346    
    32.00   2.5919    
    33.00   2.3738    
    34.00   2.1775    
    35.00   2.0006    
    36.00   1.8409    
    37.00   1.6966    
    38.00   1.5659    
    39.00   1.4475    
    40.00   1.3398    
    41.00   1.2419    
    42.00   1.1527    
    43.00   1.0714    
    44.00  0.99696    
    45.00  0.92887    
    46.00  0.86646    
    47.00  0.80918    
    48.00  0.75654    
    49.00  0.70809    
    50.00  0.66346    
    51.00  0.62227    
    52.00  0.58425    
    53.00  0.54908    
    54.00  0.51654    
    55.00  0.48640    
    56.00  0.45844    
    57.00  0.43249    
    58.00  0.40839    
    59.00  0.38598    
    60.00  0.36513    
    61.00  0.34571    
    62.00  0.32762    
    63.00  0.31075    
    64.00  0.29501    
    65.00  0.28031    
    66.00  0.26658    
    67.00  0.25374    
    68.00  0.24174    
    69.00  0.23051    
    70.00  0.21999    
    71.00  0.21014    
    72.00  0.20091    
    73.00  0.19226    
    74.00  0.18415    
    75.00  0.17654    
    76.00  0.16940    
    77.00  0.16269    
    78.00  0.15640    
    79.00  0.15049    
    80.00  0.14494    
    81.00  0.13972    
    82.00  0.13482    
    83.00  0.13022    
    84.00  0.12589    
    85.00  0.12182    
    86.00  0.11800    
    87.00  0.11442    
    88.00  0.11105    
    89.00  0.10788    
    90.00  0.10491    
    91.00  0.10213    
    92.00  0.99517E-01
    93.00  0.97072E-01
    94.00  0.94783E-01
    95.00  0.92644E-01
    96.00  0.90647E-01
    97.00  0.88786E-01
    98.00  0.87053E-01
    99.00  0.85445E-01
   100.00  0.83955E-01
   101.00  0.82580E-01
   102.00  0.81314E-01
   103.00  0.80154E-01
   104.00  0.79097E-01
   105.00  0.78139E-01
   106.00  0.77278E-01
   107.00  0.76511E-01
   108.00  0.75836E-01
   109.00  0.75252E-01
   110.00  0.74755E-01
   111.00  0.74346E-01
   112.00  0.74022E-01
   113.00  0.73783E-01
   114.00  0.73629E-01
   115.00  0.73559E-01
   116.00  0.73573E-01
   117.00  0.73670E-01
   118.00  0.73852E-01
   119.00  0.74117E-01
   120.00  0.74468E-01
   121.00  0.74903E-01
   122.00  0.75424E-01
   123.00  0.76032E-01
   124.00  0.76728E-01
   125.00  0.77513E-01
   126.00  0.78388E-01
   127.00  0.79354E-01
   128.00  0.80411E-01
   129.00  0.81562E-01
   130.00  0.82808E-01
   131.00  0.84149E-01
   132.00  0.85586E-01
   133.00  0.87120E-01
   134.00  0.88752E-01
   135.00  0.90483E-01
   136.00  0.92312E-01
   137.00  0.94241E-01
   138.00  0.96269E-01
   139.00  0.98397E-01
   140.00  0.10062    
   141.00  0.10295    
   142.00  0.10537    
   143.00  0.10788    
   144.00  0.11050    
   145.00  0.11320    
   146.00  0.11599    
   147.00  0.11886    
   148.00  0.12182    
   149.00  0.12484    
   150.00  0.12791    
   151.00  0.13103    
   152.00  0.13417    
   153.00  0.13729    
   154.00  0.14037    
   155.00  0.14334    
   156.00  0.14614    
   157.00  0.14869    
   158.00  0.15089    
   159.00  0.15261    
   160.00  0.15371    
   161.00  0.15405    
   162.00  0.15345    
   163.00  0.15178    
   164.00  0.14892    
   165.00  0.14480    
   166.00  0.13947    
   167.00  0.13308    
   168.00  0.12593    
   169.00  0.11850    
   170.00  0.11140    
   171.00  0.10533    
   172.00  0.10097    
   173.00  0.98880E-01
   174.00  0.99343E-01
   175.00  0.10223    
   176.00  0.10697    
   177.00  0.11259    
   178.00  0.11787    
   179.00  0.12163    
   180.00  0.12298    
 |--------|------------|
0.710000     micron = Wavelength
 3.10570     = Extinction efficiency (Q)
 3.10570     = Scattering efficiency (Qs)
 0.00000     = Absorption efficiency (Qa)
 102.180     = Lidar ratio
0.917851     micron^2 = <b> = Average surface area per particle
 2.85057     microns^2 = Extinction cross section (C)
 2.85057     microns^2 = Scattering cross section (Cs)
 0.00000     microns^2 = Absorption cross section (Ca)
 |----------------------------------------------------|
 | COMMENTAIRES:                                      |
 |----------------------------------------------------|
 |   -Cross section / <b> should = efficiency         |
 |    is independant of the normalisation of dN/dx    |
 |   -The integral of the phase fct / 4 pi over all   |
 |    directions (solid angle) = 1.                   |
 |   -The volume coefficient (k) is equal to C * N    |
 |      = cross section * Number density              |
 |      typical units: [um^2]*[particles/cm^3] =      |
 |      [10^-3 km-1]                                  |
 |      N = M/(d*4/3*pi*r^3) where d is the density   |
 |      of particle, M is the mass per unit volume    |
 |      and 4/3*pi*r^3 is the average volume  of a    |
 |      particle.                                     |
 |      typical units:  M -> [ug/m^3], d -> [g/cm^3]  |
 |                      r -> [um]                     |
 |      Lidar ratio= 4 pi Qe / phase_fct(180)*Qs      |
 |----------------------------------------------------|
