 |--------|------------|
 | ANGLE  |  PHASE FCT |
 |--------|------------|
     0.00   48.778    
     1.00   48.309    
     2.00   46.946    
     3.00   44.815    
     4.00   42.092    
     5.00   38.976    
     6.00   35.654    
     7.00   32.289    
     8.00   29.007    
     9.00   25.897    
    10.00   23.016    
    11.00   20.393    
    12.00   18.039    
    13.00   15.948    
    14.00   14.106    
    15.00   12.492    
    16.00   11.085    
    17.00   9.8601    
    18.00   8.7956    
    19.00   7.8703    
    20.00   7.0649    
    21.00   6.3628    
    22.00   5.7491    
    23.00   5.2108    
    24.00   4.7371    
    25.00   4.3187    
    26.00   3.9476    
    27.00   3.6173    
    28.00   3.3220    
    29.00   3.0572    
    30.00   2.8188    
    31.00   2.6034    
    32.00   2.4082    
    33.00   2.2308    
    34.00   2.0692    
    35.00   1.9216    
    36.00   1.7865    
    37.00   1.6626    
    38.00   1.5488    
    39.00   1.4441    
    40.00   1.3476    
    41.00   1.2586    
    42.00   1.1764    
    43.00   1.1005    
    44.00   1.0301    
    45.00  0.96502    
    46.00  0.90466    
    47.00  0.84867    
    48.00  0.79671    
    49.00  0.74846    
    50.00  0.70361    
    51.00  0.66192    
    52.00  0.62312    
    53.00  0.58701    
    54.00  0.55338    
    55.00  0.52205    
    56.00  0.49284    
    57.00  0.46560    
    58.00  0.44019    
    59.00  0.41646    
    60.00  0.39431    
    61.00  0.37361    
    62.00  0.35427    
    63.00  0.33618    
    64.00  0.31927    
    65.00  0.30344    
    66.00  0.28863    
    67.00  0.27476    
    68.00  0.26176    
    69.00  0.24959    
    70.00  0.23819    
    71.00  0.22749    
    72.00  0.21747    
    73.00  0.20807    
    74.00  0.19924    
    75.00  0.19097    
    76.00  0.18320    
    77.00  0.17592    
    78.00  0.16908    
    79.00  0.16265    
    80.00  0.15663    
    81.00  0.15097    
    82.00  0.14566    
    83.00  0.14067    
    84.00  0.13599    
    85.00  0.13160    
    86.00  0.12748    
    87.00  0.12362    
    88.00  0.12000    
    89.00  0.11661    
    90.00  0.11343    
    91.00  0.11046    
    92.00  0.10769    
    93.00  0.10509    
    94.00  0.10268    
    95.00  0.10043    
    96.00  0.98335E-01
    97.00  0.96395E-01
    98.00  0.94601E-01
    99.00  0.92947E-01
   100.00  0.91429E-01
   101.00  0.90039E-01
   102.00  0.88776E-01
   103.00  0.87634E-01
   104.00  0.86611E-01
   105.00  0.85704E-01
   106.00  0.84910E-01
   107.00  0.84229E-01
   108.00  0.83657E-01
   109.00  0.83195E-01
   110.00  0.82841E-01
   111.00  0.82596E-01
   112.00  0.82458E-01
   113.00  0.82429E-01
   114.00  0.82510E-01
   115.00  0.82700E-01
   116.00  0.83002E-01
   117.00  0.83418E-01
   118.00  0.83948E-01
   119.00  0.84595E-01
   120.00  0.85362E-01
   121.00  0.86251E-01
   122.00  0.87264E-01
   123.00  0.88404E-01
   124.00  0.89673E-01
   125.00  0.91075E-01
   126.00  0.92611E-01
   127.00  0.94285E-01
   128.00  0.96098E-01
   129.00  0.98052E-01
   130.00  0.10015    
   131.00  0.10239    
   132.00  0.10477    
   133.00  0.10729    
   134.00  0.10995    
   135.00  0.11275    
   136.00  0.11568    
   137.00  0.11875    
   138.00  0.12193    
   139.00  0.12523    
   140.00  0.12864    
   141.00  0.13215    
   142.00  0.13575    
   143.00  0.13944    
   144.00  0.14320    
   145.00  0.14704    
   146.00  0.15094    
   147.00  0.15491    
   148.00  0.15894    
   149.00  0.16306    
   150.00  0.16726    
   151.00  0.17157    
   152.00  0.17600    
   153.00  0.18058    
   154.00  0.18532    
   155.00  0.19024    
   156.00  0.19534    
   157.00  0.20057    
   158.00  0.20588    
   159.00  0.21113    
   160.00  0.21612    
   161.00  0.22055    
   162.00  0.22404    
   163.00  0.22611    
   164.00  0.22618    
   165.00  0.22371    
   166.00  0.21817    
   167.00  0.20928    
   168.00  0.19711    
   169.00  0.18221    
   170.00  0.16574    
   171.00  0.14948    
   172.00  0.13563    
   173.00  0.12645    
   174.00  0.12372    
   175.00  0.12815    
   176.00  0.13894    
   177.00  0.15365    
   178.00  0.16856    
   179.00  0.17964    
   180.00  0.18373    
 |--------|------------|
0.550000     micron = Wavelength
 3.03869     = Extinction efficiency (Q)
 3.03869     = Scattering efficiency (Qs)
 0.00000     = Absorption efficiency (Qa)
 68.3951     = Lidar ratio
0.917851     micron^2 = <b> = Average surface area per particle
 2.78906     microns^2 = Extinction cross section (C)
 2.78906     microns^2 = Scattering cross section (Cs)
 0.00000     microns^2 = Absorption cross section (Ca)
 |----------------------------------------------------|
 | COMMENTAIRES:                                      |
 |----------------------------------------------------|
 |   -Cross section / <b> should = efficiency         |
 |    is independant of the normalisation of dN/dx    |
 |   -The integral of the phase fct / 4 pi over all   |
 |    directions (solid angle) = 1.                   |
 |   -The volume coefficient (k) is equal to C * N    |
 |      = cross section * Number density              |
 |      typical units: [um^2]*[particles/cm^3] =      |
 |      [10^-3 km-1]                                  |
 |      N = M/(d*4/3*pi*r^3) where d is the density   |
 |      of particle, M is the mass per unit volume    |
 |      and 4/3*pi*r^3 is the average volume  of a    |
 |      particle.                                     |
 |      typical units:  M -> [ug/m^3], d -> [g/cm^3]  |
 |                      r -> [um]                     |
 |      Lidar ratio= 4 pi Qe / phase_fct(180)*Qs      |
 |----------------------------------------------------|
