 |--------|------------|
 | ANGLE  |  PHASE FCT |
 |--------|------------|
     0.00   17.329    
     1.00   17.293    
     2.00   17.185    
     3.00   17.008    
     4.00   16.764    
     5.00   16.458    
     6.00   16.095    
     7.00   15.680    
     8.00   15.221    
     9.00   14.724    
    10.00   14.195    
    11.00   13.642    
    12.00   13.071    
    13.00   12.488    
    14.00   11.898    
    15.00   11.308    
    16.00   10.721    
    17.00   10.142    
    18.00   9.5746    
    19.00   9.0214    
    20.00   8.4849    
    21.00   7.9673    
    22.00   7.4699    
    23.00   6.9940    
    24.00   6.5403    
    25.00   6.1091    
    26.00   5.7007    
    27.00   5.3147    
    28.00   4.9511    
    29.00   4.6092    
    30.00   4.2885    
    31.00   3.9881    
    32.00   3.7074    
    33.00   3.4454    
    34.00   3.2012    
    35.00   2.9740    
    36.00   2.7627    
    37.00   2.5665    
    38.00   2.3845    
    39.00   2.2157    
    40.00   2.0594    
    41.00   1.9146    
    42.00   1.7806    
    43.00   1.6567    
    44.00   1.5420    
    45.00   1.4360    
    46.00   1.3381    
    47.00   1.2475    
    48.00   1.1638    
    49.00   1.0864    
    50.00   1.0149    
    51.00  0.94878    
    52.00  0.88764    
    53.00  0.83109    
    54.00  0.77877    
    55.00  0.73035    
    56.00  0.68552    
    57.00  0.64400    
    58.00  0.60552    
    59.00  0.56986    
    60.00  0.53679    
    61.00  0.50609    
    62.00  0.47760    
    63.00  0.45113    
    64.00  0.42652    
    65.00  0.40364    
    66.00  0.38235    
    67.00  0.36253    
    68.00  0.34406    
    69.00  0.32684    
    70.00  0.31078    
    71.00  0.29579    
    72.00  0.28179    
    73.00  0.26871    
    74.00  0.25647    
    75.00  0.24503    
    76.00  0.23432    
    77.00  0.22428    
    78.00  0.21488    
    79.00  0.20607    
    80.00  0.19780    
    81.00  0.19004    
    82.00  0.18275    
    83.00  0.17591    
    84.00  0.16948    
    85.00  0.16343    
    86.00  0.15775    
    87.00  0.15241    
    88.00  0.14738    
    89.00  0.14265    
    90.00  0.13819    
    91.00  0.13401    
    92.00  0.13006    
    93.00  0.12635    
    94.00  0.12286    
    95.00  0.11958    
    96.00  0.11649    
    97.00  0.11359    
    98.00  0.11087    
    99.00  0.10831    
   100.00  0.10590    
   101.00  0.10365    
   102.00  0.10155    
   103.00  0.99577E-01
   104.00  0.97738E-01
   105.00  0.96024E-01
   106.00  0.94431E-01
   107.00  0.92952E-01
   108.00  0.91586E-01
   109.00  0.90326E-01
   110.00  0.89170E-01
   111.00  0.88114E-01
   112.00  0.87154E-01
   113.00  0.86289E-01
   114.00  0.85515E-01
   115.00  0.84831E-01
   116.00  0.84233E-01
   117.00  0.83721E-01
   118.00  0.83293E-01
   119.00  0.82946E-01
   120.00  0.82679E-01
   121.00  0.82492E-01
   122.00  0.82383E-01
   123.00  0.82350E-01
   124.00  0.82394E-01
   125.00  0.82513E-01
   126.00  0.82705E-01
   127.00  0.82971E-01
   128.00  0.83309E-01
   129.00  0.83718E-01
   130.00  0.84197E-01
   131.00  0.84746E-01
   132.00  0.85362E-01
   133.00  0.86045E-01
   134.00  0.86793E-01
   135.00  0.87603E-01
   136.00  0.88474E-01
   137.00  0.89403E-01
   138.00  0.90386E-01
   139.00  0.91422E-01
   140.00  0.92505E-01
   141.00  0.93631E-01
   142.00  0.94796E-01
   143.00  0.95993E-01
   144.00  0.97216E-01
   145.00  0.98459E-01
   146.00  0.99714E-01
   147.00  0.10097    
   148.00  0.10223    
   149.00  0.10347    
   150.00  0.10469    
   151.00  0.10588    
   152.00  0.10703    
   153.00  0.10813    
   154.00  0.10918    
   155.00  0.11017    
   156.00  0.11109    
   157.00  0.11196    
   158.00  0.11276    
   159.00  0.11351    
   160.00  0.11423    
   161.00  0.11492    
   162.00  0.11562    
   163.00  0.11634    
   164.00  0.11712    
   165.00  0.11799    
   166.00  0.11899    
   167.00  0.12014    
   168.00  0.12148    
   169.00  0.12301    
   170.00  0.12475    
   171.00  0.12666    
   172.00  0.12872    
   173.00  0.13087    
   174.00  0.13304    
   175.00  0.13512    
   176.00  0.13703    
   177.00  0.13864    
   178.00  0.13987    
   179.00  0.14065    
   180.00  0.14091    
 |--------|------------|
0.490000     micron = Wavelength
 2.24127     = Extinction efficiency (Q)
 2.24127     = Scattering efficiency (Qs)
 0.00000     = Absorption efficiency (Qa)
 89.1799     = Lidar ratio
0.126656     micron^2 = <b> = Average surface area per particle
0.283869     microns^2 = Extinction cross section (C)
0.283869     microns^2 = Scattering cross section (Cs)
 0.00000     microns^2 = Absorption cross section (Ca)
 |----------------------------------------------------|
 | COMMENTAIRES:                                      |
 |----------------------------------------------------|
 |   -Cross section / <b> should = efficiency         |
 |    is independant of the normalisation of dN/dx    |
 |   -The integral of the phase fct / 4 pi over all   |
 |    directions (solid angle) = 1.                   |
 |   -The volume coefficient (k) is equal to C * N    |
 |      = cross section * Number density              |
 |      typical units: [um^2]*[particles/cm^3] =      |
 |      [10^-3 km-1]                                  |
 |      N = M/(d*4/3*pi*r^3) where d is the density   |
 |      of particle, M is the mass per unit volume    |
 |      and 4/3*pi*r^3 is the average volume  of a    |
 |      particle.                                     |
 |      typical units:  M -> [ug/m^3], d -> [g/cm^3]  |
 |                      r -> [um]                     |
 |      Lidar ratio= 4 pi Qe / phase_fct(180)*Qs      |
 |----------------------------------------------------|
