 |--------|------------|
 | ANGLE  |  PHASE FCT |
 |--------|------------|
     0.00   22.490    
     1.00   22.425    
     2.00   22.232    
     3.00   21.915    
     4.00   21.484    
     5.00   20.947    
     6.00   20.319    
     7.00   19.612    
     8.00   18.840    
     9.00   18.019    
    10.00   17.162    
    11.00   16.282    
    12.00   15.392    
    13.00   14.501    
    14.00   13.620    
    15.00   12.756    
    16.00   11.915    
    17.00   11.104    
    18.00   10.327    
    19.00   9.5850    
    20.00   8.8816    
    21.00   8.2175    
    22.00   7.5932    
    23.00   7.0084    
    24.00   6.4625    
    25.00   5.9544    
    26.00   5.4829    
    27.00   5.0462    
    28.00   4.6427    
    29.00   4.2706    
    30.00   3.9280    
    31.00   3.6131    
    32.00   3.3238    
    33.00   3.0585    
    34.00   2.8153    
    35.00   2.5926    
    36.00   2.3887    
    37.00   2.2022    
    38.00   2.0316    
    39.00   1.8756    
    40.00   1.7329    
    41.00   1.6025    
    42.00   1.4831    
    43.00   1.3740    
    44.00   1.2740    
    45.00   1.1826    
    46.00   1.0988    
    47.00   1.0220    
    48.00  0.95162    
    49.00  0.88702    
    50.00  0.82772    
    51.00  0.77323    
    52.00  0.72311    
    53.00  0.67700    
    54.00  0.63452    
    55.00  0.59537    
    56.00  0.55924    
    57.00  0.52588    
    58.00  0.49505    
    59.00  0.46653    
    60.00  0.44013    
    61.00  0.41565    
    62.00  0.39296    
    63.00  0.37189    
    64.00  0.35231    
    65.00  0.33410    
    66.00  0.31715    
    67.00  0.30137    
    68.00  0.28665    
    69.00  0.27292    
    70.00  0.26010    
    71.00  0.24812    
    72.00  0.23692    
    73.00  0.22644    
    74.00  0.21662    
    75.00  0.20743    
    76.00  0.19881    
    77.00  0.19072    
    78.00  0.18313    
    79.00  0.17601    
    80.00  0.16931    
    81.00  0.16302    
    82.00  0.15711    
    83.00  0.15154    
    84.00  0.14631    
    85.00  0.14138    
    86.00  0.13675    
    87.00  0.13238    
    88.00  0.12827    
    89.00  0.12440    
    90.00  0.12076    
    91.00  0.11733    
    92.00  0.11410    
    93.00  0.11106    
    94.00  0.10821    
    95.00  0.10552    
    96.00  0.10300    
    97.00  0.10063    
    98.00  0.98407E-01
    99.00  0.96324E-01
   100.00  0.94375E-01
   101.00  0.92553E-01
   102.00  0.90854E-01
   103.00  0.89271E-01
   104.00  0.87801E-01
   105.00  0.86440E-01
   106.00  0.85184E-01
   107.00  0.84029E-01
   108.00  0.82972E-01
   109.00  0.82010E-01
   110.00  0.81140E-01
   111.00  0.80361E-01
   112.00  0.79671E-01
   113.00  0.79067E-01
   114.00  0.78548E-01
   115.00  0.78112E-01
   116.00  0.77760E-01
   117.00  0.77489E-01
   118.00  0.77299E-01
   119.00  0.77189E-01
   120.00  0.77160E-01
   121.00  0.77210E-01
   122.00  0.77340E-01
   123.00  0.77551E-01
   124.00  0.77841E-01
   125.00  0.78212E-01
   126.00  0.78664E-01
   127.00  0.79197E-01
   128.00  0.79812E-01
   129.00  0.80508E-01
   130.00  0.81288E-01
   131.00  0.82150E-01
   132.00  0.83096E-01
   133.00  0.84124E-01
   134.00  0.85236E-01
   135.00  0.86430E-01
   136.00  0.87706E-01
   137.00  0.89061E-01
   138.00  0.90495E-01
   139.00  0.92005E-01
   140.00  0.93586E-01
   141.00  0.95235E-01
   142.00  0.96945E-01
   143.00  0.98710E-01
   144.00  0.10052    
   145.00  0.10237    
   146.00  0.10424    
   147.00  0.10612    
   148.00  0.10800    
   149.00  0.10985    
   150.00  0.11165    
   151.00  0.11339    
   152.00  0.11503    
   153.00  0.11655    
   154.00  0.11793    
   155.00  0.11912    
   156.00  0.12011    
   157.00  0.12087    
   158.00  0.12137    
   159.00  0.12161    
   160.00  0.12157    
   161.00  0.12127    
   162.00  0.12072    
   163.00  0.11996    
   164.00  0.11905    
   165.00  0.11807    
   166.00  0.11712    
   167.00  0.11630    
   168.00  0.11573    
   169.00  0.11552    
   170.00  0.11578    
   171.00  0.11657    
   172.00  0.11790    
   173.00  0.11975    
   174.00  0.12201    
   175.00  0.12452    
   176.00  0.12706    
   177.00  0.12939    
   178.00  0.13126    
   179.00  0.13248    
   180.00  0.13290    
 |--------|------------|
0.470000     micron = Wavelength
 2.69100     = Extinction efficiency (Q)
 2.69100     = Scattering efficiency (Qs)
 0.00000     = Absorption efficiency (Qa)
 94.5552     = Lidar ratio
0.180223     micron^2 = <b> = Average surface area per particle
0.484980     microns^2 = Extinction cross section (C)
0.484980     microns^2 = Scattering cross section (Cs)
 0.00000     microns^2 = Absorption cross section (Ca)
 |----------------------------------------------------|
 | COMMENTAIRES:                                      |
 |----------------------------------------------------|
 |   -Cross section / <b> should = efficiency         |
 |    is independant of the normalisation of dN/dx    |
 |   -The integral of the phase fct / 4 pi over all   |
 |    directions (solid angle) = 1.                   |
 |   -The volume coefficient (k) is equal to C * N    |
 |      = cross section * Number density              |
 |      typical units: [um^2]*[particles/cm^3] =      |
 |      [10^-3 km-1]                                  |
 |      N = M/(d*4/3*pi*r^3) where d is the density   |
 |      of particle, M is the mass per unit volume    |
 |      and 4/3*pi*r^3 is the average volume  of a    |
 |      particle.                                     |
 |      typical units:  M -> [ug/m^3], d -> [g/cm^3]  |
 |                      r -> [um]                     |
 |      Lidar ratio= 4 pi Qe / phase_fct(180)*Qs      |
 |----------------------------------------------------|
