 |--------|------------|
 | ANGLE  |  PHASE FCT |
 |--------|------------|
     0.00   164.41    
     1.00   157.87    
     2.00   140.29    
     3.00   116.60    
     4.00   92.032    
     5.00   70.135    
     6.00   52.365    
     7.00   38.765    
     8.00   28.754    
     9.00   21.585    
    10.00   16.537    
    11.00   13.007    
    12.00   10.537    
    13.00   8.7986    
    14.00   7.5561    
    15.00   6.6484    
    16.00   5.9660    
    17.00   5.4349    
    18.00   5.0059    
    19.00   4.6479    
    20.00   4.3404    
    21.00   4.0689    
    22.00   3.8240    
    23.00   3.5999    
    24.00   3.3932    
    25.00   3.2009    
    26.00   3.0206    
    27.00   2.8510    
    28.00   2.6914    
    29.00   2.5410    
    30.00   2.3989    
    31.00   2.2645    
    32.00   2.1376    
    33.00   2.0179    
    34.00   1.9046    
    35.00   1.7975    
    36.00   1.6964    
    37.00   1.6011    
    38.00   1.5111    
    39.00   1.4260    
    40.00   1.3458    
    41.00   1.2703    
    42.00   1.1990    
    43.00   1.1318    
    44.00   1.0684    
    45.00   1.0088    
    46.00  0.95261    
    47.00  0.89963    
    48.00  0.84974    
    49.00  0.80281    
    50.00  0.75862    
    51.00  0.71700    
    52.00  0.67781    
    53.00  0.64093    
    54.00  0.60620    
    55.00  0.57350    
    56.00  0.54274    
    57.00  0.51379    
    58.00  0.48651    
    59.00  0.46082    
    60.00  0.43666    
    61.00  0.41392    
    62.00  0.39249    
    63.00  0.37230    
    64.00  0.35330    
    65.00  0.33542    
    66.00  0.31857    
    67.00  0.30270    
    68.00  0.28775    
    69.00  0.27369    
    70.00  0.26044    
    71.00  0.24797    
    72.00  0.23622    
    73.00  0.22517    
    74.00  0.21477    
    75.00  0.20498    
    76.00  0.19577    
    77.00  0.18711    
    78.00  0.17897    
    79.00  0.17132    
    80.00  0.16413    
    81.00  0.15739    
    82.00  0.15106    
    83.00  0.14513    
    84.00  0.13957    
    85.00  0.13438    
    86.00  0.12951    
    87.00  0.12497    
    88.00  0.12073    
    89.00  0.11678    
    90.00  0.11311    
    91.00  0.10969    
    92.00  0.10653    
    93.00  0.10360    
    94.00  0.10089    
    95.00  0.98391E-01
    96.00  0.96096E-01
    97.00  0.93992E-01
    98.00  0.92068E-01
    99.00  0.90314E-01
   100.00  0.88726E-01
   101.00  0.87293E-01
   102.00  0.86007E-01
   103.00  0.84863E-01
   104.00  0.83854E-01
   105.00  0.82975E-01
   106.00  0.82224E-01
   107.00  0.81600E-01
   108.00  0.81100E-01
   109.00  0.80721E-01
   110.00  0.80468E-01
   111.00  0.80341E-01
   112.00  0.80346E-01
   113.00  0.80493E-01
   114.00  0.80786E-01
   115.00  0.81231E-01
   116.00  0.81845E-01
   117.00  0.82643E-01
   118.00  0.83637E-01
   119.00  0.84841E-01
   120.00  0.86281E-01
   121.00  0.87984E-01
   122.00  0.89968E-01
   123.00  0.92252E-01
   124.00  0.94865E-01
   125.00  0.97842E-01
   126.00  0.10122    
   127.00  0.10502    
   128.00  0.10926    
   129.00  0.11398    
   130.00  0.11920    
   131.00  0.12496    
   132.00  0.13126    
   133.00  0.13810    
   134.00  0.14548    
   135.00  0.15342    
   136.00  0.16185    
   137.00  0.17072    
   138.00  0.17998    
   139.00  0.18955    
   140.00  0.19927    
   141.00  0.20903    
   142.00  0.21869    
   143.00  0.22807    
   144.00  0.23694    
   145.00  0.24515    
   146.00  0.25251    
   147.00  0.25884    
   148.00  0.26399    
   149.00  0.26788    
   150.00  0.27046    
   151.00  0.27176    
   152.00  0.27187    
   153.00  0.27100    
   154.00  0.26942    
   155.00  0.26746    
   156.00  0.26558    
   157.00  0.26434    
   158.00  0.26436    
   159.00  0.26638    
   160.00  0.27127    
   161.00  0.27998    
   162.00  0.29341    
   163.00  0.31238    
   164.00  0.33732    
   165.00  0.36779    
   166.00  0.40222    
   167.00  0.43752    
   168.00  0.46886    
   169.00  0.49025    
   170.00  0.49613    
   171.00  0.48345    
   172.00  0.45379    
   173.00  0.41506    
   174.00  0.38102    
   175.00  0.36793    
   176.00  0.39024    
   177.00  0.45413    
   178.00  0.54724    
   179.00  0.63356    
   180.00  0.66910    
 |--------|------------|
0.450000     micron = Wavelength
 2.38028     = Extinction efficiency (Q)
 2.38028     = Scattering efficiency (Qs)
 0.00000     = Absorption efficiency (Qa)
 18.7810     = Lidar ratio
 2.43464     micron^2 = <b> = Average surface area per particle
 5.79513     microns^2 = Extinction cross section (C)
 5.79513     microns^2 = Scattering cross section (Cs)
0.143885E-14 microns^2 = Absorption cross section (Ca)
 |----------------------------------------------------|
 | COMMENTAIRES:                                      |
 |----------------------------------------------------|
 |   -Cross section / <b> should = efficiency         |
 |    is independant of the normalisation of dN/dx    |
 |   -The integral of the phase fct / 4 pi over all   |
 |    directions (solid angle) = 1.                   |
 |   -The volume coefficient (k) is equal to C * N    |
 |      = cross section * Number density              |
 |      typical units: [um^2]*[particles/cm^3] =      |
 |      [10^-3 km-1]                                  |
 |      N = M/(d*4/3*pi*r^3) where d is the density   |
 |      of particle, M is the mass per unit volume    |
 |      and 4/3*pi*r^3 is the average volume  of a    |
 |      particle.                                     |
 |      typical units:  M -> [ug/m^3], d -> [g/cm^3]  |
 |                      r -> [um]                     |
 |      Lidar ratio= 4 pi Qe / phase_fct(180)*Qs      |
 |----------------------------------------------------|
