 |--------|------------|
 | ANGLE  |  PHASE FCT |
 |--------|------------|
     0.00   12.486    
     1.00   12.468    
     2.00   12.416    
     3.00   12.329    
     4.00   12.208    
     5.00   12.056    
     6.00   11.874    
     7.00   11.663    
     8.00   11.427    
     9.00   11.167    
    10.00   10.887    
    11.00   10.589    
    12.00   10.275    
    13.00   9.9484    
    14.00   9.6120    
    15.00   9.2681    
    16.00   8.9193    
    17.00   8.5676    
    18.00   8.2153    
    19.00   7.8644    
    20.00   7.5164    
    21.00   7.1730    
    22.00   6.8356    
    23.00   6.5054    
    24.00   6.1833    
    25.00   5.8703    
    26.00   5.5669    
    27.00   5.2739    
    28.00   4.9914    
    29.00   4.7199    
    30.00   4.4596    
    31.00   4.2104    
    32.00   3.9724    
    33.00   3.7456    
    34.00   3.5297    
    35.00   3.3246    
    36.00   3.1299    
    37.00   2.9456    
    38.00   2.7711    
    39.00   2.6062    
    40.00   2.4505    
    41.00   2.3037    
    42.00   2.1654    
    43.00   2.0352    
    44.00   1.9127    
    45.00   1.7976    
    46.00   1.6894    
    47.00   1.5878    
    48.00   1.4925    
    49.00   1.4032    
    50.00   1.3194    
    51.00   1.2409    
    52.00   1.1673    
    53.00   1.0984    
    54.00   1.0340    
    55.00  0.97358    
    56.00  0.91708    
    57.00  0.86420    
    58.00  0.81472    
    59.00  0.76842    
    60.00  0.72510    
    61.00  0.68457    
    62.00  0.64665    
    63.00  0.61117    
    64.00  0.57797    
    65.00  0.54689    
    66.00  0.51780    
    67.00  0.49058    
    68.00  0.46509    
    69.00  0.44121    
    70.00  0.41886    
    71.00  0.39791    
    72.00  0.37828    
    73.00  0.35989    
    74.00  0.34264    
    75.00  0.32647    
    76.00  0.31130    
    77.00  0.29707    
    78.00  0.28372    
    79.00  0.27118    
    80.00  0.25941    
    81.00  0.24836    
    82.00  0.23797    
    83.00  0.22821    
    84.00  0.21904    
    85.00  0.21041    
    86.00  0.20230    
    87.00  0.19467    
    88.00  0.18750    
    89.00  0.18074    
    90.00  0.17439    
    91.00  0.16841    
    92.00  0.16278    
    93.00  0.15748    
    94.00  0.15249    
    95.00  0.14780    
    96.00  0.14338    
    97.00  0.13922    
    98.00  0.13530    
    99.00  0.13162    
   100.00  0.12816    
   101.00  0.12491    
   102.00  0.12185    
   103.00  0.11898    
   104.00  0.11628    
   105.00  0.11375    
   106.00  0.11139    
   107.00  0.10917    
   108.00  0.10711    
   109.00  0.10518    
   110.00  0.10338    
   111.00  0.10171    
   112.00  0.10016    
   113.00  0.98727E-01
   114.00  0.97406E-01
   115.00  0.96194E-01
   116.00  0.95086E-01
   117.00  0.94078E-01
   118.00  0.93166E-01
   119.00  0.92348E-01
   120.00  0.91621E-01
   121.00  0.90982E-01
   122.00  0.90428E-01
   123.00  0.89958E-01
   124.00  0.89568E-01
   125.00  0.89257E-01
   126.00  0.89022E-01
   127.00  0.88862E-01
   128.00  0.88775E-01
   129.00  0.88760E-01
   130.00  0.88814E-01
   131.00  0.88936E-01
   132.00  0.89125E-01
   133.00  0.89378E-01
   134.00  0.89696E-01
   135.00  0.90075E-01
   136.00  0.90515E-01
   137.00  0.91014E-01
   138.00  0.91571E-01
   139.00  0.92184E-01
   140.00  0.92851E-01
   141.00  0.93572E-01
   142.00  0.94344E-01
   143.00  0.95166E-01
   144.00  0.96037E-01
   145.00  0.96955E-01
   146.00  0.97918E-01
   147.00  0.98926E-01
   148.00  0.99976E-01
   149.00  0.10107    
   150.00  0.10220    
   151.00  0.10337    
   152.00  0.10459    
   153.00  0.10584    
   154.00  0.10713    
   155.00  0.10846    
   156.00  0.10982    
   157.00  0.11123    
   158.00  0.11268    
   159.00  0.11418    
   160.00  0.11572    
   161.00  0.11730    
   162.00  0.11892    
   163.00  0.12060    
   164.00  0.12231    
   165.00  0.12407    
   166.00  0.12585    
   167.00  0.12767    
   168.00  0.12950    
   169.00  0.13133    
   170.00  0.13314    
   171.00  0.13491    
   172.00  0.13662    
   173.00  0.13823    
   174.00  0.13971    
   175.00  0.14104    
   176.00  0.14218    
   177.00  0.14309    
   178.00  0.14377    
   179.00  0.14418    
   180.00  0.14432    
 |--------|------------|
0.650000     micron = Wavelength
 1.46314     = Extinction efficiency (Q)
 1.46314     = Scattering efficiency (Qs)
 0.00000     = Absorption efficiency (Qa)
 87.0723     = Lidar ratio
0.126655     micron^2 = <b> = Average surface area per particle
0.185315     microns^2 = Extinction cross section (C)
0.185315     microns^2 = Scattering cross section (Cs)
 0.00000     microns^2 = Absorption cross section (Ca)
 |----------------------------------------------------|
 | COMMENTAIRES:                                      |
 |----------------------------------------------------|
 |   -Cross section / <b> should = efficiency         |
 |    is independant of the normalisation of dN/dx    |
 |   -The integral of the phase fct / 4 pi over all   |
 |    directions (solid angle) = 1.                   |
 |   -The volume coefficient (k) is equal to C * N    |
 |      = cross section * Number density              |
 |      typical units: [um^2]*[particles/cm^3] =      |
 |      [10^-3 km-1]                                  |
 |      N = M/(d*4/3*pi*r^3) where d is the density   |
 |      of particle, M is the mass per unit volume    |
 |      and 4/3*pi*r^3 is the average volume  of a    |
 |      particle.                                     |
 |      typical units:  M -> [ug/m^3], d -> [g/cm^3]  |
 |                      r -> [um]                     |
 |      Lidar ratio= 4 pi Qe / phase_fct(180)*Qs      |
 |----------------------------------------------------|
