 |--------|------------|
 | ANGLE  |  PHASE FCT |
 |--------|------------|
     0.00   204.55    
     1.00   194.68    
     2.00   168.61    
     3.00   134.72    
     4.00   101.37    
     5.00   73.492    
     6.00   52.377    
     7.00   37.252    
     8.00   26.785    
     9.00   19.712    
    10.00   14.986    
    11.00   11.819    
    12.00   9.6729    
    13.00   8.1907    
    14.00   7.1376    
    15.00   6.3617    
    16.00   5.7667    
    17.00   5.2898    
    18.00   4.8918    
    19.00   4.5504    
    20.00   4.2513    
    21.00   3.9831    
    22.00   3.7381    
    23.00   3.5129    
    24.00   3.3055    
    25.00   3.1130    
    26.00   2.9328    
    27.00   2.7639    
    28.00   2.6059    
    29.00   2.4579    
    30.00   2.3185    
    31.00   2.1869    
    32.00   2.0632    
    33.00   1.9471    
    34.00   1.8375    
    35.00   1.7339    
    36.00   1.6363    
    37.00   1.5445    
    38.00   1.4580    
    39.00   1.3762    
    40.00   1.2991    
    41.00   1.2266    
    42.00   1.1581    
    43.00   1.0935    
    44.00   1.0326    
    45.00  0.97539    
    46.00  0.92135    
    47.00  0.87031    
    48.00  0.82231    
    49.00  0.77714    
    50.00  0.73452    
    51.00  0.69430    
    52.00  0.65647    
    53.00  0.62086    
    54.00  0.58726    
    55.00  0.55556    
    56.00  0.52575    
    57.00  0.49770    
    58.00  0.47122    
    59.00  0.44624    
    60.00  0.42273    
    61.00  0.40061    
    62.00  0.37975    
    63.00  0.36007    
    64.00  0.34154    
    65.00  0.32407    
    66.00  0.30761    
    67.00  0.29211    
    68.00  0.27751    
    69.00  0.26374    
    70.00  0.25075    
    71.00  0.23852    
    72.00  0.22703    
    73.00  0.21619    
    74.00  0.20596    
    75.00  0.19634    
    76.00  0.18731    
    77.00  0.17880    
    78.00  0.17078    
    79.00  0.16325    
    80.00  0.15619    
    81.00  0.14955    
    82.00  0.14331    
    83.00  0.13747    
    84.00  0.13201    
    85.00  0.12689    
    86.00  0.12210    
    87.00  0.11763    
    88.00  0.11346    
    89.00  0.10958    
    90.00  0.10597    
    91.00  0.10263    
    92.00  0.99526E-01
    93.00  0.96664E-01
    94.00  0.94027E-01
    95.00  0.91604E-01
    96.00  0.89385E-01
    97.00  0.87357E-01
    98.00  0.85503E-01
    99.00  0.83823E-01
   100.00  0.82313E-01
   101.00  0.80955E-01
   102.00  0.79734E-01
   103.00  0.78650E-01
   104.00  0.77697E-01
   105.00  0.76864E-01
   106.00  0.76151E-01
   107.00  0.75556E-01
   108.00  0.75066E-01
   109.00  0.74677E-01
   110.00  0.74402E-01
   111.00  0.74244E-01
   112.00  0.74197E-01
   113.00  0.74268E-01
   114.00  0.74467E-01
   115.00  0.74807E-01
   116.00  0.75297E-01
   117.00  0.75953E-01
   118.00  0.76790E-01
   119.00  0.77829E-01
   120.00  0.79102E-01
   121.00  0.80631E-01
   122.00  0.82432E-01
   123.00  0.84544E-01
   124.00  0.87012E-01
   125.00  0.89865E-01
   126.00  0.93130E-01
   127.00  0.96861E-01
   128.00  0.10111    
   129.00  0.10589    
   130.00  0.11123    
   131.00  0.11719    
   132.00  0.12380    
   133.00  0.13106    
   134.00  0.13897    
   135.00  0.14755    
   136.00  0.15674    
   137.00  0.16649    
   138.00  0.17674    
   139.00  0.18738    
   140.00  0.19822    
   141.00  0.20910    
   142.00  0.21989    
   143.00  0.23033    
   144.00  0.24011    
   145.00  0.24901    
   146.00  0.25686    
   147.00  0.26339    
   148.00  0.26841    
   149.00  0.27185    
   150.00  0.27368    
   151.00  0.27392    
   152.00  0.27274    
   153.00  0.27043    
   154.00  0.26729    
   155.00  0.26372    
   156.00  0.26021    
   157.00  0.25732    
   158.00  0.25558    
   159.00  0.25571    
   160.00  0.25855    
   161.00  0.26499    
   162.00  0.27598    
   163.00  0.29267    
   164.00  0.31601    
   165.00  0.34622    
   166.00  0.38255    
   167.00  0.42283    
   168.00  0.46265    
   169.00  0.49560    
   170.00  0.51502    
   171.00  0.51591    
   172.00  0.49722    
   173.00  0.46452    
   174.00  0.43010    
   175.00  0.40983    
   176.00  0.42124    
   177.00  0.47926    
   178.00  0.57947    
   179.00  0.68133    
   180.00  0.72508    
 |--------|------------|
0.400000     micron = Wavelength
 2.33744     = Extinction efficiency (Q)
 2.33744     = Scattering efficiency (Qs)
 0.00000     = Absorption efficiency (Qa)
 17.3309     = Lidar ratio
 2.43121     micron^2 = <b> = Average surface area per particle
 5.68280     microns^2 = Extinction cross section (C)
 5.68280     microns^2 = Scattering cross section (Cs)
 0.00000     microns^2 = Absorption cross section (Ca)
 |----------------------------------------------------|
 | COMMENTAIRES:                                      |
 |----------------------------------------------------|
 |   -Cross section / <b> should = efficiency         |
 |    is independant of the normalisation of dN/dx    |
 |   -The integral of the phase fct / 4 pi over all   |
 |    directions (solid angle) = 1.                   |
 |   -The volume coefficient (k) is equal to C * N    |
 |      = cross section * Number density              |
 |      typical units: [um^2]*[particles/cm^3] =      |
 |      [10^-3 km-1]                                  |
 |      N = M/(d*4/3*pi*r^3) where d is the density   |
 |      of particle, M is the mass per unit volume    |
 |      and 4/3*pi*r^3 is the average volume  of a    |
 |      particle.                                     |
 |      typical units:  M -> [ug/m^3], d -> [g/cm^3]  |
 |                      r -> [um]                     |
 |      Lidar ratio= 4 pi Qe / phase_fct(180)*Qs      |
 |----------------------------------------------------|
