 |--------|------------|
 | ANGLE  |  PHASE FCT |
 |--------|------------|
     0.00   29.448    
     1.00   29.324    
     2.00   28.957    
     3.00   28.362    
     4.00   27.562    
     5.00   26.584    
     6.00   25.461    
     7.00   24.227    
     8.00   22.914    
     9.00   21.554    
    10.00   20.173    
    11.00   18.797    
    12.00   17.444    
    13.00   16.132    
    14.00   14.872    
    15.00   13.673    
    16.00   12.541    
    17.00   11.481    
    18.00   10.493    
    19.00   9.5768    
    20.00   8.7317    
    21.00   7.9550    
    22.00   7.2435    
    23.00   6.5937    
    24.00   6.0017    
    25.00   5.4633    
    26.00   4.9746    
    27.00   4.5316    
    28.00   4.1304    
    29.00   3.7674    
    30.00   3.4392    
    31.00   3.1424    
    32.00   2.8742    
    33.00   2.6318    
    34.00   2.4125    
    35.00   2.2142    
    36.00   2.0347    
    37.00   1.8722    
    38.00   1.7249    
    39.00   1.5913    
    40.00   1.4699    
    41.00   1.3597    
    42.00   1.2593    
    43.00   1.1680    
    44.00   1.0846    
    45.00   1.0085    
    46.00  0.93896    
    47.00  0.87530    
    48.00  0.81696    
    49.00  0.76343    
    50.00  0.71426    
    51.00  0.66903    
    52.00  0.62738    
    53.00  0.58899    
    54.00  0.55355    
    55.00  0.52081    
    56.00  0.49051    
    57.00  0.46247    
    58.00  0.43647    
    59.00  0.41235    
    60.00  0.38994    
    61.00  0.36911    
    62.00  0.34973    
    63.00  0.33169    
    64.00  0.31487    
    65.00  0.29918    
    66.00  0.28453    
    67.00  0.27085    
    68.00  0.25806    
    69.00  0.24610    
    70.00  0.23490    
    71.00  0.22442    
    72.00  0.21459    
    73.00  0.20538    
    74.00  0.19673    
    75.00  0.18862    
    76.00  0.18101    
    77.00  0.17385    
    78.00  0.16713    
    79.00  0.16081    
    80.00  0.15487    
    81.00  0.14928    
    82.00  0.14402    
    83.00  0.13908    
    84.00  0.13442    
    85.00  0.13004    
    86.00  0.12592    
    87.00  0.12204    
    88.00  0.11839    
    89.00  0.11495    
    90.00  0.11172    
    91.00  0.10868    
    92.00  0.10583    
    93.00  0.10314    
    94.00  0.10062    
    95.00  0.98261E-01
    96.00  0.96045E-01
    97.00  0.93971E-01
    98.00  0.92032E-01
    99.00  0.90222E-01
   100.00  0.88535E-01
   101.00  0.86966E-01
   102.00  0.85512E-01
   103.00  0.84167E-01
   104.00  0.82928E-01
   105.00  0.81791E-01
   106.00  0.80753E-01
   107.00  0.79812E-01
   108.00  0.78964E-01
   109.00  0.78208E-01
   110.00  0.77542E-01
   111.00  0.76964E-01
   112.00  0.76472E-01
   113.00  0.76065E-01
   114.00  0.75743E-01
   115.00  0.75506E-01
   116.00  0.75351E-01
   117.00  0.75279E-01
   118.00  0.75290E-01
   119.00  0.75385E-01
   120.00  0.75563E-01
   121.00  0.75825E-01
   122.00  0.76172E-01
   123.00  0.76605E-01
   124.00  0.77124E-01
   125.00  0.77732E-01
   126.00  0.78429E-01
   127.00  0.79216E-01
   128.00  0.80097E-01
   129.00  0.81071E-01
   130.00  0.82142E-01
   131.00  0.83310E-01
   132.00  0.84577E-01
   133.00  0.85946E-01
   134.00  0.87418E-01
   135.00  0.88995E-01
   136.00  0.90678E-01
   137.00  0.92468E-01
   138.00  0.94365E-01
   139.00  0.96371E-01
   140.00  0.98484E-01
   141.00  0.10070    
   142.00  0.10303    
   143.00  0.10545    
   144.00  0.10797    
   145.00  0.11058    
   146.00  0.11327    
   147.00  0.11602    
   148.00  0.11882    
   149.00  0.12166    
   150.00  0.12449    
   151.00  0.12731    
   152.00  0.13006    
   153.00  0.13270    
   154.00  0.13518    
   155.00  0.13745    
   156.00  0.13942    
   157.00  0.14103    
   158.00  0.14219    
   159.00  0.14282    
   160.00  0.14284    
   161.00  0.14218    
   162.00  0.14078    
   163.00  0.13862    
   164.00  0.13573    
   165.00  0.13217    
   166.00  0.12809    
   167.00  0.12369    
   168.00  0.11926    
   169.00  0.11512    
   170.00  0.11165    
   171.00  0.10919    
   172.00  0.10802    
   173.00  0.10830    
   174.00  0.11001    
   175.00  0.11291    
   176.00  0.11657    
   177.00  0.12041    
   178.00  0.12377    
   179.00  0.12607    
   180.00  0.12688    
 |--------|------------|
0.580000     micron = Wavelength
 3.02124     = Extinction efficiency (Q)
 3.02124     = Scattering efficiency (Qs)
 0.00000     = Absorption efficiency (Qa)
 99.0401     = Lidar ratio
0.437500     micron^2 = <b> = Average surface area per particle
 1.32179     microns^2 = Extinction cross section (C)
 1.32179     microns^2 = Scattering cross section (Cs)
0.149392E-15 microns^2 = Absorption cross section (Ca)
 |----------------------------------------------------|
 | COMMENTAIRES:                                      |
 |----------------------------------------------------|
 |   -Cross section / <b> should = efficiency         |
 |    is independant of the normalisation of dN/dx    |
 |   -The integral of the phase fct / 4 pi over all   |
 |    directions (solid angle) = 1.                   |
 |   -The volume coefficient (k) is equal to C * N    |
 |      = cross section * Number density              |
 |      typical units: [um^2]*[particles/cm^3] =      |
 |      [10^-3 km-1]                                  |
 |      N = M/(d*4/3*pi*r^3) where d is the density   |
 |      of particle, M is the mass per unit volume    |
 |      and 4/3*pi*r^3 is the average volume  of a    |
 |      particle.                                     |
 |      typical units:  M -> [ug/m^3], d -> [g/cm^3]  |
 |                      r -> [um]                     |
 |      Lidar ratio= 4 pi Qe / phase_fct(180)*Qs      |
 |----------------------------------------------------|
