 |--------|------------|
 | ANGLE  |  PHASE FCT |
 |--------|------------|
     0.00   42.974    
     1.00   42.643    
     2.00   41.677    
     3.00   40.148    
     4.00   38.160    
     5.00   35.836    
     6.00   33.297    
     7.00   30.657    
     8.00   28.008    
     9.00   25.426    
    10.00   22.964    
    11.00   20.658    
    12.00   18.528    
    13.00   16.585    
    14.00   14.827    
    15.00   13.248    
    16.00   11.839    
    17.00   10.585    
    18.00   9.4747    
    19.00   8.4923    
    20.00   7.6244    
    21.00   6.8581    
    22.00   6.1812    
    23.00   5.5830    
    24.00   5.0537    
    25.00   4.5846    
    26.00   4.1682    
    27.00   3.7977    
    28.00   3.4674    
    29.00   3.1722    
    30.00   2.9077    
    31.00   2.6702    
    32.00   2.4564    
    33.00   2.2635    
    34.00   2.0890    
    35.00   1.9309    
    36.00   1.7872    
    37.00   1.6565    
    38.00   1.5372    
    39.00   1.4283    
    40.00   1.3286    
    41.00   1.2372    
    42.00   1.1533    
    43.00   1.0761    
    44.00   1.0051    
    45.00  0.93969    
    46.00  0.87933    
    47.00  0.82356    
    48.00  0.77200    
    49.00  0.72428    
    50.00  0.68008    
    51.00  0.63911    
    52.00  0.60109    
    53.00  0.56579    
    54.00  0.53300    
    55.00  0.50250    
    56.00  0.47413    
    57.00  0.44771    
    58.00  0.42310    
    59.00  0.40016    
    60.00  0.37877    
    61.00  0.35881    
    62.00  0.34017    
    63.00  0.32277    
    64.00  0.30650    
    65.00  0.29130    
    66.00  0.27707    
    67.00  0.26376    
    68.00  0.25130    
    69.00  0.23964    
    70.00  0.22871    
    71.00  0.21847    
    72.00  0.20887    
    73.00  0.19987    
    74.00  0.19142    
    75.00  0.18350    
    76.00  0.17607    
    77.00  0.16910    
    78.00  0.16255    
    79.00  0.15640    
    80.00  0.15063    
    81.00  0.14521    
    82.00  0.14012    
    83.00  0.13534    
    84.00  0.13086    
    85.00  0.12665    
    86.00  0.12269    
    87.00  0.11898    
    88.00  0.11550    
    89.00  0.11224    
    90.00  0.10919    
    91.00  0.10632    
    92.00  0.10365    
    93.00  0.10114    
    94.00  0.98804E-01
    95.00  0.96625E-01
    96.00  0.94596E-01
    97.00  0.92711E-01
    98.00  0.90964E-01
    99.00  0.89349E-01
   100.00  0.87861E-01
   101.00  0.86496E-01
   102.00  0.85248E-01
   103.00  0.84115E-01
   104.00  0.83093E-01
   105.00  0.82179E-01
   106.00  0.81370E-01
   107.00  0.80665E-01
   108.00  0.80062E-01
   109.00  0.79559E-01
   110.00  0.79155E-01
   111.00  0.78848E-01
   112.00  0.78640E-01
   113.00  0.78528E-01
   114.00  0.78515E-01
   115.00  0.78598E-01
   116.00  0.78780E-01
   117.00  0.79060E-01
   118.00  0.79441E-01
   119.00  0.79922E-01
   120.00  0.80505E-01
   121.00  0.81192E-01
   122.00  0.81984E-01
   123.00  0.82882E-01
   124.00  0.83889E-01
   125.00  0.85006E-01
   126.00  0.86235E-01
   127.00  0.87577E-01
   128.00  0.89033E-01
   129.00  0.90606E-01
   130.00  0.92295E-01
   131.00  0.94102E-01
   132.00  0.96027E-01
   133.00  0.98071E-01
   134.00  0.10023    
   135.00  0.10251    
   136.00  0.10490    
   137.00  0.10741    
   138.00  0.11003    
   139.00  0.11275    
   140.00  0.11559    
   141.00  0.11852    
   142.00  0.12156    
   143.00  0.12469    
   144.00  0.12791    
   145.00  0.13123    
   146.00  0.13465    
   147.00  0.13815    
   148.00  0.14174    
   149.00  0.14543    
   150.00  0.14922    
   151.00  0.15311    
   152.00  0.15709    
   153.00  0.16116    
   154.00  0.16531    
   155.00  0.16951    
   156.00  0.17370    
   157.00  0.17783    
   158.00  0.18179    
   159.00  0.18541    
   160.00  0.18851    
   161.00  0.19084    
   162.00  0.19209    
   163.00  0.19194    
   164.00  0.19003    
   165.00  0.18606    
   166.00  0.17985    
   167.00  0.17137    
   168.00  0.16089    
   169.00  0.14900    
   170.00  0.13666    
   171.00  0.12515    
   172.00  0.11592    
   173.00  0.11030    
   174.00  0.10925    
   175.00  0.11293    
   176.00  0.12059    
   177.00  0.13050    
   178.00  0.14026    
   179.00  0.14739    
   180.00  0.15000    
 |--------|------------|
0.610000     micron = Wavelength
 3.10649     = Extinction efficiency (Q)
 3.10649     = Scattering efficiency (Qs)
 0.00000     = Absorption efficiency (Qa)
 83.7776     = Lidar ratio
0.917850     micron^2 = <b> = Average surface area per particle
 2.85129     microns^2 = Extinction cross section (C)
 2.85129     microns^2 = Scattering cross section (Cs)
0.660982E-15 microns^2 = Absorption cross section (Ca)
 |----------------------------------------------------|
 | COMMENTAIRES:                                      |
 |----------------------------------------------------|
 |   -Cross section / <b> should = efficiency         |
 |    is independant of the normalisation of dN/dx    |
 |   -The integral of the phase fct / 4 pi over all   |
 |    directions (solid angle) = 1.                   |
 |   -The volume coefficient (k) is equal to C * N    |
 |      = cross section * Number density              |
 |      typical units: [um^2]*[particles/cm^3] =      |
 |      [10^-3 km-1]                                  |
 |      N = M/(d*4/3*pi*r^3) where d is the density   |
 |      of particle, M is the mass per unit volume    |
 |      and 4/3*pi*r^3 is the average volume  of a    |
 |      particle.                                     |
 |      typical units:  M -> [ug/m^3], d -> [g/cm^3]  |
 |                      r -> [um]                     |
 |      Lidar ratio= 4 pi Qe / phase_fct(180)*Qs      |
 |----------------------------------------------------|
