 |--------|------------|
 | ANGLE  |  PHASE FCT |
 |--------|------------|
     0.00   81.636    
     1.00   80.023    
     2.00   75.473    
     3.00   68.741    
     4.00   60.781    
     5.00   52.480    
     6.00   44.505    
     7.00   37.268    
     8.00   30.969    
     9.00   25.653    
    10.00   21.267    
    11.00   17.708    
    12.00   14.854    
    13.00   12.581    
    14.00   10.776    
    15.00   9.3424    
    16.00   8.1983    
    17.00   7.2783    
    18.00   6.5304    
    19.00   5.9143    
    20.00   5.3990    
    21.00   4.9610    
    22.00   4.5827    
    23.00   4.2508    
    24.00   3.9557    
    25.00   3.6899    
    26.00   3.4483    
    27.00   3.2267    
    28.00   3.0222    
    29.00   2.8326    
    30.00   2.6561    
    31.00   2.4914    
    32.00   2.3375    
    33.00   2.1934    
    34.00   2.0585    
    35.00   1.9321    
    36.00   1.8137    
    37.00   1.7027    
    38.00   1.5988    
    39.00   1.5014    
    40.00   1.4103    
    41.00   1.3249    
    42.00   1.2450    
    43.00   1.1703    
    44.00   1.1003    
    45.00   1.0349    
    46.00  0.97368    
    47.00  0.91641    
    48.00  0.86284    
    49.00  0.81272    
    50.00  0.76584    
    51.00  0.72198    
    52.00  0.68094    
    53.00  0.64254    
    54.00  0.60660    
    55.00  0.57295    
    56.00  0.54145    
    57.00  0.51195    
    58.00  0.48432    
    59.00  0.45843    
    60.00  0.43418    
    61.00  0.41145    
    62.00  0.39015    
    63.00  0.37017    
    64.00  0.35143    
    65.00  0.33386    
    66.00  0.31737    
    67.00  0.30190    
    68.00  0.28738    
    69.00  0.27376    
    70.00  0.26097    
    71.00  0.24896    
    72.00  0.23769    
    73.00  0.22711    
    74.00  0.21717    
    75.00  0.20785    
    76.00  0.19909    
    77.00  0.19087    
    78.00  0.18316    
    79.00  0.17592    
    80.00  0.16913    
    81.00  0.16276    
    82.00  0.15678    
    83.00  0.15118    
    84.00  0.14594    
    85.00  0.14102    
    86.00  0.13642    
    87.00  0.13212    
    88.00  0.12810    
    89.00  0.12434    
    90.00  0.12083    
    91.00  0.11757    
    92.00  0.11452    
    93.00  0.11170    
    94.00  0.10907    
    95.00  0.10664    
    96.00  0.10439    
    97.00  0.10232    
    98.00  0.10042    
    99.00  0.98685E-01
   100.00  0.97102E-01
   101.00  0.95670E-01
   102.00  0.94384E-01
   103.00  0.93240E-01
   104.00  0.92235E-01
   105.00  0.91366E-01
   106.00  0.90631E-01
   107.00  0.90029E-01
   108.00  0.89562E-01
   109.00  0.89227E-01
   110.00  0.89027E-01
   111.00  0.88964E-01
   112.00  0.89039E-01
   113.00  0.89257E-01
   114.00  0.89622E-01
   115.00  0.90139E-01
   116.00  0.90812E-01
   117.00  0.91650E-01
   118.00  0.92657E-01
   119.00  0.93842E-01
   120.00  0.95215E-01
   121.00  0.96782E-01
   122.00  0.98553E-01
   123.00  0.10054    
   124.00  0.10274    
   125.00  0.10518    
   126.00  0.10786    
   127.00  0.11079    
   128.00  0.11397    
   129.00  0.11742    
   130.00  0.12114    
   131.00  0.12512    
   132.00  0.12937    
   133.00  0.13389    
   134.00  0.13866    
   135.00  0.14368    
   136.00  0.14892    
   137.00  0.15435    
   138.00  0.15996    
   139.00  0.16570    
   140.00  0.17152    
   141.00  0.17738    
   142.00  0.18322    
   143.00  0.18899    
   144.00  0.19462    
   145.00  0.20006    
   146.00  0.20524    
   147.00  0.21012    
   148.00  0.21466    
   149.00  0.21885    
   150.00  0.22269    
   151.00  0.22621    
   152.00  0.22950    
   153.00  0.23268    
   154.00  0.23591    
   155.00  0.23940    
   156.00  0.24342    
   157.00  0.24826    
   158.00  0.25426    
   159.00  0.26171    
   160.00  0.27085    
   161.00  0.28181    
   162.00  0.29443    
   163.00  0.30826    
   164.00  0.32237    
   165.00  0.33532    
   166.00  0.34516    
   167.00  0.34965    
   168.00  0.34657    
   169.00  0.33442    
   170.00  0.31311    
   171.00  0.28477    
   172.00  0.25401    
   173.00  0.22763    
   174.00  0.21318    
   175.00  0.21677    
   176.00  0.24041    
   177.00  0.28002    
   178.00  0.32499    
   179.00  0.36078    
   180.00  0.37446    
 |--------|------------|
0.520000     micron = Wavelength
 2.67758     = Extinction efficiency (Q)
 2.67758     = Scattering efficiency (Qs)
 0.00000     = Absorption efficiency (Qa)
 33.5590     = Lidar ratio
 1.56994     micron^2 = <b> = Average surface area per particle
 4.20365     microns^2 = Extinction cross section (C)
 4.20365     microns^2 = Scattering cross section (Cs)
0.960654E-15 microns^2 = Absorption cross section (Ca)
 |----------------------------------------------------|
 | COMMENTAIRES:                                      |
 |----------------------------------------------------|
 |   -Cross section / <b> should = efficiency         |
 |    is independant of the normalisation of dN/dx    |
 |   -The integral of the phase fct / 4 pi over all   |
 |    directions (solid angle) = 1.                   |
 |   -The volume coefficient (k) is equal to C * N    |
 |      = cross section * Number density              |
 |      typical units: [um^2]*[particles/cm^3] =      |
 |      [10^-3 km-1]                                  |
 |      N = M/(d*4/3*pi*r^3) where d is the density   |
 |      of particle, M is the mass per unit volume    |
 |      and 4/3*pi*r^3 is the average volume  of a    |
 |      particle.                                     |
 |      typical units:  M -> [ug/m^3], d -> [g/cm^3]  |
 |                      r -> [um]                     |
 |      Lidar ratio= 4 pi Qe / phase_fct(180)*Qs      |
 |----------------------------------------------------|
