 |--------|------------|
 | ANGLE  |  PHASE FCT |
 |--------|------------|
     0.00   27.717    
     1.00   27.611    
     2.00   27.298    
     3.00   26.788    
     4.00   26.099    
     5.00   25.253    
     6.00   24.276    
     7.00   23.194    
     8.00   22.035    
     9.00   20.824    
    10.00   19.584    
    11.00   18.338    
    12.00   17.103    
    13.00   15.894    
    14.00   14.723    
    15.00   13.600    
    16.00   12.531    
    17.00   11.521    
    18.00   10.573    
    19.00   9.6876    
    20.00   8.8646    
    21.00   8.1028    
    22.00   7.4004    
    23.00   6.7548    
    24.00   6.1632    
    25.00   5.6222    
    26.00   5.1285    
    27.00   4.6788    
    28.00   4.2698    
    29.00   3.8982    
    30.00   3.5609    
    31.00   3.2550    
    32.00   2.9777    
    33.00   2.7263    
    34.00   2.4985    
    35.00   2.2921    
    36.00   2.1050    
    37.00   1.9354    
    38.00   1.7815    
    39.00   1.6418    
    40.00   1.5149    
    41.00   1.3996    
    42.00   1.2947    
    43.00   1.1992    
    44.00   1.1122    
    45.00   1.0328    
    46.00  0.96023    
    47.00  0.89393    
    48.00  0.83324    
    49.00  0.77763    
    50.00  0.72661    
    51.00  0.67976    
    52.00  0.63669    
    53.00  0.59704    
    54.00  0.56050    
    55.00  0.52679    
    56.00  0.49566    
    57.00  0.46687    
    58.00  0.44023    
    59.00  0.41554    
    60.00  0.39265    
    61.00  0.37140    
    62.00  0.35165    
    63.00  0.33329    
    64.00  0.31619    
    65.00  0.30026    
    66.00  0.28541    
    67.00  0.27155    
    68.00  0.25860    
    69.00  0.24651    
    70.00  0.23519    
    71.00  0.22460    
    72.00  0.21469    
    73.00  0.20540    
    74.00  0.19669    
    75.00  0.18852    
    76.00  0.18085    
    77.00  0.17366    
    78.00  0.16689    
    79.00  0.16054    
    80.00  0.15457    
    81.00  0.14895    
    82.00  0.14367    
    83.00  0.13870    
    84.00  0.13402    
    85.00  0.12962    
    86.00  0.12548    
    87.00  0.12158    
    88.00  0.11791    
    89.00  0.11446    
    90.00  0.11121    
    91.00  0.10815    
    92.00  0.10528    
    93.00  0.10258    
    94.00  0.10004    
    95.00  0.97663E-01
    96.00  0.95430E-01
    97.00  0.93338E-01
    98.00  0.91380E-01
    99.00  0.89550E-01
   100.00  0.87843E-01
   101.00  0.86253E-01
   102.00  0.84776E-01
   103.00  0.83407E-01
   104.00  0.82144E-01
   105.00  0.80981E-01
   106.00  0.79916E-01
   107.00  0.78945E-01
   108.00  0.78067E-01
   109.00  0.77279E-01
   110.00  0.76578E-01
   111.00  0.75964E-01
   112.00  0.75433E-01
   113.00  0.74986E-01
   114.00  0.74621E-01
   115.00  0.74336E-01
   116.00  0.74133E-01
   117.00  0.74009E-01
   118.00  0.73964E-01
   119.00  0.74000E-01
   120.00  0.74115E-01
   121.00  0.74310E-01
   122.00  0.74586E-01
   123.00  0.74942E-01
   124.00  0.75380E-01
   125.00  0.75902E-01
   126.00  0.76507E-01
   127.00  0.77197E-01
   128.00  0.77974E-01
   129.00  0.78837E-01
   130.00  0.79790E-01
   131.00  0.80832E-01
   132.00  0.81966E-01
   133.00  0.83192E-01
   134.00  0.84513E-01
   135.00  0.85927E-01
   136.00  0.87437E-01
   137.00  0.89043E-01
   138.00  0.90745E-01
   139.00  0.92541E-01
   140.00  0.94430E-01
   141.00  0.96411E-01
   142.00  0.98480E-01
   143.00  0.10063    
   144.00  0.10286    
   145.00  0.10516    
   146.00  0.10751    
   147.00  0.10992    
   148.00  0.11235    
   149.00  0.11479    
   150.00  0.11721    
   151.00  0.11959    
   152.00  0.12189    
   153.00  0.12408    
   154.00  0.12610    
   155.00  0.12791    
   156.00  0.12946    
   157.00  0.13067    
   158.00  0.13151    
   159.00  0.13189    
   160.00  0.13178    
   161.00  0.13112    
   162.00  0.12990    
   163.00  0.12812    
   164.00  0.12582    
   165.00  0.12307    
   166.00  0.12001    
   167.00  0.11681    
   168.00  0.11370    
   169.00  0.11092    
   170.00  0.10875    
   171.00  0.10742    
   172.00  0.10711    
   173.00  0.10790    
   174.00  0.10973    
   175.00  0.11238    
   176.00  0.11552    
   177.00  0.11870    
   178.00  0.12142    
   179.00  0.12325    
   180.00  0.12390    
 |--------|------------|
0.616000     micron = Wavelength
 2.93543     = Extinction efficiency (Q)
 2.93543     = Scattering efficiency (Qs)
 0.00000     = Absorption efficiency (Qa)
 101.425     = Lidar ratio
0.437499     micron^2 = <b> = Average surface area per particle
 1.28425     microns^2 = Extinction cross section (C)
 1.28425     microns^2 = Scattering cross section (Cs)
0.337025E-15 microns^2 = Absorption cross section (Ca)
 |----------------------------------------------------|
 | COMMENTAIRES:                                      |
 |----------------------------------------------------|
 |   -Cross section / <b> should = efficiency         |
 |    is independant of the normalisation of dN/dx    |
 |   -The integral of the phase fct / 4 pi over all   |
 |    directions (solid angle) = 1.                   |
 |   -The volume coefficient (k) is equal to C * N    |
 |      = cross section * Number density              |
 |      typical units: [um^2]*[particles/cm^3] =      |
 |      [10^-3 km-1]                                  |
 |      N = M/(d*4/3*pi*r^3) where d is the density   |
 |      of particle, M is the mass per unit volume    |
 |      and 4/3*pi*r^3 is the average volume  of a    |
 |      particle.                                     |
 |      typical units:  M -> [ug/m^3], d -> [g/cm^3]  |
 |                      r -> [um]                     |
 |      Lidar ratio= 4 pi Qe / phase_fct(180)*Qs      |
 |----------------------------------------------------|
