 |--------|------------|
 | ANGLE  |  PHASE FCT |
 |--------|------------|
     0.00   26.650    
     1.00   26.554    
     2.00   26.270    
     3.00   25.808    
     4.00   25.181    
     5.00   24.410    
     6.00   23.515    
     7.00   22.521    
     8.00   21.451    
     9.00   20.327    
    10.00   19.173    
    11.00   18.006    
    12.00   16.843    
    13.00   15.699    
    14.00   14.586    
    15.00   13.513    
    16.00   12.486    
    17.00   11.512    
    18.00   10.593    
    19.00   9.7300    
    20.00   8.9248    
    21.00   8.1764    
    22.00   7.4834    
    23.00   6.8440    
    24.00   6.2556    
    25.00   5.7158    
    26.00   5.2215    
    27.00   4.7698    
    28.00   4.3577    
    29.00   3.9823    
    30.00   3.6406    
    31.00   3.3299    
    32.00   3.0477    
    33.00   2.7913    
    34.00   2.5587    
    35.00   2.3474    
    36.00   2.1557    
    37.00   1.9817    
    38.00   1.8236    
    39.00   1.6801    
    40.00   1.5496    
    41.00   1.4309    
    42.00   1.3229    
    43.00   1.2246    
    44.00   1.1350    
    45.00   1.0532    
    46.00  0.97856    
    47.00  0.91033    
    48.00  0.84790    
    49.00  0.79073    
    50.00  0.73831    
    51.00  0.69020    
    52.00  0.64600    
    53.00  0.60534    
    54.00  0.56790    
    55.00  0.53339    
    56.00  0.50154    
    57.00  0.47212    
    58.00  0.44492    
    59.00  0.41973    
    60.00  0.39639    
    61.00  0.37474    
    62.00  0.35464    
    63.00  0.33596    
    64.00  0.31858    
    65.00  0.30241    
    66.00  0.28734    
    67.00  0.27328    
    68.00  0.26016    
    69.00  0.24791    
    70.00  0.23645    
    71.00  0.22574    
    72.00  0.21571    
    73.00  0.20632    
    74.00  0.19752    
    75.00  0.18927    
    76.00  0.18153    
    77.00  0.17426    
    78.00  0.16744    
    79.00  0.16103    
    80.00  0.15501    
    81.00  0.14934    
    82.00  0.14402    
    83.00  0.13901    
    84.00  0.13429    
    85.00  0.12986    
    86.00  0.12568    
    87.00  0.12175    
    88.00  0.11806    
    89.00  0.11458    
    90.00  0.11130    
    91.00  0.10822    
    92.00  0.10532    
    93.00  0.10260    
    94.00  0.10004    
    95.00  0.97637E-01
    96.00  0.95382E-01
    97.00  0.93268E-01
    98.00  0.91289E-01
    99.00  0.89438E-01
   100.00  0.87710E-01
   101.00  0.86100E-01
   102.00  0.84602E-01
   103.00  0.83212E-01
   104.00  0.81927E-01
   105.00  0.80743E-01
   106.00  0.79656E-01
   107.00  0.78663E-01
   108.00  0.77762E-01
   109.00  0.76950E-01
   110.00  0.76225E-01
   111.00  0.75584E-01
   112.00  0.75028E-01
   113.00  0.74553E-01
   114.00  0.74159E-01
   115.00  0.73845E-01
   116.00  0.73610E-01
   117.00  0.73452E-01
   118.00  0.73374E-01
   119.00  0.73373E-01
   120.00  0.73450E-01
   121.00  0.73604E-01
   122.00  0.73837E-01
   123.00  0.74149E-01
   124.00  0.74540E-01
   125.00  0.75010E-01
   126.00  0.75562E-01
   127.00  0.76195E-01
   128.00  0.76911E-01
   129.00  0.77711E-01
   130.00  0.78595E-01
   131.00  0.79565E-01
   132.00  0.80622E-01
   133.00  0.81766E-01
   134.00  0.82998E-01
   135.00  0.84320E-01
   136.00  0.85730E-01
   137.00  0.87230E-01
   138.00  0.88818E-01
   139.00  0.90493E-01
   140.00  0.92254E-01
   141.00  0.94097E-01
   142.00  0.96018E-01
   143.00  0.98013E-01
   144.00  0.10008    
   145.00  0.10220    
   146.00  0.10436    
   147.00  0.10656    
   148.00  0.10878    
   149.00  0.11100    
   150.00  0.11320    
   151.00  0.11534    
   152.00  0.11740    
   153.00  0.11935    
   154.00  0.12113    
   155.00  0.12272    
   156.00  0.12405    
   157.00  0.12509    
   158.00  0.12578    
   159.00  0.12608    
   160.00  0.12595    
   161.00  0.12536    
   162.00  0.12430    
   163.00  0.12278    
   164.00  0.12086    
   165.00  0.11860    
   166.00  0.11613    
   167.00  0.11361    
   168.00  0.11122    
   169.00  0.10918    
   170.00  0.10769    
   171.00  0.10695    
   172.00  0.10708    
   173.00  0.10812    
   174.00  0.11001    
   175.00  0.11254    
   176.00  0.11541    
   177.00  0.11825    
   178.00  0.12065    
   179.00  0.12226    
   180.00  0.12282    
 |--------|------------|
0.640000     micron = Wavelength
 2.87158     = Extinction efficiency (Q)
 2.87158     = Scattering efficiency (Qs)
 0.00000     = Absorption efficiency (Qa)
 102.311     = Lidar ratio
0.437501     micron^2 = <b> = Average surface area per particle
 1.25632     microns^2 = Extinction cross section (C)
 1.25632     microns^2 = Scattering cross section (Cs)
 0.00000     microns^2 = Absorption cross section (Ca)
 |----------------------------------------------------|
 | COMMENTAIRES:                                      |
 |----------------------------------------------------|
 |   -Cross section / <b> should = efficiency         |
 |    is independant of the normalisation of dN/dx    |
 |   -The integral of the phase fct / 4 pi over all   |
 |    directions (solid angle) = 1.                   |
 |   -The volume coefficient (k) is equal to C * N    |
 |      = cross section * Number density              |
 |      typical units: [um^2]*[particles/cm^3] =      |
 |      [10^-3 km-1]                                  |
 |      N = M/(d*4/3*pi*r^3) where d is the density   |
 |      of particle, M is the mass per unit volume    |
 |      and 4/3*pi*r^3 is the average volume  of a    |
 |      particle.                                     |
 |      typical units:  M -> [ug/m^3], d -> [g/cm^3]  |
 |                      r -> [um]                     |
 |      Lidar ratio= 4 pi Qe / phase_fct(180)*Qs      |
 |----------------------------------------------------|
