 |--------|------------|
 | ANGLE  |  PHASE FCT |
 |--------|------------|
     0.00   12.615    
     1.00   12.595    
     2.00   12.536    
     3.00   12.438    
     4.00   12.304    
     5.00   12.134    
     6.00   11.931    
     7.00   11.698    
     8.00   11.437    
     9.00   11.151    
    10.00   10.845    
    11.00   10.520    
    12.00   10.181    
    13.00   9.8295    
    14.00   9.4697    
    15.00   9.1041    
    16.00   8.7354    
    17.00   8.3660    
    18.00   7.9981    
    19.00   7.6338    
    20.00   7.2749    
    21.00   6.9228    
    22.00   6.5789    
    23.00   6.2443    
    24.00   5.9200    
    25.00   5.6065    
    26.00   5.3045    
    27.00   5.0143    
    28.00   4.7362    
    29.00   4.4703    
    30.00   4.2167    
    31.00   3.9752    
    32.00   3.7458    
    33.00   3.5281    
    34.00   3.3219    
    35.00   3.1269    
    36.00   2.9427    
    37.00   2.7689    
    38.00   2.6051    
    39.00   2.4509    
    40.00   2.3059    
    41.00   2.1696    
    42.00   2.0416    
    43.00   1.9215    
    44.00   1.8088    
    45.00   1.7032    
    46.00   1.6042    
    47.00   1.5114    
    48.00   1.4245    
    49.00   1.3432    
    50.00   1.2671    
    51.00   1.1958    
    52.00   1.1291    
    53.00   1.0667    
    54.00   1.0083    
    55.00  0.95364    
    56.00  0.90247    
    57.00  0.85457    
    58.00  0.80973    
    59.00  0.76774    
    60.00  0.72840    
    61.00  0.69156    
    62.00  0.65703    
    63.00  0.62466    
    64.00  0.59431    
    65.00  0.56585    
    66.00  0.53914    
    67.00  0.51407    
    68.00  0.49054    
    69.00  0.46843    
    70.00  0.44767    
    71.00  0.42814    
    72.00  0.40979    
    73.00  0.39252    
    74.00  0.37627    
    75.00  0.36098    
    76.00  0.34657    
    77.00  0.33300    
    78.00  0.32022    
    79.00  0.30817    
    80.00  0.29681    
    81.00  0.28609    
    82.00  0.27598    
    83.00  0.26644    
    84.00  0.25744    
    85.00  0.24894    
    86.00  0.24091    
    87.00  0.23334    
    88.00  0.22619    
    89.00  0.21943    
    90.00  0.21306    
    91.00  0.20704    
    92.00  0.20136    
    93.00  0.19600    
    94.00  0.19094    
    95.00  0.18617    
    96.00  0.18168    
    97.00  0.17745    
    98.00  0.17347    
    99.00  0.16972    
   100.00  0.16620    
   101.00  0.16291    
   102.00  0.15982    
   103.00  0.15693    
   104.00  0.15423    
   105.00  0.15171    
   106.00  0.14938    
   107.00  0.14722    
   108.00  0.14522    
   109.00  0.14339    
   110.00  0.14171    
   111.00  0.14018    
   112.00  0.13880    
   113.00  0.13757    
   114.00  0.13647    
   115.00  0.13551    
   116.00  0.13469    
   117.00  0.13399    
   118.00  0.13342    
   119.00  0.13298    
   120.00  0.13265    
   121.00  0.13245    
   122.00  0.13236    
   123.00  0.13239    
   124.00  0.13253    
   125.00  0.13277    
   126.00  0.13312    
   127.00  0.13357    
   128.00  0.13411    
   129.00  0.13475    
   130.00  0.13548    
   131.00  0.13629    
   132.00  0.13718    
   133.00  0.13814    
   134.00  0.13917    
   135.00  0.14025    
   136.00  0.14139    
   137.00  0.14257    
   138.00  0.14378    
   139.00  0.14501    
   140.00  0.14626    
   141.00  0.14751    
   142.00  0.14876    
   143.00  0.14998    
   144.00  0.15117    
   145.00  0.15233    
   146.00  0.15343    
   147.00  0.15448    
   148.00  0.15547    
   149.00  0.15638    
   150.00  0.15723    
   151.00  0.15802    
   152.00  0.15875    
   153.00  0.15944    
   154.00  0.16010    
   155.00  0.16077    
   156.00  0.16146    
   157.00  0.16224    
   158.00  0.16312    
   159.00  0.16418    
   160.00  0.16546    
   161.00  0.16703    
   162.00  0.16893    
   163.00  0.17122    
   164.00  0.17394    
   165.00  0.17714    
   166.00  0.18084    
   167.00  0.18502    
   168.00  0.18967    
   169.00  0.19473    
   170.00  0.20013    
   171.00  0.20576    
   172.00  0.21148    
   173.00  0.21713    
   174.00  0.22253    
   175.00  0.22752    
   176.00  0.23190    
   177.00  0.23551    
   178.00  0.23820    
   179.00  0.23986    
   180.00  0.24042    
 |--------|------------|
0.520000     micron = Wavelength
 2.67649     = Extinction efficiency (Q)
 2.67649     = Scattering efficiency (Qs)
 0.00000     = Absorption efficiency (Qa)
 52.2687     = Lidar ratio
0.110755     micron^2 = <b> = Average surface area per particle
0.296435     microns^2 = Extinction cross section (C)
0.296435     microns^2 = Scattering cross section (Cs)
 0.00000     microns^2 = Absorption cross section (Ca)
 |----------------------------------------------------|
 | COMMENTAIRES:                                      |
 |----------------------------------------------------|
 |   -Cross section / <b> should = efficiency         |
 |    is independant of the normalisation of dN/dx    |
 |   -The integral of the phase fct / 4 pi over all   |
 |    directions (solid angle) = 1.                   |
 |   -The volume coefficient (k) is equal to C * N    |
 |      = cross section * Number density              |
 |      typical units: [um^2]*[particles/cm^3] =      |
 |      [10^-3 km-1]                                  |
 |      N = M/(d*4/3*pi*r^3) where d is the density   |
 |      of particle, M is the mass per unit volume    |
 |      and 4/3*pi*r^3 is the average volume  of a    |
 |      particle.                                     |
 |      typical units:  M -> [ug/m^3], d -> [g/cm^3]  |
 |                      r -> [um]                     |
 |      Lidar ratio= 4 pi Qe / phase_fct(180)*Qs      |
 |----------------------------------------------------|
