 |--------|------------|
 | ANGLE  |  PHASE FCT |
 |--------|------------|
     0.00   46.715    
     1.00   46.298    
     2.00   45.084    
     3.00   43.177    
     4.00   40.727    
     5.00   37.902    
     6.00   34.864    
     7.00   31.759    
     8.00   28.701    
     9.00   25.774    
    10.00   23.036    
    11.00   20.518    
    12.00   18.236    
    13.00   16.190    
    14.00   14.371    
    15.00   12.764    
    16.00   11.351    
    17.00   10.113    
    18.00   9.0293    
    19.00   8.0817    
    20.00   7.2530    
    21.00   6.5275    
    22.00   5.8911    
    23.00   5.3318    
    24.00   4.8388    
    25.00   4.4031    
    26.00   4.0167    
    27.00   3.6730    
    28.00   3.3661    
    29.00   3.0914    
    30.00   2.8445    
    31.00   2.6220    
    32.00   2.4209    
    33.00   2.2387    
    34.00   2.0730    
    35.00   1.9222    
    36.00   1.7845    
    37.00   1.6586    
    38.00   1.5432    
    39.00   1.4372    
    40.00   1.3398    
    41.00   1.2502    
    42.00   1.1676    
    43.00   1.0913    
    44.00   1.0209    
    45.00  0.95575    
    46.00  0.89547    
    47.00  0.83962    
    48.00  0.78786    
    49.00  0.73984    
    50.00  0.69526    
    51.00  0.65384    
    52.00  0.61535    
    53.00  0.57954    
    54.00  0.54622    
    55.00  0.51519    
    56.00  0.48628    
    57.00  0.45934    
    58.00  0.43421    
    59.00  0.41077    
    60.00  0.38889    
    61.00  0.36845    
    62.00  0.34935    
    63.00  0.33151    
    64.00  0.31482    
    65.00  0.29921    
    66.00  0.28460    
    67.00  0.27093    
    68.00  0.25813    
    69.00  0.24613    
    70.00  0.23489    
    71.00  0.22436    
    72.00  0.21448    
    73.00  0.20522    
    74.00  0.19653    
    75.00  0.18839    
    76.00  0.18074    
    77.00  0.17356    
    78.00  0.16682    
    79.00  0.16050    
    80.00  0.15456    
    81.00  0.14899    
    82.00  0.14375    
    83.00  0.13884    
    84.00  0.13423    
    85.00  0.12990    
    86.00  0.12584    
    87.00  0.12204    
    88.00  0.11847    
    89.00  0.11512    
    90.00  0.11199    
    91.00  0.10906    
    92.00  0.10631    
    93.00  0.10375    
    94.00  0.10137    
    95.00  0.99142E-01
    96.00  0.97074E-01
    97.00  0.95155E-01
    98.00  0.93379E-01
    99.00  0.91740E-01
   100.00  0.90233E-01
   101.00  0.88853E-01
   102.00  0.87597E-01
   103.00  0.86460E-01
   104.00  0.85439E-01
   105.00  0.84531E-01
   106.00  0.83734E-01
   107.00  0.83047E-01
   108.00  0.82466E-01
   109.00  0.81992E-01
   110.00  0.81623E-01
   111.00  0.81358E-01
   112.00  0.81199E-01
   113.00  0.81143E-01
   114.00  0.81193E-01
   115.00  0.81349E-01
   116.00  0.81612E-01
   117.00  0.81982E-01
   118.00  0.82463E-01
   119.00  0.83055E-01
   120.00  0.83760E-01
   121.00  0.84580E-01
   122.00  0.85518E-01
   123.00  0.86576E-01
   124.00  0.87756E-01
   125.00  0.89060E-01
   126.00  0.90490E-01
   127.00  0.92049E-01
   128.00  0.93738E-01
   129.00  0.95558E-01
   130.00  0.97512E-01
   131.00  0.99598E-01
   132.00  0.10182    
   133.00  0.10417    
   134.00  0.10666    
   135.00  0.10927    
   136.00  0.11201    
   137.00  0.11488    
   138.00  0.11786    
   139.00  0.12096    
   140.00  0.12416    
   141.00  0.12747    
   142.00  0.13087    
   143.00  0.13436    
   144.00  0.13794    
   145.00  0.14160    
   146.00  0.14533    
   147.00  0.14915    
   148.00  0.15304    
   149.00  0.15702    
   150.00  0.16110    
   151.00  0.16529    
   152.00  0.16960    
   153.00  0.17403    
   154.00  0.17861    
   155.00  0.18332    
   156.00  0.18815    
   157.00  0.19304    
   158.00  0.19791    
   159.00  0.20262    
   160.00  0.20695    
   161.00  0.21064    
   162.00  0.21331    
   163.00  0.21452    
   164.00  0.21381    
   165.00  0.21068    
   166.00  0.20476    
   167.00  0.19586    
   168.00  0.18413    
   169.00  0.17015    
   170.00  0.15505    
   171.00  0.14043    
   172.00  0.12821    
   173.00  0.12031    
   174.00  0.11820    
   175.00  0.12238    
   176.00  0.13204    
   177.00  0.14497    
   178.00  0.15797    
   179.00  0.16757    
   180.00  0.17110    
 |--------|------------|
0.569000     micron = Wavelength
 3.06609     = Extinction efficiency (Q)
 3.06609     = Scattering efficiency (Qs)
 0.00000     = Absorption efficiency (Qa)
 73.4436     = Lidar ratio
0.917851     micron^2 = <b> = Average surface area per particle
 2.81422     microns^2 = Extinction cross section (C)
 2.81422     microns^2 = Scattering cross section (Cs)
 0.00000     microns^2 = Absorption cross section (Ca)
 |----------------------------------------------------|
 | COMMENTAIRES:                                      |
 |----------------------------------------------------|
 |   -Cross section / <b> should = efficiency         |
 |    is independant of the normalisation of dN/dx    |
 |   -The integral of the phase fct / 4 pi over all   |
 |    directions (solid angle) = 1.                   |
 |   -The volume coefficient (k) is equal to C * N    |
 |      = cross section * Number density              |
 |      typical units: [um^2]*[particles/cm^3] =      |
 |      [10^-3 km-1]                                  |
 |      N = M/(d*4/3*pi*r^3) where d is the density   |
 |      of particle, M is the mass per unit volume    |
 |      and 4/3*pi*r^3 is the average volume  of a    |
 |      particle.                                     |
 |      typical units:  M -> [ug/m^3], d -> [g/cm^3]  |
 |                      r -> [um]                     |
 |      Lidar ratio= 4 pi Qe / phase_fct(180)*Qs      |
 |----------------------------------------------------|
