 |--------|------------|
 | ANGLE  |  PHASE FCT |
 |--------|------------|
     0.00   62.779    
     1.00   61.866    
     2.00   59.253    
     3.00   55.280    
     4.00   50.396    
     5.00   45.064    
     6.00   39.674    
     7.00   34.518    
     8.00   29.779    
     9.00   25.555    
    10.00   21.877    
    11.00   18.729    
    12.00   16.070    
    13.00   13.846    
    14.00   11.996    
    15.00   10.463    
    16.00   9.1924    
    17.00   8.1382    
    18.00   7.2597    
    19.00   6.5232    
    20.00   5.9011    
    21.00   5.3709    
    22.00   4.9146    
    23.00   4.5181    
    24.00   4.1699    
    25.00   3.8613    
    26.00   3.5853    
    27.00   3.3364    
    28.00   3.1104    
    29.00   2.9040    
    30.00   2.7145    
    31.00   2.5397    
    32.00   2.3781    
    33.00   2.2281    
    34.00   2.0888    
    35.00   1.9590    
    36.00   1.8380    
    37.00   1.7251    
    38.00   1.6197    
    39.00   1.5212    
    40.00   1.4292    
    41.00   1.3432    
    42.00   1.2628    
    43.00   1.1876    
    44.00   1.1173    
    45.00   1.0515    
    46.00  0.99001    
    47.00  0.93247    
    48.00  0.87864    
    49.00  0.82828    
    50.00  0.78115    
    51.00  0.73705    
    52.00  0.69577    
    53.00  0.65714    
    54.00  0.62096    
    55.00  0.58709    
    56.00  0.55536    
    57.00  0.52565    
    58.00  0.49780    
    59.00  0.47170    
    60.00  0.44724    
    61.00  0.42430    
    62.00  0.40280    
    63.00  0.38262    
    64.00  0.36370    
    65.00  0.34595    
    66.00  0.32928    
    67.00  0.31364    
    68.00  0.29896    
    69.00  0.28517    
    70.00  0.27223    
    71.00  0.26007    
    72.00  0.24864    
    73.00  0.23791    
    74.00  0.22783    
    75.00  0.21836    
    76.00  0.20945    
    77.00  0.20109    
    78.00  0.19323    
    79.00  0.18584    
    80.00  0.17890    
    81.00  0.17237    
    82.00  0.16625    
    83.00  0.16049    
    84.00  0.15508    
    85.00  0.15000    
    86.00  0.14523    
    87.00  0.14075    
    88.00  0.13655    
    89.00  0.13261    
    90.00  0.12892    
    91.00  0.12546    
    92.00  0.12223    
    93.00  0.11920    
    94.00  0.11637    
    95.00  0.11373    
    96.00  0.11127    
    97.00  0.10899    
    98.00  0.10687    
    99.00  0.10491    
   100.00  0.10311    
   101.00  0.10145    
   102.00  0.99937E-01
   103.00  0.98562E-01
   104.00  0.97325E-01
   105.00  0.96221E-01
   106.00  0.95250E-01
   107.00  0.94409E-01
   108.00  0.93698E-01
   109.00  0.93117E-01
   110.00  0.92666E-01
   111.00  0.92346E-01
   112.00  0.92159E-01
   113.00  0.92108E-01
   114.00  0.92194E-01
   115.00  0.92422E-01
   116.00  0.92795E-01
   117.00  0.93318E-01
   118.00  0.93996E-01
   119.00  0.94834E-01
   120.00  0.95839E-01
   121.00  0.97017E-01
   122.00  0.98375E-01
   123.00  0.99919E-01
   124.00  0.10166    
   125.00  0.10360    
   126.00  0.10575    
   127.00  0.10812    
   128.00  0.11072    
   129.00  0.11354    
   130.00  0.11661    
   131.00  0.11992    
   132.00  0.12347    
   133.00  0.12728    
   134.00  0.13134    
   135.00  0.13565    
   136.00  0.14020    
   137.00  0.14499    
   138.00  0.15001    
   139.00  0.15524    
   140.00  0.16066    
   141.00  0.16626    
   142.00  0.17201    
   143.00  0.17789    
   144.00  0.18386    
   145.00  0.18990    
   146.00  0.19599    
   147.00  0.20210    
   148.00  0.20821    
   149.00  0.21433    
   150.00  0.22045    
   151.00  0.22661    
   152.00  0.23285    
   153.00  0.23924    
   154.00  0.24586    
   155.00  0.25281    
   156.00  0.26020    
   157.00  0.26814    
   158.00  0.27669    
   159.00  0.28584    
   160.00  0.29548    
   161.00  0.30529    
   162.00  0.31478    
   163.00  0.32314    
   164.00  0.32934    
   165.00  0.33211    
   166.00  0.33009    
   167.00  0.32210    
   168.00  0.30744    
   169.00  0.28632    
   170.00  0.26022    
   171.00  0.23208    
   172.00  0.20615    
   173.00  0.18739    
   174.00  0.18031    
   175.00  0.18760    
   176.00  0.20876    
   177.00  0.23941    
   178.00  0.27173    
   179.00  0.29634    
   180.00  0.30554    
 |--------|------------|
0.380000     micron = Wavelength
 2.81487     = Extinction efficiency (Q)
 2.81487     = Scattering efficiency (Qs)
 0.00000     = Absorption efficiency (Qa)
 41.1279     = Lidar ratio
0.625716     micron^2 = <b> = Average surface area per particle
 1.76131     microns^2 = Extinction cross section (C)
 1.76131     microns^2 = Scattering cross section (Cs)
 0.00000     microns^2 = Absorption cross section (Ca)
 |----------------------------------------------------|
 | COMMENTAIRES:                                      |
 |----------------------------------------------------|
 |   -Cross section / <b> should = efficiency         |
 |    is independant of the normalisation of dN/dx    |
 |   -The integral of the phase fct / 4 pi over all   |
 |    directions (solid angle) = 1.                   |
 |   -The volume coefficient (k) is equal to C * N    |
 |      = cross section * Number density              |
 |      typical units: [um^2]*[particles/cm^3] =      |
 |      [10^-3 km-1]                                  |
 |      N = M/(d*4/3*pi*r^3) where d is the density   |
 |      of particle, M is the mass per unit volume    |
 |      and 4/3*pi*r^3 is the average volume  of a    |
 |      particle.                                     |
 |      typical units:  M -> [ug/m^3], d -> [g/cm^3]  |
 |                      r -> [um]                     |
 |      Lidar ratio= 4 pi Qe / phase_fct(180)*Qs      |
 |----------------------------------------------------|
