 |--------|------------|
 | ANGLE  |  PHASE FCT |
 |--------|------------|
     0.00   11.020    
     1.00   11.006    
     2.00   10.963    
     3.00   10.893    
     4.00   10.795    
     5.00   10.671    
     6.00   10.523    
     7.00   10.351    
     8.00   10.159    
     9.00   9.9464    
    10.00   9.7167    
    11.00   9.4716    
    12.00   9.2132    
    13.00   8.9437    
    14.00   8.6651    
    15.00   8.3794    
    16.00   8.0886    
    17.00   7.7944    
    18.00   7.4987    
    19.00   7.2030    
    20.00   6.9086    
    21.00   6.6171    
    22.00   6.3294    
    23.00   6.0467    
    24.00   5.7699    
    25.00   5.4997    
    26.00   5.2367    
    27.00   4.9816    
    28.00   4.7347    
    29.00   4.4963    
    30.00   4.2667    
    31.00   4.0461    
    32.00   3.8344    
    33.00   3.6317    
    34.00   3.4380    
    35.00   3.2532    
    36.00   3.0770    
    37.00   2.9094    
    38.00   2.7501    
    39.00   2.5989    
    40.00   2.4556    
    41.00   2.3198    
    42.00   2.1913    
    43.00   2.0698    
    44.00   1.9550    
    45.00   1.8467    
    46.00   1.7444    
    47.00   1.6481    
    48.00   1.5572    
    49.00   1.4717    
    50.00   1.3911    
    51.00   1.3153    
    52.00   1.2439    
    53.00   1.1769    
    54.00   1.1138    
    55.00   1.0544    
    56.00  0.99868    
    57.00  0.94627    
    58.00  0.89701    
    59.00  0.85072    
    60.00  0.80723    
    61.00  0.76635    
    62.00  0.72793    
    63.00  0.69182    
    64.00  0.65789    
    65.00  0.62599    
    66.00  0.59601    
    67.00  0.56781    
    68.00  0.54129    
    69.00  0.51635    
    70.00  0.49289    
    71.00  0.47081    
    72.00  0.45003    
    73.00  0.43047    
    74.00  0.41206    
    75.00  0.39471    
    76.00  0.37837    
    77.00  0.36298    
    78.00  0.34847    
    79.00  0.33479    
    80.00  0.32190    
    81.00  0.30974    
    82.00  0.29827    
    83.00  0.28745    
    84.00  0.27724    
    85.00  0.26760    
    86.00  0.25850    
    87.00  0.24992    
    88.00  0.24181    
    89.00  0.23415    
    90.00  0.22693    
    91.00  0.22011    
    92.00  0.21366    
    93.00  0.20758    
    94.00  0.20184    
    95.00  0.19643    
    96.00  0.19132    
    97.00  0.18650    
    98.00  0.18196    
    99.00  0.17768    
   100.00  0.17365    
   101.00  0.16986    
   102.00  0.16629    
   103.00  0.16294    
   104.00  0.15980    
   105.00  0.15685    
   106.00  0.15410    
   107.00  0.15152    
   108.00  0.14912    
   109.00  0.14688    
   110.00  0.14480    
   111.00  0.14288    
   112.00  0.14111    
   113.00  0.13948    
   114.00  0.13798    
   115.00  0.13662    
   116.00  0.13539    
   117.00  0.13428    
   118.00  0.13329    
   119.00  0.13241    
   120.00  0.13165    
   121.00  0.13100    
   122.00  0.13044    
   123.00  0.12999    
   124.00  0.12964    
   125.00  0.12938    
   126.00  0.12920    
   127.00  0.12911    
   128.00  0.12911    
   129.00  0.12918    
   130.00  0.12932    
   131.00  0.12954    
   132.00  0.12982    
   133.00  0.13015    
   134.00  0.13055    
   135.00  0.13100    
   136.00  0.13149    
   137.00  0.13202    
   138.00  0.13259    
   139.00  0.13320    
   140.00  0.13383    
   141.00  0.13448    
   142.00  0.13515    
   143.00  0.13583    
   144.00  0.13653    
   145.00  0.13723    
   146.00  0.13794    
   147.00  0.13866    
   148.00  0.13938    
   149.00  0.14012    
   150.00  0.14087    
   151.00  0.14164    
   152.00  0.14244    
   153.00  0.14328    
   154.00  0.14417    
   155.00  0.14514    
   156.00  0.14619    
   157.00  0.14735    
   158.00  0.14865    
   159.00  0.15009    
   160.00  0.15172    
   161.00  0.15354    
   162.00  0.15557    
   163.00  0.15784    
   164.00  0.16035    
   165.00  0.16311    
   166.00  0.16609    
   167.00  0.16930    
   168.00  0.17270    
   169.00  0.17625    
   170.00  0.17989    
   171.00  0.18357    
   172.00  0.18719    
   173.00  0.19069    
   174.00  0.19396    
   175.00  0.19693    
   176.00  0.19949    
   177.00  0.20158    
   178.00  0.20313    
   179.00  0.20407    
   180.00  0.20439    
 |--------|------------|
0.600000     micron = Wavelength
 2.23432     = Extinction efficiency (Q)
 2.23432     = Scattering efficiency (Qs)
 0.00000     = Absorption efficiency (Qa)
 61.4809     = Lidar ratio
0.110755     micron^2 = <b> = Average surface area per particle
0.247462     microns^2 = Extinction cross section (C)
0.247462     microns^2 = Scattering cross section (Cs)
 0.00000     microns^2 = Absorption cross section (Ca)
 |----------------------------------------------------|
 | COMMENTAIRES:                                      |
 |----------------------------------------------------|
 |   -Cross section / <b> should = efficiency         |
 |    is independant of the normalisation of dN/dx    |
 |   -The integral of the phase fct / 4 pi over all   |
 |    directions (solid angle) = 1.                   |
 |   -The volume coefficient (k) is equal to C * N    |
 |      = cross section * Number density              |
 |      typical units: [um^2]*[particles/cm^3] =      |
 |      [10^-3 km-1]                                  |
 |      N = M/(d*4/3*pi*r^3) where d is the density   |
 |      of particle, M is the mass per unit volume    |
 |      and 4/3*pi*r^3 is the average volume  of a    |
 |      particle.                                     |
 |      typical units:  M -> [ug/m^3], d -> [g/cm^3]  |
 |                      r -> [um]                     |
 |      Lidar ratio= 4 pi Qe / phase_fct(180)*Qs      |
 |----------------------------------------------------|
