 |--------|------------|
 | ANGLE  |  PHASE FCT |
 |--------|------------|
     0.00   91.189    
     1.00   89.146    
     2.00   83.422    
     3.00   75.064    
     4.00   65.359    
     5.00   55.454    
     6.00   46.161    
     7.00   37.932    
     8.00   30.946    
     9.00   25.195    
    10.00   20.567    
    11.00   16.903    
    12.00   14.033    
    13.00   11.799    
    14.00   10.063    
    15.00   8.7113    
    16.00   7.6516    
    17.00   6.8119    
    18.00   6.1371    
    19.00   5.5854    
    20.00   5.1258    
    21.00   4.7350    
    22.00   4.3965    
    23.00   4.0979    
    24.00   3.8305    
    25.00   3.5879    
    26.00   3.3654    
    27.00   3.1597    
    28.00   2.9685    
    29.00   2.7899    
    30.00   2.6226    
    31.00   2.4656    
    32.00   2.3182    
    33.00   2.1795    
    34.00   2.0492    
    35.00   1.9266    
    36.00   1.8113    
    37.00   1.7030    
    38.00   1.6013    
    39.00   1.5058    
    40.00   1.4161    
    41.00   1.3320    
    42.00   1.2531    
    43.00   1.1791    
    44.00   1.1097    
    45.00   1.0447    
    46.00  0.98377    
    47.00  0.92668    
    48.00  0.87319    
    49.00  0.82308    
    50.00  0.77613    
    51.00  0.73214    
    52.00  0.69093    
    53.00  0.65231    
    54.00  0.61613    
    55.00  0.58221    
    56.00  0.55042    
    57.00  0.52062    
    58.00  0.49268    
    59.00  0.46647    
    60.00  0.44189    
    61.00  0.41883    
    62.00  0.39720    
    63.00  0.37690    
    64.00  0.35784    
    65.00  0.33995    
    66.00  0.32316    
    67.00  0.30739    
    68.00  0.29258    
    69.00  0.27867    
    70.00  0.26561    
    71.00  0.25334    
    72.00  0.24181    
    73.00  0.23099    
    74.00  0.22082    
    75.00  0.21127    
    76.00  0.20230    
    77.00  0.19388    
    78.00  0.18597    
    79.00  0.17855    
    80.00  0.17159    
    81.00  0.16505    
    82.00  0.15893    
    83.00  0.15318    
    84.00  0.14780    
    85.00  0.14276    
    86.00  0.13804    
    87.00  0.13363    
    88.00  0.12951    
    89.00  0.12566    
    90.00  0.12206    
    91.00  0.11871    
    92.00  0.11560    
    93.00  0.11270    
    94.00  0.11001    
    95.00  0.10752    
    96.00  0.10522    
    97.00  0.10310    
    98.00  0.10116    
    99.00  0.99376E-01
   100.00  0.97754E-01
   101.00  0.96285E-01
   102.00  0.94965E-01
   103.00  0.93790E-01
   104.00  0.92755E-01
   105.00  0.91858E-01
   106.00  0.91098E-01
   107.00  0.90474E-01
   108.00  0.89985E-01
   109.00  0.89631E-01
   110.00  0.89415E-01
   111.00  0.89338E-01
   112.00  0.89405E-01
   113.00  0.89618E-01
   114.00  0.89984E-01
   115.00  0.90507E-01
   116.00  0.91195E-01
   117.00  0.92055E-01
   118.00  0.93095E-01
   119.00  0.94327E-01
   120.00  0.95758E-01
   121.00  0.97399E-01
   122.00  0.99261E-01
   123.00  0.10136    
   124.00  0.10370    
   125.00  0.10630    
   126.00  0.10917    
   127.00  0.11231    
   128.00  0.11575    
   129.00  0.11949    
   130.00  0.12353    
   131.00  0.12789    
   132.00  0.13255    
   133.00  0.13753    
   134.00  0.14280    
   135.00  0.14836    
   136.00  0.15419    
   137.00  0.16025    
   138.00  0.16651    
   139.00  0.17294    
   140.00  0.17947    
   141.00  0.18604    
   142.00  0.19259    
   143.00  0.19904    
   144.00  0.20531    
   145.00  0.21133    
   146.00  0.21703    
   147.00  0.22233    
   148.00  0.22718    
   149.00  0.23154    
   150.00  0.23542    
   151.00  0.23884    
   152.00  0.24188    
   153.00  0.24466    
   154.00  0.24737    
   155.00  0.25026    
   156.00  0.25364    
   157.00  0.25787    
   158.00  0.26337    
   159.00  0.27056    
   160.00  0.27981    
   161.00  0.29140    
   162.00  0.30535    
   163.00  0.32131    
   164.00  0.33844    
   165.00  0.35524    
   166.00  0.36955    
   167.00  0.37868    
   168.00  0.37983    
   169.00  0.37075    
   170.00  0.35073    
   171.00  0.32153    
   172.00  0.28803    
   173.00  0.25789    
   174.00  0.24021    
   175.00  0.24280    
   176.00  0.26902    
   177.00  0.31497    
   178.00  0.36848    
   179.00  0.41175    
   180.00  0.42841    
 |--------|------------|
0.490000     micron = Wavelength
 2.60878     = Extinction efficiency (Q)
 2.60878     = Scattering efficiency (Qs)
 0.00000     = Absorption efficiency (Qa)
 29.3325     = Lidar ratio
 1.56991     micron^2 = <b> = Average surface area per particle
 4.09554     microns^2 = Extinction cross section (C)
 4.09554     microns^2 = Scattering cross section (Cs)
0.853007E-15 microns^2 = Absorption cross section (Ca)
 |----------------------------------------------------|
 | COMMENTAIRES:                                      |
 |----------------------------------------------------|
 |   -Cross section / <b> should = efficiency         |
 |    is independant of the normalisation of dN/dx    |
 |   -The integral of the phase fct / 4 pi over all   |
 |    directions (solid angle) = 1.                   |
 |   -The volume coefficient (k) is equal to C * N    |
 |      = cross section * Number density              |
 |      typical units: [um^2]*[particles/cm^3] =      |
 |      [10^-3 km-1]                                  |
 |      N = M/(d*4/3*pi*r^3) where d is the density   |
 |      of particle, M is the mass per unit volume    |
 |      and 4/3*pi*r^3 is the average volume  of a    |
 |      particle.                                     |
 |      typical units:  M -> [ug/m^3], d -> [g/cm^3]  |
 |                      r -> [um]                     |
 |      Lidar ratio= 4 pi Qe / phase_fct(180)*Qs      |
 |----------------------------------------------------|
