 |--------|------------|
 | ANGLE  |  PHASE FCT |
 |--------|------------|
     0.00   13.391    
     1.00   13.369    
     2.00   13.300    
     3.00   13.188    
     4.00   13.032    
     5.00   12.837    
     6.00   12.604    
     7.00   12.336    
     8.00   12.039    
     9.00   11.714    
    10.00   11.366    
    11.00   11.000    
    12.00   10.618    
    13.00   10.224    
    14.00   9.8231    
    15.00   9.4172    
    16.00   9.0097    
    17.00   8.6033    
    18.00   8.2005    
    19.00   7.8036    
    20.00   7.4143    
    21.00   7.0343    
    22.00   6.6649    
    23.00   6.3071    
    24.00   5.9619    
    25.00   5.6299    
    26.00   5.3115    
    27.00   5.0070    
    28.00   4.7164    
    29.00   4.4399    
    30.00   4.1772    
    31.00   3.9282    
    32.00   3.6925    
    33.00   3.4699    
    34.00   3.2599    
    35.00   3.0620    
    36.00   2.8758    
    37.00   2.7008    
    38.00   2.5365    
    39.00   2.3823    
    40.00   2.2378    
    41.00   2.1024    
    42.00   1.9757    
    43.00   1.8571    
    44.00   1.7461    
    45.00   1.6424    
    46.00   1.5455    
    47.00   1.4549    
    48.00   1.3702    
    49.00   1.2912    
    50.00   1.2173    
    51.00   1.1483    
    52.00   1.0839    
    53.00   1.0237    
    54.00  0.96742    
    55.00  0.91485    
    56.00  0.86572    
    57.00  0.81978    
    58.00  0.77682    
    59.00  0.73664    
    60.00  0.69904    
    61.00  0.66384    
    62.00  0.63089    
    63.00  0.60002    
    64.00  0.57108    
    65.00  0.54396    
    66.00  0.51852    
    67.00  0.49465    
    68.00  0.47224    
    69.00  0.45120    
    70.00  0.43142    
    71.00  0.41284    
    72.00  0.39537    
    73.00  0.37893    
    74.00  0.36345    
    75.00  0.34889    
    76.00  0.33516    
    77.00  0.32224    
    78.00  0.31005    
    79.00  0.29856    
    80.00  0.28772    
    81.00  0.27749    
    82.00  0.26784    
    83.00  0.25873    
    84.00  0.25013    
    85.00  0.24201    
    86.00  0.23434    
    87.00  0.22710    
    88.00  0.22025    
    89.00  0.21379    
    90.00  0.20769    
    91.00  0.20193    
    92.00  0.19649    
    93.00  0.19136    
    94.00  0.18651    
    95.00  0.18195    
    96.00  0.17765    
    97.00  0.17360    
    98.00  0.16979    
    99.00  0.16621    
   100.00  0.16285    
   101.00  0.15970    
   102.00  0.15675    
   103.00  0.15400    
   104.00  0.15144    
   105.00  0.14906    
   106.00  0.14685    
   107.00  0.14482    
   108.00  0.14294    
   109.00  0.14123    
   110.00  0.13968    
   111.00  0.13827    
   112.00  0.13702    
   113.00  0.13591    
   114.00  0.13494    
   115.00  0.13411    
   116.00  0.13342    
   117.00  0.13286    
   118.00  0.13244    
   119.00  0.13214    
   120.00  0.13198    
   121.00  0.13194    
   122.00  0.13203    
   123.00  0.13223    
   124.00  0.13256    
   125.00  0.13301    
   126.00  0.13357    
   127.00  0.13424    
   128.00  0.13503    
   129.00  0.13592    
   130.00  0.13691    
   131.00  0.13800    
   132.00  0.13918    
   133.00  0.14045    
   134.00  0.14179    
   135.00  0.14321    
   136.00  0.14469    
   137.00  0.14623    
   138.00  0.14780    
   139.00  0.14941    
   140.00  0.15104    
   141.00  0.15267    
   142.00  0.15429    
   143.00  0.15589    
   144.00  0.15746    
   145.00  0.15896    
   146.00  0.16040    
   147.00  0.16176    
   148.00  0.16302    
   149.00  0.16418    
   150.00  0.16523    
   151.00  0.16617    
   152.00  0.16700    
   153.00  0.16773    
   154.00  0.16838    
   155.00  0.16897    
   156.00  0.16955    
   157.00  0.17015    
   158.00  0.17083    
   159.00  0.17165    
   160.00  0.17268    
   161.00  0.17400    
   162.00  0.17568    
   163.00  0.17781    
   164.00  0.18046    
   165.00  0.18368    
   166.00  0.18752    
   167.00  0.19199    
   168.00  0.19708    
   169.00  0.20274    
   170.00  0.20888    
   171.00  0.21539    
   172.00  0.22209    
   173.00  0.22879    
   174.00  0.23526    
   175.00  0.24128    
   176.00  0.24661    
   177.00  0.25102    
   178.00  0.25432    
   179.00  0.25636    
   180.00  0.25705    
 |--------|------------|
0.490000     micron = Wavelength
 2.81885     = Extinction efficiency (Q)
 2.81885     = Scattering efficiency (Qs)
 0.00000     = Absorption efficiency (Qa)
 48.8862     = Lidar ratio
0.110755     micron^2 = <b> = Average surface area per particle
0.312202     microns^2 = Extinction cross section (C)
0.312202     microns^2 = Scattering cross section (Cs)
 0.00000     microns^2 = Absorption cross section (Ca)
 |----------------------------------------------------|
 | COMMENTAIRES:                                      |
 |----------------------------------------------------|
 |   -Cross section / <b> should = efficiency         |
 |    is independant of the normalisation of dN/dx    |
 |   -The integral of the phase fct / 4 pi over all   |
 |    directions (solid angle) = 1.                   |
 |   -The volume coefficient (k) is equal to C * N    |
 |      = cross section * Number density              |
 |      typical units: [um^2]*[particles/cm^3] =      |
 |      [10^-3 km-1]                                  |
 |      N = M/(d*4/3*pi*r^3) where d is the density   |
 |      of particle, M is the mass per unit volume    |
 |      and 4/3*pi*r^3 is the average volume  of a    |
 |      particle.                                     |
 |      typical units:  M -> [ug/m^3], d -> [g/cm^3]  |
 |                      r -> [um]                     |
 |      Lidar ratio= 4 pi Qe / phase_fct(180)*Qs      |
 |----------------------------------------------------|
