 |--------|------------|
 | ANGLE  |  PHASE FCT |
 |--------|------------|
     0.00   53.098    
     1.00   52.522    
     2.00   50.857    
     3.00   48.272    
     4.00   45.005    
     5.00   41.313    
     6.00   37.434    
     7.00   33.564    
     8.00   29.850    
     9.00   26.387    
    10.00   23.231    
    11.00   20.405    
    12.00   17.907    
    13.00   15.722    
    14.00   13.825    
    15.00   12.186    
    16.00   10.774    
    17.00   9.5586    
    18.00   8.5131    
    19.00   7.6121    
    20.00   6.8337    
    21.00   6.1587    
    22.00   5.5712    
    23.00   5.0574    
    24.00   4.6060    
    25.00   4.2075    
    26.00   3.8539    
    27.00   3.5386    
    28.00   3.2562    
    29.00   3.0023    
    30.00   2.7730    
    31.00   2.5652    
    32.00   2.3764    
    33.00   2.2042    
    34.00   2.0468    
    35.00   1.9026    
    36.00   1.7703    
    37.00   1.6487    
    38.00   1.5367    
    39.00   1.4334    
    40.00   1.3381    
    41.00   1.2500    
    42.00   1.1685    
    43.00   1.0931    
    44.00   1.0233    
    45.00  0.95852    
    46.00  0.89847    
    47.00  0.84273    
    48.00  0.79098    
    49.00  0.74290    
    50.00  0.69821    
    51.00  0.65665    
    52.00  0.61798    
    53.00  0.58199    
    54.00  0.54846    
    55.00  0.51723    
    56.00  0.48811    
    57.00  0.46097    
    58.00  0.43564    
    59.00  0.41200    
    60.00  0.38994    
    61.00  0.36932    
    62.00  0.35006    
    63.00  0.33206    
    64.00  0.31523    
    65.00  0.29948    
    66.00  0.28474    
    67.00  0.27095    
    68.00  0.25804    
    69.00  0.24594    
    70.00  0.23461    
    71.00  0.22399    
    72.00  0.21404    
    73.00  0.20471    
    74.00  0.19596    
    75.00  0.18775    
    76.00  0.18005    
    77.00  0.17284    
    78.00  0.16606    
    79.00  0.15971    
    80.00  0.15375    
    81.00  0.14816    
    82.00  0.14292    
    83.00  0.13800    
    84.00  0.13339    
    85.00  0.12907    
    86.00  0.12502    
    87.00  0.12122    
    88.00  0.11767    
    89.00  0.11435    
    90.00  0.11124    
    91.00  0.10834    
    92.00  0.10564    
    93.00  0.10311    
    94.00  0.10077    
    95.00  0.98587E-01
    96.00  0.96568E-01
    97.00  0.94700E-01
    98.00  0.92979E-01
    99.00  0.91398E-01
   100.00  0.89952E-01
   101.00  0.88637E-01
   102.00  0.87447E-01
   103.00  0.86381E-01
   104.00  0.85435E-01
   105.00  0.84605E-01
   106.00  0.83890E-01
   107.00  0.83288E-01
   108.00  0.82798E-01
   109.00  0.82418E-01
   110.00  0.82148E-01
   111.00  0.81989E-01
   112.00  0.81940E-01
   113.00  0.82002E-01
   114.00  0.82176E-01
   115.00  0.82464E-01
   116.00  0.82866E-01
   117.00  0.83385E-01
   118.00  0.84022E-01
   119.00  0.84782E-01
   120.00  0.85664E-01
   121.00  0.86674E-01
   122.00  0.87812E-01
   123.00  0.89083E-01
   124.00  0.90487E-01
   125.00  0.92029E-01
   126.00  0.93710E-01
   127.00  0.95532E-01
   128.00  0.97497E-01
   129.00  0.99604E-01
   130.00  0.10186    
   131.00  0.10425    
   132.00  0.10678    
   133.00  0.10946    
   134.00  0.11226    
   135.00  0.11520    
   136.00  0.11825    
   137.00  0.12142    
   138.00  0.12468    
   139.00  0.12804    
   140.00  0.13148    
   141.00  0.13498    
   142.00  0.13853    
   143.00  0.14212    
   144.00  0.14573    
   145.00  0.14936    
   146.00  0.15299    
   147.00  0.15663    
   148.00  0.16028    
   149.00  0.16395    
   150.00  0.16765    
   151.00  0.17142    
   152.00  0.17529    
   153.00  0.17930    
   154.00  0.18350    
   155.00  0.18795    
   156.00  0.19268    
   157.00  0.19770    
   158.00  0.20302    
   159.00  0.20854    
   160.00  0.21413    
   161.00  0.21954    
   162.00  0.22437    
   163.00  0.22814    
   164.00  0.23020    
   165.00  0.22984    
   166.00  0.22636    
   167.00  0.21920    
   168.00  0.20817    
   169.00  0.19359    
   170.00  0.17652    
   171.00  0.15882    
   172.00  0.14298    
   173.00  0.13178    
   174.00  0.12758    
   175.00  0.13164    
   176.00  0.14336    
   177.00  0.16010    
   178.00  0.17748    
   179.00  0.19057    
   180.00  0.19544    
 |--------|------------|
0.680000     micron = Wavelength
 2.99656     = Extinction efficiency (Q)
 2.99656     = Scattering efficiency (Qs)
 0.00000     = Absorption efficiency (Qa)
 64.2978     = Lidar ratio
 1.56998     micron^2 = <b> = Average surface area per particle
 4.70455     microns^2 = Extinction cross section (C)
 4.70455     microns^2 = Scattering cross section (Cs)
 0.00000     microns^2 = Absorption cross section (Ca)
 |----------------------------------------------------|
 | COMMENTAIRES:                                      |
 |----------------------------------------------------|
 |   -Cross section / <b> should = efficiency         |
 |    is independant of the normalisation of dN/dx    |
 |   -The integral of the phase fct / 4 pi over all   |
 |    directions (solid angle) = 1.                   |
 |   -The volume coefficient (k) is equal to C * N    |
 |      = cross section * Number density              |
 |      typical units: [um^2]*[particles/cm^3] =      |
 |      [10^-3 km-1]                                  |
 |      N = M/(d*4/3*pi*r^3) where d is the density   |
 |      of particle, M is the mass per unit volume    |
 |      and 4/3*pi*r^3 is the average volume  of a    |
 |      particle.                                     |
 |      typical units:  M -> [ug/m^3], d -> [g/cm^3]  |
 |                      r -> [um]                     |
 |      Lidar ratio= 4 pi Qe / phase_fct(180)*Qs      |
 |----------------------------------------------------|
