 |--------|------------|
 | ANGLE  |  PHASE FCT |
 |--------|------------|
     0.00   11.391    
     1.00   11.377    
     2.00   11.334    
     3.00   11.262    
     4.00   11.163    
     5.00   11.038    
     6.00   10.887    
     7.00   10.712    
     8.00   10.516    
     9.00   10.300    
    10.00   10.066    
    11.00   9.8153    
    12.00   9.5511    
    13.00   9.2752    
    14.00   8.9896    
    15.00   8.6964    
    16.00   8.3976    
    17.00   8.0949    
    18.00   7.7903    
    19.00   7.4852    
    20.00   7.1812    
    21.00   6.8796    
    22.00   6.5818    
    23.00   6.2887    
    24.00   6.0013    
    25.00   5.7204    
    26.00   5.4468    
    27.00   5.1810    
    28.00   4.9235    
    29.00   4.6745    
    30.00   4.4345    
    31.00   4.2036    
    32.00   3.9818    
    33.00   3.7692    
    34.00   3.5659    
    35.00   3.3716    
    36.00   3.1863    
    37.00   3.0099    
    38.00   2.8420    
    39.00   2.6826    
    40.00   2.5313    
    41.00   2.3880    
    42.00   2.2522    
    43.00   2.1238    
    44.00   2.0024    
    45.00   1.8877    
    46.00   1.7795    
    47.00   1.6775    
    48.00   1.5813    
    49.00   1.4907    
    50.00   1.4054    
    51.00   1.3251    
    52.00   1.2496    
    53.00   1.1786    
    54.00   1.1118    
    55.00   1.0491    
    56.00  0.99021    
    57.00  0.93488    
    58.00  0.88292    
    59.00  0.83414    
    60.00  0.78835    
    61.00  0.74537    
    62.00  0.70502    
    63.00  0.66716    
    64.00  0.63163    
    65.00  0.59829    
    66.00  0.56699    
    67.00  0.53762    
    68.00  0.51005    
    69.00  0.48418    
    70.00  0.45989    
    71.00  0.43708    
    72.00  0.41567    
    73.00  0.39556    
    74.00  0.37668    
    75.00  0.35894    
    76.00  0.34227    
    77.00  0.32661    
    78.00  0.31189    
    79.00  0.29805    
    80.00  0.28504    
    81.00  0.27280    
    82.00  0.26129    
    83.00  0.25047    
    84.00  0.24028    
    85.00  0.23070    
    86.00  0.22168    
    87.00  0.21318    
    88.00  0.20519    
    89.00  0.19766    
    90.00  0.19057    
    91.00  0.18389    
    92.00  0.17760    
    93.00  0.17168    
    94.00  0.16610    
    95.00  0.16084    
    96.00  0.15589    
    97.00  0.15123    
    98.00  0.14685    
    99.00  0.14272    
   100.00  0.13883    
   101.00  0.13518    
   102.00  0.13174    
   103.00  0.12851    
   104.00  0.12548    
   105.00  0.12263    
   106.00  0.11996    
   107.00  0.11746    
   108.00  0.11512    
   109.00  0.11293    
   110.00  0.11089    
   111.00  0.10900    
   112.00  0.10723    
   113.00  0.10559    
   114.00  0.10408    
   115.00  0.10269    
   116.00  0.10140    
   117.00  0.10023    
   118.00  0.99167E-01
   119.00  0.98204E-01
   120.00  0.97339E-01
   121.00  0.96570E-01
   122.00  0.95893E-01
   123.00  0.95307E-01
   124.00  0.94808E-01
   125.00  0.94394E-01
   126.00  0.94062E-01
   127.00  0.93811E-01
   128.00  0.93638E-01
   129.00  0.93542E-01
   130.00  0.93521E-01
   131.00  0.93573E-01
   132.00  0.93697E-01
   133.00  0.93890E-01
   134.00  0.94153E-01
   135.00  0.94482E-01
   136.00  0.94877E-01
   137.00  0.95336E-01
   138.00  0.95857E-01
   139.00  0.96441E-01
   140.00  0.97084E-01
   141.00  0.97787E-01
   142.00  0.98547E-01
   143.00  0.99363E-01
   144.00  0.10023    
   145.00  0.10116    
   146.00  0.10214    
   147.00  0.10317    
   148.00  0.10425    
   149.00  0.10538    
   150.00  0.10655    
   151.00  0.10778    
   152.00  0.10905    
   153.00  0.11037    
   154.00  0.11174    
   155.00  0.11314    
   156.00  0.11460    
   157.00  0.11609    
   158.00  0.11763    
   159.00  0.11922    
   160.00  0.12084    
   161.00  0.12250    
   162.00  0.12420    
   163.00  0.12592    
   164.00  0.12768    
   165.00  0.12946    
   166.00  0.13125    
   167.00  0.13304    
   168.00  0.13483    
   169.00  0.13659    
   170.00  0.13831    
   171.00  0.13997    
   172.00  0.14154    
   173.00  0.14301    
   174.00  0.14435    
   175.00  0.14553    
   176.00  0.14654    
   177.00  0.14734    
   178.00  0.14793    
   179.00  0.14829    
   180.00  0.14841    
 |--------|------------|
0.700000     micron = Wavelength
 1.28641     = Extinction efficiency (Q)
 1.28641     = Scattering efficiency (Qs)
 0.00000     = Absorption efficiency (Qa)
 84.6709     = Lidar ratio
0.126655     micron^2 = <b> = Average surface area per particle
0.162931     microns^2 = Extinction cross section (C)
0.162931     microns^2 = Scattering cross section (Cs)
 0.00000     microns^2 = Absorption cross section (Ca)
 |----------------------------------------------------|
 | COMMENTAIRES:                                      |
 |----------------------------------------------------|
 |   -Cross section / <b> should = efficiency         |
 |    is independant of the normalisation of dN/dx    |
 |   -The integral of the phase fct / 4 pi over all   |
 |    directions (solid angle) = 1.                   |
 |   -The volume coefficient (k) is equal to C * N    |
 |      = cross section * Number density              |
 |      typical units: [um^2]*[particles/cm^3] =      |
 |      [10^-3 km-1]                                  |
 |      N = M/(d*4/3*pi*r^3) where d is the density   |
 |      of particle, M is the mass per unit volume    |
 |      and 4/3*pi*r^3 is the average volume  of a    |
 |      particle.                                     |
 |      typical units:  M -> [ug/m^3], d -> [g/cm^3]  |
 |                      r -> [um]                     |
 |      Lidar ratio= 4 pi Qe / phase_fct(180)*Qs      |
 |----------------------------------------------------|
