 |--------|------------|
 | ANGLE  |  PHASE FCT |
 |--------|------------|
     0.00   73.865    
     1.00   72.574    
     2.00   68.909    
     3.00   63.425    
     4.00   56.835    
     5.00   49.830    
     6.00   42.957    
     7.00   36.581    
     8.00   30.904    
     9.00   26.003    
    10.00   21.866    
    11.00   18.433    
    12.00   15.618    
    13.00   13.328    
    14.00   11.472    
    15.00   9.9696    
    16.00   8.7497    
    17.00   7.7543    
    18.00   6.9354    
    19.00   6.2548    
    20.00   5.6825    
    21.00   5.1950    
    22.00   4.7744    
    23.00   4.4067    
    24.00   4.0814    
    25.00   3.7905    
    26.00   3.5279    
    27.00   3.2890    
    28.00   3.0702    
    29.00   2.8687    
    30.00   2.6824    
    31.00   2.5096    
    32.00   2.3491    
    33.00   2.1996    
    34.00   2.0603    
    35.00   1.9303    
    36.00   1.8090    
    37.00   1.6957    
    38.00   1.5899    
    39.00   1.4911    
    40.00   1.3988    
    41.00   1.3126    
    42.00   1.2321    
    43.00   1.1569    
    44.00   1.0867    
    45.00   1.0212    
    46.00  0.95993    
    47.00  0.90275    
    48.00  0.84935    
    49.00  0.79946    
    50.00  0.75286    
    51.00  0.70932    
    52.00  0.66863    
    53.00  0.63060    
    54.00  0.59504    
    55.00  0.56181    
    56.00  0.53072    
    57.00  0.50163    
    58.00  0.47442    
    59.00  0.44896    
    60.00  0.42511    
    61.00  0.40279    
    62.00  0.38188    
    63.00  0.36229    
    64.00  0.34393    
    65.00  0.32672    
    66.00  0.31059    
    67.00  0.29546    
    68.00  0.28128    
    69.00  0.26797    
    70.00  0.25549    
    71.00  0.24377    
    72.00  0.23278    
    73.00  0.22247    
    74.00  0.21279    
    75.00  0.20371    
    76.00  0.19518    
    77.00  0.18718    
    78.00  0.17968    
    79.00  0.17263    
    80.00  0.16602    
    81.00  0.15983    
    82.00  0.15402    
    83.00  0.14857    
    84.00  0.14347    
    85.00  0.13869    
    86.00  0.13421    
    87.00  0.13003    
    88.00  0.12611    
    89.00  0.12246    
    90.00  0.11905    
    91.00  0.11586    
    92.00  0.11290    
    93.00  0.11015    
    94.00  0.10759    
    95.00  0.10522    
    96.00  0.10303    
    97.00  0.10102    
    98.00  0.99165E-01
    99.00  0.97470E-01
   100.00  0.95928E-01
   101.00  0.94533E-01
   102.00  0.93280E-01
   103.00  0.92165E-01
   104.00  0.91187E-01
   105.00  0.90342E-01
   106.00  0.89628E-01
   107.00  0.89045E-01
   108.00  0.88591E-01
   109.00  0.88266E-01
   110.00  0.88073E-01
   111.00  0.88012E-01
   112.00  0.88084E-01
   113.00  0.88294E-01
   114.00  0.88643E-01
   115.00  0.89137E-01
   116.00  0.89780E-01
   117.00  0.90577E-01
   118.00  0.91533E-01
   119.00  0.92654E-01
   120.00  0.93948E-01
   121.00  0.95422E-01
   122.00  0.97082E-01
   123.00  0.98935E-01
   124.00  0.10099    
   125.00  0.10325    
   126.00  0.10573    
   127.00  0.10843    
   128.00  0.11136    
   129.00  0.11451    
   130.00  0.11790    
   131.00  0.12152    
   132.00  0.12538    
   133.00  0.12946    
   134.00  0.13376    
   135.00  0.13826    
   136.00  0.14296    
   137.00  0.14783    
   138.00  0.15283    
   139.00  0.15795    
   140.00  0.16314    
   141.00  0.16837    
   142.00  0.17359    
   143.00  0.17876    
   144.00  0.18382    
   145.00  0.18874    
   146.00  0.19348    
   147.00  0.19799    
   148.00  0.20225    
   149.00  0.20627    
   150.00  0.21006    
   151.00  0.21365    
   152.00  0.21712    
   153.00  0.22059    
   154.00  0.22418    
   155.00  0.22809    
   156.00  0.23253    
   157.00  0.23773    
   158.00  0.24393    
   159.00  0.25133    
   160.00  0.26006    
   161.00  0.27009    
   162.00  0.28118    
   163.00  0.29280    
   164.00  0.30401    
   165.00  0.31348    
   166.00  0.31952    
   167.00  0.32030    
   168.00  0.31416    
   169.00  0.30014    
   170.00  0.27865    
   171.00  0.25194    
   172.00  0.22426    
   173.00  0.20148    
   174.00  0.18978    
   175.00  0.19386    
   176.00  0.21477    
   177.00  0.24853    
   178.00  0.28606    
   179.00  0.31555    
   180.00  0.32674    
 |--------|------------|
0.550000     micron = Wavelength
 2.74709     = Extinction efficiency (Q)
 2.74709     = Scattering efficiency (Qs)
 0.00000     = Absorption efficiency (Qa)
 38.4602     = Lidar ratio
 1.56997     micron^2 = <b> = Average surface area per particle
 4.31284     microns^2 = Extinction cross section (C)
 4.31284     microns^2 = Scattering cross section (Cs)
0.107470E-14 microns^2 = Absorption cross section (Ca)
 |----------------------------------------------------|
 | COMMENTAIRES:                                      |
 |----------------------------------------------------|
 |   -Cross section / <b> should = efficiency         |
 |    is independant of the normalisation of dN/dx    |
 |   -The integral of the phase fct / 4 pi over all   |
 |    directions (solid angle) = 1.                   |
 |   -The volume coefficient (k) is equal to C * N    |
 |      = cross section * Number density              |
 |      typical units: [um^2]*[particles/cm^3] =      |
 |      [10^-3 km-1]                                  |
 |      N = M/(d*4/3*pi*r^3) where d is the density   |
 |      of particle, M is the mass per unit volume    |
 |      and 4/3*pi*r^3 is the average volume  of a    |
 |      particle.                                     |
 |      typical units:  M -> [ug/m^3], d -> [g/cm^3]  |
 |                      r -> [um]                     |
 |      Lidar ratio= 4 pi Qe / phase_fct(180)*Qs      |
 |----------------------------------------------------|
