 |--------|------------|
 | ANGLE  |  PHASE FCT |
 |--------|------------|
     0.00   11.190    
     1.00   11.175    
     2.00   11.131    
     3.00   11.058    
     4.00   10.956    
     5.00   10.828    
     6.00   10.675    
     7.00   10.497    
     8.00   10.297    
     9.00   10.078    
    10.00   9.8405    
    11.00   9.5874    
    12.00   9.3209    
    13.00   9.0430    
    14.00   8.7561    
    15.00   8.4621    
    16.00   8.1631    
    17.00   7.8611    
    18.00   7.5577    
    19.00   7.2546    
    20.00   6.9533    
    21.00   6.6551    
    22.00   6.3613    
    23.00   6.0728    
    24.00   5.7907    
    25.00   5.5155    
    26.00   5.2481    
    27.00   4.9889    
    28.00   4.7383    
    29.00   4.4966    
    30.00   4.2641    
    31.00   4.0408    
    32.00   3.8269    
    33.00   3.6223    
    34.00   3.4269    
    35.00   3.2407    
    36.00   3.0634    
    37.00   2.8948    
    38.00   2.7348    
    39.00   2.5830    
    40.00   2.4393    
    41.00   2.3033    
    42.00   2.1746    
    43.00   2.0531    
    44.00   1.9385    
    45.00   1.8303    
    46.00   1.7283    
    47.00   1.6322    
    48.00   1.5417    
    49.00   1.4565    
    50.00   1.3764    
    51.00   1.3011    
    52.00   1.2302    
    53.00   1.1636    
    54.00   1.1010    
    55.00   1.0422    
    56.00  0.98693    
    57.00  0.93502    
    58.00  0.88626    
    59.00  0.84047    
    60.00  0.79745    
    61.00  0.75703    
    62.00  0.71907    
    63.00  0.68341    
    64.00  0.64990    
    65.00  0.61842    
    66.00  0.58883    
    67.00  0.56101    
    68.00  0.53486    
    69.00  0.51027    
    70.00  0.48714    
    71.00  0.46538    
    72.00  0.44490    
    73.00  0.42563    
    74.00  0.40749    
    75.00  0.39040    
    76.00  0.37431    
    77.00  0.35915    
    78.00  0.34487    
    79.00  0.33140    
    80.00  0.31871    
    81.00  0.30673    
    82.00  0.29544    
    83.00  0.28479    
    84.00  0.27474    
    85.00  0.26525    
    86.00  0.25630    
    87.00  0.24785    
    88.00  0.23987    
    89.00  0.23233    
    90.00  0.22522    
    91.00  0.21851    
    92.00  0.21217    
    93.00  0.20619    
    94.00  0.20054    
    95.00  0.19521    
    96.00  0.19019    
    97.00  0.18545    
    98.00  0.18098    
    99.00  0.17678    
   100.00  0.17282    
   101.00  0.16909    
   102.00  0.16559    
   103.00  0.16231    
   104.00  0.15922    
   105.00  0.15634    
   106.00  0.15364    
   107.00  0.15112    
   108.00  0.14877    
   109.00  0.14659    
   110.00  0.14456    
   111.00  0.14269    
   112.00  0.14097    
   113.00  0.13939    
   114.00  0.13795    
   115.00  0.13664    
   116.00  0.13546    
   117.00  0.13440    
   118.00  0.13346    
   119.00  0.13264    
   120.00  0.13193    
   121.00  0.13133    
   122.00  0.13083    
   123.00  0.13044    
   124.00  0.13014    
   125.00  0.12993    
   126.00  0.12981    
   127.00  0.12978    
   128.00  0.12984    
   129.00  0.12997    
   130.00  0.13017    
   131.00  0.13044    
   132.00  0.13078    
   133.00  0.13118    
   134.00  0.13164    
   135.00  0.13214    
   136.00  0.13269    
   137.00  0.13328    
   138.00  0.13391    
   139.00  0.13456    
   140.00  0.13524    
   141.00  0.13594    
   142.00  0.13665    
   143.00  0.13737    
   144.00  0.13810    
   145.00  0.13883    
   146.00  0.13956    
   147.00  0.14029    
   148.00  0.14102    
   149.00  0.14175    
   150.00  0.14249    
   151.00  0.14324    
   152.00  0.14402    
   153.00  0.14483    
   154.00  0.14569    
   155.00  0.14661    
   156.00  0.14762    
   157.00  0.14874    
   158.00  0.15000    
   159.00  0.15141    
   160.00  0.15301    
   161.00  0.15481    
   162.00  0.15685    
   163.00  0.15914    
   164.00  0.16169    
   165.00  0.16451    
   166.00  0.16759    
   167.00  0.17092    
   168.00  0.17446    
   169.00  0.17818    
   170.00  0.18201    
   171.00  0.18588    
   172.00  0.18972    
   173.00  0.19343    
   174.00  0.19692    
   175.00  0.20008    
   176.00  0.20283    
   177.00  0.20506    
   178.00  0.20671    
   179.00  0.20773    
   180.00  0.20807    
 |--------|------------|
0.590000     micron = Wavelength
 2.29321     = Extinction efficiency (Q)
 2.29321     = Scattering efficiency (Qs)
 0.00000     = Absorption efficiency (Qa)
 60.3940     = Lidar ratio
0.110755     micron^2 = <b> = Average surface area per particle
0.253985     microns^2 = Extinction cross section (C)
0.253985     microns^2 = Scattering cross section (Cs)
 0.00000     microns^2 = Absorption cross section (Ca)
 |----------------------------------------------------|
 | COMMENTAIRES:                                      |
 |----------------------------------------------------|
 |   -Cross section / <b> should = efficiency         |
 |    is independant of the normalisation of dN/dx    |
 |   -The integral of the phase fct / 4 pi over all   |
 |    directions (solid angle) = 1.                   |
 |   -The volume coefficient (k) is equal to C * N    |
 |      = cross section * Number density              |
 |      typical units: [um^2]*[particles/cm^3] =      |
 |      [10^-3 km-1]                                  |
 |      N = M/(d*4/3*pi*r^3) where d is the density   |
 |      of particle, M is the mass per unit volume    |
 |      and 4/3*pi*r^3 is the average volume  of a    |
 |      particle.                                     |
 |      typical units:  M -> [ug/m^3], d -> [g/cm^3]  |
 |                      r -> [um]                     |
 |      Lidar ratio= 4 pi Qe / phase_fct(180)*Qs      |
 |----------------------------------------------------|
