 |--------|------------|
 | ANGLE  |  PHASE FCT |
 |--------|------------|
     0.00   48.718    
     1.00   48.235    
     2.00   46.836    
     3.00   44.650    
     4.00   41.865    
     5.00   38.686    
     6.00   35.309    
     7.00   31.899    
     8.00   28.587    
     9.00   25.460    
    10.00   22.576    
    11.00   19.962    
    12.00   17.626    
    13.00   15.559    
    14.00   13.747    
    15.00   12.166    
    16.00   10.792    
    17.00   9.6016    
    18.00   8.5702    
    19.00   7.6764    
    20.00   6.9006    
    21.00   6.2257    
    22.00   5.6366    
    23.00   5.1206    
    24.00   4.6666    
    25.00   4.2655    
    26.00   3.9097    
    27.00   3.5924    
    28.00   3.3085    
    29.00   3.0532    
    30.00   2.8229    
    31.00   2.6143    
    32.00   2.4247    
    33.00   2.2519    
    34.00   2.0939    
    35.00   1.9492    
    36.00   1.8164    
    37.00   1.6942    
    38.00   1.5815    
    39.00   1.4776    
    40.00   1.3815    
    41.00   1.2927    
    42.00   1.2104    
    43.00   1.1341    
    44.00   1.0633    
    45.00  0.99763    
    46.00  0.93658    
    47.00  0.87984    
    48.00  0.82706    
    49.00  0.77794    
    50.00  0.73220    
    51.00  0.68959    
    52.00  0.64988    
    53.00  0.61285    
    54.00  0.57831    
    55.00  0.54608    
    56.00  0.51598    
    57.00  0.48788    
    58.00  0.46162    
    59.00  0.43707    
    60.00  0.41412    
    61.00  0.39266    
    62.00  0.37258    
    63.00  0.35378    
    64.00  0.33618    
    65.00  0.31969    
    66.00  0.30425    
    67.00  0.28977    
    68.00  0.27620    
    69.00  0.26348    
    70.00  0.25154    
    71.00  0.24035    
    72.00  0.22984    
    73.00  0.21998    
    74.00  0.21072    
    75.00  0.20203    
    76.00  0.19386    
    77.00  0.18619    
    78.00  0.17899    
    79.00  0.17222    
    80.00  0.16587    
    81.00  0.15989    
    82.00  0.15428    
    83.00  0.14901    
    84.00  0.14406    
    85.00  0.13941    
    86.00  0.13504    
    87.00  0.13094    
    88.00  0.12709    
    89.00  0.12348    
    90.00  0.12009    
    91.00  0.11692    
    92.00  0.11396    
    93.00  0.11118    
    94.00  0.10859    
    95.00  0.10617    
    96.00  0.10392    
    97.00  0.10182    
    98.00  0.99880E-01
    99.00  0.98084E-01
   100.00  0.96430E-01
   101.00  0.94911E-01
   102.00  0.93524E-01
   103.00  0.92264E-01
   104.00  0.91129E-01
   105.00  0.90116E-01
   106.00  0.89221E-01
   107.00  0.88445E-01
   108.00  0.87784E-01
   109.00  0.87238E-01
   110.00  0.86807E-01
   111.00  0.86490E-01
   112.00  0.86288E-01
   113.00  0.86200E-01
   114.00  0.86229E-01
   115.00  0.86376E-01
   116.00  0.86642E-01
   117.00  0.87030E-01
   118.00  0.87541E-01
   119.00  0.88179E-01
   120.00  0.88946E-01
   121.00  0.89846E-01
   122.00  0.90882E-01
   123.00  0.92057E-01
   124.00  0.93376E-01
   125.00  0.94843E-01
   126.00  0.96460E-01
   127.00  0.98232E-01
   128.00  0.10016    
   129.00  0.10225    
   130.00  0.10451    
   131.00  0.10693    
   132.00  0.10952    
   133.00  0.11228    
   134.00  0.11522    
   135.00  0.11832    
   136.00  0.12159    
   137.00  0.12502    
   138.00  0.12862    
   139.00  0.13238    
   140.00  0.13628    
   141.00  0.14033    
   142.00  0.14452    
   143.00  0.14884    
   144.00  0.15328    
   145.00  0.15785    
   146.00  0.16252    
   147.00  0.16731    
   148.00  0.17222    
   149.00  0.17725    
   150.00  0.18241    
   151.00  0.18771    
   152.00  0.19317    
   153.00  0.19881    
   154.00  0.20463    
   155.00  0.21065    
   156.00  0.21684    
   157.00  0.22315    
   158.00  0.22949    
   159.00  0.23568    
   160.00  0.24149    
   161.00  0.24656    
   162.00  0.25044    
   163.00  0.25255    
   164.00  0.25227    
   165.00  0.24898    
   166.00  0.24214    
   167.00  0.23148    
   168.00  0.21715    
   169.00  0.19987    
   170.00  0.18102    
   171.00  0.16264    
   172.00  0.14722    
   173.00  0.13725    
   174.00  0.13464    
   175.00  0.14010    
   176.00  0.15265    
   177.00  0.16947    
   178.00  0.18640    
   179.00  0.19893    
   180.00  0.20355    
 |--------|------------|
0.450000     micron = Wavelength
 3.01661     = Extinction efficiency (Q)
 3.01661     = Scattering efficiency (Qs)
 0.00000     = Absorption efficiency (Qa)
 61.7353     = Lidar ratio
0.625715     micron^2 = <b> = Average surface area per particle
 1.88753     microns^2 = Extinction cross section (C)
 1.88753     microns^2 = Scattering cross section (Cs)
 0.00000     microns^2 = Absorption cross section (Ca)
 |----------------------------------------------------|
 | COMMENTAIRES:                                      |
 |----------------------------------------------------|
 |   -Cross section / <b> should = efficiency         |
 |    is independant of the normalisation of dN/dx    |
 |   -The integral of the phase fct / 4 pi over all   |
 |    directions (solid angle) = 1.                   |
 |   -The volume coefficient (k) is equal to C * N    |
 |      = cross section * Number density              |
 |      typical units: [um^2]*[particles/cm^3] =      |
 |      [10^-3 km-1]                                  |
 |      N = M/(d*4/3*pi*r^3) where d is the density   |
 |      of particle, M is the mass per unit volume    |
 |      and 4/3*pi*r^3 is the average volume  of a    |
 |      particle.                                     |
 |      typical units:  M -> [ug/m^3], d -> [g/cm^3]  |
 |                      r -> [um]                     |
 |      Lidar ratio= 4 pi Qe / phase_fct(180)*Qs      |
 |----------------------------------------------------|
