 |--------|------------|
 | ANGLE  |  PHASE FCT |
 |--------|------------|
     0.00   93.444    
     1.00   91.284    
     2.00   85.244    
     3.00   76.449    
     4.00   66.281    
     5.00   55.956    
     6.00   46.322    
     7.00   37.842    
     8.00   30.686    
     9.00   24.833    
    10.00   20.153    
    11.00   16.470    
    12.00   13.606    
    13.00   11.391    
    14.00   9.6830    
    15.00   8.3629    
    16.00   7.3360    
    17.00   6.5288    
    18.00   5.8851    
    19.00   5.3626    
    20.00   4.9300    
    21.00   4.5640    
    22.00   4.2480    
    23.00   3.9699    
    24.00   3.7210    
    25.00   3.4950    
    26.00   3.2875    
    27.00   3.0953    
    28.00   2.9161    
    29.00   2.7483    
    30.00   2.5906    
    31.00   2.4420    
    32.00   2.3020    
    33.00   2.1699    
    34.00   2.0453    
    35.00   1.9277    
    36.00   1.8167    
    37.00   1.7122    
    38.00   1.6136    
    39.00   1.5207    
    40.00   1.4332    
    41.00   1.3509    
    42.00   1.2735    
    43.00   1.2006    
    44.00   1.1321    
    45.00   1.0678    
    46.00   1.0073    
    47.00  0.95046    
    48.00  0.89709    
    49.00  0.84696    
    50.00  0.79987    
    51.00  0.75566    
    52.00  0.71413    
    53.00  0.67514    
    54.00  0.63852    
    55.00  0.60413    
    56.00  0.57183    
    57.00  0.54149    
    58.00  0.51299    
    59.00  0.48621    
    60.00  0.46105    
    61.00  0.43741    
    62.00  0.41519    
    63.00  0.39431    
    64.00  0.37469    
    65.00  0.35624    
    66.00  0.33889    
    67.00  0.32259    
    68.00  0.30726    
    69.00  0.29284    
    70.00  0.27929    
    71.00  0.26654    
    72.00  0.25456    
    73.00  0.24329    
    74.00  0.23270    
    75.00  0.22274    
    76.00  0.21338    
    77.00  0.20458    
    78.00  0.19631    
    79.00  0.18854    
    80.00  0.18125    
    81.00  0.17439    
    82.00  0.16796    
    83.00  0.16192    
    84.00  0.15626    
    85.00  0.15094    
    86.00  0.14596    
    87.00  0.14129    
    88.00  0.13692    
    89.00  0.13283    
    90.00  0.12901    
    91.00  0.12543    
    92.00  0.12209    
    93.00  0.11898    
    94.00  0.11608    
    95.00  0.11338    
    96.00  0.11087    
    97.00  0.10854    
    98.00  0.10639    
    99.00  0.10441    
   100.00  0.10258    
   101.00  0.10091    
   102.00  0.99387E-01
   103.00  0.98009E-01
   104.00  0.96772E-01
   105.00  0.95672E-01
   106.00  0.94709E-01
   107.00  0.93879E-01
   108.00  0.93185E-01
   109.00  0.92626E-01
   110.00  0.92206E-01
   111.00  0.91925E-01
   112.00  0.91787E-01
   113.00  0.91796E-01
   114.00  0.91959E-01
   115.00  0.92282E-01
   116.00  0.92773E-01
   117.00  0.93438E-01
   118.00  0.94288E-01
   119.00  0.95334E-01
   120.00  0.96587E-01
   121.00  0.98058E-01
   122.00  0.99761E-01
   123.00  0.10171    
   124.00  0.10392    
   125.00  0.10640    
   126.00  0.10918    
   127.00  0.11226    
   128.00  0.11565    
   129.00  0.11939    
   130.00  0.12346    
   131.00  0.12790    
   132.00  0.13270    
   133.00  0.13787    
   134.00  0.14341    
   135.00  0.14932    
   136.00  0.15558    
   137.00  0.16218    
   138.00  0.16909    
   139.00  0.17626    
   140.00  0.18366    
   141.00  0.19123    
   142.00  0.19890    
   143.00  0.20660    
   144.00  0.21425    
   145.00  0.22175    
   146.00  0.22902    
   147.00  0.23598    
   148.00  0.24254    
   149.00  0.24865    
   150.00  0.25428    
   151.00  0.25941    
   152.00  0.26409    
   153.00  0.26844    
   154.00  0.27262    
   155.00  0.27686    
   156.00  0.28149    
   157.00  0.28689    
   158.00  0.29351    
   159.00  0.30179    
   160.00  0.31215    
   161.00  0.32485    
   162.00  0.33989    
   163.00  0.35686    
   164.00  0.37478    
   165.00  0.39198    
   166.00  0.40610    
   167.00  0.41430    
   168.00  0.41367    
   169.00  0.40201    
   170.00  0.37890    
   171.00  0.34657    
   172.00  0.31050    
   173.00  0.27895    
   174.00  0.26150    
   175.00  0.26621    
   176.00  0.29642    
   177.00  0.34778    
   178.00  0.40707    
   179.00  0.45489    
   180.00  0.47330    
 |--------|------------|
0.370000     micron = Wavelength
 2.57463     = Extinction efficiency (Q)
 2.57463     = Scattering efficiency (Qs)
 0.00000     = Absorption efficiency (Qa)
 26.5508     = Lidar ratio
0.917801     micron^2 = <b> = Average surface area per particle
 2.36300     microns^2 = Extinction cross section (C)
 2.36300     microns^2 = Scattering cross section (Cs)
0.486367E-15 microns^2 = Absorption cross section (Ca)
 |----------------------------------------------------|
 | COMMENTAIRES:                                      |
 |----------------------------------------------------|
 |   -Cross section / <b> should = efficiency         |
 |    is independant of the normalisation of dN/dx    |
 |   -The integral of the phase fct / 4 pi over all   |
 |    directions (solid angle) = 1.                   |
 |   -The volume coefficient (k) is equal to C * N    |
 |      = cross section * Number density              |
 |      typical units: [um^2]*[particles/cm^3] =      |
 |      [10^-3 km-1]                                  |
 |      N = M/(d*4/3*pi*r^3) where d is the density   |
 |      of particle, M is the mass per unit volume    |
 |      and 4/3*pi*r^3 is the average volume  of a    |
 |      particle.                                     |
 |      typical units:  M -> [ug/m^3], d -> [g/cm^3]  |
 |                      r -> [um]                     |
 |      Lidar ratio= 4 pi Qe / phase_fct(180)*Qs      |
 |----------------------------------------------------|
