 |--------|------------|
 | ANGLE  |  PHASE FCT |
 |--------|------------|
     0.00   15.034    
     1.00   15.003    
     2.00   14.912    
     3.00   14.762    
     4.00   14.555    
     5.00   14.296    
     6.00   13.989    
     7.00   13.640    
     8.00   13.253    
     9.00   12.835    
    10.00   12.391    
    11.00   11.927    
    12.00   11.448    
    13.00   10.959    
    14.00   10.466    
    15.00   9.9718    
    16.00   9.4809    
    17.00   8.9965    
    18.00   8.5213    
    19.00   8.0579    
    20.00   7.6082    
    21.00   7.1737    
    22.00   6.7556    
    23.00   6.3549    
    24.00   5.9721    
    25.00   5.6075    
    26.00   5.2612    
    27.00   4.9331    
    28.00   4.6231    
    29.00   4.3307    
    30.00   4.0554    
    31.00   3.7966    
    32.00   3.5538    
    33.00   3.3263    
    34.00   3.1133    
    35.00   2.9141    
    36.00   2.7281    
    37.00   2.5545    
    38.00   2.3925    
    39.00   2.2416    
    40.00   2.1009    
    41.00   1.9699    
    42.00   1.8479    
    43.00   1.7344    
    44.00   1.6287    
    45.00   1.5303    
    46.00   1.4388    
    47.00   1.3536    
    48.00   1.2743    
    49.00   1.2004    
    50.00   1.1317    
    51.00   1.0676    
    52.00   1.0079    
    53.00  0.95232    
    54.00  0.90045    
    55.00  0.85205    
    56.00  0.80689    
    57.00  0.76471    
    58.00  0.72531    
    59.00  0.68849    
    60.00  0.65405    
    61.00  0.62182    
    62.00  0.59165    
    63.00  0.56338    
    64.00  0.53689    
    65.00  0.51205    
    66.00  0.48874    
    67.00  0.46685    
    68.00  0.44629    
    69.00  0.42697    
    70.00  0.40880    
    71.00  0.39170    
    72.00  0.37561    
    73.00  0.36045    
    74.00  0.34616    
    75.00  0.33270    
    76.00  0.32000    
    77.00  0.30802    
    78.00  0.29671    
    79.00  0.28603    
    80.00  0.27594    
    81.00  0.26642    
    82.00  0.25741    
    83.00  0.24890    
    84.00  0.24086    
    85.00  0.23325    
    86.00  0.22606    
    87.00  0.21926    
    88.00  0.21283    
    89.00  0.20675    
    90.00  0.20100    
    91.00  0.19557    
    92.00  0.19044    
    93.00  0.18560    
    94.00  0.18103    
    95.00  0.17672    
    96.00  0.17265    
    97.00  0.16882    
    98.00  0.16523    
    99.00  0.16185    
   100.00  0.15867    
   101.00  0.15571    
   102.00  0.15293    
   103.00  0.15035    
   104.00  0.14795    
   105.00  0.14572    
   106.00  0.14367    
   107.00  0.14179    
   108.00  0.14007    
   109.00  0.13851    
   110.00  0.13711    
   111.00  0.13586    
   112.00  0.13476    
   113.00  0.13382    
   114.00  0.13302    
   115.00  0.13238    
   116.00  0.13188    
   117.00  0.13152    
   118.00  0.13131    
   119.00  0.13125    
   120.00  0.13133    
   121.00  0.13155    
   122.00  0.13192    
   123.00  0.13244    
   124.00  0.13310    
   125.00  0.13390    
   126.00  0.13485    
   127.00  0.13594    
   128.00  0.13718    
   129.00  0.13855    
   130.00  0.14007    
   131.00  0.14172    
   132.00  0.14351    
   133.00  0.14542    
   134.00  0.14746    
   135.00  0.14961    
   136.00  0.15187    
   137.00  0.15422    
   138.00  0.15666    
   139.00  0.15917    
   140.00  0.16174    
   141.00  0.16434    
   142.00  0.16695    
   143.00  0.16955    
   144.00  0.17213    
   145.00  0.17464    
   146.00  0.17706    
   147.00  0.17936    
   148.00  0.18153    
   149.00  0.18351    
   150.00  0.18530    
   151.00  0.18688    
   152.00  0.18822    
   153.00  0.18932    
   154.00  0.19019    
   155.00  0.19085    
   156.00  0.19132    
   157.00  0.19166    
   158.00  0.19193    
   159.00  0.19222    
   160.00  0.19264    
   161.00  0.19330    
   162.00  0.19435    
   163.00  0.19592    
   164.00  0.19815    
   165.00  0.20118    
   166.00  0.20512    
   167.00  0.21005    
   168.00  0.21599    
   169.00  0.22294    
   170.00  0.23080    
   171.00  0.23941    
   172.00  0.24855    
   173.00  0.25792    
   174.00  0.26717    
   175.00  0.27592    
   176.00  0.28378    
   177.00  0.29036    
   178.00  0.29533    
   179.00  0.29842    
   180.00  0.29947    
 |--------|------------|
0.436000     micron = Wavelength
 3.05214     = Extinction efficiency (Q)
 3.05214     = Scattering efficiency (Qs)
 0.00000     = Absorption efficiency (Qa)
 41.9618     = Lidar ratio
0.110755     micron^2 = <b> = Average surface area per particle
0.338039     microns^2 = Extinction cross section (C)
0.338039     microns^2 = Scattering cross section (Cs)
 0.00000     microns^2 = Absorption cross section (Ca)
 |----------------------------------------------------|
 | COMMENTAIRES:                                      |
 |----------------------------------------------------|
 |   -Cross section / <b> should = efficiency         |
 |    is independant of the normalisation of dN/dx    |
 |   -The integral of the phase fct / 4 pi over all   |
 |    directions (solid angle) = 1.                   |
 |   -The volume coefficient (k) is equal to C * N    |
 |      = cross section * Number density              |
 |      typical units: [um^2]*[particles/cm^3] =      |
 |      [10^-3 km-1]                                  |
 |      N = M/(d*4/3*pi*r^3) where d is the density   |
 |      of particle, M is the mass per unit volume    |
 |      and 4/3*pi*r^3 is the average volume  of a    |
 |      particle.                                     |
 |      typical units:  M -> [ug/m^3], d -> [g/cm^3]  |
 |                      r -> [um]                     |
 |      Lidar ratio= 4 pi Qe / phase_fct(180)*Qs      |
 |----------------------------------------------------|
