 |--------|------------|
 | ANGLE  |  PHASE FCT |
 |--------|------------|
     0.00   13.629    
     1.00   13.608    
     2.00   13.545    
     3.00   13.440    
     4.00   13.296    
     5.00   13.114    
     6.00   12.896    
     7.00   12.645    
     8.00   12.364    
     9.00   12.057    
    10.00   11.725    
    11.00   11.374    
    12.00   11.006    
    13.00   10.625    
    14.00   10.234    
    15.00   9.8358    
    16.00   9.4337    
    17.00   9.0303    
    18.00   8.6281    
    19.00   8.2294    
    20.00   7.8360    
    21.00   7.4498    
    22.00   7.0722    
    23.00   6.7045    
    24.00   6.3478    
    25.00   6.0029    
    26.00   5.6704    
    27.00   5.3508    
    28.00   5.0444    
    29.00   4.7515    
    30.00   4.4719    
    31.00   4.2058    
    32.00   3.9529    
    33.00   3.7131    
    34.00   3.4860    
    35.00   3.2713    
    36.00   3.0686    
    37.00   2.8775    
    38.00   2.6976    
    39.00   2.5283    
    40.00   2.3693    
    41.00   2.2200    
    42.00   2.0800    
    43.00   1.9487    
    44.00   1.8258    
    45.00   1.7108    
    46.00   1.6032    
    47.00   1.5026    
    48.00   1.4086    
    49.00   1.3208    
    50.00   1.2388    
    51.00   1.1622    
    52.00   1.0908    
    53.00   1.0241    
    54.00  0.96190    
    55.00  0.90387    
    56.00  0.84975    
    57.00  0.79926    
    58.00  0.75217    
    59.00  0.70824    
    60.00  0.66727    
    61.00  0.62904    
    62.00  0.59337    
    63.00  0.56009    
    64.00  0.52902    
    65.00  0.50002    
    66.00  0.47294    
    67.00  0.44765    
    68.00  0.42402    
    69.00  0.40194    
    70.00  0.38131    
    71.00  0.36201    
    72.00  0.34396    
    73.00  0.32708    
    74.00  0.31128    
    75.00  0.29649    
    76.00  0.28263    
    77.00  0.26965    
    78.00  0.25749    
    79.00  0.24609    
    80.00  0.23539    
    81.00  0.22536    
    82.00  0.21595    
    83.00  0.20711    
    84.00  0.19881    
    85.00  0.19102    
    86.00  0.18370    
    87.00  0.17682    
    88.00  0.17035    
    89.00  0.16426    
    90.00  0.15855    
    91.00  0.15317    
    92.00  0.14811    
    93.00  0.14335    
    94.00  0.13887    
    95.00  0.13466    
    96.00  0.13070    
    97.00  0.12697    
    98.00  0.12347    
    99.00  0.12017    
   100.00  0.11708    
   101.00  0.11417    
   102.00  0.11144    
   103.00  0.10888    
   104.00  0.10648    
   105.00  0.10423    
   106.00  0.10213    
   107.00  0.10016    
   108.00  0.98329E-01
   109.00  0.96620E-01
   110.00  0.95032E-01
   111.00  0.93559E-01
   112.00  0.92196E-01
   113.00  0.90939E-01
   114.00  0.89785E-01
   115.00  0.88728E-01
   116.00  0.87767E-01
   117.00  0.86897E-01
   118.00  0.86115E-01
   119.00  0.85420E-01
   120.00  0.84807E-01
   121.00  0.84276E-01
   122.00  0.83823E-01
   123.00  0.83446E-01
   124.00  0.83145E-01
   125.00  0.82916E-01
   126.00  0.82758E-01
   127.00  0.82669E-01
   128.00  0.82649E-01
   129.00  0.82695E-01
   130.00  0.82806E-01
   131.00  0.82980E-01
   132.00  0.83217E-01
   133.00  0.83515E-01
   134.00  0.83872E-01
   135.00  0.84287E-01
   136.00  0.84759E-01
   137.00  0.85286E-01
   138.00  0.85867E-01
   139.00  0.86500E-01
   140.00  0.87184E-01
   141.00  0.87918E-01
   142.00  0.88698E-01
   143.00  0.89525E-01
   144.00  0.90395E-01
   145.00  0.91308E-01
   146.00  0.92261E-01
   147.00  0.93253E-01
   148.00  0.94282E-01
   149.00  0.95347E-01
   150.00  0.96446E-01
   151.00  0.97577E-01
   152.00  0.98741E-01
   153.00  0.99936E-01
   154.00  0.10116    
   155.00  0.10242    
   156.00  0.10371    
   157.00  0.10503    
   158.00  0.10638    
   159.00  0.10778    
   160.00  0.10921    
   161.00  0.11068    
   162.00  0.11219    
   163.00  0.11375    
   164.00  0.11536    
   165.00  0.11701    
   166.00  0.11870    
   167.00  0.12043    
   168.00  0.12219    
   169.00  0.12397    
   170.00  0.12574    
   171.00  0.12750    
   172.00  0.12920    
   173.00  0.13082    
   174.00  0.13233    
   175.00  0.13369    
   176.00  0.13486    
   177.00  0.13582    
   178.00  0.13652    
   179.00  0.13695    
   180.00  0.13710    
 |--------|------------|
0.730000     micron = Wavelength
 1.53691     = Extinction efficiency (Q)
 1.53691     = Scattering efficiency (Qs)
 0.00000     = Absorption efficiency (Qa)
 91.6605     = Lidar ratio
0.180223     micron^2 = <b> = Average surface area per particle
0.276986     microns^2 = Extinction cross section (C)
0.276986     microns^2 = Scattering cross section (Cs)
0.591638E-16 microns^2 = Absorption cross section (Ca)
 |----------------------------------------------------|
 | COMMENTAIRES:                                      |
 |----------------------------------------------------|
 |   -Cross section / <b> should = efficiency         |
 |    is independant of the normalisation of dN/dx    |
 |   -The integral of the phase fct / 4 pi over all   |
 |    directions (solid angle) = 1.                   |
 |   -The volume coefficient (k) is equal to C * N    |
 |      = cross section * Number density              |
 |      typical units: [um^2]*[particles/cm^3] =      |
 |      [10^-3 km-1]                                  |
 |      N = M/(d*4/3*pi*r^3) where d is the density   |
 |      of particle, M is the mass per unit volume    |
 |      and 4/3*pi*r^3 is the average volume  of a    |
 |      particle.                                     |
 |      typical units:  M -> [ug/m^3], d -> [g/cm^3]  |
 |                      r -> [um]                     |
 |      Lidar ratio= 4 pi Qe / phase_fct(180)*Qs      |
 |----------------------------------------------------|
