 |--------|------------|
 | ANGLE  |  PHASE FCT |
 |--------|------------|
     0.00   14.342    
     1.00   14.318    
     2.00   14.247    
     3.00   14.131    
     4.00   13.970    
     5.00   13.767    
     6.00   13.525    
     7.00   13.247    
     8.00   12.936    
     9.00   12.596    
    10.00   12.230    
    11.00   11.844    
    12.00   11.440    
    13.00   11.023    
    14.00   10.595    
    15.00   10.162    
    16.00   9.7255    
    17.00   9.2889    
    18.00   8.8549    
    19.00   8.4260    
    20.00   8.0043    
    21.00   7.5915    
    22.00   7.1893    
    23.00   6.7989    
    24.00   6.4214    
    25.00   6.0577    
    26.00   5.7081    
    27.00   5.3733    
    28.00   5.0533    
    29.00   4.7484    
    30.00   4.4584    
    31.00   4.1832    
    32.00   3.9226    
    33.00   3.6761    
    34.00   3.4436    
    35.00   3.2243    
    36.00   3.0181    
    37.00   2.8242    
    38.00   2.6421    
    39.00   2.4714    
    40.00   2.3115    
    41.00   2.1618    
    42.00   2.0217    
    43.00   1.8909    
    44.00   1.7686    
    45.00   1.6545    
    46.00   1.5481    
    47.00   1.4488    
    48.00   1.3562    
    49.00   1.2700    
    50.00   1.1896    
    51.00   1.1148    
    52.00   1.0451    
    53.00  0.98021    
    54.00  0.91978    
    55.00  0.86353    
    56.00  0.81115    
    57.00  0.76239    
    58.00  0.71699    
    59.00  0.67471    
    60.00  0.63533    
    61.00  0.59865    
    62.00  0.56447    
    63.00  0.53263    
    64.00  0.50295    
    65.00  0.47527    
    66.00  0.44946    
    67.00  0.42538    
    68.00  0.40291    
    69.00  0.38193    
    70.00  0.36234    
    71.00  0.34404    
    72.00  0.32694    
    73.00  0.31095    
    74.00  0.29600    
    75.00  0.28201    
    76.00  0.26892    
    77.00  0.25666    
    78.00  0.24517    
    79.00  0.23441    
    80.00  0.22432    
    81.00  0.21486    
    82.00  0.20598    
    83.00  0.19766    
    84.00  0.18984    
    85.00  0.18249    
    86.00  0.17560    
    87.00  0.16911    
    88.00  0.16302    
    89.00  0.15730    
    90.00  0.15191    
    91.00  0.14685    
    92.00  0.14209    
    93.00  0.13761    
    94.00  0.13340    
    95.00  0.12944    
    96.00  0.12571    
    97.00  0.12221    
    98.00  0.11891    
    99.00  0.11582    
   100.00  0.11291    
   101.00  0.11018    
   102.00  0.10761    
   103.00  0.10521    
   104.00  0.10296    
   105.00  0.10085    
   106.00  0.98881E-01
   107.00  0.97042E-01
   108.00  0.95327E-01
   109.00  0.93733E-01
   110.00  0.92253E-01
   111.00  0.90882E-01
   112.00  0.89617E-01
   113.00  0.88453E-01
   114.00  0.87387E-01
   115.00  0.86415E-01
   116.00  0.85534E-01
   117.00  0.84741E-01
   118.00  0.84034E-01
   119.00  0.83409E-01
   120.00  0.82864E-01
   121.00  0.82398E-01
   122.00  0.82008E-01
   123.00  0.81692E-01
   124.00  0.81448E-01
   125.00  0.81276E-01
   126.00  0.81172E-01
   127.00  0.81136E-01
   128.00  0.81167E-01
   129.00  0.81262E-01
   130.00  0.81421E-01
   131.00  0.81642E-01
   132.00  0.81923E-01
   133.00  0.82264E-01
   134.00  0.82663E-01
   135.00  0.83119E-01
   136.00  0.83630E-01
   137.00  0.84194E-01
   138.00  0.84809E-01
   139.00  0.85475E-01
   140.00  0.86190E-01
   141.00  0.86950E-01
   142.00  0.87755E-01
   143.00  0.88602E-01
   144.00  0.89490E-01
   145.00  0.90416E-01
   146.00  0.91377E-01
   147.00  0.92372E-01
   148.00  0.93398E-01
   149.00  0.94453E-01
   150.00  0.95535E-01
   151.00  0.96643E-01
   152.00  0.97775E-01
   153.00  0.98930E-01
   154.00  0.10011    
   155.00  0.10131    
   156.00  0.10253    
   157.00  0.10378    
   158.00  0.10506    
   159.00  0.10637    
   160.00  0.10771    
   161.00  0.10909    
   162.00  0.11052    
   163.00  0.11199    
   164.00  0.11352    
   165.00  0.11510    
   166.00  0.11674    
   167.00  0.11843    
   168.00  0.12016    
   169.00  0.12193    
   170.00  0.12373    
   171.00  0.12552    
   172.00  0.12728    
   173.00  0.12897    
   174.00  0.13056    
   175.00  0.13201    
   176.00  0.13326    
   177.00  0.13429    
   178.00  0.13505    
   179.00  0.13552    
   180.00  0.13568    
 |--------|------------|
0.700000     micron = Wavelength
 1.64653     = Extinction efficiency (Q)
 1.64653     = Scattering efficiency (Qs)
 0.00000     = Absorption efficiency (Qa)
 92.6188     = Lidar ratio
0.180223     micron^2 = <b> = Average surface area per particle
0.296743     microns^2 = Extinction cross section (C)
0.296743     microns^2 = Scattering cross section (Cs)
 0.00000     microns^2 = Absorption cross section (Ca)
 |----------------------------------------------------|
 | COMMENTAIRES:                                      |
 |----------------------------------------------------|
 |   -Cross section / <b> should = efficiency         |
 |    is independant of the normalisation of dN/dx    |
 |   -The integral of the phase fct / 4 pi over all   |
 |    directions (solid angle) = 1.                   |
 |   -The volume coefficient (k) is equal to C * N    |
 |      = cross section * Number density              |
 |      typical units: [um^2]*[particles/cm^3] =      |
 |      [10^-3 km-1]                                  |
 |      N = M/(d*4/3*pi*r^3) where d is the density   |
 |      of particle, M is the mass per unit volume    |
 |      and 4/3*pi*r^3 is the average volume  of a    |
 |      particle.                                     |
 |      typical units:  M -> [ug/m^3], d -> [g/cm^3]  |
 |                      r -> [um]                     |
 |      Lidar ratio= 4 pi Qe / phase_fct(180)*Qs      |
 |----------------------------------------------------|
