 |--------|------------|
 | ANGLE  |  PHASE FCT |
 |--------|------------|
     0.00   28.472    
     1.00   28.359    
     2.00   28.023    
     3.00   27.478    
     4.00   26.742    
     5.00   25.841    
     6.00   24.802    
     7.00   23.656    
     8.00   22.431    
     9.00   21.156    
    10.00   19.856    
    11.00   18.553    
    12.00   17.266    
    13.00   16.012    
    14.00   14.801    
    15.00   13.644    
    16.00   12.547    
    17.00   11.514    
    18.00   10.547    
    19.00   9.6471    
    20.00   8.8132    
    21.00   8.0437    
    22.00   7.3363    
    23.00   6.6879    
    24.00   6.0951    
    25.00   5.5545    
    26.00   5.0623    
    27.00   4.6149    
    28.00   4.2088    
    29.00   3.8405    
    30.00   3.5069    
    31.00   3.2047    
    32.00   2.9311    
    33.00   2.6834    
    34.00   2.4593    
    35.00   2.2563    
    36.00   2.0725    
    37.00   1.9059    
    38.00   1.7549    
    39.00   1.6179    
    40.00   1.4935    
    41.00   1.3804    
    42.00   1.2776    
    43.00   1.1839    
    44.00   1.0986    
    45.00   1.0207    
    46.00  0.94951    
    47.00  0.88443    
    48.00  0.82484    
    49.00  0.77020    
    50.00  0.72006    
    51.00  0.67398    
    52.00  0.63159    
    53.00  0.59255    
    54.00  0.55655    
    55.00  0.52331    
    56.00  0.49260    
    57.00  0.46418    
    58.00  0.43786    
    59.00  0.41347    
    60.00  0.39083    
    61.00  0.36979    
    62.00  0.35024    
    63.00  0.33205    
    64.00  0.31510    
    65.00  0.29930    
    66.00  0.28457    
    67.00  0.27081    
    68.00  0.25796    
    69.00  0.24594    
    70.00  0.23470    
    71.00  0.22417    
    72.00  0.21431    
    73.00  0.20507    
    74.00  0.19641    
    75.00  0.18828    
    76.00  0.18064    
    77.00  0.17348    
    78.00  0.16674    
    79.00  0.16042    
    80.00  0.15447    
    81.00  0.14887    
    82.00  0.14361    
    83.00  0.13866    
    84.00  0.13400    
    85.00  0.12961    
    86.00  0.12549    
    87.00  0.12160    
    88.00  0.11795    
    89.00  0.11451    
    90.00  0.11127    
    91.00  0.10823    
    92.00  0.10537    
    93.00  0.10268    
    94.00  0.10016    
    95.00  0.97787E-01
    96.00  0.95565E-01
    97.00  0.93484E-01
    98.00  0.91537E-01
    99.00  0.89719E-01
   100.00  0.88023E-01
   101.00  0.86446E-01
   102.00  0.84981E-01
   103.00  0.83625E-01
   104.00  0.82374E-01
   105.00  0.81225E-01
   106.00  0.80173E-01
   107.00  0.79217E-01
   108.00  0.78354E-01
   109.00  0.77581E-01
   110.00  0.76896E-01
   111.00  0.76299E-01
   112.00  0.75786E-01
   113.00  0.75357E-01
   114.00  0.75011E-01
   115.00  0.74747E-01
   116.00  0.74565E-01
   117.00  0.74464E-01
   118.00  0.74443E-01
   119.00  0.74504E-01
   120.00  0.74646E-01
   121.00  0.74870E-01
   122.00  0.75175E-01
   123.00  0.75564E-01
   124.00  0.76037E-01
   125.00  0.76594E-01
   126.00  0.77237E-01
   127.00  0.77968E-01
   128.00  0.78787E-01
   129.00  0.79696E-01
   130.00  0.80697E-01
   131.00  0.81791E-01
   132.00  0.82981E-01
   133.00  0.84265E-01
   134.00  0.85648E-01
   135.00  0.87129E-01
   136.00  0.88710E-01
   137.00  0.90391E-01
   138.00  0.92173E-01
   139.00  0.94055E-01
   140.00  0.96036E-01
   141.00  0.98115E-01
   142.00  0.10029    
   143.00  0.10255    
   144.00  0.10490    
   145.00  0.10733    
   146.00  0.10982    
   147.00  0.11236    
   148.00  0.11495    
   149.00  0.11755    
   150.00  0.12014    
   151.00  0.12269    
   152.00  0.12518    
   153.00  0.12755    
   154.00  0.12976    
   155.00  0.13175    
   156.00  0.13346    
   157.00  0.13483    
   158.00  0.13578    
   159.00  0.13626    
   160.00  0.13619    
   161.00  0.13552    
   162.00  0.13421    
   163.00  0.13226    
   164.00  0.12970    
   165.00  0.12661    
   166.00  0.12312    
   167.00  0.11942    
   168.00  0.11576    
   169.00  0.11243    
   170.00  0.10973    
   171.00  0.10794    
   172.00  0.10728    
   173.00  0.10786    
   174.00  0.10964    
   175.00  0.11239    
   176.00  0.11574    
   177.00  0.11917    
   178.00  0.12215    
   179.00  0.12416    
   180.00  0.12488    
 |--------|------------|
0.600000     micron = Wavelength
 2.97475     = Extinction efficiency (Q)
 2.97475     = Scattering efficiency (Qs)
 0.00000     = Absorption efficiency (Qa)
 100.629     = Lidar ratio
0.437499     micron^2 = <b> = Average surface area per particle
 1.30145     microns^2 = Extinction cross section (C)
 1.30145     microns^2 = Scattering cross section (Cs)
0.319744E-15 microns^2 = Absorption cross section (Ca)
 |----------------------------------------------------|
 | COMMENTAIRES:                                      |
 |----------------------------------------------------|
 |   -Cross section / <b> should = efficiency         |
 |    is independant of the normalisation of dN/dx    |
 |   -The integral of the phase fct / 4 pi over all   |
 |    directions (solid angle) = 1.                   |
 |   -The volume coefficient (k) is equal to C * N    |
 |      = cross section * Number density              |
 |      typical units: [um^2]*[particles/cm^3] =      |
 |      [10^-3 km-1]                                  |
 |      N = M/(d*4/3*pi*r^3) where d is the density   |
 |      of particle, M is the mass per unit volume    |
 |      and 4/3*pi*r^3 is the average volume  of a    |
 |      particle.                                     |
 |      typical units:  M -> [ug/m^3], d -> [g/cm^3]  |
 |                      r -> [um]                     |
 |      Lidar ratio= 4 pi Qe / phase_fct(180)*Qs      |
 |----------------------------------------------------|
