 |--------|------------|
 | ANGLE  |  PHASE FCT |
 |--------|------------|
     0.00   10.644    
     1.00   10.631    
     2.00   10.591    
     3.00   10.526    
     4.00   10.436    
     5.00   10.321    
     6.00   10.184    
     7.00   10.025    
     8.00   9.8461    
     9.00   9.6488    
    10.00   9.4351    
    11.00   9.2066    
    12.00   8.9654    
    13.00   8.7134    
    14.00   8.4523    
    15.00   8.1841    
    16.00   7.9106    
    17.00   7.6334    
    18.00   7.3542    
    19.00   7.0743    
    20.00   6.7952    
    21.00   6.5182    
    22.00   6.2442    
    23.00   5.9744    
    24.00   5.7096    
    25.00   5.4505    
    26.00   5.1979    
    27.00   4.9522    
    28.00   4.7139    
    29.00   4.4833    
    30.00   4.2608    
    31.00   4.0464    
    32.00   3.8403    
    33.00   3.6426    
    34.00   3.4532    
    35.00   3.2720    
    36.00   3.0991    
    37.00   2.9341    
    38.00   2.7771    
    39.00   2.6278    
    40.00   2.4858    
    41.00   2.3512    
    42.00   2.2235    
    43.00   2.1025    
    44.00   1.9881    
    45.00   1.8798    
    46.00   1.7775    
    47.00   1.6808    
    48.00   1.5896    
    49.00   1.5035    
    50.00   1.4224    
    51.00   1.3459    
    52.00   1.2738    
    53.00   1.2059    
    54.00   1.1419    
    55.00   1.0818    
    56.00   1.0251    
    57.00  0.97177    
    58.00  0.92160    
    59.00  0.87439    
    60.00  0.82998    
    61.00  0.78820    
    62.00  0.74889    
    63.00  0.71192    
    64.00  0.67714    
    65.00  0.64441    
    66.00  0.61362    
    67.00  0.58464    
    68.00  0.55737    
    69.00  0.53170    
    70.00  0.50754    
    71.00  0.48479    
    72.00  0.46337    
    73.00  0.44319    
    74.00  0.42418    
    75.00  0.40627    
    76.00  0.38939    
    77.00  0.37348    
    78.00  0.35848    
    79.00  0.34434    
    80.00  0.33099    
    81.00  0.31841    
    82.00  0.30653    
    83.00  0.29533    
    84.00  0.28475    
    85.00  0.27477    
    86.00  0.26534    
    87.00  0.25644    
    88.00  0.24803    
    89.00  0.24010    
    90.00  0.23260    
    91.00  0.22552    
    92.00  0.21884    
    93.00  0.21253    
    94.00  0.20657    
    95.00  0.20094    
    96.00  0.19563    
    97.00  0.19062    
    98.00  0.18590    
    99.00  0.18144    
   100.00  0.17725    
   101.00  0.17329    
   102.00  0.16957    
   103.00  0.16608    
   104.00  0.16279    
   105.00  0.15971    
   106.00  0.15682    
   107.00  0.15412    
   108.00  0.15159    
   109.00  0.14923    
   110.00  0.14704    
   111.00  0.14500    
   112.00  0.14311    
   113.00  0.14137    
   114.00  0.13977    
   115.00  0.13830    
   116.00  0.13696    
   117.00  0.13575    
   118.00  0.13465    
   119.00  0.13367    
   120.00  0.13281    
   121.00  0.13205    
   122.00  0.13139    
   123.00  0.13083    
   124.00  0.13037    
   125.00  0.13001    
   126.00  0.12973    
   127.00  0.12953    
   128.00  0.12942    
   129.00  0.12938    
   130.00  0.12942    
   131.00  0.12952    
   132.00  0.12969    
   133.00  0.12992    
   134.00  0.13021    
   135.00  0.13055    
   136.00  0.13094    
   137.00  0.13137    
   138.00  0.13184    
   139.00  0.13235    
   140.00  0.13288    
   141.00  0.13345    
   142.00  0.13404    
   143.00  0.13466    
   144.00  0.13529    
   145.00  0.13594    
   146.00  0.13661    
   147.00  0.13729    
   148.00  0.13800    
   149.00  0.13873    
   150.00  0.13948    
   151.00  0.14027    
   152.00  0.14111    
   153.00  0.14199    
   154.00  0.14295    
   155.00  0.14398    
   156.00  0.14510    
   157.00  0.14634    
   158.00  0.14771    
   159.00  0.14923    
   160.00  0.15092    
   161.00  0.15279    
   162.00  0.15486    
   163.00  0.15714    
   164.00  0.15962    
   165.00  0.16232    
   166.00  0.16522    
   167.00  0.16830    
   168.00  0.17154    
   169.00  0.17488    
   170.00  0.17829    
   171.00  0.18170    
   172.00  0.18505    
   173.00  0.18826    
   174.00  0.19125    
   175.00  0.19395    
   176.00  0.19628    
   177.00  0.19817    
   178.00  0.19957    
   179.00  0.20042    
   180.00  0.20071    
 |--------|------------|
0.620000     micron = Wavelength
 2.14067     = Extinction efficiency (Q)
 2.14067     = Scattering efficiency (Qs)
 0.00000     = Absorption efficiency (Qa)
 62.6103     = Lidar ratio
0.110755     micron^2 = <b> = Average surface area per particle
0.237090     microns^2 = Extinction cross section (C)
0.237090     microns^2 = Scattering cross section (Cs)
 0.00000     microns^2 = Absorption cross section (Ca)
 |----------------------------------------------------|
 | COMMENTAIRES:                                      |
 |----------------------------------------------------|
 |   -Cross section / <b> should = efficiency         |
 |    is independant of the normalisation of dN/dx    |
 |   -The integral of the phase fct / 4 pi over all   |
 |    directions (solid angle) = 1.                   |
 |   -The volume coefficient (k) is equal to C * N    |
 |      = cross section * Number density              |
 |      typical units: [um^2]*[particles/cm^3] =      |
 |      [10^-3 km-1]                                  |
 |      N = M/(d*4/3*pi*r^3) where d is the density   |
 |      of particle, M is the mass per unit volume    |
 |      and 4/3*pi*r^3 is the average volume  of a    |
 |      particle.                                     |
 |      typical units:  M -> [ug/m^3], d -> [g/cm^3]  |
 |                      r -> [um]                     |
 |      Lidar ratio= 4 pi Qe / phase_fct(180)*Qs      |
 |----------------------------------------------------|
