 |--------|------------|
 | ANGLE  |  PHASE FCT |
 |--------|------------|
     0.00   21.161    
     1.00   21.105    
     2.00   20.938    
     3.00   20.663    
     4.00   20.288    
     5.00   19.820    
     6.00   19.270    
     7.00   18.649    
     8.00   17.968    
     9.00   17.240    
    10.00   16.475    
    11.00   15.686    
    12.00   14.882    
    13.00   14.074    
    14.00   13.270    
    15.00   12.476    
    16.00   11.700    
    17.00   10.946    
    18.00   10.219    
    19.00   9.5210    
    20.00   8.8552    
    21.00   8.2231    
    22.00   7.6254    
    23.00   7.0624    
    24.00   6.5340    
    25.00   6.0395    
    26.00   5.5781    
    27.00   5.1488    
    28.00   4.7501    
    29.00   4.3806    
    30.00   4.0389    
    31.00   3.7233    
    32.00   3.4323    
    33.00   3.1643    
    34.00   2.9177    
    35.00   2.6910    
    36.00   2.4827    
    37.00   2.2916    
    38.00   2.1162    
    39.00   1.9554    
    40.00   1.8079    
    41.00   1.6727    
    42.00   1.5487    
    43.00   1.4351    
    44.00   1.3309    
    45.00   1.2354    
    46.00   1.1477    
    47.00   1.0673    
    48.00  0.99347    
    49.00  0.92566    
    50.00  0.86335    
    51.00  0.80606    
    52.00  0.75335    
    53.00  0.70482    
    54.00  0.66012    
    55.00  0.61891    
    56.00  0.58089    
    57.00  0.54579    
    58.00  0.51335    
    59.00  0.48336    
    60.00  0.45560    
    61.00  0.42989    
    62.00  0.40605    
    63.00  0.38394    
    64.00  0.36340    
    65.00  0.34432    
    66.00  0.32658    
    67.00  0.31006    
    68.00  0.29467    
    69.00  0.28033    
    70.00  0.26695    
    71.00  0.25446    
    72.00  0.24278    
    73.00  0.23187    
    74.00  0.22166    
    75.00  0.21210    
    76.00  0.20315    
    77.00  0.19476    
    78.00  0.18689    
    79.00  0.17950    
    80.00  0.17257    
    81.00  0.16605    
    82.00  0.15993    
    83.00  0.15418    
    84.00  0.14877    
    85.00  0.14368    
    86.00  0.13890    
    87.00  0.13439    
    88.00  0.13015    
    89.00  0.12616    
    90.00  0.12241    
    91.00  0.11887    
    92.00  0.11554    
    93.00  0.11241    
    94.00  0.10947    
    95.00  0.10670    
    96.00  0.10409    
    97.00  0.10165    
    98.00  0.99355E-01
    99.00  0.97204E-01
   100.00  0.95189E-01
   101.00  0.93305E-01
   102.00  0.91545E-01
   103.00  0.89904E-01
   104.00  0.88378E-01
   105.00  0.86962E-01
   106.00  0.85652E-01
   107.00  0.84444E-01
   108.00  0.83334E-01
   109.00  0.82321E-01
   110.00  0.81401E-01
   111.00  0.80570E-01
   112.00  0.79828E-01
   113.00  0.79172E-01
   114.00  0.78601E-01
   115.00  0.78113E-01
   116.00  0.77705E-01
   117.00  0.77378E-01
   118.00  0.77131E-01
   119.00  0.76962E-01
   120.00  0.76870E-01
   121.00  0.76857E-01
   122.00  0.76919E-01
   123.00  0.77059E-01
   124.00  0.77275E-01
   125.00  0.77568E-01
   126.00  0.77937E-01
   127.00  0.78382E-01
   128.00  0.78904E-01
   129.00  0.79502E-01
   130.00  0.80177E-01
   131.00  0.80928E-01
   132.00  0.81754E-01
   133.00  0.82656E-01
   134.00  0.83633E-01
   135.00  0.84683E-01
   136.00  0.85805E-01
   137.00  0.86998E-01
   138.00  0.88258E-01
   139.00  0.89584E-01
   140.00  0.90970E-01
   141.00  0.92413E-01
   142.00  0.93908E-01
   143.00  0.95446E-01
   144.00  0.97020E-01
   145.00  0.98622E-01
   146.00  0.10024    
   147.00  0.10186    
   148.00  0.10348    
   149.00  0.10507    
   150.00  0.10661    
   151.00  0.10810    
   152.00  0.10951    
   153.00  0.11082    
   154.00  0.11201    
   155.00  0.11307    
   156.00  0.11396    
   157.00  0.11468    
   158.00  0.11522    
   159.00  0.11557    
   160.00  0.11574    
   161.00  0.11573    
   162.00  0.11557    
   163.00  0.11529    
   164.00  0.11495    
   165.00  0.11460    
   166.00  0.11433    
   167.00  0.11421    
   168.00  0.11432    
   169.00  0.11475    
   170.00  0.11553    
   171.00  0.11672    
   172.00  0.11831    
   173.00  0.12024    
   174.00  0.12244    
   175.00  0.12475    
   176.00  0.12700    
   177.00  0.12902    
   178.00  0.13063    
   179.00  0.13165    
   180.00  0.13201    
 |--------|------------|
0.498000     micron = Wavelength
 2.55411     = Extinction efficiency (Q)
 2.55411     = Scattering efficiency (Qs)
 0.00000     = Absorption efficiency (Qa)
 95.1945     = Lidar ratio
0.180223     micron^2 = <b> = Average surface area per particle
0.460308     microns^2 = Extinction cross section (C)
0.460308     microns^2 = Scattering cross section (Cs)
0.110136E-15 microns^2 = Absorption cross section (Ca)
 |----------------------------------------------------|
 | COMMENTAIRES:                                      |
 |----------------------------------------------------|
 |   -Cross section / <b> should = efficiency         |
 |    is independant of the normalisation of dN/dx    |
 |   -The integral of the phase fct / 4 pi over all   |
 |    directions (solid angle) = 1.                   |
 |   -The volume coefficient (k) is equal to C * N    |
 |      = cross section * Number density              |
 |      typical units: [um^2]*[particles/cm^3] =      |
 |      [10^-3 km-1]                                  |
 |      N = M/(d*4/3*pi*r^3) where d is the density   |
 |      of particle, M is the mass per unit volume    |
 |      and 4/3*pi*r^3 is the average volume  of a    |
 |      particle.                                     |
 |      typical units:  M -> [ug/m^3], d -> [g/cm^3]  |
 |                      r -> [um]                     |
 |      Lidar ratio= 4 pi Qe / phase_fct(180)*Qs      |
 |----------------------------------------------------|
