 |--------|------------|
 | ANGLE  |  PHASE FCT |
 |--------|------------|
     0.00   20.630    
     1.00   20.577    
     2.00   20.419    
     3.00   20.160    
     4.00   19.806    
     5.00   19.364    
     6.00   18.844    
     7.00   18.255    
     8.00   17.608    
     9.00   16.915    
    10.00   16.187    
    11.00   15.433    
    12.00   14.663    
    13.00   13.888    
    14.00   13.114    
    15.00   12.349    
    16.00   11.599    
    17.00   10.868    
    18.00   10.162    
    19.00   9.4830    
    20.00   8.8335    
    21.00   8.2153    
    22.00   7.6295    
    23.00   7.0764    
    24.00   6.5560    
    25.00   6.0681    
    26.00   5.6119    
    27.00   5.1865    
    28.00   4.7906    
    29.00   4.4230    
    30.00   4.0824    
    31.00   3.7672    
    32.00   3.4761    
    33.00   3.2075    
    34.00   2.9599    
    35.00   2.7320    
    36.00   2.5223    
    37.00   2.3295    
    38.00   2.1525    
    39.00   1.9898    
    40.00   1.8405    
    41.00   1.7035    
    42.00   1.5777    
    43.00   1.4623    
    44.00   1.3564    
    45.00   1.2591    
    46.00   1.1699    
    47.00   1.0879    
    48.00   1.0127    
    49.00  0.94348    
    50.00  0.87987    
    51.00  0.82137    
    52.00  0.76753    
    53.00  0.71794    
    54.00  0.67226    
    55.00  0.63013    
    56.00  0.59126    
    57.00  0.55536    
    58.00  0.52220    
    59.00  0.49153    
    60.00  0.46315    
    61.00  0.43686    
    62.00  0.41249    
    63.00  0.38989    
    64.00  0.36891    
    65.00  0.34942    
    66.00  0.33129    
    67.00  0.31442    
    68.00  0.29872    
    69.00  0.28408    
    70.00  0.27042    
    71.00  0.25768    
    72.00  0.24578    
    73.00  0.23466    
    74.00  0.22425    
    75.00  0.21451    
    76.00  0.20539    
    77.00  0.19685    
    78.00  0.18884    
    79.00  0.18132    
    80.00  0.17427    
    81.00  0.16765    
    82.00  0.16142    
    83.00  0.15557    
    84.00  0.15008    
    85.00  0.14491    
    86.00  0.14004    
    87.00  0.13547    
    88.00  0.13116    
    89.00  0.12711    
    90.00  0.12330    
    91.00  0.11971    
    92.00  0.11633    
    93.00  0.11315    
    94.00  0.11016    
    95.00  0.10735    
    96.00  0.10471    
    97.00  0.10222    
    98.00  0.99894E-01
    99.00  0.97709E-01
   100.00  0.95662E-01
   101.00  0.93747E-01
   102.00  0.91958E-01
   103.00  0.90289E-01
   104.00  0.88735E-01
   105.00  0.87293E-01
   106.00  0.85957E-01
   107.00  0.84724E-01
   108.00  0.83590E-01
   109.00  0.82552E-01
   110.00  0.81608E-01
   111.00  0.80755E-01
   112.00  0.79989E-01
   113.00  0.79310E-01
   114.00  0.78715E-01
   115.00  0.78202E-01
   116.00  0.77771E-01
   117.00  0.77420E-01
   118.00  0.77147E-01
   119.00  0.76952E-01
   120.00  0.76835E-01
   121.00  0.76793E-01
   122.00  0.76828E-01
   123.00  0.76938E-01
   124.00  0.77123E-01
   125.00  0.77384E-01
   126.00  0.77719E-01
   127.00  0.78128E-01
   128.00  0.78612E-01
   129.00  0.79170E-01
   130.00  0.79803E-01
   131.00  0.80508E-01
   132.00  0.81288E-01
   133.00  0.82139E-01
   134.00  0.83062E-01
   135.00  0.84056E-01
   136.00  0.85118E-01
   137.00  0.86248E-01
   138.00  0.87442E-01
   139.00  0.88696E-01
   140.00  0.90009E-01
   141.00  0.91374E-01
   142.00  0.92786E-01
   143.00  0.94241E-01
   144.00  0.95728E-01
   145.00  0.97240E-01
   146.00  0.98766E-01
   147.00  0.10030    
   148.00  0.10182    
   149.00  0.10332    
   150.00  0.10478    
   151.00  0.10618    
   152.00  0.10752    
   153.00  0.10876    
   154.00  0.10990    
   155.00  0.11092    
   156.00  0.11180    
   157.00  0.11253    
   158.00  0.11310    
   159.00  0.11351    
   160.00  0.11376    
   161.00  0.11387    
   162.00  0.11387    
   163.00  0.11378    
   164.00  0.11365    
   165.00  0.11354    
   166.00  0.11351    
   167.00  0.11363    
   168.00  0.11398    
   169.00  0.11462    
   170.00  0.11558    
   171.00  0.11690    
   172.00  0.11856    
   173.00  0.12051    
   174.00  0.12267    
   175.00  0.12490    
   176.00  0.12706    
   177.00  0.12897    
   178.00  0.13048    
   179.00  0.13144    
   180.00  0.13177    
 |--------|------------|
0.510000     micron = Wavelength
 2.49450     = Extinction efficiency (Q)
 2.49450     = Scattering efficiency (Qs)
 0.00000     = Absorption efficiency (Qa)
 95.3661     = Lidar ratio
0.180223     micron^2 = <b> = Average surface area per particle
0.449565     microns^2 = Extinction cross section (C)
0.449565     microns^2 = Scattering cross section (Cs)
-.577538E-16 microns^2 = Absorption cross section (Ca)
 |----------------------------------------------------|
 | COMMENTAIRES:                                      |
 |----------------------------------------------------|
 |   -Cross section / <b> should = efficiency         |
 |    is independant of the normalisation of dN/dx    |
 |   -The integral of the phase fct / 4 pi over all   |
 |    directions (solid angle) = 1.                   |
 |   -The volume coefficient (k) is equal to C * N    |
 |      = cross section * Number density              |
 |      typical units: [um^2]*[particles/cm^3] =      |
 |      [10^-3 km-1]                                  |
 |      N = M/(d*4/3*pi*r^3) where d is the density   |
 |      of particle, M is the mass per unit volume    |
 |      and 4/3*pi*r^3 is the average volume  of a    |
 |      particle.                                     |
 |      typical units:  M -> [ug/m^3], d -> [g/cm^3]  |
 |                      r -> [um]                     |
 |      Lidar ratio= 4 pi Qe / phase_fct(180)*Qs      |
 |----------------------------------------------------|
