 |--------|------------|
 | ANGLE  |  PHASE FCT |
 |--------|------------|
     0.00   139.61    
     1.00   134.83    
     2.00   121.81    
     3.00   103.84    
     4.00   84.538    
     5.00   66.592    
     6.00   51.357    
     7.00   39.168    
     8.00   29.808    
     9.00   22.827    
    10.00   17.720    
    11.00   14.027    
    12.00   11.369    
    13.00   9.4533    
    14.00   8.0628    
    15.00   7.0390    
    16.00   6.2696    
    17.00   5.6755    
    18.00   5.2024    
    19.00   4.8136    
    20.00   4.4844    
    21.00   4.1978    
    22.00   3.9421    
    23.00   3.7099    
    24.00   3.4963    
    25.00   3.2979    
    26.00   3.1121    
    27.00   2.9374    
    28.00   2.7726    
    29.00   2.6171    
    30.00   2.4700    
    31.00   2.3307    
    32.00   2.1990    
    33.00   2.0745    
    34.00   1.9568    
    35.00   1.8455    
    36.00   1.7404    
    37.00   1.6412    
    38.00   1.5477    
    39.00   1.4593    
    40.00   1.3761    
    41.00   1.2977    
    42.00   1.2239    
    43.00   1.1543    
    44.00   1.0888    
    45.00   1.0273    
    46.00  0.96931    
    47.00  0.91478    
    48.00  0.86349    
    49.00  0.81527    
    50.00  0.76993    
    51.00  0.72728    
    52.00  0.68719    
    53.00  0.64951    
    54.00  0.61407    
    55.00  0.58074    
    56.00  0.54942    
    57.00  0.51997    
    58.00  0.49227    
    59.00  0.46622    
    60.00  0.44172    
    61.00  0.41868    
    62.00  0.39701    
    63.00  0.37662    
    64.00  0.35744    
    65.00  0.33940    
    66.00  0.32242    
    67.00  0.30644    
    68.00  0.29141    
    69.00  0.27727    
    70.00  0.26396    
    71.00  0.25144    
    72.00  0.23966    
    73.00  0.22859    
    74.00  0.21816    
    75.00  0.20836    
    76.00  0.19915    
    77.00  0.19049    
    78.00  0.18235    
    79.00  0.17471    
    80.00  0.16753    
    81.00  0.16079    
    82.00  0.15448    
    83.00  0.14856    
    84.00  0.14301    
    85.00  0.13782    
    86.00  0.13297    
    87.00  0.12844    
    88.00  0.12421    
    89.00  0.12026    
    90.00  0.11659    
    91.00  0.11318    
    92.00  0.11001    
    93.00  0.10707    
    94.00  0.10436    
    95.00  0.10185    
    96.00  0.99548E-01
    97.00  0.97433E-01
    98.00  0.95497E-01
    99.00  0.93732E-01
   100.00  0.92134E-01
   101.00  0.90693E-01
   102.00  0.89401E-01
   103.00  0.88255E-01
   104.00  0.87249E-01
   105.00  0.86379E-01
   106.00  0.85644E-01
   107.00  0.85043E-01
   108.00  0.84572E-01
   109.00  0.84232E-01
   110.00  0.84026E-01
   111.00  0.83958E-01
   112.00  0.84032E-01
   113.00  0.84253E-01
   114.00  0.84630E-01
   115.00  0.85169E-01
   116.00  0.85882E-01
   117.00  0.86782E-01
   118.00  0.87882E-01
   119.00  0.89198E-01
   120.00  0.90747E-01
   121.00  0.92548E-01
   122.00  0.94618E-01
   123.00  0.96979E-01
   124.00  0.99657E-01
   125.00  0.10267    
   126.00  0.10605    
   127.00  0.10981    
   128.00  0.11398    
   129.00  0.11857    
   130.00  0.12360    
   131.00  0.12910    
   132.00  0.13507    
   133.00  0.14149    
   134.00  0.14838    
   135.00  0.15572    
   136.00  0.16347    
   137.00  0.17157    
   138.00  0.17998    
   139.00  0.18862    
   140.00  0.19738    
   141.00  0.20615    
   142.00  0.21480    
   143.00  0.22320    
   144.00  0.23118    
   145.00  0.23860    
   146.00  0.24531    
   147.00  0.25116    
   148.00  0.25604    
   149.00  0.25989    
   150.00  0.26267    
   151.00  0.26441    
   152.00  0.26519    
   153.00  0.26519    
   154.00  0.26465    
   155.00  0.26391    
   156.00  0.26339    
   157.00  0.26360    
   158.00  0.26517    
   159.00  0.26881    
   160.00  0.27532    
   161.00  0.28552    
   162.00  0.30013    
   163.00  0.31965    
   164.00  0.34410    
   165.00  0.37259    
   166.00  0.40312    
   167.00  0.43232    
   168.00  0.45559    
   169.00  0.46771    
   170.00  0.46438    
   171.00  0.44409    
   172.00  0.40995    
   173.00  0.37070    
   174.00  0.33979    
   175.00  0.33193    
   176.00  0.35827    
   177.00  0.42043    
   178.00  0.50391    
   179.00  0.57762    
   180.00  0.60725    
 |--------|------------|
0.490000     micron = Wavelength
 2.42627     = Extinction efficiency (Q)
 2.42627     = Scattering efficiency (Qs)
 0.00000     = Absorption efficiency (Qa)
 20.6938     = Lidar ratio
 2.43578     micron^2 = <b> = Average surface area per particle
 5.90987     microns^2 = Extinction cross section (C)
 5.90987     microns^2 = Scattering cross section (Cs)
-.170601E-14 microns^2 = Absorption cross section (Ca)
 |----------------------------------------------------|
 | COMMENTAIRES:                                      |
 |----------------------------------------------------|
 |   -Cross section / <b> should = efficiency         |
 |    is independant of the normalisation of dN/dx    |
 |   -The integral of the phase fct / 4 pi over all   |
 |    directions (solid angle) = 1.                   |
 |   -The volume coefficient (k) is equal to C * N    |
 |      = cross section * Number density              |
 |      typical units: [um^2]*[particles/cm^3] =      |
 |      [10^-3 km-1]                                  |
 |      N = M/(d*4/3*pi*r^3) where d is the density   |
 |      of particle, M is the mass per unit volume    |
 |      and 4/3*pi*r^3 is the average volume  of a    |
 |      particle.                                     |
 |      typical units:  M -> [ug/m^3], d -> [g/cm^3]  |
 |                      r -> [um]                     |
 |      Lidar ratio= 4 pi Qe / phase_fct(180)*Qs      |
 |----------------------------------------------------|
