 |--------|------------|
 | ANGLE  |  PHASE FCT |
 |--------|------------|
     0.00   41.710    
     1.00   41.397    
     2.00   40.479    
     3.00   39.024    
     4.00   37.130    
     5.00   34.912    
     6.00   32.483    
     7.00   29.952    
     8.00   27.408    
     9.00   24.922    
    10.00   22.546    
    11.00   20.315    
    12.00   18.251    
    13.00   16.363    
    14.00   14.652    
    15.00   13.113    
    16.00   11.735    
    17.00   10.509    
    18.00   9.4198    
    19.00   8.4551    
    20.00   7.6015    
    21.00   6.8468    
    22.00   6.1793    
    23.00   5.5886    
    24.00   5.0653    
    25.00   4.6010    
    26.00   4.1883    
    27.00   3.8208    
    28.00   3.4927    
    29.00   3.1992    
    30.00   2.9360    
    31.00   2.6993    
    32.00   2.4861    
    33.00   2.2934    
    34.00   2.1190    
    35.00   1.9608    
    36.00   1.8169    
    37.00   1.6857    
    38.00   1.5660    
    39.00   1.4565    
    40.00   1.3562    
    41.00   1.2641    
    42.00   1.1795    
    43.00   1.1016    
    44.00   1.0299    
    45.00  0.96367    
    46.00  0.90253    
    47.00  0.84600    
    48.00  0.79367    
    49.00  0.74520    
    50.00  0.70026    
    51.00  0.65855    
    52.00  0.61982    
    53.00  0.58383    
    54.00  0.55035    
    55.00  0.51920    
    56.00  0.49019    
    57.00  0.46315    
    58.00  0.43795    
    59.00  0.41444    
    60.00  0.39250    
    61.00  0.37201    
    62.00  0.35287    
    63.00  0.33497    
    64.00  0.31824    
    65.00  0.30258    
    66.00  0.28793    
    67.00  0.27421    
    68.00  0.26136    
    69.00  0.24932    
    70.00  0.23803    
    71.00  0.22745    
    72.00  0.21753    
    73.00  0.20821    
    74.00  0.19947    
    75.00  0.19127    
    76.00  0.18357    
    77.00  0.17633    
    78.00  0.16954    
    79.00  0.16315    
    80.00  0.15715    
    81.00  0.15152    
    82.00  0.14622    
    83.00  0.14125    
    84.00  0.13657    
    85.00  0.13218    
    86.00  0.12805    
    87.00  0.12417    
    88.00  0.12053    
    89.00  0.11712    
    90.00  0.11392    
    91.00  0.11091    
    92.00  0.10810    
    93.00  0.10547    
    94.00  0.10301    
    95.00  0.10071    
    96.00  0.98563E-01
    97.00  0.96568E-01
    98.00  0.94716E-01
    99.00  0.93000E-01
   100.00  0.91414E-01
   101.00  0.89956E-01
   102.00  0.88619E-01
   103.00  0.87401E-01
   104.00  0.86297E-01
   105.00  0.85306E-01
   106.00  0.84423E-01
   107.00  0.83648E-01
   108.00  0.82978E-01
   109.00  0.82411E-01
   110.00  0.81947E-01
   111.00  0.81585E-01
   112.00  0.81325E-01
   113.00  0.81165E-01
   114.00  0.81106E-01
   115.00  0.81149E-01
   116.00  0.81295E-01
   117.00  0.81544E-01
   118.00  0.81896E-01
   119.00  0.82355E-01
   120.00  0.82921E-01
   121.00  0.83596E-01
   122.00  0.84382E-01
   123.00  0.85281E-01
   124.00  0.86295E-01
   125.00  0.87427E-01
   126.00  0.88679E-01
   127.00  0.90052E-01
   128.00  0.91551E-01
   129.00  0.93176E-01
   130.00  0.94930E-01
   131.00  0.96815E-01
   132.00  0.98832E-01
   133.00  0.10098    
   134.00  0.10327    
   135.00  0.10569    
   136.00  0.10825    
   137.00  0.11094    
   138.00  0.11377    
   139.00  0.11673    
   140.00  0.11983    
   141.00  0.12306    
   142.00  0.12642    
   143.00  0.12991    
   144.00  0.13353    
   145.00  0.13728    
   146.00  0.14115    
   147.00  0.14515    
   148.00  0.14928    
   149.00  0.15353    
   150.00  0.15790    
   151.00  0.16239    
   152.00  0.16700    
   153.00  0.17169    
   154.00  0.17645    
   155.00  0.18124    
   156.00  0.18597    
   157.00  0.19058    
   158.00  0.19491    
   159.00  0.19879    
   160.00  0.20199    
   161.00  0.20424    
   162.00  0.20520    
   163.00  0.20455    
   164.00  0.20193    
   165.00  0.19707    
   166.00  0.18982    
   167.00  0.18024    
   168.00  0.16868    
   169.00  0.15584    
   170.00  0.14278    
   171.00  0.13083    
   172.00  0.12147    
   173.00  0.11603    
   174.00  0.11537    
   175.00  0.11958    
   176.00  0.12777    
   177.00  0.13814    
   178.00  0.14825    
   179.00  0.15558    
   180.00  0.15826    
 |--------|------------|
0.510000     micron = Wavelength
 3.11106     = Extinction efficiency (Q)
 3.11106     = Scattering efficiency (Qs)
 0.00000     = Absorption efficiency (Qa)
 79.4027     = Lidar ratio
0.625714     micron^2 = <b> = Average surface area per particle
 1.94663     microns^2 = Extinction cross section (C)
 1.94663     microns^2 = Scattering cross section (Cs)
0.462030E-15 microns^2 = Absorption cross section (Ca)
 |----------------------------------------------------|
 | COMMENTAIRES:                                      |
 |----------------------------------------------------|
 |   -Cross section / <b> should = efficiency         |
 |    is independant of the normalisation of dN/dx    |
 |   -The integral of the phase fct / 4 pi over all   |
 |    directions (solid angle) = 1.                   |
 |   -The volume coefficient (k) is equal to C * N    |
 |      = cross section * Number density              |
 |      typical units: [um^2]*[particles/cm^3] =      |
 |      [10^-3 km-1]                                  |
 |      N = M/(d*4/3*pi*r^3) where d is the density   |
 |      of particle, M is the mass per unit volume    |
 |      and 4/3*pi*r^3 is the average volume  of a    |
 |      particle.                                     |
 |      typical units:  M -> [ug/m^3], d -> [g/cm^3]  |
 |                      r -> [um]                     |
 |      Lidar ratio= 4 pi Qe / phase_fct(180)*Qs      |
 |----------------------------------------------------|
