 |--------|------------|
 | ANGLE  |  PHASE FCT |
 |--------|------------|
     0.00   16.909    
     1.00   16.875    
     2.00   16.775    
     3.00   16.609    
     4.00   16.380    
     5.00   16.093    
     6.00   15.752    
     7.00   15.362    
     8.00   14.930    
     9.00   14.460    
    10.00   13.960    
    11.00   13.436    
    12.00   12.892    
    13.00   12.336    
    14.00   11.773    
    15.00   11.207    
    16.00   10.644    
    17.00   10.086    
    18.00   9.5376    
    19.00   9.0017    
    20.00   8.4807    
    21.00   7.9766    
    22.00   7.4910    
    23.00   7.0250    
    24.00   6.5796    
    25.00   6.1553    
    26.00   5.7522    
    27.00   5.3705    
    28.00   5.0099    
    29.00   4.6700    
    30.00   4.3504    
    31.00   4.0504    
    32.00   3.7694    
    33.00   3.5065    
    34.00   3.2611    
    35.00   3.0322    
    36.00   2.8189    
    37.00   2.6205    
    38.00   2.4360    
    39.00   2.2647    
    40.00   2.1057    
    41.00   1.9582    
    42.00   1.8216    
    43.00   1.6950    
    44.00   1.5777    
    45.00   1.4692    
    46.00   1.3687    
    47.00   1.2758    
    48.00   1.1898    
    49.00   1.1102    
    50.00   1.0366    
    51.00  0.96849    
    52.00  0.90549    
    53.00  0.84719    
    54.00  0.79322    
    55.00  0.74327    
    56.00  0.69700    
    57.00  0.65415    
    58.00  0.61444    
    59.00  0.57763    
    60.00  0.54349    
    61.00  0.51182    
    62.00  0.48243    
    63.00  0.45513    
    64.00  0.42978    
    65.00  0.40620    
    66.00  0.38428    
    67.00  0.36388    
    68.00  0.34489    
    69.00  0.32719    
    70.00  0.31070    
    71.00  0.29532    
    72.00  0.28097    
    73.00  0.26757    
    74.00  0.25505    
    75.00  0.24335    
    76.00  0.23241    
    77.00  0.22217    
    78.00  0.21258    
    79.00  0.20360    
    80.00  0.19519    
    81.00  0.18730    
    82.00  0.17990    
    83.00  0.17296    
    84.00  0.16644    
    85.00  0.16032    
    86.00  0.15457    
    87.00  0.14916    
    88.00  0.14408    
    89.00  0.13931    
    90.00  0.13481    
    91.00  0.13059    
    92.00  0.12662    
    93.00  0.12288    
    94.00  0.11937    
    95.00  0.11606    
    96.00  0.11296    
    97.00  0.11004    
    98.00  0.10730    
    99.00  0.10472    
   100.00  0.10230    
   101.00  0.10004    
   102.00  0.97914E-01
   103.00  0.95927E-01
   104.00  0.94069E-01
   105.00  0.92335E-01
   106.00  0.90720E-01
   107.00  0.89218E-01
   108.00  0.87825E-01
   109.00  0.86537E-01
   110.00  0.85349E-01
   111.00  0.84257E-01
   112.00  0.83260E-01
   113.00  0.82353E-01
   114.00  0.81533E-01
   115.00  0.80799E-01
   116.00  0.80147E-01
   117.00  0.79576E-01
   118.00  0.79084E-01
   119.00  0.78668E-01
   120.00  0.78327E-01
   121.00  0.78060E-01
   122.00  0.77864E-01
   123.00  0.77739E-01
   124.00  0.77684E-01
   125.00  0.77698E-01
   126.00  0.77778E-01
   127.00  0.77924E-01
   128.00  0.78136E-01
   129.00  0.78412E-01
   130.00  0.78750E-01
   131.00  0.79150E-01
   132.00  0.79611E-01
   133.00  0.80131E-01
   134.00  0.80708E-01
   135.00  0.81342E-01
   136.00  0.82029E-01
   137.00  0.82770E-01
   138.00  0.83560E-01
   139.00  0.84397E-01
   140.00  0.85279E-01
   141.00  0.86203E-01
   142.00  0.87164E-01
   143.00  0.88160E-01
   144.00  0.89186E-01
   145.00  0.90237E-01
   146.00  0.91309E-01
   147.00  0.92397E-01
   148.00  0.93494E-01
   149.00  0.94597E-01
   150.00  0.95698E-01
   151.00  0.96794E-01
   152.00  0.97879E-01
   153.00  0.98948E-01
   154.00  0.99998E-01
   155.00  0.10103    
   156.00  0.10203    
   157.00  0.10301    
   158.00  0.10398    
   159.00  0.10493    
   160.00  0.10587    
   161.00  0.10683    
   162.00  0.10780    
   163.00  0.10880    
   164.00  0.10986    
   165.00  0.11099    
   166.00  0.11222    
   167.00  0.11355    
   168.00  0.11500    
   169.00  0.11657    
   170.00  0.11825    
   171.00  0.12004    
   172.00  0.12190    
   173.00  0.12377    
   174.00  0.12561    
   175.00  0.12735    
   176.00  0.12892    
   177.00  0.13022    
   178.00  0.13122    
   179.00  0.13183    
   180.00  0.13204    
 |--------|------------|
0.610000     micron = Wavelength
 2.01032     = Extinction efficiency (Q)
 2.01032     = Scattering efficiency (Qs)
 0.00000     = Absorption efficiency (Qa)
 95.1680     = Lidar ratio
0.180223     micron^2 = <b> = Average surface area per particle
0.362306     microns^2 = Extinction cross section (C)
0.362306     microns^2 = Scattering cross section (Cs)
0.826228E-16 microns^2 = Absorption cross section (Ca)
 |----------------------------------------------------|
 | COMMENTAIRES:                                      |
 |----------------------------------------------------|
 |   -Cross section / <b> should = efficiency         |
 |    is independant of the normalisation of dN/dx    |
 |   -The integral of the phase fct / 4 pi over all   |
 |    directions (solid angle) = 1.                   |
 |   -The volume coefficient (k) is equal to C * N    |
 |      = cross section * Number density              |
 |      typical units: [um^2]*[particles/cm^3] =      |
 |      [10^-3 km-1]                                  |
 |      N = M/(d*4/3*pi*r^3) where d is the density   |
 |      of particle, M is the mass per unit volume    |
 |      and 4/3*pi*r^3 is the average volume  of a    |
 |      particle.                                     |
 |      typical units:  M -> [ug/m^3], d -> [g/cm^3]  |
 |                      r -> [um]                     |
 |      Lidar ratio= 4 pi Qe / phase_fct(180)*Qs      |
 |----------------------------------------------------|
