 |--------|------------|
 | ANGLE  |  PHASE FCT |
 |--------|------------|
     0.00   19.790    
     1.00   19.742    
     2.00   19.599    
     3.00   19.363    
     4.00   19.041    
     5.00   18.638    
     6.00   18.162    
     7.00   17.622    
     8.00   17.028    
     9.00   16.389    
    10.00   15.715    
    11.00   15.016    
    12.00   14.300    
    13.00   13.575    
    14.00   12.849    
    15.00   12.130    
    16.00   11.421    
    17.00   10.729    
    18.00   10.057    
    19.00   9.4079    
    20.00   8.7853    
    21.00   8.1905    
    22.00   7.6247    
    23.00   7.0886    
    24.00   6.5825    
    25.00   6.1063    
    26.00   5.6594    
    27.00   5.2413    
    28.00   4.8510    
    29.00   4.4874    
    30.00   4.1495    
    31.00   3.8358    
    32.00   3.5452    
    33.00   3.2763    
    34.00   3.0278    
    35.00   2.7984    
    36.00   2.5868    
    37.00   2.3918    
    38.00   2.2123    
    39.00   2.0470    
    40.00   1.8950    
    41.00   1.7552    
    42.00   1.6266    
    43.00   1.5084    
    44.00   1.3997    
    45.00   1.2999    
    46.00   1.2081    
    47.00   1.1236    
    48.00   1.0460    
    49.00  0.97456    
    50.00  0.90882    
    51.00  0.84831    
    52.00  0.79257    
    53.00  0.74120    
    54.00  0.69384    
    55.00  0.65015    
    56.00  0.60982    
    57.00  0.57258    
    58.00  0.53816    
    59.00  0.50632    
    60.00  0.47685    
    61.00  0.44956    
    62.00  0.42426    
    63.00  0.40080    
    64.00  0.37902    
    65.00  0.35879    
    66.00  0.33999    
    67.00  0.32250    
    68.00  0.30621    
    69.00  0.29104    
    70.00  0.27690    
    71.00  0.26370    
    72.00  0.25138    
    73.00  0.23987    
    74.00  0.22911    
    75.00  0.21905    
    76.00  0.20963    
    77.00  0.20080    
    78.00  0.19253    
    79.00  0.18477    
    80.00  0.17750    
    81.00  0.17067    
    82.00  0.16426    
    83.00  0.15823    
    84.00  0.15257    
    85.00  0.14725    
    86.00  0.14224    
    87.00  0.13754    
    88.00  0.13311    
    89.00  0.12894    
    90.00  0.12502    
    91.00  0.12133    
    92.00  0.11786    
    93.00  0.11459    
    94.00  0.11152    
    95.00  0.10863    
    96.00  0.10591    
    97.00  0.10336    
    98.00  0.10096    
    99.00  0.98715E-01
   100.00  0.96609E-01
   101.00  0.94637E-01
   102.00  0.92793E-01
   103.00  0.91073E-01
   104.00  0.89469E-01
   105.00  0.87978E-01
   106.00  0.86596E-01
   107.00  0.85318E-01
   108.00  0.84140E-01
   109.00  0.83059E-01
   110.00  0.82073E-01
   111.00  0.81178E-01
   112.00  0.80372E-01
   113.00  0.79651E-01
   114.00  0.79016E-01
   115.00  0.78462E-01
   116.00  0.77990E-01
   117.00  0.77597E-01
   118.00  0.77282E-01
   119.00  0.77044E-01
   120.00  0.76882E-01
   121.00  0.76795E-01
   122.00  0.76783E-01
   123.00  0.76844E-01
   124.00  0.76979E-01
   125.00  0.77187E-01
   126.00  0.77467E-01
   127.00  0.77818E-01
   128.00  0.78242E-01
   129.00  0.78736E-01
   130.00  0.79302E-01
   131.00  0.79937E-01
   132.00  0.80641E-01
   133.00  0.81414E-01
   134.00  0.82254E-01
   135.00  0.83161E-01
   136.00  0.84130E-01
   137.00  0.85163E-01
   138.00  0.86254E-01
   139.00  0.87402E-01
   140.00  0.88602E-01
   141.00  0.89851E-01
   142.00  0.91142E-01
   143.00  0.92471E-01
   144.00  0.93830E-01
   145.00  0.95211E-01
   146.00  0.96606E-01
   147.00  0.98005E-01
   148.00  0.99396E-01
   149.00  0.10077    
   150.00  0.10211    
   151.00  0.10341    
   152.00  0.10464    
   153.00  0.10581    
   154.00  0.10689    
   155.00  0.10787    
   156.00  0.10874    
   157.00  0.10950    
   158.00  0.11013    
   159.00  0.11065    
   160.00  0.11106    
   161.00  0.11137    
   162.00  0.11160    
   163.00  0.11179    
   164.00  0.11198    
   165.00  0.11221    
   166.00  0.11254    
   167.00  0.11301    
   168.00  0.11369    
   169.00  0.11462    
   170.00  0.11582    
   171.00  0.11731    
   172.00  0.11906    
   173.00  0.12102    
   174.00  0.12312    
   175.00  0.12524    
   176.00  0.12724    
   177.00  0.12900    
   178.00  0.13036    
   179.00  0.13123    
   180.00  0.13153    
 |--------|------------|
0.530000     micron = Wavelength
 2.39488     = Extinction efficiency (Q)
 2.39488     = Scattering efficiency (Qs)
 0.00000     = Absorption efficiency (Qa)
 95.5427     = Lidar ratio
0.180223     micron^2 = <b> = Average surface area per particle
0.431613     microns^2 = Extinction cross section (C)
0.431613     microns^2 = Scattering cross section (Cs)
 0.00000     microns^2 = Absorption cross section (Ca)
 |----------------------------------------------------|
 | COMMENTAIRES:                                      |
 |----------------------------------------------------|
 |   -Cross section / <b> should = efficiency         |
 |    is independant of the normalisation of dN/dx    |
 |   -The integral of the phase fct / 4 pi over all   |
 |    directions (solid angle) = 1.                   |
 |   -The volume coefficient (k) is equal to C * N    |
 |      = cross section * Number density              |
 |      typical units: [um^2]*[particles/cm^3] =      |
 |      [10^-3 km-1]                                  |
 |      N = M/(d*4/3*pi*r^3) where d is the density   |
 |      of particle, M is the mass per unit volume    |
 |      and 4/3*pi*r^3 is the average volume  of a    |
 |      particle.                                     |
 |      typical units:  M -> [ug/m^3], d -> [g/cm^3]  |
 |                      r -> [um]                     |
 |      Lidar ratio= 4 pi Qe / phase_fct(180)*Qs      |
 |----------------------------------------------------|
