 |--------|------------|
 | ANGLE  |  PHASE FCT |
 |--------|------------|
     0.00   9.0613    
     1.00   9.0521    
     2.00   9.0247    
     3.00   8.9793    
     4.00   8.9163    
     5.00   8.8362    
     6.00   8.7397    
     7.00   8.6275    
     8.00   8.5007    
     9.00   8.3602    
    10.00   8.2071    
    11.00   8.0424    
    12.00   7.8674    
    13.00   7.6832    
    14.00   7.4911    
    15.00   7.2922    
    16.00   7.0878    
    17.00   6.8788    
    18.00   6.6666    
    19.00   6.4520    
    20.00   6.2361    
    21.00   6.0199    
    22.00   5.8041    
    23.00   5.5896    
    24.00   5.3772    
    25.00   5.1674    
    26.00   4.9608    
    27.00   4.7581    
    28.00   4.5595    
    29.00   4.3656    
    30.00   4.1766    
    31.00   3.9928    
    32.00   3.8144    
    33.00   3.6417    
    34.00   3.4746    
    35.00   3.3134    
    36.00   3.1580    
    37.00   3.0085    
    38.00   2.8648    
    39.00   2.7269    
    40.00   2.5948    
    41.00   2.4682    
    42.00   2.3472    
    43.00   2.2316    
    44.00   2.1213    
    45.00   2.0160    
    46.00   1.9158    
    47.00   1.8203    
    48.00   1.7295    
    49.00   1.6431    
    50.00   1.5611    
    51.00   1.4832    
    52.00   1.4093    
    53.00   1.3391    
    54.00   1.2726    
    55.00   1.2096    
    56.00   1.1499    
    57.00   1.0934    
    58.00   1.0398    
    59.00  0.98915    
    60.00  0.94120    
    61.00  0.89584    
    62.00  0.85294    
    63.00  0.81237    
    64.00  0.77400    
    65.00  0.73774    
    66.00  0.70345    
    67.00  0.67104    
    68.00  0.64041    
    69.00  0.61146    
    70.00  0.58410    
    71.00  0.55824    
    72.00  0.53380    
    73.00  0.51071    
    74.00  0.48887    
    75.00  0.46824    
    76.00  0.44874    
    77.00  0.43030    
    78.00  0.41287    
    79.00  0.39639    
    80.00  0.38081    
    81.00  0.36608    
    82.00  0.35215    
    83.00  0.33897    
    84.00  0.32651    
    85.00  0.31473    
    86.00  0.30358    
    87.00  0.29303    
    88.00  0.28306    
    89.00  0.27362    
    90.00  0.26469    
    91.00  0.25624    
    92.00  0.24825    
    93.00  0.24070    
    94.00  0.23355    
    95.00  0.22678    
    96.00  0.22039    
    97.00  0.21434    
    98.00  0.20862    
    99.00  0.20322    
   100.00  0.19812    
   101.00  0.19329    
   102.00  0.18874    
   103.00  0.18444    
   104.00  0.18039    
   105.00  0.17657    
   106.00  0.17297    
   107.00  0.16958    
   108.00  0.16640    
   109.00  0.16340    
   110.00  0.16060    
   111.00  0.15796    
   112.00  0.15550    
   113.00  0.15320    
   114.00  0.15105    
   115.00  0.14905    
   116.00  0.14719    
   117.00  0.14547    
   118.00  0.14388    
   119.00  0.14242    
   120.00  0.14108    
   121.00  0.13985    
   122.00  0.13874    
   123.00  0.13773    
   124.00  0.13683    
   125.00  0.13603    
   126.00  0.13532    
   127.00  0.13471    
   128.00  0.13418    
   129.00  0.13374    
   130.00  0.13338    
   131.00  0.13309    
   132.00  0.13289    
   133.00  0.13275    
   134.00  0.13269    
   135.00  0.13269    
   136.00  0.13276    
   137.00  0.13289    
   138.00  0.13308    
   139.00  0.13332    
   140.00  0.13363    
   141.00  0.13399    
   142.00  0.13440    
   143.00  0.13487    
   144.00  0.13539    
   145.00  0.13597    
   146.00  0.13661    
   147.00  0.13730    
   148.00  0.13805    
   149.00  0.13887    
   150.00  0.13975    
   151.00  0.14070    
   152.00  0.14173    
   153.00  0.14284    
   154.00  0.14403    
   155.00  0.14532    
   156.00  0.14671    
   157.00  0.14820    
   158.00  0.14981    
   159.00  0.15152    
   160.00  0.15336    
   161.00  0.15531    
   162.00  0.15738    
   163.00  0.15957    
   164.00  0.16185    
   165.00  0.16424    
   166.00  0.16670    
   167.00  0.16922    
   168.00  0.17177    
   169.00  0.17433    
   170.00  0.17686    
   171.00  0.17932    
   172.00  0.18168    
   173.00  0.18389    
   174.00  0.18591    
   175.00  0.18771    
   176.00  0.18923    
   177.00  0.19046    
   178.00  0.19135    
   179.00  0.19190    
   180.00  0.19208    
 |--------|------------|
0.720000     micron = Wavelength
 1.71316     = Extinction efficiency (Q)
 1.71315     = Scattering efficiency (Qs)
0.929832E-05 = Absorption efficiency (Qa)
 65.4219     = Lidar ratio
0.110755     micron^2 = <b> = Average surface area per particle
0.189742     microns^2 = Extinction cross section (C)
0.189741     microns^2 = Scattering cross section (Cs)
0.102605E-05 microns^2 = Absorption cross section (Ca)
 |----------------------------------------------------|
 | COMMENTAIRES:                                      |
 |----------------------------------------------------|
 |   -Cross section / <b> should = efficiency         |
 |    is independant of the normalisation of dN/dx    |
 |   -The integral of the phase fct / 4 pi over all   |
 |    directions (solid angle) = 1.                   |
 |   -The volume coefficient (k) is equal to C * N    |
 |      = cross section * Number density              |
 |      typical units: [um^2]*[particles/cm^3] =      |
 |      [10^-3 km-1]                                  |
 |      N = M/(d*4/3*pi*r^3) where d is the density   |
 |      of particle, M is the mass per unit volume    |
 |      and 4/3*pi*r^3 is the average volume  of a    |
 |      particle.                                     |
 |      typical units:  M -> [ug/m^3], d -> [g/cm^3]  |
 |                      r -> [um]                     |
 |      Lidar ratio= 4 pi Qe / phase_fct(180)*Qs      |
 |----------------------------------------------------|
