 |--------|------------|
 | ANGLE  |  PHASE FCT |
 |--------|------------|
     0.00   24.226    
     1.00   24.150    
     2.00   23.925    
     3.00   23.557    
     4.00   23.055    
     5.00   22.434    
     6.00   21.709    
     7.00   20.896    
     8.00   20.013    
     9.00   19.077    
    10.00   18.105    
    11.00   17.113    
    12.00   16.114    
    13.00   15.120    
    14.00   14.143    
    15.00   13.190    
    16.00   12.269    
    17.00   11.385    
    18.00   10.543    
    19.00   9.7439    
    20.00   8.9907    
    21.00   8.2838    
    22.00   7.6229    
    23.00   7.0074    
    24.00   6.4361    
    25.00   5.9073    
    26.00   5.4191    
    27.00   4.9695    
    28.00   4.5562    
    29.00   4.1769    
    30.00   3.8294    
    31.00   3.5115    
    32.00   3.2208    
    33.00   2.9554    
    34.00   2.7132    
    35.00   2.4923    
    36.00   2.2909    
    37.00   2.1073    
    38.00   1.9400    
    39.00   1.7875    
    40.00   1.6486    
    41.00   1.5219    
    42.00   1.4064    
    43.00   1.3010    
    44.00   1.2048    
    45.00   1.1170    
    46.00   1.0367    
    47.00  0.96329    
    48.00  0.89613    
    49.00  0.83461    
    50.00  0.77822    
    51.00  0.72650    
    52.00  0.67900    
    53.00  0.63535    
    54.00  0.59520    
    55.00  0.55822    
    56.00  0.52414    
    57.00  0.49270    
    58.00  0.46367    
    59.00  0.43683    
    60.00  0.41200    
    61.00  0.38900    
    62.00  0.36768    
    63.00  0.34790    
    64.00  0.32953    
    65.00  0.31245    
    66.00  0.29656    
    67.00  0.28176    
    68.00  0.26797    
    69.00  0.25511    
    70.00  0.24310    
    71.00  0.23189    
    72.00  0.22140    
    73.00  0.21160    
    74.00  0.20241    
    75.00  0.19381    
    76.00  0.18576    
    77.00  0.17820    
    78.00  0.17110    
    79.00  0.16445    
    80.00  0.15819    
    81.00  0.15232    
    82.00  0.14680    
    83.00  0.14161    
    84.00  0.13672    
    85.00  0.13213    
    86.00  0.12781    
    87.00  0.12374    
    88.00  0.11991    
    89.00  0.11631    
    90.00  0.11292    
    91.00  0.10973    
    92.00  0.10673    
    93.00  0.10391    
    94.00  0.10125    
    95.00  0.98759E-01
    96.00  0.96418E-01
    97.00  0.94221E-01
    98.00  0.92162E-01
    99.00  0.90234E-01
   100.00  0.88431E-01
   101.00  0.86747E-01
   102.00  0.85178E-01
   103.00  0.83719E-01
   104.00  0.82365E-01
   105.00  0.81112E-01
   106.00  0.79957E-01
   107.00  0.78897E-01
   108.00  0.77929E-01
   109.00  0.77049E-01
   110.00  0.76257E-01
   111.00  0.75548E-01
   112.00  0.74922E-01
   113.00  0.74377E-01
   114.00  0.73911E-01
   115.00  0.73523E-01
   116.00  0.73212E-01
   117.00  0.72978E-01
   118.00  0.72819E-01
   119.00  0.72735E-01
   120.00  0.72725E-01
   121.00  0.72789E-01
   122.00  0.72928E-01
   123.00  0.73141E-01
   124.00  0.73429E-01
   125.00  0.73791E-01
   126.00  0.74229E-01
   127.00  0.74742E-01
   128.00  0.75330E-01
   129.00  0.75995E-01
   130.00  0.76737E-01
   131.00  0.77555E-01
   132.00  0.78452E-01
   133.00  0.79425E-01
   134.00  0.80476E-01
   135.00  0.81604E-01
   136.00  0.82809E-01
   137.00  0.84089E-01
   138.00  0.85443E-01
   139.00  0.86869E-01
   140.00  0.88363E-01
   141.00  0.89923E-01
   142.00  0.91544E-01
   143.00  0.93219E-01
   144.00  0.94942E-01
   145.00  0.96704E-01
   146.00  0.98494E-01
   147.00  0.10030    
   148.00  0.10211    
   149.00  0.10390    
   150.00  0.10566    
   151.00  0.10736    
   152.00  0.10898    
   153.00  0.11049    
   154.00  0.11187    
   155.00  0.11308    
   156.00  0.11409    
   157.00  0.11488    
   158.00  0.11541    
   159.00  0.11567    
   160.00  0.11564    
   161.00  0.11532    
   162.00  0.11471    
   163.00  0.11385    
   164.00  0.11278    
   165.00  0.11157    
   166.00  0.11032    
   167.00  0.10914    
   168.00  0.10815    
   169.00  0.10749    
   170.00  0.10726    
   171.00  0.10758    
   172.00  0.10848    
   173.00  0.10995    
   174.00  0.11192    
   175.00  0.11421    
   176.00  0.11662    
   177.00  0.11888    
   178.00  0.12073    
   179.00  0.12194    
   180.00  0.12236    
 |--------|------------|
0.700000     micron = Wavelength
 2.70034     = Extinction efficiency (Q)
 2.70034     = Scattering efficiency (Qs)
 0.00000     = Absorption efficiency (Qa)
 102.696     = Lidar ratio
0.437500     micron^2 = <b> = Average surface area per particle
 1.18140     microns^2 = Extinction cross section (C)
 1.18140     microns^2 = Scattering cross section (Cs)
 0.00000     microns^2 = Absorption cross section (Ca)
 |----------------------------------------------------|
 | COMMENTAIRES:                                      |
 |----------------------------------------------------|
 |   -Cross section / <b> should = efficiency         |
 |    is independant of the normalisation of dN/dx    |
 |   -The integral of the phase fct / 4 pi over all   |
 |    directions (solid angle) = 1.                   |
 |   -The volume coefficient (k) is equal to C * N    |
 |      = cross section * Number density              |
 |      typical units: [um^2]*[particles/cm^3] =      |
 |      [10^-3 km-1]                                  |
 |      N = M/(d*4/3*pi*r^3) where d is the density   |
 |      of particle, M is the mass per unit volume    |
 |      and 4/3*pi*r^3 is the average volume  of a    |
 |      particle.                                     |
 |      typical units:  M -> [ug/m^3], d -> [g/cm^3]  |
 |                      r -> [um]                     |
 |      Lidar ratio= 4 pi Qe / phase_fct(180)*Qs      |
 |----------------------------------------------------|
