 |--------|------------|
 | ANGLE  |  PHASE FCT |
 |--------|------------|
     0.00   22.998    
     1.00   22.930    
     2.00   22.726    
     3.00   22.392    
     4.00   21.937    
     5.00   21.373    
     6.00   20.712    
     7.00   19.971    
     8.00   19.163    
     9.00   18.305    
    10.00   17.411    
    11.00   16.496    
    12.00   15.571    
    13.00   14.649    
    14.00   13.738    
    15.00   12.848    
    16.00   11.984    
    17.00   11.152    
    18.00   10.356    
    19.00   9.5983    
    20.00   8.8816    
    21.00   8.2065    
    22.00   7.5732    
    23.00   6.9812    
    24.00   6.4297    
    25.00   5.9175    
    26.00   5.4430    
    27.00   5.0045    
    28.00   4.6000    
    29.00   4.2277    
    30.00   3.8854    
    31.00   3.5712    
    32.00   3.2832    
    33.00   3.0193    
    34.00   2.7778    
    35.00   2.5569    
    36.00   2.3549    
    37.00   2.1703    
    38.00   2.0017    
    39.00   1.8476    
    40.00   1.7068    
    41.00   1.5782    
    42.00   1.4606    
    43.00   1.3531    
    44.00   1.2548    
    45.00   1.1648    
    46.00   1.0825    
    47.00   1.0070    
    48.00  0.93784    
    49.00  0.87438    
    50.00  0.81613    
    51.00  0.76261    
    52.00  0.71340    
    53.00  0.66811    
    54.00  0.62640    
    55.00  0.58794    
    56.00  0.55245    
    57.00  0.51968    
    58.00  0.48938    
    59.00  0.46134    
    60.00  0.43538    
    61.00  0.41131    
    62.00  0.38898    
    63.00  0.36824    
    64.00  0.34897    
    65.00  0.33104    
    66.00  0.31434    
    67.00  0.29879    
    68.00  0.28428    
    69.00  0.27074    
    70.00  0.25809    
    71.00  0.24627    
    72.00  0.23522    
    73.00  0.22487    
    74.00  0.21517    
    75.00  0.20609    
    76.00  0.19757    
    77.00  0.18958    
    78.00  0.18207    
    79.00  0.17502    
    80.00  0.16840    
    81.00  0.16218    
    82.00  0.15632    
    83.00  0.15081    
    84.00  0.14563    
    85.00  0.14075    
    86.00  0.13616    
    87.00  0.13184    
    88.00  0.12777    
    89.00  0.12393    
    90.00  0.12032    
    91.00  0.11693    
    92.00  0.11373    
    93.00  0.11072    
    94.00  0.10789    
    95.00  0.10523    
    96.00  0.10273    
    97.00  0.10038    
    98.00  0.98179E-01
    99.00  0.96117E-01
   100.00  0.94187E-01
   101.00  0.92385E-01
   102.00  0.90704E-01
   103.00  0.89140E-01
   104.00  0.87689E-01
   105.00  0.86345E-01
   106.00  0.85105E-01
   107.00  0.83967E-01
   108.00  0.82927E-01
   109.00  0.81982E-01
   110.00  0.81130E-01
   111.00  0.80368E-01
   112.00  0.79694E-01
   113.00  0.79108E-01
   114.00  0.78607E-01
   115.00  0.78190E-01
   116.00  0.77856E-01
   117.00  0.77605E-01
   118.00  0.77435E-01
   119.00  0.77347E-01
   120.00  0.77340E-01
   121.00  0.77413E-01
   122.00  0.77568E-01
   123.00  0.77805E-01
   124.00  0.78122E-01
   125.00  0.78522E-01
   126.00  0.79005E-01
   127.00  0.79570E-01
   128.00  0.80220E-01
   129.00  0.80954E-01
   130.00  0.81773E-01
   131.00  0.82678E-01
   132.00  0.83668E-01
   133.00  0.84746E-01
   134.00  0.85909E-01
   135.00  0.87159E-01
   136.00  0.88494E-01
   137.00  0.89914E-01
   138.00  0.91415E-01
   139.00  0.92997E-01
   140.00  0.94655E-01
   141.00  0.96386E-01
   142.00  0.98184E-01
   143.00  0.10004    
   144.00  0.10195    
   145.00  0.10390    
   146.00  0.10587    
   147.00  0.10786    
   148.00  0.10985    
   149.00  0.11181    
   150.00  0.11373    
   151.00  0.11558    
   152.00  0.11733    
   153.00  0.11895    
   154.00  0.12041    
   155.00  0.12168    
   156.00  0.12272    
   157.00  0.12351    
   158.00  0.12402    
   159.00  0.12423    
   160.00  0.12413    
   161.00  0.12372    
   162.00  0.12303    
   163.00  0.12208    
   164.00  0.12095    
   165.00  0.11971    
   166.00  0.11847    
   167.00  0.11735    
   168.00  0.11648    
   169.00  0.11600    
   170.00  0.11602    
   171.00  0.11662    
   172.00  0.11783    
   173.00  0.11963    
   174.00  0.12191    
   175.00  0.12450    
   176.00  0.12716    
   177.00  0.12962    
   178.00  0.13161    
   179.00  0.13291    
   180.00  0.13336    
 |--------|------------|
0.460000     micron = Wavelength
 2.73857     = Extinction efficiency (Q)
 2.73857     = Scattering efficiency (Qs)
 0.00000     = Absorption efficiency (Qa)
 94.2289     = Lidar ratio
0.180223     micron^2 = <b> = Average surface area per particle
0.493552     microns^2 = Extinction cross section (C)
0.493552     microns^2 = Scattering cross section (Cs)
0.281908E-15 microns^2 = Absorption cross section (Ca)
 |----------------------------------------------------|
 | COMMENTAIRES:                                      |
 |----------------------------------------------------|
 |   -Cross section / <b> should = efficiency         |
 |    is independant of the normalisation of dN/dx    |
 |   -The integral of the phase fct / 4 pi over all   |
 |    directions (solid angle) = 1.                   |
 |   -The volume coefficient (k) is equal to C * N    |
 |      = cross section * Number density              |
 |      typical units: [um^2]*[particles/cm^3] =      |
 |      [10^-3 km-1]                                  |
 |      N = M/(d*4/3*pi*r^3) where d is the density   |
 |      of particle, M is the mass per unit volume    |
 |      and 4/3*pi*r^3 is the average volume  of a    |
 |      particle.                                     |
 |      typical units:  M -> [ug/m^3], d -> [g/cm^3]  |
 |                      r -> [um]                     |
 |      Lidar ratio= 4 pi Qe / phase_fct(180)*Qs      |
 |----------------------------------------------------|
