 |--------|------------|
 | ANGLE  |  PHASE FCT |
 |--------|------------|
     0.00   114.28    
     1.00   111.05    
     2.00   102.12    
     3.00   89.446    
     4.00   75.298    
     5.00   61.519    
     6.00   49.227    
     7.00   38.892    
     8.00   30.561    
     9.00   24.045    
    10.00   19.059    
    11.00   15.298    
    12.00   12.485    
    13.00   10.389    
    14.00   8.8245    
    15.00   7.6483    
    16.00   6.7531    
    17.00   6.0594    
    18.00   5.5096    
    19.00   5.0629    
    20.00   4.6903    
    21.00   4.3711    
    22.00   4.0912    
    23.00   3.8406    
    24.00   3.6128    
    25.00   3.4031    
    26.00   3.2080    
    27.00   3.0254    
    28.00   2.8538    
    29.00   2.6921    
    30.00   2.5394    
    31.00   2.3950    
    32.00   2.2585    
    33.00   2.1294    
    34.00   2.0075    
    35.00   1.8923    
    36.00   1.7835    
    37.00   1.6809    
    38.00   1.5842    
    39.00   1.4929    
    40.00   1.4070    
    41.00   1.3261    
    42.00   1.2500    
    43.00   1.1784    
    44.00   1.1111    
    45.00   1.0477    
    46.00  0.98823    
    47.00  0.93231    
    48.00  0.87976    
    49.00  0.83040    
    50.00  0.78402    
    51.00  0.74046    
    52.00  0.69954    
    53.00  0.66111    
    54.00  0.62501    
    55.00  0.59109    
    56.00  0.55923    
    57.00  0.52930    
    58.00  0.50117    
    59.00  0.47475    
    60.00  0.44992    
    61.00  0.42657    
    62.00  0.40463    
    63.00  0.38400    
    64.00  0.36462    
    65.00  0.34639    
    66.00  0.32924    
    67.00  0.31312    
    68.00  0.29796    
    69.00  0.28371    
    70.00  0.27031    
    71.00  0.25770    
    72.00  0.24585    
    73.00  0.23470    
    74.00  0.22423    
    75.00  0.21438    
    76.00  0.20512    
    77.00  0.19642    
    78.00  0.18825    
    79.00  0.18057    
    80.00  0.17337    
    81.00  0.16661    
    82.00  0.16026    
    83.00  0.15432    
    84.00  0.14874    
    85.00  0.14353    
    86.00  0.13864    
    87.00  0.13408    
    88.00  0.12981    
    89.00  0.12583    
    90.00  0.12211    
    91.00  0.11865    
    92.00  0.11543    
    93.00  0.11244    
    94.00  0.10967    
    95.00  0.10710    
    96.00  0.10473    
    97.00  0.10254    
    98.00  0.10053    
    99.00  0.98696E-01
   100.00  0.97018E-01
   101.00  0.95496E-01
   102.00  0.94124E-01
   103.00  0.92899E-01
   104.00  0.91814E-01
   105.00  0.90866E-01
   106.00  0.90054E-01
   107.00  0.89376E-01
   108.00  0.88834E-01
   109.00  0.88427E-01
   110.00  0.88157E-01
   111.00  0.88025E-01
   112.00  0.88038E-01
   113.00  0.88201E-01
   114.00  0.88521E-01
   115.00  0.89003E-01
   116.00  0.89658E-01
   117.00  0.90496E-01
   118.00  0.91529E-01
   119.00  0.92769E-01
   120.00  0.94228E-01
   121.00  0.95923E-01
   122.00  0.97871E-01
   123.00  0.10009    
   124.00  0.10259    
   125.00  0.10540    
   126.00  0.10853    
   127.00  0.11200    
   128.00  0.11583    
   129.00  0.12003    
   130.00  0.12462    
   131.00  0.12961    
   132.00  0.13500    
   133.00  0.14080    
   134.00  0.14700    
   135.00  0.15359    
   136.00  0.16055    
   137.00  0.16783    
   138.00  0.17540    
   139.00  0.18320    
   140.00  0.19115    
   141.00  0.19917    
   142.00  0.20717    
   143.00  0.21504    
   144.00  0.22266    
   145.00  0.22990    
   146.00  0.23667    
   147.00  0.24283    
   148.00  0.24830    
   149.00  0.25301    
   150.00  0.25692    
   151.00  0.26004    
   152.00  0.26243    
   153.00  0.26424    
   154.00  0.26567    
   155.00  0.26702    
   156.00  0.26867    
   157.00  0.27110    
   158.00  0.27488    
   159.00  0.28063    
   160.00  0.28902    
   161.00  0.30064    
   162.00  0.31590    
   163.00  0.33485    
   164.00  0.35699    
   165.00  0.38095    
   166.00  0.40440    
   167.00  0.42403    
   168.00  0.43586    
   169.00  0.43606    
   170.00  0.42223    
   171.00  0.39488    
   172.00  0.35858    
   173.00  0.32226    
   174.00  0.29775    
   175.00  0.29660    
   176.00  0.32578    
   177.00  0.38316    
   178.00  0.45423    
   179.00  0.51400    
   180.00  0.53747    
 |--------|------------|
0.436000     micron = Wavelength
 2.49497     = Extinction efficiency (Q)
 2.49497     = Scattering efficiency (Qs)
 0.00000     = Absorption efficiency (Qa)
 23.3805     = Lidar ratio
 1.56972     micron^2 = <b> = Average surface area per particle
 3.91640     microns^2 = Extinction cross section (C)
 3.91640     microns^2 = Scattering cross section (Cs)
 0.00000     microns^2 = Absorption cross section (Ca)
 |----------------------------------------------------|
 | COMMENTAIRES:                                      |
 |----------------------------------------------------|
 |   -Cross section / <b> should = efficiency         |
 |    is independant of the normalisation of dN/dx    |
 |   -The integral of the phase fct / 4 pi over all   |
 |    directions (solid angle) = 1.                   |
 |   -The volume coefficient (k) is equal to C * N    |
 |      = cross section * Number density              |
 |      typical units: [um^2]*[particles/cm^3] =      |
 |      [10^-3 km-1]                                  |
 |      N = M/(d*4/3*pi*r^3) where d is the density   |
 |      of particle, M is the mass per unit volume    |
 |      and 4/3*pi*r^3 is the average volume  of a    |
 |      particle.                                     |
 |      typical units:  M -> [ug/m^3], d -> [g/cm^3]  |
 |                      r -> [um]                     |
 |      Lidar ratio= 4 pi Qe / phase_fct(180)*Qs      |
 |----------------------------------------------------|
