 |--------|------------|
 | ANGLE  |  PHASE FCT |
 |--------|------------|
     0.00   31.198    
     1.00   31.058    
     2.00   30.645    
     3.00   29.975    
     4.00   29.076    
     5.00   27.982    
     6.00   26.731    
     7.00   25.361    
     8.00   23.911    
     9.00   22.415    
    10.00   20.906    
    11.00   19.409    
    12.00   17.946    
    13.00   16.534    
    14.00   15.185    
    15.00   13.909    
    16.00   12.712    
    17.00   11.595    
    18.00   10.560    
    19.00   9.6059    
    20.00   8.7297    
    21.00   7.9282    
    22.00   7.1975    
    23.00   6.5331    
    24.00   5.9305    
    25.00   5.3847    
    26.00   4.8913    
    27.00   4.4457    
    28.00   4.0437    
    29.00   3.6812    
    30.00   3.3545    
    31.00   3.0601    
    32.00   2.7947    
    33.00   2.5554    
    34.00   2.3396    
    35.00   2.1448    
    36.00   1.9689    
    37.00   1.8099    
    38.00   1.6661    
    39.00   1.5358    
    40.00   1.4177    
    41.00   1.3106    
    42.00   1.2131    
    43.00   1.1245    
    44.00   1.0437    
    45.00  0.97006    
    46.00  0.90277    
    47.00  0.84122    
    48.00  0.78485    
    49.00  0.73315    
    50.00  0.68568    
    51.00  0.64204    
    52.00  0.60187    
    53.00  0.56485    
    54.00  0.53069    
    55.00  0.49914    
    56.00  0.46996    
    57.00  0.44294    
    58.00  0.41791    
    59.00  0.39469    
    60.00  0.37313    
    61.00  0.35309    
    62.00  0.33445    
    63.00  0.31710    
    64.00  0.30093    
    65.00  0.28585    
    66.00  0.27178    
    67.00  0.25864    
    68.00  0.24636    
    69.00  0.23488    
    70.00  0.22414    
    71.00  0.21408    
    72.00  0.20466    
    73.00  0.19583    
    74.00  0.18756    
    75.00  0.17979    
    76.00  0.17250    
    77.00  0.16566    
    78.00  0.15923    
    79.00  0.15320    
    80.00  0.14752    
    81.00  0.14219    
    82.00  0.13717    
    83.00  0.13246    
    84.00  0.12802    
    85.00  0.12385    
    86.00  0.11993    
    87.00  0.11624    
    88.00  0.11277    
    89.00  0.10951    
    90.00  0.10644    
    91.00  0.10356    
    92.00  0.10086    
    93.00  0.98317E-01
    94.00  0.95935E-01
    95.00  0.93703E-01
    96.00  0.91613E-01
    97.00  0.89659E-01
    98.00  0.87834E-01
    99.00  0.86132E-01
   100.00  0.84549E-01
   101.00  0.83079E-01
   102.00  0.81718E-01
   103.00  0.80463E-01
   104.00  0.79308E-01
   105.00  0.78252E-01
   106.00  0.77290E-01
   107.00  0.76421E-01
   108.00  0.75641E-01
   109.00  0.74949E-01
   110.00  0.74343E-01
   111.00  0.73820E-01
   112.00  0.73381E-01
   113.00  0.73022E-01
   114.00  0.72745E-01
   115.00  0.72547E-01
   116.00  0.72428E-01
   117.00  0.72388E-01
   118.00  0.72428E-01
   119.00  0.72545E-01
   120.00  0.72742E-01
   121.00  0.73018E-01
   122.00  0.73374E-01
   123.00  0.73811E-01
   124.00  0.74330E-01
   125.00  0.74930E-01
   126.00  0.75613E-01
   127.00  0.76381E-01
   128.00  0.77235E-01
   129.00  0.78175E-01
   130.00  0.79204E-01
   131.00  0.80322E-01
   132.00  0.81531E-01
   133.00  0.82832E-01
   134.00  0.84226E-01
   135.00  0.85714E-01
   136.00  0.87297E-01
   137.00  0.88976E-01
   138.00  0.90751E-01
   139.00  0.92622E-01
   140.00  0.94589E-01
   141.00  0.96649E-01
   142.00  0.98803E-01
   143.00  0.10105    
   144.00  0.10337    
   145.00  0.10578    
   146.00  0.10826    
   147.00  0.11081    
   148.00  0.11340    
   149.00  0.11603    
   150.00  0.11867    
   151.00  0.12130    
   152.00  0.12388    
   153.00  0.12639    
   154.00  0.12876    
   155.00  0.13096    
   156.00  0.13291    
   157.00  0.13454    
   158.00  0.13578    
   159.00  0.13654    
   160.00  0.13673    
   161.00  0.13627    
   162.00  0.13510    
   163.00  0.13316    
   164.00  0.13046    
   165.00  0.12704    
   166.00  0.12300    
   167.00  0.11853    
   168.00  0.11391    
   169.00  0.10947    
   170.00  0.10558    
   171.00  0.10264    
   172.00  0.10097    
   173.00  0.10078    
   174.00  0.10211    
   175.00  0.10476    
   176.00  0.10829    
   177.00  0.11211    
   178.00  0.11551    
   179.00  0.11786    
   180.00  0.11870    
 |--------|------------|
0.670000     micron = Wavelength
 3.01932     = Extinction efficiency (Q)
 3.01932     = Scattering efficiency (Qs)
 0.00000     = Absorption efficiency (Qa)
 105.867     = Lidar ratio
0.625715     micron^2 = <b> = Average surface area per particle
 1.88923     microns^2 = Extinction cross section (C)
 1.88923     microns^2 = Scattering cross section (Cs)
 0.00000     microns^2 = Absorption cross section (Ca)
 |----------------------------------------------------|
 | COMMENTAIRES:                                      |
 |----------------------------------------------------|
 |   -Cross section / <b> should = efficiency         |
 |    is independant of the normalisation of dN/dx    |
 |   -The integral of the phase fct / 4 pi over all   |
 |    directions (solid angle) = 1.                   |
 |   -The volume coefficient (k) is equal to C * N    |
 |      = cross section * Number density              |
 |      typical units: [um^2]*[particles/cm^3] =      |
 |      [10^-3 km-1]                                  |
 |      N = M/(d*4/3*pi*r^3) where d is the density   |
 |      of particle, M is the mass per unit volume    |
 |      and 4/3*pi*r^3 is the average volume  of a    |
 |      particle.                                     |
 |      typical units:  M -> [ug/m^3], d -> [g/cm^3]  |
 |                      r -> [um]                     |
 |      Lidar ratio= 4 pi Qe / phase_fct(180)*Qs      |
 |----------------------------------------------------|
