 |--------|------------|
 | ANGLE  |  PHASE FCT |
 |--------|------------|
     0.00   14.573    
     1.00   14.544    
     2.00   14.460    
     3.00   14.321    
     4.00   14.130    
     5.00   13.890    
     6.00   13.606    
     7.00   13.281    
     8.00   12.921    
     9.00   12.530    
    10.00   12.114    
    11.00   11.679    
    12.00   11.228    
    13.00   10.767    
    14.00   10.300    
    15.00   9.8310    
    16.00   9.3636    
    17.00   8.9010    
    18.00   8.4458    
    19.00   8.0006    
    20.00   7.5672    
    21.00   7.1472    
    22.00   6.7420    
    23.00   6.3525    
    24.00   5.9792    
    25.00   5.6228    
    26.00   5.2834    
    27.00   4.9610    
    28.00   4.6554    
    29.00   4.3665    
    30.00   4.0939    
    31.00   3.8370    
    32.00   3.5955    
    33.00   3.3686    
    34.00   3.1558    
    35.00   2.9564    
    36.00   2.7698    
    37.00   2.5953    
    38.00   2.4322    
    39.00   2.2800    
    40.00   2.1379    
    41.00   2.0054    
    42.00   1.8818    
    43.00   1.7666    
    44.00   1.6593    
    45.00   1.5593    
    46.00   1.4662    
    47.00   1.3794    
    48.00   1.2986    
    49.00   1.2232    
    50.00   1.1530    
    51.00   1.0876    
    52.00   1.0266    
    53.00  0.96974    
    54.00  0.91669    
    55.00  0.86718    
    56.00  0.82096    
    57.00  0.77779    
    58.00  0.73747    
    59.00  0.69977    
    60.00  0.66452    
    61.00  0.63154    
    62.00  0.60066    
    63.00  0.57174    
    64.00  0.54465    
    65.00  0.51924    
    66.00  0.49541    
    67.00  0.47304    
    68.00  0.45203    
    69.00  0.43229    
    70.00  0.41374    
    71.00  0.39629    
    72.00  0.37987    
    73.00  0.36441    
    74.00  0.34985    
    75.00  0.33613    
    76.00  0.32319    
    77.00  0.31100    
    78.00  0.29949    
    79.00  0.28863    
    80.00  0.27837    
    81.00  0.26869    
    82.00  0.25955    
    83.00  0.25090    
    84.00  0.24274    
    85.00  0.23502    
    86.00  0.22773    
    87.00  0.22083    
    88.00  0.21432    
    89.00  0.20816    
    90.00  0.20234    
    91.00  0.19684    
    92.00  0.19164    
    93.00  0.18674    
    94.00  0.18211    
    95.00  0.17775    
    96.00  0.17364    
    97.00  0.16977    
    98.00  0.16613    
    99.00  0.16271    
   100.00  0.15950    
   101.00  0.15650    
   102.00  0.15369    
   103.00  0.15108    
   104.00  0.14864    
   105.00  0.14639    
   106.00  0.14431    
   107.00  0.14239    
   108.00  0.14064    
   109.00  0.13905    
   110.00  0.13762    
   111.00  0.13634    
   112.00  0.13522    
   113.00  0.13424    
   114.00  0.13341    
   115.00  0.13272    
   116.00  0.13218    
   117.00  0.13178    
   118.00  0.13152    
   119.00  0.13140    
   120.00  0.13142    
   121.00  0.13159    
   122.00  0.13189    
   123.00  0.13233    
   124.00  0.13290    
   125.00  0.13362    
   126.00  0.13447    
   127.00  0.13545    
   128.00  0.13657    
   129.00  0.13782    
   130.00  0.13919    
   131.00  0.14069    
   132.00  0.14231    
   133.00  0.14405    
   134.00  0.14589    
   135.00  0.14784    
   136.00  0.14987    
   137.00  0.15199    
   138.00  0.15418    
   139.00  0.15643    
   140.00  0.15871    
   141.00  0.16102    
   142.00  0.16334    
   143.00  0.16564    
   144.00  0.16789    
   145.00  0.17009    
   146.00  0.17220    
   147.00  0.17420    
   148.00  0.17607    
   149.00  0.17778    
   150.00  0.17931    
   151.00  0.18066    
   152.00  0.18181    
   153.00  0.18277    
   154.00  0.18354    
   155.00  0.18414    
   156.00  0.18461    
   157.00  0.18500    
   158.00  0.18538    
   159.00  0.18582    
   160.00  0.18641    
   161.00  0.18728    
   162.00  0.18853    
   163.00  0.19029    
   164.00  0.19267    
   165.00  0.19579    
   166.00  0.19973    
   167.00  0.20456    
   168.00  0.21028    
   169.00  0.21686    
   170.00  0.22423    
   171.00  0.23222    
   172.00  0.24062    
   173.00  0.24918    
   174.00  0.25758    
   175.00  0.26549    
   176.00  0.27255    
   177.00  0.27846    
   178.00  0.28290    
   179.00  0.28567    
   180.00  0.28660    
 |--------|------------|
0.450000     micron = Wavelength
 2.99590     = Extinction efficiency (Q)
 2.99590     = Scattering efficiency (Qs)
 0.00000     = Absorption efficiency (Qa)
 43.8459     = Lidar ratio
0.110755     micron^2 = <b> = Average surface area per particle
0.331811     microns^2 = Extinction cross section (C)
0.331811     microns^2 = Scattering cross section (Cs)
 0.00000     microns^2 = Absorption cross section (Ca)
 |----------------------------------------------------|
 | COMMENTAIRES:                                      |
 |----------------------------------------------------|
 |   -Cross section / <b> should = efficiency         |
 |    is independant of the normalisation of dN/dx    |
 |   -The integral of the phase fct / 4 pi over all   |
 |    directions (solid angle) = 1.                   |
 |   -The volume coefficient (k) is equal to C * N    |
 |      = cross section * Number density              |
 |      typical units: [um^2]*[particles/cm^3] =      |
 |      [10^-3 km-1]                                  |
 |      N = M/(d*4/3*pi*r^3) where d is the density   |
 |      of particle, M is the mass per unit volume    |
 |      and 4/3*pi*r^3 is the average volume  of a    |
 |      particle.                                     |
 |      typical units:  M -> [ug/m^3], d -> [g/cm^3]  |
 |                      r -> [um]                     |
 |      Lidar ratio= 4 pi Qe / phase_fct(180)*Qs      |
 |----------------------------------------------------|
