 |--------|------------|
 | ANGLE  |  PHASE FCT |
 |--------|------------|
     0.00   42.884    
     1.00   42.544    
     2.00   41.553    
     3.00   39.985    
     4.00   37.952    
     5.00   35.581    
     6.00   33.000    
     7.00   30.324    
     8.00   27.650    
     9.00   25.053    
    10.00   22.586    
    11.00   20.285    
    12.00   18.168    
    13.00   16.244    
    14.00   14.509    
    15.00   12.958    
    16.00   11.576    
    17.00   10.352    
    18.00   9.2703    
    19.00   8.3155    
    20.00   7.4738    
    21.00   6.7318    
    22.00   6.0772    
    23.00   5.4992    
    24.00   4.9880    
    25.00   4.5349    
    26.00   4.1325    
    27.00   3.7742    
    28.00   3.4544    
    29.00   3.1681    
    30.00   2.9112    
    31.00   2.6800    
    32.00   2.4714    
    33.00   2.2827    
    34.00   2.1116    
    35.00   1.9561    
    36.00   1.8145    
    37.00   1.6853    
    38.00   1.5671    
    39.00   1.4588    
    40.00   1.3594    
    41.00   1.2681    
    42.00   1.1841    
    43.00   1.1066    
    44.00   1.0352    
    45.00  0.96915    
    46.00  0.90810    
    47.00  0.85161    
    48.00  0.79926    
    49.00  0.75072    
    50.00  0.70568    
    51.00  0.66385    
    52.00  0.62498    
    53.00  0.58882    
    54.00  0.55518    
    55.00  0.52385    
    56.00  0.49466    
    57.00  0.46745    
    58.00  0.44207    
    59.00  0.41839    
    60.00  0.39627    
    61.00  0.37562    
    62.00  0.35632    
    63.00  0.33826    
    64.00  0.32138    
    65.00  0.30558    
    66.00  0.29080    
    67.00  0.27695    
    68.00  0.26397    
    69.00  0.25181    
    70.00  0.24041    
    71.00  0.22973    
    72.00  0.21970    
    73.00  0.21029    
    74.00  0.20146    
    75.00  0.19317    
    76.00  0.18539    
    77.00  0.17808    
    78.00  0.17121    
    79.00  0.16476    
    80.00  0.15870    
    81.00  0.15301    
    82.00  0.14766    
    83.00  0.14263    
    84.00  0.13791    
    85.00  0.13347    
    86.00  0.12930    
    87.00  0.12539    
    88.00  0.12172    
    89.00  0.11827    
    90.00  0.11503    
    91.00  0.11200    
    92.00  0.10916    
    93.00  0.10651    
    94.00  0.10402    
    95.00  0.10170    
    96.00  0.99543E-01
    97.00  0.97532E-01
    98.00  0.95665E-01
    99.00  0.93936E-01
   100.00  0.92341E-01
   101.00  0.90873E-01
   102.00  0.89530E-01
   103.00  0.88305E-01
   104.00  0.87198E-01
   105.00  0.86205E-01
   106.00  0.85322E-01
   107.00  0.84549E-01
   108.00  0.83883E-01
   109.00  0.83322E-01
   110.00  0.82867E-01
   111.00  0.82515E-01
   112.00  0.82267E-01
   113.00  0.82123E-01
   114.00  0.82082E-01
   115.00  0.82146E-01
   116.00  0.82315E-01
   117.00  0.82591E-01
   118.00  0.82974E-01
   119.00  0.83466E-01
   120.00  0.84070E-01
   121.00  0.84787E-01
   122.00  0.85619E-01
   123.00  0.86568E-01
   124.00  0.87638E-01
   125.00  0.88830E-01
   126.00  0.90147E-01
   127.00  0.91592E-01
   128.00  0.93166E-01
   129.00  0.94873E-01
   130.00  0.96714E-01
   131.00  0.98692E-01
   132.00  0.10081    
   133.00  0.10307    
   134.00  0.10546    
   135.00  0.10800    
   136.00  0.11068    
   137.00  0.11350    
   138.00  0.11646    
   139.00  0.11956    
   140.00  0.12279    
   141.00  0.12616    
   142.00  0.12966    
   143.00  0.13330    
   144.00  0.13706    
   145.00  0.14095    
   146.00  0.14497    
   147.00  0.14912    
   148.00  0.15339    
   149.00  0.15779    
   150.00  0.16232    
   151.00  0.16698    
   152.00  0.17176    
   153.00  0.17666    
   154.00  0.18164    
   155.00  0.18668    
   156.00  0.19171    
   157.00  0.19665    
   158.00  0.20135    
   159.00  0.20565    
   160.00  0.20930    
   161.00  0.21201    
   162.00  0.21343    
   163.00  0.21317    
   164.00  0.21085    
   165.00  0.20612    
   166.00  0.19879    
   167.00  0.18888    
   168.00  0.17670    
   169.00  0.16299    
   170.00  0.14886    
   171.00  0.13579    
   172.00  0.12541    
   173.00  0.11923    
   174.00  0.11827    
   175.00  0.12269    
   176.00  0.13159    
   177.00  0.14298    
   178.00  0.15414    
   179.00  0.16227    
   180.00  0.16525    
 |--------|------------|
0.498000     micron = Wavelength
 3.09857     = Extinction efficiency (Q)
 3.09857     = Scattering efficiency (Qs)
 0.00000     = Absorption efficiency (Qa)
 76.0455     = Lidar ratio
0.625713     micron^2 = <b> = Average surface area per particle
 1.93882     microns^2 = Extinction cross section (C)
 1.93882     microns^2 = Scattering cross section (Cs)
 0.00000     microns^2 = Absorption cross section (Ca)
 |----------------------------------------------------|
 | COMMENTAIRES:                                      |
 |----------------------------------------------------|
 |   -Cross section / <b> should = efficiency         |
 |    is independant of the normalisation of dN/dx    |
 |   -The integral of the phase fct / 4 pi over all   |
 |    directions (solid angle) = 1.                   |
 |   -The volume coefficient (k) is equal to C * N    |
 |      = cross section * Number density              |
 |      typical units: [um^2]*[particles/cm^3] =      |
 |      [10^-3 km-1]                                  |
 |      N = M/(d*4/3*pi*r^3) where d is the density   |
 |      of particle, M is the mass per unit volume    |
 |      and 4/3*pi*r^3 is the average volume  of a    |
 |      particle.                                     |
 |      typical units:  M -> [ug/m^3], d -> [g/cm^3]  |
 |                      r -> [um]                     |
 |      Lidar ratio= 4 pi Qe / phase_fct(180)*Qs      |
 |----------------------------------------------------|
