 |--------|------------|
 | ANGLE  |  PHASE FCT |
 |--------|------------|
     0.00   8.5577    
     1.00   8.5496    
     2.00   8.5255    
     3.00   8.4856    
     4.00   8.4301    
     5.00   8.3595    
     6.00   8.2744    
     7.00   8.1753    
     8.00   8.0632    
     9.00   7.9387    
    10.00   7.8028    
    11.00   7.6564    
    12.00   7.5005    
    13.00   7.3361    
    14.00   7.1642    
    15.00   6.9858    
    16.00   6.8020    
    17.00   6.6136    
    18.00   6.4218    
    19.00   6.2273    
    20.00   6.0310    
    21.00   5.8339    
    22.00   5.6366    
    23.00   5.4400    
    24.00   5.2445    
    25.00   5.0510    
    26.00   4.8598    
    27.00   4.6716    
    28.00   4.4867    
    29.00   4.3055    
    30.00   4.1284    
    31.00   3.9556    
    32.00   3.7874    
    33.00   3.6240    
    34.00   3.4654    
    35.00   3.3119    
    36.00   3.1635    
    37.00   3.0203    
    38.00   2.8822    
    39.00   2.7492    
    40.00   2.6214    
    41.00   2.4987    
    42.00   2.3810    
    43.00   2.2681    
    44.00   2.1602    
    45.00   2.0569    
    46.00   1.9582    
    47.00   1.8639    
    48.00   1.7740    
    49.00   1.6883    
    50.00   1.6067    
    51.00   1.5289    
    52.00   1.4550    
    53.00   1.3846    
    54.00   1.3177    
    55.00   1.2542    
    56.00   1.1938    
    57.00   1.1365    
    58.00   1.0822    
    59.00   1.0306    
    60.00  0.98171    
    61.00  0.93535    
    62.00  0.89140    
    63.00  0.84975    
    64.00  0.81030    
    65.00  0.77292    
    66.00  0.73753    
    67.00  0.70401    
    68.00  0.67227    
    69.00  0.64222    
    70.00  0.61378    
    71.00  0.58685    
    72.00  0.56136    
    73.00  0.53724    
    74.00  0.51440    
    75.00  0.49279    
    76.00  0.47233    
    77.00  0.45297    
    78.00  0.43465    
    79.00  0.41730    
    80.00  0.40088    
    81.00  0.38534    
    82.00  0.37063    
    83.00  0.35670    
    84.00  0.34352    
    85.00  0.33104    
    86.00  0.31922    
    87.00  0.30804    
    88.00  0.29744    
    89.00  0.28742    
    90.00  0.27792    
    91.00  0.26893    
    92.00  0.26043    
    93.00  0.25237    
    94.00  0.24474    
    95.00  0.23753    
    96.00  0.23070    
    97.00  0.22423    
    98.00  0.21812    
    99.00  0.21233    
   100.00  0.20687    
   101.00  0.20170    
   102.00  0.19681    
   103.00  0.19220    
   104.00  0.18784    
   105.00  0.18373    
   106.00  0.17985    
   107.00  0.17620    
   108.00  0.17276    
   109.00  0.16952    
   110.00  0.16647    
   111.00  0.16362    
   112.00  0.16094    
   113.00  0.15843    
   114.00  0.15608    
   115.00  0.15390    
   116.00  0.15186    
   117.00  0.14996    
   118.00  0.14820    
   119.00  0.14658    
   120.00  0.14509    
   121.00  0.14371    
   122.00  0.14246    
   123.00  0.14132    
   124.00  0.14028    
   125.00  0.13936    
   126.00  0.13853    
   127.00  0.13781    
   128.00  0.13717    
   129.00  0.13663    
   130.00  0.13618    
   131.00  0.13581    
   132.00  0.13552    
   133.00  0.13532    
   134.00  0.13519    
   135.00  0.13513    
   136.00  0.13515    
   137.00  0.13524    
   138.00  0.13539    
   139.00  0.13562    
   140.00  0.13590    
   141.00  0.13626    
   142.00  0.13668    
   143.00  0.13716    
   144.00  0.13771    
   145.00  0.13832    
   146.00  0.13899    
   147.00  0.13973    
   148.00  0.14054    
   149.00  0.14142    
   150.00  0.14238    
   151.00  0.14340    
   152.00  0.14451    
   153.00  0.14570    
   154.00  0.14697    
   155.00  0.14833    
   156.00  0.14978    
   157.00  0.15133    
   158.00  0.15297    
   159.00  0.15471    
   160.00  0.15655    
   161.00  0.15848    
   162.00  0.16050    
   163.00  0.16261    
   164.00  0.16479    
   165.00  0.16703    
   166.00  0.16932    
   167.00  0.17163    
   168.00  0.17396    
   169.00  0.17626    
   170.00  0.17852    
   171.00  0.18070    
   172.00  0.18277    
   173.00  0.18470    
   174.00  0.18645    
   175.00  0.18800    
   176.00  0.18931    
   177.00  0.19035    
   178.00  0.19112    
   179.00  0.19158    
   180.00  0.19174    
 |--------|------------|
0.760000     micron = Wavelength
 1.55350     = Extinction efficiency (Q)
 1.55350     = Scattering efficiency (Qs)
0.858307E-05 = Absorption efficiency (Qa)
 65.5392     = Lidar ratio
0.110755     micron^2 = <b> = Average surface area per particle
0.172059     microns^2 = Extinction cross section (C)
0.172058     microns^2 = Scattering cross section (Cs)
0.951834E-06 microns^2 = Absorption cross section (Ca)
 |----------------------------------------------------|
 | COMMENTAIRES:                                      |
 |----------------------------------------------------|
 |   -Cross section / <b> should = efficiency         |
 |    is independant of the normalisation of dN/dx    |
 |   -The integral of the phase fct / 4 pi over all   |
 |    directions (solid angle) = 1.                   |
 |   -The volume coefficient (k) is equal to C * N    |
 |      = cross section * Number density              |
 |      typical units: [um^2]*[particles/cm^3] =      |
 |      [10^-3 km-1]                                  |
 |      N = M/(d*4/3*pi*r^3) where d is the density   |
 |      of particle, M is the mass per unit volume    |
 |      and 4/3*pi*r^3 is the average volume  of a    |
 |      particle.                                     |
 |      typical units:  M -> [ug/m^3], d -> [g/cm^3]  |
 |                      r -> [um]                     |
 |      Lidar ratio= 4 pi Qe / phase_fct(180)*Qs      |
 |----------------------------------------------------|
