 |--------|------------|
 | ANGLE  |  PHASE FCT |
 |--------|------------|
     0.00   15.598    
     1.00   15.564    
     2.00   15.463    
     3.00   15.298    
     4.00   15.071    
     5.00   14.788    
     6.00   14.452    
     7.00   14.071    
     8.00   13.650    
     9.00   13.196    
    10.00   12.716    
    11.00   12.216    
    12.00   11.702    
    13.00   11.179    
    14.00   10.653    
    15.00   10.128    
    16.00   9.6084    
    17.00   9.0976    
    18.00   8.5985    
    19.00   8.1135    
    20.00   7.6446    
    21.00   7.1933    
    22.00   6.7606    
    23.00   6.3472    
    24.00   5.9537    
    25.00   5.5802    
    26.00   5.2267    
    27.00   4.8928    
    28.00   4.5782    
    29.00   4.2824    
    30.00   4.0047    
    31.00   3.7445    
    32.00   3.5010    
    33.00   3.2733    
    34.00   3.0608    
    35.00   2.8625    
    36.00   2.6777    
    37.00   2.5056    
    38.00   2.3454    
    39.00   2.1963    
    40.00   2.0576    
    41.00   1.9287    
    42.00   1.8089    
    43.00   1.6974    
    44.00   1.5939    
    45.00   1.4976    
    46.00   1.4081    
    47.00   1.3248    
    48.00   1.2474    
    49.00   1.1754    
    50.00   1.1083    
    51.00   1.0459    
    52.00  0.98780    
    53.00  0.93364    
    54.00  0.88314    
    55.00  0.83604    
    56.00  0.79208    
    57.00  0.75103    
    58.00  0.71268    
    59.00  0.67683    
    60.00  0.64329    
    61.00  0.61190    
    62.00  0.58251    
    63.00  0.55496    
    64.00  0.52914    
    65.00  0.50490    
    66.00  0.48216    
    67.00  0.46079    
    68.00  0.44070    
    69.00  0.42182    
    70.00  0.40405    
    71.00  0.38732    
    72.00  0.37156    
    73.00  0.35671    
    74.00  0.34271    
    75.00  0.32950    
    76.00  0.31704    
    77.00  0.30528    
    78.00  0.29417    
    79.00  0.28367    
    80.00  0.27375    
    81.00  0.26438    
    82.00  0.25551    
    83.00  0.24713    
    84.00  0.23920    
    85.00  0.23170    
    86.00  0.22460    
    87.00  0.21789    
    88.00  0.21154    
    89.00  0.20554    
    90.00  0.19986    
    91.00  0.19449    
    92.00  0.18942    
    93.00  0.18463    
    94.00  0.18010    
    95.00  0.17583    
    96.00  0.17181    
    97.00  0.16802    
    98.00  0.16446    
    99.00  0.16111    
   100.00  0.15797    
   101.00  0.15503    
   102.00  0.15229    
   103.00  0.14973    
   104.00  0.14735    
   105.00  0.14515    
   106.00  0.14313    
   107.00  0.14127    
   108.00  0.13957    
   109.00  0.13804    
   110.00  0.13666    
   111.00  0.13544    
   112.00  0.13438    
   113.00  0.13346    
   114.00  0.13270    
   115.00  0.13209    
   116.00  0.13163    
   117.00  0.13132    
   118.00  0.13116    
   119.00  0.13115    
   120.00  0.13129    
   121.00  0.13158    
   122.00  0.13202    
   123.00  0.13262    
   124.00  0.13337    
   125.00  0.13427    
   126.00  0.13533    
   127.00  0.13654    
   128.00  0.13791    
   129.00  0.13943    
   130.00  0.14111    
   131.00  0.14294    
   132.00  0.14492    
   133.00  0.14704    
   134.00  0.14931    
   135.00  0.15171    
   136.00  0.15424    
   137.00  0.15688    
   138.00  0.15963    
   139.00  0.16247    
   140.00  0.16539    
   141.00  0.16835    
   142.00  0.17135    
   143.00  0.17435    
   144.00  0.17733    
   145.00  0.18026    
   146.00  0.18310    
   147.00  0.18582    
   148.00  0.18838    
   149.00  0.19075    
   150.00  0.19290    
   151.00  0.19480    
   152.00  0.19643    
   153.00  0.19776    
   154.00  0.19880    
   155.00  0.19956    
   156.00  0.20007    
   157.00  0.20037    
   158.00  0.20054    
   159.00  0.20066    
   160.00  0.20086    
   161.00  0.20127    
   162.00  0.20204    
   163.00  0.20335    
   164.00  0.20536    
   165.00  0.20825    
   166.00  0.21214    
   167.00  0.21716    
   168.00  0.22336    
   169.00  0.23074    
   170.00  0.23921    
   171.00  0.24861    
   172.00  0.25869    
   173.00  0.26911    
   174.00  0.27949    
   175.00  0.28936    
   176.00  0.29826    
   177.00  0.30574    
   178.00  0.31141    
   179.00  0.31495    
   180.00  0.31615    
 |--------|------------|
0.420000     micron = Wavelength
 3.11131     = Extinction efficiency (Q)
 3.11131     = Scattering efficiency (Qs)
 0.00000     = Absorption efficiency (Qa)
 39.7481     = Lidar ratio
0.110755     micron^2 = <b> = Average surface area per particle
0.344594     microns^2 = Extinction cross section (C)
0.344594     microns^2 = Scattering cross section (Cs)
 0.00000     microns^2 = Absorption cross section (Ca)
 |----------------------------------------------------|
 | COMMENTAIRES:                                      |
 |----------------------------------------------------|
 |   -Cross section / <b> should = efficiency         |
 |    is independant of the normalisation of dN/dx    |
 |   -The integral of the phase fct / 4 pi over all   |
 |    directions (solid angle) = 1.                   |
 |   -The volume coefficient (k) is equal to C * N    |
 |      = cross section * Number density              |
 |      typical units: [um^2]*[particles/cm^3] =      |
 |      [10^-3 km-1]                                  |
 |      N = M/(d*4/3*pi*r^3) where d is the density   |
 |      of particle, M is the mass per unit volume    |
 |      and 4/3*pi*r^3 is the average volume  of a    |
 |      particle.                                     |
 |      typical units:  M -> [ug/m^3], d -> [g/cm^3]  |
 |                      r -> [um]                     |
 |      Lidar ratio= 4 pi Qe / phase_fct(180)*Qs      |
 |----------------------------------------------------|
