 |--------|------------|
 | ANGLE  |  PHASE FCT |
 |--------|------------|
     0.00   19.003    
     1.00   18.959    
     2.00   18.829    
     3.00   18.614    
     4.00   18.319    
     5.00   17.950    
     6.00   17.514    
     7.00   17.018    
     8.00   16.470    
     9.00   15.880    
    10.00   15.256    
    11.00   14.607    
    12.00   13.939    
    13.00   13.262    
    14.00   12.581    
    15.00   11.904    
    16.00   11.235    
    17.00   10.578    
    18.00   9.9394    
    19.00   9.3204    
    20.00   8.7242    
    21.00   8.1526    
    22.00   7.6070    
    23.00   7.0883    
    24.00   6.5970    
    25.00   6.1332    
    26.00   5.6965    
    27.00   5.2866    
    28.00   4.9028    
    29.00   4.5441    
    30.00   4.2097    
    31.00   3.8984    
    32.00   3.6092    
    33.00   3.3408    
    34.00   3.0921    
    35.00   2.8619    
    36.00   2.6490    
    37.00   2.4524    
    38.00   2.2709    
    39.00   2.1035    
    40.00   1.9491    
    41.00   1.8069    
    42.00   1.6758    
    43.00   1.5551    
    44.00   1.4440    
    45.00   1.3416    
    46.00   1.2474    
    47.00   1.1606    
    48.00   1.0807    
    49.00   1.0071    
    50.00  0.93924    
    51.00  0.87674    
    52.00  0.81911    
    53.00  0.76596    
    54.00  0.71693    
    55.00  0.67166    
    56.00  0.62985    
    57.00  0.59121    
    58.00  0.55549    
    59.00  0.52244    
    60.00  0.49184    
    61.00  0.46350    
    62.00  0.43722    
    63.00  0.41286    
    64.00  0.39023    
    65.00  0.36922    
    66.00  0.34969    
    67.00  0.33153    
    68.00  0.31462    
    69.00  0.29887    
    70.00  0.28420    
    71.00  0.27050    
    72.00  0.25773    
    73.00  0.24579    
    74.00  0.23464    
    75.00  0.22421    
    76.00  0.21445    
    77.00  0.20532    
    78.00  0.19676    
    79.00  0.18873    
    80.00  0.18121    
    81.00  0.17415    
    82.00  0.16752    
    83.00  0.16130    
    84.00  0.15545    
    85.00  0.14996    
    86.00  0.14479    
    87.00  0.13994    
    88.00  0.13537    
    89.00  0.13107    
    90.00  0.12703    
    91.00  0.12322    
    92.00  0.11965    
    93.00  0.11628    
    94.00  0.11311    
    95.00  0.11013    
    96.00  0.10733    
    97.00  0.10470    
    98.00  0.10223    
    99.00  0.99917E-01
   100.00  0.97744E-01
   101.00  0.95709E-01
   102.00  0.93805E-01
   103.00  0.92026E-01
   104.00  0.90368E-01
   105.00  0.88824E-01
   106.00  0.87390E-01
   107.00  0.86063E-01
   108.00  0.84837E-01
   109.00  0.83711E-01
   110.00  0.82679E-01
   111.00  0.81739E-01
   112.00  0.80889E-01
   113.00  0.80126E-01
   114.00  0.79447E-01
   115.00  0.78851E-01
   116.00  0.78336E-01
   117.00  0.77901E-01
   118.00  0.77543E-01
   119.00  0.77261E-01
   120.00  0.77055E-01
   121.00  0.76923E-01
   122.00  0.76864E-01
   123.00  0.76877E-01
   124.00  0.76963E-01
   125.00  0.77119E-01
   126.00  0.77346E-01
   127.00  0.77643E-01
   128.00  0.78008E-01
   129.00  0.78443E-01
   130.00  0.78945E-01
   131.00  0.79514E-01
   132.00  0.80150E-01
   133.00  0.80850E-01
   134.00  0.81614E-01
   135.00  0.82441E-01
   136.00  0.83328E-01
   137.00  0.84272E-01
   138.00  0.85273E-01
   139.00  0.86326E-01
   140.00  0.87428E-01
   141.00  0.88576E-01
   142.00  0.89763E-01
   143.00  0.90985E-01
   144.00  0.92235E-01
   145.00  0.93507E-01
   146.00  0.94793E-01
   147.00  0.96085E-01
   148.00  0.97372E-01
   149.00  0.98646E-01
   150.00  0.99895E-01
   151.00  0.10111    
   152.00  0.10228    
   153.00  0.10339    
   154.00  0.10444    
   155.00  0.10541    
   156.00  0.10629    
   157.00  0.10709    
   158.00  0.10781    
   159.00  0.10844    
   160.00  0.10899    
   161.00  0.10949    
   162.00  0.10994    
   163.00  0.11038    
   164.00  0.11084    
   165.00  0.11136    
   166.00  0.11198    
   167.00  0.11274    
   168.00  0.11369    
   169.00  0.11484    
   170.00  0.11622    
   171.00  0.11783    
   172.00  0.11964    
   173.00  0.12160    
   174.00  0.12364    
   175.00  0.12565    
   176.00  0.12752    
   177.00  0.12913    
   178.00  0.13038    
   179.00  0.13117    
   180.00  0.13144    
 |--------|------------|
0.550000     micron = Wavelength
 2.29579     = Extinction efficiency (Q)
 2.29579     = Scattering efficiency (Qs)
 0.00000     = Absorption efficiency (Qa)
 95.6033     = Lidar ratio
0.180223     micron^2 = <b> = Average surface area per particle
0.413754     microns^2 = Extinction cross section (C)
0.413754     microns^2 = Scattering cross section (Cs)
 0.00000     microns^2 = Absorption cross section (Ca)
 |----------------------------------------------------|
 | COMMENTAIRES:                                      |
 |----------------------------------------------------|
 |   -Cross section / <b> should = efficiency         |
 |    is independant of the normalisation of dN/dx    |
 |   -The integral of the phase fct / 4 pi over all   |
 |    directions (solid angle) = 1.                   |
 |   -The volume coefficient (k) is equal to C * N    |
 |      = cross section * Number density              |
 |      typical units: [um^2]*[particles/cm^3] =      |
 |      [10^-3 km-1]                                  |
 |      N = M/(d*4/3*pi*r^3) where d is the density   |
 |      of particle, M is the mass per unit volume    |
 |      and 4/3*pi*r^3 is the average volume  of a    |
 |      particle.                                     |
 |      typical units:  M -> [ug/m^3], d -> [g/cm^3]  |
 |                      r -> [um]                     |
 |      Lidar ratio= 4 pi Qe / phase_fct(180)*Qs      |
 |----------------------------------------------------|
