 |--------|------------|
 | ANGLE  |  PHASE FCT |
 |--------|------------|
     0.00   22.677    
     1.00   22.609    
     2.00   22.406    
     3.00   22.074    
     4.00   21.622    
     5.00   21.061    
     6.00   20.405    
     7.00   19.670    
     8.00   18.870    
     9.00   18.021    
    10.00   17.137    
    11.00   16.233    
    12.00   15.321    
    13.00   14.413    
    14.00   13.516    
    15.00   12.641    
    16.00   11.792    
    17.00   10.975    
    18.00   10.194    
    19.00   9.4517    
    20.00   8.7495    
    21.00   8.0884    
    22.00   7.4684    
    23.00   6.8890    
    24.00   6.3494    
    25.00   5.8483    
    26.00   5.3841    
    27.00   4.9551    
    28.00   4.5593    
    29.00   4.1949    
    30.00   3.8597    
    31.00   3.5520    
    32.00   3.2697    
    33.00   3.0110    
    34.00   2.7741    
    35.00   2.5572    
    36.00   2.3587    
    37.00   2.1772    
    38.00   2.0112    
    39.00   1.8594    
    40.00   1.7205    
    41.00   1.5935    
    42.00   1.4772    
    43.00   1.3708    
    44.00   1.2734    
    45.00   1.1841    
    46.00   1.1022    
    47.00   1.0271    
    48.00  0.95814    
    49.00  0.89479    
    50.00  0.83655    
    51.00  0.78295    
    52.00  0.73358    
    53.00  0.68808    
    54.00  0.64611    
    55.00  0.60734    
    56.00  0.57152    
    57.00  0.53837    
    58.00  0.50768    
    59.00  0.47924    
    60.00  0.45286    
    61.00  0.42836    
    62.00  0.40560    
    63.00  0.38443    
    64.00  0.36472    
    65.00  0.34636    
    66.00  0.32925    
    67.00  0.31327    
    68.00  0.29835    
    69.00  0.28441    
    70.00  0.27137    
    71.00  0.25916    
    72.00  0.24773    
    73.00  0.23702    
    74.00  0.22697    
    75.00  0.21754    
    76.00  0.20869    
    77.00  0.20038    
    78.00  0.19256    
    79.00  0.18522    
    80.00  0.17831    
    81.00  0.17181    
    82.00  0.16569    
    83.00  0.15993    
    84.00  0.15450    
    85.00  0.14939    
    86.00  0.14457    
    87.00  0.14003    
    88.00  0.13576    
    89.00  0.13173    
    90.00  0.12793    
    91.00  0.12435    
    92.00  0.12099    
    93.00  0.11782    
    94.00  0.11483    
    95.00  0.11203    
    96.00  0.10939    
    97.00  0.10691    
    98.00  0.10459    
    99.00  0.10241    
   100.00  0.10037    
   101.00  0.98471E-01
   102.00  0.96697E-01
   103.00  0.95046E-01
   104.00  0.93515E-01
   105.00  0.92099E-01
   106.00  0.90794E-01
   107.00  0.89598E-01
   108.00  0.88506E-01
   109.00  0.87516E-01
   110.00  0.86627E-01
   111.00  0.85835E-01
   112.00  0.85139E-01
   113.00  0.84538E-01
   114.00  0.84029E-01
   115.00  0.83613E-01
   116.00  0.83288E-01
   117.00  0.83053E-01
   118.00  0.82909E-01
   119.00  0.82856E-01
   120.00  0.82893E-01
   121.00  0.83021E-01
   122.00  0.83239E-01
   123.00  0.83550E-01
   124.00  0.83954E-01
   125.00  0.84452E-01
   126.00  0.85044E-01
   127.00  0.85732E-01
   128.00  0.86518E-01
   129.00  0.87402E-01
   130.00  0.88386E-01
   131.00  0.89471E-01
   132.00  0.90658E-01
   133.00  0.91949E-01
   134.00  0.93343E-01
   135.00  0.94841E-01
   136.00  0.96443E-01
   137.00  0.98147E-01
   138.00  0.99953E-01
   139.00  0.10186    
   140.00  0.10386    
   141.00  0.10595    
   142.00  0.10812    
   143.00  0.11037    
   144.00  0.11268    
   145.00  0.11505    
   146.00  0.11745    
   147.00  0.11987    
   148.00  0.12229    
   149.00  0.12468    
   150.00  0.12700    
   151.00  0.12924    
   152.00  0.13135    
   153.00  0.13330    
   154.00  0.13504    
   155.00  0.13652    
   156.00  0.13772    
   157.00  0.13858    
   158.00  0.13908    
   159.00  0.13918    
   160.00  0.13889    
   161.00  0.13819    
   162.00  0.13712    
   163.00  0.13573    
   164.00  0.13410    
   165.00  0.13234    
   166.00  0.13058    
   167.00  0.12899    
   168.00  0.12773    
   169.00  0.12697    
   170.00  0.12685    
   171.00  0.12748    
   172.00  0.12889    
   173.00  0.13105    
   174.00  0.13381    
   175.00  0.13696    
   176.00  0.14020    
   177.00  0.14320    
   178.00  0.14564    
   179.00  0.14723    
   180.00  0.14778    
 |--------|------------|
0.380000     micron = Wavelength
 2.85776     = Extinction efficiency (Q)
 2.85776     = Scattering efficiency (Qs)
 0.00000     = Absorption efficiency (Qa)
 85.0324     = Lidar ratio
0.126655     micron^2 = <b> = Average surface area per particle
0.361951     microns^2 = Extinction cross section (C)
0.361951     microns^2 = Scattering cross section (Cs)
-.128253E-15 microns^2 = Absorption cross section (Ca)
 |----------------------------------------------------|
 | COMMENTAIRES:                                      |
 |----------------------------------------------------|
 |   -Cross section / <b> should = efficiency         |
 |    is independant of the normalisation of dN/dx    |
 |   -The integral of the phase fct / 4 pi over all   |
 |    directions (solid angle) = 1.                   |
 |   -The volume coefficient (k) is equal to C * N    |
 |      = cross section * Number density              |
 |      typical units: [um^2]*[particles/cm^3] =      |
 |      [10^-3 km-1]                                  |
 |      N = M/(d*4/3*pi*r^3) where d is the density   |
 |      of particle, M is the mass per unit volume    |
 |      and 4/3*pi*r^3 is the average volume  of a    |
 |      particle.                                     |
 |      typical units:  M -> [ug/m^3], d -> [g/cm^3]  |
 |                      r -> [um]                     |
 |      Lidar ratio= 4 pi Qe / phase_fct(180)*Qs      |
 |----------------------------------------------------|
