 |--------|------------|
 | ANGLE  |  PHASE FCT |
 |--------|------------|
     0.00   246.35    
     1.00   232.41    
     2.00   196.21    
     3.00   150.65    
     4.00   107.99    
     5.00   74.534    
     6.00   50.869    
     7.00   34.973    
     8.00   24.587    
     9.00   17.935    
    10.00   13.690    
    11.00   10.934    
    12.00   9.0956    
    13.00   7.8305    
    14.00   6.9225    
    15.00   6.2379    
    16.00   5.6960    
    17.00   5.2463    
    18.00   4.8593    
    19.00   4.5212    
    20.00   4.2220    
    21.00   3.9504    
    22.00   3.6998    
    23.00   3.4697    
    24.00   3.2593    
    25.00   3.0644    
    26.00   2.8818    
    27.00   2.7110    
    28.00   2.5527    
    29.00   2.4050    
    30.00   2.2660    
    31.00   2.1350    
    32.00   2.0126    
    33.00   1.8983    
    34.00   1.7903    
    35.00   1.6882    
    36.00   1.5926    
    37.00   1.5031    
    38.00   1.4184    
    39.00   1.3383    
    40.00   1.2632    
    41.00   1.1928    
    42.00   1.1262    
    43.00   1.0632    
    44.00   1.0040    
    45.00  0.94854    
    46.00  0.89600    
    47.00  0.84631    
    48.00  0.79969    
    49.00  0.75590    
    50.00  0.71445    
    51.00  0.67528    
    52.00  0.63850    
    53.00  0.60391    
    54.00  0.57117    
    55.00  0.54027    
    56.00  0.51128    
    57.00  0.48396    
    58.00  0.45808    
    59.00  0.43368    
    60.00  0.41079    
    61.00  0.38921    
    62.00  0.36877    
    63.00  0.34951    
    64.00  0.33140    
    65.00  0.31434    
    66.00  0.29820    
    67.00  0.28300    
    68.00  0.26869    
    69.00  0.25520    
    70.00  0.24247    
    71.00  0.23047    
    72.00  0.21918    
    73.00  0.20854    
    74.00  0.19849    
    75.00  0.18905    
    76.00  0.18017    
    77.00  0.17180    
    78.00  0.16391    
    79.00  0.15651    
    80.00  0.14958    
    81.00  0.14304    
    82.00  0.13689    
    83.00  0.13115    
    84.00  0.12578    
    85.00  0.12073    
    86.00  0.11601    
    87.00  0.11162    
    88.00  0.10753    
    89.00  0.10371    
    90.00  0.10016    
    91.00  0.96885E-01
    92.00  0.93860E-01
    93.00  0.91067E-01
    94.00  0.88495E-01
    95.00  0.86133E-01
    96.00  0.83982E-01
    97.00  0.82029E-01
    98.00  0.80249E-01
    99.00  0.78632E-01
   100.00  0.77184E-01
   101.00  0.75889E-01
   102.00  0.74718E-01
   103.00  0.73675E-01
   104.00  0.72758E-01
   105.00  0.71950E-01
   106.00  0.71237E-01
   107.00  0.70627E-01
   108.00  0.70109E-01
   109.00  0.69667E-01
   110.00  0.69307E-01
   111.00  0.69043E-01
   112.00  0.68873E-01
   113.00  0.68794E-01
   114.00  0.68809E-01
   115.00  0.68927E-01
   116.00  0.69170E-01
   117.00  0.69568E-01
   118.00  0.70129E-01
   119.00  0.70853E-01
   120.00  0.71774E-01
   121.00  0.72944E-01
   122.00  0.74387E-01
   123.00  0.76124E-01
   124.00  0.78196E-01
   125.00  0.80653E-01
   126.00  0.83543E-01
   127.00  0.86926E-01
   128.00  0.90847E-01
   129.00  0.95328E-01
   130.00  0.10043    
   131.00  0.10624    
   132.00  0.11281    
   133.00  0.12010    
   134.00  0.12817    
   135.00  0.13707    
   136.00  0.14675    
   137.00  0.15711    
   138.00  0.16817    
   139.00  0.17981    
   140.00  0.19179    
   141.00  0.20389    
   142.00  0.21603    
   143.00  0.22791    
   144.00  0.23906    
   145.00  0.24922    
   146.00  0.25821    
   147.00  0.26570    
   148.00  0.27136    
   149.00  0.27510    
   150.00  0.27691    
   151.00  0.27680    
   152.00  0.27495    
   153.00  0.27176    
   154.00  0.26761    
   155.00  0.26289    
   156.00  0.25820    
   157.00  0.25416    
   158.00  0.25123    
   159.00  0.24998    
   160.00  0.25125    
   161.00  0.25578    
   162.00  0.26436    
   163.00  0.27823    
   164.00  0.29865    
   165.00  0.32626    
   166.00  0.36107    
   167.00  0.40206    
   168.00  0.44560    
   169.00  0.48554    
   170.00  0.51533    
   171.00  0.52943    
   172.00  0.52473    
   173.00  0.50402    
   174.00  0.47624    
   175.00  0.45281    
   176.00  0.45048    
   177.00  0.49399    
   178.00  0.59299    
   179.00  0.70673    
   180.00  0.75814    
 |--------|------------|
0.360000     micron = Wavelength
 2.31126     = Extinction efficiency (Q)
 2.31126     = Scattering efficiency (Qs)
 0.00000     = Absorption efficiency (Qa)
 16.5752     = Lidar ratio
 2.42466     micron^2 = <b> = Average surface area per particle
 5.60402     microns^2 = Extinction cross section (C)
 5.60402     microns^2 = Scattering cross section (Cs)
 0.00000     microns^2 = Absorption cross section (Ca)
 |----------------------------------------------------|
 | COMMENTAIRES:                                      |
 |----------------------------------------------------|
 |   -Cross section / <b> should = efficiency         |
 |    is independant of the normalisation of dN/dx    |
 |   -The integral of the phase fct / 4 pi over all   |
 |    directions (solid angle) = 1.                   |
 |   -The volume coefficient (k) is equal to C * N    |
 |      = cross section * Number density              |
 |      typical units: [um^2]*[particles/cm^3] =      |
 |      [10^-3 km-1]                                  |
 |      N = M/(d*4/3*pi*r^3) where d is the density   |
 |      of particle, M is the mass per unit volume    |
 |      and 4/3*pi*r^3 is the average volume  of a    |
 |      particle.                                     |
 |      typical units:  M -> [ug/m^3], d -> [g/cm^3]  |
 |                      r -> [um]                     |
 |      Lidar ratio= 4 pi Qe / phase_fct(180)*Qs      |
 |----------------------------------------------------|
