 |--------|------------|
 | ANGLE  |  PHASE FCT |
 |--------|------------|
     0.00   18.590    
     1.00   18.548    
     2.00   18.421    
     3.00   18.214    
     4.00   17.929    
     5.00   17.572    
     6.00   17.150    
     7.00   16.670    
     8.00   16.140    
     9.00   15.569    
    10.00   14.965    
    11.00   14.335    
    12.00   13.688    
    13.00   13.031    
    14.00   12.371    
    15.00   11.713    
    16.00   11.063    
    17.00   10.425    
    18.00   9.8030    
    19.00   9.2003    
    20.00   8.6193    
    21.00   8.0618    
    22.00   7.5292    
    23.00   7.0225    
    24.00   6.5420    
    25.00   6.0880    
    26.00   5.6603    
    27.00   5.2583    
    28.00   4.8816    
    29.00   4.5293    
    30.00   4.2004    
    31.00   3.8940    
    32.00   3.6090    
    33.00   3.3443    
    34.00   3.0988    
    35.00   2.8713    
    36.00   2.6607    
    37.00   2.4661    
    38.00   2.2862    
    39.00   2.1201    
    40.00   1.9667    
    41.00   1.8253    
    42.00   1.6949    
    43.00   1.5746    
    44.00   1.4638    
    45.00   1.3616    
    46.00   1.2674    
    47.00   1.1806    
    48.00   1.1006    
    49.00   1.0268    
    50.00  0.95871    
    51.00  0.89592    
    52.00  0.83797    
    53.00  0.78447    
    54.00  0.73505    
    55.00  0.68939    
    56.00  0.64716    
    57.00  0.60810    
    58.00  0.57196    
    59.00  0.53848    
    60.00  0.50745    
    61.00  0.47868    
    62.00  0.45198    
    63.00  0.42719    
    64.00  0.40416    
    65.00  0.38274    
    66.00  0.36282    
    67.00  0.34427    
    68.00  0.32699    
    69.00  0.31087    
    70.00  0.29584    
    71.00  0.28181    
    72.00  0.26870    
    73.00  0.25644    
    74.00  0.24498    
    75.00  0.23425    
    76.00  0.22420    
    77.00  0.21479    
    78.00  0.20596    
    79.00  0.19768    
    80.00  0.18991    
    81.00  0.18261    
    82.00  0.17576    
    83.00  0.16932    
    84.00  0.16326    
    85.00  0.15757    
    86.00  0.15221    
    87.00  0.14717    
    88.00  0.14243    
    89.00  0.13796    
    90.00  0.13376    
    91.00  0.12981    
    92.00  0.12608    
    93.00  0.12258    
    94.00  0.11928    
    95.00  0.11618    
    96.00  0.11326    
    97.00  0.11052    
    98.00  0.10795    
    99.00  0.10553    
   100.00  0.10327    
   101.00  0.10115    
   102.00  0.99164E-01
   103.00  0.97312E-01
   104.00  0.95585E-01
   105.00  0.93979E-01
   106.00  0.92488E-01
   107.00  0.91110E-01
   108.00  0.89839E-01
   109.00  0.88672E-01
   110.00  0.87606E-01
   111.00  0.86638E-01
   112.00  0.85765E-01
   113.00  0.84984E-01
   114.00  0.84294E-01
   115.00  0.83692E-01
   116.00  0.83177E-01
   117.00  0.82747E-01
   118.00  0.82401E-01
   119.00  0.82137E-01
   120.00  0.81955E-01
   121.00  0.81854E-01
   122.00  0.81832E-01
   123.00  0.81889E-01
   124.00  0.82025E-01
   125.00  0.82238E-01
   126.00  0.82529E-01
   127.00  0.82897E-01
   128.00  0.83341E-01
   129.00  0.83861E-01
   130.00  0.84455E-01
   131.00  0.85124E-01
   132.00  0.85867E-01
   133.00  0.86681E-01
   134.00  0.87567E-01
   135.00  0.88521E-01
   136.00  0.89542E-01
   137.00  0.90627E-01
   138.00  0.91774E-01
   139.00  0.92978E-01
   140.00  0.94236E-01
   141.00  0.95541E-01
   142.00  0.96889E-01
   143.00  0.98273E-01
   144.00  0.99684E-01
   145.00  0.10112    
   146.00  0.10256    
   147.00  0.10400    
   148.00  0.10542    
   149.00  0.10683    
   150.00  0.10819    
   151.00  0.10951    
   152.00  0.11076    
   153.00  0.11193    
   154.00  0.11301    
   155.00  0.11400    
   156.00  0.11487    
   157.00  0.11564    
   158.00  0.11629    
   159.00  0.11683    
   160.00  0.11728    
   161.00  0.11766    
   162.00  0.11798    
   163.00  0.11829    
   164.00  0.11863    
   165.00  0.11905    
   166.00  0.11959    
   167.00  0.12032    
   168.00  0.12128    
   169.00  0.12249    
   170.00  0.12399    
   171.00  0.12577    
   172.00  0.12780    
   173.00  0.13001    
   174.00  0.13233    
   175.00  0.13462    
   176.00  0.13676    
   177.00  0.13861    
   178.00  0.14003    
   179.00  0.14094    
   180.00  0.14125    
 |--------|------------|
0.460000     micron = Wavelength
 2.40732     = Extinction efficiency (Q)
 2.40732     = Scattering efficiency (Qs)
 0.00000     = Absorption efficiency (Qa)
 88.9671     = Lidar ratio
0.126655     micron^2 = <b> = Average surface area per particle
0.304900     microns^2 = Extinction cross section (C)
0.304900     microns^2 = Scattering cross section (Cs)
 0.00000     microns^2 = Absorption cross section (Ca)
 |----------------------------------------------------|
 | COMMENTAIRES:                                      |
 |----------------------------------------------------|
 |   -Cross section / <b> should = efficiency         |
 |    is independant of the normalisation of dN/dx    |
 |   -The integral of the phase fct / 4 pi over all   |
 |    directions (solid angle) = 1.                   |
 |   -The volume coefficient (k) is equal to C * N    |
 |      = cross section * Number density              |
 |      typical units: [um^2]*[particles/cm^3] =      |
 |      [10^-3 km-1]                                  |
 |      N = M/(d*4/3*pi*r^3) where d is the density   |
 |      of particle, M is the mass per unit volume    |
 |      and 4/3*pi*r^3 is the average volume  of a    |
 |      particle.                                     |
 |      typical units:  M -> [ug/m^3], d -> [g/cm^3]  |
 |                      r -> [um]                     |
 |      Lidar ratio= 4 pi Qe / phase_fct(180)*Qs      |
 |----------------------------------------------------|
