 |--------|------------|
 | ANGLE  |  PHASE FCT |
 |--------|------------|
     0.00   24.084    
     1.00   24.007    
     2.00   23.779    
     3.00   23.406    
     4.00   22.899    
     5.00   22.271    
     6.00   21.539    
     7.00   20.721    
     8.00   19.833    
     9.00   18.893    
    10.00   17.919    
    11.00   16.927    
    12.00   15.929    
    13.00   14.939    
    14.00   13.966    
    15.00   13.020    
    16.00   12.106    
    17.00   11.231    
    18.00   10.398    
    19.00   9.6090    
    20.00   8.8661    
    21.00   8.1696    
    22.00   7.5191    
    23.00   6.9139    
    24.00   6.3525    
    25.00   5.8332    
    26.00   5.3542    
    27.00   4.9131    
    28.00   4.5079    
    29.00   4.1361    
    30.00   3.7955    
    31.00   3.4839    
    32.00   3.1990    
    33.00   2.9389    
    34.00   2.7013    
    35.00   2.4847    
    36.00   2.2870    
    37.00   2.1068    
    38.00   1.9424    
    39.00   1.7925    
    40.00   1.6558    
    41.00   1.5310    
    42.00   1.4171    
    43.00   1.3131    
    44.00   1.2180    
    45.00   1.1311    
    46.00   1.0516    
    47.00  0.97875    
    48.00  0.91203    
    49.00  0.85082    
    50.00  0.79464    
    51.00  0.74302    
    52.00  0.69555    
    53.00  0.65185    
    54.00  0.61159    
    55.00  0.57446    
    56.00  0.54018    
    57.00  0.50850    
    58.00  0.47920    
    59.00  0.45207    
    60.00  0.42692    
    61.00  0.40360    
    62.00  0.38194    
    63.00  0.36182    
    64.00  0.34310    
    65.00  0.32567    
    66.00  0.30943    
    67.00  0.29429    
    68.00  0.28016    
    69.00  0.26696    
    70.00  0.25462    
    71.00  0.24308    
    72.00  0.23228    
    73.00  0.22216    
    74.00  0.21268    
    75.00  0.20379    
    76.00  0.19545    
    77.00  0.18761    
    78.00  0.18026    
    79.00  0.17334    
    80.00  0.16685    
    81.00  0.16074    
    82.00  0.15499    
    83.00  0.14958    
    84.00  0.14448    
    85.00  0.13969    
    86.00  0.13517    
    87.00  0.13092    
    88.00  0.12692    
    89.00  0.12315    
    90.00  0.11960    
    91.00  0.11626    
    92.00  0.11311    
    93.00  0.11015    
    94.00  0.10737    
    95.00  0.10475    
    96.00  0.10229    
    97.00  0.99987E-01
    98.00  0.97825E-01
    99.00  0.95800E-01
   100.00  0.93907E-01
   101.00  0.92140E-01
   102.00  0.90493E-01
   103.00  0.88962E-01
   104.00  0.87543E-01
   105.00  0.86232E-01
   106.00  0.85025E-01
   107.00  0.83919E-01
   108.00  0.82911E-01
   109.00  0.81998E-01
   110.00  0.81178E-01
   111.00  0.80449E-01
   112.00  0.79810E-01
   113.00  0.79257E-01
   114.00  0.78792E-01
   115.00  0.78411E-01
   116.00  0.78115E-01
   117.00  0.77902E-01
   118.00  0.77773E-01
   119.00  0.77728E-01
   120.00  0.77765E-01
   121.00  0.77886E-01
   122.00  0.78090E-01
   123.00  0.78378E-01
   124.00  0.78752E-01
   125.00  0.79210E-01
   126.00  0.79755E-01
   127.00  0.80388E-01
   128.00  0.81108E-01
   129.00  0.81918E-01
   130.00  0.82818E-01
   131.00  0.83810E-01
   132.00  0.84895E-01
   133.00  0.86072E-01
   134.00  0.87343E-01
   135.00  0.88708E-01
   136.00  0.90168E-01
   137.00  0.91720E-01
   138.00  0.93364E-01
   139.00  0.95099E-01
   140.00  0.96921E-01
   141.00  0.98825E-01
   142.00  0.10081    
   143.00  0.10286    
   144.00  0.10498    
   145.00  0.10715    
   146.00  0.10935    
   147.00  0.11159    
   148.00  0.11382    
   149.00  0.11604    
   150.00  0.11821    
   151.00  0.12031    
   152.00  0.12231    
   153.00  0.12417    
   154.00  0.12585    
   155.00  0.12731    
   156.00  0.12851    
   157.00  0.12941    
   158.00  0.12997    
   159.00  0.13016    
   160.00  0.12995    
   161.00  0.12935    
   162.00  0.12837    
   163.00  0.12703    
   164.00  0.12541    
   165.00  0.12360    
   166.00  0.12171    
   167.00  0.11991    
   168.00  0.11835    
   169.00  0.11722    
   170.00  0.11666    
   171.00  0.11680    
   172.00  0.11771    
   173.00  0.11937    
   174.00  0.12167    
   175.00  0.12442    
   176.00  0.12734    
   177.00  0.13010    
   178.00  0.13238    
   179.00  0.13387    
   180.00  0.13439    
 |--------|------------|
0.440000     micron = Wavelength
 2.82918     = Extinction efficiency (Q)
 2.82918     = Scattering efficiency (Qs)
 0.00000     = Absorption efficiency (Qa)
 93.5072     = Lidar ratio
0.180223     micron^2 = <b> = Average surface area per particle
0.509883     microns^2 = Extinction cross section (C)
0.509883     microns^2 = Scattering cross section (Cs)
-.171951E-15 microns^2 = Absorption cross section (Ca)
 |----------------------------------------------------|
 | COMMENTAIRES:                                      |
 |----------------------------------------------------|
 |   -Cross section / <b> should = efficiency         |
 |    is independant of the normalisation of dN/dx    |
 |   -The integral of the phase fct / 4 pi over all   |
 |    directions (solid angle) = 1.                   |
 |   -The volume coefficient (k) is equal to C * N    |
 |      = cross section * Number density              |
 |      typical units: [um^2]*[particles/cm^3] =      |
 |      [10^-3 km-1]                                  |
 |      N = M/(d*4/3*pi*r^3) where d is the density   |
 |      of particle, M is the mass per unit volume    |
 |      and 4/3*pi*r^3 is the average volume  of a    |
 |      particle.                                     |
 |      typical units:  M -> [ug/m^3], d -> [g/cm^3]  |
 |                      r -> [um]                     |
 |      Lidar ratio= 4 pi Qe / phase_fct(180)*Qs      |
 |----------------------------------------------------|
