 |--------|------------|
 | ANGLE  |  PHASE FCT |
 |--------|------------|
     0.00   22.508    
     1.00   22.445    
     2.00   22.255    
     3.00   21.945    
     4.00   21.521    
     5.00   20.994    
     6.00   20.376    
     7.00   19.679    
     8.00   18.918    
     9.00   18.106    
    10.00   17.258    
    11.00   16.385    
    12.00   15.500    
    13.00   14.613    
    14.00   13.734    
    15.00   12.871    
    16.00   12.031    
    17.00   11.218    
    18.00   10.437    
    19.00   9.6917    
    20.00   8.9836    
    21.00   8.3142    
    22.00   7.6841    
    23.00   7.0932    
    24.00   6.5410    
    25.00   6.0266    
    26.00   5.5486    
    27.00   5.1057    
    28.00   4.6961    
    29.00   4.3181    
    30.00   3.9699    
    31.00   3.6496    
    32.00   3.3554    
    33.00   3.0853    
    34.00   2.8378    
    35.00   2.6111    
    36.00   2.4036    
    37.00   2.2137    
    38.00   2.0400    
    39.00   1.8813    
    40.00   1.7361    
    41.00   1.6034    
    42.00   1.4821    
    43.00   1.3712    
    44.00   1.2698    
    45.00   1.1770    
    46.00   1.0921    
    47.00   1.0143    
    48.00  0.94305    
    49.00  0.87775    
    50.00  0.81786    
    51.00  0.76289    
    52.00  0.71240    
    53.00  0.66599    
    54.00  0.62330    
    55.00  0.58399    
    56.00  0.54778    
    57.00  0.51438    
    58.00  0.48356    
    59.00  0.45508    
    60.00  0.42875    
    61.00  0.40439    
    62.00  0.38182    
    63.00  0.36090    
    64.00  0.34149    
    65.00  0.32347    
    66.00  0.30671    
    67.00  0.29112    
    68.00  0.27661    
    69.00  0.26309    
    70.00  0.25049    
    71.00  0.23872    
    72.00  0.22773    
    73.00  0.21747    
    74.00  0.20786    
    75.00  0.19888    
    76.00  0.19046    
    77.00  0.18258    
    78.00  0.17518    
    79.00  0.16825    
    80.00  0.16174    
    81.00  0.15563    
    82.00  0.14989    
    83.00  0.14450    
    84.00  0.13943    
    85.00  0.13466    
    86.00  0.13018    
    87.00  0.12596    
    88.00  0.12199    
    89.00  0.11825    
    90.00  0.11474    
    91.00  0.11143    
    92.00  0.10832    
    93.00  0.10540    
    94.00  0.10265    
    95.00  0.10006    
    96.00  0.97632E-01
    97.00  0.95351E-01
    98.00  0.93212E-01
    99.00  0.91208E-01
   100.00  0.89331E-01
   101.00  0.87576E-01
   102.00  0.85939E-01
   103.00  0.84413E-01
   104.00  0.82994E-01
   105.00  0.81679E-01
   106.00  0.80463E-01
   107.00  0.79342E-01
   108.00  0.78314E-01
   109.00  0.77375E-01
   110.00  0.76523E-01
   111.00  0.75756E-01
   112.00  0.75071E-01
   113.00  0.74467E-01
   114.00  0.73941E-01
   115.00  0.73492E-01
   116.00  0.73119E-01
   117.00  0.72822E-01
   118.00  0.72597E-01
   119.00  0.72446E-01
   120.00  0.72367E-01
   121.00  0.72360E-01
   122.00  0.72424E-01
   123.00  0.72560E-01
   124.00  0.72766E-01
   125.00  0.73043E-01
   126.00  0.73391E-01
   127.00  0.73810E-01
   128.00  0.74299E-01
   129.00  0.74859E-01
   130.00  0.75490E-01
   131.00  0.76191E-01
   132.00  0.76963E-01
   133.00  0.77804E-01
   134.00  0.78715E-01
   135.00  0.79695E-01
   136.00  0.80742E-01
   137.00  0.81854E-01
   138.00  0.83031E-01
   139.00  0.84269E-01
   140.00  0.85564E-01
   141.00  0.86915E-01
   142.00  0.88314E-01
   143.00  0.89757E-01
   144.00  0.91238E-01
   145.00  0.92746E-01
   146.00  0.94275E-01
   147.00  0.95812E-01
   148.00  0.97345E-01
   149.00  0.98860E-01
   150.00  0.10034    
   151.00  0.10177    
   152.00  0.10314    
   153.00  0.10441    
   154.00  0.10558    
   155.00  0.10662    
   156.00  0.10751    
   157.00  0.10823    
   158.00  0.10877    
   159.00  0.10912    
   160.00  0.10928    
   161.00  0.10925    
   162.00  0.10905    
   163.00  0.10871    
   164.00  0.10827    
   165.00  0.10779    
   166.00  0.10733    
   167.00  0.10699    
   168.00  0.10684    
   169.00  0.10698    
   170.00  0.10746    
   171.00  0.10833    
   172.00  0.10961    
   173.00  0.11127    
   174.00  0.11322    
   175.00  0.11534    
   176.00  0.11745    
   177.00  0.11936    
   178.00  0.12090    
   179.00  0.12189    
   180.00  0.12223    
 |--------|------------|
0.750000     micron = Wavelength
 2.54163     = Extinction efficiency (Q)
 2.54163     = Scattering efficiency (Qs)
 0.00000     = Absorption efficiency (Qa)
 102.806     = Lidar ratio
0.437501     micron^2 = <b> = Average surface area per particle
 1.11196     microns^2 = Extinction cross section (C)
 1.11196     microns^2 = Scattering cross section (Cs)
 0.00000     microns^2 = Absorption cross section (Ca)
 |----------------------------------------------------|
 | COMMENTAIRES:                                      |
 |----------------------------------------------------|
 |   -Cross section / <b> should = efficiency         |
 |    is independant of the normalisation of dN/dx    |
 |   -The integral of the phase fct / 4 pi over all   |
 |    directions (solid angle) = 1.                   |
 |   -The volume coefficient (k) is equal to C * N    |
 |      = cross section * Number density              |
 |      typical units: [um^2]*[particles/cm^3] =      |
 |      [10^-3 km-1]                                  |
 |      N = M/(d*4/3*pi*r^3) where d is the density   |
 |      of particle, M is the mass per unit volume    |
 |      and 4/3*pi*r^3 is the average volume  of a    |
 |      particle.                                     |
 |      typical units:  M -> [ug/m^3], d -> [g/cm^3]  |
 |                      r -> [um]                     |
 |      Lidar ratio= 4 pi Qe / phase_fct(180)*Qs      |
 |----------------------------------------------------|
