 |--------|------------|
 | ANGLE  |  PHASE FCT |
 |--------|------------|
     0.00   22.108    
     1.00   22.044    
     2.00   21.853    
     3.00   21.542    
     4.00   21.116    
     5.00   20.588    
     6.00   19.970    
     7.00   19.275    
     8.00   18.517    
     9.00   17.710    
    10.00   16.869    
    11.00   16.006    
    12.00   15.133    
    13.00   14.260    
    14.00   13.396    
    15.00   12.550    
    16.00   11.728    
    17.00   10.934    
    18.00   10.173    
    19.00   9.4481    
    20.00   8.7601    
    21.00   8.1104    
    22.00   7.4997    
    23.00   6.9276    
    24.00   6.3934    
    25.00   5.8961    
    26.00   5.4344    
    27.00   5.0067    
    28.00   4.6113    
    29.00   4.2466    
    30.00   3.9105    
    31.00   3.6013    
    32.00   3.3172    
    33.00   3.0564    
    34.00   2.8171    
    35.00   2.5979    
    36.00   2.3970    
    37.00   2.2130    
    38.00   2.0445    
    39.00   1.8903    
    40.00   1.7492    
    41.00   1.6199    
    42.00   1.5016    
    43.00   1.3932    
    44.00   1.2938    
    45.00   1.2028    
    46.00   1.1193    
    47.00   1.0427    
    48.00  0.97230    
    49.00  0.90766    
    50.00  0.84822    
    51.00  0.79352    
    52.00  0.74316    
    53.00  0.69675    
    54.00  0.65393    
    55.00  0.61441    
    56.00  0.57789    
    57.00  0.54412    
    58.00  0.51287    
    59.00  0.48391    
    60.00  0.45706    
    61.00  0.43214    
    62.00  0.40900    
    63.00  0.38749    
    64.00  0.36747    
    65.00  0.34883    
    66.00  0.33146    
    67.00  0.31526    
    68.00  0.30013    
    69.00  0.28601    
    70.00  0.27280    
    71.00  0.26044    
    72.00  0.24888    
    73.00  0.23804    
    74.00  0.22788    
    75.00  0.21836    
    76.00  0.20942    
    77.00  0.20102    
    78.00  0.19314    
    79.00  0.18572    
    80.00  0.17875    
    81.00  0.17220    
    82.00  0.16603    
    83.00  0.16022    
    84.00  0.15475    
    85.00  0.14960    
    86.00  0.14475    
    87.00  0.14018    
    88.00  0.13588    
    89.00  0.13182    
    90.00  0.12800    
    91.00  0.12440    
    92.00  0.12101    
    93.00  0.11782    
    94.00  0.11481    
    95.00  0.11199    
    96.00  0.10934    
    97.00  0.10684    
    98.00  0.10450    
    99.00  0.10231    
   100.00  0.10026    
   101.00  0.98340E-01
   102.00  0.96551E-01
   103.00  0.94886E-01
   104.00  0.93341E-01
   105.00  0.91911E-01
   106.00  0.90592E-01
   107.00  0.89380E-01
   108.00  0.88273E-01
   109.00  0.87268E-01
   110.00  0.86363E-01
   111.00  0.85554E-01
   112.00  0.84841E-01
   113.00  0.84221E-01
   114.00  0.83693E-01
   115.00  0.83257E-01
   116.00  0.82910E-01
   117.00  0.82653E-01
   118.00  0.82485E-01
   119.00  0.82405E-01
   120.00  0.82414E-01
   121.00  0.82512E-01
   122.00  0.82699E-01
   123.00  0.82976E-01
   124.00  0.83343E-01
   125.00  0.83801E-01
   126.00  0.84350E-01
   127.00  0.84992E-01
   128.00  0.85728E-01
   129.00  0.86558E-01
   130.00  0.87484E-01
   131.00  0.88506E-01
   132.00  0.89624E-01
   133.00  0.90841E-01
   134.00  0.92155E-01
   135.00  0.93566E-01
   136.00  0.95075E-01
   137.00  0.96679E-01
   138.00  0.98377E-01
   139.00  0.10017    
   140.00  0.10204    
   141.00  0.10400    
   142.00  0.10603    
   143.00  0.10813    
   144.00  0.11028    
   145.00  0.11248    
   146.00  0.11471    
   147.00  0.11695    
   148.00  0.11918    
   149.00  0.12137    
   150.00  0.12351    
   151.00  0.12556    
   152.00  0.12749    
   153.00  0.12926    
   154.00  0.13084    
   155.00  0.13220    
   156.00  0.13329    
   157.00  0.13408    
   158.00  0.13455    
   159.00  0.13468    
   160.00  0.13447    
   161.00  0.13391    
   162.00  0.13305    
   163.00  0.13193    
   164.00  0.13063    
   165.00  0.12925    
   166.00  0.12790    
   167.00  0.12674    
   168.00  0.12590    
   169.00  0.12553    
   170.00  0.12573    
   171.00  0.12660    
   172.00  0.12816    
   173.00  0.13034    
   174.00  0.13304    
   175.00  0.13603    
   176.00  0.13907    
   177.00  0.14185    
   178.00  0.14409    
   179.00  0.14555    
   180.00  0.14605    
 |--------|------------|
0.390000     micron = Wavelength
 2.80264     = Extinction efficiency (Q)
 2.80264     = Scattering efficiency (Qs)
 0.00000     = Absorption efficiency (Qa)
 86.0391     = Lidar ratio
0.126656     micron^2 = <b> = Average surface area per particle
0.354971     microns^2 = Extinction cross section (C)
0.354971     microns^2 = Scattering cross section (Cs)
 0.00000     microns^2 = Absorption cross section (Ca)
 |----------------------------------------------------|
 | COMMENTAIRES:                                      |
 |----------------------------------------------------|
 |   -Cross section / <b> should = efficiency         |
 |    is independant of the normalisation of dN/dx    |
 |   -The integral of the phase fct / 4 pi over all   |
 |    directions (solid angle) = 1.                   |
 |   -The volume coefficient (k) is equal to C * N    |
 |      = cross section * Number density              |
 |      typical units: [um^2]*[particles/cm^3] =      |
 |      [10^-3 km-1]                                  |
 |      N = M/(d*4/3*pi*r^3) where d is the density   |
 |      of particle, M is the mass per unit volume    |
 |      and 4/3*pi*r^3 is the average volume  of a    |
 |      particle.                                     |
 |      typical units:  M -> [ug/m^3], d -> [g/cm^3]  |
 |                      r -> [um]                     |
 |      Lidar ratio= 4 pi Qe / phase_fct(180)*Qs      |
 |----------------------------------------------------|
