 |--------|------------|
 | ANGLE  |  PHASE FCT |
 |--------|------------|
     0.00   49.239    
     1.00   48.758    
     2.00   47.360    
     3.00   45.176    
     4.00   42.390    
     5.00   39.207    
     6.00   35.821    
     7.00   32.398    
     8.00   29.065    
     9.00   25.915    
    10.00   23.003    
    11.00   20.358    
    12.00   17.988    
    13.00   15.889    
    14.00   14.042    
    15.00   12.428    
    16.00   11.023    
    17.00   9.8023    
    18.00   8.7427    
    19.00   7.8228    
    20.00   7.0231    
    21.00   6.3265    
    22.00   5.7180    
    23.00   5.1845    
    24.00   4.7152    
    25.00   4.3006    
    26.00   3.9330    
    27.00   3.6057    
    28.00   3.3130    
    29.00   3.0503    
    30.00   2.8138    
    31.00   2.5999    
    32.00   2.4060    
    33.00   2.2297    
    34.00   2.0689    
    35.00   1.9220    
    36.00   1.7875    
    37.00   1.6640    
    38.00   1.5505    
    39.00   1.4461    
    40.00   1.3498    
    41.00   1.2609    
    42.00   1.1788    
    43.00   1.1028    
    44.00   1.0325    
    45.00  0.96738    
    46.00  0.90699    
    47.00  0.85096    
    48.00  0.79894    
    49.00  0.75062    
    50.00  0.70571    
    51.00  0.66394    
    52.00  0.62507    
    53.00  0.58888    
    54.00  0.55518    
    55.00  0.52377    
    56.00  0.49449    
    57.00  0.46717    
    58.00  0.44168    
    59.00  0.41789    
    60.00  0.39567    
    61.00  0.37491    
    62.00  0.35551    
    63.00  0.33736    
    64.00  0.32039    
    65.00  0.30451    
    66.00  0.28964    
    67.00  0.27572    
    68.00  0.26269    
    69.00  0.25047    
    70.00  0.23902    
    71.00  0.22829    
    72.00  0.21823    
    73.00  0.20879    
    74.00  0.19994    
    75.00  0.19163    
    76.00  0.18383    
    77.00  0.17652    
    78.00  0.16965    
    79.00  0.16321    
    80.00  0.15716    
    81.00  0.15148    
    82.00  0.14614    
    83.00  0.14114    
    84.00  0.13644    
    85.00  0.13204    
    86.00  0.12790    
    87.00  0.12403    
    88.00  0.12039    
    89.00  0.11699    
    90.00  0.11380    
    91.00  0.11082    
    92.00  0.10804    
    93.00  0.10544    
    94.00  0.10301    
    95.00  0.10075    
    96.00  0.98654E-01
    97.00  0.96709E-01
    98.00  0.94910E-01
    99.00  0.93251E-01
   100.00  0.91728E-01
   101.00  0.90336E-01
   102.00  0.89069E-01
   103.00  0.87925E-01
   104.00  0.86900E-01
   105.00  0.85992E-01
   106.00  0.85199E-01
   107.00  0.84517E-01
   108.00  0.83947E-01
   109.00  0.83486E-01
   110.00  0.83135E-01
   111.00  0.82893E-01
   112.00  0.82759E-01
   113.00  0.82735E-01
   114.00  0.82821E-01
   115.00  0.83019E-01
   116.00  0.83329E-01
   117.00  0.83753E-01
   118.00  0.84294E-01
   119.00  0.84954E-01
   120.00  0.85733E-01
   121.00  0.86637E-01
   122.00  0.87666E-01
   123.00  0.88825E-01
   124.00  0.90114E-01
   125.00  0.91537E-01
   126.00  0.93098E-01
   127.00  0.94798E-01
   128.00  0.96639E-01
   129.00  0.98624E-01
   130.00  0.10075    
   131.00  0.10303    
   132.00  0.10544    
   133.00  0.10801    
   134.00  0.11071    
   135.00  0.11355    
   136.00  0.11653    
   137.00  0.11964    
   138.00  0.12287    
   139.00  0.12622    
   140.00  0.12968    
   141.00  0.13324    
   142.00  0.13689    
   143.00  0.14063    
   144.00  0.14444    
   145.00  0.14832    
   146.00  0.15227    
   147.00  0.15627    
   148.00  0.16035    
   149.00  0.16450    
   150.00  0.16873    
   151.00  0.17307    
   152.00  0.17754    
   153.00  0.18215    
   154.00  0.18693    
   155.00  0.19190    
   156.00  0.19706    
   157.00  0.20237    
   158.00  0.20778    
   159.00  0.21315    
   160.00  0.21829    
   161.00  0.22289    
   162.00  0.22657    
   163.00  0.22883    
   164.00  0.22909    
   165.00  0.22677    
   166.00  0.22133    
   167.00  0.21245    
   168.00  0.20018    
   169.00  0.18507    
   170.00  0.16830    
   171.00  0.15167    
   172.00  0.13745    
   173.00  0.12797    
   174.00  0.12509    
   175.00  0.12959    
   176.00  0.14065    
   177.00  0.15578    
   178.00  0.17115    
   179.00  0.18258    
   180.00  0.18680    
 |--------|------------|
0.546000     micron = Wavelength
 3.03211     = Extinction efficiency (Q)
 3.03211     = Scattering efficiency (Qs)
 0.00000     = Absorption efficiency (Qa)
 67.2706     = Lidar ratio
0.917851     micron^2 = <b> = Average surface area per particle
 2.78302     microns^2 = Extinction cross section (C)
 2.78302     microns^2 = Scattering cross section (Cs)
0.529560E-15 microns^2 = Absorption cross section (Ca)
 |----------------------------------------------------|
 | COMMENTAIRES:                                      |
 |----------------------------------------------------|
 |   -Cross section / <b> should = efficiency         |
 |    is independant of the normalisation of dN/dx    |
 |   -The integral of the phase fct / 4 pi over all   |
 |    directions (solid angle) = 1.                   |
 |   -The volume coefficient (k) is equal to C * N    |
 |      = cross section * Number density              |
 |      typical units: [um^2]*[particles/cm^3] =      |
 |      [10^-3 km-1]                                  |
 |      N = M/(d*4/3*pi*r^3) where d is the density   |
 |      of particle, M is the mass per unit volume    |
 |      and 4/3*pi*r^3 is the average volume  of a    |
 |      particle.                                     |
 |      typical units:  M -> [ug/m^3], d -> [g/cm^3]  |
 |                      r -> [um]                     |
 |      Lidar ratio= 4 pi Qe / phase_fct(180)*Qs      |
 |----------------------------------------------------|
