 |--------|------------|
 | ANGLE  |  PHASE FCT |
 |--------|------------|
     0.00   9.2001    
     1.00   9.1906    
     2.00   9.1622    
     3.00   9.1153    
     4.00   9.0500    
     5.00   8.9672    
     6.00   8.8675    
     7.00   8.7516    
     8.00   8.6206    
     9.00   8.4755    
    10.00   8.3175    
    11.00   8.1476    
    12.00   7.9672    
    13.00   7.7774    
    14.00   7.5796    
    15.00   7.3750    
    16.00   7.1647    
    17.00   6.9500    
    18.00   6.7320    
    19.00   6.5119    
    20.00   6.2906    
    21.00   6.0690    
    22.00   5.8481    
    23.00   5.6288    
    24.00   5.4116    
    25.00   5.1974    
    26.00   4.9867    
    27.00   4.7800    
    28.00   4.5777    
    29.00   4.3804    
    30.00   4.1882    
    31.00   4.0015    
    32.00   3.8204    
    33.00   3.6452    
    34.00   3.4759    
    35.00   3.3127    
    36.00   3.1555    
    37.00   3.0044    
    38.00   2.8592    
    39.00   2.7201    
    40.00   2.5868    
    41.00   2.4593    
    42.00   2.3375    
    43.00   2.2212    
    44.00   2.1103    
    45.00   2.0046    
    46.00   1.9040    
    47.00   1.8083    
    48.00   1.7172    
    49.00   1.6308    
    50.00   1.5487    
    51.00   1.4708    
    52.00   1.3969    
    53.00   1.3269    
    54.00   1.2605    
    55.00   1.1977    
    56.00   1.1382    
    57.00   1.0818    
    58.00   1.0286    
    59.00  0.97815    
    60.00  0.93048    
    61.00  0.88541    
    62.00  0.84280    
    63.00  0.80253    
    64.00  0.76447    
    65.00  0.72850    
    66.00  0.69453    
    67.00  0.66242    
    68.00  0.63209    
    69.00  0.60344    
    70.00  0.57636    
    71.00  0.55079    
    72.00  0.52663    
    73.00  0.50381    
    74.00  0.48224    
    75.00  0.46186    
    76.00  0.44261    
    77.00  0.42441    
    78.00  0.40722    
    79.00  0.39097    
    80.00  0.37560    
    81.00  0.36108    
    82.00  0.34735    
    83.00  0.33437    
    84.00  0.32210    
    85.00  0.31050    
    86.00  0.29952    
    87.00  0.28914    
    88.00  0.27932    
    89.00  0.27004    
    90.00  0.26126    
    91.00  0.25295    
    92.00  0.24509    
    93.00  0.23766    
    94.00  0.23063    
    95.00  0.22399    
    96.00  0.21770    
    97.00  0.21176    
    98.00  0.20615    
    99.00  0.20084    
   100.00  0.19583    
   101.00  0.19110    
   102.00  0.18663    
   103.00  0.18242    
   104.00  0.17844    
   105.00  0.17470    
   106.00  0.17117    
   107.00  0.16785    
   108.00  0.16473    
   109.00  0.16180    
   110.00  0.15906    
   111.00  0.15648    
   112.00  0.15408    
   113.00  0.15183    
   114.00  0.14973    
   115.00  0.14779    
   116.00  0.14598    
   117.00  0.14431    
   118.00  0.14276    
   119.00  0.14134    
   120.00  0.14005    
   121.00  0.13886    
   122.00  0.13779    
   123.00  0.13682    
   124.00  0.13596    
   125.00  0.13519    
   126.00  0.13452    
   127.00  0.13394    
   128.00  0.13344    
   129.00  0.13303    
   130.00  0.13270    
   131.00  0.13245    
   132.00  0.13227    
   133.00  0.13216    
   134.00  0.13212    
   135.00  0.13214    
   136.00  0.13223    
   137.00  0.13237    
   138.00  0.13258    
   139.00  0.13284    
   140.00  0.13316    
   141.00  0.13352    
   142.00  0.13394    
   143.00  0.13442    
   144.00  0.13494    
   145.00  0.13552    
   146.00  0.13615    
   147.00  0.13683    
   148.00  0.13757    
   149.00  0.13837    
   150.00  0.13924    
   151.00  0.14017    
   152.00  0.14118    
   153.00  0.14227    
   154.00  0.14345    
   155.00  0.14472    
   156.00  0.14609    
   157.00  0.14756    
   158.00  0.14915    
   159.00  0.15086    
   160.00  0.15269    
   161.00  0.15464    
   162.00  0.15672    
   163.00  0.15892    
   164.00  0.16123    
   165.00  0.16365    
   166.00  0.16615    
   167.00  0.16872    
   168.00  0.17133    
   169.00  0.17396    
   170.00  0.17656    
   171.00  0.17909    
   172.00  0.18153    
   173.00  0.18381    
   174.00  0.18591    
   175.00  0.18777    
   176.00  0.18935    
   177.00  0.19063    
   178.00  0.19156    
   179.00  0.19213    
   180.00  0.19232    
 |--------|------------|
0.710000     micron = Wavelength
 1.75253     = Extinction efficiency (Q)
 1.75253     = Scattering efficiency (Qs)
 0.00000     = Absorption efficiency (Qa)
 65.3416     = Lidar ratio
0.110755     micron^2 = <b> = Average surface area per particle
0.194102     microns^2 = Extinction cross section (C)
0.194102     microns^2 = Scattering cross section (Cs)
 0.00000     microns^2 = Absorption cross section (Ca)
 |----------------------------------------------------|
 | COMMENTAIRES:                                      |
 |----------------------------------------------------|
 |   -Cross section / <b> should = efficiency         |
 |    is independant of the normalisation of dN/dx    |
 |   -The integral of the phase fct / 4 pi over all   |
 |    directions (solid angle) = 1.                   |
 |   -The volume coefficient (k) is equal to C * N    |
 |      = cross section * Number density              |
 |      typical units: [um^2]*[particles/cm^3] =      |
 |      [10^-3 km-1]                                  |
 |      N = M/(d*4/3*pi*r^3) where d is the density   |
 |      of particle, M is the mass per unit volume    |
 |      and 4/3*pi*r^3 is the average volume  of a    |
 |      particle.                                     |
 |      typical units:  M -> [ug/m^3], d -> [g/cm^3]  |
 |                      r -> [um]                     |
 |      Lidar ratio= 4 pi Qe / phase_fct(180)*Qs      |
 |----------------------------------------------------|
