 |--------|------------|
 | ANGLE  |  PHASE FCT |
 |--------|------------|
     0.00   12.724    
     1.00   12.705    
     2.00   12.650    
     3.00   12.560    
     4.00   12.435    
     5.00   12.276    
     6.00   12.087    
     7.00   11.868    
     8.00   11.622    
     9.00   11.353    
    10.00   11.062    
    11.00   10.752    
    12.00   10.427    
    13.00   10.090    
    14.00   9.7419    
    15.00   9.3867    
    16.00   9.0267    
    17.00   8.6643    
    18.00   8.3015    
    19.00   7.9405    
    20.00   7.5830    
    21.00   7.2306    
    22.00   6.8847    
    23.00   6.5465    
    24.00   6.2171    
    25.00   5.8973    
    26.00   5.5878    
    27.00   5.2890    
    28.00   5.0015    
    29.00   4.7254    
    30.00   4.4609    
    31.00   4.2082    
    32.00   3.9670    
    33.00   3.7374    
    34.00   3.5191    
    35.00   3.3119    
    36.00   3.1156    
    37.00   2.9298    
    38.00   2.7541    
    39.00   2.5883    
    40.00   2.4320    
    41.00   2.2847    
    42.00   2.1460    
    43.00   2.0156    
    44.00   1.8931    
    45.00   1.7780    
    46.00   1.6700    
    47.00   1.5687    
    48.00   1.4737    
    49.00   1.3847    
    50.00   1.3014    
    51.00   1.2233    
    52.00   1.1503    
    53.00   1.0819    
    54.00   1.0180    
    55.00  0.95816    
    56.00  0.90222    
    57.00  0.84990    
    58.00  0.80099    
    59.00  0.75524    
    60.00  0.71247    
    61.00  0.67248    
    62.00  0.63509    
    63.00  0.60012    
    64.00  0.56741    
    65.00  0.53682    
    66.00  0.50820    
    67.00  0.48142    
    68.00  0.45637    
    69.00  0.43291    
    70.00  0.41095    
    71.00  0.39038    
    72.00  0.37112    
    73.00  0.35307    
    74.00  0.33616    
    75.00  0.32031    
    76.00  0.30544    
    77.00  0.29150    
    78.00  0.27842    
    79.00  0.26614    
    80.00  0.25461    
    81.00  0.24379    
    82.00  0.23362    
    83.00  0.22407    
    84.00  0.21510    
    85.00  0.20666    
    86.00  0.19873    
    87.00  0.19127    
    88.00  0.18425    
    89.00  0.17765    
    90.00  0.17143    
    91.00  0.16559    
    92.00  0.16008    
    93.00  0.15490    
    94.00  0.15003    
    95.00  0.14544    
    96.00  0.14112    
    97.00  0.13706    
    98.00  0.13324    
    99.00  0.12964    
   100.00  0.12626    
   101.00  0.12308    
   102.00  0.12009    
   103.00  0.11729    
   104.00  0.11466    
   105.00  0.11220    
   106.00  0.10989    
   107.00  0.10773    
   108.00  0.10571    
   109.00  0.10383    
   110.00  0.10208    
   111.00  0.10045    
   112.00  0.98947E-01
   113.00  0.97554E-01
   114.00  0.96272E-01
   115.00  0.95095E-01
   116.00  0.94021E-01
   117.00  0.93045E-01
   118.00  0.92165E-01
   119.00  0.91376E-01
   120.00  0.90677E-01
   121.00  0.90065E-01
   122.00  0.89536E-01
   123.00  0.89090E-01
   124.00  0.88723E-01
   125.00  0.88434E-01
   126.00  0.88221E-01
   127.00  0.88081E-01
   128.00  0.88013E-01
   129.00  0.88016E-01
   130.00  0.88088E-01
   131.00  0.88227E-01
   132.00  0.88431E-01
   133.00  0.88700E-01
   134.00  0.89031E-01
   135.00  0.89423E-01
   136.00  0.89876E-01
   137.00  0.90386E-01
   138.00  0.90953E-01
   139.00  0.91575E-01
   140.00  0.92251E-01
   141.00  0.92979E-01
   142.00  0.93757E-01
   143.00  0.94583E-01
   144.00  0.95457E-01
   145.00  0.96376E-01
   146.00  0.97339E-01
   147.00  0.98344E-01
   148.00  0.99390E-01
   149.00  0.10048    
   150.00  0.10160    
   151.00  0.10276    
   152.00  0.10396    
   153.00  0.10520    
   154.00  0.10647    
   155.00  0.10778    
   156.00  0.10913    
   157.00  0.11051    
   158.00  0.11194    
   159.00  0.11341    
   160.00  0.11492    
   161.00  0.11648    
   162.00  0.11809    
   163.00  0.11974    
   164.00  0.12144    
   165.00  0.12318    
   166.00  0.12496    
   167.00  0.12678    
   168.00  0.12861    
   169.00  0.13045    
   170.00  0.13228    
   171.00  0.13408    
   172.00  0.13581    
   173.00  0.13745    
   174.00  0.13897    
   175.00  0.14033    
   176.00  0.14149    
   177.00  0.14244    
   178.00  0.14313    
   179.00  0.14356    
   180.00  0.14370    
 |--------|------------|
0.640000     micron = Wavelength
 1.50268     = Extinction efficiency (Q)
 1.50268     = Scattering efficiency (Qs)
 0.00000     = Absorption efficiency (Qa)
 87.4476     = Lidar ratio
0.126656     micron^2 = <b> = Average surface area per particle
0.190323     microns^2 = Extinction cross section (C)
0.190323     microns^2 = Scattering cross section (Cs)
 0.00000     microns^2 = Absorption cross section (Ca)
 |----------------------------------------------------|
 | COMMENTAIRES:                                      |
 |----------------------------------------------------|
 |   -Cross section / <b> should = efficiency         |
 |    is independant of the normalisation of dN/dx    |
 |   -The integral of the phase fct / 4 pi over all   |
 |    directions (solid angle) = 1.                   |
 |   -The volume coefficient (k) is equal to C * N    |
 |      = cross section * Number density              |
 |      typical units: [um^2]*[particles/cm^3] =      |
 |      [10^-3 km-1]                                  |
 |      N = M/(d*4/3*pi*r^3) where d is the density   |
 |      of particle, M is the mass per unit volume    |
 |      and 4/3*pi*r^3 is the average volume  of a    |
 |      particle.                                     |
 |      typical units:  M -> [ug/m^3], d -> [g/cm^3]  |
 |                      r -> [um]                     |
 |      Lidar ratio= 4 pi Qe / phase_fct(180)*Qs      |
 |----------------------------------------------------|
