 |--------|------------|
 | ANGLE  |  PHASE FCT |
 |--------|------------|
     0.00   10.999    
     1.00   10.985    
     2.00   10.945    
     3.00   10.879    
     4.00   10.787    
     5.00   10.670    
     6.00   10.530    
     7.00   10.368    
     8.00   10.185    
     9.00   9.9833    
    10.00   9.7646    
    11.00   9.5307    
    12.00   9.2835    
    13.00   9.0250    
    14.00   8.7569    
    15.00   8.4813    
    16.00   8.1999    
    17.00   7.9144    
    18.00   7.6266    
    19.00   7.3378    
    20.00   7.0495    
    21.00   6.7629    
    22.00   6.4794    
    23.00   6.1998    
    24.00   5.9252    
    25.00   5.6562    
    26.00   5.3937    
    27.00   5.1382    
    28.00   4.8901    
    29.00   4.6498    
    30.00   4.4176    
    31.00   4.1938    
    32.00   3.9784    
    33.00   3.7716    
    34.00   3.5733    
    35.00   3.3836    
    36.00   3.2022    
    37.00   3.0292    
    38.00   2.8642    
    39.00   2.7073    
    40.00   2.5581    
    41.00   2.4164    
    42.00   2.2819    
    43.00   2.1546    
    44.00   2.0339    
    45.00   1.9198    
    46.00   1.8119    
    47.00   1.7099    
    48.00   1.6137    
    49.00   1.5229    
    50.00   1.4373    
    51.00   1.3565    
    52.00   1.2805    
    53.00   1.2089    
    54.00   1.1414    
    55.00   1.0780    
    56.00   1.0183    
    57.00  0.96217    
    58.00  0.90938    
    59.00  0.85975    
    60.00  0.81310    
    61.00  0.76925    
    62.00  0.72806    
    63.00  0.68935    
    64.00  0.65297    
    65.00  0.61880    
    66.00  0.58669    
    67.00  0.55653    
    68.00  0.52819    
    69.00  0.50156    
    70.00  0.47654    
    71.00  0.45303    
    72.00  0.43094    
    73.00  0.41017    
    74.00  0.39066    
    75.00  0.37231    
    76.00  0.35506    
    77.00  0.33883    
    78.00  0.32358    
    79.00  0.30923    
    80.00  0.29573    
    81.00  0.28302    
    82.00  0.27107    
    83.00  0.25982    
    84.00  0.24923    
    85.00  0.23926    
    86.00  0.22987    
    87.00  0.22103    
    88.00  0.21270    
    89.00  0.20485    
    90.00  0.19747    
    91.00  0.19050    
    92.00  0.18395    
    93.00  0.17777    
    94.00  0.17195    
    95.00  0.16646    
    96.00  0.16130    
    97.00  0.15643    
    98.00  0.15185    
    99.00  0.14754    
   100.00  0.14348    
   101.00  0.13966    
   102.00  0.13606    
   103.00  0.13269    
   104.00  0.12952    
   105.00  0.12654    
   106.00  0.12374    
   107.00  0.12113    
   108.00  0.11868    
   109.00  0.11639    
   110.00  0.11425    
   111.00  0.11226    
   112.00  0.11041    
   113.00  0.10869    
   114.00  0.10710    
   115.00  0.10563    
   116.00  0.10428    
   117.00  0.10304    
   118.00  0.10192    
   119.00  0.10090    
   120.00  0.99978E-01
   121.00  0.99159E-01
   122.00  0.98436E-01
   123.00  0.97806E-01
   124.00  0.97266E-01
   125.00  0.96814E-01
   126.00  0.96448E-01
   127.00  0.96164E-01
   128.00  0.95962E-01
   129.00  0.95838E-01
   130.00  0.95792E-01
   131.00  0.95821E-01
   132.00  0.95924E-01
   133.00  0.96099E-01
   134.00  0.96345E-01
   135.00  0.96661E-01
   136.00  0.97043E-01
   137.00  0.97492E-01
   138.00  0.98006E-01
   139.00  0.98583E-01
   140.00  0.99223E-01
   141.00  0.99923E-01
   142.00  0.10068    
   143.00  0.10150    
   144.00  0.10238    
   145.00  0.10331    
   146.00  0.10430    
   147.00  0.10534    
   148.00  0.10643    
   149.00  0.10758    
   150.00  0.10877    
   151.00  0.11002    
   152.00  0.11131    
   153.00  0.11265    
   154.00  0.11404    
   155.00  0.11547    
   156.00  0.11695    
   157.00  0.11847    
   158.00  0.12004    
   159.00  0.12164    
   160.00  0.12328    
   161.00  0.12496    
   162.00  0.12667    
   163.00  0.12840    
   164.00  0.13016    
   165.00  0.13193    
   166.00  0.13371    
   167.00  0.13549    
   168.00  0.13724    
   169.00  0.13897    
   170.00  0.14065    
   171.00  0.14226    
   172.00  0.14378    
   173.00  0.14520    
   174.00  0.14648    
   175.00  0.14761    
   176.00  0.14857    
   177.00  0.14934    
   178.00  0.14990    
   179.00  0.15024    
   180.00  0.15036    
 |--------|------------|
0.720000     micron = Wavelength
 1.22218     = Extinction efficiency (Q)
 1.22218     = Scattering efficiency (Qs)
 0.00000     = Absorption efficiency (Qa)
 83.5761     = Lidar ratio
0.126655     micron^2 = <b> = Average surface area per particle
0.154796     microns^2 = Extinction cross section (C)
0.154796     microns^2 = Scattering cross section (Cs)
 0.00000     microns^2 = Absorption cross section (Ca)
 |----------------------------------------------------|
 | COMMENTAIRES:                                      |
 |----------------------------------------------------|
 |   -Cross section / <b> should = efficiency         |
 |    is independant of the normalisation of dN/dx    |
 |   -The integral of the phase fct / 4 pi over all   |
 |    directions (solid angle) = 1.                   |
 |   -The volume coefficient (k) is equal to C * N    |
 |      = cross section * Number density              |
 |      typical units: [um^2]*[particles/cm^3] =      |
 |      [10^-3 km-1]                                  |
 |      N = M/(d*4/3*pi*r^3) where d is the density   |
 |      of particle, M is the mass per unit volume    |
 |      and 4/3*pi*r^3 is the average volume  of a    |
 |      particle.                                     |
 |      typical units:  M -> [ug/m^3], d -> [g/cm^3]  |
 |                      r -> [um]                     |
 |      Lidar ratio= 4 pi Qe / phase_fct(180)*Qs      |
 |----------------------------------------------------|
