 |--------|------------|
 | ANGLE  |  PHASE FCT |
 |--------|------------|
     0.00   12.028    
     1.00   12.011    
     2.00   11.963    
     3.00   11.882    
     4.00   11.771    
     5.00   11.631    
     6.00   11.462    
     7.00   11.267    
     8.00   11.048    
     9.00   10.807    
    10.00   10.546    
    11.00   10.268    
    12.00   9.9756    
    13.00   9.6707    
    14.00   9.3559    
    15.00   9.0336    
    16.00   8.7059    
    17.00   8.3750    
    18.00   8.0428    
    19.00   7.7111    
    20.00   7.3816    
    21.00   7.0557    
    22.00   6.7348    
    23.00   6.4200    
    24.00   6.1123    
    25.00   5.8125    
    26.00   5.5214    
    27.00   5.2395    
    28.00   4.9672    
    29.00   4.7049    
    30.00   4.4528    
    31.00   4.2109    
    32.00   3.9795    
    33.00   3.7583    
    34.00   3.5473    
    35.00   3.3465    
    36.00   3.1555    
    37.00   2.9742    
    38.00   2.8022    
    39.00   2.6394    
    40.00   2.4853    
    41.00   2.3397    
    42.00   2.2023    
    43.00   2.0726    
    44.00   1.9504    
    45.00   1.8353    
    46.00   1.7270    
    47.00   1.6251    
    48.00   1.5293    
    49.00   1.4393    
    50.00   1.3548    
    51.00   1.2755    
    52.00   1.2010    
    53.00   1.1312    
    54.00   1.0657    
    55.00   1.0043    
    56.00  0.94677    
    57.00  0.89283    
    58.00  0.84229    
    59.00  0.79494    
    60.00  0.75058    
    61.00  0.70902    
    62.00  0.67008    
    63.00  0.63360    
    64.00  0.59943    
    65.00  0.56742    
    66.00  0.53742    
    67.00  0.50931    
    68.00  0.48296    
    69.00  0.45827    
    70.00  0.43512    
    71.00  0.41342    
    72.00  0.39306    
    73.00  0.37398    
    74.00  0.35606    
    75.00  0.33926    
    76.00  0.32349    
    77.00  0.30868    
    78.00  0.29478    
    79.00  0.28172    
    80.00  0.26945    
    81.00  0.25792    
    82.00  0.24709    
    83.00  0.23690    
    84.00  0.22733    
    85.00  0.21832    
    86.00  0.20985    
    87.00  0.20187    
    88.00  0.19437    
    89.00  0.18731    
    90.00  0.18067    
    91.00  0.17441    
    92.00  0.16852    
    93.00  0.16297    
    94.00  0.15775    
    95.00  0.15284    
    96.00  0.14821    
    97.00  0.14385    
    98.00  0.13975    
    99.00  0.13589    
   100.00  0.13226    
   101.00  0.12885    
   102.00  0.12564    
   103.00  0.12263    
   104.00  0.11980    
   105.00  0.11715    
   106.00  0.11466    
   107.00  0.11234    
   108.00  0.11016    
   109.00  0.10813    
   110.00  0.10624    
   111.00  0.10448    
   112.00  0.10284    
   113.00  0.10133    
   114.00  0.99931E-01
   115.00  0.98646E-01
   116.00  0.97468E-01
   117.00  0.96394E-01
   118.00  0.95421E-01
   119.00  0.94544E-01
   120.00  0.93761E-01
   121.00  0.93069E-01
   122.00  0.92465E-01
   123.00  0.91947E-01
   124.00  0.91512E-01
   125.00  0.91159E-01
   126.00  0.90884E-01
   127.00  0.90685E-01
   128.00  0.90562E-01
   129.00  0.90513E-01
   130.00  0.90534E-01
   131.00  0.90626E-01
   132.00  0.90786E-01
   133.00  0.91013E-01
   134.00  0.91306E-01
   135.00  0.91662E-01
   136.00  0.92081E-01
   137.00  0.92561E-01
   138.00  0.93101E-01
   139.00  0.93699E-01
   140.00  0.94354E-01
   141.00  0.95065E-01
   142.00  0.95829E-01
   143.00  0.96646E-01
   144.00  0.97515E-01
   145.00  0.98434E-01
   146.00  0.99401E-01
   147.00  0.10042    
   148.00  0.10148    
   149.00  0.10258    
   150.00  0.10373    
   151.00  0.10493    
   152.00  0.10617    
   153.00  0.10745    
   154.00  0.10877    
   155.00  0.11013    
   156.00  0.11154    
   157.00  0.11299    
   158.00  0.11448    
   159.00  0.11601    
   160.00  0.11759    
   161.00  0.11921    
   162.00  0.12088    
   163.00  0.12258    
   164.00  0.12432    
   165.00  0.12609    
   166.00  0.12789    
   167.00  0.12970    
   168.00  0.13152    
   169.00  0.13332    
   170.00  0.13510    
   171.00  0.13683    
   172.00  0.13848    
   173.00  0.14003    
   174.00  0.14145    
   175.00  0.14272    
   176.00  0.14380    
   177.00  0.14467    
   178.00  0.14531    
   179.00  0.14570    
   180.00  0.14583    
 |--------|------------|
0.670000     micron = Wavelength
 1.38958     = Extinction efficiency (Q)
 1.38958     = Scattering efficiency (Qs)
 0.00000     = Absorption efficiency (Qa)
 86.1699     = Lidar ratio
0.126655     micron^2 = <b> = Average surface area per particle
0.175998     microns^2 = Extinction cross section (C)
0.175998     microns^2 = Scattering cross section (Cs)
 0.00000     microns^2 = Absorption cross section (Ca)
 |----------------------------------------------------|
 | COMMENTAIRES:                                      |
 |----------------------------------------------------|
 |   -Cross section / <b> should = efficiency         |
 |    is independant of the normalisation of dN/dx    |
 |   -The integral of the phase fct / 4 pi over all   |
 |    directions (solid angle) = 1.                   |
 |   -The volume coefficient (k) is equal to C * N    |
 |      = cross section * Number density              |
 |      typical units: [um^2]*[particles/cm^3] =      |
 |      [10^-3 km-1]                                  |
 |      N = M/(d*4/3*pi*r^3) where d is the density   |
 |      of particle, M is the mass per unit volume    |
 |      and 4/3*pi*r^3 is the average volume  of a    |
 |      particle.                                     |
 |      typical units:  M -> [ug/m^3], d -> [g/cm^3]  |
 |                      r -> [um]                     |
 |      Lidar ratio= 4 pi Qe / phase_fct(180)*Qs      |
 |----------------------------------------------------|
