 |--------|------------|
 | ANGLE  |  PHASE FCT |
 |--------|------------|
     0.00   13.483    
     1.00   13.462    
     2.00   13.400    
     3.00   13.298    
     4.00   13.156    
     5.00   12.977    
     6.00   12.763    
     7.00   12.517    
     8.00   12.241    
     9.00   11.938    
    10.00   11.613    
    11.00   11.267    
    12.00   10.905    
    13.00   10.530    
    14.00   10.145    
    15.00   9.7532    
    16.00   9.3572    
    17.00   8.9597    
    18.00   8.5633    
    19.00   8.1701    
    20.00   7.7821    
    21.00   7.4010    
    22.00   7.0283    
    23.00   6.6652    
    24.00   6.3128    
    25.00   5.9719    
    26.00   5.6432    
    27.00   5.3271    
    28.00   5.0239    
    29.00   4.7339    
    30.00   4.4571    
    31.00   4.1935    
    32.00   3.9430    
    33.00   3.7052    
    34.00   3.4800    
    35.00   3.2670    
    36.00   3.0658    
    37.00   2.8761    
    38.00   2.6974    
    39.00   2.5293    
    40.00   2.3712    
    41.00   2.2228    
    42.00   2.0835    
    43.00   1.9530    
    44.00   1.8306    
    45.00   1.7161    
    46.00   1.6089    
    47.00   1.5087    
    48.00   1.4150    
    49.00   1.3275    
    50.00   1.2457    
    51.00   1.1693    
    52.00   1.0980    
    53.00   1.0314    
    54.00  0.96929    
    55.00  0.91131    
    56.00  0.85721    
    57.00  0.80673    
    58.00  0.75962    
    59.00  0.71566    
    60.00  0.67464    
    61.00  0.63635    
    62.00  0.60062    
    63.00  0.56725    
    64.00  0.53610    
    65.00  0.50701    
    66.00  0.47983    
    67.00  0.45444    
    68.00  0.43071    
    69.00  0.40852    
    70.00  0.38777    
    71.00  0.36837    
    72.00  0.35021    
    73.00  0.33322    
    74.00  0.31730    
    75.00  0.30240    
    76.00  0.28844    
    77.00  0.27535    
    78.00  0.26308    
    79.00  0.25157    
    80.00  0.24077    
    81.00  0.23064    
    82.00  0.22112    
    83.00  0.21219    
    84.00  0.20380    
    85.00  0.19591    
    86.00  0.18850    
    87.00  0.18153    
    88.00  0.17498    
    89.00  0.16881    
    90.00  0.16301    
    91.00  0.15756    
    92.00  0.15242    
    93.00  0.14759    
    94.00  0.14305    
    95.00  0.13877    
    96.00  0.13474    
    97.00  0.13096    
    98.00  0.12740    
    99.00  0.12405    
   100.00  0.12090    
   101.00  0.11794    
   102.00  0.11517    
   103.00  0.11256    
   104.00  0.11012    
   105.00  0.10783    
   106.00  0.10569    
   107.00  0.10369    
   108.00  0.10183    
   109.00  0.10009    
   110.00  0.98476E-01
   111.00  0.96979E-01
   112.00  0.95596E-01
   113.00  0.94320E-01
   114.00  0.93149E-01
   115.00  0.92080E-01
   116.00  0.91107E-01
   117.00  0.90228E-01
   118.00  0.89440E-01
   119.00  0.88740E-01
   120.00  0.88127E-01
   121.00  0.87596E-01
   122.00  0.87146E-01
   123.00  0.86775E-01
   124.00  0.86480E-01
   125.00  0.86261E-01
   126.00  0.86115E-01
   127.00  0.86040E-01
   128.00  0.86035E-01
   129.00  0.86098E-01
   130.00  0.86228E-01
   131.00  0.86423E-01
   132.00  0.86681E-01
   133.00  0.87002E-01
   134.00  0.87383E-01
   135.00  0.87823E-01
   136.00  0.88320E-01
   137.00  0.88873E-01
   138.00  0.89480E-01
   139.00  0.90139E-01
   140.00  0.90849E-01
   141.00  0.91606E-01
   142.00  0.92410E-01
   143.00  0.93259E-01
   144.00  0.94150E-01
   145.00  0.95080E-01
   146.00  0.96049E-01
   147.00  0.97054E-01
   148.00  0.98094E-01
   149.00  0.99164E-01
   150.00  0.10027    
   151.00  0.10140    
   152.00  0.10256    
   153.00  0.10375    
   154.00  0.10497    
   155.00  0.10621    
   156.00  0.10749    
   157.00  0.10880    
   158.00  0.11014    
   159.00  0.11152    
   160.00  0.11294    
   161.00  0.11441    
   162.00  0.11593    
   163.00  0.11750    
   164.00  0.11913    
   165.00  0.12081    
   166.00  0.12255    
   167.00  0.12434    
   168.00  0.12618    
   169.00  0.12804    
   170.00  0.12991    
   171.00  0.13177    
   172.00  0.13358    
   173.00  0.13532    
   174.00  0.13694    
   175.00  0.13840    
   176.00  0.13967    
   177.00  0.14070    
   178.00  0.14146    
   179.00  0.14193    
   180.00  0.14209    
 |--------|------------|
0.610000     micron = Wavelength
 1.62760     = Extinction efficiency (Q)
 1.62760     = Scattering efficiency (Qs)
 0.00000     = Absorption efficiency (Qa)
 88.4390     = Lidar ratio
0.126655     micron^2 = <b> = Average surface area per particle
0.206145     microns^2 = Extinction cross section (C)
0.206145     microns^2 = Scattering cross section (Cs)
 0.00000     microns^2 = Absorption cross section (Ca)
 |----------------------------------------------------|
 | COMMENTAIRES:                                      |
 |----------------------------------------------------|
 |   -Cross section / <b> should = efficiency         |
 |    is independant of the normalisation of dN/dx    |
 |   -The integral of the phase fct / 4 pi over all   |
 |    directions (solid angle) = 1.                   |
 |   -The volume coefficient (k) is equal to C * N    |
 |      = cross section * Number density              |
 |      typical units: [um^2]*[particles/cm^3] =      |
 |      [10^-3 km-1]                                  |
 |      N = M/(d*4/3*pi*r^3) where d is the density   |
 |      of particle, M is the mass per unit volume    |
 |      and 4/3*pi*r^3 is the average volume  of a    |
 |      particle.                                     |
 |      typical units:  M -> [ug/m^3], d -> [g/cm^3]  |
 |                      r -> [um]                     |
 |      Lidar ratio= 4 pi Qe / phase_fct(180)*Qs      |
 |----------------------------------------------------|
