 |--------|------------|
 | ANGLE  |  PHASE FCT |
 |--------|------------|
     0.00   14.859    
     1.00   14.833    
     2.00   14.757    
     3.00   14.631    
     4.00   14.458    
     5.00   14.240    
     6.00   13.979    
     7.00   13.680    
     8.00   13.346    
     9.00   12.981    
    10.00   12.590    
    11.00   12.177    
    12.00   11.747    
    13.00   11.303    
    14.00   10.849    
    15.00   10.389    
    16.00   9.9275    
    17.00   9.4666    
    18.00   9.0096    
    19.00   8.5589    
    20.00   8.1167    
    21.00   7.6850    
    22.00   7.2653    
    23.00   6.8589    
    24.00   6.4668    
    25.00   6.0898    
    26.00   5.7285    
    27.00   5.3832    
    28.00   5.0539    
    29.00   4.7409    
    30.00   4.4439    
    31.00   4.1628    
    32.00   3.8971    
    33.00   3.6464    
    34.00   3.4104    
    35.00   3.1884    
    36.00   2.9800    
    37.00   2.7845    
    38.00   2.6013    
    39.00   2.4299    
    40.00   2.2696    
    41.00   2.1199    
    42.00   1.9802    
    43.00   1.8498    
    44.00   1.7282    
    45.00   1.6150    
    46.00   1.5095    
    47.00   1.4113    
    48.00   1.3199    
    49.00   1.2349    
    50.00   1.1559    
    51.00   1.0823    
    52.00   1.0139    
    53.00  0.95033    
    54.00  0.89120    
    55.00  0.83623    
    56.00  0.78511    
    57.00  0.73758    
    58.00  0.69337    
    59.00  0.65225    
    60.00  0.61400    
    61.00  0.57840    
    62.00  0.54526    
    63.00  0.51441    
    64.00  0.48568    
    65.00  0.45891    
    66.00  0.43397    
    67.00  0.41071    
    68.00  0.38902    
    69.00  0.36879    
    70.00  0.34991    
    71.00  0.33228    
    72.00  0.31581    
    73.00  0.30042    
    74.00  0.28603    
    75.00  0.27258    
    76.00  0.25998    
    77.00  0.24820    
    78.00  0.23716    
    79.00  0.22682    
    80.00  0.21713    
    81.00  0.20804    
    82.00  0.19952    
    83.00  0.19152    
    84.00  0.18401    
    85.00  0.17697    
    86.00  0.17035    
    87.00  0.16412    
    88.00  0.15828    
    89.00  0.15278    
    90.00  0.14762    
    91.00  0.14276    
    92.00  0.13819    
    93.00  0.13389    
    94.00  0.12985    
    95.00  0.12605    
    96.00  0.12247    
    97.00  0.11911    
    98.00  0.11596    
    99.00  0.11299    
   100.00  0.11020    
   101.00  0.10758    
   102.00  0.10513    
   103.00  0.10283    
   104.00  0.10067    
   105.00  0.98653E-01
   106.00  0.96770E-01
   107.00  0.95012E-01
   108.00  0.93376E-01
   109.00  0.91855E-01
   110.00  0.90445E-01
   111.00  0.89141E-01
   112.00  0.87940E-01
   113.00  0.86837E-01
   114.00  0.85829E-01
   115.00  0.84913E-01
   116.00  0.84085E-01
   117.00  0.83343E-01
   118.00  0.82684E-01
   119.00  0.82106E-01
   120.00  0.81608E-01
   121.00  0.81185E-01
   122.00  0.80837E-01
   123.00  0.80563E-01
   124.00  0.80359E-01
   125.00  0.80225E-01
   126.00  0.80159E-01
   127.00  0.80161E-01
   128.00  0.80227E-01
   129.00  0.80358E-01
   130.00  0.80551E-01
   131.00  0.80806E-01
   132.00  0.81121E-01
   133.00  0.81494E-01
   134.00  0.81925E-01
   135.00  0.82411E-01
   136.00  0.82952E-01
   137.00  0.83544E-01
   138.00  0.84188E-01
   139.00  0.84881E-01
   140.00  0.85621E-01
   141.00  0.86405E-01
   142.00  0.87232E-01
   143.00  0.88099E-01
   144.00  0.89004E-01
   145.00  0.89944E-01
   146.00  0.90916E-01
   147.00  0.91918E-01
   148.00  0.92947E-01
   149.00  0.94000E-01
   150.00  0.95075E-01
   151.00  0.96171E-01
   152.00  0.97284E-01
   153.00  0.98414E-01
   154.00  0.99559E-01
   155.00  0.10072    
   156.00  0.10190    
   157.00  0.10310    
   158.00  0.10431    
   159.00  0.10556    
   160.00  0.10683    
   161.00  0.10814    
   162.00  0.10949    
   163.00  0.11089    
   164.00  0.11234    
   165.00  0.11386    
   166.00  0.11544    
   167.00  0.11708    
   168.00  0.11878    
   169.00  0.12054    
   170.00  0.12233    
   171.00  0.12413    
   172.00  0.12592    
   173.00  0.12766    
   174.00  0.12930    
   175.00  0.13081    
   176.00  0.13212    
   177.00  0.13320    
   178.00  0.13400    
   179.00  0.13450    
   180.00  0.13466    
 |--------|------------|
0.680000     micron = Wavelength
 1.72077     = Extinction efficiency (Q)
 1.72077     = Scattering efficiency (Qs)
 0.00000     = Absorption efficiency (Qa)
 93.3167     = Lidar ratio
0.180223     micron^2 = <b> = Average surface area per particle
0.310122     microns^2 = Extinction cross section (C)
0.310122     microns^2 = Scattering cross section (Cs)
0.102673E-15 microns^2 = Absorption cross section (Ca)
 |----------------------------------------------------|
 | COMMENTAIRES:                                      |
 |----------------------------------------------------|
 |   -Cross section / <b> should = efficiency         |
 |    is independant of the normalisation of dN/dx    |
 |   -The integral of the phase fct / 4 pi over all   |
 |    directions (solid angle) = 1.                   |
 |   -The volume coefficient (k) is equal to C * N    |
 |      = cross section * Number density              |
 |      typical units: [um^2]*[particles/cm^3] =      |
 |      [10^-3 km-1]                                  |
 |      N = M/(d*4/3*pi*r^3) where d is the density   |
 |      of particle, M is the mass per unit volume    |
 |      and 4/3*pi*r^3 is the average volume  of a    |
 |      particle.                                     |
 |      typical units:  M -> [ug/m^3], d -> [g/cm^3]  |
 |                      r -> [um]                     |
 |      Lidar ratio= 4 pi Qe / phase_fct(180)*Qs      |
 |----------------------------------------------------|
