 |--------|------------|
 | ANGLE  |  PHASE FCT |
 |--------|------------|
     0.00   32.855    
     1.00   32.687    
     2.00   32.193    
     3.00   31.397    
     4.00   30.336    
     5.00   29.055    
     6.00   27.605    
     7.00   26.035    
     8.00   24.392    
     9.00   22.719    
    10.00   21.052    
    11.00   19.419    
    12.00   17.843    
    13.00   16.342    
    14.00   14.925    
    15.00   13.600    
    16.00   12.371    
    17.00   11.237    
    18.00   10.197    
    19.00   9.2473    
    20.00   8.3830    
    21.00   7.5990    
    22.00   6.8897    
    23.00   6.2491    
    24.00   5.6716    
    25.00   5.1514    
    26.00   4.6834    
    27.00   4.2624    
    28.00   3.8837    
    29.00   3.5431    
    30.00   3.2367    
    31.00   2.9608    
    32.00   2.7123    
    33.00   2.4882    
    34.00   2.2860    
    35.00   2.1032    
    36.00   1.9379    
    37.00   1.7882    
    38.00   1.6523    
    39.00   1.5289    
    40.00   1.4167    
    41.00   1.3145    
    42.00   1.2213    
    43.00   1.1361    
    44.00   1.0582    
    45.00  0.98679    
    46.00  0.92131    
    47.00  0.86117    
    48.00  0.80586    
    49.00  0.75492    
    50.00  0.70795    
    51.00  0.66460    
    52.00  0.62453    
    53.00  0.58746    
    54.00  0.55313    
    55.00  0.52130    
    56.00  0.49177    
    57.00  0.46434    
    58.00  0.43883    
    59.00  0.41510    
    60.00  0.39301    
    61.00  0.37241    
    62.00  0.35321    
    63.00  0.33529    
    64.00  0.31855    
    65.00  0.30290    
    66.00  0.28828    
    67.00  0.27459    
    68.00  0.26178    
    69.00  0.24978    
    70.00  0.23854    
    71.00  0.22799    
    72.00  0.21810    
    73.00  0.20882    
    74.00  0.20011    
    75.00  0.19193    
    76.00  0.18424    
    77.00  0.17702    
    78.00  0.17023    
    79.00  0.16384    
    80.00  0.15784    
    81.00  0.15219    
    82.00  0.14687    
    83.00  0.14187    
    84.00  0.13716    
    85.00  0.13274    
    86.00  0.12857    
    87.00  0.12465    
    88.00  0.12096    
    89.00  0.11749    
    90.00  0.11423    
    91.00  0.11116    
    92.00  0.10829    
    93.00  0.10558    
    94.00  0.10305    
    95.00  0.10067    
    96.00  0.98448E-01
    97.00  0.96369E-01
    98.00  0.94428E-01
    99.00  0.92620E-01
   100.00  0.90940E-01
   101.00  0.89381E-01
   102.00  0.87941E-01
   103.00  0.86614E-01
   104.00  0.85397E-01
   105.00  0.84287E-01
   106.00  0.83281E-01
   107.00  0.82375E-01
   108.00  0.81568E-01
   109.00  0.80858E-01
   110.00  0.80243E-01
   111.00  0.79722E-01
   112.00  0.79293E-01
   113.00  0.78956E-01
   114.00  0.78709E-01
   115.00  0.78554E-01
   116.00  0.78490E-01
   117.00  0.78516E-01
   118.00  0.78633E-01
   119.00  0.78843E-01
   120.00  0.79145E-01
   121.00  0.79541E-01
   122.00  0.80032E-01
   123.00  0.80619E-01
   124.00  0.81305E-01
   125.00  0.82090E-01
   126.00  0.82978E-01
   127.00  0.83970E-01
   128.00  0.85068E-01
   129.00  0.86275E-01
   130.00  0.87594E-01
   131.00  0.89027E-01
   132.00  0.90577E-01
   133.00  0.92246E-01
   134.00  0.94038E-01
   135.00  0.95954E-01
   136.00  0.97998E-01
   137.00  0.10017    
   138.00  0.10248    
   139.00  0.10492    
   140.00  0.10749    
   141.00  0.11020    
   142.00  0.11305    
   143.00  0.11603    
   144.00  0.11914    
   145.00  0.12238    
   146.00  0.12575    
   147.00  0.12923    
   148.00  0.13281    
   149.00  0.13647    
   150.00  0.14019    
   151.00  0.14394    
   152.00  0.14768    
   153.00  0.15137    
   154.00  0.15493    
   155.00  0.15829    
   156.00  0.16137    
   157.00  0.16405    
   158.00  0.16620    
   159.00  0.16770    
   160.00  0.16840    
   161.00  0.16814    
   162.00  0.16679    
   163.00  0.16425    
   164.00  0.16046    
   165.00  0.15546    
   166.00  0.14937    
   167.00  0.14245    
   168.00  0.13509    
   169.00  0.12780    
   170.00  0.12120    
   171.00  0.11592    
   172.00  0.11255    
   173.00  0.11146    
   174.00  0.11279    
   175.00  0.11629    
   176.00  0.12131    
   177.00  0.12693    
   178.00  0.13204    
   179.00  0.13561    
   180.00  0.13689    
 |--------|------------|
0.520000     micron = Wavelength
 3.12038     = Extinction efficiency (Q)
 3.12038     = Scattering efficiency (Qs)
 0.00000     = Absorption efficiency (Qa)
 91.8016     = Lidar ratio
0.437500     micron^2 = <b> = Average surface area per particle
 1.36517     microns^2 = Extinction cross section (C)
 1.36517     microns^2 = Scattering cross section (Cs)
0.480327E-15 microns^2 = Absorption cross section (Ca)
 |----------------------------------------------------|
 | COMMENTAIRES:                                      |
 |----------------------------------------------------|
 |   -Cross section / <b> should = efficiency         |
 |    is independant of the normalisation of dN/dx    |
 |   -The integral of the phase fct / 4 pi over all   |
 |    directions (solid angle) = 1.                   |
 |   -The volume coefficient (k) is equal to C * N    |
 |      = cross section * Number density              |
 |      typical units: [um^2]*[particles/cm^3] =      |
 |      [10^-3 km-1]                                  |
 |      N = M/(d*4/3*pi*r^3) where d is the density   |
 |      of particle, M is the mass per unit volume    |
 |      and 4/3*pi*r^3 is the average volume  of a    |
 |      particle.                                     |
 |      typical units:  M -> [ug/m^3], d -> [g/cm^3]  |
 |                      r -> [um]                     |
 |      Lidar ratio= 4 pi Qe / phase_fct(180)*Qs      |
 |----------------------------------------------------|
