 |--------|------------|
 | ANGLE  |  PHASE FCT |
 |--------|------------|
     0.00   10.290    
     1.00   10.277    
     2.00   10.241    
     3.00   10.180    
     4.00   10.097    
     5.00   9.9907    
     6.00   9.8632    
     7.00   9.7156    
     8.00   9.5492    
     9.00   9.3655    
    10.00   9.1662    
    11.00   8.9529    
    12.00   8.7273    
    13.00   8.4913    
    14.00   8.2464    
    15.00   7.9944    
    16.00   7.7368    
    17.00   7.4754    
    18.00   7.2115    
    19.00   6.9465    
    20.00   6.6817    
    21.00   6.4183    
    22.00   6.1573    
    23.00   5.8997    
    24.00   5.6464    
    25.00   5.3981    
    26.00   5.1554    
    27.00   4.9189    
    28.00   4.6890    
    29.00   4.4662    
    30.00   4.2506    
    31.00   4.0425    
    32.00   3.8420    
    33.00   3.6493    
    34.00   3.4643    
    35.00   3.2870    
    36.00   3.1174    
    37.00   2.9553    
    38.00   2.8007    
    39.00   2.6534    
    40.00   2.5131    
    41.00   2.3798    
    42.00   2.2531    
    43.00   2.1329    
    44.00   2.0190    
    45.00   1.9110    
    46.00   1.8088    
    47.00   1.7121    
    48.00   1.6206    
    49.00   1.5342    
    50.00   1.4526    
    51.00   1.3756    
    52.00   1.3029    
    53.00   1.2343    
    54.00   1.1696    
    55.00   1.1086    
    56.00   1.0512    
    57.00  0.99703    
    58.00  0.94602    
    59.00  0.89797    
    60.00  0.85272    
    61.00  0.81009    
    62.00  0.76996    
    63.00  0.73216    
    64.00  0.69656    
    65.00  0.66305    
    66.00  0.63148    
    67.00  0.60175    
    68.00  0.57375    
    69.00  0.54737    
    70.00  0.52253    
    71.00  0.49912    
    72.00  0.47706    
    73.00  0.45627    
    74.00  0.43667    
    75.00  0.41820    
    76.00  0.40078    
    77.00  0.38435    
    78.00  0.36886    
    79.00  0.35424    
    80.00  0.34045    
    81.00  0.32743    
    82.00  0.31515    
    83.00  0.30355    
    84.00  0.29260    
    85.00  0.28226    
    86.00  0.27249    
    87.00  0.26327    
    88.00  0.25456    
    89.00  0.24633    
    90.00  0.23856    
    91.00  0.23121    
    92.00  0.22428    
    93.00  0.21773    
    94.00  0.21154    
    95.00  0.20569    
    96.00  0.20018    
    97.00  0.19497    
    98.00  0.19005    
    99.00  0.18542    
   100.00  0.18105    
   101.00  0.17693    
   102.00  0.17305    
   103.00  0.16940    
   104.00  0.16597    
   105.00  0.16274    
   106.00  0.15972    
   107.00  0.15688    
   108.00  0.15422    
   109.00  0.15174    
   110.00  0.14943    
   111.00  0.14727    
   112.00  0.14527    
   113.00  0.14342    
   114.00  0.14170    
   115.00  0.14013    
   116.00  0.13868    
   117.00  0.13736    
   118.00  0.13616    
   119.00  0.13508    
   120.00  0.13411    
   121.00  0.13325    
   122.00  0.13250    
   123.00  0.13184    
   124.00  0.13128    
   125.00  0.13081    
   126.00  0.13043    
   127.00  0.13014    
   128.00  0.12993    
   129.00  0.12979    
   130.00  0.12973    
   131.00  0.12973    
   132.00  0.12981    
   133.00  0.12994    
   134.00  0.13014    
   135.00  0.13039    
   136.00  0.13068    
   137.00  0.13103    
   138.00  0.13142    
   139.00  0.13185    
   140.00  0.13231    
   141.00  0.13281    
   142.00  0.13334    
   143.00  0.13390    
   144.00  0.13449    
   145.00  0.13510    
   146.00  0.13574    
   147.00  0.13641    
   148.00  0.13711    
   149.00  0.13785    
   150.00  0.13862    
   151.00  0.13944    
   152.00  0.14031    
   153.00  0.14124    
   154.00  0.14225    
   155.00  0.14334    
   156.00  0.14454    
   157.00  0.14584    
   158.00  0.14728    
   159.00  0.14886    
   160.00  0.15059    
   161.00  0.15250    
   162.00  0.15459    
   163.00  0.15686    
   164.00  0.15932    
   165.00  0.16196    
   166.00  0.16477    
   167.00  0.16773    
   168.00  0.17080    
   169.00  0.17396    
   170.00  0.17716    
   171.00  0.18034    
   172.00  0.18344    
   173.00  0.18640    
   174.00  0.18915    
   175.00  0.19162    
   176.00  0.19374    
   177.00  0.19546    
   178.00  0.19672    
   179.00  0.19749    
   180.00  0.19776    
 |--------|------------|
0.640000     micron = Wavelength
 2.04944     = Extinction efficiency (Q)
 2.04944     = Scattering efficiency (Qs)
 0.00000     = Absorption efficiency (Qa)
 63.5450     = Lidar ratio
0.110755     micron^2 = <b> = Average surface area per particle
0.226986     microns^2 = Extinction cross section (C)
0.226986     microns^2 = Scattering cross section (Cs)
 0.00000     microns^2 = Absorption cross section (Ca)
 |----------------------------------------------------|
 | COMMENTAIRES:                                      |
 |----------------------------------------------------|
 |   -Cross section / <b> should = efficiency         |
 |    is independant of the normalisation of dN/dx    |
 |   -The integral of the phase fct / 4 pi over all   |
 |    directions (solid angle) = 1.                   |
 |   -The volume coefficient (k) is equal to C * N    |
 |      = cross section * Number density              |
 |      typical units: [um^2]*[particles/cm^3] =      |
 |      [10^-3 km-1]                                  |
 |      N = M/(d*4/3*pi*r^3) where d is the density   |
 |      of particle, M is the mass per unit volume    |
 |      and 4/3*pi*r^3 is the average volume  of a    |
 |      particle.                                     |
 |      typical units:  M -> [ug/m^3], d -> [g/cm^3]  |
 |                      r -> [um]                     |
 |      Lidar ratio= 4 pi Qe / phase_fct(180)*Qs      |
 |----------------------------------------------------|
