 |--------|------------|
 | ANGLE  |  PHASE FCT |
 |--------|------------|
     0.00   68.858    
     1.00   67.727    
     2.00   64.510    
     3.00   59.664    
     4.00   53.790    
     5.00   47.479    
     6.00   41.218    
     7.00   35.341    
     8.00   30.047    
     9.00   25.423    
    10.00   21.478    
    11.00   18.170    
    12.00   15.432    
    13.00   13.185    
    14.00   11.352    
    15.00   9.8602    
    16.00   8.6446    
    17.00   7.6512    
    18.00   6.8343    
    19.00   6.1568    
    20.00   5.5894    
    21.00   5.1086    
    22.00   4.6959    
    23.00   4.3374    
    24.00   4.0221    
    25.00   3.7414    
    26.00   3.4891    
    27.00   3.2603    
    28.00   3.0511    
    29.00   2.8587    
    30.00   2.6808    
    31.00   2.5157    
    32.00   2.3621    
    33.00   2.2187    
    34.00   2.0847    
    35.00   1.9593    
    36.00   1.8418    
    37.00   1.7318    
    38.00   1.6287    
    39.00   1.5321    
    40.00   1.4414    
    41.00   1.3565    
    42.00   1.2768    
    43.00   1.2022    
    44.00   1.1322    
    45.00   1.0667    
    46.00   1.0052    
    47.00  0.94761    
    48.00  0.89364    
    49.00  0.84306    
    50.00  0.79566    
    51.00  0.75124    
    52.00  0.70961    
    53.00  0.67059    
    54.00  0.63400    
    55.00  0.59971    
    56.00  0.56755    
    57.00  0.53739    
    58.00  0.50911    
    59.00  0.48258    
    60.00  0.45768    
    61.00  0.43432    
    62.00  0.41239    
    63.00  0.39181    
    64.00  0.37249    
    65.00  0.35435    
    66.00  0.33731    
    67.00  0.32131    
    68.00  0.30627    
    69.00  0.29215    
    70.00  0.27888    
    71.00  0.26641    
    72.00  0.25469    
    73.00  0.24368    
    74.00  0.23333    
    75.00  0.22360    
    76.00  0.21445    
    77.00  0.20585    
    78.00  0.19777    
    79.00  0.19018    
    80.00  0.18304    
    81.00  0.17633    
    82.00  0.17003    
    83.00  0.16410    
    84.00  0.15854    
    85.00  0.15331    
    86.00  0.14840    
    87.00  0.14380    
    88.00  0.13947    
    89.00  0.13542    
    90.00  0.13162    
    91.00  0.12805    
    92.00  0.12472    
    93.00  0.12160    
    94.00  0.11869    
    95.00  0.11597    
    96.00  0.11343    
    97.00  0.11107    
    98.00  0.10889    
    99.00  0.10686    
   100.00  0.10499    
   101.00  0.10327    
   102.00  0.10170    
   103.00  0.10027    
   104.00  0.98983E-01
   105.00  0.97830E-01
   106.00  0.96812E-01
   107.00  0.95928E-01
   108.00  0.95177E-01
   109.00  0.94559E-01
   110.00  0.94076E-01
   111.00  0.93728E-01
   112.00  0.93518E-01
   113.00  0.93449E-01
   114.00  0.93523E-01
   115.00  0.93746E-01
   116.00  0.94122E-01
   117.00  0.94656E-01
   118.00  0.95356E-01
   119.00  0.96226E-01
   120.00  0.97276E-01
   121.00  0.98513E-01
   122.00  0.99945E-01
   123.00  0.10158    
   124.00  0.10343    
   125.00  0.10550    
   126.00  0.10781    
   127.00  0.11036    
   128.00  0.11316    
   129.00  0.11622    
   130.00  0.11955    
   131.00  0.12316    
   132.00  0.12705    
   133.00  0.13122    
   134.00  0.13569    
   135.00  0.14044    
   136.00  0.14547    
   137.00  0.15078    
   138.00  0.15635    
   139.00  0.16216    
   140.00  0.16820    
   141.00  0.17443    
   142.00  0.18083    
   143.00  0.18735    
   144.00  0.19397    
   145.00  0.20064    
   146.00  0.20733    
   147.00  0.21399    
   148.00  0.22061    
   149.00  0.22717    
   150.00  0.23366    
   151.00  0.24010    
   152.00  0.24655    
   153.00  0.25307    
   154.00  0.25978    
   155.00  0.26682    
   156.00  0.27433    
   157.00  0.28250    
   158.00  0.29146    
   159.00  0.30130    
   160.00  0.31197    
   161.00  0.32327    
   162.00  0.33470    
   163.00  0.34546    
   164.00  0.35442    
   165.00  0.36009    
   166.00  0.36081    
   167.00  0.35500    
   168.00  0.34153    
   169.00  0.32026    
   170.00  0.29252    
   171.00  0.26145    
   172.00  0.23189    
   173.00  0.20974    
   174.00  0.20068    
   175.00  0.20840    
   176.00  0.23287    
   177.00  0.26929    
   178.00  0.30830    
   179.00  0.33835    
   180.00  0.34965    
 |--------|------------|
0.360000     micron = Wavelength
 2.74454     = Extinction efficiency (Q)
 2.74454     = Scattering efficiency (Qs)
 0.00000     = Absorption efficiency (Qa)
 35.9402     = Lidar ratio
0.625714     micron^2 = <b> = Average surface area per particle
 1.71730     microns^2 = Extinction cross section (C)
 1.71730     microns^2 = Scattering cross section (Cs)
0.460432E-15 microns^2 = Absorption cross section (Ca)
 |----------------------------------------------------|
 | COMMENTAIRES:                                      |
 |----------------------------------------------------|
 |   -Cross section / <b> should = efficiency         |
 |    is independant of the normalisation of dN/dx    |
 |   -The integral of the phase fct / 4 pi over all   |
 |    directions (solid angle) = 1.                   |
 |   -The volume coefficient (k) is equal to C * N    |
 |      = cross section * Number density              |
 |      typical units: [um^2]*[particles/cm^3] =      |
 |      [10^-3 km-1]                                  |
 |      N = M/(d*4/3*pi*r^3) where d is the density   |
 |      of particle, M is the mass per unit volume    |
 |      and 4/3*pi*r^3 is the average volume  of a    |
 |      particle.                                     |
 |      typical units:  M -> [ug/m^3], d -> [g/cm^3]  |
 |                      r -> [um]                     |
 |      Lidar ratio= 4 pi Qe / phase_fct(180)*Qs      |
 |----------------------------------------------------|
