 |--------|------------|
 | ANGLE  |  PHASE FCT |
 |--------|------------|
     0.00   25.394    
     1.00   25.309    
     2.00   25.057    
     3.00   24.646    
     4.00   24.086    
     5.00   23.396    
     6.00   22.592    
     7.00   21.694    
     8.00   20.723    
     9.00   19.699    
    10.00   18.641    
    11.00   17.565    
    12.00   16.488    
    13.00   15.422    
    14.00   14.378    
    15.00   13.366    
    16.00   12.393    
    17.00   11.464    
    18.00   10.583    
    19.00   9.7513    
    20.00   8.9712    
    21.00   8.2424    
    22.00   7.5643    
    23.00   6.9356    
    24.00   6.3545    
    25.00   5.8189    
    26.00   5.3265    
    27.00   4.8747    
    28.00   4.4610    
    29.00   4.0827    
    30.00   3.7373    
    31.00   3.4222    
    32.00   3.1351    
    33.00   2.8737    
    34.00   2.6357    
    35.00   2.4193    
    36.00   2.2224    
    37.00   2.0433    
    38.00   1.8804    
    39.00   1.7322    
    40.00   1.5974    
    41.00   1.4746    
    42.00   1.3628    
    43.00   1.2609    
    44.00   1.1680    
    45.00   1.0832    
    46.00   1.0058    
    47.00  0.93502    
    48.00  0.87027    
    49.00  0.81099    
    50.00  0.75665    
    51.00  0.70680    
    52.00  0.66101    
    53.00  0.61893    
    54.00  0.58020    
    55.00  0.54453    
    56.00  0.51163    
    57.00  0.48127    
    58.00  0.45321    
    59.00  0.42726    
    60.00  0.40323    
    61.00  0.38096    
    62.00  0.36031    
    63.00  0.34112    
    64.00  0.32330    
    65.00  0.30672    
    66.00  0.29127    
    67.00  0.27689    
    68.00  0.26347    
    69.00  0.25095    
    70.00  0.23925    
    71.00  0.22832    
    72.00  0.21809    
    73.00  0.20851    
    74.00  0.19955    
    75.00  0.19115    
    76.00  0.18327    
    77.00  0.17587    
    78.00  0.16893    
    79.00  0.16242    
    80.00  0.15629    
    81.00  0.15054    
    82.00  0.14513    
    83.00  0.14004    
    84.00  0.13525    
    85.00  0.13075    
    86.00  0.12651    
    87.00  0.12252    
    88.00  0.11877    
    89.00  0.11524    
    90.00  0.11191    
    91.00  0.10878    
    92.00  0.10584    
    93.00  0.10307    
    94.00  0.10047    
    95.00  0.98030E-01
    96.00  0.95737E-01
    97.00  0.93586E-01
    98.00  0.91571E-01
    99.00  0.89685E-01
   100.00  0.87923E-01
   101.00  0.86279E-01
   102.00  0.84748E-01
   103.00  0.83326E-01
   104.00  0.82009E-01
   105.00  0.80793E-01
   106.00  0.79673E-01
   107.00  0.78649E-01
   108.00  0.77716E-01
   109.00  0.76871E-01
   110.00  0.76113E-01
   111.00  0.75439E-01
   112.00  0.74848E-01
   113.00  0.74339E-01
   114.00  0.73909E-01
   115.00  0.73558E-01
   116.00  0.73284E-01
   117.00  0.73088E-01
   118.00  0.72968E-01
   119.00  0.72925E-01
   120.00  0.72957E-01
   121.00  0.73065E-01
   122.00  0.73249E-01
   123.00  0.73510E-01
   124.00  0.73847E-01
   125.00  0.74261E-01
   126.00  0.74753E-01
   127.00  0.75323E-01
   128.00  0.75972E-01
   129.00  0.76701E-01
   130.00  0.77511E-01
   131.00  0.78401E-01
   132.00  0.79373E-01
   133.00  0.80427E-01
   134.00  0.81564E-01
   135.00  0.82784E-01
   136.00  0.84086E-01
   137.00  0.85469E-01
   138.00  0.86934E-01
   139.00  0.88477E-01
   140.00  0.90097E-01
   141.00  0.91790E-01
   142.00  0.93552E-01
   143.00  0.95377E-01
   144.00  0.97258E-01
   145.00  0.99186E-01
   146.00  0.10115    
   147.00  0.10314    
   148.00  0.10514    
   149.00  0.10712    
   150.00  0.10908    
   151.00  0.11098    
   152.00  0.11280    
   153.00  0.11450    
   154.00  0.11605    
   155.00  0.11742    
   156.00  0.11856    
   157.00  0.11945    
   158.00  0.12003    
   159.00  0.12029    
   160.00  0.12018    
   161.00  0.11971    
   162.00  0.11887    
   163.00  0.11769    
   164.00  0.11621    
   165.00  0.11450    
   166.00  0.11269    
   167.00  0.11089    
   168.00  0.10926    
   169.00  0.10798    
   170.00  0.10720    
   171.00  0.10705    
   172.00  0.10761    
   173.00  0.10890    
   174.00  0.11083    
   175.00  0.11324    
   176.00  0.11585    
   177.00  0.11837    
   178.00  0.12046    
   179.00  0.12184    
   180.00  0.12233    
 |--------|------------|
0.670000     micron = Wavelength
 2.78774     = Extinction efficiency (Q)
 2.78774     = Scattering efficiency (Qs)
 0.00000     = Absorption efficiency (Qa)
 102.728     = Lidar ratio
0.437500     micron^2 = <b> = Average surface area per particle
 1.21964     microns^2 = Extinction cross section (C)
 1.21964     microns^2 = Scattering cross section (Cs)
0.598055E-15 microns^2 = Absorption cross section (Ca)
 |----------------------------------------------------|
 | COMMENTAIRES:                                      |
 |----------------------------------------------------|
 |   -Cross section / <b> should = efficiency         |
 |    is independant of the normalisation of dN/dx    |
 |   -The integral of the phase fct / 4 pi over all   |
 |    directions (solid angle) = 1.                   |
 |   -The volume coefficient (k) is equal to C * N    |
 |      = cross section * Number density              |
 |      typical units: [um^2]*[particles/cm^3] =      |
 |      [10^-3 km-1]                                  |
 |      N = M/(d*4/3*pi*r^3) where d is the density   |
 |      of particle, M is the mass per unit volume    |
 |      and 4/3*pi*r^3 is the average volume  of a    |
 |      particle.                                     |
 |      typical units:  M -> [ug/m^3], d -> [g/cm^3]  |
 |                      r -> [um]                     |
 |      Lidar ratio= 4 pi Qe / phase_fct(180)*Qs      |
 |----------------------------------------------------|
