 |--------|------------|
 | ANGLE  |  PHASE FCT |
 |--------|------------|
     0.00   39.940    
     1.00   39.663    
     2.00   38.850    
     3.00   37.557    
     4.00   35.864    
     5.00   33.867    
     6.00   31.665    
     7.00   29.349    
     8.00   27.000    
     9.00   24.683    
    10.00   22.447    
    11.00   20.328    
    12.00   18.349    
    13.00   16.522    
    14.00   14.852    
    15.00   13.337    
    16.00   11.970    
    17.00   10.744    
    18.00   9.6475    
    19.00   8.6702    
    20.00   7.8008    
    21.00   7.0281    
    22.00   6.3419    
    23.00   5.7325    
    24.00   5.1911    
    25.00   4.7097    
    26.00   4.2812    
    27.00   3.8992    
    28.00   3.5582    
    29.00   3.2532    
    30.00   2.9798    
    31.00   2.7343    
    32.00   2.5134    
    33.00   2.3143    
    34.00   2.1343    
    35.00   1.9714    
    36.00   1.8235    
    37.00   1.6891    
    38.00   1.5667    
    39.00   1.4550    
    40.00   1.3530    
    41.00   1.2595    
    42.00   1.1738    
    43.00   1.0952    
    44.00   1.0228    
    45.00  0.95619    
    46.00  0.89477    
    47.00  0.83808    
    48.00  0.78570    
    49.00  0.73725    
    50.00  0.69239    
    51.00  0.65082    
    52.00  0.61226    
    53.00  0.57647    
    54.00  0.54321    
    55.00  0.51229    
    56.00  0.48353    
    57.00  0.45675    
    58.00  0.43180    
    59.00  0.40854    
    60.00  0.38684    
    61.00  0.36659    
    62.00  0.34769    
    63.00  0.33002    
    64.00  0.31351    
    65.00  0.29806    
    66.00  0.28362    
    67.00  0.27009    
    68.00  0.25742    
    69.00  0.24556    
    70.00  0.23444    
    71.00  0.22402    
    72.00  0.21424    
    73.00  0.20507    
    74.00  0.19646    
    75.00  0.18838    
    76.00  0.18080    
    77.00  0.17368    
    78.00  0.16699    
    79.00  0.16070    
    80.00  0.15479    
    81.00  0.14925    
    82.00  0.14403    
    83.00  0.13913    
    84.00  0.13452    
    85.00  0.13020    
    86.00  0.12613    
    87.00  0.12231    
    88.00  0.11873    
    89.00  0.11536    
    90.00  0.11220    
    91.00  0.10924    
    92.00  0.10646    
    93.00  0.10386    
    94.00  0.10143    
    95.00  0.99163E-01
    96.00  0.97045E-01
    97.00  0.95073E-01
    98.00  0.93240E-01
    99.00  0.91541E-01
   100.00  0.89971E-01
   101.00  0.88524E-01
   102.00  0.87196E-01
   103.00  0.85984E-01
   104.00  0.84884E-01
   105.00  0.83893E-01
   106.00  0.83009E-01
   107.00  0.82228E-01
   108.00  0.81550E-01
   109.00  0.80972E-01
   110.00  0.80494E-01
   111.00  0.80114E-01
   112.00  0.79831E-01
   113.00  0.79646E-01
   114.00  0.79558E-01
   115.00  0.79567E-01
   116.00  0.79673E-01
   117.00  0.79878E-01
   118.00  0.80183E-01
   119.00  0.80587E-01
   120.00  0.81093E-01
   121.00  0.81703E-01
   122.00  0.82416E-01
   123.00  0.83237E-01
   124.00  0.84165E-01
   125.00  0.85204E-01
   126.00  0.86355E-01
   127.00  0.87621E-01
   128.00  0.89003E-01
   129.00  0.90503E-01
   130.00  0.92124E-01
   131.00  0.93867E-01
   132.00  0.95734E-01
   133.00  0.97726E-01
   134.00  0.99845E-01
   135.00  0.10209    
   136.00  0.10447    
   137.00  0.10697    
   138.00  0.10960    
   139.00  0.11236    
   140.00  0.11525    
   141.00  0.11827    
   142.00  0.12141    
   143.00  0.12469    
   144.00  0.12808    
   145.00  0.13160    
   146.00  0.13525    
   147.00  0.13901    
   148.00  0.14290    
   149.00  0.14690    
   150.00  0.15102    
   151.00  0.15523    
   152.00  0.15953    
   153.00  0.16389    
   154.00  0.16828    
   155.00  0.17264    
   156.00  0.17691    
   157.00  0.18099    
   158.00  0.18473    
   159.00  0.18797    
   160.00  0.19051    
   161.00  0.19209    
   162.00  0.19244    
   163.00  0.19126    
   164.00  0.18830    
   165.00  0.18336    
   166.00  0.17635    
   167.00  0.16741    
   168.00  0.15688    
   169.00  0.14544    
   170.00  0.13402    
   171.00  0.12378    
   172.00  0.11594    
   173.00  0.11159    
   174.00  0.11135    
   175.00  0.11523    
   176.00  0.12241    
   177.00  0.13133    
   178.00  0.13992    
   179.00  0.14612    
   180.00  0.14838    
 |--------|------------|
0.530000     micron = Wavelength
 3.12479     = Extinction efficiency (Q)
 3.12479     = Scattering efficiency (Qs)
 0.00000     = Absorption efficiency (Qa)
 84.6886     = Lidar ratio
0.625713     micron^2 = <b> = Average surface area per particle
 1.95522     microns^2 = Extinction cross section (C)
 1.95522     microns^2 = Scattering cross section (Cs)
 0.00000     microns^2 = Absorption cross section (Ca)
 |----------------------------------------------------|
 | COMMENTAIRES:                                      |
 |----------------------------------------------------|
 |   -Cross section / <b> should = efficiency         |
 |    is independant of the normalisation of dN/dx    |
 |   -The integral of the phase fct / 4 pi over all   |
 |    directions (solid angle) = 1.                   |
 |   -The volume coefficient (k) is equal to C * N    |
 |      = cross section * Number density              |
 |      typical units: [um^2]*[particles/cm^3] =      |
 |      [10^-3 km-1]                                  |
 |      N = M/(d*4/3*pi*r^3) where d is the density   |
 |      of particle, M is the mass per unit volume    |
 |      and 4/3*pi*r^3 is the average volume  of a    |
 |      particle.                                     |
 |      typical units:  M -> [ug/m^3], d -> [g/cm^3]  |
 |                      r -> [um]                     |
 |      Lidar ratio= 4 pi Qe / phase_fct(180)*Qs      |
 |----------------------------------------------------|
