 |--------|------------|
 | ANGLE  |  PHASE FCT |
 |--------|------------|
     0.00   41.412    
     1.00   40.986    
     2.00   39.751    
     3.00   37.822    
     4.00   35.365    
     5.00   32.561    
     6.00   29.585    
     7.00   26.586    
     8.00   23.682    
     9.00   20.952    
    10.00   18.448    
    11.00   16.194    
    12.00   14.196    
    13.00   12.446    
    14.00   10.929    
    15.00   9.6219    
    16.00   8.5026    
    17.00   7.5475    
    18.00   6.7340    
    19.00   6.0415    
    20.00   5.4514    
    21.00   4.9474    
    22.00   4.5155    
    23.00   4.1435    
    24.00   3.8214    
    25.00   3.5406    
    26.00   3.2941    
    27.00   3.0762    
    28.00   2.8820    
    29.00   2.7076    
    30.00   2.5500    
    31.00   2.4065    
    32.00   2.2750    
    33.00   2.1539    
    34.00   2.0419    
    35.00   1.9377    
    36.00   1.8405    
    37.00   1.7495    
    38.00   1.6641    
    39.00   1.5838    
    40.00   1.5082    
    41.00   1.4369    
    42.00   1.3695    
    43.00   1.3057    
    44.00   1.2455    
    45.00   1.1884    
    46.00   1.1343    
    47.00   1.0831    
    48.00   1.0346    
    49.00  0.98865    
    50.00  0.94504    
    51.00  0.90372    
    52.00  0.86453    
    53.00  0.82736    
    54.00  0.79211    
    55.00  0.75869    
    56.00  0.72699    
    57.00  0.69691    
    58.00  0.66838    
    59.00  0.64132    
    60.00  0.61564    
    61.00  0.59128    
    62.00  0.56816    
    63.00  0.54622    
    64.00  0.52539    
    65.00  0.50563    
    66.00  0.48687    
    67.00  0.46907    
    68.00  0.45217    
    69.00  0.43612    
    70.00  0.42088    
    71.00  0.40642    
    72.00  0.39268    
    73.00  0.37965    
    74.00  0.36727    
    75.00  0.35551    
    76.00  0.34436    
    77.00  0.33376    
    78.00  0.32371    
    79.00  0.31417    
    80.00  0.30512    
    81.00  0.29653    
    82.00  0.28838    
    83.00  0.28066    
    84.00  0.27334    
    85.00  0.26641    
    86.00  0.25984    
    87.00  0.25363    
    88.00  0.24776    
    89.00  0.24220    
    90.00  0.23696    
    91.00  0.23202    
    92.00  0.22736    
    93.00  0.22297    
    94.00  0.21885    
    95.00  0.21498    
    96.00  0.21136    
    97.00  0.20798    
    98.00  0.20482    
    99.00  0.20188    
   100.00  0.19916    
   101.00  0.19665    
   102.00  0.19434    
   103.00  0.19222    
   104.00  0.19030    
   105.00  0.18856    
   106.00  0.18701    
   107.00  0.18563    
   108.00  0.18443    
   109.00  0.18341    
   110.00  0.18255    
   111.00  0.18186    
   112.00  0.18134    
   113.00  0.18098    
   114.00  0.18079    
   115.00  0.18077    
   116.00  0.18091    
   117.00  0.18121    
   118.00  0.18169    
   119.00  0.18233    
   120.00  0.18315    
   121.00  0.18415    
   122.00  0.18532    
   123.00  0.18668    
   124.00  0.18824    
   125.00  0.18999    
   126.00  0.19195    
   127.00  0.19413    
   128.00  0.19653    
   129.00  0.19916    
   130.00  0.20205    
   131.00  0.20520    
   132.00  0.20864    
   133.00  0.21237    
   134.00  0.21642    
   135.00  0.22081    
   136.00  0.22557    
   137.00  0.23072    
   138.00  0.23629    
   139.00  0.24232    
   140.00  0.24885    
   141.00  0.25590    
   142.00  0.26354    
   143.00  0.27179    
   144.00  0.28072    
   145.00  0.29037    
   146.00  0.30078    
   147.00  0.31202    
   148.00  0.32412    
   149.00  0.33712    
   150.00  0.35102    
   151.00  0.36581    
   152.00  0.38143    
   153.00  0.39780    
   154.00  0.41472    
   155.00  0.43195    
   156.00  0.44912    
   157.00  0.46576    
   158.00  0.48127    
   159.00  0.49495    
   160.00  0.50599    
   161.00  0.51353    
   162.00  0.51675    
   163.00  0.51494    
   164.00  0.50762    
   165.00  0.49472    
   166.00  0.47665    
   167.00  0.45441    
   168.00  0.42965    
   169.00  0.40453    
   170.00  0.38160    
   171.00  0.36348    
   172.00  0.35250    
   173.00  0.35025    
   174.00  0.35725    
   175.00  0.37260    
   176.00  0.39390    
   177.00  0.41746    
   178.00  0.43885    
   179.00  0.45380    
   180.00  0.45917    
 |--------|------------|
0.660000     micron = Wavelength
0.118790     = Extinction efficiency (Q)
0.109619     = Scattering efficiency (Qs)
0.917044E-02 = Absorption efficiency (Qa)
 29.6572     = Lidar ratio
0.446406E-02 micron^2 = <b> = Average surface area per particle
0.530284E-03 microns^2 = Extinction cross section (C)
0.489347E-03 microns^2 = Scattering cross section (Cs)
0.409374E-04 microns^2 = Absorption cross section (Ca)
 |----------------------------------------------------|
 | COMMENTAIRES:                                      |
 |----------------------------------------------------|
 |   -Cross section / <b> should = efficiency         |
 |    is independant of the normalisation of dN/dx    |
 |   -The integral of the phase fct / 4 pi over all   |
 |    directions (solid angle) = 1.                   |
 |   -The volume coefficient (k) is equal to C * N    |
 |      = cross section * Number density              |
 |      typical units: [um^2]*[particles/cm^3] =      |
 |      [10^-3 km-1]                                  |
 |      N = M/(d*4/3*pi*r^3) where d is the density   |
 |      of particle, M is the mass per unit volume    |
 |      and 4/3*pi*r^3 is the average volume  of a    |
 |      particle.                                     |
 |      typical units:  M -> [ug/m^3], d -> [g/cm^3]  |
 |                      r -> [um]                     |
 |      Lidar ratio= 4 pi Qe / phase_fct(180)*Qs      |
 |----------------------------------------------------|
