 |--------|------------|
 | ANGLE  |  PHASE FCT |
 |--------|------------|
     0.00   48.557    
     1.00   47.563    
     2.00   44.760    
     3.00   40.620    
     4.00   35.735    
     5.00   30.654    
     6.00   25.791    
     7.00   21.398    
     8.00   17.596    
     9.00   14.409    
    10.00   11.804    
    11.00   9.7128    
    12.00   8.0573    
    13.00   6.7597    
    14.00   5.7491    
    15.00   4.9644    
    16.00   4.3553    
    17.00   3.8811    
    18.00   3.5098    
    19.00   3.2166    
    20.00   2.9824    
    21.00   2.7930    
    22.00   2.6375    
    23.00   2.5076    
    24.00   2.3973    
    25.00   2.3018    
    26.00   2.2177    
    27.00   2.1425    
    28.00   2.0741    
    29.00   2.0110    
    30.00   1.9523    
    31.00   1.8970    
    32.00   1.8446    
    33.00   1.7945    
    34.00   1.7465    
    35.00   1.7003    
    36.00   1.6557    
    37.00   1.6125    
    38.00   1.5706    
    39.00   1.5299    
    40.00   1.4904    
    41.00   1.4519    
    42.00   1.4145    
    43.00   1.3780    
    44.00   1.3425    
    45.00   1.3079    
    46.00   1.2742    
    47.00   1.2413    
    48.00   1.2093    
    49.00   1.1781    
    50.00   1.1476    
    51.00   1.1180    
    52.00   1.0892    
    53.00   1.0611    
    54.00   1.0337    
    55.00   1.0070    
    56.00  0.98109    
    57.00  0.95585    
    58.00  0.93130    
    59.00  0.90743    
    60.00  0.88421    
    61.00  0.86167    
    62.00  0.83976    
    63.00  0.81849    
    64.00  0.79785    
    65.00  0.77782    
    66.00  0.75840    
    67.00  0.73958    
    68.00  0.72134    
    69.00  0.70369    
    70.00  0.68661    
    71.00  0.67009    
    72.00  0.65413    
    73.00  0.63871    
    74.00  0.62382    
    75.00  0.60947    
    76.00  0.59563    
    77.00  0.58231    
    78.00  0.56949    
    79.00  0.55716    
    80.00  0.54532    
    81.00  0.53396    
    82.00  0.52307    
    83.00  0.51264    
    84.00  0.50267    
    85.00  0.49314    
    86.00  0.48405    
    87.00  0.47539    
    88.00  0.46715    
    89.00  0.45933    
    90.00  0.45190    
    91.00  0.44488    
    92.00  0.43824    
    93.00  0.43199    
    94.00  0.42610    
    95.00  0.42058    
    96.00  0.41542    
    97.00  0.41060    
    98.00  0.40612    
    99.00  0.40197    
   100.00  0.39815    
   101.00  0.39464    
   102.00  0.39143    
   103.00  0.38852    
   104.00  0.38591    
   105.00  0.38357    
   106.00  0.38151    
   107.00  0.37971    
   108.00  0.37818    
   109.00  0.37689    
   110.00  0.37585    
   111.00  0.37505    
   112.00  0.37447    
   113.00  0.37412    
   114.00  0.37398    
   115.00  0.37405    
   116.00  0.37433    
   117.00  0.37480    
   118.00  0.37546    
   119.00  0.37631    
   120.00  0.37735    
   121.00  0.37855    
   122.00  0.37993    
   123.00  0.38147    
   124.00  0.38318    
   125.00  0.38506    
   126.00  0.38709    
   127.00  0.38928    
   128.00  0.39162    
   129.00  0.39413    
   130.00  0.39679    
   131.00  0.39962    
   132.00  0.40262    
   133.00  0.40579    
   134.00  0.40914    
   135.00  0.41268    
   136.00  0.41643    
   137.00  0.42041    
   138.00  0.42465    
   139.00  0.42916    
   140.00  0.43399    
   141.00  0.43918    
   142.00  0.44480    
   143.00  0.45090    
   144.00  0.45756    
   145.00  0.46487    
   146.00  0.47293    
   147.00  0.48184    
   148.00  0.49173    
   149.00  0.50270    
   150.00  0.51486    
   151.00  0.52829    
   152.00  0.54306    
   153.00  0.55916    
   154.00  0.57652    
   155.00  0.59498    
   156.00  0.61424    
   157.00  0.63389    
   158.00  0.65339    
   159.00  0.67211    
   160.00  0.68941    
   161.00  0.70472    
   162.00  0.71767    
   163.00  0.72817    
   164.00  0.73649    
   165.00  0.74319    
   166.00  0.74907    
   167.00  0.75498    
   168.00  0.76183    
   169.00  0.77050    
   170.00  0.78195    
   171.00  0.79730    
   172.00  0.81782    
   173.00  0.84486    
   174.00  0.87940    
   175.00  0.92133    
   176.00  0.96878    
   177.00   1.0174    
   178.00   1.0607    
   179.00   1.0909    
   180.00   1.1018    
 |--------|------------|
0.370000     micron = Wavelength
0.159042     = Extinction efficiency (Q)
0.140741     = Scattering efficiency (Qs)
0.183011E-01 = Absorption efficiency (Qa)
 12.8889     = Lidar ratio
0.302565E-02 micron^2 = <b> = Average surface area per particle
0.481208E-03 microns^2 = Extinction cross section (C)
0.425835E-03 microns^2 = Scattering cross section (Cs)
0.553728E-04 microns^2 = Absorption cross section (Ca)
 |----------------------------------------------------|
 | COMMENTAIRES:                                      |
 |----------------------------------------------------|
 |   -Cross section / <b> should = efficiency         |
 |    is independant of the normalisation of dN/dx    |
 |   -The integral of the phase fct / 4 pi over all   |
 |    directions (solid angle) = 1.                   |
 |   -The volume coefficient (k) is equal to C * N    |
 |      = cross section * Number density              |
 |      typical units: [um^2]*[particles/cm^3] =      |
 |      [10^-3 km-1]                                  |
 |      N = M/(d*4/3*pi*r^3) where d is the density   |
 |      of particle, M is the mass per unit volume    |
 |      and 4/3*pi*r^3 is the average volume  of a    |
 |      particle.                                     |
 |      typical units:  M -> [ug/m^3], d -> [g/cm^3]  |
 |                      r -> [um]                     |
 |      Lidar ratio= 4 pi Qe / phase_fct(180)*Qs      |
 |----------------------------------------------------|
