 |--------|------------|
 | ANGLE  |  PHASE FCT |
 |--------|------------|
     0.00   64.085    
     1.00   62.593    
     2.00   58.419    
     3.00   52.342    
     4.00   45.314    
     5.00   38.178    
     6.00   31.521    
     7.00   25.666    
     8.00   20.731    
     9.00   16.703    
    10.00   13.491    
    11.00   10.974    
    12.00   9.0264    
    13.00   7.5310    
    14.00   6.3876    
    15.00   5.5142    
    16.00   4.8452    
    17.00   4.3297    
    18.00   3.9286    
    19.00   3.6125    
    20.00   3.3591    
    21.00   3.1520    
    22.00   2.9790    
    23.00   2.8314    
    24.00   2.7026    
    25.00   2.5879    
    26.00   2.4840    
    27.00   2.3884    
    28.00   2.2994    
    29.00   2.2158    
    30.00   2.1367    
    31.00   2.0614    
    32.00   1.9894    
    33.00   1.9205    
    34.00   1.8543    
    35.00   1.7906    
    36.00   1.7293    
    37.00   1.6703    
    38.00   1.6134    
    39.00   1.5586    
    40.00   1.5057    
    41.00   1.4548    
    42.00   1.4057    
    43.00   1.3584    
    44.00   1.3128    
    45.00   1.2689    
    46.00   1.2265    
    47.00   1.1858    
    48.00   1.1465    
    49.00   1.1087    
    50.00   1.0723    
    51.00   1.0373    
    52.00   1.0036    
    53.00  0.97110    
    54.00  0.93988    
    55.00  0.90983    
    56.00  0.88094    
    57.00  0.85315    
    58.00  0.82644    
    59.00  0.80074    
    60.00  0.77605    
    61.00  0.75232    
    62.00  0.72952    
    63.00  0.70762    
    64.00  0.68658    
    65.00  0.66638    
    66.00  0.64699    
    67.00  0.62839    
    68.00  0.61053    
    69.00  0.59342    
    70.00  0.57700    
    71.00  0.56127    
    72.00  0.54621    
    73.00  0.53178    
    74.00  0.51796    
    75.00  0.50475    
    76.00  0.49211    
    77.00  0.48002    
    78.00  0.46849    
    79.00  0.45747    
    80.00  0.44696    
    81.00  0.43694    
    82.00  0.42739    
    83.00  0.41830    
    84.00  0.40965    
    85.00  0.40143    
    86.00  0.39362    
    87.00  0.38622    
    88.00  0.37921    
    89.00  0.37257    
    90.00  0.36630    
    91.00  0.36038    
    92.00  0.35481    
    93.00  0.34957    
    94.00  0.34465    
    95.00  0.34005    
    96.00  0.33575    
    97.00  0.33174    
    98.00  0.32802    
    99.00  0.32458    
   100.00  0.32141    
   101.00  0.31850    
   102.00  0.31585    
   103.00  0.31345    
   104.00  0.31129    
   105.00  0.30937    
   106.00  0.30768    
   107.00  0.30621    
   108.00  0.30496    
   109.00  0.30393    
   110.00  0.30310    
   111.00  0.30249    
   112.00  0.30207    
   113.00  0.30186    
   114.00  0.30184    
   115.00  0.30202    
   116.00  0.30238    
   117.00  0.30294    
   118.00  0.30369    
   119.00  0.30462    
   120.00  0.30574    
   121.00  0.30706    
   122.00  0.30857    
   123.00  0.31027    
   124.00  0.31218    
   125.00  0.31429    
   126.00  0.31661    
   127.00  0.31915    
   128.00  0.32191    
   129.00  0.32491    
   130.00  0.32816    
   131.00  0.33167    
   132.00  0.33545    
   133.00  0.33952    
   134.00  0.34390    
   135.00  0.34860    
   136.00  0.35364    
   137.00  0.35905    
   138.00  0.36484    
   139.00  0.37104    
   140.00  0.37766    
   141.00  0.38474    
   142.00  0.39228    
   143.00  0.40032    
   144.00  0.40886    
   145.00  0.41793    
   146.00  0.42755    
   147.00  0.43774    
   148.00  0.44852    
   149.00  0.45991    
   150.00  0.47196    
   151.00  0.48468    
   152.00  0.49815    
   153.00  0.51241    
   154.00  0.52751    
   155.00  0.54352    
   156.00  0.56045    
   157.00  0.57829    
   158.00  0.59693    
   159.00  0.61612    
   160.00  0.63543    
   161.00  0.65417    
   162.00  0.67140    
   163.00  0.68586    
   164.00  0.69606    
   165.00  0.70050    
   166.00  0.69781    
   167.00  0.68710    
   168.00  0.66834    
   169.00  0.64253    
   170.00  0.61187    
   171.00  0.57956    
   172.00  0.54961    
   173.00  0.52641    
   174.00  0.51414    
   175.00  0.51577    
   176.00  0.53182    
   177.00  0.55915    
   178.00  0.59040    
   179.00  0.61542    
   180.00  0.62501    
 |--------|------------|
0.520000     micron = Wavelength
0.142590     = Extinction efficiency (Q)
0.131323     = Scattering efficiency (Qs)
0.112668E-01 = Absorption efficiency (Qa)
 21.8310     = Lidar ratio
0.628002E-02 micron^2 = <b> = Average surface area per particle
0.895465E-03 microns^2 = Extinction cross section (C)
0.824709E-03 microns^2 = Scattering cross section (Cs)
0.707559E-04 microns^2 = Absorption cross section (Ca)
 |----------------------------------------------------|
 | COMMENTAIRES:                                      |
 |----------------------------------------------------|
 |   -Cross section / <b> should = efficiency         |
 |    is independant of the normalisation of dN/dx    |
 |   -The integral of the phase fct / 4 pi over all   |
 |    directions (solid angle) = 1.                   |
 |   -The volume coefficient (k) is equal to C * N    |
 |      = cross section * Number density              |
 |      typical units: [um^2]*[particles/cm^3] =      |
 |      [10^-3 km-1]                                  |
 |      N = M/(d*4/3*pi*r^3) where d is the density   |
 |      of particle, M is the mass per unit volume    |
 |      and 4/3*pi*r^3 is the average volume  of a    |
 |      particle.                                     |
 |      typical units:  M -> [ug/m^3], d -> [g/cm^3]  |
 |                      r -> [um]                     |
 |      Lidar ratio= 4 pi Qe / phase_fct(180)*Qs      |
 |----------------------------------------------------|
