 |--------|------------|
 | ANGLE  |  PHASE FCT |
 |--------|------------|
     0.00   136.58    
     1.00   131.19    
     2.00   116.70    
     3.00   97.125    
     4.00   76.762    
     5.00   58.546    
     6.00   43.707    
     7.00   32.311    
     8.00   23.898    
     9.00   17.858    
    10.00   13.598    
    11.00   10.617    
    12.00   8.5317    
    13.00   7.0660    
    14.00   6.0227    
    15.00   5.2663    
    16.00   4.7052    
    17.00   4.2771    
    18.00   3.9396    
    19.00   3.6650    
    20.00   3.4351    
    21.00   3.2374    
    22.00   3.0629    
    23.00   2.9061    
    24.00   2.7634    
    25.00   2.6321    
    26.00   2.5103    
    27.00   2.3965    
    28.00   2.2896    
    29.00   2.1891    
    30.00   2.0944    
    31.00   2.0046    
    32.00   1.9195    
    33.00   1.8386    
    34.00   1.7619    
    35.00   1.6889    
    36.00   1.6193    
    37.00   1.5529    
    38.00   1.4897    
    39.00   1.4293    
    40.00   1.3717    
    41.00   1.3166    
    42.00   1.2640    
    43.00   1.2138    
    44.00   1.1657    
    45.00   1.1198    
    46.00   1.0759    
    47.00   1.0339    
    48.00  0.99374    
    49.00  0.95532    
    50.00  0.91860    
    51.00  0.88348    
    52.00  0.84986    
    53.00  0.81773    
    54.00  0.78700    
    55.00  0.75761    
    56.00  0.72949    
    57.00  0.70261    
    58.00  0.67692    
    59.00  0.65236    
    60.00  0.62887    
    61.00  0.60642    
    62.00  0.58498    
    63.00  0.56448    
    64.00  0.54490    
    65.00  0.52620    
    66.00  0.50835    
    67.00  0.49130    
    68.00  0.47503    
    69.00  0.45951    
    70.00  0.44471    
    71.00  0.43059    
    72.00  0.41714    
    73.00  0.40432    
    74.00  0.39212    
    75.00  0.38050    
    76.00  0.36944    
    77.00  0.35893    
    78.00  0.34895    
    79.00  0.33945    
    80.00  0.33044    
    81.00  0.32189    
    82.00  0.31379    
    83.00  0.30610    
    84.00  0.29882    
    85.00  0.29193    
    86.00  0.28540    
    87.00  0.27924    
    88.00  0.27341    
    89.00  0.26790    
    90.00  0.26271    
    91.00  0.25781    
    92.00  0.25319    
    93.00  0.24884    
    94.00  0.24475    
    95.00  0.24091    
    96.00  0.23730    
    97.00  0.23391    
    98.00  0.23075    
    99.00  0.22779    
   100.00  0.22503    
   101.00  0.22246    
   102.00  0.22008    
   103.00  0.21788    
   104.00  0.21586    
   105.00  0.21400    
   106.00  0.21232    
   107.00  0.21079    
   108.00  0.20942    
   109.00  0.20822    
   110.00  0.20716    
   111.00  0.20626    
   112.00  0.20552    
   113.00  0.20493    
   114.00  0.20449    
   115.00  0.20421    
   116.00  0.20409    
   117.00  0.20413    
   118.00  0.20433    
   119.00  0.20470    
   120.00  0.20525    
   121.00  0.20598    
   122.00  0.20690    
   123.00  0.20802    
   124.00  0.20936    
   125.00  0.21092    
   126.00  0.21272    
   127.00  0.21478    
   128.00  0.21712    
   129.00  0.21976    
   130.00  0.22272    
   131.00  0.22604    
   132.00  0.22973    
   133.00  0.23383    
   134.00  0.23838    
   135.00  0.24340    
   136.00  0.24894    
   137.00  0.25502    
   138.00  0.26168    
   139.00  0.26896    
   140.00  0.27687    
   141.00  0.28543    
   142.00  0.29464    
   143.00  0.30450    
   144.00  0.31498    
   145.00  0.32604    
   146.00  0.33761    
   147.00  0.34960    
   148.00  0.36189    
   149.00  0.37434    
   150.00  0.38680    
   151.00  0.39910    
   152.00  0.41107    
   153.00  0.42259    
   154.00  0.43355    
   155.00  0.44393    
   156.00  0.45383    
   157.00  0.46349    
   158.00  0.47324    
   159.00  0.48354    
   160.00  0.49496    
   161.00  0.50799    
   162.00  0.52296    
   163.00  0.53992    
   164.00  0.55835    
   165.00  0.57694    
   166.00  0.59366    
   167.00  0.60596    
   168.00  0.61119    
   169.00  0.60741    
   170.00  0.59418    
   171.00  0.57269    
   172.00  0.54551    
   173.00  0.51688    
   174.00  0.49289    
   175.00  0.48115    
   176.00  0.48942    
   177.00  0.52194    
   178.00  0.57240    
   179.00  0.62031    
   180.00  0.64022    
 |--------|------------|
0.710000     micron = Wavelength
0.194731     = Extinction efficiency (Q)
0.179205     = Scattering efficiency (Qs)
0.155256E-01 = Absorption efficiency (Qa)
 21.3287     = Lidar ratio
0.116613E-01 micron^2 = <b> = Average surface area per particle
0.227082E-02 microns^2 = Extinction cross section (C)
0.208977E-02 microns^2 = Scattering cross section (Cs)
0.181049E-03 microns^2 = Absorption cross section (Ca)
 |----------------------------------------------------|
 | COMMENTAIRES:                                      |
 |----------------------------------------------------|
 |   -Cross section / <b> should = efficiency         |
 |    is independant of the normalisation of dN/dx    |
 |   -The integral of the phase fct / 4 pi over all   |
 |    directions (solid angle) = 1.                   |
 |   -The volume coefficient (k) is equal to C * N    |
 |      = cross section * Number density              |
 |      typical units: [um^2]*[particles/cm^3] =      |
 |      [10^-3 km-1]                                  |
 |      N = M/(d*4/3*pi*r^3) where d is the density   |
 |      of particle, M is the mass per unit volume    |
 |      and 4/3*pi*r^3 is the average volume  of a    |
 |      particle.                                     |
 |      typical units:  M -> [ug/m^3], d -> [g/cm^3]  |
 |                      r -> [um]                     |
 |      Lidar ratio= 4 pi Qe / phase_fct(180)*Qs      |
 |----------------------------------------------------|
