 |--------|------------|
 | ANGLE  |  PHASE FCT |
 |--------|------------|
     0.00   168.29    
     1.00   156.82    
     2.00   127.64    
     3.00   92.499    
     4.00   61.802    
     5.00   39.874    
     6.00   25.898    
     7.00   17.356    
     8.00   12.200    
     9.00   9.1355    
    10.00   7.3061    
    11.00   6.1646    
    12.00   5.4138    
    13.00   4.8963    
    14.00   4.5162    
    15.00   4.2203    
    16.00   3.9819    
    17.00   3.7807    
    18.00   3.6022    
    19.00   3.4425    
    20.00   3.3006    
    21.00   3.1717    
    22.00   3.0505    
    23.00   2.9363    
    24.00   2.8298    
    25.00   2.7303    
    26.00   2.6359    
    27.00   2.5450    
    28.00   2.4580    
    29.00   2.3756    
    30.00   2.2971    
    31.00   2.2210    
    32.00   2.1473    
    33.00   2.0769    
    34.00   2.0098    
    35.00   1.9445    
    36.00   1.8811    
    37.00   1.8202    
    38.00   1.7619    
    39.00   1.7052    
    40.00   1.6500    
    41.00   1.5969    
    42.00   1.5459    
    43.00   1.4963    
    44.00   1.4481    
    45.00   1.4015    
    46.00   1.3567    
    47.00   1.3132    
    48.00   1.2709    
    49.00   1.2300    
    50.00   1.1906    
    51.00   1.1524    
    52.00   1.1152    
    53.00   1.0794    
    54.00   1.0448    
    55.00   1.0112    
    56.00  0.97865    
    57.00  0.94725    
    58.00  0.91696    
    59.00  0.88761    
    60.00  0.85917    
    61.00  0.83176    
    62.00  0.80535    
    63.00  0.77979    
    64.00  0.75508    
    65.00  0.73129    
    66.00  0.70838    
    67.00  0.68626    
    68.00  0.66492    
    69.00  0.64441    
    70.00  0.62469    
    71.00  0.60569    
    72.00  0.58739    
    73.00  0.56986    
    74.00  0.55304    
    75.00  0.53686    
    76.00  0.52134    
    77.00  0.50651    
    78.00  0.49231    
    79.00  0.47870    
    80.00  0.46569    
    81.00  0.45329    
    82.00  0.44145    
    83.00  0.43014    
    84.00  0.41938    
    85.00  0.40915    
    86.00  0.39941    
    87.00  0.39016    
    88.00  0.38137    
    89.00  0.37303    
    90.00  0.36513    
    91.00  0.35764    
    92.00  0.35056    
    93.00  0.34384    
    94.00  0.33751    
    95.00  0.33152    
    96.00  0.32587    
    97.00  0.32053    
    98.00  0.31552    
    99.00  0.31080    
   100.00  0.30635    
   101.00  0.30219    
   102.00  0.29829    
   103.00  0.29464    
   104.00  0.29123    
   105.00  0.28806    
   106.00  0.28512    
   107.00  0.28239    
   108.00  0.27987    
   109.00  0.27757    
   110.00  0.27546    
   111.00  0.27355    
   112.00  0.27183    
   113.00  0.27030    
   114.00  0.26894    
   115.00  0.26776    
   116.00  0.26675    
   117.00  0.26592    
   118.00  0.26525    
   119.00  0.26474    
   120.00  0.26440    
   121.00  0.26422    
   122.00  0.26421    
   123.00  0.26436    
   124.00  0.26467    
   125.00  0.26516    
   126.00  0.26583    
   127.00  0.26668    
   128.00  0.26772    
   129.00  0.26897    
   130.00  0.27044    
   131.00  0.27216    
   132.00  0.27413    
   133.00  0.27638    
   134.00  0.27895    
   135.00  0.28186    
   136.00  0.28515    
   137.00  0.28884    
   138.00  0.29300    
   139.00  0.29765    
   140.00  0.30282    
   141.00  0.30856    
   142.00  0.31488    
   143.00  0.32179    
   144.00  0.32928    
   145.00  0.33733    
   146.00  0.34589    
   147.00  0.35484    
   148.00  0.36403    
   149.00  0.37333    
   150.00  0.38254    
   151.00  0.39137    
   152.00  0.39958    
   153.00  0.40696    
   154.00  0.41322    
   155.00  0.41814    
   156.00  0.42174    
   157.00  0.42409    
   158.00  0.42530    
   159.00  0.42575    
   160.00  0.42609    
   161.00  0.42685    
   162.00  0.42862    
   163.00  0.43238    
   164.00  0.43885    
   165.00  0.44800    
   166.00  0.45964    
   167.00  0.47344    
   168.00  0.48811    
   169.00  0.50262    
   170.00  0.51761    
   171.00  0.53328    
   172.00  0.54676    
   173.00  0.55393    
   174.00  0.55116    
   175.00  0.53503    
   176.00  0.50896    
   177.00  0.49176    
   178.00  0.50397    
   179.00  0.53761    
   180.00  0.55607    
 |--------|------------|
0.490000     micron = Wavelength
0.288073     = Extinction efficiency (Q)
0.267481     = Scattering efficiency (Qs)
0.205913E-01 = Absorption efficiency (Qa)
 24.3381     = Lidar ratio
0.116525E-01 micron^2 = <b> = Average surface area per particle
0.335676E-02 microns^2 = Extinction cross section (C)
0.311682E-02 microns^2 = Scattering cross section (Cs)
0.239939E-03 microns^2 = Absorption cross section (Ca)
 |----------------------------------------------------|
 | COMMENTAIRES:                                      |
 |----------------------------------------------------|
 |   -Cross section / <b> should = efficiency         |
 |    is independant of the normalisation of dN/dx    |
 |   -The integral of the phase fct / 4 pi over all   |
 |    directions (solid angle) = 1.                   |
 |   -The volume coefficient (k) is equal to C * N    |
 |      = cross section * Number density              |
 |      typical units: [um^2]*[particles/cm^3] =      |
 |      [10^-3 km-1]                                  |
 |      N = M/(d*4/3*pi*r^3) where d is the density   |
 |      of particle, M is the mass per unit volume    |
 |      and 4/3*pi*r^3 is the average volume  of a    |
 |      particle.                                     |
 |      typical units:  M -> [ug/m^3], d -> [g/cm^3]  |
 |                      r -> [um]                     |
 |      Lidar ratio= 4 pi Qe / phase_fct(180)*Qs      |
 |----------------------------------------------------|
