 |--------|------------|
 | ANGLE  |  PHASE FCT |
 |--------|------------|
     0.00   40.392    
     1.00   39.966    
     2.00   38.732    
     3.00   36.806    
     4.00   34.356    
     5.00   31.568    
     6.00   28.616    
     7.00   25.650    
     8.00   22.787    
     9.00   20.105    
    10.00   17.653    
    11.00   15.454    
    12.00   13.512    
    13.00   11.818    
    14.00   10.355    
    15.00   9.1011    
    16.00   8.0314    
    17.00   7.1227    
    18.00   6.3521    
    19.00   5.6992    
    20.00   5.1454    
    21.00   4.6747    
    22.00   4.2730    
    23.00   3.9286    
    24.00   3.6315    
    25.00   3.3734    
    26.00   3.1476    
    27.00   2.9483    
    28.00   2.7711    
    29.00   2.6121    
    30.00   2.4683    
    31.00   2.3374    
    32.00   2.2173    
    33.00   2.1066    
    34.00   2.0038    
    35.00   1.9080    
    36.00   1.8184    
    37.00   1.7343    
    38.00   1.6550    
    39.00   1.5803    
    40.00   1.5096    
    41.00   1.4427    
    42.00   1.3793    
    43.00   1.3192    
    44.00   1.2621    
    45.00   1.2078    
    46.00   1.1563    
    47.00   1.1073    
    48.00   1.0607    
    49.00   1.0164    
    50.00  0.97428    
    51.00  0.93420    
    52.00  0.89609    
    53.00  0.85983    
    54.00  0.82534    
    55.00  0.79254    
    56.00  0.76133    
    57.00  0.73164    
    58.00  0.70340    
    59.00  0.67653    
    60.00  0.65097    
    61.00  0.62665    
    62.00  0.60351    
    63.00  0.58149    
    64.00  0.56055    
    65.00  0.54061    
    66.00  0.52165    
    67.00  0.50361    
    68.00  0.48644    
    69.00  0.47010    
    70.00  0.45456    
    71.00  0.43977    
    72.00  0.42570    
    73.00  0.41231    
    74.00  0.39958    
    75.00  0.38747    
    76.00  0.37595    
    77.00  0.36499    
    78.00  0.35458    
    79.00  0.34469    
    80.00  0.33528    
    81.00  0.32635    
    82.00  0.31788    
    83.00  0.30983    
    84.00  0.30219    
    85.00  0.29495    
    86.00  0.28809    
    87.00  0.28160    
    88.00  0.27545    
    89.00  0.26964    
    90.00  0.26416    
    91.00  0.25898    
    92.00  0.25411    
    93.00  0.24952    
    94.00  0.24522    
    95.00  0.24118    
    96.00  0.23740    
    97.00  0.23387    
    98.00  0.23058    
    99.00  0.22754    
   100.00  0.22471    
   101.00  0.22212    
   102.00  0.21973    
   103.00  0.21756    
   104.00  0.21559    
   105.00  0.21382    
   106.00  0.21224    
   107.00  0.21086    
   108.00  0.20966    
   109.00  0.20865    
   110.00  0.20782    
   111.00  0.20716    
   112.00  0.20669    
   113.00  0.20638    
   114.00  0.20625    
   115.00  0.20630    
   116.00  0.20652    
   117.00  0.20691    
   118.00  0.20747    
   119.00  0.20822    
   120.00  0.20914    
   121.00  0.21024    
   122.00  0.21153    
   123.00  0.21301    
   124.00  0.21468    
   125.00  0.21656    
   126.00  0.21865    
   127.00  0.22095    
   128.00  0.22349    
   129.00  0.22626    
   130.00  0.22930    
   131.00  0.23259    
   132.00  0.23618    
   133.00  0.24007    
   134.00  0.24429    
   135.00  0.24886    
   136.00  0.25381    
   137.00  0.25917    
   138.00  0.26498    
   139.00  0.27126    
   140.00  0.27807    
   141.00  0.28545    
   142.00  0.29344    
   143.00  0.30211    
   144.00  0.31151    
   145.00  0.32171    
   146.00  0.33275    
   147.00  0.34470    
   148.00  0.35760    
   149.00  0.37150    
   150.00  0.38640    
   151.00  0.40231    
   152.00  0.41914    
   153.00  0.43679    
   154.00  0.45506    
   155.00  0.47366    
   156.00  0.49219    
   157.00  0.51012    
   158.00  0.52683    
   159.00  0.54153    
   160.00  0.55339    
   161.00  0.56154    
   162.00  0.56516    
   163.00  0.56356    
   164.00  0.55638    
   165.00  0.54364    
   166.00  0.52591    
   167.00  0.50437    
   168.00  0.48078    
   169.00  0.45742    
   170.00  0.43685    
   171.00  0.42166    
   172.00  0.41407    
   173.00  0.41552    
   174.00  0.42632    
   175.00  0.44539    
   176.00  0.47012    
   177.00  0.49663    
   178.00  0.52030    
   179.00  0.53669    
   180.00  0.54255    
 |--------|------------|
0.546000     micron = Wavelength
0.113217     = Extinction efficiency (Q)
0.103964     = Scattering efficiency (Qs)
0.925306E-02 = Absorption efficiency (Qa)
 25.2234     = Lidar ratio
0.336362E-02 micron^2 = <b> = Average surface area per particle
0.380820E-03 microns^2 = Extinction cross section (C)
0.349696E-03 microns^2 = Scattering cross section (Cs)
0.311238E-04 microns^2 = Absorption cross section (Ca)
 |----------------------------------------------------|
 | COMMENTAIRES:                                      |
 |----------------------------------------------------|
 |   -Cross section / <b> should = efficiency         |
 |    is independant of the normalisation of dN/dx    |
 |   -The integral of the phase fct / 4 pi over all   |
 |    directions (solid angle) = 1.                   |
 |   -The volume coefficient (k) is equal to C * N    |
 |      = cross section * Number density              |
 |      typical units: [um^2]*[particles/cm^3] =      |
 |      [10^-3 km-1]                                  |
 |      N = M/(d*4/3*pi*r^3) where d is the density   |
 |      of particle, M is the mass per unit volume    |
 |      and 4/3*pi*r^3 is the average volume  of a    |
 |      particle.                                     |
 |      typical units:  M -> [ug/m^3], d -> [g/cm^3]  |
 |                      r -> [um]                     |
 |      Lidar ratio= 4 pi Qe / phase_fct(180)*Qs      |
 |----------------------------------------------------|
