 |--------|------------|
 | ANGLE  |  PHASE FCT |
 |--------|------------|
     0.00   142.45    
     1.00   129.29    
     2.00   97.121    
     3.00   61.671    
     4.00   35.092    
     5.00   20.014    
     6.00   12.747    
     7.00   9.1721    
     8.00   7.2391    
     9.00   6.2098    
    10.00   5.6469    
    11.00   5.2640    
    12.00   4.9716    
    13.00   4.7509    
    14.00   4.5719    
    15.00   4.4170    
    16.00   4.2831    
    17.00   4.1592    
    18.00   4.0370    
    19.00   3.9226    
    20.00   3.8205    
    21.00   3.7231    
    22.00   3.6238    
    23.00   3.5259    
    24.00   3.4338    
    25.00   3.3457    
    26.00   3.2574    
    27.00   3.1682    
    28.00   3.0810    
    29.00   2.9973    
    30.00   2.9149    
    31.00   2.8317    
    32.00   2.7492    
    33.00   2.6697    
    34.00   2.5923    
    35.00   2.5148    
    36.00   2.4379    
    37.00   2.3637    
    38.00   2.2917    
    39.00   2.2200    
    40.00   2.1492    
    41.00   2.0808    
    42.00   2.0145    
    43.00   1.9490    
    44.00   1.8844    
    45.00   1.8221    
    46.00   1.7618    
    47.00   1.7024    
    48.00   1.6443    
    49.00   1.5881    
    50.00   1.5338    
    51.00   1.4806    
    52.00   1.4286    
    53.00   1.3786    
    54.00   1.3302    
    55.00   1.2830    
    56.00   1.2370    
    57.00   1.1929    
    58.00   1.1502    
    59.00   1.1087    
    60.00   1.0685    
    61.00   1.0298    
    62.00  0.99254    
    63.00  0.95640    
    64.00  0.92150    
    65.00  0.88799    
    66.00  0.85573    
    67.00  0.82454    
    68.00  0.79451    
    69.00  0.76571    
    70.00  0.73805    
    71.00  0.71138    
    72.00  0.68573    
    73.00  0.66120    
    74.00  0.63769    
    75.00  0.61506    
    76.00  0.59335    
    77.00  0.57265    
    78.00  0.55284    
    79.00  0.53381    
    80.00  0.51561    
    81.00  0.49831    
    82.00  0.48177    
    83.00  0.46593    
    84.00  0.45085    
    85.00  0.43652    
    86.00  0.42285    
    87.00  0.40982    
    88.00  0.39744    
    89.00  0.38567    
    90.00  0.37448    
    91.00  0.36385    
    92.00  0.35376    
    93.00  0.34417    
    94.00  0.33508    
    95.00  0.32647    
    96.00  0.31828    
    97.00  0.31052    
    98.00  0.30319    
    99.00  0.29625    
   100.00  0.28966    
   101.00  0.28344    
   102.00  0.27758    
   103.00  0.27203    
   104.00  0.26679    
   105.00  0.26187    
   106.00  0.25725    
   107.00  0.25288    
   108.00  0.24880    
   109.00  0.24498    
   110.00  0.24141    
   111.00  0.23807    
   112.00  0.23498    
   113.00  0.23211    
   114.00  0.22946    
   115.00  0.22702    
   116.00  0.22479    
   117.00  0.22275    
   118.00  0.22090    
   119.00  0.21924    
   120.00  0.21776    
   121.00  0.21645    
   122.00  0.21531    
   123.00  0.21433    
   124.00  0.21352    
   125.00  0.21286    
   126.00  0.21236    
   127.00  0.21202    
   128.00  0.21184    
   129.00  0.21181    
   130.00  0.21194    
   131.00  0.21225    
   132.00  0.21273    
   133.00  0.21340    
   134.00  0.21427    
   135.00  0.21536    
   136.00  0.21667    
   137.00  0.21825    
   138.00  0.22013    
   139.00  0.22233    
   140.00  0.22486    
   141.00  0.22776    
   142.00  0.23108    
   143.00  0.23482    
   144.00  0.23899    
   145.00  0.24360    
   146.00  0.24864    
   147.00  0.25398    
   148.00  0.25953    
   149.00  0.26525    
   150.00  0.27100    
   151.00  0.27646    
   152.00  0.28146    
   153.00  0.28590    
   154.00  0.28948    
   155.00  0.29194    
   156.00  0.29340    
   157.00  0.29401    
   158.00  0.29365    
   159.00  0.29264    
   160.00  0.29167    
   161.00  0.29088    
   162.00  0.29033    
   163.00  0.29096    
   164.00  0.29330    
   165.00  0.29670    
   166.00  0.30112    
   167.00  0.30725    
   168.00  0.31414    
   169.00  0.32093    
   170.00  0.33036    
   171.00  0.34477    
   172.00  0.36152    
   173.00  0.37815    
   174.00  0.39374    
   175.00  0.39846    
   176.00  0.37876    
   177.00  0.34493    
   178.00  0.33028    
   179.00  0.34500    
   180.00  0.35769    
 |--------|------------|
0.360000     micron = Wavelength
0.490602     = Extinction efficiency (Q)
0.464621     = Scattering efficiency (Qs)
0.259809E-01 = Absorption efficiency (Qa)
 37.0969     = Lidar ratio
0.116138E-01 micron^2 = <b> = Average surface area per particle
0.569776E-02 microns^2 = Extinction cross section (C)
0.539602E-02 microns^2 = Scattering cross section (Cs)
0.301737E-03 microns^2 = Absorption cross section (Ca)
 |----------------------------------------------------|
 | COMMENTAIRES:                                      |
 |----------------------------------------------------|
 |   -Cross section / <b> should = efficiency         |
 |    is independant of the normalisation of dN/dx    |
 |   -The integral of the phase fct / 4 pi over all   |
 |    directions (solid angle) = 1.                   |
 |   -The volume coefficient (k) is equal to C * N    |
 |      = cross section * Number density              |
 |      typical units: [um^2]*[particles/cm^3] =      |
 |      [10^-3 km-1]                                  |
 |      N = M/(d*4/3*pi*r^3) where d is the density   |
 |      of particle, M is the mass per unit volume    |
 |      and 4/3*pi*r^3 is the average volume  of a    |
 |      particle.                                     |
 |      typical units:  M -> [ug/m^3], d -> [g/cm^3]  |
 |                      r -> [um]                     |
 |      Lidar ratio= 4 pi Qe / phase_fct(180)*Qs      |
 |----------------------------------------------------|
