 |--------|------------|
 | ANGLE  |  PHASE FCT |
 |--------|------------|
     0.00   68.359    
     1.00   66.542    
     2.00   61.502    
     3.00   54.288    
     4.00   46.138    
     5.00   38.091    
     6.00   30.806    
     7.00   24.591    
     8.00   19.511    
     9.00   15.486    
    10.00   12.369    
    11.00   9.9919    
    12.00   8.1989    
    13.00   6.8542    
    14.00   5.8472    
    15.00   5.0912    
    16.00   4.5199    
    17.00   4.0836    
    18.00   3.7454    
    19.00   3.4783    
    20.00   3.2627    
    21.00   3.0844    
    22.00   2.9331    
    23.00   2.8017    
    24.00   2.6850    
    25.00   2.5794    
    26.00   2.4823    
    27.00   2.3919    
    28.00   2.3069    
    29.00   2.2264    
    30.00   2.1498    
    31.00   2.0766    
    32.00   2.0064    
    33.00   1.9390    
    34.00   1.8741    
    35.00   1.8116    
    36.00   1.7514    
    37.00   1.6934    
    38.00   1.6374    
    39.00   1.5834    
    40.00   1.5313    
    41.00   1.4810    
    42.00   1.4324    
    43.00   1.3856    
    44.00   1.3404    
    45.00   1.2968    
    46.00   1.2548    
    47.00   1.2142    
    48.00   1.1751    
    49.00   1.1373    
    50.00   1.1010    
    51.00   1.0659    
    52.00   1.0321    
    53.00  0.99945    
    54.00  0.96803    
    55.00  0.93775    
    56.00  0.90858    
    57.00  0.88049    
    58.00  0.85342    
    59.00  0.82736    
    60.00  0.80227    
    61.00  0.77813    
    62.00  0.75489    
    63.00  0.73253    
    64.00  0.71103    
    65.00  0.69036    
    66.00  0.67049    
    67.00  0.65140    
    68.00  0.63306    
    69.00  0.61545    
    70.00  0.59855    
    71.00  0.58234    
    72.00  0.56679    
    73.00  0.55189    
    74.00  0.53762    
    75.00  0.52395    
    76.00  0.51087    
    77.00  0.49836    
    78.00  0.48641    
    79.00  0.47498    
    80.00  0.46408    
    81.00  0.45368    
    82.00  0.44378    
    83.00  0.43434    
    84.00  0.42536    
    85.00  0.41682    
    86.00  0.40871    
    87.00  0.40102    
    88.00  0.39373    
    89.00  0.38683    
    90.00  0.38031    
    91.00  0.37416    
    92.00  0.36836    
    93.00  0.36290    
    94.00  0.35778    
    95.00  0.35298    
    96.00  0.34849    
    97.00  0.34431    
    98.00  0.34042    
    99.00  0.33682    
   100.00  0.33350    
   101.00  0.33045    
   102.00  0.32766    
   103.00  0.32512    
   104.00  0.32283    
   105.00  0.32079    
   106.00  0.31898    
   107.00  0.31740    
   108.00  0.31604    
   109.00  0.31490    
   110.00  0.31398    
   111.00  0.31326    
   112.00  0.31275    
   113.00  0.31244    
   114.00  0.31233    
   115.00  0.31242    
   116.00  0.31270    
   117.00  0.31317    
   118.00  0.31383    
   119.00  0.31468    
   120.00  0.31572    
   121.00  0.31695    
   122.00  0.31838    
   123.00  0.32000    
   124.00  0.32183    
   125.00  0.32386    
   126.00  0.32610    
   127.00  0.32856    
   128.00  0.33124    
   129.00  0.33417    
   130.00  0.33734    
   131.00  0.34077    
   132.00  0.34448    
   133.00  0.34848    
   134.00  0.35278    
   135.00  0.35740    
   136.00  0.36237    
   137.00  0.36769    
   138.00  0.37340    
   139.00  0.37950    
   140.00  0.38601    
   141.00  0.39295    
   142.00  0.40032    
   143.00  0.40814    
   144.00  0.41641    
   145.00  0.42513    
   146.00  0.43429    
   147.00  0.44388    
   148.00  0.45388    
   149.00  0.46430    
   150.00  0.47511    
   151.00  0.48630    
   152.00  0.49788    
   153.00  0.50987    
   154.00  0.52230    
   155.00  0.53523    
   156.00  0.54873    
   157.00  0.56288    
   158.00  0.57772    
   159.00  0.59324    
   160.00  0.60929    
   161.00  0.62552    
   162.00  0.64134    
   163.00  0.65584    
   164.00  0.66779    
   165.00  0.67570    
   166.00  0.67798    
   167.00  0.67335    
   168.00  0.66109    
   169.00  0.64145    
   170.00  0.61591    
   171.00  0.58716    
   172.00  0.55885    
   173.00  0.53538    
   174.00  0.52129    
   175.00  0.52041    
   176.00  0.53436    
   177.00  0.56099    
   178.00  0.59315    
   179.00  0.61974    
   180.00  0.63010    
 |--------|------------|
0.530000     micron = Wavelength
0.152007     = Extinction efficiency (Q)
0.140830     = Scattering efficiency (Qs)
0.111764E-01 = Absorption efficiency (Qa)
 21.5262     = Lidar ratio
0.747900E-02 micron^2 = <b> = Average surface area per particle
0.113686E-02 microns^2 = Extinction cross section (C)
0.105327E-02 microns^2 = Scattering cross section (Cs)
0.835880E-04 microns^2 = Absorption cross section (Ca)
 |----------------------------------------------------|
 | COMMENTAIRES:                                      |
 |----------------------------------------------------|
 |   -Cross section / <b> should = efficiency         |
 |    is independant of the normalisation of dN/dx    |
 |   -The integral of the phase fct / 4 pi over all   |
 |    directions (solid angle) = 1.                   |
 |   -The volume coefficient (k) is equal to C * N    |
 |      = cross section * Number density              |
 |      typical units: [um^2]*[particles/cm^3] =      |
 |      [10^-3 km-1]                                  |
 |      N = M/(d*4/3*pi*r^3) where d is the density   |
 |      of particle, M is the mass per unit volume    |
 |      and 4/3*pi*r^3 is the average volume  of a    |
 |      particle.                                     |
 |      typical units:  M -> [ug/m^3], d -> [g/cm^3]  |
 |                      r -> [um]                     |
 |      Lidar ratio= 4 pi Qe / phase_fct(180)*Qs      |
 |----------------------------------------------------|
