 |--------|------------|
 | ANGLE  |  PHASE FCT |
 |--------|------------|
     0.00   69.063    
     1.00   65.857    
     2.00   57.383    
     3.00   46.337    
     4.00   35.428    
     5.00   26.273    
     6.00   19.307    
     7.00   14.299    
     8.00   10.821    
     9.00   8.4639    
    10.00   6.8839    
    11.00   5.8218    
    12.00   5.0996    
    13.00   4.5993    
    14.00   4.2420    
    15.00   3.9768    
    16.00   3.7716    
    17.00   3.6060    
    18.00   3.4670    
    19.00   3.3464    
    20.00   3.2389    
    21.00   3.1406    
    22.00   3.0490    
    23.00   2.9629    
    24.00   2.8813    
    25.00   2.8033    
    26.00   2.7282    
    27.00   2.6557    
    28.00   2.5856    
    29.00   2.5177    
    30.00   2.4516    
    31.00   2.3872    
    32.00   2.3245    
    33.00   2.2633    
    34.00   2.2035    
    35.00   2.1450    
    36.00   2.0878    
    37.00   2.0319    
    38.00   1.9772    
    39.00   1.9236    
    40.00   1.8711    
    41.00   1.8199    
    42.00   1.7697    
    43.00   1.7205    
    44.00   1.6724    
    45.00   1.6254    
    46.00   1.5795    
    47.00   1.5345    
    48.00   1.4906    
    49.00   1.4477    
    50.00   1.4059    
    51.00   1.3650    
    52.00   1.3251    
    53.00   1.2863    
    54.00   1.2484    
    55.00   1.2115    
    56.00   1.1755    
    57.00   1.1406    
    58.00   1.1066    
    59.00   1.0735    
    60.00   1.0414    
    61.00   1.0102    
    62.00  0.97989    
    63.00  0.95051    
    64.00  0.92203    
    65.00  0.89445    
    66.00  0.86773    
    67.00  0.84187    
    68.00  0.81687    
    69.00  0.79271    
    70.00  0.76936    
    71.00  0.74683    
    72.00  0.72510    
    73.00  0.70415    
    74.00  0.68397    
    75.00  0.66454    
    76.00  0.64584    
    77.00  0.62788    
    78.00  0.61062    
    79.00  0.59405    
    80.00  0.57815    
    81.00  0.56292    
    82.00  0.54832    
    83.00  0.53435    
    84.00  0.52099    
    85.00  0.50822    
    86.00  0.49603    
    87.00  0.48439    
    88.00  0.47330    
    89.00  0.46274    
    90.00  0.45268    
    91.00  0.44312    
    92.00  0.43404    
    93.00  0.42542    
    94.00  0.41725    
    95.00  0.40952    
    96.00  0.40221    
    97.00  0.39531    
    98.00  0.38880    
    99.00  0.38267    
   100.00  0.37691    
   101.00  0.37151    
   102.00  0.36645    
   103.00  0.36173    
   104.00  0.35733    
   105.00  0.35325    
   106.00  0.34946    
   107.00  0.34597    
   108.00  0.34275    
   109.00  0.33981    
   110.00  0.33714    
   111.00  0.33471    
   112.00  0.33254    
   113.00  0.33060    
   114.00  0.32889    
   115.00  0.32741    
   116.00  0.32613    
   117.00  0.32507    
   118.00  0.32422    
   119.00  0.32356    
   120.00  0.32309    
   121.00  0.32280    
   122.00  0.32271    
   123.00  0.32279    
   124.00  0.32304    
   125.00  0.32348    
   126.00  0.32409    
   127.00  0.32487    
   128.00  0.32583    
   129.00  0.32697    
   130.00  0.32829    
   131.00  0.32980    
   132.00  0.33150    
   133.00  0.33341    
   134.00  0.33553    
   135.00  0.33787    
   136.00  0.34046    
   137.00  0.34329    
   138.00  0.34640    
   139.00  0.34978    
   140.00  0.35347    
   141.00  0.35748    
   142.00  0.36182    
   143.00  0.36649    
   144.00  0.37151    
   145.00  0.37688    
   146.00  0.38257    
   147.00  0.38857    
   148.00  0.39484    
   149.00  0.40134    
   150.00  0.40801    
   151.00  0.41475    
   152.00  0.42149    
   153.00  0.42814    
   154.00  0.43461    
   155.00  0.44082    
   156.00  0.44676    
   157.00  0.45243    
   158.00  0.45789    
   159.00  0.46327    
   160.00  0.46878    
   161.00  0.47459    
   162.00  0.48089    
   163.00  0.48780    
   164.00  0.49522    
   165.00  0.50279    
   166.00  0.50994    
   167.00  0.51599    
   168.00  0.52030    
   169.00  0.52244    
   170.00  0.52233    
   171.00  0.51977    
   172.00  0.51422    
   173.00  0.50548    
   174.00  0.49446    
   175.00  0.48373    
   176.00  0.47782    
   177.00  0.48205    
   178.00  0.49748    
   179.00  0.51608    
   180.00  0.52451    
 |--------|------------|
0.380000     micron = Wavelength
0.267701     = Extinction efficiency (Q)
0.252204     = Scattering efficiency (Qs)
0.154963E-01 = Absorption efficiency (Qa)
 25.4303     = Lidar ratio
0.747851E-02 micron^2 = <b> = Average surface area per particle
0.200200E-02 microns^2 = Extinction cross section (C)
0.188611E-02 microns^2 = Scattering cross section (Cs)
0.115889E-03 microns^2 = Absorption cross section (Ca)
 |----------------------------------------------------|
 | COMMENTAIRES:                                      |
 |----------------------------------------------------|
 |   -Cross section / <b> should = efficiency         |
 |    is independant of the normalisation of dN/dx    |
 |   -The integral of the phase fct / 4 pi over all   |
 |    directions (solid angle) = 1.                   |
 |   -The volume coefficient (k) is equal to C * N    |
 |      = cross section * Number density              |
 |      typical units: [um^2]*[particles/cm^3] =      |
 |      [10^-3 km-1]                                  |
 |      N = M/(d*4/3*pi*r^3) where d is the density   |
 |      of particle, M is the mass per unit volume    |
 |      and 4/3*pi*r^3 is the average volume  of a    |
 |      particle.                                     |
 |      typical units:  M -> [ug/m^3], d -> [g/cm^3]  |
 |                      r -> [um]                     |
 |      Lidar ratio= 4 pi Qe / phase_fct(180)*Qs      |
 |----------------------------------------------------|
