 |--------|------------|
 | ANGLE  |  PHASE FCT |
 |--------|------------|
     0.00   65.739    
     1.00   62.166    
     2.00   52.883    
     3.00   41.195    
     4.00   30.242    
     5.00   21.643    
     6.00   15.558    
     7.00   11.469    
     8.00   8.7968    
     9.00   7.0841    
    10.00   5.9893    
    11.00   5.2760    
    12.00   4.7980    
    13.00   4.4668    
    14.00   4.2255    
    15.00   4.0392    
    16.00   3.8879    
    17.00   3.7593    
    18.00   3.6458    
    19.00   3.5432    
    20.00   3.4482    
    21.00   3.3585    
    22.00   3.2727    
    23.00   3.1903    
    24.00   3.1111    
    25.00   3.0340    
    26.00   2.9586    
    27.00   2.8850    
    28.00   2.8132    
    29.00   2.7428    
    30.00   2.6736    
    31.00   2.6056    
    32.00   2.5388    
    33.00   2.4733    
    34.00   2.4088    
    35.00   2.3452    
    36.00   2.2828    
    37.00   2.2216    
    38.00   2.1613    
    39.00   2.1021    
    40.00   2.0439    
    41.00   1.9868    
    42.00   1.9308    
    43.00   1.8758    
    44.00   1.8219    
    45.00   1.7691    
    46.00   1.7174    
    47.00   1.6668    
    48.00   1.6172    
    49.00   1.5689    
    50.00   1.5216    
    51.00   1.4753    
    52.00   1.4302    
    53.00   1.3863    
    54.00   1.3434    
    55.00   1.3016    
    56.00   1.2609    
    57.00   1.2213    
    58.00   1.1828    
    59.00   1.1454    
    60.00   1.1091    
    61.00   1.0738    
    62.00   1.0396    
    63.00   1.0064    
    64.00  0.97421    
    65.00  0.94309    
    66.00  0.91295    
    67.00  0.88380    
    68.00  0.85563    
    69.00  0.82843    
    70.00  0.80217    
    71.00  0.77682    
    72.00  0.75240    
    73.00  0.72886    
    74.00  0.70620    
    75.00  0.68439    
    76.00  0.66342    
    77.00  0.64327    
    78.00  0.62392    
    79.00  0.60534    
    80.00  0.58753    
    81.00  0.57046    
    82.00  0.55411    
    83.00  0.53845    
    84.00  0.52348    
    85.00  0.50917    
    86.00  0.49550    
    87.00  0.48244    
    88.00  0.46999    
    89.00  0.45812    
    90.00  0.44681    
    91.00  0.43605    
    92.00  0.42581    
    93.00  0.41609    
    94.00  0.40685    
    95.00  0.39808    
    96.00  0.38978    
    97.00  0.38191    
    98.00  0.37448    
    99.00  0.36746    
   100.00  0.36083    
   101.00  0.35459    
   102.00  0.34872    
   103.00  0.34320    
   104.00  0.33803    
   105.00  0.33320    
   106.00  0.32868    
   107.00  0.32448    
   108.00  0.32057    
   109.00  0.31696    
   110.00  0.31362    
   111.00  0.31055    
   112.00  0.30774    
   113.00  0.30517    
   114.00  0.30285    
   115.00  0.30076    
   116.00  0.29889    
   117.00  0.29724    
   118.00  0.29580    
   119.00  0.29456    
   120.00  0.29352    
   121.00  0.29266    
   122.00  0.29199    
   123.00  0.29150    
   124.00  0.29118    
   125.00  0.29104    
   126.00  0.29106    
   127.00  0.29125    
   128.00  0.29161    
   129.00  0.29214    
   130.00  0.29283    
   131.00  0.29369    
   132.00  0.29472    
   133.00  0.29594    
   134.00  0.29734    
   135.00  0.29893    
   136.00  0.30073    
   137.00  0.30274    
   138.00  0.30499    
   139.00  0.30748    
   140.00  0.31022    
   141.00  0.31324    
   142.00  0.31654    
   143.00  0.32014    
   144.00  0.32404    
   145.00  0.32825    
   146.00  0.33275    
   147.00  0.33754    
   148.00  0.34257    
   149.00  0.34781    
   150.00  0.35320    
   151.00  0.35866    
   152.00  0.36410    
   153.00  0.36944    
   154.00  0.37456    
   155.00  0.37937    
   156.00  0.38381    
   157.00  0.38787    
   158.00  0.39154    
   159.00  0.39493    
   160.00  0.39821    
   161.00  0.40157    
   162.00  0.40522    
   163.00  0.40943    
   164.00  0.41430    
   165.00  0.41968    
   166.00  0.42532    
   167.00  0.43093    
   168.00  0.43613    
   169.00  0.44076    
   170.00  0.44485    
   171.00  0.44800    
   172.00  0.44890    
   173.00  0.44615    
   174.00  0.43925    
   175.00  0.42906    
   176.00  0.41920    
   177.00  0.41638    
   178.00  0.42489    
   179.00  0.43923    
   180.00  0.44637    
 |--------|------------|
0.340000     micron = Wavelength
0.339602     = Extinction efficiency (Q)
0.321830     = Scattering efficiency (Qs)
0.177725E-01 = Absorption efficiency (Qa)
 29.7073     = Lidar ratio
0.747774E-02 micron^2 = <b> = Average surface area per particle
0.253946E-02 microns^2 = Extinction cross section (C)
0.240656E-02 microns^2 = Scattering cross section (Cs)
0.132898E-03 microns^2 = Absorption cross section (Ca)
 |----------------------------------------------------|
 | COMMENTAIRES:                                      |
 |----------------------------------------------------|
 |   -Cross section / <b> should = efficiency         |
 |    is independant of the normalisation of dN/dx    |
 |   -The integral of the phase fct / 4 pi over all   |
 |    directions (solid angle) = 1.                   |
 |   -The volume coefficient (k) is equal to C * N    |
 |      = cross section * Number density              |
 |      typical units: [um^2]*[particles/cm^3] =      |
 |      [10^-3 km-1]                                  |
 |      N = M/(d*4/3*pi*r^3) where d is the density   |
 |      of particle, M is the mass per unit volume    |
 |      and 4/3*pi*r^3 is the average volume  of a    |
 |      particle.                                     |
 |      typical units:  M -> [ug/m^3], d -> [g/cm^3]  |
 |                      r -> [um]                     |
 |      Lidar ratio= 4 pi Qe / phase_fct(180)*Qs      |
 |----------------------------------------------------|
