 |--------|------------|
 | ANGLE  |  PHASE FCT |
 |--------|------------|
     0.00   66.457    
     1.00   64.523    
     2.00   59.195    
     3.00   51.663    
     4.00   43.304    
     5.00   35.223    
     6.00   28.070    
     7.00   22.106    
     8.00   17.338    
     9.00   13.642    
    10.00   10.838    
    11.00   8.7431    
    12.00   7.1908    
    13.00   6.0453    
    14.00   5.1988    
    15.00   4.5698    
    16.00   4.0977    
    17.00   3.7382    
    18.00   3.4596    
    19.00   3.2388    
    20.00   3.0595    
    21.00   2.9102    
    22.00   2.7828    
    23.00   2.6713    
    24.00   2.5717    
    25.00   2.4811    
    26.00   2.3974    
    27.00   2.3192    
    28.00   2.2456    
    29.00   2.1757    
    30.00   2.1090    
    31.00   2.0451    
    32.00   1.9837    
    33.00   1.9247    
    34.00   1.8676    
    35.00   1.8126    
    36.00   1.7593    
    37.00   1.7078    
    38.00   1.6578    
    39.00   1.6094    
    40.00   1.5625    
    41.00   1.5170    
    42.00   1.4728    
    43.00   1.4300    
    44.00   1.3884    
    45.00   1.3481    
    46.00   1.3089    
    47.00   1.2709    
    48.00   1.2340    
    49.00   1.1983    
    50.00   1.1636    
    51.00   1.1299    
    52.00   1.0972    
    53.00   1.0656    
    54.00   1.0349    
    55.00   1.0051    
    56.00  0.97633    
    57.00  0.94841    
    58.00  0.92138    
    59.00  0.89521    
    60.00  0.86988    
    61.00  0.84538    
    62.00  0.82168    
    63.00  0.79877    
    64.00  0.77664    
    65.00  0.75526    
    66.00  0.73462    
    67.00  0.71470    
    68.00  0.69548    
    69.00  0.67695    
    70.00  0.65910    
    71.00  0.64190    
    72.00  0.62535    
    73.00  0.60942    
    74.00  0.59410    
    75.00  0.57939    
    76.00  0.56525    
    77.00  0.55168    
    78.00  0.53866    
    79.00  0.52619    
    80.00  0.51424    
    81.00  0.50280    
    82.00  0.49186    
    83.00  0.48141    
    84.00  0.47143    
    85.00  0.46191    
    86.00  0.45284    
    87.00  0.44421    
    88.00  0.43600    
    89.00  0.42821    
    90.00  0.42082    
    91.00  0.41382    
    92.00  0.40720    
    93.00  0.40096    
    94.00  0.39508    
    95.00  0.38954    
    96.00  0.38435    
    97.00  0.37950    
    98.00  0.37496    
    99.00  0.37075    
   100.00  0.36684    
   101.00  0.36322    
   102.00  0.35990    
   103.00  0.35686    
   104.00  0.35410    
   105.00  0.35160    
   106.00  0.34936    
   107.00  0.34737    
   108.00  0.34562    
   109.00  0.34412    
   110.00  0.34284    
   111.00  0.34179    
   112.00  0.34097    
   113.00  0.34035    
   114.00  0.33994    
   115.00  0.33974    
   116.00  0.33973    
   117.00  0.33992    
   118.00  0.34030    
   119.00  0.34087    
   120.00  0.34162    
   121.00  0.34255    
   122.00  0.34367    
   123.00  0.34497    
   124.00  0.34645    
   125.00  0.34811    
   126.00  0.34996    
   127.00  0.35199    
   128.00  0.35422    
   129.00  0.35665    
   130.00  0.35928    
   131.00  0.36213    
   132.00  0.36521    
   133.00  0.36853    
   134.00  0.37210    
   135.00  0.37593    
   136.00  0.38006    
   137.00  0.38449    
   138.00  0.38925    
   139.00  0.39436    
   140.00  0.39984    
   141.00  0.40573    
   142.00  0.41204    
   143.00  0.41880    
   144.00  0.42604    
   145.00  0.43379    
   146.00  0.44206    
   147.00  0.45090    
   148.00  0.46031    
   149.00  0.47034    
   150.00  0.48103    
   151.00  0.49240    
   152.00  0.50452    
   153.00  0.51743    
   154.00  0.53119    
   155.00  0.54586    
   156.00  0.56146    
   157.00  0.57802    
   158.00  0.59546    
   159.00  0.61360    
   160.00  0.63212    
   161.00  0.65047    
   162.00  0.66785    
   163.00  0.68321    
   164.00  0.69530    
   165.00  0.70283    
   166.00  0.70468    
   167.00  0.70017    
   168.00  0.68925    
   169.00  0.67252    
   170.00  0.65123    
   171.00  0.62715    
   172.00  0.60264    
   173.00  0.58077    
   174.00  0.56529    
   175.00  0.56002    
   176.00  0.56754    
   177.00  0.58728    
   178.00  0.61371    
   179.00  0.63672    
   180.00  0.64589    
 |--------|------------|
0.390000     micron = Wavelength
0.172480     = Extinction efficiency (Q)
0.158483     = Scattering efficiency (Qs)
0.139962E-01 = Absorption efficiency (Qa)
 21.1742     = Lidar ratio
0.446406E-02 micron^2 = <b> = Average surface area per particle
0.769959E-03 microns^2 = Extinction cross section (C)
0.707479E-03 microns^2 = Scattering cross section (Cs)
0.624799E-04 microns^2 = Absorption cross section (Ca)
 |----------------------------------------------------|
 | COMMENTAIRES:                                      |
 |----------------------------------------------------|
 |   -Cross section / <b> should = efficiency         |
 |    is independant of the normalisation of dN/dx    |
 |   -The integral of the phase fct / 4 pi over all   |
 |    directions (solid angle) = 1.                   |
 |   -The volume coefficient (k) is equal to C * N    |
 |      = cross section * Number density              |
 |      typical units: [um^2]*[particles/cm^3] =      |
 |      [10^-3 km-1]                                  |
 |      N = M/(d*4/3*pi*r^3) where d is the density   |
 |      of particle, M is the mass per unit volume    |
 |      and 4/3*pi*r^3 is the average volume  of a    |
 |      particle.                                     |
 |      typical units:  M -> [ug/m^3], d -> [g/cm^3]  |
 |                      r -> [um]                     |
 |      Lidar ratio= 4 pi Qe / phase_fct(180)*Qs      |
 |----------------------------------------------------|
