 |--------|------------|
 | ANGLE  |  PHASE FCT |
 |--------|------------|
     0.00   53.856    
     1.00   52.836    
     2.00   49.949    
     3.00   45.647    
     4.00   40.512    
     5.00   35.099    
     6.00   29.838    
     7.00   25.013    
     8.00   20.770    
     9.00   17.158    
    10.00   14.158    
    11.00   11.712    
    12.00   9.7465    
    13.00   8.1827    
    14.00   6.9476    
    15.00   5.9759    
    16.00   5.2127    
    17.00   4.6123    
    18.00   4.1383    
    19.00   3.7615    
    20.00   3.4593    
    21.00   3.2138    
    22.00   3.0116    
    23.00   2.8422    
    24.00   2.6977    
    25.00   2.5721    
    26.00   2.4610    
    27.00   2.3611    
    28.00   2.2699    
    29.00   2.1856    
    30.00   2.1068    
    31.00   2.0325    
    32.00   1.9621    
    33.00   1.8950    
    34.00   1.8308    
    35.00   1.7692    
    36.00   1.7099    
    37.00   1.6529    
    38.00   1.5979    
    39.00   1.5449    
    40.00   1.4937    
    41.00   1.4444    
    42.00   1.3967    
    43.00   1.3508    
    44.00   1.3065    
    45.00   1.2637    
    46.00   1.2224    
    47.00   1.1827    
    48.00   1.1443    
    49.00   1.1073    
    50.00   1.0717    
    51.00   1.0374    
    52.00   1.0043    
    53.00  0.97241    
    54.00  0.94172    
    55.00  0.91218    
    56.00  0.88374    
    57.00  0.85635    
    58.00  0.83001    
    59.00  0.80466    
    60.00  0.78029    
    61.00  0.75684    
    62.00  0.73429    
    63.00  0.71262    
    64.00  0.69178    
    65.00  0.67177    
    66.00  0.65255    
    67.00  0.63408    
    68.00  0.61635    
    69.00  0.59933    
    70.00  0.58300    
    71.00  0.56734    
    72.00  0.55232    
    73.00  0.53793    
    74.00  0.52414    
    75.00  0.51093    
    76.00  0.49829    
    77.00  0.48619    
    78.00  0.47462    
    79.00  0.46357    
    80.00  0.45301    
    81.00  0.44293    
    82.00  0.43333    
    83.00  0.42417    
    84.00  0.41545    
    85.00  0.40715    
    86.00  0.39927    
    87.00  0.39179    
    88.00  0.38470    
    89.00  0.37798    
    90.00  0.37163    
    91.00  0.36564    
    92.00  0.35999    
    93.00  0.35468    
    94.00  0.34969    
    95.00  0.34503    
    96.00  0.34067    
    97.00  0.33661    
    98.00  0.33285    
    99.00  0.32937    
   100.00  0.32616    
   101.00  0.32323    
   102.00  0.32056    
   103.00  0.31814    
   104.00  0.31597    
   105.00  0.31405    
   106.00  0.31236    
   107.00  0.31090    
   108.00  0.30967    
   109.00  0.30866    
   110.00  0.30786    
   111.00  0.30728    
   112.00  0.30690    
   113.00  0.30672    
   114.00  0.30675    
   115.00  0.30697    
   116.00  0.30738    
   117.00  0.30798    
   118.00  0.30877    
   119.00  0.30975    
   120.00  0.31092    
   121.00  0.31228    
   122.00  0.31383    
   123.00  0.31556    
   124.00  0.31749    
   125.00  0.31962    
   126.00  0.32195    
   127.00  0.32448    
   128.00  0.32724    
   129.00  0.33021    
   130.00  0.33341    
   131.00  0.33686    
   132.00  0.34056    
   133.00  0.34453    
   134.00  0.34879    
   135.00  0.35335    
   136.00  0.35825    
   137.00  0.36349    
   138.00  0.36911    
   139.00  0.37514    
   140.00  0.38161    
   141.00  0.38856    
   142.00  0.39602    
   143.00  0.40405    
   144.00  0.41270    
   145.00  0.42203    
   146.00  0.43210    
   147.00  0.44300    
   148.00  0.45481    
   149.00  0.46762    
   150.00  0.48154    
   151.00  0.49665    
   152.00  0.51305    
   153.00  0.53081    
   154.00  0.54995    
   155.00  0.57043    
   156.00  0.59211    
   157.00  0.61474    
   158.00  0.63785    
   159.00  0.66079    
   160.00  0.68269    
   161.00  0.70241    
   162.00  0.71867    
   163.00  0.73008    
   164.00  0.73533    
   165.00  0.73342    
   166.00  0.72384    
   167.00  0.70684    
   168.00  0.68356    
   169.00  0.65597    
   170.00  0.62683    
   171.00  0.59942    
   172.00  0.57731    
   173.00  0.56390    
   174.00  0.56188    
   175.00  0.57245    
   176.00  0.59447    
   177.00  0.62392    
   178.00  0.65402    
   179.00  0.67667    
   180.00  0.68511    
 |--------|------------|
0.410000     micron = Wavelength
0.132542     = Extinction efficiency (Q)
0.120847     = Scattering efficiency (Qs)
0.116946E-01 = Absorption efficiency (Qa)
 20.1172     = Lidar ratio
0.336361E-02 micron^2 = <b> = Average surface area per particle
0.445819E-03 microns^2 = Extinction cross section (C)
0.406483E-03 microns^2 = Scattering cross section (Cs)
0.393362E-04 microns^2 = Absorption cross section (Ca)
 |----------------------------------------------------|
 | COMMENTAIRES:                                      |
 |----------------------------------------------------|
 |   -Cross section / <b> should = efficiency         |
 |    is independant of the normalisation of dN/dx    |
 |   -The integral of the phase fct / 4 pi over all   |
 |    directions (solid angle) = 1.                   |
 |   -The volume coefficient (k) is equal to C * N    |
 |      = cross section * Number density              |
 |      typical units: [um^2]*[particles/cm^3] =      |
 |      [10^-3 km-1]                                  |
 |      N = M/(d*4/3*pi*r^3) where d is the density   |
 |      of particle, M is the mass per unit volume    |
 |      and 4/3*pi*r^3 is the average volume  of a    |
 |      particle.                                     |
 |      typical units:  M -> [ug/m^3], d -> [g/cm^3]  |
 |                      r -> [um]                     |
 |      Lidar ratio= 4 pi Qe / phase_fct(180)*Qs      |
 |----------------------------------------------------|
