 |--------|------------|
 | ANGLE  |  PHASE FCT |
 |--------|------------|
     0.00   118.40    
     1.00   109.27    
     2.00   86.436    
     3.00   59.900    
     4.00   38.057    
     5.00   23.722    
     6.00   15.438    
     7.00   10.778    
     8.00   8.1248    
     9.00   6.6286    
    10.00   5.7683    
    11.00   5.2237    
    12.00   4.8490    
    13.00   4.5801    
    14.00   4.3731    
    15.00   4.2021    
    16.00   4.0557    
    17.00   3.9245    
    18.00   3.8024    
    19.00   3.6902    
    20.00   3.5876    
    21.00   3.4900    
    22.00   3.3942    
    23.00   3.3018    
    24.00   3.2142    
    25.00   3.1298    
    26.00   3.0465    
    27.00   2.9642    
    28.00   2.8843    
    29.00   2.8069    
    30.00   2.7308    
    31.00   2.6553    
    32.00   2.5812    
    33.00   2.5093    
    34.00   2.4388    
    35.00   2.3690    
    36.00   2.3003    
    37.00   2.2337    
    38.00   2.1685    
    39.00   2.1042    
    40.00   2.0410    
    41.00   1.9796    
    42.00   1.9198    
    43.00   1.8608    
    44.00   1.8031    
    45.00   1.7470    
    46.00   1.6924    
    47.00   1.6388    
    48.00   1.5865    
    49.00   1.5357    
    50.00   1.4863    
    51.00   1.4379    
    52.00   1.3908    
    53.00   1.3452    
    54.00   1.3010    
    55.00   1.2578    
    56.00   1.2158    
    57.00   1.1752    
    58.00   1.1358    
    59.00   1.0975    
    60.00   1.0604    
    61.00   1.0246    
    62.00  0.98992    
    63.00  0.95630    
    64.00  0.92380    
    65.00  0.89246    
    66.00  0.86219    
    67.00  0.83292    
    68.00  0.80470    
    69.00  0.77753    
    70.00  0.75136    
    71.00  0.72612    
    72.00  0.70182    
    73.00  0.67850    
    74.00  0.65608    
    75.00  0.63451    
    76.00  0.61381    
    77.00  0.59398    
    78.00  0.57497    
    79.00  0.55673    
    80.00  0.53926    
    81.00  0.52258    
    82.00  0.50664    
    83.00  0.49137    
    84.00  0.47680    
    85.00  0.46292    
    86.00  0.44967    
    87.00  0.43703    
    88.00  0.42500    
    89.00  0.41356    
    90.00  0.40266    
    91.00  0.39230    
    92.00  0.38245    
    93.00  0.37310    
    94.00  0.36422    
    95.00  0.35580    
    96.00  0.34782    
    97.00  0.34025    
    98.00  0.33309    
    99.00  0.32632    
   100.00  0.31992    
   101.00  0.31387    
   102.00  0.30818    
   103.00  0.30281    
   104.00  0.29776    
   105.00  0.29302    
   106.00  0.28859    
   107.00  0.28443    
   108.00  0.28054    
   109.00  0.27693    
   110.00  0.27357    
   111.00  0.27045    
   112.00  0.26758    
   113.00  0.26494    
   114.00  0.26252    
   115.00  0.26031    
   116.00  0.25832    
   117.00  0.25652    
   118.00  0.25492    
   119.00  0.25351    
   120.00  0.25228    
   121.00  0.25123    
   122.00  0.25036    
   123.00  0.24965    
   124.00  0.24911    
   125.00  0.24873    
   126.00  0.24852    
   127.00  0.24847    
   128.00  0.24858    
   129.00  0.24886    
   130.00  0.24931    
   131.00  0.24993    
   132.00  0.25074    
   133.00  0.25175    
   134.00  0.25296    
   135.00  0.25439    
   136.00  0.25607    
   137.00  0.25800    
   138.00  0.26023    
   139.00  0.26277    
   140.00  0.26564    
   141.00  0.26888    
   142.00  0.27250    
   143.00  0.27654    
   144.00  0.28098    
   145.00  0.28584    
   146.00  0.29110    
   147.00  0.29668    
   148.00  0.30254    
   149.00  0.30860    
   150.00  0.31474    
   151.00  0.32076    
   152.00  0.32649    
   153.00  0.33178    
   154.00  0.33641    
   155.00  0.34017    
   156.00  0.34303    
   157.00  0.34502    
   158.00  0.34609    
   159.00  0.34643    
   160.00  0.34648    
   161.00  0.34650    
   162.00  0.34680    
   163.00  0.34813    
   164.00  0.35099    
   165.00  0.35524    
   166.00  0.36089    
   167.00  0.36810    
   168.00  0.37628    
   169.00  0.38515    
   170.00  0.39615    
   171.00  0.40994    
   172.00  0.42398    
   173.00  0.43489    
   174.00  0.43951    
   175.00  0.43231    
   176.00  0.41099    
   177.00  0.38863    
   178.00  0.38608    
   179.00  0.40350    
   180.00  0.41494    
 |--------|------------|
0.360000     micron = Wavelength
0.401184     = Extinction efficiency (Q)
0.379129     = Scattering efficiency (Qs)
0.220549E-01 = Absorption efficiency (Qa)
 32.0464     = Lidar ratio
0.955768E-02 micron^2 = <b> = Average surface area per particle
0.383439E-02 microns^2 = Extinction cross section (C)
0.362360E-02 microns^2 = Scattering cross section (Cs)
0.210794E-03 microns^2 = Absorption cross section (Ca)
 |----------------------------------------------------|
 | COMMENTAIRES:                                      |
 |----------------------------------------------------|
 |   -Cross section / <b> should = efficiency         |
 |    is independant of the normalisation of dN/dx    |
 |   -The integral of the phase fct / 4 pi over all   |
 |    directions (solid angle) = 1.                   |
 |   -The volume coefficient (k) is equal to C * N    |
 |      = cross section * Number density              |
 |      typical units: [um^2]*[particles/cm^3] =      |
 |      [10^-3 km-1]                                  |
 |      N = M/(d*4/3*pi*r^3) where d is the density   |
 |      of particle, M is the mass per unit volume    |
 |      and 4/3*pi*r^3 is the average volume  of a    |
 |      particle.                                     |
 |      typical units:  M -> [ug/m^3], d -> [g/cm^3]  |
 |                      r -> [um]                     |
 |      Lidar ratio= 4 pi Qe / phase_fct(180)*Qs      |
 |----------------------------------------------------|
