 |--------|------------|
 | ANGLE  |  PHASE FCT |
 |--------|------------|
     0.00   46.226    
     1.00   45.478    
     2.00   43.344    
     3.00   40.114    
     4.00   36.175    
     5.00   31.914    
     6.00   27.654    
     7.00   23.629    
     8.00   19.983    
     9.00   16.784    
    10.00   14.048    
    11.00   11.753    
    12.00   9.8575    
    13.00   8.3106    
    14.00   7.0593    
    15.00   6.0535    
    16.00   5.2480    
    17.00   4.6039    
    18.00   4.0887    
    19.00   3.6756    
    20.00   3.3428    
    21.00   3.0729    
    22.00   2.8523    
    23.00   2.6701    
    24.00   2.5178    
    25.00   2.3889    
    26.00   2.2781    
    27.00   2.1815    
    28.00   2.0960    
    29.00   2.0192    
    30.00   1.9493    
    31.00   1.8848    
    32.00   1.8248    
    33.00   1.7684    
    34.00   1.7150    
    35.00   1.6641    
    36.00   1.6154    
    37.00   1.5687    
    38.00   1.5236    
    39.00   1.4800    
    40.00   1.4379    
    41.00   1.3971    
    42.00   1.3576    
    43.00   1.3192    
    44.00   1.2820    
    45.00   1.2459    
    46.00   1.2109    
    47.00   1.1769    
    48.00   1.1439    
    49.00   1.1118    
    50.00   1.0807    
    51.00   1.0505    
    52.00   1.0212    
    53.00  0.99282    
    54.00  0.96526    
    55.00  0.93854    
    56.00  0.91263    
    57.00  0.88751    
    58.00  0.86319    
    59.00  0.83961    
    60.00  0.81679    
    61.00  0.79469    
    62.00  0.77330    
    63.00  0.75261    
    64.00  0.73259    
    65.00  0.71323    
    66.00  0.69453    
    67.00  0.67646    
    68.00  0.65900    
    69.00  0.64216    
    70.00  0.62590    
    71.00  0.61022    
    72.00  0.59511    
    73.00  0.58055    
    74.00  0.56653    
    75.00  0.55304    
    76.00  0.54007    
    77.00  0.52760    
    78.00  0.51563    
    79.00  0.50414    
    80.00  0.49312    
    81.00  0.48257    
    82.00  0.47247    
    83.00  0.46281    
    84.00  0.45359    
    85.00  0.44479    
    86.00  0.43640    
    87.00  0.42842    
    88.00  0.42083    
    89.00  0.41363    
    90.00  0.40681    
    91.00  0.40035    
    92.00  0.39426    
    93.00  0.38852    
    94.00  0.38312    
    95.00  0.37806    
    96.00  0.37333    
    97.00  0.36891    
    98.00  0.36480    
    99.00  0.36100    
   100.00  0.35750    
   101.00  0.35428    
   102.00  0.35135    
   103.00  0.34868    
   104.00  0.34629    
   105.00  0.34415    
   106.00  0.34227    
   107.00  0.34063    
   108.00  0.33924    
   109.00  0.33807    
   110.00  0.33713    
   111.00  0.33642    
   112.00  0.33591    
   113.00  0.33562    
   114.00  0.33553    
   115.00  0.33565    
   116.00  0.33595    
   117.00  0.33645    
   118.00  0.33714    
   119.00  0.33801    
   120.00  0.33905    
   121.00  0.34028    
   122.00  0.34168    
   123.00  0.34326    
   124.00  0.34501    
   125.00  0.34694    
   126.00  0.34904    
   127.00  0.35132    
   128.00  0.35378    
   129.00  0.35643    
   130.00  0.35927    
   131.00  0.36231    
   132.00  0.36557    
   133.00  0.36905    
   134.00  0.37278    
   135.00  0.37678    
   136.00  0.38107    
   137.00  0.38569    
   138.00  0.39067    
   139.00  0.39608    
   140.00  0.40195    
   141.00  0.40836    
   142.00  0.41539    
   143.00  0.42311    
   144.00  0.43164    
   145.00  0.44107    
   146.00  0.45151    
   147.00  0.46308    
   148.00  0.47587    
   149.00  0.48998    
   150.00  0.50547    
   151.00  0.52235    
   152.00  0.54060    
   153.00  0.56009    
   154.00  0.58060    
   155.00  0.60181    
   156.00  0.62327    
   157.00  0.64439    
   158.00  0.66453    
   159.00  0.68298    
   160.00  0.69908    
   161.00  0.71233    
   162.00  0.72249    
   163.00  0.72968    
   164.00  0.73445    
   165.00  0.73772    
   166.00  0.74077    
   167.00  0.74509    
   168.00  0.75231    
   169.00  0.76404    
   170.00  0.78186    
   171.00  0.80721    
   172.00  0.84123    
   173.00  0.88452    
   174.00  0.93668    
   175.00  0.99585    
   176.00   1.0584    
   177.00   1.1185    
   178.00   1.1693    
   179.00   1.2035    
   180.00   1.2155    
 |--------|------------|
0.420000     micron = Wavelength
0.134228     = Extinction efficiency (Q)
0.118098     = Scattering efficiency (Qs)
0.161302E-01 = Absorption efficiency (Qa)
 11.7502     = Lidar ratio
0.302565E-02 micron^2 = <b> = Average surface area per particle
0.406127E-03 microns^2 = Extinction cross section (C)
0.357322E-03 microns^2 = Scattering cross section (Cs)
0.488043E-04 microns^2 = Absorption cross section (Ca)
 |----------------------------------------------------|
 | COMMENTAIRES:                                      |
 |----------------------------------------------------|
 |   -Cross section / <b> should = efficiency         |
 |    is independant of the normalisation of dN/dx    |
 |   -The integral of the phase fct / 4 pi over all   |
 |    directions (solid angle) = 1.                   |
 |   -The volume coefficient (k) is equal to C * N    |
 |      = cross section * Number density              |
 |      typical units: [um^2]*[particles/cm^3] =      |
 |      [10^-3 km-1]                                  |
 |      N = M/(d*4/3*pi*r^3) where d is the density   |
 |      of particle, M is the mass per unit volume    |
 |      and 4/3*pi*r^3 is the average volume  of a    |
 |      particle.                                     |
 |      typical units:  M -> [ug/m^3], d -> [g/cm^3]  |
 |                      r -> [um]                     |
 |      Lidar ratio= 4 pi Qe / phase_fct(180)*Qs      |
 |----------------------------------------------------|
