 |--------|------------|
 | ANGLE  |  PHASE FCT |
 |--------|------------|
     0.00   56.175    
     1.00   54.946    
     2.00   51.498    
     3.00   46.441    
     4.00   40.534    
     5.00   34.465    
     6.00   28.730    
     7.00   23.619    
     8.00   19.255    
     9.00   15.647    
    10.00   12.734    
    11.00   10.424    
    12.00   8.6155    
    13.00   7.2129    
    14.00   6.1304    
    15.00   5.2965    
    16.00   4.6533    
    17.00   4.1553    
    18.00   3.7666    
    19.00   3.4601    
    20.00   3.2151    
    21.00   3.0160    
    22.00   2.8511    
    23.00   2.7118    
    24.00   2.5917    
    25.00   2.4859    
    26.00   2.3910    
    27.00   2.3045    
    28.00   2.2246    
    29.00   2.1499    
    30.00   2.0794    
    31.00   2.0124    
    32.00   1.9485    
    33.00   1.8871    
    34.00   1.8282    
    35.00   1.7714    
    36.00   1.7165    
    37.00   1.6636    
    38.00   1.6124    
    39.00   1.5628    
    40.00   1.5149    
    41.00   1.4685    
    42.00   1.4235    
    43.00   1.3800    
    44.00   1.3379    
    45.00   1.2972    
    46.00   1.2578    
    47.00   1.2196    
    48.00   1.1827    
    49.00   1.1470    
    50.00   1.1124    
    51.00   1.0790    
    52.00   1.0467    
    53.00   1.0155    
    54.00  0.98533    
    55.00  0.95618    
    56.00  0.92801    
    57.00  0.90081    
    58.00  0.87454    
    59.00  0.84919    
    60.00  0.82471    
    61.00  0.80111    
    62.00  0.77833    
    63.00  0.75637    
    64.00  0.73521    
    65.00  0.71481    
    66.00  0.69516    
    67.00  0.67624    
    68.00  0.65802    
    69.00  0.64049    
    70.00  0.62363    
    71.00  0.60742    
    72.00  0.59184    
    73.00  0.57687    
    74.00  0.56251    
    75.00  0.54872    
    76.00  0.53550    
    77.00  0.52282    
    78.00  0.51068    
    79.00  0.49905    
    80.00  0.48793    
    81.00  0.47730    
    82.00  0.46715    
    83.00  0.45746    
    84.00  0.44822    
    85.00  0.43942    
    86.00  0.43105    
    87.00  0.42310    
    88.00  0.41554    
    89.00  0.40839    
    90.00  0.40161    
    91.00  0.39521    
    92.00  0.38917    
    93.00  0.38348    
    94.00  0.37814    
    95.00  0.37314    
    96.00  0.36845    
    97.00  0.36409    
    98.00  0.36004    
    99.00  0.35628    
   100.00  0.35282    
   101.00  0.34965    
   102.00  0.34675    
   103.00  0.34413    
   104.00  0.34177    
   105.00  0.33966    
   106.00  0.33780    
   107.00  0.33619    
   108.00  0.33481    
   109.00  0.33367    
   110.00  0.33274    
   111.00  0.33204    
   112.00  0.33156    
   113.00  0.33128    
   114.00  0.33120    
   115.00  0.33133    
   116.00  0.33166    
   117.00  0.33218    
   118.00  0.33289    
   119.00  0.33379    
   120.00  0.33488    
   121.00  0.33615    
   122.00  0.33761    
   123.00  0.33925    
   124.00  0.34109    
   125.00  0.34311    
   126.00  0.34532    
   127.00  0.34773    
   128.00  0.35035    
   129.00  0.35317    
   130.00  0.35621    
   131.00  0.35948    
   132.00  0.36298    
   133.00  0.36673    
   134.00  0.37075    
   135.00  0.37505    
   136.00  0.37965    
   137.00  0.38457    
   138.00  0.38984    
   139.00  0.39547    
   140.00  0.40151    
   141.00  0.40798    
   142.00  0.41491    
   143.00  0.42236    
   144.00  0.43035    
   145.00  0.43895    
   146.00  0.44820    
   147.00  0.45817    
   148.00  0.46894    
   149.00  0.48059    
   150.00  0.49321    
   151.00  0.50690    
   152.00  0.52175    
   153.00  0.53785    
   154.00  0.55525    
   155.00  0.57399    
   156.00  0.59399    
   157.00  0.61510    
   158.00  0.63699    
   159.00  0.65915    
   160.00  0.68083    
   161.00  0.70106    
   162.00  0.71863    
   163.00  0.73220    
   164.00  0.74040    
   165.00  0.74212    
   166.00  0.73665    
   167.00  0.72395    
   168.00  0.70476    
   169.00  0.68065    
   170.00  0.65389    
   171.00  0.62731    
   172.00  0.60419    
   173.00  0.58792    
   174.00  0.58165    
   175.00  0.58742    
   176.00  0.60515    
   177.00  0.63169    
   178.00  0.66049    
   179.00  0.68296    
   180.00  0.69147    
 |--------|------------|
0.380000     micron = Wavelength
0.144775     = Extinction efficiency (Q)
0.132122     = Scattering efficiency (Qs)
0.126529E-01 = Absorption efficiency (Qa)
 19.9138     = Lidar ratio
0.336362E-02 micron^2 = <b> = Average surface area per particle
0.486968E-03 microns^2 = Extinction cross section (C)
0.444409E-03 microns^2 = Scattering cross section (Cs)
0.425595E-04 microns^2 = Absorption cross section (Ca)
 |----------------------------------------------------|
 | COMMENTAIRES:                                      |
 |----------------------------------------------------|
 |   -Cross section / <b> should = efficiency         |
 |    is independant of the normalisation of dN/dx    |
 |   -The integral of the phase fct / 4 pi over all   |
 |    directions (solid angle) = 1.                   |
 |   -The volume coefficient (k) is equal to C * N    |
 |      = cross section * Number density              |
 |      typical units: [um^2]*[particles/cm^3] =      |
 |      [10^-3 km-1]                                  |
 |      N = M/(d*4/3*pi*r^3) where d is the density   |
 |      of particle, M is the mass per unit volume    |
 |      and 4/3*pi*r^3 is the average volume  of a    |
 |      particle.                                     |
 |      typical units:  M -> [ug/m^3], d -> [g/cm^3]  |
 |                      r -> [um]                     |
 |      Lidar ratio= 4 pi Qe / phase_fct(180)*Qs      |
 |----------------------------------------------------|
