 |--------|------------|
 | ANGLE  |  PHASE FCT |
 |--------|------------|
     0.00   35.926    
     1.00   35.619    
     2.00   34.722    
     3.00   33.307    
     4.00   31.479    
     5.00   29.357    
     6.00   27.061    
     7.00   24.697    
     8.00   22.355    
     9.00   20.103    
    10.00   17.986    
    11.00   16.035    
    12.00   14.264    
    13.00   12.676    
    14.00   11.266    
    15.00   10.024    
    16.00   8.9366    
    17.00   7.9886    
    18.00   7.1648    
    19.00   6.4503    
    20.00   5.8308    
    21.00   5.2934    
    22.00   4.8266    
    23.00   4.4201    
    24.00   4.0648    
    25.00   3.7532    
    26.00   3.4784    
    27.00   3.2350    
    28.00   3.0181    
    29.00   2.8238    
    30.00   2.6488    
    31.00   2.4903    
    32.00   2.3459    
    33.00   2.2138    
    34.00   2.0924    
    35.00   1.9803    
    36.00   1.8764    
    37.00   1.7798    
    38.00   1.6897    
    39.00   1.6055    
    40.00   1.5266    
    41.00   1.4525    
    42.00   1.3828    
    43.00   1.3172    
    44.00   1.2554    
    45.00   1.1970    
    46.00   1.1419    
    47.00   1.0898    
    48.00   1.0405    
    49.00  0.99393    
    50.00  0.94981    
    51.00  0.90805    
    52.00  0.86850    
    53.00  0.83102    
    54.00  0.79551    
    55.00  0.76186    
    56.00  0.72995    
    57.00  0.69970    
    58.00  0.67102    
    59.00  0.64381    
    60.00  0.61800    
    61.00  0.59352    
    62.00  0.57029    
    63.00  0.54825    
    64.00  0.52734    
    65.00  0.50748    
    66.00  0.48864    
    67.00  0.47074    
    68.00  0.45376    
    69.00  0.43763    
    70.00  0.42232    
    71.00  0.40778    
    72.00  0.39397    
    73.00  0.38086    
    74.00  0.36841    
    75.00  0.35658    
    76.00  0.34535    
    77.00  0.33469    
    78.00  0.32457    
    79.00  0.31497    
    80.00  0.30585    
    81.00  0.29720    
    82.00  0.28900    
    83.00  0.28122    
    84.00  0.27384    
    85.00  0.26685    
    86.00  0.26024    
    87.00  0.25397    
    88.00  0.24805    
    89.00  0.24244    
    90.00  0.23715    
    91.00  0.23216    
    92.00  0.22746    
    93.00  0.22303    
    94.00  0.21887    
    95.00  0.21496    
    96.00  0.21130    
    97.00  0.20787    
    98.00  0.20468    
    99.00  0.20171    
   100.00  0.19895    
   101.00  0.19640    
   102.00  0.19405    
   103.00  0.19190    
   104.00  0.18995    
   105.00  0.18817    
   106.00  0.18659    
   107.00  0.18518    
   108.00  0.18394    
   109.00  0.18288    
   110.00  0.18199    
   111.00  0.18127    
   112.00  0.18071    
   113.00  0.18032    
   114.00  0.18009    
   115.00  0.18003    
   116.00  0.18013    
   117.00  0.18039    
   118.00  0.18082    
   119.00  0.18142    
   120.00  0.18220    
   121.00  0.18314    
   122.00  0.18427    
   123.00  0.18558    
   124.00  0.18708    
   125.00  0.18877    
   126.00  0.19068    
   127.00  0.19279    
   128.00  0.19513    
   129.00  0.19771    
   130.00  0.20054    
   131.00  0.20364    
   132.00  0.20701    
   133.00  0.21069    
   134.00  0.21470    
   135.00  0.21905    
   136.00  0.22377    
   137.00  0.22890    
   138.00  0.23447    
   139.00  0.24050    
   140.00  0.24704    
   141.00  0.25413    
   142.00  0.26182    
   143.00  0.27013    
   144.00  0.27912    
   145.00  0.28884    
   146.00  0.29931    
   147.00  0.31056    
   148.00  0.32262    
   149.00  0.33549    
   150.00  0.34913    
   151.00  0.36348    
   152.00  0.37843    
   153.00  0.39383    
   154.00  0.40943    
   155.00  0.42492    
   156.00  0.43990    
   157.00  0.45389    
   158.00  0.46632    
   159.00  0.47657    
   160.00  0.48397    
   161.00  0.48790    
   162.00  0.48782    
   163.00  0.48339    
   164.00  0.47451    
   165.00  0.46149    
   166.00  0.44504    
   167.00  0.42633    
   168.00  0.40696    
   169.00  0.38885    
   170.00  0.37403    
   171.00  0.36442    
   172.00  0.36155    
   173.00  0.36621    
   174.00  0.37824    
   175.00  0.39640    
   176.00  0.41835    
   177.00  0.44090    
   178.00  0.46050    
   179.00  0.47384    
   180.00  0.47857    
 |--------|------------|
0.600000     micron = Wavelength
0.112407     = Extinction efficiency (Q)
0.103977     = Scattering efficiency (Qs)
0.842986E-02 = Absorption efficiency (Qa)
 28.3873     = Lidar ratio
0.336362E-02 micron^2 = <b> = Average surface area per particle
0.378095E-03 microns^2 = Extinction cross section (C)
0.349740E-03 microns^2 = Scattering cross section (Cs)
0.283548E-04 microns^2 = Absorption cross section (Ca)
 |----------------------------------------------------|
 | COMMENTAIRES:                                      |
 |----------------------------------------------------|
 |   -Cross section / <b> should = efficiency         |
 |    is independant of the normalisation of dN/dx    |
 |   -The integral of the phase fct / 4 pi over all   |
 |    directions (solid angle) = 1.                   |
 |   -The volume coefficient (k) is equal to C * N    |
 |      = cross section * Number density              |
 |      typical units: [um^2]*[particles/cm^3] =      |
 |      [10^-3 km-1]                                  |
 |      N = M/(d*4/3*pi*r^3) where d is the density   |
 |      of particle, M is the mass per unit volume    |
 |      and 4/3*pi*r^3 is the average volume  of a    |
 |      particle.                                     |
 |      typical units:  M -> [ug/m^3], d -> [g/cm^3]  |
 |                      r -> [um]                     |
 |      Lidar ratio= 4 pi Qe / phase_fct(180)*Qs      |
 |----------------------------------------------------|
