 |--------|------------|
 | ANGLE  |  PHASE FCT |
 |--------|------------|
     0.00   55.357    
     1.00   54.418    
     2.00   51.745    
     3.00   47.718    
     4.00   42.841    
     5.00   37.607    
     6.00   32.421    
     7.00   27.566    
     8.00   23.207    
     9.00   19.418    
    10.00   16.204    
    11.00   13.531    
    12.00   11.338    
    13.00   9.5604    
    14.00   8.1299    
    15.00   6.9848    
    16.00   6.0706    
    17.00   5.3409    
    18.00   4.7572    
    19.00   4.2881    
    20.00   3.9083    
    21.00   3.5979    
    22.00   3.3411    
    23.00   3.1257    
    24.00   2.9421    
    25.00   2.7831    
    26.00   2.6432    
    27.00   2.5181    
    28.00   2.4048    
    29.00   2.3008    
    30.00   2.2044    
    31.00   2.1143    
    32.00   2.0294    
    33.00   1.9491    
    34.00   1.8728    
    35.00   1.8000    
    36.00   1.7304    
    37.00   1.6639    
    38.00   1.6001    
    39.00   1.5390    
    40.00   1.4804    
    41.00   1.4242    
    42.00   1.3702    
    43.00   1.3185    
    44.00   1.2689    
    45.00   1.2213    
    46.00   1.1757    
    47.00   1.1320    
    48.00   1.0901    
    49.00   1.0500    
    50.00   1.0115    
    51.00  0.97472    
    52.00  0.93947    
    53.00  0.90573    
    54.00  0.87344    
    55.00  0.84253    
    56.00  0.81296    
    57.00  0.78467    
    58.00  0.75760    
    59.00  0.73171    
    60.00  0.70695    
    61.00  0.68327    
    62.00  0.66063    
    63.00  0.63898    
    64.00  0.61828    
    65.00  0.59850    
    66.00  0.57960    
    67.00  0.56153    
    68.00  0.54426    
    69.00  0.52777    
    70.00  0.51202    
    71.00  0.49698    
    72.00  0.48261    
    73.00  0.46890    
    74.00  0.45581    
    75.00  0.44333    
    76.00  0.43142    
    77.00  0.42007    
    78.00  0.40925    
    79.00  0.39894    
    80.00  0.38912    
    81.00  0.37978    
    82.00  0.37089    
    83.00  0.36244    
    84.00  0.35441    
    85.00  0.34678    
    86.00  0.33955    
    87.00  0.33269    
    88.00  0.32621    
    89.00  0.32007    
    90.00  0.31427    
    91.00  0.30880    
    92.00  0.30365    
    93.00  0.29880    
    94.00  0.29426    
    95.00  0.29000    
    96.00  0.28602    
    97.00  0.28231    
    98.00  0.27887    
    99.00  0.27567    
   100.00  0.27273    
   101.00  0.27003    
   102.00  0.26757    
   103.00  0.26533    
   104.00  0.26332    
   105.00  0.26152    
   106.00  0.25994    
   107.00  0.25857    
   108.00  0.25740    
   109.00  0.25643    
   110.00  0.25566    
   111.00  0.25508    
   112.00  0.25469    
   113.00  0.25449    
   114.00  0.25448    
   115.00  0.25465    
   116.00  0.25501    
   117.00  0.25555    
   118.00  0.25628    
   119.00  0.25720    
   120.00  0.25830    
   121.00  0.25959    
   122.00  0.26107    
   123.00  0.26275    
   124.00  0.26464    
   125.00  0.26673    
   126.00  0.26904    
   127.00  0.27157    
   128.00  0.27434    
   129.00  0.27735    
   130.00  0.28061    
   131.00  0.28415    
   132.00  0.28797    
   133.00  0.29209    
   134.00  0.29654    
   135.00  0.30133    
   136.00  0.30648    
   137.00  0.31203    
   138.00  0.31800    
   139.00  0.32441    
   140.00  0.33132    
   141.00  0.33874    
   142.00  0.34673    
   143.00  0.35532    
   144.00  0.36458    
   145.00  0.37455    
   146.00  0.38530    
   147.00  0.39689    
   148.00  0.40942    
   149.00  0.42295    
   150.00  0.43757    
   151.00  0.45336    
   152.00  0.47041    
   153.00  0.48874    
   154.00  0.50835    
   155.00  0.52919    
   156.00  0.55108    
   157.00  0.57371    
   158.00  0.59661    
   159.00  0.61908    
   160.00  0.64020    
   161.00  0.65882    
   162.00  0.67359    
   163.00  0.68308    
   164.00  0.68592    
   165.00  0.68102    
   166.00  0.66785    
   167.00  0.64663    
   168.00  0.61858    
   169.00  0.58595    
   170.00  0.55190    
   171.00  0.52021    
   172.00  0.49491    
   173.00  0.47971    
   174.00  0.47728    
   175.00  0.48843    
   176.00  0.51147    
   177.00  0.54180    
   178.00  0.57233    
   179.00  0.59504    
   180.00  0.60345    
 |--------|------------|
0.520000     micron = Wavelength
0.126507     = Extinction efficiency (Q)
0.115819     = Scattering efficiency (Qs)
0.106881E-01 = Absorption efficiency (Qa)
 22.7459     = Lidar ratio
0.446407E-02 micron^2 = <b> = Average surface area per particle
0.564735E-03 microns^2 = Extinction cross section (C)
0.517023E-03 microns^2 = Scattering cross section (Cs)
0.477123E-04 microns^2 = Absorption cross section (Ca)
 |----------------------------------------------------|
 | COMMENTAIRES:                                      |
 |----------------------------------------------------|
 |   -Cross section / <b> should = efficiency         |
 |    is independant of the normalisation of dN/dx    |
 |   -The integral of the phase fct / 4 pi over all   |
 |    directions (solid angle) = 1.                   |
 |   -The volume coefficient (k) is equal to C * N    |
 |      = cross section * Number density              |
 |      typical units: [um^2]*[particles/cm^3] =      |
 |      [10^-3 km-1]                                  |
 |      N = M/(d*4/3*pi*r^3) where d is the density   |
 |      of particle, M is the mass per unit volume    |
 |      and 4/3*pi*r^3 is the average volume  of a    |
 |      particle.                                     |
 |      typical units:  M -> [ug/m^3], d -> [g/cm^3]  |
 |                      r -> [um]                     |
 |      Lidar ratio= 4 pi Qe / phase_fct(180)*Qs      |
 |----------------------------------------------------|
