 |--------|------------|
 | ANGLE  |  PHASE FCT |
 |--------|------------|
     0.00   63.435    
     1.00   61.951    
     2.00   57.803    
     3.00   51.765    
     4.00   44.785    
     5.00   37.703    
     6.00   31.101    
     7.00   25.298    
     8.00   20.411    
     9.00   16.425    
    10.00   13.249    
    11.00   10.763    
    12.00   8.8411    
    13.00   7.3665    
    14.00   6.2402    
    15.00   5.3804    
    16.00   4.7225    
    17.00   4.2162    
    18.00   3.8229    
    19.00   3.5134    
    20.00   3.2660    
    21.00   3.0645    
    22.00   2.8970    
    23.00   2.7546    
    24.00   2.6310    
    25.00   2.5213    
    26.00   2.4224    
    27.00   2.3317    
    28.00   2.2475    
    29.00   2.1686    
    30.00   2.0939    
    31.00   2.0230    
    32.00   1.9552    
    33.00   1.8903    
    34.00   1.8279    
    35.00   1.7679    
    36.00   1.7100    
    37.00   1.6543    
    38.00   1.6005    
    39.00   1.5485    
    40.00   1.4984    
    41.00   1.4499    
    42.00   1.4032    
    43.00   1.3580    
    44.00   1.3144    
    45.00   1.2723    
    46.00   1.2316    
    47.00   1.1923    
    48.00   1.1545    
    49.00   1.1179    
    50.00   1.0826    
    51.00   1.0486    
    52.00   1.0158    
    53.00  0.98410    
    54.00  0.95357    
    55.00  0.92413    
    56.00  0.89576    
    57.00  0.86841    
    58.00  0.84207    
    59.00  0.81669    
    60.00  0.79225    
    61.00  0.76871    
    62.00  0.74606    
    63.00  0.72425    
    64.00  0.70327    
    65.00  0.68309    
    66.00  0.66369    
    67.00  0.64504    
    68.00  0.62712    
    69.00  0.60990    
    70.00  0.59337    
    71.00  0.57749    
    72.00  0.56227    
    73.00  0.54767    
    74.00  0.53367    
    75.00  0.52025    
    76.00  0.50740    
    77.00  0.49510    
    78.00  0.48334    
    79.00  0.47209    
    80.00  0.46134    
    81.00  0.45107    
    82.00  0.44128    
    83.00  0.43194    
    84.00  0.42305    
    85.00  0.41458    
    86.00  0.40653    
    87.00  0.39889    
    88.00  0.39163    
    89.00  0.38476    
    90.00  0.37826    
    91.00  0.37212    
    92.00  0.36632    
    93.00  0.36086    
    94.00  0.35574    
    95.00  0.35093    
    96.00  0.34644    
    97.00  0.34224    
    98.00  0.33834    
    99.00  0.33473    
   100.00  0.33140    
   101.00  0.32833    
   102.00  0.32553    
   103.00  0.32299    
   104.00  0.32070    
   105.00  0.31865    
   106.00  0.31683    
   107.00  0.31525    
   108.00  0.31390    
   109.00  0.31276    
   110.00  0.31184    
   111.00  0.31114    
   112.00  0.31063    
   113.00  0.31033    
   114.00  0.31023    
   115.00  0.31032    
   116.00  0.31061    
   117.00  0.31109    
   118.00  0.31175    
   119.00  0.31260    
   120.00  0.31364    
   121.00  0.31486    
   122.00  0.31628    
   123.00  0.31788    
   124.00  0.31967    
   125.00  0.32166    
   126.00  0.32386    
   127.00  0.32626    
   128.00  0.32887    
   129.00  0.33171    
   130.00  0.33478    
   131.00  0.33809    
   132.00  0.34166    
   133.00  0.34551    
   134.00  0.34964    
   135.00  0.35409    
   136.00  0.35886    
   137.00  0.36399    
   138.00  0.36949    
   139.00  0.37539    
   140.00  0.38172    
   141.00  0.38851    
   142.00  0.39579    
   143.00  0.40360    
   144.00  0.41196    
   145.00  0.42091    
   146.00  0.43051    
   147.00  0.44078    
   148.00  0.45179    
   149.00  0.46359    
   150.00  0.47626    
   151.00  0.48987    
   152.00  0.50449    
   153.00  0.52021    
   154.00  0.53709    
   155.00  0.55519    
   156.00  0.57450    
   157.00  0.59492    
   158.00  0.61625    
   159.00  0.63810    
   160.00  0.65985    
   161.00  0.68061    
   162.00  0.69926    
   163.00  0.71440    
   164.00  0.72451    
   165.00  0.72816    
   166.00  0.72425    
   167.00  0.71230    
   168.00  0.69268    
   169.00  0.66670    
   170.00  0.63665    
   171.00  0.60558    
   172.00  0.57714    
   173.00  0.55532    
   174.00  0.54400    
   175.00  0.54598    
   176.00  0.56184    
   177.00  0.58859    
   178.00  0.61915    
   179.00  0.64362    
   180.00  0.65300    
 |--------|------------|
0.440000     micron = Wavelength
0.146436     = Extinction efficiency (Q)
0.134063     = Scattering efficiency (Qs)
0.123731E-01 = Absorption efficiency (Qa)
 21.0202     = Lidar ratio
0.446408E-02 micron^2 = <b> = Average surface area per particle
0.653702E-03 microns^2 = Extinction cross section (C)
0.598467E-03 microns^2 = Scattering cross section (Cs)
0.552345E-04 microns^2 = Absorption cross section (Ca)
 |----------------------------------------------------|
 | COMMENTAIRES:                                      |
 |----------------------------------------------------|
 |   -Cross section / <b> should = efficiency         |
 |    is independant of the normalisation of dN/dx    |
 |   -The integral of the phase fct / 4 pi over all   |
 |    directions (solid angle) = 1.                   |
 |   -The volume coefficient (k) is equal to C * N    |
 |      = cross section * Number density              |
 |      typical units: [um^2]*[particles/cm^3] =      |
 |      [10^-3 km-1]                                  |
 |      N = M/(d*4/3*pi*r^3) where d is the density   |
 |      of particle, M is the mass per unit volume    |
 |      and 4/3*pi*r^3 is the average volume  of a    |
 |      particle.                                     |
 |      typical units:  M -> [ug/m^3], d -> [g/cm^3]  |
 |                      r -> [um]                     |
 |      Lidar ratio= 4 pi Qe / phase_fct(180)*Qs      |
 |----------------------------------------------------|
