 |--------|------------|
 | ANGLE  |  PHASE FCT |
 |--------|------------|
     0.00   33.214    
     1.00   32.932    
     2.00   32.110    
     3.00   30.811    
     4.00   29.128    
     5.00   27.167    
     6.00   25.038    
     7.00   22.838    
     8.00   20.651    
     9.00   18.541    
    10.00   16.554    
    11.00   14.718    
    12.00   13.050    
    13.00   11.553    
    14.00   10.226    
    15.00   9.0579    
    16.00   8.0381    
    17.00   7.1526    
    18.00   6.3868    
    19.00   5.7265    
    20.00   5.1583    
    21.00   4.6696    
    22.00   4.2494    
    23.00   3.8874    
    24.00   3.5751    
    25.00   3.3047    
    26.00   3.0696    
    27.00   2.8643    
    28.00   2.6840    
    29.00   2.5248    
    30.00   2.3831    
    31.00   2.2562    
    32.00   2.1417    
    33.00   2.0377    
    34.00   1.9427    
    35.00   1.8552    
    36.00   1.7742    
    37.00   1.6989    
    38.00   1.6284    
    39.00   1.5622    
    40.00   1.4998    
    41.00   1.4407    
    42.00   1.3848    
    43.00   1.3316    
    44.00   1.2809    
    45.00   1.2326    
    46.00   1.1865    
    47.00   1.1424    
    48.00   1.1003    
    49.00   1.0599    
    50.00   1.0213    
    51.00  0.98429    
    52.00  0.94883    
    53.00  0.91485    
    54.00  0.88227    
    55.00  0.85105    
    56.00  0.82112    
    57.00  0.79243    
    58.00  0.76493    
    59.00  0.73856    
    60.00  0.71330    
    61.00  0.68908    
    62.00  0.66587    
    63.00  0.64363    
    64.00  0.62233    
    65.00  0.60191    
    66.00  0.58235    
    67.00  0.56362    
    68.00  0.54568    
    69.00  0.52851    
    70.00  0.51206    
    71.00  0.49632    
    72.00  0.48125    
    73.00  0.46683    
    74.00  0.45304    
    75.00  0.43984    
    76.00  0.42723    
    77.00  0.41517    
    78.00  0.40364    
    79.00  0.39263    
    80.00  0.38212    
    81.00  0.37208    
    82.00  0.36250    
    83.00  0.35336    
    84.00  0.34465    
    85.00  0.33636    
    86.00  0.32846    
    87.00  0.32094    
    88.00  0.31379    
    89.00  0.30701    
    90.00  0.30056    
    91.00  0.29445    
    92.00  0.28866    
    93.00  0.28319    
    94.00  0.27801    
    95.00  0.27313    
    96.00  0.26853    
    97.00  0.26421    
    98.00  0.26015    
    99.00  0.25635    
   100.00  0.25280    
   101.00  0.24949    
   102.00  0.24642    
   103.00  0.24358    
   104.00  0.24097    
   105.00  0.23857    
   106.00  0.23639    
   107.00  0.23442    
   108.00  0.23265    
   109.00  0.23108    
   110.00  0.22971    
   111.00  0.22854    
   112.00  0.22755    
   113.00  0.22676    
   114.00  0.22615    
   115.00  0.22573    
   116.00  0.22549    
   117.00  0.22545    
   118.00  0.22559    
   119.00  0.22592    
   120.00  0.22644    
   121.00  0.22716    
   122.00  0.22808    
   123.00  0.22921    
   124.00  0.23056    
   125.00  0.23213    
   126.00  0.23394    
   127.00  0.23599    
   128.00  0.23832    
   129.00  0.24093    
   130.00  0.24384    
   131.00  0.24708    
   132.00  0.25068    
   133.00  0.25467    
   134.00  0.25908    
   135.00  0.26395    
   136.00  0.26932    
   137.00  0.27526    
   138.00  0.28179    
   139.00  0.28899    
   140.00  0.29690    
   141.00  0.30558    
   142.00  0.31509    
   143.00  0.32547    
   144.00  0.33677    
   145.00  0.34901    
   146.00  0.36219    
   147.00  0.37629    
   148.00  0.39125    
   149.00  0.40698    
   150.00  0.42332    
   151.00  0.44006    
   152.00  0.45694    
   153.00  0.47362    
   154.00  0.48972    
   155.00  0.50482    
   156.00  0.51846    
   157.00  0.53020    
   158.00  0.53967    
   159.00  0.54661    
   160.00  0.55092    
   161.00  0.55276    
   162.00  0.55257    
   163.00  0.55113    
   164.00  0.54954    
   165.00  0.54919    
   166.00  0.55169    
   167.00  0.55875    
   168.00  0.57202    
   169.00  0.59291    
   170.00  0.62245    
   171.00  0.66104    
   172.00  0.70830    
   173.00  0.76295    
   174.00  0.82273    
   175.00  0.88440    
   176.00  0.94392    
   177.00  0.99681    
   178.00   1.0386    
   179.00   1.0654    
   180.00   1.0746    
 |--------|------------|
0.580000     micron = Wavelength
0.111550     = Extinction efficiency (Q)
0.985464E-01 = Scattering efficiency (Qs)
0.130036E-01 = Absorption efficiency (Qa)
 13.2366     = Lidar ratio
0.302565E-02 micron^2 = <b> = Average surface area per particle
0.337512E-03 microns^2 = Extinction cross section (C)
0.298167E-03 microns^2 = Scattering cross section (Cs)
0.393445E-04 microns^2 = Absorption cross section (Ca)
 |----------------------------------------------------|
 | COMMENTAIRES:                                      |
 |----------------------------------------------------|
 |   -Cross section / <b> should = efficiency         |
 |    is independant of the normalisation of dN/dx    |
 |   -The integral of the phase fct / 4 pi over all   |
 |    directions (solid angle) = 1.                   |
 |   -The volume coefficient (k) is equal to C * N    |
 |      = cross section * Number density              |
 |      typical units: [um^2]*[particles/cm^3] =      |
 |      [10^-3 km-1]                                  |
 |      N = M/(d*4/3*pi*r^3) where d is the density   |
 |      of particle, M is the mass per unit volume    |
 |      and 4/3*pi*r^3 is the average volume  of a    |
 |      particle.                                     |
 |      typical units:  M -> [ug/m^3], d -> [g/cm^3]  |
 |                      r -> [um]                     |
 |      Lidar ratio= 4 pi Qe / phase_fct(180)*Qs      |
 |----------------------------------------------------|
