 |--------|------------|
 | ANGLE  |  PHASE FCT |
 |--------|------------|
     0.00   128.40    
     1.00   121.67    
     2.00   104.05    
     3.00   81.538    
     4.00   59.960    
     5.00   42.524    
     6.00   29.789    
     7.00   20.979    
     8.00   15.077    
     9.00   11.210    
    10.00   8.6999    
    11.00   7.0562    
    12.00   5.9608    
    13.00   5.2129    
    14.00   4.6838    
    15.00   4.2934    
    16.00   3.9932    
    17.00   3.7522    
    18.00   3.5502    
    19.00   3.3764    
    20.00   3.2238    
    21.00   3.0867    
    22.00   2.9608    
    23.00   2.8442    
    24.00   2.7361    
    25.00   2.6351    
    26.00   2.5398    
    27.00   2.4494    
    28.00   2.3636    
    29.00   2.2823    
    30.00   2.2049    
    31.00   2.1307    
    32.00   2.0596    
    33.00   1.9916    
    34.00   1.9264    
    35.00   1.8637    
    36.00   1.8031    
    37.00   1.7450    
    38.00   1.6890    
    39.00   1.6350    
    40.00   1.5827    
    41.00   1.5323    
    42.00   1.4837    
    43.00   1.4367    
    44.00   1.3912    
    45.00   1.3472    
    46.00   1.3047    
    47.00   1.2636    
    48.00   1.2237    
    49.00   1.1852    
    50.00   1.1480    
    51.00   1.1120    
    52.00   1.0771    
    53.00   1.0434    
    54.00   1.0108    
    55.00  0.97920    
    56.00  0.94865    
    57.00  0.91915    
    58.00  0.89065    
    59.00  0.86308    
    60.00  0.83643    
    61.00  0.81072    
    62.00  0.78590    
    63.00  0.76192    
    64.00  0.73878    
    65.00  0.71647    
    66.00  0.69498    
    67.00  0.67425    
    68.00  0.65427    
    69.00  0.63506    
    70.00  0.61657    
    71.00  0.59878    
    72.00  0.58168    
    73.00  0.56527    
    74.00  0.54952    
    75.00  0.53440    
    76.00  0.51990    
    77.00  0.50603    
    78.00  0.49275    
    79.00  0.48003    
    80.00  0.46788    
    81.00  0.45629    
    82.00  0.44522    
    83.00  0.43466    
    84.00  0.42461    
    85.00  0.41504    
    86.00  0.40593    
    87.00  0.39728    
    88.00  0.38906    
    89.00  0.38126    
    90.00  0.37387    
    91.00  0.36687    
    92.00  0.36024    
    93.00  0.35398    
    94.00  0.34807    
    95.00  0.34249    
    96.00  0.33723    
    97.00  0.33229    
    98.00  0.32765    
    99.00  0.32330    
   100.00  0.31922    
   101.00  0.31541    
   102.00  0.31187    
   103.00  0.30858    
   104.00  0.30553    
   105.00  0.30271    
   106.00  0.30013    
   107.00  0.29776    
   108.00  0.29561    
   109.00  0.29367    
   110.00  0.29194    
   111.00  0.29040    
   112.00  0.28905    
   113.00  0.28789    
   114.00  0.28692    
   115.00  0.28613    
   116.00  0.28552    
   117.00  0.28508    
   118.00  0.28482    
   119.00  0.28473    
   120.00  0.28480    
   121.00  0.28506    
   122.00  0.28548    
   123.00  0.28608    
   124.00  0.28686    
   125.00  0.28782    
   126.00  0.28897    
   127.00  0.29032    
   128.00  0.29188    
   129.00  0.29367    
   130.00  0.29568    
   131.00  0.29795    
   132.00  0.30049    
   133.00  0.30332    
   134.00  0.30647    
   135.00  0.30997    
   136.00  0.31384    
   137.00  0.31812    
   138.00  0.32283    
   139.00  0.32802    
   140.00  0.33371    
   141.00  0.33992    
   142.00  0.34667    
   143.00  0.35397    
   144.00  0.36182    
   145.00  0.37019    
   146.00  0.37904    
   147.00  0.38830    
   148.00  0.39786    
   149.00  0.40762    
   150.00  0.41742    
   151.00  0.42707    
   152.00  0.43638    
   153.00  0.44517    
   154.00  0.45325    
   155.00  0.46046    
   156.00  0.46680    
   157.00  0.47233    
   158.00  0.47720    
   159.00  0.48175    
   160.00  0.48647    
   161.00  0.49189    
   162.00  0.49855    
   163.00  0.50702    
   164.00  0.51754    
   165.00  0.52979    
   166.00  0.54300    
   167.00  0.55601    
   168.00  0.56727    
   169.00  0.57557    
   170.00  0.58049    
   171.00  0.58168    
   172.00  0.57795    
   173.00  0.56831    
   174.00  0.55337    
   175.00  0.53626    
   176.00  0.52459    
   177.00  0.52967    
   178.00  0.55635    
   179.00  0.59089    
   180.00  0.60697    
 |--------|------------|
0.490000     micron = Wavelength
0.234521     = Extinction efficiency (Q)
0.217741     = Scattering efficiency (Qs)
0.167807E-01 = Absorption efficiency (Qa)
 22.2988     = Lidar ratio
0.956879E-02 micron^2 = <b> = Average surface area per particle
0.224408E-02 microns^2 = Extinction cross section (C)
0.208351E-02 microns^2 = Scattering cross section (Cs)
0.160571E-03 microns^2 = Absorption cross section (Ca)
 |----------------------------------------------------|
 | COMMENTAIRES:                                      |
 |----------------------------------------------------|
 |   -Cross section / <b> should = efficiency         |
 |    is independant of the normalisation of dN/dx    |
 |   -The integral of the phase fct / 4 pi over all   |
 |    directions (solid angle) = 1.                   |
 |   -The volume coefficient (k) is equal to C * N    |
 |      = cross section * Number density              |
 |      typical units: [um^2]*[particles/cm^3] =      |
 |      [10^-3 km-1]                                  |
 |      N = M/(d*4/3*pi*r^3) where d is the density   |
 |      of particle, M is the mass per unit volume    |
 |      and 4/3*pi*r^3 is the average volume  of a    |
 |      particle.                                     |
 |      typical units:  M -> [ug/m^3], d -> [g/cm^3]  |
 |                      r -> [um]                     |
 |      Lidar ratio= 4 pi Qe / phase_fct(180)*Qs      |
 |----------------------------------------------------|
