 |--------|------------|
 | ANGLE  |  PHASE FCT |
 |--------|------------|
     0.00   44.013    
     1.00   43.389    
     2.00   41.598    
     3.00   38.855    
     4.00   35.458    
     5.00   31.715    
     6.00   27.893    
     7.00   24.202    
     8.00   20.782    
     9.00   17.713    
    10.00   15.028    
    11.00   12.724    
    12.00   10.779    
    13.00   9.1573    
    14.00   7.8185    
    15.00   6.7209    
    16.00   5.8258    
    17.00   5.0981    
    18.00   4.5071    
    19.00   4.0270    
    20.00   3.6361    
    21.00   3.3165    
    22.00   3.0538    
    23.00   2.8363    
    24.00   2.6546    
    25.00   2.5012    
    26.00   2.3702    
    27.00   2.2568    
    28.00   2.1574    
    29.00   2.0690    
    30.00   1.9895    
    31.00   1.9169    
    32.00   1.8501    
    33.00   1.7878    
    34.00   1.7293    
    35.00   1.6740    
    36.00   1.6214    
    37.00   1.5712    
    38.00   1.5230    
    39.00   1.4766    
    40.00   1.4319    
    41.00   1.3888    
    42.00   1.3471    
    43.00   1.3068    
    44.00   1.2677    
    45.00   1.2299    
    46.00   1.1933    
    47.00   1.1579    
    48.00   1.1235    
    49.00   1.0903    
    50.00   1.0581    
    51.00   1.0269    
    52.00  0.99674    
    53.00  0.96752    
    54.00  0.93924    
    55.00  0.91189    
    56.00  0.88542    
    57.00  0.85983    
    58.00  0.83509    
    59.00  0.81118    
    60.00  0.78807    
    61.00  0.76574    
    62.00  0.74418    
    63.00  0.72336    
    64.00  0.70326    
    65.00  0.68387    
    66.00  0.66517    
    67.00  0.64713    
    68.00  0.62974    
    69.00  0.61299    
    70.00  0.59685    
    71.00  0.58131    
    72.00  0.56635    
    73.00  0.55196    
    74.00  0.53813    
    75.00  0.52484    
    76.00  0.51207    
    77.00  0.49982    
    78.00  0.48806    
    79.00  0.47679    
    80.00  0.46600    
    81.00  0.45566    
    82.00  0.44578    
    83.00  0.43633    
    84.00  0.42732    
    85.00  0.41872    
    86.00  0.41053    
    87.00  0.40273    
    88.00  0.39532    
    89.00  0.38829    
    90.00  0.38163    
    91.00  0.37532    
    92.00  0.36937    
    93.00  0.36376    
    94.00  0.35847    
    95.00  0.35351    
    96.00  0.34887    
    97.00  0.34453    
    98.00  0.34050    
    99.00  0.33675    
   100.00  0.33329    
   101.00  0.33010    
   102.00  0.32719    
   103.00  0.32454    
   104.00  0.32214    
   105.00  0.31999    
   106.00  0.31809    
   107.00  0.31642    
   108.00  0.31498    
   109.00  0.31377    
   110.00  0.31277    
   111.00  0.31199    
   112.00  0.31142    
   113.00  0.31106    
   114.00  0.31089    
   115.00  0.31092    
   116.00  0.31114    
   117.00  0.31155    
   118.00  0.31215    
   119.00  0.31293    
   120.00  0.31389    
   121.00  0.31504    
   122.00  0.31636    
   123.00  0.31787    
   124.00  0.31956    
   125.00  0.32143    
   126.00  0.32349    
   127.00  0.32574    
   128.00  0.32819    
   129.00  0.33085    
   130.00  0.33372    
   131.00  0.33683    
   132.00  0.34017    
   133.00  0.34379    
   134.00  0.34769    
   135.00  0.35191    
   136.00  0.35648    
   137.00  0.36145    
   138.00  0.36685    
   139.00  0.37274    
   140.00  0.37920    
   141.00  0.38630    
   142.00  0.39411    
   143.00  0.40273    
   144.00  0.41226    
   145.00  0.42281    
   146.00  0.43447    
   147.00  0.44734    
   148.00  0.46150    
   149.00  0.47702    
   150.00  0.49390    
   151.00  0.51212    
   152.00  0.53158    
   153.00  0.55207    
   154.00  0.57332    
   155.00  0.59490    
   156.00  0.61632    
   157.00  0.63695    
   158.00  0.65610    
   159.00  0.67311    
   160.00  0.68739    
   161.00  0.69852    
   162.00  0.70640    
   163.00  0.71132    
   164.00  0.71398    
   165.00  0.71555    
   166.00  0.71752    
   167.00  0.72165    
   168.00  0.72982    
   169.00  0.74389    
   170.00  0.76555    
   171.00  0.79620    
   172.00  0.83673    
   173.00  0.88719    
   174.00  0.94648    
   175.00   1.0120    
   176.00   1.0794    
   177.00   1.1428    
   178.00   1.1953    
   179.00   1.2301    
   180.00   1.2423    
 |--------|------------|
0.450000     micron = Wavelength
0.125257     = Extinction efficiency (Q)
0.110190     = Scattering efficiency (Qs)
0.150671E-01 = Absorption efficiency (Qa)
 11.4987     = Lidar ratio
0.302566E-02 micron^2 = <b> = Average surface area per particle
0.378985E-03 microns^2 = Extinction cross section (C)
0.333397E-03 microns^2 = Scattering cross section (Cs)
0.455879E-04 microns^2 = Absorption cross section (Ca)
 |----------------------------------------------------|
 | COMMENTAIRES:                                      |
 |----------------------------------------------------|
 |   -Cross section / <b> should = efficiency         |
 |    is independant of the normalisation of dN/dx    |
 |   -The integral of the phase fct / 4 pi over all   |
 |    directions (solid angle) = 1.                   |
 |   -The volume coefficient (k) is equal to C * N    |
 |      = cross section * Number density              |
 |      typical units: [um^2]*[particles/cm^3] =      |
 |      [10^-3 km-1]                                  |
 |      N = M/(d*4/3*pi*r^3) where d is the density   |
 |      of particle, M is the mass per unit volume    |
 |      and 4/3*pi*r^3 is the average volume  of a    |
 |      particle.                                     |
 |      typical units:  M -> [ug/m^3], d -> [g/cm^3]  |
 |                      r -> [um]                     |
 |      Lidar ratio= 4 pi Qe / phase_fct(180)*Qs      |
 |----------------------------------------------------|
