 |--------|------------|
 | ANGLE  |  PHASE FCT |
 |--------|------------|
     0.00   68.380    
     1.00   65.848    
     2.00   59.012    
     3.00   49.712    
     4.00   39.938    
     5.00   31.083    
     6.00   23.773    
     7.00   18.085    
     8.00   13.831    
     9.00   10.740    
    10.00   8.5319    
    11.00   6.9689    
    12.00   5.8644    
    13.00   5.0804    
    14.00   4.5171    
    15.00   4.1046    
    16.00   3.7953    
    17.00   3.5567    
    18.00   3.3669    
    19.00   3.2109    
    20.00   3.0786    
    21.00   2.9632    
    22.00   2.8600    
    23.00   2.7661    
    24.00   2.6792    
    25.00   2.5978    
    26.00   2.5207    
    27.00   2.4474    
    28.00   2.3775    
    29.00   2.3102    
    30.00   2.2454    
    31.00   2.1829    
    32.00   2.1224    
    33.00   2.0639    
    34.00   2.0070    
    35.00   1.9518    
    36.00   1.8982    
    37.00   1.8460    
    38.00   1.7952    
    39.00   1.7457    
    40.00   1.6975    
    41.00   1.6505    
    42.00   1.6048    
    43.00   1.5601    
    44.00   1.5167    
    45.00   1.4743    
    46.00   1.4330    
    47.00   1.3927    
    48.00   1.3535    
    49.00   1.3153    
    50.00   1.2780    
    51.00   1.2418    
    52.00   1.2065    
    53.00   1.1722    
    54.00   1.1388    
    55.00   1.1063    
    56.00   1.0747    
    57.00   1.0440    
    58.00   1.0142    
    59.00  0.98522    
    60.00  0.95713    
    61.00  0.92988    
    62.00  0.90344    
    63.00  0.87782    
    64.00  0.85301    
    65.00  0.82900    
    66.00  0.80575    
    67.00  0.78327    
    68.00  0.76154    
    69.00  0.74055    
    70.00  0.72028    
    71.00  0.70073    
    72.00  0.68188    
    73.00  0.66372    
    74.00  0.64623    
    75.00  0.62939    
    76.00  0.61321    
    77.00  0.59766    
    78.00  0.58271    
    79.00  0.56838    
    80.00  0.55463    
    81.00  0.54146    
    82.00  0.52886    
    83.00  0.51679    
    84.00  0.50526    
    85.00  0.49425    
    86.00  0.48374    
    87.00  0.47373    
    88.00  0.46419    
    89.00  0.45512    
    90.00  0.44651    
    91.00  0.43833    
    92.00  0.43057    
    93.00  0.42324    
    94.00  0.41630    
    95.00  0.40975    
    96.00  0.40359    
    97.00  0.39779    
    98.00  0.39235    
    99.00  0.38726    
   100.00  0.38251    
   101.00  0.37808    
   102.00  0.37397    
   103.00  0.37016    
   104.00  0.36666    
   105.00  0.36344    
   106.00  0.36050    
   107.00  0.35784    
   108.00  0.35544    
   109.00  0.35329    
   110.00  0.35139    
   111.00  0.34973    
   112.00  0.34831    
   113.00  0.34711    
   114.00  0.34612    
   115.00  0.34536    
   116.00  0.34480    
   117.00  0.34444    
   118.00  0.34427    
   119.00  0.34430    
   120.00  0.34452    
   121.00  0.34492    
   122.00  0.34551    
   123.00  0.34627    
   124.00  0.34722    
   125.00  0.34834    
   126.00  0.34964    
   127.00  0.35113    
   128.00  0.35279    
   129.00  0.35465    
   130.00  0.35671    
   131.00  0.35896    
   132.00  0.36143    
   133.00  0.36411    
   134.00  0.36703    
   135.00  0.37020    
   136.00  0.37363    
   137.00  0.37735    
   138.00  0.38136    
   139.00  0.38568    
   140.00  0.39035    
   141.00  0.39536    
   142.00  0.40076    
   143.00  0.40654    
   144.00  0.41271    
   145.00  0.41929    
   146.00  0.42627    
   147.00  0.43365    
   148.00  0.44141    
   149.00  0.44952    
   150.00  0.45795    
   151.00  0.46667    
   152.00  0.47564    
   153.00  0.48483    
   154.00  0.49419    
   155.00  0.50373    
   156.00  0.51347    
   157.00  0.52344    
   158.00  0.53371    
   159.00  0.54434    
   160.00  0.55537    
   161.00  0.56678    
   162.00  0.57838    
   163.00  0.58981    
   164.00  0.60043    
   165.00  0.60938    
   166.00  0.61566    
   167.00  0.61838    
   168.00  0.61695    
   169.00  0.61120    
   170.00  0.60142    
   171.00  0.58818    
   172.00  0.57229    
   173.00  0.55532    
   174.00  0.54001    
   175.00  0.53019    
   176.00  0.53007    
   177.00  0.54213    
   178.00  0.56358    
   179.00  0.58479    
   180.00  0.59372    
 |--------|------------|
0.400000     micron = Wavelength
0.210780     = Extinction efficiency (Q)
0.196270     = Scattering efficiency (Qs)
0.145102E-01 = Absorption efficiency (Qa)
 22.7304     = Lidar ratio
0.627989E-02 micron^2 = <b> = Average surface area per particle
0.132368E-02 microns^2 = Extinction cross section (C)
0.123255E-02 microns^2 = Scattering cross section (Cs)
0.911225E-04 microns^2 = Absorption cross section (Ca)
 |----------------------------------------------------|
 | COMMENTAIRES:                                      |
 |----------------------------------------------------|
 |   -Cross section / <b> should = efficiency         |
 |    is independant of the normalisation of dN/dx    |
 |   -The integral of the phase fct / 4 pi over all   |
 |    directions (solid angle) = 1.                   |
 |   -The volume coefficient (k) is equal to C * N    |
 |      = cross section * Number density              |
 |      typical units: [um^2]*[particles/cm^3] =      |
 |      [10^-3 km-1]                                  |
 |      N = M/(d*4/3*pi*r^3) where d is the density   |
 |      of particle, M is the mass per unit volume    |
 |      and 4/3*pi*r^3 is the average volume  of a    |
 |      particle.                                     |
 |      typical units:  M -> [ug/m^3], d -> [g/cm^3]  |
 |                      r -> [um]                     |
 |      Lidar ratio= 4 pi Qe / phase_fct(180)*Qs      |
 |----------------------------------------------------|
