 |--------|------------|
 | ANGLE  |  PHASE FCT |
 |--------|------------|
     0.00   125.46    
     1.00   119.62    
     2.00   104.16    
     3.00   83.925    
     4.00   63.806    
     5.00   46.782    
     6.00   33.717    
     7.00   24.243    
     8.00   17.618    
     9.00   13.100    
    10.00   10.058    
    11.00   8.0117    
    12.00   6.6229    
    13.00   5.6663    
    14.00   4.9910    
    15.00   4.4990    
    16.00   4.1282    
    17.00   3.8378    
    18.00   3.6010    
    19.00   3.4020    
    20.00   3.2304    
    21.00   3.0786    
    22.00   2.9413    
    23.00   2.8156    
    24.00   2.6997    
    25.00   2.5920    
    26.00   2.4910    
    27.00   2.3958    
    28.00   2.3060    
    29.00   2.2210    
    30.00   2.1405    
    31.00   2.0636    
    32.00   1.9903    
    33.00   1.9204    
    34.00   1.8536    
    35.00   1.7896    
    36.00   1.7281    
    37.00   1.6692    
    38.00   1.6127    
    39.00   1.5583    
    40.00   1.5060    
    41.00   1.4556    
    42.00   1.4072    
    43.00   1.3605    
    44.00   1.3155    
    45.00   1.2721    
    46.00   1.2304    
    47.00   1.1900    
    48.00   1.1511    
    49.00   1.1136    
    50.00   1.0775    
    51.00   1.0425    
    52.00   1.0088    
    53.00  0.97636    
    54.00  0.94504    
    55.00  0.91481    
    56.00  0.88564    
    57.00  0.85752    
    58.00  0.83043    
    59.00  0.80430    
    60.00  0.77909    
    61.00  0.75482    
    62.00  0.73145    
    63.00  0.70894    
    64.00  0.68725    
    65.00  0.66638    
    66.00  0.64631    
    67.00  0.62700    
    68.00  0.60843    
    69.00  0.59060    
    70.00  0.57348    
    71.00  0.55704    
    72.00  0.54126    
    73.00  0.52613    
    74.00  0.51164    
    75.00  0.49776    
    76.00  0.48447    
    77.00  0.47177    
    78.00  0.45963    
    79.00  0.44802    
    80.00  0.43695    
    81.00  0.42640    
    82.00  0.41634    
    83.00  0.40676    
    84.00  0.39764    
    85.00  0.38898    
    86.00  0.38075    
    87.00  0.37294    
    88.00  0.36553    
    89.00  0.35851    
    90.00  0.35187    
    91.00  0.34558    
    92.00  0.33964    
    93.00  0.33404    
    94.00  0.32876    
    95.00  0.32379    
    96.00  0.31912    
    97.00  0.31473    
    98.00  0.31062    
    99.00  0.30678    
   100.00  0.30319    
   101.00  0.29986    
   102.00  0.29676    
   103.00  0.29390    
   104.00  0.29126    
   105.00  0.28884    
   106.00  0.28663    
   107.00  0.28463    
   108.00  0.28283    
   109.00  0.28123    
   110.00  0.27982    
   111.00  0.27859    
   112.00  0.27755    
   113.00  0.27669    
   114.00  0.27600    
   115.00  0.27549    
   116.00  0.27516    
   117.00  0.27499    
   118.00  0.27500    
   119.00  0.27517    
   120.00  0.27553    
   121.00  0.27605    
   122.00  0.27675    
   123.00  0.27764    
   124.00  0.27871    
   125.00  0.27998    
   126.00  0.28144    
   127.00  0.28313    
   128.00  0.28504    
   129.00  0.28719    
   130.00  0.28960    
   131.00  0.29228    
   132.00  0.29527    
   133.00  0.29857    
   134.00  0.30223    
   135.00  0.30626    
   136.00  0.31070    
   137.00  0.31559    
   138.00  0.32094    
   139.00  0.32680    
   140.00  0.33319    
   141.00  0.34013    
   142.00  0.34763    
   143.00  0.35571    
   144.00  0.36435    
   145.00  0.37352    
   146.00  0.38318    
   147.00  0.39325    
   148.00  0.40363    
   149.00  0.41421    
   150.00  0.42484    
   151.00  0.43535    
   152.00  0.44556    
   153.00  0.45530    
   154.00  0.46442    
   155.00  0.47283    
   156.00  0.48053    
   157.00  0.48765    
   158.00  0.49438    
   159.00  0.50110    
   160.00  0.50831    
   161.00  0.51650    
   162.00  0.52615    
   163.00  0.53761    
   164.00  0.55087    
   165.00  0.56527    
   166.00  0.57963    
   167.00  0.59231    
   168.00  0.60145    
   169.00  0.60558    
   170.00  0.60420    
   171.00  0.59732    
   172.00  0.58502    
   173.00  0.56815    
   174.00  0.54938    
   175.00  0.53378    
   176.00  0.52925    
   177.00  0.54413    
   178.00  0.57850    
   179.00  0.61639    
   180.00  0.63310    
 |--------|------------|
0.530000     micron = Wavelength
0.210917     = Extinction efficiency (Q)
0.195104     = Scattering efficiency (Qs)
0.158131E-01 = Absorption efficiency (Qa)
 21.4578     = Lidar ratio
0.956964E-02 micron^2 = <b> = Average surface area per particle
0.201840E-02 microns^2 = Extinction cross section (C)
0.186707E-02 microns^2 = Scattering cross section (Cs)
0.151325E-03 microns^2 = Absorption cross section (Ca)
 |----------------------------------------------------|
 | COMMENTAIRES:                                      |
 |----------------------------------------------------|
 |   -Cross section / <b> should = efficiency         |
 |    is independant of the normalisation of dN/dx    |
 |   -The integral of the phase fct / 4 pi over all   |
 |    directions (solid angle) = 1.                   |
 |   -The volume coefficient (k) is equal to C * N    |
 |      = cross section * Number density              |
 |      typical units: [um^2]*[particles/cm^3] =      |
 |      [10^-3 km-1]                                  |
 |      N = M/(d*4/3*pi*r^3) where d is the density   |
 |      of particle, M is the mass per unit volume    |
 |      and 4/3*pi*r^3 is the average volume  of a    |
 |      particle.                                     |
 |      typical units:  M -> [ug/m^3], d -> [g/cm^3]  |
 |                      r -> [um]                     |
 |      Lidar ratio= 4 pi Qe / phase_fct(180)*Qs      |
 |----------------------------------------------------|
