 |--------|------------|
 | ANGLE  |  PHASE FCT |
 |--------|------------|
     0.00   90.992    
     1.00   88.678    
     2.00   82.239    
     3.00   72.954    
     4.00   62.364    
     5.00   51.784    
     6.00   42.086    
     7.00   33.708    
     8.00   26.773    
     9.00   21.211    
    10.00   16.852    
    11.00   13.492    
    12.00   10.932    
    13.00   8.9946    
    14.00   7.5331    
    15.00   6.4297    
    16.00   5.5931    
    17.00   4.9533    
    18.00   4.4579    
    19.00   4.0680    
    20.00   3.7551    
    21.00   3.4983    
    22.00   3.2826    
    23.00   3.0970    
    24.00   2.9339    
    25.00   2.7877    
    26.00   2.6546    
    27.00   2.5319    
    28.00   2.4174    
    29.00   2.3100    
    30.00   2.2085    
    31.00   2.1123    
    32.00   2.0207    
    33.00   1.9335    
    34.00   1.8502    
    35.00   1.7707    
    36.00   1.6947    
    37.00   1.6220    
    38.00   1.5526    
    39.00   1.4862    
    40.00   1.4228    
    41.00   1.3622    
    42.00   1.3043    
    43.00   1.2490    
    44.00   1.1962    
    45.00   1.1459    
    46.00   1.0978    
    47.00   1.0519    
    48.00   1.0081    
    49.00  0.96641    
    50.00  0.92661    
    51.00  0.88868    
    52.00  0.85251    
    53.00  0.81805    
    54.00  0.78521    
    55.00  0.75392    
    56.00  0.72411    
    57.00  0.69571    
    58.00  0.66867    
    59.00  0.64291    
    60.00  0.61839    
    61.00  0.59504    
    62.00  0.57281    
    63.00  0.55165    
    64.00  0.53151    
    65.00  0.51234    
    66.00  0.49410    
    67.00  0.47675    
    68.00  0.46024    
    69.00  0.44454    
    70.00  0.42961    
    71.00  0.41541    
    72.00  0.40191    
    73.00  0.38909    
    74.00  0.37690    
    75.00  0.36532    
    76.00  0.35432    
    77.00  0.34388    
    78.00  0.33397    
    79.00  0.32457    
    80.00  0.31565    
    81.00  0.30719    
    82.00  0.29917    
    83.00  0.29157    
    84.00  0.28437    
    85.00  0.27756    
    86.00  0.27111    
    87.00  0.26501    
    88.00  0.25924    
    89.00  0.25379    
    90.00  0.24865    
    91.00  0.24381    
    92.00  0.23924    
    93.00  0.23494    
    94.00  0.23090    
    95.00  0.22710    
    96.00  0.22354    
    97.00  0.22022    
    98.00  0.21711    
    99.00  0.21422    
   100.00  0.21153    
   101.00  0.20904    
   102.00  0.20674    
   103.00  0.20464    
   104.00  0.20272    
   105.00  0.20097    
   106.00  0.19941    
   107.00  0.19802    
   108.00  0.19679    
   109.00  0.19574    
   110.00  0.19485    
   111.00  0.19414    
   112.00  0.19358    
   113.00  0.19320    
   114.00  0.19298    
   115.00  0.19293    
   116.00  0.19305    
   117.00  0.19335    
   118.00  0.19383    
   119.00  0.19449    
   120.00  0.19534    
   121.00  0.19639    
   122.00  0.19765    
   123.00  0.19911    
   124.00  0.20081    
   125.00  0.20274    
   126.00  0.20492    
   127.00  0.20736    
   128.00  0.21009    
   129.00  0.21311    
   130.00  0.21645    
   131.00  0.22013    
   132.00  0.22416    
   133.00  0.22858    
   134.00  0.23340    
   135.00  0.23866    
   136.00  0.24436    
   137.00  0.25054    
   138.00  0.25723    
   139.00  0.26442    
   140.00  0.27216    
   141.00  0.28044    
   142.00  0.28927    
   143.00  0.29865    
   144.00  0.30858    
   145.00  0.31904    
   146.00  0.33000    
   147.00  0.34145    
   148.00  0.35335    
   149.00  0.36567    
   150.00  0.37837    
   151.00  0.39144    
   152.00  0.40488    
   153.00  0.41872    
   154.00  0.43300    
   155.00  0.44783    
   156.00  0.46333    
   157.00  0.47964    
   158.00  0.49688    
   159.00  0.51509    
   160.00  0.53415    
   161.00  0.55368    
   162.00  0.57296    
   163.00  0.59083    
   164.00  0.60566    
   165.00  0.61541    
   166.00  0.61787    
   167.00  0.61106    
   168.00  0.59381    
   169.00  0.56628    
   170.00  0.53046    
   171.00  0.49027    
   172.00  0.45123    
   173.00  0.41983    
   174.00  0.40254    
   175.00  0.40430    
   176.00  0.42660    
   177.00  0.46553    
   178.00  0.51078    
   179.00  0.54740    
   180.00  0.56151    
 |--------|------------|
0.750000     micron = Wavelength
0.159348     = Extinction efficiency (Q)
0.147224     = Scattering efficiency (Qs)
0.121246E-01 = Absorption efficiency (Qa)
 24.2225     = Lidar ratio
0.957049E-02 micron^2 = <b> = Average surface area per particle
0.152504E-02 microns^2 = Extinction cross section (C)
0.140900E-02 microns^2 = Scattering cross section (Cs)
0.116039E-03 microns^2 = Absorption cross section (Ca)
 |----------------------------------------------------|
 | COMMENTAIRES:                                      |
 |----------------------------------------------------|
 |   -Cross section / <b> should = efficiency         |
 |    is independant of the normalisation of dN/dx    |
 |   -The integral of the phase fct / 4 pi over all   |
 |    directions (solid angle) = 1.                   |
 |   -The volume coefficient (k) is equal to C * N    |
 |      = cross section * Number density              |
 |      typical units: [um^2]*[particles/cm^3] =      |
 |      [10^-3 km-1]                                  |
 |      N = M/(d*4/3*pi*r^3) where d is the density   |
 |      of particle, M is the mass per unit volume    |
 |      and 4/3*pi*r^3 is the average volume  of a    |
 |      particle.                                     |
 |      typical units:  M -> [ug/m^3], d -> [g/cm^3]  |
 |                      r -> [um]                     |
 |      Lidar ratio= 4 pi Qe / phase_fct(180)*Qs      |
 |----------------------------------------------------|
