 |--------|------------|
 | ANGLE  |  PHASE FCT |
 |--------|------------|
     0.00   42.002    
     1.00   41.507    
     2.00   40.076    
     3.00   37.858    
     4.00   35.063    
     5.00   31.916    
     6.00   28.628    
     7.00   25.372    
     8.00   22.273    
     9.00   19.415    
    10.00   16.843    
    11.00   14.574    
    12.00   12.603    
    13.00   10.911    
    14.00   9.4742    
    15.00   8.2619    
    16.00   7.2449    
    17.00   6.3947    
    18.00   5.6851    
    19.00   5.0931    
    20.00   4.5985    
    21.00   4.1839    
    22.00   3.8348    
    23.00   3.5390    
    24.00   3.2866    
    25.00   3.0693    
    26.00   2.8804    
    27.00   2.7145    
    28.00   2.5673    
    29.00   2.4354    
    30.00   2.3160    
    31.00   2.2069    
    32.00   2.1064    
    33.00   2.0132    
    34.00   1.9262    
    35.00   1.8445    
    36.00   1.7676    
    37.00   1.6948    
    38.00   1.6257    
    39.00   1.5601    
    40.00   1.4977    
    41.00   1.4381    
    42.00   1.3812    
    43.00   1.3270    
    44.00   1.2751    
    45.00   1.2255    
    46.00   1.1781    
    47.00   1.1327    
    48.00   1.0894    
    49.00   1.0479    
    50.00   1.0083    
    51.00  0.97036    
    52.00  0.93412    
    53.00  0.89947    
    54.00  0.86634    
    55.00  0.83469    
    56.00  0.80443    
    57.00  0.77552    
    58.00  0.74789    
    59.00  0.72149    
    60.00  0.69626    
    61.00  0.67216    
    62.00  0.64914    
    63.00  0.62716    
    64.00  0.60615    
    65.00  0.58609    
    66.00  0.56693    
    67.00  0.54863    
    68.00  0.53117    
    69.00  0.51449    
    70.00  0.49856    
    71.00  0.48337    
    72.00  0.46886    
    73.00  0.45502    
    74.00  0.44182    
    75.00  0.42923    
    76.00  0.41722    
    77.00  0.40577    
    78.00  0.39486    
    79.00  0.38447    
    80.00  0.37457    
    81.00  0.36515    
    82.00  0.35618    
    83.00  0.34766    
    84.00  0.33956    
    85.00  0.33187    
    86.00  0.32457    
    87.00  0.31765    
    88.00  0.31109    
    89.00  0.30489    
    90.00  0.29902    
    91.00  0.29348    
    92.00  0.28826    
    93.00  0.28335    
    94.00  0.27873    
    95.00  0.27440    
    96.00  0.27035    
    97.00  0.26656    
    98.00  0.26304    
    99.00  0.25977    
   100.00  0.25675    
   101.00  0.25397    
   102.00  0.25142    
   103.00  0.24909    
   104.00  0.24699    
   105.00  0.24510    
   106.00  0.24343    
   107.00  0.24196    
   108.00  0.24069    
   109.00  0.23962    
   110.00  0.23874    
   111.00  0.23805    
   112.00  0.23756    
   113.00  0.23725    
   114.00  0.23712    
   115.00  0.23718    
   116.00  0.23742    
   117.00  0.23784    
   118.00  0.23844    
   119.00  0.23923    
   120.00  0.24020    
   121.00  0.24136    
   122.00  0.24271    
   123.00  0.24425    
   124.00  0.24600    
   125.00  0.24795    
   126.00  0.25011    
   127.00  0.25249    
   128.00  0.25510    
   129.00  0.25796    
   130.00  0.26108    
   131.00  0.26447    
   132.00  0.26814    
   133.00  0.27213    
   134.00  0.27646    
   135.00  0.28114    
   136.00  0.28622    
   137.00  0.29173    
   138.00  0.29770    
   139.00  0.30419    
   140.00  0.31123    
   141.00  0.31890    
   142.00  0.32725    
   143.00  0.33634    
   144.00  0.34626    
   145.00  0.35708    
   146.00  0.36889    
   147.00  0.38175    
   148.00  0.39576    
   149.00  0.41096    
   150.00  0.42740    
   151.00  0.44507    
   152.00  0.46394    
   153.00  0.48388    
   154.00  0.50468    
   155.00  0.52603    
   156.00  0.54749    
   157.00  0.56847    
   158.00  0.58824    
   159.00  0.60594    
   160.00  0.62063    
   161.00  0.63134    
   162.00  0.63715    
   163.00  0.63738    
   164.00  0.63167    
   165.00  0.62015    
   166.00  0.60354    
   167.00  0.58323    
   168.00  0.56122    
   169.00  0.53998    
   170.00  0.52228    
   171.00  0.51079    
   172.00  0.50782    
   173.00  0.51484    
   174.00  0.53208    
   175.00  0.55823    
   176.00  0.59032    
   177.00  0.62385    
   178.00  0.65342    
   179.00  0.67378    
   180.00  0.68104    
 |--------|------------|
0.498000     micron = Wavelength
0.113961     = Extinction efficiency (Q)
0.103884     = Scattering efficiency (Qs)
0.100766E-01 = Absorption efficiency (Qa)
 20.2415     = Lidar ratio
0.313422E-02 micron^2 = <b> = Average surface area per particle
0.357178E-03 microns^2 = Extinction cross section (C)
0.325596E-03 microns^2 = Scattering cross section (Cs)
0.315823E-04 microns^2 = Absorption cross section (Ca)
 |----------------------------------------------------|
 | COMMENTAIRES:                                      |
 |----------------------------------------------------|
 |   -Cross section / <b> should = efficiency         |
 |    is independant of the normalisation of dN/dx    |
 |   -The integral of the phase fct / 4 pi over all   |
 |    directions (solid angle) = 1.                   |
 |   -The volume coefficient (k) is equal to C * N    |
 |      = cross section * Number density              |
 |      typical units: [um^2]*[particles/cm^3] =      |
 |      [10^-3 km-1]                                  |
 |      N = M/(d*4/3*pi*r^3) where d is the density   |
 |      of particle, M is the mass per unit volume    |
 |      and 4/3*pi*r^3 is the average volume  of a    |
 |      particle.                                     |
 |      typical units:  M -> [ug/m^3], d -> [g/cm^3]  |
 |                      r -> [um]                     |
 |      Lidar ratio= 4 pi Qe / phase_fct(180)*Qs      |
 |----------------------------------------------------|
