 |--------|------------|
 | ANGLE  |  PHASE FCT |
 |--------|------------|
     0.00   68.477    
     1.00   66.044    
     2.00   59.450    
     3.00   50.417    
     4.00   40.827    
     5.00   32.032    
     6.00   24.676    
     7.00   18.877    
     8.00   14.488    
     9.00   11.260    
    10.00   8.9300    
    11.00   7.2646    
    12.00   6.0783    
    13.00   5.2309    
    14.00   4.6199    
    15.00   4.1720    
    16.00   3.8368    
    17.00   3.5795    
    18.00   3.3761    
    19.00   3.2103    
    20.00   3.0710    
    21.00   2.9504    
    22.00   2.8435    
    23.00   2.7467    
    24.00   2.6577    
    25.00   2.5746    
    26.00   2.4963    
    27.00   2.4221    
    28.00   2.3512    
    29.00   2.2834    
    30.00   2.2181    
    31.00   2.1551    
    32.00   2.0944    
    33.00   2.0356    
    34.00   1.9786    
    35.00   1.9233    
    36.00   1.8697    
    37.00   1.8175    
    38.00   1.7669    
    39.00   1.7175    
    40.00   1.6695    
    41.00   1.6228    
    42.00   1.5774    
    43.00   1.5331    
    44.00   1.4900    
    45.00   1.4480    
    46.00   1.4071    
    47.00   1.3673    
    48.00   1.3286    
    49.00   1.2909    
    50.00   1.2542    
    51.00   1.2184    
    52.00   1.1837    
    53.00   1.1499    
    54.00   1.1171    
    55.00   1.0852    
    56.00   1.0542    
    57.00   1.0241    
    58.00  0.99485    
    59.00  0.96649    
    60.00  0.93898    
    61.00  0.91231    
    62.00  0.88646    
    63.00  0.86142    
    64.00  0.83718    
    65.00  0.81372    
    66.00  0.79103    
    67.00  0.76909    
    68.00  0.74790    
    69.00  0.72744    
    70.00  0.70769    
    71.00  0.68864    
    72.00  0.67029    
    73.00  0.65261    
    74.00  0.63558    
    75.00  0.61921    
    76.00  0.60347    
    77.00  0.58834    
    78.00  0.57382    
    79.00  0.55989    
    80.00  0.54654    
    81.00  0.53375    
    82.00  0.52152    
    83.00  0.50981    
    84.00  0.49862    
    85.00  0.48795    
    86.00  0.47776    
    87.00  0.46806    
    88.00  0.45883    
    89.00  0.45005    
    90.00  0.44171    
    91.00  0.43380    
    92.00  0.42630    
    93.00  0.41922    
    94.00  0.41252    
    95.00  0.40621    
    96.00  0.40027    
    97.00  0.39469    
    98.00  0.38946    
    99.00  0.38457    
   100.00  0.38001    
   101.00  0.37577    
   102.00  0.37184    
   103.00  0.36821    
   104.00  0.36487    
   105.00  0.36182    
   106.00  0.35904    
   107.00  0.35653    
   108.00  0.35428    
   109.00  0.35228    
   110.00  0.35052    
   111.00  0.34900    
   112.00  0.34771    
   113.00  0.34664    
   114.00  0.34579    
   115.00  0.34515    
   116.00  0.34471    
   117.00  0.34447    
   118.00  0.34443    
   119.00  0.34458    
   120.00  0.34492    
   121.00  0.34545    
   122.00  0.34615    
   123.00  0.34704    
   124.00  0.34811    
   125.00  0.34936    
   126.00  0.35079    
   127.00  0.35240    
   128.00  0.35421    
   129.00  0.35620    
   130.00  0.35840    
   131.00  0.36081    
   132.00  0.36343    
   133.00  0.36628    
   134.00  0.36937    
   135.00  0.37271    
   136.00  0.37633    
   137.00  0.38024    
   138.00  0.38445    
   139.00  0.38899    
   140.00  0.39388    
   141.00  0.39914    
   142.00  0.40478    
   143.00  0.41081    
   144.00  0.41725    
   145.00  0.42411    
   146.00  0.43139    
   147.00  0.43907    
   148.00  0.44714    
   149.00  0.45559    
   150.00  0.46438    
   151.00  0.47348    
   152.00  0.48287    
   153.00  0.49251    
   154.00  0.50240    
   155.00  0.51252    
   156.00  0.52290    
   157.00  0.53361    
   158.00  0.54469    
   159.00  0.55620    
   160.00  0.56816    
   161.00  0.58048    
   162.00  0.59293    
   163.00  0.60506    
   164.00  0.61614    
   165.00  0.62521    
   166.00  0.63120    
   167.00  0.63316    
   168.00  0.63047    
   169.00  0.62302    
   170.00  0.61122    
   171.00  0.59587    
   172.00  0.57812    
   173.00  0.55992    
   174.00  0.54428    
   175.00  0.53519    
   176.00  0.53661    
   177.00  0.55044    
   178.00  0.57328    
   179.00  0.59520    
   180.00  0.60431    
 |--------|------------|
0.410000     micron = Wavelength
0.201624     = Extinction efficiency (Q)
0.187482     = Scattering efficiency (Qs)
0.141426E-01 = Absorption efficiency (Qa)
 22.3632     = Lidar ratio
0.627992E-02 micron^2 = <b> = Average surface area per particle
0.126618E-02 microns^2 = Extinction cross section (C)
0.117737E-02 microns^2 = Scattering cross section (Cs)
0.888141E-04 microns^2 = Absorption cross section (Ca)
 |----------------------------------------------------|
 | COMMENTAIRES:                                      |
 |----------------------------------------------------|
 |   -Cross section / <b> should = efficiency         |
 |    is independant of the normalisation of dN/dx    |
 |   -The integral of the phase fct / 4 pi over all   |
 |    directions (solid angle) = 1.                   |
 |   -The volume coefficient (k) is equal to C * N    |
 |      = cross section * Number density              |
 |      typical units: [um^2]*[particles/cm^3] =      |
 |      [10^-3 km-1]                                  |
 |      N = M/(d*4/3*pi*r^3) where d is the density   |
 |      of particle, M is the mass per unit volume    |
 |      and 4/3*pi*r^3 is the average volume  of a    |
 |      particle.                                     |
 |      typical units:  M -> [ug/m^3], d -> [g/cm^3]  |
 |                      r -> [um]                     |
 |      Lidar ratio= 4 pi Qe / phase_fct(180)*Qs      |
 |----------------------------------------------------|
