 |--------|------------|
 | ANGLE  |  PHASE FCT |
 |--------|------------|
     0.00   46.802    
     1.00   46.122    
     2.00   44.174    
     3.00   41.199    
     4.00   37.527    
     5.00   33.499    
     6.00   29.406    
     7.00   25.474    
     8.00   21.849    
     9.00   18.611    
    10.00   15.792    
    11.00   13.383    
    12.00   11.358    
    13.00   9.6747    
    14.00   8.2883    
    15.00   7.1540    
    16.00   6.2299    
    17.00   5.4786    
    18.00   4.8679    
    19.00   4.3708    
    20.00   3.9645    
    21.00   3.6305    
    22.00   3.3539    
    23.00   3.1224    
    24.00   2.9266    
    25.00   2.7589    
    26.00   2.6131    
    27.00   2.4847    
    28.00   2.3701    
    29.00   2.2664    
    30.00   2.1716    
    31.00   2.0839    
    32.00   2.0021    
    33.00   1.9253    
    34.00   1.8528    
    35.00   1.7839    
    36.00   1.7183    
    37.00   1.6556    
    38.00   1.5956    
    39.00   1.5380    
    40.00   1.4828    
    41.00   1.4298    
    42.00   1.3788    
    43.00   1.3298    
    44.00   1.2827    
    45.00   1.2375    
    46.00   1.1939    
    47.00   1.1521    
    48.00   1.1119    
    49.00   1.0733    
    50.00   1.0362    
    51.00   1.0006    
    52.00  0.96636    
    53.00  0.93351    
    54.00  0.90197    
    55.00  0.87169    
    56.00  0.84265    
    57.00  0.81478    
    58.00  0.78804    
    59.00  0.76239    
    60.00  0.73779    
    61.00  0.71421    
    62.00  0.69159    
    63.00  0.66992    
    64.00  0.64914    
    65.00  0.62923    
    66.00  0.61016    
    67.00  0.59188    
    68.00  0.57438    
    69.00  0.55762    
    70.00  0.54157    
    71.00  0.52621    
    72.00  0.51151    
    73.00  0.49745    
    74.00  0.48401    
    75.00  0.47115    
    76.00  0.45886    
    77.00  0.44713    
    78.00  0.43592    
    79.00  0.42522    
    80.00  0.41502    
    81.00  0.40529    
    82.00  0.39602    
    83.00  0.38720    
    84.00  0.37880    
    85.00  0.37082    
    86.00  0.36324    
    87.00  0.35605    
    88.00  0.34923    
    89.00  0.34278    
    90.00  0.33668    
    91.00  0.33092    
    92.00  0.32550    
    93.00  0.32039    
    94.00  0.31560    
    95.00  0.31111    
    96.00  0.30691    
    97.00  0.30301    
    98.00  0.29937    
    99.00  0.29601    
   100.00  0.29291    
   101.00  0.29006    
   102.00  0.28747    
   103.00  0.28511    
   104.00  0.28300    
   105.00  0.28111    
   106.00  0.27945    
   107.00  0.27800    
   108.00  0.27678    
   109.00  0.27576    
   110.00  0.27495    
   111.00  0.27434    
   112.00  0.27392    
   113.00  0.27371    
   114.00  0.27369    
   115.00  0.27385    
   116.00  0.27421    
   117.00  0.27475    
   118.00  0.27548    
   119.00  0.27640    
   120.00  0.27750    
   121.00  0.27879    
   122.00  0.28027    
   123.00  0.28194    
   124.00  0.28381    
   125.00  0.28588    
   126.00  0.28816    
   127.00  0.29065    
   128.00  0.29336    
   129.00  0.29630    
   130.00  0.29949    
   131.00  0.30293    
   132.00  0.30665    
   133.00  0.31065    
   134.00  0.31497    
   135.00  0.31962    
   136.00  0.32463    
   137.00  0.33003    
   138.00  0.33586    
   139.00  0.34217    
   140.00  0.34898    
   141.00  0.35637    
   142.00  0.36439    
   143.00  0.37311    
   144.00  0.38260    
   145.00  0.39295    
   146.00  0.40425    
   147.00  0.41661    
   148.00  0.43011    
   149.00  0.44486    
   150.00  0.46095    
   151.00  0.47844    
   152.00  0.49735    
   153.00  0.51766    
   154.00  0.53925    
   155.00  0.56189    
   156.00  0.58523    
   157.00  0.60876    
   158.00  0.63176    
   159.00  0.65337    
   160.00  0.67252    
   161.00  0.68809    
   162.00  0.69890    
   163.00  0.70393    
   164.00  0.70247    
   165.00  0.69424    
   166.00  0.67965    
   167.00  0.65983    
   168.00  0.63665    
   169.00  0.61262    
   170.00  0.59067    
   171.00  0.57390    
   172.00  0.56517    
   173.00  0.56672    
   174.00  0.57960    
   175.00  0.60318    
   176.00  0.63483    
   177.00  0.66980    
   178.00  0.70184    
   179.00  0.72444    
   180.00  0.73260    
 |--------|------------|
0.450000     micron = Wavelength
0.119959     = Extinction efficiency (Q)
0.108771     = Scattering efficiency (Qs)
0.111881E-01 = Absorption efficiency (Qa)
 18.9174     = Lidar ratio
0.313423E-02 micron^2 = <b> = Average surface area per particle
0.375980E-03 microns^2 = Extinction cross section (C)
0.340914E-03 microns^2 = Scattering cross section (Cs)
0.350660E-04 microns^2 = Absorption cross section (Ca)
 |----------------------------------------------------|
 | COMMENTAIRES:                                      |
 |----------------------------------------------------|
 |   -Cross section / <b> should = efficiency         |
 |    is independant of the normalisation of dN/dx    |
 |   -The integral of the phase fct / 4 pi over all   |
 |    directions (solid angle) = 1.                   |
 |   -The volume coefficient (k) is equal to C * N    |
 |      = cross section * Number density              |
 |      typical units: [um^2]*[particles/cm^3] =      |
 |      [10^-3 km-1]                                  |
 |      N = M/(d*4/3*pi*r^3) where d is the density   |
 |      of particle, M is the mass per unit volume    |
 |      and 4/3*pi*r^3 is the average volume  of a    |
 |      particle.                                     |
 |      typical units:  M -> [ug/m^3], d -> [g/cm^3]  |
 |                      r -> [um]                     |
 |      Lidar ratio= 4 pi Qe / phase_fct(180)*Qs      |
 |----------------------------------------------------|
