 |--------|------------|
 | ANGLE  |  PHASE FCT |
 |--------|------------|
     0.00   56.006    
     1.00   55.049    
     2.00   52.328    
     3.00   48.233    
     4.00   43.278    
     5.00   37.970    
     6.00   32.719    
     7.00   27.811    
     8.00   23.413    
     9.00   19.596    
    10.00   16.363    
    11.00   13.677    
    12.00   11.477    
    13.00   9.6938    
    14.00   8.2599    
    15.00   7.1123    
    16.00   6.1959    
    17.00   5.4637    
    18.00   4.8770    
    19.00   4.4044    
    20.00   4.0205    
    21.00   3.7052    
    22.00   3.4431    
    23.00   3.2218    
    24.00   3.0321    
    25.00   2.8667    
    26.00   2.7203    
    27.00   2.5888    
    28.00   2.4690    
    29.00   2.3588    
    30.00   2.2563    
    31.00   2.1604    
    32.00   2.0700    
    33.00   1.9844    
    34.00   1.9031    
    35.00   1.8257    
    36.00   1.7518    
    37.00   1.6813    
    38.00   1.6138    
    39.00   1.5493    
    40.00   1.4876    
    41.00   1.4285    
    42.00   1.3719    
    43.00   1.3178    
    44.00   1.2661    
    45.00   1.2166    
    46.00   1.1692    
    47.00   1.1240    
    48.00   1.0807    
    49.00   1.0394    
    50.00  0.99988    
    51.00  0.96213    
    52.00  0.92608    
    53.00  0.89165    
    54.00  0.85877    
    55.00  0.82738    
    56.00  0.79740    
    57.00  0.76878    
    58.00  0.74146    
    59.00  0.71538    
    60.00  0.69049    
    61.00  0.66673    
    62.00  0.64405    
    63.00  0.62241    
    64.00  0.60177    
    65.00  0.58206    
    66.00  0.56327    
    67.00  0.54534    
    68.00  0.52823    
    69.00  0.51192    
    70.00  0.49637    
    71.00  0.48154    
    72.00  0.46740    
    73.00  0.45392    
    74.00  0.44109    
    75.00  0.42886    
    76.00  0.41721    
    77.00  0.40612    
    78.00  0.39557    
    79.00  0.38553    
    80.00  0.37599    
    81.00  0.36692    
    82.00  0.35830    
    83.00  0.35012    
    84.00  0.34236    
    85.00  0.33501    
    86.00  0.32804    
    87.00  0.32145    
    88.00  0.31521    
    89.00  0.30932    
    90.00  0.30377    
    91.00  0.29854    
    92.00  0.29363    
    93.00  0.28901    
    94.00  0.28469    
    95.00  0.28064    
    96.00  0.27687    
    97.00  0.27336    
    98.00  0.27011    
    99.00  0.26711    
   100.00  0.26435    
   101.00  0.26182    
   102.00  0.25952    
   103.00  0.25745    
   104.00  0.25559    
   105.00  0.25394    
   106.00  0.25250    
   107.00  0.25126    
   108.00  0.25023    
   109.00  0.24938    
   110.00  0.24873    
   111.00  0.24827    
   112.00  0.24800    
   113.00  0.24791    
   114.00  0.24800    
   115.00  0.24828    
   116.00  0.24874    
   117.00  0.24939    
   118.00  0.25022    
   119.00  0.25123    
   120.00  0.25244    
   121.00  0.25383    
   122.00  0.25542    
   123.00  0.25721    
   124.00  0.25920    
   125.00  0.26141    
   126.00  0.26384    
   127.00  0.26649    
   128.00  0.26937    
   129.00  0.27251    
   130.00  0.27591    
   131.00  0.27958    
   132.00  0.28353    
   133.00  0.28779    
   134.00  0.29237    
   135.00  0.29729    
   136.00  0.30257    
   137.00  0.30822    
   138.00  0.31428    
   139.00  0.32076    
   140.00  0.32770    
   141.00  0.33511    
   142.00  0.34302    
   143.00  0.35147    
   144.00  0.36049    
   145.00  0.37011    
   146.00  0.38038    
   147.00  0.39133    
   148.00  0.40302    
   149.00  0.41550    
   150.00  0.42882    
   151.00  0.44305    
   152.00  0.45824    
   153.00  0.47445    
   154.00  0.49167    
   155.00  0.50989    
   156.00  0.52901    
   157.00  0.54881    
   158.00  0.56897    
   159.00  0.58895    
   160.00  0.60799    
   161.00  0.62513    
   162.00  0.63915    
   163.00  0.64869    
   164.00  0.65234    
   165.00  0.64887    
   166.00  0.63741    
   167.00  0.61781    
   168.00  0.59087    
   169.00  0.55850    
   170.00  0.52368    
   171.00  0.49023    
   172.00  0.46239    
   173.00  0.44421    
   174.00  0.43870    
   175.00  0.44703    
   176.00  0.46773    
   177.00  0.49631    
   178.00  0.52569    
   179.00  0.54778    
   180.00  0.55599    
 |--------|------------|
0.610000     micron = Wavelength
0.125074     = Extinction efficiency (Q)
0.115170     = Scattering efficiency (Qs)
0.990454E-02 = Absorption efficiency (Qa)
 24.5456     = Lidar ratio
0.628001E-02 micron^2 = <b> = Average surface area per particle
0.785468E-03 microns^2 = Extinction cross section (C)
0.723268E-03 microns^2 = Scattering cross section (Cs)
0.622006E-04 microns^2 = Absorption cross section (Ca)
 |----------------------------------------------------|
 | COMMENTAIRES:                                      |
 |----------------------------------------------------|
 |   -Cross section / <b> should = efficiency         |
 |    is independant of the normalisation of dN/dx    |
 |   -The integral of the phase fct / 4 pi over all   |
 |    directions (solid angle) = 1.                   |
 |   -The volume coefficient (k) is equal to C * N    |
 |      = cross section * Number density              |
 |      typical units: [um^2]*[particles/cm^3] =      |
 |      [10^-3 km-1]                                  |
 |      N = M/(d*4/3*pi*r^3) where d is the density   |
 |      of particle, M is the mass per unit volume    |
 |      and 4/3*pi*r^3 is the average volume  of a    |
 |      particle.                                     |
 |      typical units:  M -> [ug/m^3], d -> [g/cm^3]  |
 |                      r -> [um]                     |
 |      Lidar ratio= 4 pi Qe / phase_fct(180)*Qs      |
 |----------------------------------------------------|
