 |--------|------------|
 | ANGLE  |  PHASE FCT |
 |--------|------------|
     0.00   68.945    
     1.00   67.047    
     2.00   61.799    
     3.00   54.320    
     4.00   45.927    
     5.00   37.704    
     6.00   30.323    
     7.00   24.079    
     8.00   19.017    
     9.00   15.040    
    10.00   11.983    
    11.00   9.6699    
    12.00   7.9365    
    13.00   6.6444    
    14.00   5.6818    
    15.00   4.9622    
    16.00   4.4200    
    17.00   4.0065    
    18.00   3.6860    
    19.00   3.4325    
    20.00   3.2273    
    21.00   3.0570    
    22.00   2.9119    
    23.00   2.7852    
    24.00   2.6724    
    25.00   2.5698    
    26.00   2.4752    
    27.00   2.3869    
    28.00   2.3038    
    29.00   2.2250    
    30.00   2.1498    
    31.00   2.0779    
    32.00   2.0090    
    33.00   1.9427    
    34.00   1.8789    
    35.00   1.8174    
    36.00   1.7581    
    37.00   1.7009    
    38.00   1.6457    
    39.00   1.5924    
    40.00   1.5409    
    41.00   1.4912    
    42.00   1.4432    
    43.00   1.3968    
    44.00   1.3520    
    45.00   1.3088    
    46.00   1.2670    
    47.00   1.2267    
    48.00   1.1878    
    49.00   1.1502    
    50.00   1.1140    
    51.00   1.0790    
    52.00   1.0452    
    53.00   1.0126    
    54.00  0.98121    
    55.00  0.95090    
    56.00  0.92166    
    57.00  0.89348    
    58.00  0.86631    
    59.00  0.84013    
    60.00  0.81490    
    61.00  0.79059    
    62.00  0.76719    
    63.00  0.74465    
    64.00  0.72296    
    65.00  0.70210    
    66.00  0.68202    
    67.00  0.66272    
    68.00  0.64416    
    69.00  0.62634    
    70.00  0.60922    
    71.00  0.59279    
    72.00  0.57702    
    73.00  0.56190    
    74.00  0.54741    
    75.00  0.53352    
    76.00  0.52023    
    77.00  0.50751    
    78.00  0.49535    
    79.00  0.48372    
    80.00  0.47263    
    81.00  0.46203    
    82.00  0.45194    
    83.00  0.44231    
    84.00  0.43315    
    85.00  0.42444    
    86.00  0.41617    
    87.00  0.40832    
    88.00  0.40087    
    89.00  0.39382    
    90.00  0.38716    
    91.00  0.38086    
    92.00  0.37493    
    93.00  0.36934    
    94.00  0.36409    
    95.00  0.35917    
    96.00  0.35458    
    97.00  0.35028    
    98.00  0.34629    
    99.00  0.34259    
   100.00  0.33917    
   101.00  0.33603    
   102.00  0.33315    
   103.00  0.33053    
   104.00  0.32816    
   105.00  0.32604    
   106.00  0.32416    
   107.00  0.32251    
   108.00  0.32108    
   109.00  0.31988    
   110.00  0.31889    
   111.00  0.31812    
   112.00  0.31755    
   113.00  0.31718    
   114.00  0.31701    
   115.00  0.31705    
   116.00  0.31727    
   117.00  0.31769    
   118.00  0.31829    
   119.00  0.31909    
   120.00  0.32008    
   121.00  0.32126    
   122.00  0.32264    
   123.00  0.32421    
   124.00  0.32597    
   125.00  0.32795    
   126.00  0.33012    
   127.00  0.33252    
   128.00  0.33514    
   129.00  0.33800    
   130.00  0.34110    
   131.00  0.34446    
   132.00  0.34808    
   133.00  0.35200    
   134.00  0.35621    
   135.00  0.36075    
   136.00  0.36562    
   137.00  0.37085    
   138.00  0.37645    
   139.00  0.38245    
   140.00  0.38885    
   141.00  0.39568    
   142.00  0.40293    
   143.00  0.41064    
   144.00  0.41878    
   145.00  0.42737    
   146.00  0.43639    
   147.00  0.44583    
   148.00  0.45568    
   149.00  0.46591    
   150.00  0.47652    
   151.00  0.48747    
   152.00  0.49878    
   153.00  0.51045    
   154.00  0.52250    
   155.00  0.53501    
   156.00  0.54803    
   157.00  0.56165    
   158.00  0.57593    
   159.00  0.59087    
   160.00  0.60639    
   161.00  0.62218    
   162.00  0.63771    
   163.00  0.65214    
   164.00  0.66429    
   165.00  0.67271    
   166.00  0.67586    
   167.00  0.67238    
   168.00  0.66150    
   169.00  0.64337    
   170.00  0.61931    
   171.00  0.59181    
   172.00  0.56433    
   173.00  0.54111    
   174.00  0.52667    
   175.00  0.52495    
   176.00  0.53790    
   177.00  0.56373    
   178.00  0.59553    
   179.00  0.62211    
   180.00  0.63252    
 |--------|------------|
0.520000     micron = Wavelength
0.155725     = Extinction efficiency (Q)
0.144401     = Scattering efficiency (Qs)
0.113238E-01 = Absorption efficiency (Qa)
 21.4251     = Lidar ratio
0.747900E-02 micron^2 = <b> = Average surface area per particle
0.116467E-02 microns^2 = Extinction cross section (C)
0.107997E-02 microns^2 = Scattering cross section (Cs)
0.846909E-04 microns^2 = Absorption cross section (Ca)
 |----------------------------------------------------|
 | COMMENTAIRES:                                      |
 |----------------------------------------------------|
 |   -Cross section / <b> should = efficiency         |
 |    is independant of the normalisation of dN/dx    |
 |   -The integral of the phase fct / 4 pi over all   |
 |    directions (solid angle) = 1.                   |
 |   -The volume coefficient (k) is equal to C * N    |
 |      = cross section * Number density              |
 |      typical units: [um^2]*[particles/cm^3] =      |
 |      [10^-3 km-1]                                  |
 |      N = M/(d*4/3*pi*r^3) where d is the density   |
 |      of particle, M is the mass per unit volume    |
 |      and 4/3*pi*r^3 is the average volume  of a    |
 |      particle.                                     |
 |      typical units:  M -> [ug/m^3], d -> [g/cm^3]  |
 |                      r -> [um]                     |
 |      Lidar ratio= 4 pi Qe / phase_fct(180)*Qs      |
 |----------------------------------------------------|
