 |--------|------------|
 | ANGLE  |  PHASE FCT |
 |--------|------------|
     0.00   89.391    
     1.00   87.174    
     2.00   80.995    
     3.00   72.057    
     4.00   61.818    
     5.00   51.537    
     6.00   42.060    
     7.00   33.826    
     8.00   26.972    
     9.00   21.444    
    10.00   17.089    
    11.00   13.714    
    12.00   11.130    
    13.00   9.1662    
    14.00   7.6784    
    15.00   6.5513    
    16.00   5.6941    
    17.00   5.0371    
    18.00   4.5276    
    19.00   4.1265    
    20.00   3.8045    
    21.00   3.5405    
    22.00   3.3190    
    23.00   3.1287    
    24.00   2.9618    
    25.00   2.8125    
    26.00   2.6768    
    27.00   2.5517    
    28.00   2.4353    
    29.00   2.3260    
    30.00   2.2229    
    31.00   2.1251    
    32.00   2.0321    
    33.00   1.9435    
    34.00   1.8590    
    35.00   1.7783    
    36.00   1.7012    
    37.00   1.6275    
    38.00   1.5571    
    39.00   1.4898    
    40.00   1.4255    
    41.00   1.3642    
    42.00   1.3055    
    43.00   1.2496    
    44.00   1.1962    
    45.00   1.1452    
    46.00   1.0966    
    47.00   1.0503    
    48.00   1.0061    
    49.00  0.96397    
    50.00  0.92383    
    51.00  0.88558    
    52.00  0.84914    
    53.00  0.81443    
    54.00  0.78138    
    55.00  0.74990    
    56.00  0.71993    
    57.00  0.69139    
    58.00  0.66423    
    59.00  0.63838    
    60.00  0.61377    
    61.00  0.59035    
    62.00  0.56808    
    63.00  0.54688    
    64.00  0.52671    
    65.00  0.50753    
    66.00  0.48928    
    67.00  0.47193    
    68.00  0.45543    
    69.00  0.43975    
    70.00  0.42484    
    71.00  0.41067    
    72.00  0.39720    
    73.00  0.38441    
    74.00  0.37226    
    75.00  0.36071    
    76.00  0.34976    
    77.00  0.33936    
    78.00  0.32949    
    79.00  0.32013    
    80.00  0.31125    
    81.00  0.30283    
    82.00  0.29485    
    83.00  0.28730    
    84.00  0.28014    
    85.00  0.27336    
    86.00  0.26695    
    87.00  0.26089    
    88.00  0.25516    
    89.00  0.24975    
    90.00  0.24464    
    91.00  0.23983    
    92.00  0.23529    
    93.00  0.23102    
    94.00  0.22701    
    95.00  0.22324    
    96.00  0.21971    
    97.00  0.21641    
    98.00  0.21333    
    99.00  0.21046    
   100.00  0.20779    
   101.00  0.20532    
   102.00  0.20305    
   103.00  0.20096    
   104.00  0.19905    
   105.00  0.19733    
   106.00  0.19578    
   107.00  0.19440    
   108.00  0.19319    
   109.00  0.19215    
   110.00  0.19128    
   111.00  0.19057    
   112.00  0.19003    
   113.00  0.18965    
   114.00  0.18944    
   115.00  0.18941    
   116.00  0.18954    
   117.00  0.18985    
   118.00  0.19034    
   119.00  0.19101    
   120.00  0.19187    
   121.00  0.19293    
   122.00  0.19420    
   123.00  0.19568    
   124.00  0.19739    
   125.00  0.19934    
   126.00  0.20153    
   127.00  0.20399    
   128.00  0.20673    
   129.00  0.20977    
   130.00  0.21313    
   131.00  0.21682    
   132.00  0.22087    
   133.00  0.22530    
   134.00  0.23013    
   135.00  0.23539    
   136.00  0.24110    
   137.00  0.24728    
   138.00  0.25396    
   139.00  0.26115    
   140.00  0.26886    
   141.00  0.27711    
   142.00  0.28590    
   143.00  0.29524    
   144.00  0.30511    
   145.00  0.31550    
   146.00  0.32639    
   147.00  0.33776    
   148.00  0.34957    
   149.00  0.36179    
   150.00  0.37441    
   151.00  0.38740    
   152.00  0.40077    
   153.00  0.41456    
   154.00  0.42882    
   155.00  0.44364    
   156.00  0.45916    
   157.00  0.47550    
   158.00  0.49277    
   159.00  0.51099    
   160.00  0.53002    
   161.00  0.54944    
   162.00  0.56852    
   163.00  0.58605    
   164.00  0.60039    
   165.00  0.60951    
   166.00  0.61122    
   167.00  0.60360    
   168.00  0.58553    
   169.00  0.55727    
   170.00  0.52090    
   171.00  0.48042    
   172.00  0.44142    
   173.00  0.41042    
   174.00  0.39379    
   175.00  0.39628    
   176.00  0.41906    
   177.00  0.45801    
   178.00  0.50280    
   179.00  0.53883    
   180.00  0.55266    
 |--------|------------|
0.760000     micron = Wavelength
0.158582     = Extinction efficiency (Q)
0.146546     = Scattering efficiency (Qs)
0.120364E-01 = Absorption efficiency (Qa)
 24.6054     = Lidar ratio
0.957055E-02 micron^2 = <b> = Average surface area per particle
0.151772E-02 microns^2 = Extinction cross section (C)
0.140253E-02 microns^2 = Scattering cross section (Cs)
0.115195E-03 microns^2 = Absorption cross section (Ca)
 |----------------------------------------------------|
 | COMMENTAIRES:                                      |
 |----------------------------------------------------|
 |   -Cross section / <b> should = efficiency         |
 |    is independant of the normalisation of dN/dx    |
 |   -The integral of the phase fct / 4 pi over all   |
 |    directions (solid angle) = 1.                   |
 |   -The volume coefficient (k) is equal to C * N    |
 |      = cross section * Number density              |
 |      typical units: [um^2]*[particles/cm^3] =      |
 |      [10^-3 km-1]                                  |
 |      N = M/(d*4/3*pi*r^3) where d is the density   |
 |      of particle, M is the mass per unit volume    |
 |      and 4/3*pi*r^3 is the average volume  of a    |
 |      particle.                                     |
 |      typical units:  M -> [ug/m^3], d -> [g/cm^3]  |
 |                      r -> [um]                     |
 |      Lidar ratio= 4 pi Qe / phase_fct(180)*Qs      |
 |----------------------------------------------------|
