 |--------|------------|
 | ANGLE  |  PHASE FCT |
 |--------|------------|
     0.00   44.913    
     1.00   44.384    
     2.00   42.856    
     3.00   40.489    
     4.00   37.508    
     5.00   34.154    
     6.00   30.652    
     7.00   27.185    
     8.00   23.887    
     9.00   20.846    
    10.00   18.110    
    11.00   15.694    
    12.00   13.594    
    13.00   11.790    
    14.00   10.255    
    15.00   8.9583    
    16.00   7.8674    
    17.00   6.9527    
    18.00   6.1866    
    19.00   5.5445    
    20.00   5.0054    
    21.00   4.5509    
    22.00   4.1657    
    23.00   3.8371    
    24.00   3.5545    
    25.00   3.3094    
    26.00   3.0948    
    27.00   2.9052    
    28.00   2.7359    
    29.00   2.5834    
    30.00   2.4449    
    31.00   2.3182    
    32.00   2.2013    
    33.00   2.0929    
    34.00   1.9919    
    35.00   1.8974    
    36.00   1.8085    
    37.00   1.7249    
    38.00   1.6458    
    39.00   1.5711    
    40.00   1.5003    
    41.00   1.4331    
    42.00   1.3694    
    43.00   1.3089    
    44.00   1.2514    
    45.00   1.1967    
    46.00   1.1448    
    47.00   1.0955    
    48.00   1.0485    
    49.00   1.0039    
    50.00  0.96151    
    51.00  0.92119    
    52.00  0.88287    
    53.00  0.84644    
    54.00  0.81181    
    55.00  0.77890    
    56.00  0.74761    
    57.00  0.71787    
    58.00  0.68961    
    59.00  0.66274    
    60.00  0.63721    
    61.00  0.61294    
    62.00  0.58987    
    63.00  0.56793    
    64.00  0.54708    
    65.00  0.52726    
    66.00  0.50842    
    67.00  0.49051    
    68.00  0.47348    
    69.00  0.45729    
    70.00  0.44190    
    71.00  0.42727    
    72.00  0.41336    
    73.00  0.40014    
    74.00  0.38757    
    75.00  0.37562    
    76.00  0.36427    
    77.00  0.35349    
    78.00  0.34324    
    79.00  0.33351    
    80.00  0.32427    
    81.00  0.31550    
    82.00  0.30717    
    83.00  0.29927    
    84.00  0.29178    
    85.00  0.28468    
    86.00  0.27796    
    87.00  0.27159    
    88.00  0.26557    
    89.00  0.25988    
    90.00  0.25451    
    91.00  0.24944    
    92.00  0.24467    
    93.00  0.24018    
    94.00  0.23596    
    95.00  0.23200    
    96.00  0.22830    
    97.00  0.22484    
    98.00  0.22162    
    99.00  0.21863    
   100.00  0.21586    
   101.00  0.21330    
   102.00  0.21096    
   103.00  0.20882    
   104.00  0.20688    
   105.00  0.20514    
   106.00  0.20359    
   107.00  0.20222    
   108.00  0.20104    
   109.00  0.20003    
   110.00  0.19920    
   111.00  0.19855    
   112.00  0.19808    
   113.00  0.19777    
   114.00  0.19764    
   115.00  0.19768    
   116.00  0.19789    
   117.00  0.19827    
   118.00  0.19882    
   119.00  0.19956    
   120.00  0.20047    
   121.00  0.20156    
   122.00  0.20284    
   123.00  0.20431    
   124.00  0.20598    
   125.00  0.20785    
   126.00  0.20994    
   127.00  0.21224    
   128.00  0.21478    
   129.00  0.21756    
   130.00  0.22059    
   131.00  0.22390    
   132.00  0.22749    
   133.00  0.23138    
   134.00  0.23560    
   135.00  0.24017    
   136.00  0.24511    
   137.00  0.25045    
   138.00  0.25621    
   139.00  0.26245    
   140.00  0.26918    
   141.00  0.27646    
   142.00  0.28432    
   143.00  0.29282    
   144.00  0.30202    
   145.00  0.31196    
   146.00  0.32271    
   147.00  0.33433    
   148.00  0.34688    
   149.00  0.36041    
   150.00  0.37496    
   151.00  0.39054    
   152.00  0.40714    
   153.00  0.42470    
   154.00  0.44307    
   155.00  0.46204    
   156.00  0.48126    
   157.00  0.50028    
   158.00  0.51848    
   159.00  0.53511    
   160.00  0.54925    
   161.00  0.55992    
   162.00  0.56610    
   163.00  0.56685    
   164.00  0.56145    
   165.00  0.54956    
   166.00  0.53141    
   167.00  0.50791    
   168.00  0.48071    
   169.00  0.45216    
   170.00  0.42514    
   171.00  0.40272    
   172.00  0.38779    
   173.00  0.38252    
   174.00  0.38786    
   175.00  0.40319    
   176.00  0.42603    
   177.00  0.45222    
   178.00  0.47653    
   179.00  0.49375    
   180.00  0.49998    
 |--------|------------|
0.620000     micron = Wavelength
0.119193     = Extinction efficiency (Q)
0.109735     = Scattering efficiency (Qs)
0.945842E-02 = Absorption efficiency (Qa)
 27.3003     = Lidar ratio
0.446406E-02 micron^2 = <b> = Average surface area per particle
0.532085E-03 microns^2 = Extinction cross section (C)
0.489862E-03 microns^2 = Scattering cross section (Cs)
0.422229E-04 microns^2 = Absorption cross section (Ca)
 |----------------------------------------------------|
 | COMMENTAIRES:                                      |
 |----------------------------------------------------|
 |   -Cross section / <b> should = efficiency         |
 |    is independant of the normalisation of dN/dx    |
 |   -The integral of the phase fct / 4 pi over all   |
 |    directions (solid angle) = 1.                   |
 |   -The volume coefficient (k) is equal to C * N    |
 |      = cross section * Number density              |
 |      typical units: [um^2]*[particles/cm^3] =      |
 |      [10^-3 km-1]                                  |
 |      N = M/(d*4/3*pi*r^3) where d is the density   |
 |      of particle, M is the mass per unit volume    |
 |      and 4/3*pi*r^3 is the average volume  of a    |
 |      particle.                                     |
 |      typical units:  M -> [ug/m^3], d -> [g/cm^3]  |
 |                      r -> [um]                     |
 |      Lidar ratio= 4 pi Qe / phase_fct(180)*Qs      |
 |----------------------------------------------------|
