 |--------|------------|
 | ANGLE  |  PHASE FCT |
 |--------|------------|
     0.00   71.114    
     1.00   68.593    
     2.00   61.760    
     3.00   52.392    
     4.00   42.438    
     5.00   33.301    
     6.00   25.649    
     7.00   19.611    
     8.00   15.036    
     9.00   11.668    
    10.00   9.2348    
    11.00   7.4942    
    12.00   6.2533    
    13.00   5.3663    
    14.00   4.7265    
    15.00   4.2577    
    16.00   3.9071    
    17.00   3.6381    
    18.00   3.4256    
    19.00   3.2525    
    20.00   3.1072    
    21.00   2.9815    
    22.00   2.8700    
    23.00   2.7691    
    24.00   2.6763    
    25.00   2.5897    
    26.00   2.5083    
    27.00   2.4310    
    28.00   2.3574    
    29.00   2.2869    
    30.00   2.2192    
    31.00   2.1540    
    32.00   2.0911    
    33.00   2.0304    
    34.00   1.9716    
    35.00   1.9147    
    36.00   1.8594    
    37.00   1.8059    
    38.00   1.7539    
    39.00   1.7034    
    40.00   1.6544    
    41.00   1.6067    
    42.00   1.5604    
    43.00   1.5153    
    44.00   1.4715    
    45.00   1.4289    
    46.00   1.3876    
    47.00   1.3473    
    48.00   1.3082    
    49.00   1.2702    
    50.00   1.2333    
    51.00   1.1974    
    52.00   1.1626    
    53.00   1.1287    
    54.00   1.0959    
    55.00   1.0640    
    56.00   1.0331    
    57.00   1.0031    
    58.00  0.97398    
    59.00  0.94579    
    60.00  0.91848    
    61.00  0.89203    
    62.00  0.86642    
    63.00  0.84165    
    64.00  0.81768    
    65.00  0.79452    
    66.00  0.77213    
    67.00  0.75052    
    68.00  0.72965    
    69.00  0.70952    
    70.00  0.69012    
    71.00  0.67141    
    72.00  0.65340    
    73.00  0.63607    
    74.00  0.61940    
    75.00  0.60337    
    76.00  0.58798    
    77.00  0.57320    
    78.00  0.55904    
    79.00  0.54546    
    80.00  0.53245    
    81.00  0.52000    
    82.00  0.50810    
    83.00  0.49673    
    84.00  0.48587    
    85.00  0.47552    
    86.00  0.46565    
    87.00  0.45626    
    88.00  0.44733    
    89.00  0.43885    
    90.00  0.43080    
    91.00  0.42317    
    92.00  0.41596    
    93.00  0.40914    
    94.00  0.40270    
    95.00  0.39664    
    96.00  0.39094    
    97.00  0.38559    
    98.00  0.38058    
    99.00  0.37590    
   100.00  0.37154    
   101.00  0.36749    
   102.00  0.36374    
   103.00  0.36028    
   104.00  0.35711    
   105.00  0.35421    
   106.00  0.35158    
   107.00  0.34920    
   108.00  0.34708    
   109.00  0.34520    
   110.00  0.34356    
   111.00  0.34215    
   112.00  0.34096    
   113.00  0.33998    
   114.00  0.33923    
   115.00  0.33867    
   116.00  0.33832    
   117.00  0.33817    
   118.00  0.33822    
   119.00  0.33845    
   120.00  0.33887    
   121.00  0.33948    
   122.00  0.34028    
   123.00  0.34126    
   124.00  0.34243    
   125.00  0.34378    
   126.00  0.34533    
   127.00  0.34707    
   128.00  0.34901    
   129.00  0.35116    
   130.00  0.35352    
   131.00  0.35611    
   132.00  0.35893    
   133.00  0.36201    
   134.00  0.36534    
   135.00  0.36895    
   136.00  0.37286    
   137.00  0.37708    
   138.00  0.38164    
   139.00  0.38654    
   140.00  0.39181    
   141.00  0.39746    
   142.00  0.40351    
   143.00  0.40996    
   144.00  0.41681    
   145.00  0.42405    
   146.00  0.43168    
   147.00  0.43967    
   148.00  0.44798    
   149.00  0.45657    
   150.00  0.46540    
   151.00  0.47440    
   152.00  0.48352    
   153.00  0.49271    
   154.00  0.50194    
   155.00  0.51122    
   156.00  0.52057    
   157.00  0.53007    
   158.00  0.53985    
   159.00  0.55002    
   160.00  0.56071    
   161.00  0.57196    
   162.00  0.58366    
   163.00  0.59548    
   164.00  0.60681    
   165.00  0.61666    
   166.00  0.62384    
   167.00  0.62714    
   168.00  0.62558    
   169.00  0.61874    
   170.00  0.60694    
   171.00  0.59116    
   172.00  0.57295    
   173.00  0.55468    
   174.00  0.53972    
   175.00  0.53222    
   176.00  0.53610    
   177.00  0.55297    
   178.00  0.57887    
   179.00  0.60311    
   180.00  0.61311    
 |--------|------------|
0.450000     micron = Wavelength
0.194128     = Extinction efficiency (Q)
0.181143     = Scattering efficiency (Qs)
0.129849E-01 = Absorption efficiency (Qa)
 21.9655     = Lidar ratio
0.747890E-02 micron^2 = <b> = Average surface area per particle
0.145186E-02 microns^2 = Extinction cross section (C)
0.135475E-02 microns^2 = Scattering cross section (Cs)
0.971130E-04 microns^2 = Absorption cross section (Ca)
 |----------------------------------------------------|
 | COMMENTAIRES:                                      |
 |----------------------------------------------------|
 |   -Cross section / <b> should = efficiency         |
 |    is independant of the normalisation of dN/dx    |
 |   -The integral of the phase fct / 4 pi over all   |
 |    directions (solid angle) = 1.                   |
 |   -The volume coefficient (k) is equal to C * N    |
 |      = cross section * Number density              |
 |      typical units: [um^2]*[particles/cm^3] =      |
 |      [10^-3 km-1]                                  |
 |      N = M/(d*4/3*pi*r^3) where d is the density   |
 |      of particle, M is the mass per unit volume    |
 |      and 4/3*pi*r^3 is the average volume  of a    |
 |      particle.                                     |
 |      typical units:  M -> [ug/m^3], d -> [g/cm^3]  |
 |                      r -> [um]                     |
 |      Lidar ratio= 4 pi Qe / phase_fct(180)*Qs      |
 |----------------------------------------------------|
