 |--------|------------|
 | ANGLE  |  PHASE FCT |
 |--------|------------|
     0.00   58.868    
     1.00   57.757    
     2.00   54.609    
     3.00   49.920    
     4.00   44.320    
     5.00   38.415    
     6.00   32.674    
     7.00   27.405    
     8.00   22.770    
     9.00   18.822    
    10.00   15.539    
    11.00   12.860    
    12.00   10.705    
    13.00   8.9875    
    14.00   7.6292    
    15.00   6.5587    
    16.00   5.7161    
    17.00   5.0517    
    18.00   4.5254    
    19.00   4.1054    
    20.00   3.7668    
    21.00   3.4901    
    22.00   3.2606    
    23.00   3.0667    
    24.00   2.9001    
    25.00   2.7542    
    26.00   2.6242    
    27.00   2.5067    
    28.00   2.3990    
    29.00   2.2991    
    30.00   2.2057    
    31.00   2.1177    
    32.00   2.0343    
    33.00   1.9551    
    34.00   1.8794    
    35.00   1.8071    
    36.00   1.7378    
    37.00   1.6714    
    38.00   1.6078    
    39.00   1.5467    
    40.00   1.4882    
    41.00   1.4320    
    42.00   1.3781    
    43.00   1.3263    
    44.00   1.2767    
    45.00   1.2292    
    46.00   1.1836    
    47.00   1.1400    
    48.00   1.0981    
    49.00   1.0580    
    50.00   1.0196    
    51.00  0.98288    
    52.00  0.94768    
    53.00  0.91398    
    54.00  0.88174    
    55.00  0.85087    
    56.00  0.82134    
    57.00  0.79308    
    58.00  0.76604    
    59.00  0.74018    
    60.00  0.71544    
    61.00  0.69178    
    62.00  0.66915    
    63.00  0.64751    
    64.00  0.62682    
    65.00  0.60704    
    66.00  0.58814    
    67.00  0.57007    
    68.00  0.55281    
    69.00  0.53631    
    70.00  0.52056    
    71.00  0.50551    
    72.00  0.49115    
    73.00  0.47744    
    74.00  0.46436    
    75.00  0.45188    
    76.00  0.43999    
    77.00  0.42864    
    78.00  0.41784    
    79.00  0.40755    
    80.00  0.39776    
    81.00  0.38844    
    82.00  0.37958    
    83.00  0.37117    
    84.00  0.36318    
    85.00  0.35560    
    86.00  0.34842    
    87.00  0.34161    
    88.00  0.33518    
    89.00  0.32910    
    90.00  0.32337    
    91.00  0.31796    
    92.00  0.31288    
    93.00  0.30810    
    94.00  0.30363    
    95.00  0.29945    
    96.00  0.29555    
    97.00  0.29192    
    98.00  0.28855    
    99.00  0.28545    
   100.00  0.28259    
   101.00  0.27998    
   102.00  0.27760    
   103.00  0.27545    
   104.00  0.27353    
   105.00  0.27183    
   106.00  0.27034    
   107.00  0.26906    
   108.00  0.26799    
   109.00  0.26711    
   110.00  0.26644    
   111.00  0.26596    
   112.00  0.26567    
   113.00  0.26557    
   114.00  0.26566    
   115.00  0.26594    
   116.00  0.26640    
   117.00  0.26705    
   118.00  0.26789    
   119.00  0.26891    
   120.00  0.27013    
   121.00  0.27153    
   122.00  0.27313    
   123.00  0.27493    
   124.00  0.27694    
   125.00  0.27915    
   126.00  0.28159    
   127.00  0.28425    
   128.00  0.28715    
   129.00  0.29029    
   130.00  0.29369    
   131.00  0.29736    
   132.00  0.30132    
   133.00  0.30558    
   134.00  0.31016    
   135.00  0.31508    
   136.00  0.32035    
   137.00  0.32600    
   138.00  0.33205    
   139.00  0.33852    
   140.00  0.34544    
   141.00  0.35283    
   142.00  0.36071    
   143.00  0.36912    
   144.00  0.37807    
   145.00  0.38762    
   146.00  0.39777    
   147.00  0.40858    
   148.00  0.42009    
   149.00  0.43234    
   150.00  0.44539    
   151.00  0.45930    
   152.00  0.47413    
   153.00  0.48994    
   154.00  0.50675    
   155.00  0.52459    
   156.00  0.54340    
   157.00  0.56304    
   158.00  0.58324    
   159.00  0.60355    
   160.00  0.62329    
   161.00  0.64156    
   162.00  0.65718    
   163.00  0.66875    
   164.00  0.67480    
   165.00  0.67393    
   166.00  0.66507    
   167.00  0.64783    
   168.00  0.62274    
   169.00  0.59146    
   170.00  0.55684    
   171.00  0.52266    
   172.00  0.49324    
   173.00  0.47290    
   174.00  0.46515    
   175.00  0.47169    
   176.00  0.49157    
   177.00  0.52049    
   178.00  0.55107    
   179.00  0.57446    
   180.00  0.58322    
 |--------|------------|
0.580000     micron = Wavelength
0.129193     = Extinction efficiency (Q)
0.118851     = Scattering efficiency (Qs)
0.103418E-01 = Absorption efficiency (Qa)
 23.4214     = Lidar ratio
0.627998E-02 micron^2 = <b> = Average surface area per particle
0.811330E-03 microns^2 = Extinction cross section (C)
0.746383E-03 microns^2 = Scattering cross section (Cs)
0.649462E-04 microns^2 = Absorption cross section (Ca)
 |----------------------------------------------------|
 | COMMENTAIRES:                                      |
 |----------------------------------------------------|
 |   -Cross section / <b> should = efficiency         |
 |    is independant of the normalisation of dN/dx    |
 |   -The integral of the phase fct / 4 pi over all   |
 |    directions (solid angle) = 1.                   |
 |   -The volume coefficient (k) is equal to C * N    |
 |      = cross section * Number density              |
 |      typical units: [um^2]*[particles/cm^3] =      |
 |      [10^-3 km-1]                                  |
 |      N = M/(d*4/3*pi*r^3) where d is the density   |
 |      of particle, M is the mass per unit volume    |
 |      and 4/3*pi*r^3 is the average volume  of a    |
 |      particle.                                     |
 |      typical units:  M -> [ug/m^3], d -> [g/cm^3]  |
 |                      r -> [um]                     |
 |      Lidar ratio= 4 pi Qe / phase_fct(180)*Qs      |
 |----------------------------------------------------|
