 |--------|------------|
 | ANGLE  |  PHASE FCT |
 |--------|------------|
     0.00   35.208    
     1.00   34.918    
     2.00   34.070    
     3.00   32.730    
     4.00   30.993    
     5.00   28.972    
     6.00   26.777    
     7.00   24.508    
     8.00   22.250    
     9.00   20.069    
    10.00   18.011    
    11.00   16.105    
    12.00   14.367    
    13.00   12.801    
    14.00   11.404    
    15.00   10.168    
    16.00   9.0813    
    17.00   8.1299    
    18.00   7.2996    
    19.00   6.5767    
    20.00   5.9476    
    21.00   5.4001    
    22.00   4.9230    
    23.00   4.5064    
    24.00   4.1414    
    25.00   3.8207    
    26.00   3.5376    
    27.00   3.2864    
    28.00   3.0626    
    29.00   2.8621    
    30.00   2.6814    
    31.00   2.5179    
    32.00   2.3692    
    33.00   2.2332    
    34.00   2.1084    
    35.00   1.9933    
    36.00   1.8868    
    37.00   1.7879    
    38.00   1.6959    
    39.00   1.6100    
    40.00   1.5296    
    41.00   1.4542    
    42.00   1.3834    
    43.00   1.3169    
    44.00   1.2542    
    45.00   1.1952    
    46.00   1.1394    
    47.00   1.0868    
    48.00   1.0371    
    49.00  0.99017    
    50.00  0.94575    
    51.00  0.90372    
    52.00  0.86395    
    53.00  0.82630    
    54.00  0.79064    
    55.00  0.75686    
    56.00  0.72487    
    57.00  0.69455    
    58.00  0.66581    
    59.00  0.63857    
    60.00  0.61274    
    61.00  0.58825    
    62.00  0.56502    
    63.00  0.54299    
    64.00  0.52209    
    65.00  0.50227    
    66.00  0.48345    
    67.00  0.46559    
    68.00  0.44865    
    69.00  0.43257    
    70.00  0.41730    
    71.00  0.40281    
    72.00  0.38905    
    73.00  0.37599    
    74.00  0.36358    
    75.00  0.35181    
    76.00  0.34064    
    77.00  0.33003    
    78.00  0.31996    
    79.00  0.31040    
    80.00  0.30134    
    81.00  0.29273    
    82.00  0.28458    
    83.00  0.27684    
    84.00  0.26951    
    85.00  0.26256    
    86.00  0.25598    
    87.00  0.24975    
    88.00  0.24386    
    89.00  0.23830    
    90.00  0.23304    
    91.00  0.22808    
    92.00  0.22340    
    93.00  0.21900    
    94.00  0.21486    
    95.00  0.21097    
    96.00  0.20733    
    97.00  0.20392    
    98.00  0.20074    
    99.00  0.19778    
   100.00  0.19504    
   101.00  0.19250    
   102.00  0.19016    
   103.00  0.18801    
   104.00  0.18605    
   105.00  0.18428    
   106.00  0.18269    
   107.00  0.18128    
   108.00  0.18004    
   109.00  0.17897    
   110.00  0.17807    
   111.00  0.17733    
   112.00  0.17676    
   113.00  0.17636    
   114.00  0.17611    
   115.00  0.17603    
   116.00  0.17611    
   117.00  0.17635    
   118.00  0.17676    
   119.00  0.17733    
   120.00  0.17808    
   121.00  0.17900    
   122.00  0.18009    
   123.00  0.18137    
   124.00  0.18284    
   125.00  0.18450    
   126.00  0.18637    
   127.00  0.18845    
   128.00  0.19076    
   129.00  0.19330    
   130.00  0.19608    
   131.00  0.19914    
   132.00  0.20247    
   133.00  0.20611    
   134.00  0.21006    
   135.00  0.21437    
   136.00  0.21904    
   137.00  0.22411    
   138.00  0.22962    
   139.00  0.23559    
   140.00  0.24207    
   141.00  0.24908    
   142.00  0.25668    
   143.00  0.26490    
   144.00  0.27378    
   145.00  0.28337    
   146.00  0.29368    
   147.00  0.30476    
   148.00  0.31661    
   149.00  0.32922    
   150.00  0.34256    
   151.00  0.35656    
   152.00  0.37110    
   153.00  0.38601    
   154.00  0.40106    
   155.00  0.41593    
   156.00  0.43023    
   157.00  0.44349    
   158.00  0.45515    
   159.00  0.46462    
   160.00  0.47128    
   161.00  0.47454    
   162.00  0.47393    
   163.00  0.46914    
   164.00  0.46012    
   165.00  0.44723    
   166.00  0.43118    
   167.00  0.41313    
   168.00  0.39463    
   169.00  0.37753    
   170.00  0.36377    
   171.00  0.35514    
   172.00  0.35303    
   173.00  0.35815    
   174.00  0.37028    
   175.00  0.38816    
   176.00  0.40953    
   177.00  0.43133    
   178.00  0.45018    
   179.00  0.46297    
   180.00  0.46750    
 |--------|------------|
0.610000     micron = Wavelength
0.112450     = Extinction efficiency (Q)
0.104053     = Scattering efficiency (Qs)
0.839680E-02 = Absorption efficiency (Qa)
 29.0490     = Lidar ratio
0.336361E-02 micron^2 = <b> = Average surface area per particle
0.378237E-03 microns^2 = Extinction cross section (C)
0.349993E-03 microns^2 = Scattering cross section (Cs)
0.282436E-04 microns^2 = Absorption cross section (Ca)
 |----------------------------------------------------|
 | COMMENTAIRES:                                      |
 |----------------------------------------------------|
 |   -Cross section / <b> should = efficiency         |
 |    is independant of the normalisation of dN/dx    |
 |   -The integral of the phase fct / 4 pi over all   |
 |    directions (solid angle) = 1.                   |
 |   -The volume coefficient (k) is equal to C * N    |
 |      = cross section * Number density              |
 |      typical units: [um^2]*[particles/cm^3] =      |
 |      [10^-3 km-1]                                  |
 |      N = M/(d*4/3*pi*r^3) where d is the density   |
 |      of particle, M is the mass per unit volume    |
 |      and 4/3*pi*r^3 is the average volume  of a    |
 |      particle.                                     |
 |      typical units:  M -> [ug/m^3], d -> [g/cm^3]  |
 |                      r -> [um]                     |
 |      Lidar ratio= 4 pi Qe / phase_fct(180)*Qs      |
 |----------------------------------------------------|
