 |--------|------------|
 | ANGLE  |  PHASE FCT |
 |--------|------------|
     0.00   126.12    
     1.00   121.70    
     2.00   109.67    
     3.00   93.110    
     4.00   75.393    
     5.00   59.000    
     6.00   45.155    
     7.00   34.139    
     8.00   25.726    
     9.00   19.487    
    10.00   14.951    
    11.00   11.689    
    12.00   9.3557    
    13.00   7.6856    
    14.00   6.4826    
    15.00   5.6057    
    16.00   4.9560    
    17.00   4.4640    
    18.00   4.0813    
    19.00   3.7752    
    20.00   3.5232    
    21.00   3.3099    
    22.00   3.1245    
    23.00   2.9598    
    24.00   2.8110    
    25.00   2.6749    
    26.00   2.5491    
    27.00   2.4316    
    28.00   2.3214    
    29.00   2.2177    
    30.00   2.1198    
    31.00   2.0270    
    32.00   1.9389    
    33.00   1.8552    
    34.00   1.7756    
    35.00   1.6997    
    36.00   1.6274    
    37.00   1.5585    
    38.00   1.4928    
    39.00   1.4301    
    40.00   1.3702    
    41.00   1.3130    
    42.00   1.2585    
    43.00   1.2064    
    44.00   1.1566    
    45.00   1.1091    
    46.00   1.0637    
    47.00   1.0204    
    48.00  0.97898    
    49.00  0.93946    
    50.00  0.90174    
    51.00  0.86572    
    52.00  0.83133    
    53.00  0.79849    
    54.00  0.76715    
    55.00  0.73724    
    56.00  0.70868    
    57.00  0.68143    
    58.00  0.65544    
    59.00  0.63064    
    60.00  0.60697    
    61.00  0.58439    
    62.00  0.56287    
    63.00  0.54234    
    64.00  0.52277    
    65.00  0.50411    
    66.00  0.48633    
    67.00  0.46939    
    68.00  0.45325    
    69.00  0.43788    
    70.00  0.42325    
    71.00  0.40932    
    72.00  0.39607    
    73.00  0.38346    
    74.00  0.37148    
    75.00  0.36008    
    76.00  0.34925    
    77.00  0.33897    
    78.00  0.32921    
    79.00  0.31995    
    80.00  0.31116    
    81.00  0.30283    
    82.00  0.29493    
    83.00  0.28745    
    84.00  0.28037    
    85.00  0.27367    
    86.00  0.26733    
    87.00  0.26134    
    88.00  0.25568    
    89.00  0.25033    
    90.00  0.24529    
    91.00  0.24053    
    92.00  0.23604    
    93.00  0.23182    
    94.00  0.22785    
    95.00  0.22411    
    96.00  0.22060    
    97.00  0.21732    
    98.00  0.21424    
    99.00  0.21136    
   100.00  0.20868    
   101.00  0.20618    
   102.00  0.20387    
   103.00  0.20173    
   104.00  0.19977    
   105.00  0.19797    
   106.00  0.19633    
   107.00  0.19485    
   108.00  0.19353    
   109.00  0.19237    
   110.00  0.19136    
   111.00  0.19050    
   112.00  0.18980    
   113.00  0.18925    
   114.00  0.18885    
   115.00  0.18862    
   116.00  0.18854    
   117.00  0.18863    
   118.00  0.18889    
   119.00  0.18932    
   120.00  0.18993    
   121.00  0.19073    
   122.00  0.19173    
   123.00  0.19294    
   124.00  0.19437    
   125.00  0.19604    
   126.00  0.19796    
   127.00  0.20015    
   128.00  0.20263    
   129.00  0.20542    
   130.00  0.20854    
   131.00  0.21203    
   132.00  0.21590    
   133.00  0.22020    
   134.00  0.22494    
   135.00  0.23017    
   136.00  0.23591    
   137.00  0.24219    
   138.00  0.24906    
   139.00  0.25652    
   140.00  0.26460    
   141.00  0.27331    
   142.00  0.28266    
   143.00  0.29263    
   144.00  0.30319    
   145.00  0.31431    
   146.00  0.32592    
   147.00  0.33795    
   148.00  0.35028    
   149.00  0.36280    
   150.00  0.37538    
   151.00  0.38789    
   152.00  0.40022    
   153.00  0.41226    
   154.00  0.42399    
   155.00  0.43543    
   156.00  0.44673    
   157.00  0.45813    
   158.00  0.46996    
   159.00  0.48266    
   160.00  0.49665    
   161.00  0.51225    
   162.00  0.52953    
   163.00  0.54820    
   164.00  0.56734    
   165.00  0.58528    
   166.00  0.59970    
   167.00  0.60790    
   168.00  0.60732    
   169.00  0.59635    
   170.00  0.57513    
   171.00  0.54573    
   172.00  0.51210    
   173.00  0.47992    
   174.00  0.45634    
   175.00  0.44896    
   176.00  0.46387    
   177.00  0.50207    
   178.00  0.55462    
   179.00  0.60155    
   180.00  0.62052    
 |--------|------------|
0.760000     micron = Wavelength
0.187337     = Extinction efficiency (Q)
0.172406     = Scattering efficiency (Qs)
0.149313E-01 = Absorption efficiency (Qa)
 22.0053     = Lidar ratio
0.116615E-01 micron^2 = <b> = Average surface area per particle
0.218464E-02 microns^2 = Extinction cross section (C)
0.201052E-02 microns^2 = Scattering cross section (Cs)
0.174122E-03 microns^2 = Absorption cross section (Ca)
 |----------------------------------------------------|
 | COMMENTAIRES:                                      |
 |----------------------------------------------------|
 |   -Cross section / <b> should = efficiency         |
 |    is independant of the normalisation of dN/dx    |
 |   -The integral of the phase fct / 4 pi over all   |
 |    directions (solid angle) = 1.                   |
 |   -The volume coefficient (k) is equal to C * N    |
 |      = cross section * Number density              |
 |      typical units: [um^2]*[particles/cm^3] =      |
 |      [10^-3 km-1]                                  |
 |      N = M/(d*4/3*pi*r^3) where d is the density   |
 |      of particle, M is the mass per unit volume    |
 |      and 4/3*pi*r^3 is the average volume  of a    |
 |      particle.                                     |
 |      typical units:  M -> [ug/m^3], d -> [g/cm^3]  |
 |                      r -> [um]                     |
 |      Lidar ratio= 4 pi Qe / phase_fct(180)*Qs      |
 |----------------------------------------------------|
