 |--------|------------|
 | ANGLE  |  PHASE FCT |
 |--------|------------|
     0.00   64.219    
     1.00   62.652    
     2.00   58.282    
     3.00   51.954    
     4.00   44.694    
     5.00   37.390    
     6.00   30.645    
     7.00   24.772    
     8.00   19.874    
     9.00   15.916    
    10.00   12.791    
    11.00   10.366    
    12.00   8.5062    
    13.00   7.0902    
    14.00   6.0159    
    15.00   5.2006    
    16.00   4.5796    
    17.00   4.1032    
    18.00   3.7339    
    19.00   3.4434    
    20.00   3.2109    
    21.00   3.0211    
    22.00   2.8626    
    23.00   2.7274    
    24.00   2.6093    
    25.00   2.5042    
    26.00   2.4089    
    27.00   2.3212    
    28.00   2.2396    
    29.00   2.1628    
    30.00   2.0901    
    31.00   2.0209    
    32.00   1.9547    
    33.00   1.8911    
    34.00   1.8301    
    35.00   1.7713    
    36.00   1.7146    
    37.00   1.6598    
    38.00   1.6070    
    39.00   1.5560    
    40.00   1.5066    
    41.00   1.4590    
    42.00   1.4129    
    43.00   1.3684    
    44.00   1.3254    
    45.00   1.2838    
    46.00   1.2436    
    47.00   1.2047    
    48.00   1.1672    
    49.00   1.1309    
    50.00   1.0959    
    51.00   1.0621    
    52.00   1.0294    
    53.00  0.99789    
    54.00  0.96746    
    55.00  0.93808    
    56.00  0.90974    
    57.00  0.88239    
    58.00  0.85601    
    59.00  0.83058    
    60.00  0.80606    
    61.00  0.78243    
    62.00  0.75966    
    63.00  0.73773    
    64.00  0.71661    
    65.00  0.69628    
    66.00  0.67671    
    67.00  0.65789    
    68.00  0.63978    
    69.00  0.62238    
    70.00  0.60565    
    71.00  0.58959    
    72.00  0.57416    
    73.00  0.55936    
    74.00  0.54516    
    75.00  0.53154    
    76.00  0.51849    
    77.00  0.50600    
    78.00  0.49404    
    79.00  0.48260    
    80.00  0.47165    
    81.00  0.46121    
    82.00  0.45123    
    83.00  0.44171    
    84.00  0.43265    
    85.00  0.42401    
    86.00  0.41580    
    87.00  0.40800    
    88.00  0.40059    
    89.00  0.39357    
    90.00  0.38693    
    91.00  0.38065    
    92.00  0.37473    
    93.00  0.36914    
    94.00  0.36390    
    95.00  0.35898    
    96.00  0.35437    
    97.00  0.35007    
    98.00  0.34608    
    99.00  0.34237    
   100.00  0.33895    
   101.00  0.33580    
   102.00  0.33292    
   103.00  0.33031    
   104.00  0.32794    
   105.00  0.32583    
   106.00  0.32395    
   107.00  0.32231    
   108.00  0.32090    
   109.00  0.31972    
   110.00  0.31875    
   111.00  0.31799    
   112.00  0.31745    
   113.00  0.31710    
   114.00  0.31696    
   115.00  0.31701    
   116.00  0.31726    
   117.00  0.31770    
   118.00  0.31833    
   119.00  0.31914    
   120.00  0.32014    
   121.00  0.32133    
   122.00  0.32270    
   123.00  0.32426    
   124.00  0.32601    
   125.00  0.32796    
   126.00  0.33010    
   127.00  0.33245    
   128.00  0.33500    
   129.00  0.33778    
   130.00  0.34078    
   131.00  0.34403    
   132.00  0.34752    
   133.00  0.35129    
   134.00  0.35533    
   135.00  0.35968    
   136.00  0.36435    
   137.00  0.36937    
   138.00  0.37475    
   139.00  0.38052    
   140.00  0.38671    
   141.00  0.39336    
   142.00  0.40047    
   143.00  0.40811    
   144.00  0.41628    
   145.00  0.42502    
   146.00  0.43439    
   147.00  0.44441    
   148.00  0.45513    
   149.00  0.46662    
   150.00  0.47893    
   151.00  0.49213    
   152.00  0.50629    
   153.00  0.52150    
   154.00  0.53783    
   155.00  0.55532    
   156.00  0.57399    
   157.00  0.59377    
   158.00  0.61448    
   159.00  0.63578    
   160.00  0.65711    
   161.00  0.67764    
   162.00  0.69629    
   163.00  0.71174    
   164.00  0.72248    
   165.00  0.72708    
   166.00  0.72442    
   167.00  0.71395    
   168.00  0.69594    
   169.00  0.67157    
   170.00  0.64292    
   171.00  0.61284    
   172.00  0.58477    
   173.00  0.56261    
   174.00  0.55028    
   175.00  0.55084    
   176.00  0.56523    
   177.00  0.59088    
   178.00  0.62089    
   179.00  0.64524    
   180.00  0.65464    
 |--------|------------|
0.430000     micron = Wavelength
0.150545     = Extinction efficiency (Q)
0.137878     = Scattering efficiency (Qs)
0.126670E-01 = Absorption efficiency (Qa)
 20.9594     = Lidar ratio
0.446407E-02 micron^2 = <b> = Average surface area per particle
0.672044E-03 microns^2 = Extinction cross section (C)
0.615498E-03 microns^2 = Scattering cross section (Cs)
0.565465E-04 microns^2 = Absorption cross section (Ca)
 |----------------------------------------------------|
 | COMMENTAIRES:                                      |
 |----------------------------------------------------|
 |   -Cross section / <b> should = efficiency         |
 |    is independant of the normalisation of dN/dx    |
 |   -The integral of the phase fct / 4 pi over all   |
 |    directions (solid angle) = 1.                   |
 |   -The volume coefficient (k) is equal to C * N    |
 |      = cross section * Number density              |
 |      typical units: [um^2]*[particles/cm^3] =      |
 |      [10^-3 km-1]                                  |
 |      N = M/(d*4/3*pi*r^3) where d is the density   |
 |      of particle, M is the mass per unit volume    |
 |      and 4/3*pi*r^3 is the average volume  of a    |
 |      particle.                                     |
 |      typical units:  M -> [ug/m^3], d -> [g/cm^3]  |
 |                      r -> [um]                     |
 |      Lidar ratio= 4 pi Qe / phase_fct(180)*Qs      |
 |----------------------------------------------------|
