 |--------|------------|
 | ANGLE  |  PHASE FCT |
 |--------|------------|
     0.00   39.898    
     1.00   39.434    
     2.00   38.094    
     3.00   36.012    
     4.00   33.381    
     5.00   30.409    
     6.00   27.292    
     7.00   24.192    
     8.00   21.232    
     9.00   18.491    
    10.00   16.016    
    11.00   13.826    
    12.00   11.920    
    13.00   10.282    
    14.00   8.8881    
    15.00   7.7126    
    16.00   6.7272    
    17.00   5.9048    
    18.00   5.2206    
    19.00   4.6519    
    20.00   4.1794    
    21.00   3.7862    
    22.00   3.4580    
    23.00   3.1831    
    24.00   2.9514    
    25.00   2.7549    
    26.00   2.5868    
    27.00   2.4416    
    28.00   2.3151    
    29.00   2.2035    
    30.00   2.1040    
    31.00   2.0144    
    32.00   1.9328    
    33.00   1.8578    
    34.00   1.7883    
    35.00   1.7233    
    36.00   1.6621    
    37.00   1.6043    
    38.00   1.5493    
    39.00   1.4969    
    40.00   1.4467    
    41.00   1.3986    
    42.00   1.3523    
    43.00   1.3078    
    44.00   1.2650    
    45.00   1.2237    
    46.00   1.1839    
    47.00   1.1455    
    48.00   1.1085    
    49.00   1.0727    
    50.00   1.0383    
    51.00   1.0050    
    52.00  0.97292    
    53.00  0.94197    
    54.00  0.91212    
    55.00  0.88335    
    56.00  0.85561    
    57.00  0.82887    
    58.00  0.80311    
    59.00  0.77828    
    60.00  0.75437    
    61.00  0.73134    
    62.00  0.70918    
    63.00  0.68783    
    64.00  0.66730    
    65.00  0.64754    
    66.00  0.62854    
    67.00  0.61027    
    68.00  0.59269    
    69.00  0.57581    
    70.00  0.55958    
    71.00  0.54400    
    72.00  0.52903    
    73.00  0.51467    
    74.00  0.50089    
    75.00  0.48767    
    76.00  0.47499    
    77.00  0.46285    
    78.00  0.45122    
    79.00  0.44008    
    80.00  0.42943    
    81.00  0.41925    
    82.00  0.40952    
    83.00  0.40022    
    84.00  0.39136    
    85.00  0.38291    
    86.00  0.37486    
    87.00  0.36719    
    88.00  0.35991    
    89.00  0.35300    
    90.00  0.34645    
    91.00  0.34024    
    92.00  0.33436    
    93.00  0.32882    
    94.00  0.32360    
    95.00  0.31868    
    96.00  0.31407    
    97.00  0.30975    
    98.00  0.30571    
    99.00  0.30195    
   100.00  0.29846    
   101.00  0.29523    
   102.00  0.29226    
   103.00  0.28953    
   104.00  0.28705    
   105.00  0.28481    
   106.00  0.28279    
   107.00  0.28100    
   108.00  0.27943    
   109.00  0.27807    
   110.00  0.27692    
   111.00  0.27598    
   112.00  0.27524    
   113.00  0.27470    
   114.00  0.27435    
   115.00  0.27419    
   116.00  0.27423    
   117.00  0.27445    
   118.00  0.27486    
   119.00  0.27545    
   120.00  0.27623    
   121.00  0.27720    
   122.00  0.27836    
   123.00  0.27971    
   124.00  0.28125    
   125.00  0.28300    
   126.00  0.28495    
   127.00  0.28712    
   128.00  0.28952    
   129.00  0.29216    
   130.00  0.29506    
   131.00  0.29823    
   132.00  0.30169    
   133.00  0.30548    
   134.00  0.30963    
   135.00  0.31416    
   136.00  0.31913    
   137.00  0.32458    
   138.00  0.33056    
   139.00  0.33715    
   140.00  0.34441    
   141.00  0.35242    
   142.00  0.36125    
   143.00  0.37101    
   144.00  0.38177    
   145.00  0.39362    
   146.00  0.40663    
   147.00  0.42086    
   148.00  0.43635    
   149.00  0.45308    
   150.00  0.47099    
   151.00  0.48998    
   152.00  0.50984    
   153.00  0.53030    
   154.00  0.55097    
   155.00  0.57140    
   156.00  0.59102    
   157.00  0.60923    
   158.00  0.62541    
   159.00  0.63900    
   160.00  0.64957    
   161.00  0.65693    
   162.00  0.66121    
   163.00  0.66294    
   164.00  0.66308    
   165.00  0.66300    
   166.00  0.66440    
   167.00  0.66925    
   168.00  0.67955    
   169.00  0.69719    
   170.00  0.72379    
   171.00  0.76046    
   172.00  0.80756    
   173.00  0.86442    
   174.00  0.92918    
   175.00  0.99854    
   176.00   1.0678    
   177.00   1.1312    
   178.00   1.1826    
   179.00   1.2161    
   180.00   1.2277    
 |--------|------------|
0.498000     micron = Wavelength
0.116572     = Extinction efficiency (Q)
0.102939     = Scattering efficiency (Qs)
0.136326E-01 = Absorption efficiency (Qa)
 11.5908     = Lidar ratio
0.302566E-02 micron^2 = <b> = Average surface area per particle
0.352706E-03 microns^2 = Extinction cross section (C)
0.311458E-03 microns^2 = Scattering cross section (Cs)
0.412476E-04 microns^2 = Absorption cross section (Ca)
 |----------------------------------------------------|
 | COMMENTAIRES:                                      |
 |----------------------------------------------------|
 |   -Cross section / <b> should = efficiency         |
 |    is independant of the normalisation of dN/dx    |
 |   -The integral of the phase fct / 4 pi over all   |
 |    directions (solid angle) = 1.                   |
 |   -The volume coefficient (k) is equal to C * N    |
 |      = cross section * Number density              |
 |      typical units: [um^2]*[particles/cm^3] =      |
 |      [10^-3 km-1]                                  |
 |      N = M/(d*4/3*pi*r^3) where d is the density   |
 |      of particle, M is the mass per unit volume    |
 |      and 4/3*pi*r^3 is the average volume  of a    |
 |      particle.                                     |
 |      typical units:  M -> [ug/m^3], d -> [g/cm^3]  |
 |                      r -> [um]                     |
 |      Lidar ratio= 4 pi Qe / phase_fct(180)*Qs      |
 |----------------------------------------------------|
