 |--------|------------|
 | ANGLE  |  PHASE FCT |
 |--------|------------|
     0.00   120.85    
     1.00   115.83    
     2.00   102.41    
     3.00   84.454    
     4.00   66.029    
     5.00   49.820    
     6.00   36.850    
     7.00   27.060    
     8.00   19.951    
     9.00   14.928    
    10.00   11.435    
    11.00   9.0198    
    12.00   7.3474    
    13.00   6.1798    
    14.00   5.3515    
    15.00   4.7506    
    16.00   4.3029    
    17.00   3.9583    
    18.00   3.6838    
    19.00   3.4579    
    20.00   3.2667    
    21.00   3.1004    
    22.00   2.9522    
    23.00   2.8180    
    24.00   2.6951    
    25.00   2.5814    
    26.00   2.4754    
    27.00   2.3759    
    28.00   2.2821    
    29.00   2.1936    
    30.00   2.1098    
    31.00   2.0300    
    32.00   1.9541    
    33.00   1.8818    
    34.00   1.8129    
    35.00   1.7470    
    36.00   1.6838    
    37.00   1.6234    
    38.00   1.5655    
    39.00   1.5100    
    40.00   1.4566    
    41.00   1.4055    
    42.00   1.3563    
    43.00   1.3091    
    44.00   1.2637    
    45.00   1.2200    
    46.00   1.1781    
    47.00   1.1377    
    48.00   1.0988    
    49.00   1.0615    
    50.00   1.0255    
    51.00  0.99094    
    52.00  0.95765    
    53.00  0.92563    
    54.00  0.89484    
    55.00  0.86520    
    56.00  0.83668    
    57.00  0.80926    
    58.00  0.78290    
    59.00  0.75754    
    60.00  0.73315    
    61.00  0.70971    
    62.00  0.68720    
    63.00  0.66555    
    64.00  0.64476    
    65.00  0.62480    
    66.00  0.60565    
    67.00  0.58726    
    68.00  0.56961    
    69.00  0.55270    
    70.00  0.53649    
    71.00  0.52096    
    72.00  0.50608    
    73.00  0.49185    
    74.00  0.47823    
    75.00  0.46521    
    76.00  0.45277    
    77.00  0.44090    
    78.00  0.42957    
    79.00  0.41876    
    80.00  0.40845    
    81.00  0.39864    
    82.00  0.38931    
    83.00  0.38043    
    84.00  0.37199    
    85.00  0.36398    
    86.00  0.35638    
    87.00  0.34918    
    88.00  0.34235    
    89.00  0.33589    
    90.00  0.32978    
    91.00  0.32402    
    92.00  0.31857    
    93.00  0.31344    
    94.00  0.30861    
    95.00  0.30407    
    96.00  0.29981    
    97.00  0.29582    
    98.00  0.29209    
    99.00  0.28860    
   100.00  0.28536    
   101.00  0.28235    
   102.00  0.27957    
   103.00  0.27700    
   104.00  0.27465    
   105.00  0.27250    
   106.00  0.27055    
   107.00  0.26880    
   108.00  0.26724    
   109.00  0.26587    
   110.00  0.26467    
   111.00  0.26366    
   112.00  0.26282    
   113.00  0.26216    
   114.00  0.26167    
   115.00  0.26135    
   116.00  0.26120    
   117.00  0.26123    
   118.00  0.26142    
   119.00  0.26179    
   120.00  0.26233    
   121.00  0.26305    
   122.00  0.26396    
   123.00  0.26505    
   124.00  0.26634    
   125.00  0.26784    
   126.00  0.26955    
   127.00  0.27149    
   128.00  0.27368    
   129.00  0.27612    
   130.00  0.27884    
   131.00  0.28186    
   132.00  0.28520    
   133.00  0.28889    
   134.00  0.29295    
   135.00  0.29742    
   136.00  0.30232    
   137.00  0.30768    
   138.00  0.31355    
   139.00  0.31993    
   140.00  0.32687    
   141.00  0.33438    
   142.00  0.34246    
   143.00  0.35113    
   144.00  0.36036    
   145.00  0.37013    
   146.00  0.38040    
   147.00  0.39108    
   148.00  0.40208    
   149.00  0.41329    
   150.00  0.42458    
   151.00  0.43579    
   152.00  0.44677    
   153.00  0.45739    
   154.00  0.46753    
   155.00  0.47714    
   156.00  0.48628    
   157.00  0.49511    
   158.00  0.50386    
   159.00  0.51293    
   160.00  0.52277    
   161.00  0.53380    
   162.00  0.54635    
   163.00  0.56052    
   164.00  0.57595    
   165.00  0.59163    
   166.00  0.60599    
   167.00  0.61703    
   168.00  0.62268    
   169.00  0.62143    
   170.00  0.61294    
   171.00  0.59787    
   172.00  0.57762    
   173.00  0.55482    
   174.00  0.53386    
   175.00  0.52094    
   176.00  0.52341    
   177.00  0.54658    
   178.00  0.58678    
   179.00  0.62680    
   180.00  0.64375    
 |--------|------------|
0.569000     micron = Wavelength
0.194131     = Extinction efficiency (Q)
0.179196     = Scattering efficiency (Qs)
0.149351E-01 = Absorption efficiency (Qa)
 21.1475     = Lidar ratio
0.957009E-02 micron^2 = <b> = Average surface area per particle
0.185785E-02 microns^2 = Extinction cross section (C)
0.171492E-02 microns^2 = Scattering cross section (Cs)
0.142930E-03 microns^2 = Absorption cross section (Ca)
 |----------------------------------------------------|
 | COMMENTAIRES:                                      |
 |----------------------------------------------------|
 |   -Cross section / <b> should = efficiency         |
 |    is independant of the normalisation of dN/dx    |
 |   -The integral of the phase fct / 4 pi over all   |
 |    directions (solid angle) = 1.                   |
 |   -The volume coefficient (k) is equal to C * N    |
 |      = cross section * Number density              |
 |      typical units: [um^2]*[particles/cm^3] =      |
 |      [10^-3 km-1]                                  |
 |      N = M/(d*4/3*pi*r^3) where d is the density   |
 |      of particle, M is the mass per unit volume    |
 |      and 4/3*pi*r^3 is the average volume  of a    |
 |      particle.                                     |
 |      typical units:  M -> [ug/m^3], d -> [g/cm^3]  |
 |                      r -> [um]                     |
 |      Lidar ratio= 4 pi Qe / phase_fct(180)*Qs      |
 |----------------------------------------------------|
