 |--------|------------|
 | ANGLE  |  PHASE FCT |
 |--------|------------|
     0.00   25.441    
     1.00   25.303    
     2.00   24.895    
     3.00   24.238    
     4.00   23.365    
     5.00   22.317    
     6.00   21.136    
     7.00   19.865    
     8.00   18.546    
     9.00   17.213    
    10.00   15.897    
    11.00   14.620    
    12.00   13.401    
    13.00   12.252    
    14.00   11.180    
    15.00   10.189    
    16.00   9.2792    
    17.00   8.4501    
    18.00   7.6980    
    19.00   7.0186    
    20.00   6.4069    
    21.00   5.8576    
    22.00   5.3653    
    23.00   4.9244    
    24.00   4.5298    
    25.00   4.1768    
    26.00   3.8606    
    27.00   3.5773    
    28.00   3.3230    
    29.00   3.0943    
    30.00   2.8883    
    31.00   2.7021    
    32.00   2.5335    
    33.00   2.3803    
    34.00   2.2407    
    35.00   2.1131    
    36.00   1.9962    
    37.00   1.8886    
    38.00   1.7893    
    39.00   1.6975    
    40.00   1.6124    
    41.00   1.5332    
    42.00   1.4593    
    43.00   1.3903    
    44.00   1.3256    
    45.00   1.2649    
    46.00   1.2079    
    47.00   1.1542    
    48.00   1.1036    
    49.00   1.0558    
    50.00   1.0106    
    51.00  0.96787    
    52.00  0.92738    
    53.00  0.88901    
    54.00  0.85260    
    55.00  0.81804    
    56.00  0.78523    
    57.00  0.75405    
    58.00  0.72440    
    59.00  0.69621    
    60.00  0.66938    
    61.00  0.64385    
    62.00  0.61955    
    63.00  0.59641    
    64.00  0.57437    
    65.00  0.55337    
    66.00  0.53337    
    67.00  0.51431    
    68.00  0.49614    
    69.00  0.47883    
    70.00  0.46233    
    71.00  0.44660    
    72.00  0.43161    
    73.00  0.41731    
    74.00  0.40369    
    75.00  0.39070    
    76.00  0.37832    
    77.00  0.36651    
    78.00  0.35527    
    79.00  0.34455    
    80.00  0.33434    
    81.00  0.32461    
    82.00  0.31534    
    83.00  0.30651    
    84.00  0.29811    
    85.00  0.29012    
    86.00  0.28251    
    87.00  0.27528    
    88.00  0.26840    
    89.00  0.26187    
    90.00  0.25566    
    91.00  0.24978    
    92.00  0.24420    
    93.00  0.23891    
    94.00  0.23391    
    95.00  0.22918    
    96.00  0.22471    
    97.00  0.22050    
    98.00  0.21653    
    99.00  0.21280    
   100.00  0.20930    
   101.00  0.20603    
   102.00  0.20297    
   103.00  0.20012    
   104.00  0.19748    
   105.00  0.19504    
   106.00  0.19280    
   107.00  0.19075    
   108.00  0.18889    
   109.00  0.18721    
   110.00  0.18573    
   111.00  0.18442    
   112.00  0.18329    
   113.00  0.18235    
   114.00  0.18159    
   115.00  0.18101    
   116.00  0.18061    
   117.00  0.18040    
   118.00  0.18038    
   119.00  0.18055    
   120.00  0.18092    
   121.00  0.18150    
   122.00  0.18228    
   123.00  0.18329    
   124.00  0.18453    
   125.00  0.18600    
   126.00  0.18774    
   127.00  0.18974    
   128.00  0.19202    
   129.00  0.19460    
   130.00  0.19750    
   131.00  0.20075    
   132.00  0.20435    
   133.00  0.20834    
   134.00  0.21274    
   135.00  0.21758    
   136.00  0.22287    
   137.00  0.22865    
   138.00  0.23494    
   139.00  0.24175    
   140.00  0.24910    
   141.00  0.25700    
   142.00  0.26545    
   143.00  0.27443    
   144.00  0.28392    
   145.00  0.29388    
   146.00  0.30423    
   147.00  0.31490    
   148.00  0.32577    
   149.00  0.33669    
   150.00  0.34750    
   151.00  0.35800    
   152.00  0.36797    
   153.00  0.37719    
   154.00  0.38541    
   155.00  0.39241    
   156.00  0.39801    
   157.00  0.40207    
   158.00  0.40454    
   159.00  0.40549    
   160.00  0.40512    
   161.00  0.40381    
   162.00  0.40210    
   163.00  0.40070    
   164.00  0.40048    
   165.00  0.40240    
   166.00  0.40749    
   167.00  0.41670    
   168.00  0.43088    
   169.00  0.45061    
   170.00  0.47614    
   171.00  0.50725    
   172.00  0.54324    
   173.00  0.58289    
   174.00  0.62446    
   175.00  0.66578    
   176.00  0.70440    
   177.00  0.73781    
   178.00  0.76366    
   179.00  0.78001    
   180.00  0.78560    
 |--------|------------|
0.710000     micron = Wavelength
0.112397     = Extinction efficiency (Q)
0.100416     = Scattering efficiency (Qs)
0.119806E-01 = Absorption efficiency (Qa)
 17.9043     = Lidar ratio
0.302566E-02 micron^2 = <b> = Average surface area per particle
0.340074E-03 microns^2 = Extinction cross section (C)
0.303825E-03 microns^2 = Scattering cross section (Cs)
0.362493E-04 microns^2 = Absorption cross section (Ca)
 |----------------------------------------------------|
 | COMMENTAIRES:                                      |
 |----------------------------------------------------|
 |   -Cross section / <b> should = efficiency         |
 |    is independant of the normalisation of dN/dx    |
 |   -The integral of the phase fct / 4 pi over all   |
 |    directions (solid angle) = 1.                   |
 |   -The volume coefficient (k) is equal to C * N    |
 |      = cross section * Number density              |
 |      typical units: [um^2]*[particles/cm^3] =      |
 |      [10^-3 km-1]                                  |
 |      N = M/(d*4/3*pi*r^3) where d is the density   |
 |      of particle, M is the mass per unit volume    |
 |      and 4/3*pi*r^3 is the average volume  of a    |
 |      particle.                                     |
 |      typical units:  M -> [ug/m^3], d -> [g/cm^3]  |
 |                      r -> [um]                     |
 |      Lidar ratio= 4 pi Qe / phase_fct(180)*Qs      |
 |----------------------------------------------------|
