 |--------|------------|
 | ANGLE  |  PHASE FCT |
 |--------|------------|
     0.00   46.898    
     1.00   46.315    
     2.00   44.633    
     3.00   42.037    
     4.00   38.788    
     5.00   35.157    
     6.00   31.394    
     7.00   27.699    
     8.00   24.214    
     9.00   21.028    
    10.00   18.184    
    11.00   15.695    
    12.00   13.549    
    13.00   11.719    
    14.00   10.173    
    15.00   8.8754    
    16.00   7.7908    
    17.00   6.8863    
    18.00   6.1321    
    19.00   5.5024    
    20.00   4.9749    
    21.00   4.5308    
    22.00   4.1545    
    23.00   3.8330    
    24.00   3.5561    
    25.00   3.3150    
    26.00   3.1032    
    27.00   2.9152    
    28.00   2.7466    
    29.00   2.5941    
    30.00   2.4550    
    31.00   2.3272    
    32.00   2.2090    
    33.00   2.0992    
    34.00   1.9965    
    35.00   1.9003    
    36.00   1.8097    
    37.00   1.7244    
    38.00   1.6438    
    39.00   1.5676    
    40.00   1.4955    
    41.00   1.4271    
    42.00   1.3623    
    43.00   1.3008    
    44.00   1.2424    
    45.00   1.1870    
    46.00   1.1344    
    47.00   1.0845    
    48.00   1.0372    
    49.00  0.99222    
    50.00  0.94954    
    51.00  0.90903    
    52.00  0.87058    
    53.00  0.83408    
    54.00  0.79943    
    55.00  0.76654    
    56.00  0.73533    
    57.00  0.70571    
    58.00  0.67758    
    59.00  0.65089    
    60.00  0.62554    
    61.00  0.60149    
    62.00  0.57865    
    63.00  0.55697    
    64.00  0.53638    
    65.00  0.51683    
    66.00  0.49827    
    67.00  0.48065    
    68.00  0.46391    
    69.00  0.44801    
    70.00  0.43292    
    71.00  0.41859    
    72.00  0.40498    
    73.00  0.39205    
    74.00  0.37978    
    75.00  0.36813    
    76.00  0.35707    
    77.00  0.34658    
    78.00  0.33662    
    79.00  0.32717    
    80.00  0.31821    
    81.00  0.30971    
    82.00  0.30165    
    83.00  0.29402    
    84.00  0.28679    
    85.00  0.27995    
    86.00  0.27348    
    87.00  0.26736    
    88.00  0.26158    
    89.00  0.25613    
    90.00  0.25099    
    91.00  0.24615    
    92.00  0.24160    
    93.00  0.23732    
    94.00  0.23332    
    95.00  0.22957    
    96.00  0.22607    
    97.00  0.22281    
    98.00  0.21978    
    99.00  0.21697    
   100.00  0.21439    
   101.00  0.21202    
   102.00  0.20985    
   103.00  0.20788    
   104.00  0.20611    
   105.00  0.20453    
   106.00  0.20314    
   107.00  0.20193    
   108.00  0.20090    
   109.00  0.20005    
   110.00  0.19937    
   111.00  0.19887    
   112.00  0.19853    
   113.00  0.19837    
   114.00  0.19838    
   115.00  0.19855    
   116.00  0.19890    
   117.00  0.19942    
   118.00  0.20011    
   119.00  0.20097    
   120.00  0.20201    
   121.00  0.20324    
   122.00  0.20465    
   123.00  0.20624    
   124.00  0.20804    
   125.00  0.21004    
   126.00  0.21225    
   127.00  0.21467    
   128.00  0.21733    
   129.00  0.22022    
   130.00  0.22336    
   131.00  0.22676    
   132.00  0.23044    
   133.00  0.23442    
   134.00  0.23870    
   135.00  0.24331    
   136.00  0.24827    
   137.00  0.25360    
   138.00  0.25932    
   139.00  0.26547    
   140.00  0.27206    
   141.00  0.27913    
   142.00  0.28671    
   143.00  0.29484    
   144.00  0.30356    
   145.00  0.31291    
   146.00  0.32294    
   147.00  0.33369    
   148.00  0.34521    
   149.00  0.35755    
   150.00  0.37074    
   151.00  0.38482    
   152.00  0.39979    
   153.00  0.41561    
   154.00  0.43221    
   155.00  0.44945    
   156.00  0.46707    
   157.00  0.48473    
   158.00  0.50192    
   159.00  0.51800    
   160.00  0.53216    
   161.00  0.54345    
   162.00  0.55084    
   163.00  0.55328    
   164.00  0.54987    
   165.00  0.53997    
   166.00  0.52345    
   167.00  0.50084    
   168.00  0.47346    
   169.00  0.44344    
   170.00  0.41363    
   171.00  0.38728    
   172.00  0.36763    
   173.00  0.35737    
   174.00  0.35799    
   175.00  0.36932    
   176.00  0.38919    
   177.00  0.41351    
   178.00  0.43688    
   179.00  0.45374    
   180.00  0.45988    
 |--------|------------|
0.710000     micron = Wavelength
0.118775     = Extinction efficiency (Q)
0.109899     = Scattering efficiency (Qs)
0.887535E-02 = Absorption efficiency (Qa)
 29.5318     = Lidar ratio
0.627999E-02 micron^2 = <b> = Average surface area per particle
0.745904E-03 microns^2 = Extinction cross section (C)
0.690167E-03 microns^2 = Scattering cross section (Cs)
0.557371E-04 microns^2 = Absorption cross section (Ca)
 |----------------------------------------------------|
 | COMMENTAIRES:                                      |
 |----------------------------------------------------|
 |   -Cross section / <b> should = efficiency         |
 |    is independant of the normalisation of dN/dx    |
 |   -The integral of the phase fct / 4 pi over all   |
 |    directions (solid angle) = 1.                   |
 |   -The volume coefficient (k) is equal to C * N    |
 |      = cross section * Number density              |
 |      typical units: [um^2]*[particles/cm^3] =      |
 |      [10^-3 km-1]                                  |
 |      N = M/(d*4/3*pi*r^3) where d is the density   |
 |      of particle, M is the mass per unit volume    |
 |      and 4/3*pi*r^3 is the average volume  of a    |
 |      particle.                                     |
 |      typical units:  M -> [ug/m^3], d -> [g/cm^3]  |
 |                      r -> [um]                     |
 |      Lidar ratio= 4 pi Qe / phase_fct(180)*Qs      |
 |----------------------------------------------------|
