 |--------|------------|
 | ANGLE  |  PHASE FCT |
 |--------|------------|
     0.00   63.831    
     1.00   62.442    
     2.00   58.541    
     3.00   52.817    
     4.00   46.124    
     5.00   39.241    
     6.00   32.729    
     7.00   26.919    
     8.00   21.951    
     9.00   17.837    
    10.00   14.512    
    11.00   11.870    
    12.00   9.7989    
    13.00   8.1891    
    14.00   6.9443    
    15.00   5.9836    
    16.00   5.2412    
    17.00   4.6647    
    18.00   4.2134    
    19.00   3.8560    
    20.00   3.5686    
    21.00   3.3334    
    22.00   3.1371    
    23.00   2.9696    
    24.00   2.8238    
    25.00   2.6943    
    26.00   2.5774    
    27.00   2.4702    
    28.00   2.3707    
    29.00   2.2774    
    30.00   2.1894    
    31.00   2.1059    
    32.00   2.0263    
    33.00   1.9503    
    34.00   1.8775    
    35.00   1.8076    
    36.00   1.7406    
    37.00   1.6762    
    38.00   1.6144    
    39.00   1.5550    
    40.00   1.4979    
    41.00   1.4431    
    42.00   1.3904    
    43.00   1.3399    
    44.00   1.2913    
    45.00   1.2447    
    46.00   1.2000    
    47.00   1.1571    
    48.00   1.1160    
    49.00   1.0765    
    50.00   1.0386    
    51.00   1.0023    
    52.00  0.96749    
    53.00  0.93411    
    54.00  0.90212    
    55.00  0.87145    
    56.00  0.84206    
    57.00  0.81390    
    58.00  0.78692    
    59.00  0.76107    
    60.00  0.73630    
    61.00  0.71258    
    62.00  0.68987    
    63.00  0.66811    
    64.00  0.64728    
    65.00  0.62735    
    66.00  0.60828    
    67.00  0.59003    
    68.00  0.57256    
    69.00  0.55586    
    70.00  0.53989    
    71.00  0.52462    
    72.00  0.51003    
    73.00  0.49610    
    74.00  0.48280    
    75.00  0.47009    
    76.00  0.45797    
    77.00  0.44642    
    78.00  0.43540    
    79.00  0.42491    
    80.00  0.41492    
    81.00  0.40541    
    82.00  0.39637    
    83.00  0.38778    
    84.00  0.37962    
    85.00  0.37188    
    86.00  0.36455    
    87.00  0.35761    
    88.00  0.35104    
    89.00  0.34484    
    90.00  0.33899    
    91.00  0.33348    
    92.00  0.32829    
    93.00  0.32343    
    94.00  0.31887    
    95.00  0.31462    
    96.00  0.31064    
    97.00  0.30696    
    98.00  0.30354    
    99.00  0.30038    
   100.00  0.29748    
   101.00  0.29482    
   102.00  0.29241    
   103.00  0.29024    
   104.00  0.28829    
   105.00  0.28657    
   106.00  0.28506    
   107.00  0.28377    
   108.00  0.28269    
   109.00  0.28181    
   110.00  0.28113    
   111.00  0.28065    
   112.00  0.28037    
   113.00  0.28027    
   114.00  0.28037    
   115.00  0.28066    
   116.00  0.28114    
   117.00  0.28180    
   118.00  0.28266    
   119.00  0.28370    
   120.00  0.28493    
   121.00  0.28636    
   122.00  0.28799    
   123.00  0.28982    
   124.00  0.29185    
   125.00  0.29410    
   126.00  0.29657    
   127.00  0.29927    
   128.00  0.30221    
   129.00  0.30540    
   130.00  0.30885    
   131.00  0.31257    
   132.00  0.31658    
   133.00  0.32090    
   134.00  0.32553    
   135.00  0.33051    
   136.00  0.33584    
   137.00  0.34154    
   138.00  0.34764    
   139.00  0.35414    
   140.00  0.36107    
   141.00  0.36844    
   142.00  0.37626    
   143.00  0.38455    
   144.00  0.39332    
   145.00  0.40258    
   146.00  0.41232    
   147.00  0.42257    
   148.00  0.43333    
   149.00  0.44461    
   150.00  0.45643    
   151.00  0.46881    
   152.00  0.48180    
   153.00  0.49544    
   154.00  0.50978    
   155.00  0.52487    
   156.00  0.54076    
   157.00  0.55745    
   158.00  0.57485    
   159.00  0.59276    
   160.00  0.61080    
   161.00  0.62832    
   162.00  0.64445    
   163.00  0.65795    
   164.00  0.66738    
   165.00  0.67117    
   166.00  0.66786    
   167.00  0.65644    
   168.00  0.63672    
   169.00  0.60968    
   170.00  0.57756    
   171.00  0.54391    
   172.00  0.51314    
   173.00  0.49004    
   174.00  0.47894    
   175.00  0.48259    
   176.00  0.50102    
   177.00  0.53043    
   178.00  0.56305    
   179.00  0.58869    
   180.00  0.59844    
 |--------|------------|
0.590000     micron = Wavelength
0.135469     = Extinction efficiency (Q)
0.125337     = Scattering efficiency (Qs)
0.101322E-01 = Absorption efficiency (Qa)
 22.6961     = Lidar ratio
0.747900E-02 micron^2 = <b> = Average surface area per particle
0.101317E-02 microns^2 = Extinction cross section (C)
0.937395E-03 microns^2 = Scattering cross section (Cs)
0.757789E-04 microns^2 = Absorption cross section (Ca)
 |----------------------------------------------------|
 | COMMENTAIRES:                                      |
 |----------------------------------------------------|
 |   -Cross section / <b> should = efficiency         |
 |    is independant of the normalisation of dN/dx    |
 |   -The integral of the phase fct / 4 pi over all   |
 |    directions (solid angle) = 1.                   |
 |   -The volume coefficient (k) is equal to C * N    |
 |      = cross section * Number density              |
 |      typical units: [um^2]*[particles/cm^3] =      |
 |      [10^-3 km-1]                                  |
 |      N = M/(d*4/3*pi*r^3) where d is the density   |
 |      of particle, M is the mass per unit volume    |
 |      and 4/3*pi*r^3 is the average volume  of a    |
 |      particle.                                     |
 |      typical units:  M -> [ug/m^3], d -> [g/cm^3]  |
 |                      r -> [um]                     |
 |      Lidar ratio= 4 pi Qe / phase_fct(180)*Qs      |
 |----------------------------------------------------|
