 |--------|------------|
 | ANGLE  |  PHASE FCT |
 |--------|------------|
     0.00   65.496    
     1.00   63.857    
     2.00   59.291    
     3.00   52.703    
     4.00   45.180    
     5.00   37.654    
     6.00   30.745    
     7.00   24.767    
     8.00   19.810    
     9.00   15.829    
    10.00   12.705    
    11.00   10.292    
    12.00   8.4511    
    13.00   7.0557    
    14.00   6.0011    
    15.00   5.2033    
    16.00   4.5970    
    17.00   4.1325    
    18.00   3.7723    
    19.00   3.4884    
    20.00   3.2605    
    21.00   3.0733    
    22.00   2.9160    
    23.00   2.7807    
    24.00   2.6617    
    25.00   2.5550    
    26.00   2.4576    
    27.00   2.3674    
    28.00   2.2831    
    29.00   2.2035    
    30.00   2.1280    
    31.00   2.0559    
    32.00   1.9869    
    33.00   1.9206    
    34.00   1.8569    
    35.00   1.7955    
    36.00   1.7364    
    37.00   1.6793    
    38.00   1.6243    
    39.00   1.5712    
    40.00   1.5199    
    41.00   1.4704    
    42.00   1.4226    
    43.00   1.3765    
    44.00   1.3319    
    45.00   1.2889    
    46.00   1.2474    
    47.00   1.2074    
    48.00   1.1688    
    49.00   1.1315    
    50.00   1.0956    
    51.00   1.0609    
    52.00   1.0275    
    53.00  0.99526    
    54.00  0.96420    
    55.00  0.93425    
    56.00  0.90539    
    57.00  0.87759    
    58.00  0.85081    
    59.00  0.82500    
    60.00  0.80017    
    61.00  0.77626    
    62.00  0.75324    
    63.00  0.73110    
    64.00  0.70980    
    65.00  0.68931    
    66.00  0.66962    
    67.00  0.65069    
    68.00  0.63251    
    69.00  0.61505    
    70.00  0.59829    
    71.00  0.58220    
    72.00  0.56678    
    73.00  0.55198    
    74.00  0.53781    
    75.00  0.52423    
    76.00  0.51123    
    77.00  0.49880    
    78.00  0.48691    
    79.00  0.47556    
    80.00  0.46471    
    81.00  0.45435    
    82.00  0.44448    
    83.00  0.43508    
    84.00  0.42612    
    85.00  0.41761    
    86.00  0.40951    
    87.00  0.40183    
    88.00  0.39455    
    89.00  0.38765    
    90.00  0.38113    
    91.00  0.37498    
    92.00  0.36917    
    93.00  0.36371    
    94.00  0.35858    
    95.00  0.35377    
    96.00  0.34928    
    97.00  0.34509    
    98.00  0.34119    
    99.00  0.33758    
   100.00  0.33425    
   101.00  0.33120    
   102.00  0.32840    
   103.00  0.32586    
   104.00  0.32357    
   105.00  0.32153    
   106.00  0.31972    
   107.00  0.31814    
   108.00  0.31679    
   109.00  0.31566    
   110.00  0.31474    
   111.00  0.31404    
   112.00  0.31354    
   113.00  0.31324    
   114.00  0.31314    
   115.00  0.31324    
   116.00  0.31353    
   117.00  0.31401    
   118.00  0.31468    
   119.00  0.31554    
   120.00  0.31660    
   121.00  0.31784    
   122.00  0.31927    
   123.00  0.32089    
   124.00  0.32272    
   125.00  0.32474    
   126.00  0.32697    
   127.00  0.32942    
   128.00  0.33209    
   129.00  0.33498    
   130.00  0.33812    
   131.00  0.34151    
   132.00  0.34517    
   133.00  0.34911    
   134.00  0.35335    
   135.00  0.35791    
   136.00  0.36280    
   137.00  0.36804    
   138.00  0.37367    
   139.00  0.37969    
   140.00  0.38613    
   141.00  0.39301    
   142.00  0.40035    
   143.00  0.40816    
   144.00  0.41648    
   145.00  0.42530    
   146.00  0.43465    
   147.00  0.44453    
   148.00  0.45496    
   149.00  0.46597    
   150.00  0.47756    
   151.00  0.48977    
   152.00  0.50263    
   153.00  0.51620    
   154.00  0.53051    
   155.00  0.54563    
   156.00  0.56161    
   157.00  0.57845    
   158.00  0.59610    
   159.00  0.61438    
   160.00  0.63294    
   161.00  0.65122    
   162.00  0.66836    
   163.00  0.68323    
   164.00  0.69443    
   165.00  0.70043    
   166.00  0.69984    
   167.00  0.69167    
   168.00  0.67569    
   169.00  0.65264    
   170.00  0.62441    
   171.00  0.59389    
   172.00  0.56476    
   173.00  0.54127    
   174.00  0.52767    
   175.00  0.52733    
   176.00  0.54142    
   177.00  0.56744    
   178.00  0.59829    
   179.00  0.62351    
   180.00  0.63328    
 |--------|------------|
0.500000     micron = Wavelength
0.149114     = Extinction efficiency (Q)
0.137599     = Scattering efficiency (Qs)
0.115155E-01 = Absorption efficiency (Qa)
 21.5041     = Lidar ratio
0.628001E-02 micron^2 = <b> = Average surface area per particle
0.936439E-03 microns^2 = Extinction cross section (C)
0.864122E-03 microns^2 = Scattering cross section (Cs)
0.723173E-04 microns^2 = Absorption cross section (Ca)
 |----------------------------------------------------|
 | COMMENTAIRES:                                      |
 |----------------------------------------------------|
 |   -Cross section / <b> should = efficiency         |
 |    is independant of the normalisation of dN/dx    |
 |   -The integral of the phase fct / 4 pi over all   |
 |    directions (solid angle) = 1.                   |
 |   -The volume coefficient (k) is equal to C * N    |
 |      = cross section * Number density              |
 |      typical units: [um^2]*[particles/cm^3] =      |
 |      [10^-3 km-1]                                  |
 |      N = M/(d*4/3*pi*r^3) where d is the density   |
 |      of particle, M is the mass per unit volume    |
 |      and 4/3*pi*r^3 is the average volume  of a    |
 |      particle.                                     |
 |      typical units:  M -> [ug/m^3], d -> [g/cm^3]  |
 |                      r -> [um]                     |
 |      Lidar ratio= 4 pi Qe / phase_fct(180)*Qs      |
 |----------------------------------------------------|
