 |--------|------------|
 | ANGLE  |  PHASE FCT |
 |--------|------------|
     0.00   65.580    
     1.00   64.051    
     2.00   59.776    
     3.00   53.552    
     4.00   46.355    
     5.00   39.050    
     6.00   32.238    
     7.00   26.248    
     8.00   21.202    
     9.00   17.084    
    10.00   13.802    
    11.00   11.230    
    12.00   9.2400    
    13.00   7.7122    
    14.00   6.5440    
    15.00   5.6514    
    16.00   4.9675    
    17.00   4.4402    
    18.00   4.0294    
    19.00   3.7050    
    20.00   3.4444    
    21.00   3.2307    
    22.00   3.0517    
    23.00   2.8982    
    24.00   2.7639    
    25.00   2.6439    
    26.00   2.5348    
    27.00   2.4343    
    28.00   2.3405    
    29.00   2.2524    
    30.00   2.1689    
    31.00   2.0894    
    32.00   2.0135    
    33.00   1.9408    
    34.00   1.8710    
    35.00   1.8040    
    36.00   1.7396    
    37.00   1.6777    
    38.00   1.6181    
    39.00   1.5607    
    40.00   1.5056    
    41.00   1.4525    
    42.00   1.4014    
    43.00   1.3523    
    44.00   1.3051    
    45.00   1.2597    
    46.00   1.2160    
    47.00   1.1740    
    48.00   1.1337    
    49.00   1.0950    
    50.00   1.0577    
    51.00   1.0219    
    52.00  0.98757    
    53.00  0.95456    
    54.00  0.92286    
    55.00  0.89243    
    56.00  0.86320    
    57.00  0.83515    
    58.00  0.80823    
    59.00  0.78238    
    60.00  0.75758    
    61.00  0.73379    
    62.00  0.71097    
    63.00  0.68909    
    64.00  0.66810    
    65.00  0.64798    
    66.00  0.62869    
    67.00  0.61021    
    68.00  0.59251    
    69.00  0.57556    
    70.00  0.55932    
    71.00  0.54379    
    72.00  0.52893    
    73.00  0.51472    
    74.00  0.50113    
    75.00  0.48815    
    76.00  0.47575    
    77.00  0.46391    
    78.00  0.45261    
    79.00  0.44184    
    80.00  0.43158    
    81.00  0.42181    
    82.00  0.41251    
    83.00  0.40366    
    84.00  0.39526    
    85.00  0.38729    
    86.00  0.37972    
    87.00  0.37255    
    88.00  0.36577    
    89.00  0.35936    
    90.00  0.35331    
    91.00  0.34761    
    92.00  0.34224    
    93.00  0.33720    
    94.00  0.33248    
    95.00  0.32806    
    96.00  0.32394    
    97.00  0.32011    
    98.00  0.31655    
    99.00  0.31326    
   100.00  0.31024    
   101.00  0.30748    
   102.00  0.30496    
   103.00  0.30268    
   104.00  0.30064    
   105.00  0.29882    
   106.00  0.29724    
   107.00  0.29587    
   108.00  0.29471    
   109.00  0.29376    
   110.00  0.29302    
   111.00  0.29248    
   112.00  0.29214    
   113.00  0.29199    
   114.00  0.29204    
   115.00  0.29228    
   116.00  0.29271    
   117.00  0.29332    
   118.00  0.29413    
   119.00  0.29513    
   120.00  0.29632    
   121.00  0.29770    
   122.00  0.29928    
   123.00  0.30106    
   124.00  0.30305    
   125.00  0.30524    
   126.00  0.30766    
   127.00  0.31030    
   128.00  0.31317    
   129.00  0.31630    
   130.00  0.31968    
   131.00  0.32333    
   132.00  0.32727    
   133.00  0.33150    
   134.00  0.33606    
   135.00  0.34094    
   136.00  0.34618    
   137.00  0.35179    
   138.00  0.35779    
   139.00  0.36420    
   140.00  0.37102    
   141.00  0.37828    
   142.00  0.38600    
   143.00  0.39417    
   144.00  0.40281    
   145.00  0.41192    
   146.00  0.42150    
   147.00  0.43157    
   148.00  0.44211    
   149.00  0.45313    
   150.00  0.46464    
   151.00  0.47665    
   152.00  0.48920    
   153.00  0.50232    
   154.00  0.51607    
   155.00  0.53050    
   156.00  0.54567    
   157.00  0.56161    
   158.00  0.57829    
   159.00  0.59558    
   160.00  0.61315    
   161.00  0.63049    
   162.00  0.64679    
   163.00  0.66091    
   164.00  0.67144    
   165.00  0.67681    
   166.00  0.67551    
   167.00  0.66638    
   168.00  0.64905    
   169.00  0.62422    
   170.00  0.59395    
   171.00  0.56150    
   172.00  0.53113    
   173.00  0.50756    
   174.00  0.49529    
   175.00  0.49748    
   176.00  0.51464    
   177.00  0.54346    
   178.00  0.57622    
   179.00  0.60237    
   180.00  0.61239    
 |--------|------------|
0.569000     micron = Wavelength
0.140274     = Extinction efficiency (Q)
0.129754     = Scattering efficiency (Qs)
0.105206E-01 = Absorption efficiency (Qa)
 22.1841     = Lidar ratio
0.747901E-02 micron^2 = <b> = Average surface area per particle
0.104911E-02 microns^2 = Extinction cross section (C)
0.970431E-03 microns^2 = Scattering cross section (Cs)
0.786839E-04 microns^2 = Absorption cross section (Ca)
 |----------------------------------------------------|
 | COMMENTAIRES:                                      |
 |----------------------------------------------------|
 |   -Cross section / <b> should = efficiency         |
 |    is independant of the normalisation of dN/dx    |
 |   -The integral of the phase fct / 4 pi over all   |
 |    directions (solid angle) = 1.                   |
 |   -The volume coefficient (k) is equal to C * N    |
 |      = cross section * Number density              |
 |      typical units: [um^2]*[particles/cm^3] =      |
 |      [10^-3 km-1]                                  |
 |      N = M/(d*4/3*pi*r^3) where d is the density   |
 |      of particle, M is the mass per unit volume    |
 |      and 4/3*pi*r^3 is the average volume  of a    |
 |      particle.                                     |
 |      typical units:  M -> [ug/m^3], d -> [g/cm^3]  |
 |                      r -> [um]                     |
 |      Lidar ratio= 4 pi Qe / phase_fct(180)*Qs      |
 |----------------------------------------------------|
