 |--------|------------|
 | ANGLE  |  PHASE FCT |
 |--------|------------|
     0.00   158.26    
     1.00   150.08    
     2.00   128.64    
     3.00   101.14    
     4.00   74.606    
     5.00   52.999    
     6.00   37.083    
     7.00   25.984    
     8.00   18.494    
     9.00   13.554    
    10.00   10.328    
    11.00   8.2083    
    12.00   6.7938    
    13.00   5.8284    
    14.00   5.1468    
    15.00   4.6466    
    16.00   4.2653    
    17.00   3.9623    
    18.00   3.7109    
    19.00   3.4961    
    20.00   3.3090    
    21.00   3.1426    
    22.00   2.9914    
    23.00   2.8523    
    24.00   2.7240    
    25.00   2.6052    
    26.00   2.4942    
    27.00   2.3897    
    28.00   2.2912    
    29.00   2.1985    
    30.00   2.1112    
    31.00   2.0282    
    32.00   1.9491    
    33.00   1.8741    
    34.00   1.8030    
    35.00   1.7350    
    36.00   1.6699    
    37.00   1.6078    
    38.00   1.5487    
    39.00   1.4920    
    40.00   1.4376    
    41.00   1.3855    
    42.00   1.3357    
    43.00   1.2878    
    44.00   1.2418    
    45.00   1.1977    
    46.00   1.1555    
    47.00   1.1149    
    48.00   1.0758    
    49.00   1.0382    
    50.00   1.0022    
    51.00  0.96761    
    52.00  0.93426    
    53.00  0.90223    
    54.00  0.87149    
    55.00  0.84192    
    56.00  0.81344    
    57.00  0.78610    
    58.00  0.75985    
    59.00  0.73460    
    60.00  0.71031    
    61.00  0.68699    
    62.00  0.66462    
    63.00  0.64311    
    64.00  0.62243    
    65.00  0.60260    
    66.00  0.58359    
    67.00  0.56534    
    68.00  0.54782    
    69.00  0.53103    
    70.00  0.51497    
    71.00  0.49956    
    72.00  0.48481    
    73.00  0.47070    
    74.00  0.45722    
    75.00  0.44433    
    76.00  0.43201    
    77.00  0.42027    
    78.00  0.40907    
    79.00  0.39838    
    80.00  0.38821    
    81.00  0.37854    
    82.00  0.36934    
    83.00  0.36060    
    84.00  0.35230    
    85.00  0.34443    
    86.00  0.33697    
    87.00  0.32990    
    88.00  0.32322    
    89.00  0.31689    
    90.00  0.31092    
    91.00  0.30528    
    92.00  0.29996    
    93.00  0.29494    
    94.00  0.29022    
    95.00  0.28578    
    96.00  0.28161    
    97.00  0.27769    
    98.00  0.27403    
    99.00  0.27059    
   100.00  0.26738    
   101.00  0.26440    
   102.00  0.26162    
   103.00  0.25904    
   104.00  0.25666    
   105.00  0.25448    
   106.00  0.25247    
   107.00  0.25064    
   108.00  0.24899    
   109.00  0.24752    
   110.00  0.24620    
   111.00  0.24505    
   112.00  0.24407    
   113.00  0.24324    
   114.00  0.24257    
   115.00  0.24206    
   116.00  0.24171    
   117.00  0.24152    
   118.00  0.24148    
   119.00  0.24161    
   120.00  0.24189    
   121.00  0.24235    
   122.00  0.24298    
   123.00  0.24379    
   124.00  0.24479    
   125.00  0.24598    
   126.00  0.24739    
   127.00  0.24902    
   128.00  0.25089    
   129.00  0.25302    
   130.00  0.25544    
   131.00  0.25815    
   132.00  0.26120    
   133.00  0.26462    
   134.00  0.26843    
   135.00  0.27267    
   136.00  0.27739    
   137.00  0.28261    
   138.00  0.28839    
   139.00  0.29474    
   140.00  0.30172    
   141.00  0.30934    
   142.00  0.31760    
   143.00  0.32652    
   144.00  0.33607    
   145.00  0.34620    
   146.00  0.35685    
   147.00  0.36792    
   148.00  0.37924    
   149.00  0.39067    
   150.00  0.40202    
   151.00  0.41302    
   152.00  0.42346    
   153.00  0.43312    
   154.00  0.44179    
   155.00  0.44933    
   156.00  0.45575    
   157.00  0.46121    
   158.00  0.46595    
   159.00  0.47045    
   160.00  0.47538    
   161.00  0.48144    
   162.00  0.48933    
   163.00  0.49978    
   164.00  0.51312    
   165.00  0.52894    
   166.00  0.54621    
   167.00  0.56329    
   168.00  0.57795    
   169.00  0.58823    
   170.00  0.59332    
   171.00  0.59290    
   172.00  0.58620    
   173.00  0.57291    
   174.00  0.55460    
   175.00  0.53573    
   176.00  0.52555    
   177.00  0.53682    
   178.00  0.57380    
   179.00  0.61859    
   180.00  0.63904    
 |--------|------------|
0.600000     micron = Wavelength
0.223809     = Extinction efficiency (Q)
0.206169     = Scattering efficiency (Qs)
0.176399E-01 = Absorption efficiency (Qa)
 21.3471     = Lidar ratio
0.116596E-01 micron^2 = <b> = Average surface area per particle
0.260952E-02 microns^2 = Extinction cross section (C)
0.240384E-02 microns^2 = Scattering cross section (Cs)
0.205674E-03 microns^2 = Absorption cross section (Ca)
 |----------------------------------------------------|
 | COMMENTAIRES:                                      |
 |----------------------------------------------------|
 |   -Cross section / <b> should = efficiency         |
 |    is independant of the normalisation of dN/dx    |
 |   -The integral of the phase fct / 4 pi over all   |
 |    directions (solid angle) = 1.                   |
 |   -The volume coefficient (k) is equal to C * N    |
 |      = cross section * Number density              |
 |      typical units: [um^2]*[particles/cm^3] =      |
 |      [10^-3 km-1]                                  |
 |      N = M/(d*4/3*pi*r^3) where d is the density   |
 |      of particle, M is the mass per unit volume    |
 |      and 4/3*pi*r^3 is the average volume  of a    |
 |      particle.                                     |
 |      typical units:  M -> [ug/m^3], d -> [g/cm^3]  |
 |                      r -> [um]                     |
 |      Lidar ratio= 4 pi Qe / phase_fct(180)*Qs      |
 |----------------------------------------------------|
