 |--------|------------|
 | ANGLE  |  PHASE FCT |
 |--------|------------|
     0.00   39.800    
     1.00   39.417    
     2.00   38.304    
     3.00   36.559    
     4.00   34.324    
     5.00   31.757    
     6.00   29.013    
     7.00   26.227    
     8.00   23.505    
     9.00   20.925    
    10.00   18.537    
    11.00   16.368    
    12.00   14.428    
    13.00   12.715    
    14.00   11.215    
    15.00   9.9122    
    16.00   8.7870    
    17.00   7.8189    
    18.00   6.9878    
    19.00   6.2751    
    20.00   5.6637    
    21.00   5.1382    
    22.00   4.6853    
    23.00   4.2935    
    24.00   3.9530    
    25.00   3.6553    
    26.00   3.3935    
    27.00   3.1618    
    28.00   2.9554    
    29.00   2.7702    
    30.00   2.6030    
    31.00   2.4511    
    32.00   2.3123    
    33.00   2.1849    
    34.00   2.0672    
    35.00   1.9582    
    36.00   1.8568    
    37.00   1.7622    
    38.00   1.6736    
    39.00   1.5906    
    40.00   1.5126    
    41.00   1.4392    
    42.00   1.3700    
    43.00   1.3048    
    44.00   1.2432    
    45.00   1.1850    
    46.00   1.1299    
    47.00   1.0779    
    48.00   1.0286    
    49.00  0.98203    
    50.00  0.93790    
    51.00  0.89612    
    52.00  0.85655    
    53.00  0.81907    
    54.00  0.78357    
    55.00  0.74993    
    56.00  0.71805    
    57.00  0.68784    
    58.00  0.65921    
    59.00  0.63207    
    60.00  0.60635    
    61.00  0.58196    
    62.00  0.55883    
    63.00  0.53690    
    64.00  0.51610    
    65.00  0.49638    
    66.00  0.47766    
    67.00  0.45991    
    68.00  0.44307    
    69.00  0.42709    
    70.00  0.41193    
    71.00  0.39755    
    72.00  0.38390    
    73.00  0.37094    
    74.00  0.35865    
    75.00  0.34698    
    76.00  0.33591    
    77.00  0.32540    
    78.00  0.31544    
    79.00  0.30598    
    80.00  0.29701    
    81.00  0.28850    
    82.00  0.28044    
    83.00  0.27279    
    84.00  0.26555    
    85.00  0.25869    
    86.00  0.25219    
    87.00  0.24604    
    88.00  0.24023    
    89.00  0.23474    
    90.00  0.22955    
    91.00  0.22466    
    92.00  0.22005    
    93.00  0.21571    
    94.00  0.21163    
    95.00  0.20780    
    96.00  0.20421    
    97.00  0.20086    
    98.00  0.19773    
    99.00  0.19481    
   100.00  0.19211    
   101.00  0.18961    
   102.00  0.18731    
   103.00  0.18521    
   104.00  0.18329    
   105.00  0.18155    
   106.00  0.17999    
   107.00  0.17861    
   108.00  0.17740    
   109.00  0.17636    
   110.00  0.17549    
   111.00  0.17478    
   112.00  0.17424    
   113.00  0.17386    
   114.00  0.17364    
   115.00  0.17358    
   116.00  0.17369    
   117.00  0.17396    
   118.00  0.17440    
   119.00  0.17500    
   120.00  0.17577    
   121.00  0.17672    
   122.00  0.17785    
   123.00  0.17916    
   124.00  0.18066    
   125.00  0.18235    
   126.00  0.18425    
   127.00  0.18636    
   128.00  0.18870    
   129.00  0.19127    
   130.00  0.19409    
   131.00  0.19717    
   132.00  0.20053    
   133.00  0.20418    
   134.00  0.20815    
   135.00  0.21246    
   136.00  0.21713    
   137.00  0.22219    
   138.00  0.22768    
   139.00  0.23361    
   140.00  0.24003    
   141.00  0.24698    
   142.00  0.25450    
   143.00  0.26263    
   144.00  0.27141    
   145.00  0.28091    
   146.00  0.29115    
   147.00  0.30218    
   148.00  0.31403    
   149.00  0.32673    
   150.00  0.34027    
   151.00  0.35462    
   152.00  0.36973    
   153.00  0.38546    
   154.00  0.40163    
   155.00  0.41797    
   156.00  0.43411    
   157.00  0.44959    
   158.00  0.46382    
   159.00  0.47613    
   160.00  0.48576    
   161.00  0.49194    
   162.00  0.49393    
   163.00  0.49112    
   164.00  0.48315    
   165.00  0.47003    
   166.00  0.45226    
   167.00  0.43088    
   168.00  0.40746    
   169.00  0.38410    
   170.00  0.36317    
   171.00  0.34705    
   172.00  0.33784    
   173.00  0.33689    
   174.00  0.34453    
   175.00  0.35979    
   176.00  0.38033    
   177.00  0.40269    
   178.00  0.42280    
   179.00  0.43677    
   180.00  0.44177    
 |--------|------------|
0.680000     micron = Wavelength
0.118789     = Extinction efficiency (Q)
0.109897     = Scattering efficiency (Qs)
0.889235E-02 = Absorption efficiency (Qa)
 30.7472     = Lidar ratio
0.446407E-02 micron^2 = <b> = Average surface area per particle
0.530283E-03 microns^2 = Extinction cross section (C)
0.490587E-03 microns^2 = Scattering cross section (Cs)
0.396961E-04 microns^2 = Absorption cross section (Ca)
 |----------------------------------------------------|
 | COMMENTAIRES:                                      |
 |----------------------------------------------------|
 |   -Cross section / <b> should = efficiency         |
 |    is independant of the normalisation of dN/dx    |
 |   -The integral of the phase fct / 4 pi over all   |
 |    directions (solid angle) = 1.                   |
 |   -The volume coefficient (k) is equal to C * N    |
 |      = cross section * Number density              |
 |      typical units: [um^2]*[particles/cm^3] =      |
 |      [10^-3 km-1]                                  |
 |      N = M/(d*4/3*pi*r^3) where d is the density   |
 |      of particle, M is the mass per unit volume    |
 |      and 4/3*pi*r^3 is the average volume  of a    |
 |      particle.                                     |
 |      typical units:  M -> [ug/m^3], d -> [g/cm^3]  |
 |                      r -> [um]                     |
 |      Lidar ratio= 4 pi Qe / phase_fct(180)*Qs      |
 |----------------------------------------------------|
