 |--------|------------|
 | ANGLE  |  PHASE FCT |
 |--------|------------|
     0.00   147.11    
     1.00   140.56    
     2.00   123.14    
     3.00   100.11    
     4.00   76.914    
     5.00   56.953    
     6.00   41.355    
     7.00   29.850    
     8.00   21.673    
     9.00   16.011    
    10.00   12.149    
    11.00   9.5205    
    12.00   7.7236    
    13.00   6.4805    
    14.00   5.6025    
    15.00   4.9656    
    16.00   4.4895    
    17.00   4.1209    
    18.00   3.8244    
    19.00   3.5780    
    20.00   3.3679    
    21.00   3.1841    
    22.00   3.0198    
    23.00   2.8704    
    24.00   2.7335    
    25.00   2.6071    
    26.00   2.4895    
    27.00   2.3794    
    28.00   2.2759    
    29.00   2.1787    
    30.00   2.0870    
    31.00   2.0002    
    32.00   1.9178    
    33.00   1.8396    
    34.00   1.7655    
    35.00   1.6949    
    36.00   1.6276    
    37.00   1.5634    
    38.00   1.5022    
    39.00   1.4438    
    40.00   1.3879    
    41.00   1.3345    
    42.00   1.2835    
    43.00   1.2347    
    44.00   1.1879    
    45.00   1.1432    
    46.00   1.1004    
    47.00   1.0593    
    48.00   1.0200    
    49.00  0.98230    
    50.00  0.94623    
    51.00  0.91165    
    52.00  0.87848    
    53.00  0.84670    
    54.00  0.81627    
    55.00  0.78710    
    56.00  0.75912    
    57.00  0.73232    
    58.00  0.70666    
    59.00  0.68206    
    60.00  0.65848    
    61.00  0.63590    
    62.00  0.61429    
    63.00  0.59359    
    64.00  0.57375    
    65.00  0.55478    
    66.00  0.53663    
    67.00  0.51926    
    68.00  0.50264    
    69.00  0.48676    
    70.00  0.47159    
    71.00  0.45709    
    72.00  0.44324    
    73.00  0.43003    
    74.00  0.41743    
    75.00  0.40541    
    76.00  0.39396    
    77.00  0.38306    
    78.00  0.37268    
    79.00  0.36281    
    80.00  0.35342    
    81.00  0.34451    
    82.00  0.33605    
    83.00  0.32802    
    84.00  0.32041    
    85.00  0.31321    
    86.00  0.30638    
    87.00  0.29993    
    88.00  0.29382    
    89.00  0.28806    
    90.00  0.28262    
    91.00  0.27749    
    92.00  0.27265    
    93.00  0.26809    
    94.00  0.26381    
    95.00  0.25978    
    96.00  0.25600    
    97.00  0.25245    
    98.00  0.24914    
    99.00  0.24604    
   100.00  0.24314    
   101.00  0.24046    
   102.00  0.23796    
   103.00  0.23565    
   104.00  0.23353    
   105.00  0.23158    
   106.00  0.22980    
   107.00  0.22820    
   108.00  0.22675    
   109.00  0.22547    
   110.00  0.22434    
   111.00  0.22338    
   112.00  0.22256    
   113.00  0.22191    
   114.00  0.22141    
   115.00  0.22106    
   116.00  0.22087    
   117.00  0.22084    
   118.00  0.22097    
   119.00  0.22126    
   120.00  0.22172    
   121.00  0.22236    
   122.00  0.22319    
   123.00  0.22420    
   124.00  0.22542    
   125.00  0.22685    
   126.00  0.22850    
   127.00  0.23041    
   128.00  0.23258    
   129.00  0.23503    
   130.00  0.23778    
   131.00  0.24088    
   132.00  0.24433    
   133.00  0.24818    
   134.00  0.25246    
   135.00  0.25719    
   136.00  0.26243    
   137.00  0.26821    
   138.00  0.27456    
   139.00  0.28151    
   140.00  0.28910    
   141.00  0.29734    
   142.00  0.30624    
   143.00  0.31579    
   144.00  0.32597    
   145.00  0.33672    
   146.00  0.34800    
   147.00  0.35968    
   148.00  0.37164    
   149.00  0.38373    
   150.00  0.39576    
   151.00  0.40753    
   152.00  0.41884    
   153.00  0.42952    
   154.00  0.43942    
   155.00  0.44845    
   156.00  0.45668    
   157.00  0.46430    
   158.00  0.47163    
   159.00  0.47917    
   160.00  0.48755    
   161.00  0.49740    
   162.00  0.50928    
   163.00  0.52358    
   164.00  0.54020    
   165.00  0.55825    
   166.00  0.57612    
   167.00  0.59157    
   168.00  0.60203    
   169.00  0.60538    
   170.00  0.60081    
   171.00  0.58866    
   172.00  0.57000    
   173.00  0.54718    
   174.00  0.52463    
   175.00  0.50912    
   176.00  0.50960    
   177.00  0.53400    
   178.00  0.57991    
   179.00  0.62731    
   180.00  0.64770    
 |--------|------------|
0.660000     micron = Wavelength
0.205215     = Extinction efficiency (Q)
0.188732     = Scattering efficiency (Qs)
0.164830E-01 = Absorption efficiency (Qa)
 21.0958     = Lidar ratio
0.116608E-01 micron^2 = <b> = Average surface area per particle
0.239297E-02 microns^2 = Extinction cross section (C)
0.220077E-02 microns^2 = Scattering cross section (Cs)
0.192206E-03 microns^2 = Absorption cross section (Ca)
 |----------------------------------------------------|
 | COMMENTAIRES:                                      |
 |----------------------------------------------------|
 |   -Cross section / <b> should = efficiency         |
 |    is independant of the normalisation of dN/dx    |
 |   -The integral of the phase fct / 4 pi over all   |
 |    directions (solid angle) = 1.                   |
 |   -The volume coefficient (k) is equal to C * N    |
 |      = cross section * Number density              |
 |      typical units: [um^2]*[particles/cm^3] =      |
 |      [10^-3 km-1]                                  |
 |      N = M/(d*4/3*pi*r^3) where d is the density   |
 |      of particle, M is the mass per unit volume    |
 |      and 4/3*pi*r^3 is the average volume  of a    |
 |      particle.                                     |
 |      typical units:  M -> [ug/m^3], d -> [g/cm^3]  |
 |                      r -> [um]                     |
 |      Lidar ratio= 4 pi Qe / phase_fct(180)*Qs      |
 |----------------------------------------------------|
