 |--------|------------|
 | ANGLE  |  PHASE FCT |
 |--------|------------|
     0.00   27.675    
     1.00   27.530    
     2.00   27.103    
     3.00   26.415    
     4.00   25.500    
     5.00   24.399    
     6.00   23.156    
     7.00   21.817    
     8.00   20.422    
     9.00   19.008    
    10.00   17.606    
    11.00   16.241    
    12.00   14.931    
    13.00   13.689    
    14.00   12.525    
    15.00   11.441    
    16.00   10.441    
    17.00   9.5237    
    18.00   8.6855    
    19.00   7.9230    
    20.00   7.2316    
    21.00   6.6061    
    22.00   6.0414    
    23.00   5.5322    
    24.00   5.0732    
    25.00   4.6597    
    26.00   4.2870    
    27.00   3.9510    
    28.00   3.6477    
    29.00   3.3737    
    30.00   3.1258    
    31.00   2.9011    
    32.00   2.6971    
    33.00   2.5117    
    34.00   2.3427    
    35.00   2.1884    
    36.00   2.0472    
    37.00   1.9179    
    38.00   1.7991    
    39.00   1.6897    
    40.00   1.5890    
    41.00   1.4959    
    42.00   1.4098    
    43.00   1.3301    
    44.00   1.2560    
    45.00   1.1872    
    46.00   1.1232    
    47.00   1.0635    
    48.00   1.0078    
    49.00  0.95581    
    50.00  0.90717    
    51.00  0.86164    
    52.00  0.81897    
    53.00  0.77897    
    54.00  0.74142    
    55.00  0.70616    
    56.00  0.67301    
    57.00  0.64184    
    58.00  0.61250    
    59.00  0.58488    
    60.00  0.55885    
    61.00  0.53432    
    62.00  0.51118    
    63.00  0.48935    
    64.00  0.46875    
    65.00  0.44929    
    66.00  0.43091    
    67.00  0.41354    
    68.00  0.39713    
    69.00  0.38161    
    70.00  0.36692    
    71.00  0.35304    
    72.00  0.33989    
    73.00  0.32746    
    74.00  0.31568    
    75.00  0.30453    
    76.00  0.29398    
    77.00  0.28398    
    78.00  0.27451    
    79.00  0.26555    
    80.00  0.25705    
    81.00  0.24901    
    82.00  0.24139    
    83.00  0.23418    
    84.00  0.22735    
    85.00  0.22088    
    86.00  0.21476    
    87.00  0.20898    
    88.00  0.20350    
    89.00  0.19833    
    90.00  0.19344    
    91.00  0.18883    
    92.00  0.18447    
    93.00  0.18037    
    94.00  0.17650    
    95.00  0.17287    
    96.00  0.16945    
    97.00  0.16625    
    98.00  0.16325    
    99.00  0.16044    
   100.00  0.15783    
   101.00  0.15540    
   102.00  0.15314    
   103.00  0.15106    
   104.00  0.14914    
   105.00  0.14739    
   106.00  0.14580    
   107.00  0.14436    
   108.00  0.14307    
   109.00  0.14194    
   110.00  0.14095    
   111.00  0.14010    
   112.00  0.13940    
   113.00  0.13885    
   114.00  0.13844    
   115.00  0.13817    
   116.00  0.13804    
   117.00  0.13806    
   118.00  0.13822    
   119.00  0.13854    
   120.00  0.13900    
   121.00  0.13962    
   122.00  0.14040    
   123.00  0.14134    
   124.00  0.14246    
   125.00  0.14374    
   126.00  0.14522    
   127.00  0.14688    
   128.00  0.14874    
   129.00  0.15081    
   130.00  0.15310    
   131.00  0.15563    
   132.00  0.15840    
   133.00  0.16143    
   134.00  0.16474    
   135.00  0.16834    
   136.00  0.17224    
   137.00  0.17647    
   138.00  0.18104    
   139.00  0.18597    
   140.00  0.19127    
   141.00  0.19696    
   142.00  0.20305    
   143.00  0.20955    
   144.00  0.21645    
   145.00  0.22375    
   146.00  0.23144    
   147.00  0.23949    
   148.00  0.24786    
   149.00  0.25647    
   150.00  0.26526    
   151.00  0.27411    
   152.00  0.28288    
   153.00  0.29140    
   154.00  0.29949    
   155.00  0.30690    
   156.00  0.31339    
   157.00  0.31869    
   158.00  0.32254    
   159.00  0.32469    
   160.00  0.32494    
   161.00  0.32315    
   162.00  0.31929    
   163.00  0.31346    
   164.00  0.30595    
   165.00  0.29719    
   166.00  0.28781    
   167.00  0.27859    
   168.00  0.27041    
   169.00  0.26418    
   170.00  0.26073    
   171.00  0.26069    
   172.00  0.26442    
   173.00  0.27183    
   174.00  0.28243    
   175.00  0.29525    
   176.00  0.30895    
   177.00  0.32195    
   178.00  0.33267    
   179.00  0.33973    
   180.00  0.34219    
 |--------|------------|
0.750000     micron = Wavelength
0.113867     = Extinction efficiency (Q)
0.106084     = Scattering efficiency (Qs)
0.778221E-02 = Absorption efficiency (Qa)
 39.4168     = Lidar ratio
0.336361E-02 micron^2 = <b> = Average surface area per particle
0.383003E-03 microns^2 = Extinction cross section (C)
0.356827E-03 microns^2 = Scattering cross section (Cs)
0.261763E-04 microns^2 = Absorption cross section (Ca)
 |----------------------------------------------------|
 | COMMENTAIRES:                                      |
 |----------------------------------------------------|
 |   -Cross section / <b> should = efficiency         |
 |    is independant of the normalisation of dN/dx    |
 |   -The integral of the phase fct / 4 pi over all   |
 |    directions (solid angle) = 1.                   |
 |   -The volume coefficient (k) is equal to C * N    |
 |      = cross section * Number density              |
 |      typical units: [um^2]*[particles/cm^3] =      |
 |      [10^-3 km-1]                                  |
 |      N = M/(d*4/3*pi*r^3) where d is the density   |
 |      of particle, M is the mass per unit volume    |
 |      and 4/3*pi*r^3 is the average volume  of a    |
 |      particle.                                     |
 |      typical units:  M -> [ug/m^3], d -> [g/cm^3]  |
 |                      r -> [um]                     |
 |      Lidar ratio= 4 pi Qe / phase_fct(180)*Qs      |
 |----------------------------------------------------|
