 |--------|------------|
 | ANGLE  |  PHASE FCT |
 |--------|------------|
     0.00   40.591    
     1.00   40.188    
     2.00   39.015    
     3.00   37.182    
     4.00   34.839    
     5.00   32.156    
     6.00   29.299    
     7.00   26.409    
     8.00   23.597    
     9.00   20.943    
    10.00   18.497    
    11.00   16.286    
    12.00   14.317    
    13.00   12.585    
    14.00   11.075    
    15.00   9.7700    
    16.00   8.6473    
    17.00   7.6851    
    18.00   6.8624    
    19.00   6.1594    
    20.00   5.5584    
    21.00   5.0434    
    22.00   4.6008    
    23.00   4.2188    
    24.00   3.8874    
    25.00   3.5981    
    26.00   3.3439    
    27.00   3.1190    
    28.00   2.9187    
    29.00   2.7389    
    30.00   2.5765    
    31.00   2.4288    
    32.00   2.2937    
    33.00   2.1694    
    34.00   2.0545    
    35.00   1.9479    
    36.00   1.8486    
    37.00   1.7558    
    38.00   1.6689    
    39.00   1.5872    
    40.00   1.5104    
    41.00   1.4380    
    42.00   1.3697    
    43.00   1.3053    
    44.00   1.2443    
    45.00   1.1867    
    46.00   1.1321    
    47.00   1.0805    
    48.00   1.0316    
    49.00  0.98530    
    50.00  0.94144    
    51.00  0.89987    
    52.00  0.86049    
    53.00  0.82316    
    54.00  0.78778    
    55.00  0.75425    
    56.00  0.72245    
    57.00  0.69231    
    58.00  0.66373    
    59.00  0.63662    
    60.00  0.61091    
    61.00  0.58654    
    62.00  0.56341    
    63.00  0.54147    
    64.00  0.52066    
    65.00  0.50092    
    66.00  0.48218    
    67.00  0.46440    
    68.00  0.44753    
    69.00  0.43152    
    70.00  0.41632    
    71.00  0.40189    
    72.00  0.38820    
    73.00  0.37520    
    74.00  0.36287    
    75.00  0.35116    
    76.00  0.34004    
    77.00  0.32949    
    78.00  0.31948    
    79.00  0.30998    
    80.00  0.30097    
    81.00  0.29242    
    82.00  0.28432    
    83.00  0.27664    
    84.00  0.26936    
    85.00  0.26246    
    86.00  0.25593    
    87.00  0.24975    
    88.00  0.24391    
    89.00  0.23838    
    90.00  0.23317    
    91.00  0.22825    
    92.00  0.22362    
    93.00  0.21925    
    94.00  0.21515    
    95.00  0.21130    
    96.00  0.20770    
    97.00  0.20433    
    98.00  0.20119    
    99.00  0.19826    
   100.00  0.19555    
   101.00  0.19304    
   102.00  0.19074    
   103.00  0.18863    
   104.00  0.18671    
   105.00  0.18497    
   106.00  0.18341    
   107.00  0.18204    
   108.00  0.18083    
   109.00  0.17980    
   110.00  0.17893    
   111.00  0.17823    
   112.00  0.17770    
   113.00  0.17733    
   114.00  0.17713    
   115.00  0.17709    
   116.00  0.17721    
   117.00  0.17750    
   118.00  0.17795    
   119.00  0.17858    
   120.00  0.17937    
   121.00  0.18034    
   122.00  0.18150    
   123.00  0.18283    
   124.00  0.18436    
   125.00  0.18608    
   126.00  0.18801    
   127.00  0.19015    
   128.00  0.19252    
   129.00  0.19513    
   130.00  0.19798    
   131.00  0.20110    
   132.00  0.20449    
   133.00  0.20818    
   134.00  0.21219    
   135.00  0.21655    
   136.00  0.22126    
   137.00  0.22637    
   138.00  0.23190    
   139.00  0.23788    
   140.00  0.24435    
   141.00  0.25136    
   142.00  0.25893    
   143.00  0.26713    
   144.00  0.27599    
   145.00  0.28556    
   146.00  0.29589    
   147.00  0.30703    
   148.00  0.31901    
   149.00  0.33186    
   150.00  0.34559    
   151.00  0.36017    
   152.00  0.37555    
   153.00  0.39160    
   154.00  0.40815    
   155.00  0.42494    
   156.00  0.44160    
   157.00  0.45766    
   158.00  0.47253    
   159.00  0.48552    
   160.00  0.49584    
   161.00  0.50269    
   162.00  0.50528    
   163.00  0.50295    
   164.00  0.49528    
   165.00  0.48225    
   166.00  0.46431    
   167.00  0.44248    
   168.00  0.41838    
   169.00  0.39414    
   170.00  0.37221    
   171.00  0.35511    
   172.00  0.34502    
   173.00  0.34345    
   174.00  0.35079    
   175.00  0.36610    
   176.00  0.38703    
   177.00  0.40999    
   178.00  0.43074    
   179.00  0.44519    
   180.00  0.45037    
 |--------|------------|
0.670000     micron = Wavelength
0.118771     = Extinction efficiency (Q)
0.109742     = Scattering efficiency (Qs)
0.902934E-02 = Absorption efficiency (Qa)
 30.1978     = Lidar ratio
0.446407E-02 micron^2 = <b> = Average surface area per particle
0.530204E-03 microns^2 = Extinction cross section (C)
0.489896E-03 microns^2 = Scattering cross section (Cs)
0.403076E-04 microns^2 = Absorption cross section (Ca)
 |----------------------------------------------------|
 | COMMENTAIRES:                                      |
 |----------------------------------------------------|
 |   -Cross section / <b> should = efficiency         |
 |    is independant of the normalisation of dN/dx    |
 |   -The integral of the phase fct / 4 pi over all   |
 |    directions (solid angle) = 1.                   |
 |   -The volume coefficient (k) is equal to C * N    |
 |      = cross section * Number density              |
 |      typical units: [um^2]*[particles/cm^3] =      |
 |      [10^-3 km-1]                                  |
 |      N = M/(d*4/3*pi*r^3) where d is the density   |
 |      of particle, M is the mass per unit volume    |
 |      and 4/3*pi*r^3 is the average volume  of a    |
 |      particle.                                     |
 |      typical units:  M -> [ug/m^3], d -> [g/cm^3]  |
 |                      r -> [um]                     |
 |      Lidar ratio= 4 pi Qe / phase_fct(180)*Qs      |
 |----------------------------------------------------|
