 |--------|------------|
 | ANGLE  |  PHASE FCT |
 |--------|------------|
     0.00   108.10    
     1.00   104.53    
     2.00   94.780    
     3.00   81.231    
     4.00   66.548    
     5.00   52.749    
     6.00   40.901    
     7.00   31.317    
     8.00   23.880    
     9.00   18.280    
    10.00   14.149    
    11.00   11.139    
    12.00   8.9602    
    13.00   7.3852    
    14.00   6.2418    
    15.00   5.4042    
    16.00   4.7819    
    17.00   4.3108    
    18.00   3.9456    
    19.00   3.6550    
    20.00   3.4174    
    21.00   3.2175    
    22.00   3.0449    
    23.00   2.8923    
    24.00   2.7551    
    25.00   2.6297    
    26.00   2.5138    
    27.00   2.4057    
    28.00   2.3041    
    29.00   2.2084    
    30.00   2.1177    
    31.00   2.0316    
    32.00   1.9496    
    33.00   1.8715    
    34.00   1.7970    
    35.00   1.7259    
    36.00   1.6578    
    37.00   1.5927    
    38.00   1.5305    
    39.00   1.4709    
    40.00   1.4139    
    41.00   1.3592    
    42.00   1.3069    
    43.00   1.2568    
    44.00   1.2089    
    45.00   1.1629    
    46.00   1.1189    
    47.00   1.0767    
    48.00   1.0363    
    49.00  0.99761    
    50.00  0.96056    
    51.00  0.92507    
    52.00  0.89108    
    53.00  0.85854    
    54.00  0.82739    
    55.00  0.79755    
    56.00  0.76899    
    57.00  0.74165    
    58.00  0.71549    
    59.00  0.69046    
    60.00  0.66650    
    61.00  0.64358    
    62.00  0.62166    
    63.00  0.60069    
    64.00  0.58064    
    65.00  0.56147    
    66.00  0.54316    
    67.00  0.52566    
    68.00  0.50893    
    69.00  0.49297    
    70.00  0.47773    
    71.00  0.46318    
    72.00  0.44930    
    73.00  0.43606    
    74.00  0.42344    
    75.00  0.41142    
    76.00  0.39997    
    77.00  0.38906    
    78.00  0.37869    
    79.00  0.36882    
    80.00  0.35944    
    81.00  0.35053    
    82.00  0.34206    
    83.00  0.33403    
    84.00  0.32641    
    85.00  0.31919    
    86.00  0.31235    
    87.00  0.30587    
    88.00  0.29975    
    89.00  0.29396    
    90.00  0.28850    
    91.00  0.28334    
    92.00  0.27848    
    93.00  0.27390    
    94.00  0.26960    
    95.00  0.26557    
    96.00  0.26178    
    97.00  0.25824    
    98.00  0.25494    
    99.00  0.25186    
   100.00  0.24900    
   101.00  0.24636    
   102.00  0.24392    
   103.00  0.24168    
   104.00  0.23963    
   105.00  0.23778    
   106.00  0.23611    
   107.00  0.23462    
   108.00  0.23331    
   109.00  0.23217    
   110.00  0.23121    
   111.00  0.23041    
   112.00  0.22979    
   113.00  0.22934    
   114.00  0.22905    
   115.00  0.22893    
   116.00  0.22899    
   117.00  0.22921    
   118.00  0.22961    
   119.00  0.23019    
   120.00  0.23095    
   121.00  0.23190    
   122.00  0.23305    
   123.00  0.23440    
   124.00  0.23597    
   125.00  0.23776    
   126.00  0.23979    
   127.00  0.24207    
   128.00  0.24462    
   129.00  0.24745    
   130.00  0.25059    
   131.00  0.25406    
   132.00  0.25788    
   133.00  0.26208    
   134.00  0.26668    
   135.00  0.27172    
   136.00  0.27721    
   137.00  0.28320    
   138.00  0.28970    
   139.00  0.29674    
   140.00  0.30434    
   141.00  0.31252    
   142.00  0.32128    
   143.00  0.33063    
   144.00  0.34054    
   145.00  0.35099    
   146.00  0.36194    
   147.00  0.37333    
   148.00  0.38509    
   149.00  0.39713    
   150.00  0.40938    
   151.00  0.42172    
   152.00  0.43409    
   153.00  0.44642    
   154.00  0.45869    
   155.00  0.47095    
   156.00  0.48332    
   157.00  0.49599    
   158.00  0.50921    
   159.00  0.52327    
   160.00  0.53843    
   161.00  0.55479    
   162.00  0.57221    
   163.00  0.59014    
   164.00  0.60753    
   165.00  0.62269    
   166.00  0.63345    
   167.00  0.63752    
   168.00  0.63291    
   169.00  0.61865    
   170.00  0.59535    
   171.00  0.56532    
   172.00  0.53243    
   173.00  0.50202    
   174.00  0.48053    
   175.00  0.47451    
   176.00  0.48878    
   177.00  0.52334    
   178.00  0.56963    
   179.00  0.61030    
   180.00  0.62661    
 |--------|------------|
0.650000     micron = Wavelength
0.172261     = Extinction efficiency (Q)
0.158792     = Scattering efficiency (Qs)
0.134697E-01 = Absorption efficiency (Qa)
 21.7558     = Lidar ratio
0.957037E-02 micron^2 = <b> = Average surface area per particle
0.164861E-02 microns^2 = Extinction cross section (C)
0.151970E-02 microns^2 = Scattering cross section (Cs)
0.128910E-03 microns^2 = Absorption cross section (Ca)
 |----------------------------------------------------|
 | COMMENTAIRES:                                      |
 |----------------------------------------------------|
 |   -Cross section / <b> should = efficiency         |
 |    is independant of the normalisation of dN/dx    |
 |   -The integral of the phase fct / 4 pi over all   |
 |    directions (solid angle) = 1.                   |
 |   -The volume coefficient (k) is equal to C * N    |
 |      = cross section * Number density              |
 |      typical units: [um^2]*[particles/cm^3] =      |
 |      [10^-3 km-1]                                  |
 |      N = M/(d*4/3*pi*r^3) where d is the density   |
 |      of particle, M is the mass per unit volume    |
 |      and 4/3*pi*r^3 is the average volume  of a    |
 |      particle.                                     |
 |      typical units:  M -> [ug/m^3], d -> [g/cm^3]  |
 |                      r -> [um]                     |
 |      Lidar ratio= 4 pi Qe / phase_fct(180)*Qs      |
 |----------------------------------------------------|
