 |--------|------------|
 | ANGLE  |  PHASE FCT |
 |--------|------------|
     0.00   154.81    
     1.00   147.20    
     2.00   127.15    
     3.00   101.16    
     4.00   75.712    
     5.00   54.577    
     6.00   38.680    
     7.00   27.373    
     8.00   19.603    
     9.00   14.391    
    10.00   10.936    
    11.00   8.6396    
    12.00   7.0954    
    13.00   6.0377    
    14.00   5.2920    
    15.00   4.7475    
    16.00   4.3358    
    17.00   4.0116    
    18.00   3.7457    
    19.00   3.5205    
    20.00   3.3258    
    21.00   3.1534    
    22.00   2.9975    
    23.00   2.8548    
    24.00   2.7233    
    25.00   2.6017    
    26.00   2.4883    
    27.00   2.3818    
    28.00   2.2815    
    29.00   2.1872    
    30.00   2.0983    
    31.00   2.0140    
    32.00   1.9338    
    33.00   1.8578    
    34.00   1.7857    
    35.00   1.7169    
    36.00   1.6511    
    37.00   1.5884    
    38.00   1.5287    
    39.00   1.4715    
    40.00   1.4167    
    41.00   1.3643    
    42.00   1.3142    
    43.00   1.2662    
    44.00   1.2200    
    45.00   1.1758    
    46.00   1.1335    
    47.00   1.0928    
    48.00   1.0538    
    49.00   1.0163    
    50.00  0.98039    
    51.00  0.94589    
    52.00  0.91271    
    53.00  0.88087    
    54.00  0.85034    
    55.00  0.82100    
    56.00  0.79279    
    57.00  0.76572    
    58.00  0.73976    
    59.00  0.71483    
    60.00  0.69087    
    61.00  0.66788    
    62.00  0.64584    
    63.00  0.62469    
    64.00  0.60438    
    65.00  0.58491    
    66.00  0.56626    
    67.00  0.54838    
    68.00  0.53123    
    69.00  0.51481    
    70.00  0.49911    
    71.00  0.48408    
    72.00  0.46969    
    73.00  0.45594    
    74.00  0.44282    
    75.00  0.43027    
    76.00  0.41830    
    77.00  0.40689    
    78.00  0.39601    
    79.00  0.38565    
    80.00  0.37579    
    81.00  0.36642    
    82.00  0.35751    
    83.00  0.34905    
    84.00  0.34103    
    85.00  0.33342    
    86.00  0.32621    
    87.00  0.31939    
    88.00  0.31293    
    89.00  0.30682    
    90.00  0.30106    
    91.00  0.29563    
    92.00  0.29050    
    93.00  0.28566    
    94.00  0.28112    
    95.00  0.27684    
    96.00  0.27283    
    97.00  0.26906    
    98.00  0.26554    
    99.00  0.26224    
   100.00  0.25916    
   101.00  0.25629    
   102.00  0.25363    
   103.00  0.25116    
   104.00  0.24889    
   105.00  0.24680    
   106.00  0.24489    
   107.00  0.24315    
   108.00  0.24159    
   109.00  0.24019    
   110.00  0.23895    
   111.00  0.23788    
   112.00  0.23697    
   113.00  0.23621    
   114.00  0.23561    
   115.00  0.23517    
   116.00  0.23488    
   117.00  0.23475    
   118.00  0.23478    
   119.00  0.23497    
   120.00  0.23533    
   121.00  0.23586    
   122.00  0.23656    
   123.00  0.23745    
   124.00  0.23853    
   125.00  0.23982    
   126.00  0.24132    
   127.00  0.24305    
   128.00  0.24503    
   129.00  0.24728    
   130.00  0.24982    
   131.00  0.25267    
   132.00  0.25587    
   133.00  0.25945    
   134.00  0.26343    
   135.00  0.26786    
   136.00  0.27277    
   137.00  0.27820    
   138.00  0.28419    
   139.00  0.29077    
   140.00  0.29798    
   141.00  0.30583    
   142.00  0.31434    
   143.00  0.32351    
   144.00  0.33330    
   145.00  0.34367    
   146.00  0.35457    
   147.00  0.36588    
   148.00  0.37745    
   149.00  0.38913    
   150.00  0.40074    
   151.00  0.41202    
   152.00  0.42277    
   153.00  0.43278    
   154.00  0.44187    
   155.00  0.44990    
   156.00  0.45691    
   157.00  0.46306    
   158.00  0.46862    
   159.00  0.47409    
   160.00  0.48013    
   161.00  0.48743    
   162.00  0.49665    
   163.00  0.50843    
   164.00  0.52296    
   165.00  0.53970    
   166.00  0.55740    
   167.00  0.57422    
   168.00  0.58777    
   169.00  0.59601    
   170.00  0.59807    
   171.00  0.59377    
   172.00  0.58296    
   173.00  0.56621    
   174.00  0.54614    
   175.00  0.52815    
   176.00  0.52158    
   177.00  0.53758    
   178.00  0.57796    
   179.00  0.62387    
   180.00  0.64437    
 |--------|------------|
0.620000     micron = Wavelength
0.216726     = Extinction efficiency (Q)
0.199479     = Scattering efficiency (Qs)
0.172471E-01 = Absorption efficiency (Qa)
 21.1878     = Lidar ratio
0.116601E-01 micron^2 = <b> = Average surface area per particle
0.252704E-02 microns^2 = Extinction cross section (C)
0.232594E-02 microns^2 = Scattering cross section (Cs)
0.201102E-03 microns^2 = Absorption cross section (Ca)
 |----------------------------------------------------|
 | COMMENTAIRES:                                      |
 |----------------------------------------------------|
 |   -Cross section / <b> should = efficiency         |
 |    is independant of the normalisation of dN/dx    |
 |   -The integral of the phase fct / 4 pi over all   |
 |    directions (solid angle) = 1.                   |
 |   -The volume coefficient (k) is equal to C * N    |
 |      = cross section * Number density              |
 |      typical units: [um^2]*[particles/cm^3] =      |
 |      [10^-3 km-1]                                  |
 |      N = M/(d*4/3*pi*r^3) where d is the density   |
 |      of particle, M is the mass per unit volume    |
 |      and 4/3*pi*r^3 is the average volume  of a    |
 |      particle.                                     |
 |      typical units:  M -> [ug/m^3], d -> [g/cm^3]  |
 |                      r -> [um]                     |
 |      Lidar ratio= 4 pi Qe / phase_fct(180)*Qs      |
 |----------------------------------------------------|
