 |--------|------------|
 | ANGLE  |  PHASE FCT |
 |--------|------------|
     0.00   52.939    
     1.00   52.144    
     2.00   49.870    
     3.00   46.412    
     4.00   42.165    
     5.00   37.532    
     6.00   32.857    
     7.00   28.396    
     8.00   24.309    
     9.00   20.683    
    10.00   17.542    
    11.00   14.875    
    12.00   12.641    
    13.00   10.790    
    14.00   9.2702    
    15.00   8.0281    
    16.00   7.0161    
    17.00   6.1918    
    18.00   5.5192    
    19.00   4.9683    
    20.00   4.5140    
    21.00   4.1362    
    22.00   3.8189    
    23.00   3.5491    
    24.00   3.3168    
    25.00   3.1141    
    26.00   2.9349    
    27.00   2.7746    
    28.00   2.6294    
    29.00   2.4966    
    30.00   2.3741    
    31.00   2.2603    
    32.00   2.1539    
    33.00   2.0540    
    34.00   1.9598    
    35.00   1.8708    
    36.00   1.7865    
    37.00   1.7065    
    38.00   1.6305    
    39.00   1.5583    
    40.00   1.4896    
    41.00   1.4242    
    42.00   1.3621    
    43.00   1.3029    
    44.00   1.2466    
    45.00   1.1931    
    46.00   1.1421    
    47.00   1.0937    
    48.00   1.0476    
    49.00   1.0038    
    50.00  0.96210    
    51.00  0.92248    
    52.00  0.88481    
    53.00  0.84901    
    54.00  0.81497    
    55.00  0.78262    
    56.00  0.75187    
    57.00  0.72263    
    58.00  0.69485    
    59.00  0.66844    
    60.00  0.64334    
    61.00  0.61947    
    62.00  0.59680    
    63.00  0.57523    
    64.00  0.55474    
    65.00  0.53526    
    66.00  0.51674    
    67.00  0.49914    
    68.00  0.48241    
    69.00  0.46651    
    70.00  0.45139    
    71.00  0.43703    
    72.00  0.42338    
    73.00  0.41041    
    74.00  0.39809    
    75.00  0.38638    
    76.00  0.37526    
    77.00  0.36471    
    78.00  0.35469    
    79.00  0.34518    
    80.00  0.33616    
    81.00  0.32761    
    82.00  0.31951    
    83.00  0.31183    
    84.00  0.30456    
    85.00  0.29768    
    86.00  0.29117    
    87.00  0.28503    
    88.00  0.27923    
    89.00  0.27376    
    90.00  0.26861    
    91.00  0.26377    
    92.00  0.25922    
    93.00  0.25495    
    94.00  0.25096    
    95.00  0.24723    
    96.00  0.24376    
    97.00  0.24053    
    98.00  0.23754    
    99.00  0.23478    
   100.00  0.23225    
   101.00  0.22994    
   102.00  0.22783    
   103.00  0.22593    
   104.00  0.22424    
   105.00  0.22274    
   106.00  0.22143    
   107.00  0.22031    
   108.00  0.21938    
   109.00  0.21863    
   110.00  0.21806    
   111.00  0.21767    
   112.00  0.21745    
   113.00  0.21741    
   114.00  0.21755    
   115.00  0.21786    
   116.00  0.21835    
   117.00  0.21901    
   118.00  0.21985    
   119.00  0.22088    
   120.00  0.22208    
   121.00  0.22348    
   122.00  0.22506    
   123.00  0.22685    
   124.00  0.22883    
   125.00  0.23103    
   126.00  0.23344    
   127.00  0.23608    
   128.00  0.23895    
   129.00  0.24207    
   130.00  0.24545    
   131.00  0.24909    
   132.00  0.25302    
   133.00  0.25724    
   134.00  0.26178    
   135.00  0.26665    
   136.00  0.27186    
   137.00  0.27743    
   138.00  0.28339    
   139.00  0.28975    
   140.00  0.29653    
   141.00  0.30375    
   142.00  0.31143    
   143.00  0.31961    
   144.00  0.32830    
   145.00  0.33753    
   146.00  0.34734    
   147.00  0.35775    
   148.00  0.36880    
   149.00  0.38054    
   150.00  0.39300    
   151.00  0.40622    
   152.00  0.42025    
   153.00  0.43510    
   154.00  0.45076    
   155.00  0.46720    
   156.00  0.48428    
   157.00  0.50181    
   158.00  0.51945    
   159.00  0.53669    
   160.00  0.55284    
   161.00  0.56700    
   162.00  0.57808    
   163.00  0.58487    
   164.00  0.58613    
   165.00  0.58075    
   166.00  0.56803    
   167.00  0.54787    
   168.00  0.52110    
   169.00  0.48958    
   170.00  0.45616    
   171.00  0.42453    
   172.00  0.39872    
   173.00  0.38246    
   174.00  0.37838    
   175.00  0.38720    
   176.00  0.40718    
   177.00  0.43388    
   178.00  0.46078    
   179.00  0.48073    
   180.00  0.48810    
 |--------|------------|
0.710000     micron = Wavelength
0.121341     = Extinction efficiency (Q)
0.112624     = Scattering efficiency (Qs)
0.871643E-02 = Absorption efficiency (Qa)
 27.7380     = Lidar ratio
0.747901E-02 micron^2 = <b> = Average surface area per particle
0.907507E-03 microns^2 = Extinction cross section (C)
0.842317E-03 microns^2 = Scattering cross section (Cs)
0.651902E-04 microns^2 = Absorption cross section (Ca)
 |----------------------------------------------------|
 | COMMENTAIRES:                                      |
 |----------------------------------------------------|
 |   -Cross section / <b> should = efficiency         |
 |    is independant of the normalisation of dN/dx    |
 |   -The integral of the phase fct / 4 pi over all   |
 |    directions (solid angle) = 1.                   |
 |   -The volume coefficient (k) is equal to C * N    |
 |      = cross section * Number density              |
 |      typical units: [um^2]*[particles/cm^3] =      |
 |      [10^-3 km-1]                                  |
 |      N = M/(d*4/3*pi*r^3) where d is the density   |
 |      of particle, M is the mass per unit volume    |
 |      and 4/3*pi*r^3 is the average volume  of a    |
 |      particle.                                     |
 |      typical units:  M -> [ug/m^3], d -> [g/cm^3]  |
 |                      r -> [um]                     |
 |      Lidar ratio= 4 pi Qe / phase_fct(180)*Qs      |
 |----------------------------------------------------|
