 |--------|------------|
 | ANGLE  |  PHASE FCT |
 |--------|------------|
     0.00   167.62    
     1.00   155.61    
     2.00   125.25    
     3.00   89.151    
     4.00   58.269    
     5.00   36.844    
     6.00   23.636    
     7.00   15.793    
     8.00   11.160    
     9.00   8.4615    
    10.00   6.8772    
    11.00   5.8920    
    12.00   5.2397    
    13.00   4.7858    
    14.00   4.4479    
    15.00   4.1808    
    16.00   3.9634    
    17.00   3.7778    
    18.00   3.6110    
    19.00   3.4607    
    20.00   3.3270    
    21.00   3.2051    
    22.00   3.0896    
    23.00   2.9800    
    24.00   2.8776    
    25.00   2.7818    
    26.00   2.6903    
    27.00   2.6017    
    28.00   2.5165    
    29.00   2.4357    
    30.00   2.3584    
    31.00   2.2831    
    32.00   2.2098    
    33.00   2.1397    
    34.00   2.0726    
    35.00   2.0072    
    36.00   1.9433    
    37.00   1.8819    
    38.00   1.8229    
    39.00   1.7655    
    40.00   1.7094    
    41.00   1.6553    
    42.00   1.6033    
    43.00   1.5526    
    44.00   1.5031    
    45.00   1.4553    
    46.00   1.4093    
    47.00   1.3644    
    48.00   1.3207    
    49.00   1.2785    
    50.00   1.2378    
    51.00   1.1982    
    52.00   1.1596    
    53.00   1.1223    
    54.00   1.0864    
    55.00   1.0515    
    56.00   1.0175    
    57.00  0.98478    
    58.00  0.95317    
    59.00  0.92251    
    60.00  0.89278    
    61.00  0.86411    
    62.00  0.83647    
    63.00  0.80970    
    64.00  0.78379    
    65.00  0.75885    
    66.00  0.73482    
    67.00  0.71159    
    68.00  0.68917    
    69.00  0.66762    
    70.00  0.64689    
    71.00  0.62690    
    72.00  0.60765    
    73.00  0.58919    
    74.00  0.57148    
    75.00  0.55443    
    76.00  0.53806    
    77.00  0.52242    
    78.00  0.50744    
    79.00  0.49306    
    80.00  0.47932    
    81.00  0.46622    
    82.00  0.45370    
    83.00  0.44174    
    84.00  0.43035    
    85.00  0.41951    
    86.00  0.40919    
    87.00  0.39938    
    88.00  0.39006    
    89.00  0.38121    
    90.00  0.37281    
    91.00  0.36485    
    92.00  0.35731    
    93.00  0.35016    
    94.00  0.34341    
    95.00  0.33703    
    96.00  0.33099    
    97.00  0.32529    
    98.00  0.31993    
    99.00  0.31487    
   100.00  0.31010    
   101.00  0.30563    
   102.00  0.30143    
   103.00  0.29749    
   104.00  0.29381    
   105.00  0.29038    
   106.00  0.28719    
   107.00  0.28422    
   108.00  0.28147    
   109.00  0.27895    
   110.00  0.27662    
   111.00  0.27450    
   112.00  0.27259    
   113.00  0.27086    
   114.00  0.26931    
   115.00  0.26795    
   116.00  0.26677    
   117.00  0.26576    
   118.00  0.26492    
   119.00  0.26425    
   120.00  0.26375    
   121.00  0.26340    
   122.00  0.26323    
   123.00  0.26321    
   124.00  0.26336    
   125.00  0.26368    
   126.00  0.26417    
   127.00  0.26484    
   128.00  0.26570    
   129.00  0.26675    
   130.00  0.26802    
   131.00  0.26951    
   132.00  0.27125    
   133.00  0.27325    
   134.00  0.27555    
   135.00  0.27817    
   136.00  0.28115    
   137.00  0.28451    
   138.00  0.28831    
   139.00  0.29259    
   140.00  0.29736    
   141.00  0.30267    
   142.00  0.30854    
   143.00  0.31498    
   144.00  0.32199    
   145.00  0.32954    
   146.00  0.33760    
   147.00  0.34604    
   148.00  0.35471    
   149.00  0.36350    
   150.00  0.37220    
   151.00  0.38054    
   152.00  0.38825    
   153.00  0.39516    
   154.00  0.40096    
   155.00  0.40543    
   156.00  0.40858    
   157.00  0.41051    
   158.00  0.41129    
   159.00  0.41128    
   160.00  0.41112    
   161.00  0.41131    
   162.00  0.41235    
   163.00  0.41523    
   164.00  0.42067    
   165.00  0.42861    
   166.00  0.43895    
   167.00  0.45154    
   168.00  0.46525    
   169.00  0.47918    
   170.00  0.49439    
   171.00  0.51138    
   172.00  0.52721    
   173.00  0.53752    
   174.00  0.53822    
   175.00  0.52430    
   176.00  0.49703    
   177.00  0.47525    
   178.00  0.48249    
   179.00  0.51337    
   180.00  0.53117    
 |--------|------------|
0.470000     micron = Wavelength
0.306717     = Extinction efficiency (Q)
0.285422     = Scattering efficiency (Qs)
0.212945E-01 = Absorption efficiency (Qa)
 25.4231     = Lidar ratio
0.116498E-01 micron^2 = <b> = Average surface area per particle
0.357318E-02 microns^2 = Extinction cross section (C)
0.332510E-02 microns^2 = Scattering cross section (Cs)
0.248075E-03 microns^2 = Absorption cross section (Ca)
 |----------------------------------------------------|
 | COMMENTAIRES:                                      |
 |----------------------------------------------------|
 |   -Cross section / <b> should = efficiency         |
 |    is independant of the normalisation of dN/dx    |
 |   -The integral of the phase fct / 4 pi over all   |
 |    directions (solid angle) = 1.                   |
 |   -The volume coefficient (k) is equal to C * N    |
 |      = cross section * Number density              |
 |      typical units: [um^2]*[particles/cm^3] =      |
 |      [10^-3 km-1]                                  |
 |      N = M/(d*4/3*pi*r^3) where d is the density   |
 |      of particle, M is the mass per unit volume    |
 |      and 4/3*pi*r^3 is the average volume  of a    |
 |      particle.                                     |
 |      typical units:  M -> [ug/m^3], d -> [g/cm^3]  |
 |                      r -> [um]                     |
 |      Lidar ratio= 4 pi Qe / phase_fct(180)*Qs      |
 |----------------------------------------------------|
