 |--------|------------|
 | ANGLE  |  PHASE FCT |
 |--------|------------|
     0.00   45.538    
     1.00   44.834    
     2.00   42.819    
     3.00   39.758    
     4.00   36.003    
     5.00   31.915    
     6.00   27.799    
     7.00   23.879    
     8.00   20.300    
     9.00   17.135    
    10.00   14.407    
    11.00   12.100    
    12.00   10.181    
    13.00   8.6033    
    14.00   7.3178    
    15.00   6.2777    
    16.00   5.4396    
    17.00   4.7657    
    18.00   4.2240    
    19.00   3.7877    
    20.00   3.4352    
    21.00   3.1486    
    22.00   2.9141    
    23.00   2.7203    
    24.00   2.5585    
    25.00   2.4217    
    26.00   2.3045    
    27.00   2.2026    
    28.00   2.1128    
    29.00   2.0324    
    30.00   1.9595    
    31.00   1.8926    
    32.00   1.8305    
    33.00   1.7724    
    34.00   1.7174    
    35.00   1.6652    
    36.00   1.6154    
    37.00   1.5675    
    38.00   1.5215    
    39.00   1.4771    
    40.00   1.4342    
    41.00   1.3927    
    42.00   1.3525    
    43.00   1.3136    
    44.00   1.2758    
    45.00   1.2392    
    46.00   1.2037    
    47.00   1.1693    
    48.00   1.1358    
    49.00   1.1034    
    50.00   1.0720    
    51.00   1.0415    
    52.00   1.0120    
    53.00  0.98332    
    54.00  0.95557    
    55.00  0.92867    
    56.00  0.90260    
    57.00  0.87738    
    58.00  0.85294    
    59.00  0.82928    
    60.00  0.80639    
    61.00  0.78424    
    62.00  0.76282    
    63.00  0.74212    
    64.00  0.72210    
    65.00  0.70276    
    66.00  0.68408    
    67.00  0.66604    
    68.00  0.64863    
    69.00  0.63184    
    70.00  0.61564    
    71.00  0.60004    
    72.00  0.58500    
    73.00  0.57052    
    74.00  0.55658    
    75.00  0.54317    
    76.00  0.53029    
    77.00  0.51791    
    78.00  0.50603    
    79.00  0.49463    
    80.00  0.48370    
    81.00  0.47324    
    82.00  0.46323    
    83.00  0.45365    
    84.00  0.44451    
    85.00  0.43580    
    86.00  0.42749    
    87.00  0.41958    
    88.00  0.41207    
    89.00  0.40494    
    90.00  0.39818    
    91.00  0.39179    
    92.00  0.38575    
    93.00  0.38006    
    94.00  0.37471    
    95.00  0.36970    
    96.00  0.36500    
    97.00  0.36062    
    98.00  0.35655    
    99.00  0.35277    
   100.00  0.34929    
   101.00  0.34609    
   102.00  0.34317    
   103.00  0.34052    
   104.00  0.33813    
   105.00  0.33600    
   106.00  0.33412    
   107.00  0.33248    
   108.00  0.33107    
   109.00  0.32990    
   110.00  0.32895    
   111.00  0.32822    
   112.00  0.32770    
   113.00  0.32739    
   114.00  0.32728    
   115.00  0.32737    
   116.00  0.32765    
   117.00  0.32813    
   118.00  0.32879    
   119.00  0.32963    
   120.00  0.33066    
   121.00  0.33186    
   122.00  0.33325    
   123.00  0.33480    
   124.00  0.33654    
   125.00  0.33845    
   126.00  0.34054    
   127.00  0.34282    
   128.00  0.34528    
   129.00  0.34793    
   130.00  0.35079    
   131.00  0.35385    
   132.00  0.35714    
   133.00  0.36067    
   134.00  0.36446    
   135.00  0.36854    
   136.00  0.37292    
   137.00  0.37766    
   138.00  0.38279    
   139.00  0.38836    
   140.00  0.39443    
   141.00  0.40108    
   142.00  0.40838    
   143.00  0.41642    
   144.00  0.42529    
   145.00  0.43511    
   146.00  0.44598    
   147.00  0.45802    
   148.00  0.47131    
   149.00  0.48594    
   150.00  0.50195    
   151.00  0.51935    
   152.00  0.53808    
   153.00  0.55800    
   154.00  0.57886    
   155.00  0.60030    
   156.00  0.62185    
   157.00  0.64292    
   158.00  0.66282    
   159.00  0.68088    
   160.00  0.69644    
   161.00  0.70903    
   162.00  0.71846    
   163.00  0.72489    
   164.00  0.72893    
   165.00  0.73158    
   166.00  0.73421    
   167.00  0.73840    
   168.00  0.74589    
   169.00  0.75838    
   170.00  0.77751    
   171.00  0.80474    
   172.00  0.84111    
   173.00  0.88705    
   174.00  0.94190    
   175.00   1.0036    
   176.00   1.0681    
   177.00   1.1296    
   178.00   1.1812    
   179.00   1.2157    
   180.00   1.2278    
 |--------|------------|
0.430000     micron = Wavelength
0.130853     = Extinction efficiency (Q)
0.115094     = Scattering efficiency (Qs)
0.157590E-01 = Absorption efficiency (Qa)
 11.6358     = Lidar ratio
0.302566E-02 micron^2 = <b> = Average surface area per particle
0.395916E-03 microns^2 = Extinction cross section (C)
0.348235E-03 microns^2 = Scattering cross section (Cs)
0.476814E-04 microns^2 = Absorption cross section (Ca)
 |----------------------------------------------------|
 | COMMENTAIRES:                                      |
 |----------------------------------------------------|
 |   -Cross section / <b> should = efficiency         |
 |    is independant of the normalisation of dN/dx    |
 |   -The integral of the phase fct / 4 pi over all   |
 |    directions (solid angle) = 1.                   |
 |   -The volume coefficient (k) is equal to C * N    |
 |      = cross section * Number density              |
 |      typical units: [um^2]*[particles/cm^3] =      |
 |      [10^-3 km-1]                                  |
 |      N = M/(d*4/3*pi*r^3) where d is the density   |
 |      of particle, M is the mass per unit volume    |
 |      and 4/3*pi*r^3 is the average volume  of a    |
 |      particle.                                     |
 |      typical units:  M -> [ug/m^3], d -> [g/cm^3]  |
 |                      r -> [um]                     |
 |      Lidar ratio= 4 pi Qe / phase_fct(180)*Qs      |
 |----------------------------------------------------|
