 |--------|------------|
 | ANGLE  |  PHASE FCT |
 |--------|------------|
     0.00   97.696    
     1.00   94.945    
     2.00   87.341    
     3.00   76.526    
     4.00   64.417    
     5.00   52.586    
     6.00   41.997    
     7.00   33.068    
     8.00   25.851    
     9.00   20.197    
    10.00   15.866    
    11.00   12.598    
    12.00   10.157    
    13.00   8.3434    
    14.00   6.9966    
    15.00   5.9933    
    16.00   5.2403    
    17.00   4.6683    
    18.00   4.2269    
    19.00   3.8792    
    20.00   3.5991    
    21.00   3.3677    
    22.00   3.1715    
    23.00   3.0011    
    24.00   2.8501    
    25.00   2.7137    
    26.00   2.5886    
    27.00   2.4726    
    28.00   2.3641    
    29.00   2.2620    
    30.00   2.1654    
    31.00   2.0736    
    32.00   1.9863    
    33.00   1.9030    
    34.00   1.8235    
    35.00   1.7476    
    36.00   1.6750    
    37.00   1.6056    
    38.00   1.5392    
    39.00   1.4757    
    40.00   1.4149    
    41.00   1.3568    
    42.00   1.3013    
    43.00   1.2482    
    44.00   1.1974    
    45.00   1.1489    
    46.00   1.1025    
    47.00   1.0582    
    48.00   1.0159    
    49.00  0.97544    
    50.00  0.93682    
    51.00  0.89993    
    52.00  0.86469    
    53.00  0.83106    
    54.00  0.79896    
    55.00  0.76831    
    56.00  0.73906    
    57.00  0.71115    
    58.00  0.68452    
    59.00  0.65911    
    60.00  0.63487    
    61.00  0.61175    
    62.00  0.58970    
    63.00  0.56868    
    64.00  0.54863    
    65.00  0.52952    
    66.00  0.51131    
    67.00  0.49395    
    68.00  0.47742    
    69.00  0.46166    
    70.00  0.44667    
    71.00  0.43238    
    72.00  0.41879    
    73.00  0.40585    
    74.00  0.39355    
    75.00  0.38184    
    76.00  0.37071    
    77.00  0.36014    
    78.00  0.35009    
    79.00  0.34055    
    80.00  0.33149    
    81.00  0.32290    
    82.00  0.31474    
    83.00  0.30701    
    84.00  0.29968    
    85.00  0.29274    
    86.00  0.28617    
    87.00  0.27996    
    88.00  0.27409    
    89.00  0.26853    
    90.00  0.26329    
    91.00  0.25835    
    92.00  0.25370    
    93.00  0.24931    
    94.00  0.24519    
    95.00  0.24132    
    96.00  0.23770    
    97.00  0.23431    
    98.00  0.23114    
    99.00  0.22819    
   100.00  0.22545    
   101.00  0.22292    
   102.00  0.22058    
   103.00  0.21844    
   104.00  0.21648    
   105.00  0.21470    
   106.00  0.21311    
   107.00  0.21169    
   108.00  0.21044    
   109.00  0.20937    
   110.00  0.20846    
   111.00  0.20772    
   112.00  0.20715    
   113.00  0.20675    
   114.00  0.20651    
   115.00  0.20644    
   116.00  0.20655    
   117.00  0.20683    
   118.00  0.20729    
   119.00  0.20793    
   120.00  0.20876    
   121.00  0.20978    
   122.00  0.21101    
   123.00  0.21245    
   124.00  0.21411    
   125.00  0.21600    
   126.00  0.21814    
   127.00  0.22055    
   128.00  0.22323    
   129.00  0.22621    
   130.00  0.22950    
   131.00  0.23314    
   132.00  0.23713    
   133.00  0.24151    
   134.00  0.24630    
   135.00  0.25152    
   136.00  0.25721    
   137.00  0.26338    
   138.00  0.27006    
   139.00  0.27728    
   140.00  0.28505    
   141.00  0.29338    
   142.00  0.30228    
   143.00  0.31175    
   144.00  0.32178    
   145.00  0.33235    
   146.00  0.34343    
   147.00  0.35497    
   148.00  0.36694    
   149.00  0.37927    
   150.00  0.39192    
   151.00  0.40484    
   152.00  0.41800    
   153.00  0.43139    
   154.00  0.44505    
   155.00  0.45906    
   156.00  0.47357    
   157.00  0.48874    
   158.00  0.50475    
   159.00  0.52176    
   160.00  0.53980    
   161.00  0.55867    
   162.00  0.57785    
   163.00  0.59640    
   164.00  0.61284    
   165.00  0.62521    
   166.00  0.63122    
   167.00  0.62869    
   168.00  0.61607    
   169.00  0.59306    
   170.00  0.56113    
   171.00  0.52370    
   172.00  0.48582    
   173.00  0.45381    
   174.00  0.43440    
   175.00  0.43331    
   176.00  0.45330    
   177.00  0.49168    
   178.00  0.53836    
   179.00  0.57719    
   180.00  0.59236    
 |--------|------------|
0.710000     micron = Wavelength
0.163142     = Extinction efficiency (Q)
0.150668     = Scattering efficiency (Qs)
0.124737E-01 = Absorption efficiency (Qa)
 22.9705     = Lidar ratio
0.957048E-02 micron^2 = <b> = Average surface area per particle
0.156135E-02 microns^2 = Extinction cross section (C)
0.144197E-02 microns^2 = Scattering cross section (Cs)
0.119379E-03 microns^2 = Absorption cross section (Ca)
 |----------------------------------------------------|
 | COMMENTAIRES:                                      |
 |----------------------------------------------------|
 |   -Cross section / <b> should = efficiency         |
 |    is independant of the normalisation of dN/dx    |
 |   -The integral of the phase fct / 4 pi over all   |
 |    directions (solid angle) = 1.                   |
 |   -The volume coefficient (k) is equal to C * N    |
 |      = cross section * Number density              |
 |      typical units: [um^2]*[particles/cm^3] =      |
 |      [10^-3 km-1]                                  |
 |      N = M/(d*4/3*pi*r^3) where d is the density   |
 |      of particle, M is the mass per unit volume    |
 |      and 4/3*pi*r^3 is the average volume  of a    |
 |      particle.                                     |
 |      typical units:  M -> [ug/m^3], d -> [g/cm^3]  |
 |                      r -> [um]                     |
 |      Lidar ratio= 4 pi Qe / phase_fct(180)*Qs      |
 |----------------------------------------------------|
