 |--------|------------|
 | ANGLE  |  PHASE FCT |
 |--------|------------|
     0.00   53.179    
     1.00   52.355    
     2.00   50.001    
     3.00   46.429    
     4.00   42.056    
     5.00   37.304    
     6.00   32.529    
     7.00   27.993    
     8.00   23.858    
     9.00   20.207    
    10.00   17.062    
    11.00   14.404    
    12.00   12.190    
    13.00   10.367    
    14.00   8.8770    
    15.00   7.6668    
    16.00   6.6865    
    17.00   5.8928    
    18.00   5.2492    
    19.00   4.7252    
    20.00   4.2958    
    21.00   3.9409    
    22.00   3.6445    
    23.00   3.3938    
    24.00   3.1788    
    25.00   2.9920    
    26.00   2.8272    
    27.00   2.6799    
    28.00   2.5467    
    29.00   2.4248    
    30.00   2.3122    
    31.00   2.2074    
    32.00   2.1093    
    33.00   2.0169    
    34.00   1.9295    
    35.00   1.8467    
    36.00   1.7680    
    37.00   1.6931    
    38.00   1.6218    
    39.00   1.5537    
    40.00   1.4888    
    41.00   1.4268    
    42.00   1.3677    
    43.00   1.3113    
    44.00   1.2574    
    45.00   1.2060    
    46.00   1.1570    
    47.00   1.1102    
    48.00   1.0656    
    49.00   1.0231    
    50.00  0.98249    
    51.00  0.94383    
    52.00  0.90697    
    53.00  0.87184    
    54.00  0.83836    
    55.00  0.80646    
    56.00  0.77606    
    57.00  0.74709    
    58.00  0.71949    
    59.00  0.69320    
    60.00  0.66815    
    61.00  0.64429    
    62.00  0.62155    
    63.00  0.59990    
    64.00  0.57927    
    65.00  0.55962    
    66.00  0.54091    
    67.00  0.52309    
    68.00  0.50611    
    69.00  0.48995    
    70.00  0.47456    
    71.00  0.45990    
    72.00  0.44595    
    73.00  0.43267    
    74.00  0.42004    
    75.00  0.40801    
    76.00  0.39657    
    77.00  0.38570    
    78.00  0.37536    
    79.00  0.36553    
    80.00  0.35619    
    81.00  0.34733    
    82.00  0.33891    
    83.00  0.33093    
    84.00  0.32336    
    85.00  0.31619    
    86.00  0.30941    
    87.00  0.30299    
    88.00  0.29692    
    89.00  0.29119    
    90.00  0.28579    
    91.00  0.28070    
    92.00  0.27592    
    93.00  0.27144    
    94.00  0.26723    
    95.00  0.26330    
    96.00  0.25963    
    97.00  0.25622    
    98.00  0.25306    
    99.00  0.25013    
   100.00  0.24744    
   101.00  0.24498    
   102.00  0.24274    
   103.00  0.24072    
   104.00  0.23890    
   105.00  0.23729    
   106.00  0.23588    
   107.00  0.23466    
   108.00  0.23364    
   109.00  0.23281    
   110.00  0.23217    
   111.00  0.23171    
   112.00  0.23143    
   113.00  0.23133    
   114.00  0.23141    
   115.00  0.23167    
   116.00  0.23211    
   117.00  0.23273    
   118.00  0.23354    
   119.00  0.23452    
   120.00  0.23569    
   121.00  0.23705    
   122.00  0.23861    
   123.00  0.24036    
   124.00  0.24231    
   125.00  0.24447    
   126.00  0.24685    
   127.00  0.24946    
   128.00  0.25230    
   129.00  0.25539    
   130.00  0.25874    
   131.00  0.26235    
   132.00  0.26626    
   133.00  0.27046    
   134.00  0.27498    
   135.00  0.27984    
   136.00  0.28506    
   137.00  0.29065    
   138.00  0.29664    
   139.00  0.30306    
   140.00  0.30993    
   141.00  0.31728    
   142.00  0.32513    
   143.00  0.33353    
   144.00  0.34251    
   145.00  0.35210    
   146.00  0.36235    
   147.00  0.37332    
   148.00  0.38504    
   149.00  0.39757    
   150.00  0.41098    
   151.00  0.42531    
   152.00  0.44062    
   153.00  0.45691    
   154.00  0.47420    
   155.00  0.49239    
   156.00  0.51137    
   157.00  0.53086    
   158.00  0.55045    
   159.00  0.56956    
   160.00  0.58740    
   161.00  0.60295    
   162.00  0.61503    
   163.00  0.62235    
   164.00  0.62363    
   165.00  0.61779    
   166.00  0.60421    
   167.00  0.58299    
   168.00  0.55514    
   169.00  0.52271    
   170.00  0.48871    
   171.00  0.45690    
   172.00  0.43129    
   173.00  0.41551    
   174.00  0.41210    
   175.00  0.42173    
   176.00  0.44256    
   177.00  0.47012    
   178.00  0.49778    
   179.00  0.51829    
   180.00  0.52585    
 |--------|------------|
0.640000     micron = Wavelength
0.122253     = Extinction efficiency (Q)
0.112581     = Scattering efficiency (Qs)
0.967197E-02 = Absorption efficiency (Qa)
 25.9501     = Lidar ratio
0.628001E-02 micron^2 = <b> = Average surface area per particle
0.767748E-03 microns^2 = Extinction cross section (C)
0.707008E-03 microns^2 = Scattering cross section (Cs)
0.607401E-04 microns^2 = Absorption cross section (Ca)
 |----------------------------------------------------|
 | COMMENTAIRES:                                      |
 |----------------------------------------------------|
 |   -Cross section / <b> should = efficiency         |
 |    is independant of the normalisation of dN/dx    |
 |   -The integral of the phase fct / 4 pi over all   |
 |    directions (solid angle) = 1.                   |
 |   -The volume coefficient (k) is equal to C * N    |
 |      = cross section * Number density              |
 |      typical units: [um^2]*[particles/cm^3] =      |
 |      [10^-3 km-1]                                  |
 |      N = M/(d*4/3*pi*r^3) where d is the density   |
 |      of particle, M is the mass per unit volume    |
 |      and 4/3*pi*r^3 is the average volume  of a    |
 |      particle.                                     |
 |      typical units:  M -> [ug/m^3], d -> [g/cm^3]  |
 |                      r -> [um]                     |
 |      Lidar ratio= 4 pi Qe / phase_fct(180)*Qs      |
 |----------------------------------------------------|
