 |--------|------------|
 | ANGLE  |  PHASE FCT |
 |--------|------------|
     0.00   47.881    
     1.00   47.189    
     2.00   45.204    
     3.00   42.174    
     4.00   38.434    
     5.00   34.329    
     6.00   30.159    
     7.00   26.150    
     8.00   22.453    
     9.00   19.150    
    10.00   16.271    
    11.00   13.810    
    12.00   11.739    
    13.00   10.016    
    14.00   8.5946    
    15.00   7.4301    
    16.00   6.4796    
    17.00   5.7054    
    18.00   5.0746    
    19.00   4.5597    
    20.00   4.1374    
    21.00   3.7890    
    22.00   3.4992    
    23.00   3.2556    
    24.00   3.0484    
    25.00   2.8699    
    26.00   2.7140    
    27.00   2.5761    
    28.00   2.4524    
    29.00   2.3402    
    30.00   2.2373    
    31.00   2.1420    
    32.00   2.0530    
    33.00   1.9695    
    34.00   1.8906    
    35.00   1.8158    
    36.00   1.7447    
    37.00   1.6769    
    38.00   1.6121    
    39.00   1.5501    
    40.00   1.4908    
    41.00   1.4340    
    42.00   1.3796    
    43.00   1.3274    
    44.00   1.2774    
    45.00   1.2295    
    46.00   1.1836    
    47.00   1.1396    
    48.00   1.0975    
    49.00   1.0571    
    50.00   1.0185    
    51.00  0.98145    
    52.00  0.94601    
    53.00  0.91208    
    54.00  0.87962    
    55.00  0.84854    
    56.00  0.81881    
    57.00  0.79037    
    58.00  0.76315    
    59.00  0.73713    
    60.00  0.71224    
    61.00  0.68842    
    62.00  0.66566    
    63.00  0.64389    
    64.00  0.62308    
    65.00  0.60319    
    66.00  0.58417    
    67.00  0.56600    
    68.00  0.54863    
    69.00  0.53204    
    70.00  0.51618    
    71.00  0.50105    
    72.00  0.48659    
    73.00  0.47278    
    74.00  0.45961    
    75.00  0.44703    
    76.00  0.43504    
    77.00  0.42360    
    78.00  0.41269    
    79.00  0.40230    
    80.00  0.39241    
    81.00  0.38298    
    82.00  0.37402    
    83.00  0.36550    
    84.00  0.35740    
    85.00  0.34971    
    86.00  0.34241    
    87.00  0.33550    
    88.00  0.32896    
    89.00  0.32277    
    90.00  0.31692    
    91.00  0.31141    
    92.00  0.30622    
    93.00  0.30133    
    94.00  0.29675    
    95.00  0.29247    
    96.00  0.28846    
    97.00  0.28473    
    98.00  0.28127    
    99.00  0.27806    
   100.00  0.27511    
   101.00  0.27240    
   102.00  0.26993    
   103.00  0.26770    
   104.00  0.26569    
   105.00  0.26390    
   106.00  0.26233    
   107.00  0.26096    
   108.00  0.25981    
   109.00  0.25886    
   110.00  0.25810    
   111.00  0.25755    
   112.00  0.25718    
   113.00  0.25701    
   114.00  0.25702    
   115.00  0.25722    
   116.00  0.25760    
   117.00  0.25817    
   118.00  0.25893    
   119.00  0.25987    
   120.00  0.26100    
   121.00  0.26231    
   122.00  0.26382    
   123.00  0.26552    
   124.00  0.26743    
   125.00  0.26953    
   126.00  0.27185    
   127.00  0.27439    
   128.00  0.27716    
   129.00  0.28016    
   130.00  0.28342    
   131.00  0.28694    
   132.00  0.29074    
   133.00  0.29484    
   134.00  0.29925    
   135.00  0.30400    
   136.00  0.30912    
   137.00  0.31463    
   138.00  0.32057    
   139.00  0.32696    
   140.00  0.33386    
   141.00  0.34130    
   142.00  0.34934    
   143.00  0.35804    
   144.00  0.36745    
   145.00  0.37765    
   146.00  0.38872    
   147.00  0.40073    
   148.00  0.41377    
   149.00  0.42794    
   150.00  0.44330    
   151.00  0.45992    
   152.00  0.47784    
   153.00  0.49704    
   154.00  0.51744    
   155.00  0.53888    
   156.00  0.56105    
   157.00  0.58350    
   158.00  0.60562    
   159.00  0.62660    
   160.00  0.64543    
   161.00  0.66096    
   162.00  0.67198    
   163.00  0.67731    
   164.00  0.67600    
   165.00  0.66747    
   166.00  0.65179    
   167.00  0.62975    
   168.00  0.60304    
   169.00  0.57408    
   170.00  0.54593    
   171.00  0.52199    
   172.00  0.50553    
   173.00  0.49928    
   174.00  0.50474    
   175.00  0.52170    
   176.00  0.54780    
   177.00  0.57848    
   178.00  0.60753    
   179.00  0.62839    
   180.00  0.63598    
 |--------|------------|
0.470000     micron = Wavelength
0.118960     = Extinction efficiency (Q)
0.108810     = Scattering efficiency (Qs)
0.101502E-01 = Absorption efficiency (Qa)
 21.6024     = Lidar ratio
0.336363E-02 micron^2 = <b> = Average surface area per particle
0.400137E-03 microns^2 = Extinction cross section (C)
0.365996E-03 microns^2 = Scattering cross section (Cs)
0.341416E-04 microns^2 = Absorption cross section (Ca)
 |----------------------------------------------------|
 | COMMENTAIRES:                                      |
 |----------------------------------------------------|
 |   -Cross section / <b> should = efficiency         |
 |    is independant of the normalisation of dN/dx    |
 |   -The integral of the phase fct / 4 pi over all   |
 |    directions (solid angle) = 1.                   |
 |   -The volume coefficient (k) is equal to C * N    |
 |      = cross section * Number density              |
 |      typical units: [um^2]*[particles/cm^3] =      |
 |      [10^-3 km-1]                                  |
 |      N = M/(d*4/3*pi*r^3) where d is the density   |
 |      of particle, M is the mass per unit volume    |
 |      and 4/3*pi*r^3 is the average volume  of a    |
 |      particle.                                     |
 |      typical units:  M -> [ug/m^3], d -> [g/cm^3]  |
 |                      r -> [um]                     |
 |      Lidar ratio= 4 pi Qe / phase_fct(180)*Qs      |
 |----------------------------------------------------|
