 |--------|------------|
 | ANGLE  |  PHASE FCT |
 |--------|------------|
     0.00   130.24    
     1.00   125.45    
     2.00   112.49    
     3.00   94.784    
     4.00   76.042    
     5.00   58.922    
     6.00   44.663    
     7.00   33.471    
     8.00   25.035    
     9.00   18.857    
    10.00   14.418    
    11.00   11.260    
    12.00   9.0214    
    13.00   7.4306    
    14.00   6.2906    
    15.00   5.4619    
    16.00   4.8481    
    17.00   4.3823    
    18.00   4.0183    
    19.00   3.7253    
    20.00   3.4827    
    21.00   3.2760    
    22.00   3.0953    
    23.00   2.9340    
    24.00   2.7879    
    25.00   2.6540    
    26.00   2.5299    
    27.00   2.4141    
    28.00   2.3054    
    29.00   2.2031    
    30.00   2.1066    
    31.00   2.0152    
    32.00   1.9284    
    33.00   1.8460    
    34.00   1.7677    
    35.00   1.6932    
    36.00   1.6221    
    37.00   1.5543    
    38.00   1.4897    
    39.00   1.4281    
    40.00   1.3692    
    41.00   1.3130    
    42.00   1.2593    
    43.00   1.2081    
    44.00   1.1591    
    45.00   1.1123    
    46.00   1.0676    
    47.00   1.0249    
    48.00  0.98404    
    49.00  0.94503    
    50.00  0.90778    
    51.00  0.87217    
    52.00  0.83814    
    53.00  0.80563    
    54.00  0.77459    
    55.00  0.74493    
    56.00  0.71659    
    57.00  0.68952    
    58.00  0.66368    
    59.00  0.63901    
    60.00  0.61544    
    61.00  0.59294    
    62.00  0.57148    
    63.00  0.55099    
    64.00  0.53143    
    65.00  0.51277    
    66.00  0.49499    
    67.00  0.47802    
    68.00  0.46185    
    69.00  0.44643    
    70.00  0.43175    
    71.00  0.41776    
    72.00  0.40443    
    73.00  0.39176    
    74.00  0.37970    
    75.00  0.36822    
    76.00  0.35731    
    77.00  0.34695    
    78.00  0.33711    
    79.00  0.32776    
    80.00  0.31889    
    81.00  0.31048    
    82.00  0.30250    
    83.00  0.29495    
    84.00  0.28779    
    85.00  0.28102    
    86.00  0.27461    
    87.00  0.26855    
    88.00  0.26282    
    89.00  0.25742    
    90.00  0.25231    
    91.00  0.24750    
    92.00  0.24296    
    93.00  0.23869    
    94.00  0.23467    
    95.00  0.23089    
    96.00  0.22734    
    97.00  0.22401    
    98.00  0.22090    
    99.00  0.21799    
   100.00  0.21527    
   101.00  0.21275    
   102.00  0.21040    
   103.00  0.20824    
   104.00  0.20625    
   105.00  0.20442    
   106.00  0.20276    
   107.00  0.20126    
   108.00  0.19992    
   109.00  0.19873    
   110.00  0.19770    
   111.00  0.19683    
   112.00  0.19611    
   113.00  0.19554    
   114.00  0.19512    
   115.00  0.19487    
   116.00  0.19477    
   117.00  0.19483    
   118.00  0.19506    
   119.00  0.19547    
   120.00  0.19605    
   121.00  0.19682    
   122.00  0.19779    
   123.00  0.19896    
   124.00  0.20035    
   125.00  0.20197    
   126.00  0.20383    
   127.00  0.20597    
   128.00  0.20838    
   129.00  0.21111    
   130.00  0.21416    
   131.00  0.21757    
   132.00  0.22137    
   133.00  0.22558    
   134.00  0.23024    
   135.00  0.23538    
   136.00  0.24104    
   137.00  0.24724    
   138.00  0.25402    
   139.00  0.26141    
   140.00  0.26943    
   141.00  0.27809    
   142.00  0.28740    
   143.00  0.29734    
   144.00  0.30789    
   145.00  0.31901    
   146.00  0.33065    
   147.00  0.34270    
   148.00  0.35507    
   149.00  0.36763    
   150.00  0.38025    
   151.00  0.39276    
   152.00  0.40505    
   153.00  0.41700    
   154.00  0.42854    
   155.00  0.43970    
   156.00  0.45058    
   157.00  0.46144    
   158.00  0.47260    
   159.00  0.48452    
   160.00  0.49766    
   161.00  0.51242    
   162.00  0.52896    
   163.00  0.54711    
   164.00  0.56610    
   165.00  0.58439    
   166.00  0.59976    
   167.00  0.60956    
   168.00  0.61118    
   169.00  0.60291    
   170.00  0.58465    
   171.00  0.55813    
   172.00  0.52675    
   173.00  0.49566    
   174.00  0.47164    
   175.00  0.46236    
   176.00  0.47463    
   177.00  0.51069    
   178.00  0.56255    
   179.00  0.60995    
   180.00  0.62931    
 |--------|------------|
0.740000     micron = Wavelength
0.190045     = Extinction efficiency (Q)
0.174884     = Scattering efficiency (Qs)
0.151610E-01 = Absorption efficiency (Qa)
 21.6994     = Lidar ratio
0.116615E-01 micron^2 = <b> = Average surface area per particle
0.221620E-02 microns^2 = Extinction cross section (C)
0.203940E-02 microns^2 = Scattering cross section (Cs)
0.176800E-03 microns^2 = Absorption cross section (Ca)
 |----------------------------------------------------|
 | COMMENTAIRES:                                      |
 |----------------------------------------------------|
 |   -Cross section / <b> should = efficiency         |
 |    is independant of the normalisation of dN/dx    |
 |   -The integral of the phase fct / 4 pi over all   |
 |    directions (solid angle) = 1.                   |
 |   -The volume coefficient (k) is equal to C * N    |
 |      = cross section * Number density              |
 |      typical units: [um^2]*[particles/cm^3] =      |
 |      [10^-3 km-1]                                  |
 |      N = M/(d*4/3*pi*r^3) where d is the density   |
 |      of particle, M is the mass per unit volume    |
 |      and 4/3*pi*r^3 is the average volume  of a    |
 |      particle.                                     |
 |      typical units:  M -> [ug/m^3], d -> [g/cm^3]  |
 |                      r -> [um]                     |
 |      Lidar ratio= 4 pi Qe / phase_fct(180)*Qs      |
 |----------------------------------------------------|
