 |--------|------------|
 | ANGLE  |  PHASE FCT |
 |--------|------------|
     0.00   71.072    
     1.00   68.417    
     2.00   61.250    
     3.00   51.515    
     4.00   41.303    
     5.00   32.075    
     6.00   24.475    
     7.00   18.575    
     8.00   14.175    
     9.00   10.984    
    10.00   8.7099    
    11.00   7.1031    
    12.00   5.9692    
    13.00   5.1649    
    14.00   4.5875    
    15.00   4.1650    
    16.00   3.8481    
    17.00   3.6036    
    18.00   3.4087    
    19.00   3.2483    
    20.00   3.1122    
    21.00   2.9932    
    22.00   2.8866    
    23.00   2.7894    
    24.00   2.6995    
    25.00   2.6153    
    26.00   2.5356    
    27.00   2.4597    
    28.00   2.3873    
    29.00   2.3179    
    30.00   2.2511    
    31.00   2.1866    
    32.00   2.1243    
    33.00   2.0640    
    34.00   2.0056    
    35.00   1.9489    
    36.00   1.8939    
    37.00   1.8404    
    38.00   1.7885    
    39.00   1.7379    
    40.00   1.6887    
    41.00   1.6409    
    42.00   1.5943    
    43.00   1.5490    
    44.00   1.5048    
    45.00   1.4619    
    46.00   1.4200    
    47.00   1.3793    
    48.00   1.3397    
    49.00   1.3011    
    50.00   1.2636    
    51.00   1.2271    
    52.00   1.1917    
    53.00   1.1572    
    54.00   1.1237    
    55.00   1.0911    
    56.00   1.0595    
    57.00   1.0288    
    58.00  0.99898    
    59.00  0.97008    
    60.00  0.94205    
    61.00  0.91489    
    62.00  0.88857    
    63.00  0.86309    
    64.00  0.83842    
    65.00  0.81456    
    66.00  0.79149    
    67.00  0.76919    
    68.00  0.74765    
    69.00  0.72687    
    70.00  0.70681    
    71.00  0.68747    
    72.00  0.66884    
    73.00  0.65090    
    74.00  0.63364    
    75.00  0.61703    
    76.00  0.60108    
    77.00  0.58576    
    78.00  0.57106    
    79.00  0.55696    
    80.00  0.54345    
    81.00  0.53052    
    82.00  0.51814    
    83.00  0.50631    
    84.00  0.49502    
    85.00  0.48424    
    86.00  0.47396    
    87.00  0.46417    
    88.00  0.45486    
    89.00  0.44601    
    90.00  0.43760    
    91.00  0.42963    
    92.00  0.42208    
    93.00  0.41494    
    94.00  0.40820    
    95.00  0.40184    
    96.00  0.39585    
    97.00  0.39023    
    98.00  0.38495    
    99.00  0.38002    
   100.00  0.37541    
   101.00  0.37112    
   102.00  0.36714    
   103.00  0.36346    
   104.00  0.36007    
   105.00  0.35697    
   106.00  0.35413    
   107.00  0.35156    
   108.00  0.34925    
   109.00  0.34718    
   110.00  0.34536    
   111.00  0.34377    
   112.00  0.34241    
   113.00  0.34128    
   114.00  0.34035    
   115.00  0.33964    
   116.00  0.33913    
   117.00  0.33882    
   118.00  0.33871    
   119.00  0.33879    
   120.00  0.33905    
   121.00  0.33951    
   122.00  0.34015    
   123.00  0.34097    
   124.00  0.34197    
   125.00  0.34317    
   126.00  0.34454    
   127.00  0.34611    
   128.00  0.34788    
   129.00  0.34984    
   130.00  0.35202    
   131.00  0.35441    
   132.00  0.35702    
   133.00  0.35988    
   134.00  0.36299    
   135.00  0.36637    
   136.00  0.37003    
   137.00  0.37400    
   138.00  0.37828    
   139.00  0.38291    
   140.00  0.38788    
   141.00  0.39323    
   142.00  0.39896    
   143.00  0.40508    
   144.00  0.41160    
   145.00  0.41850    
   146.00  0.42577    
   147.00  0.43339    
   148.00  0.44132    
   149.00  0.44952    
   150.00  0.45793    
   151.00  0.46650    
   152.00  0.47514    
   153.00  0.48381    
   154.00  0.49246    
   155.00  0.50108    
   156.00  0.50969    
   157.00  0.51836    
   158.00  0.52720    
   159.00  0.53635    
   160.00  0.54595    
   161.00  0.55609    
   162.00  0.56675    
   163.00  0.57769    
   164.00  0.58841    
   165.00  0.59806    
   166.00  0.60557    
   167.00  0.60980    
   168.00  0.60980    
   169.00  0.60510    
   170.00  0.59588    
   171.00  0.58282    
   172.00  0.56703    
   173.00  0.55038    
   174.00  0.53584    
   175.00  0.52738    
   176.00  0.52921    
   177.00  0.54372    
   178.00  0.56781    
   179.00  0.59115    
   180.00  0.60091    
 |--------|------------|
0.436000     micron = Wavelength
0.205225     = Extinction efficiency (Q)
0.191805     = Scattering efficiency (Qs)
0.134197E-01 = Absorption efficiency (Qa)
 22.3753     = Lidar ratio
0.747885E-02 micron^2 = <b> = Average surface area per particle
0.153485E-02 microns^2 = Extinction cross section (C)
0.143448E-02 microns^2 = Scattering cross section (Cs)
0.100364E-03 microns^2 = Absorption cross section (Ca)
 |----------------------------------------------------|
 | COMMENTAIRES:                                      |
 |----------------------------------------------------|
 |   -Cross section / <b> should = efficiency         |
 |    is independant of the normalisation of dN/dx    |
 |   -The integral of the phase fct / 4 pi over all   |
 |    directions (solid angle) = 1.                   |
 |   -The volume coefficient (k) is equal to C * N    |
 |      = cross section * Number density              |
 |      typical units: [um^2]*[particles/cm^3] =      |
 |      [10^-3 km-1]                                  |
 |      N = M/(d*4/3*pi*r^3) where d is the density   |
 |      of particle, M is the mass per unit volume    |
 |      and 4/3*pi*r^3 is the average volume  of a    |
 |      particle.                                     |
 |      typical units:  M -> [ug/m^3], d -> [g/cm^3]  |
 |                      r -> [um]                     |
 |      Lidar ratio= 4 pi Qe / phase_fct(180)*Qs      |
 |----------------------------------------------------|
