 |--------|------------|
 | ANGLE  |  PHASE FCT |
 |--------|------------|
     0.00   67.777    
     1.00   65.049    
     2.00   57.738    
     3.00   47.942    
     4.00   37.867    
     5.00   28.979    
     6.00   21.844    
     7.00   16.442    
     8.00   12.508    
     9.00   9.7176    
    10.00   7.7700    
    11.00   6.4178    
    12.00   5.4771    
    13.00   4.8170    
    14.00   4.3453    
    15.00   3.9995    
    16.00   3.7382    
    17.00   3.5341    
    18.00   3.3690    
    19.00   3.2307    
    20.00   3.1112    
    21.00   3.0050    
    22.00   2.9086    
    23.00   2.8197    
    24.00   2.7367    
    25.00   2.6581    
    26.00   2.5832    
    27.00   2.5117    
    28.00   2.4430    
    29.00   2.3767    
    30.00   2.3126    
    31.00   2.2505    
    32.00   2.1903    
    33.00   2.1318    
    34.00   2.0748    
    35.00   2.0193    
    36.00   1.9652    
    37.00   1.9125    
    38.00   1.8610    
    39.00   1.8108    
    40.00   1.7617    
    41.00   1.7139    
    42.00   1.6671    
    43.00   1.6214    
    44.00   1.5767    
    45.00   1.5332    
    46.00   1.4906    
    47.00   1.4490    
    48.00   1.4085    
    49.00   1.3689    
    50.00   1.3303    
    51.00   1.2927    
    52.00   1.2560    
    53.00   1.2202    
    54.00   1.1854    
    55.00   1.1514    
    56.00   1.1184    
    57.00   1.0863    
    58.00   1.0551    
    59.00   1.0247    
    60.00  0.99521    
    61.00  0.96658    
    62.00  0.93878    
    63.00  0.91182    
    64.00  0.88569    
    65.00  0.86037    
    66.00  0.83585    
    67.00  0.81211    
    68.00  0.78916    
    69.00  0.76697    
    70.00  0.74554    
    71.00  0.72484    
    72.00  0.70489    
    73.00  0.68564    
    74.00  0.66710    
    75.00  0.64924    
    76.00  0.63207    
    77.00  0.61555    
    78.00  0.59968    
    79.00  0.58444    
    80.00  0.56983    
    81.00  0.55581    
    82.00  0.54239    
    83.00  0.52954    
    84.00  0.51725    
    85.00  0.50550    
    86.00  0.49429    
    87.00  0.48359    
    88.00  0.47339    
    89.00  0.46369    
    90.00  0.45445    
    91.00  0.44568    
    92.00  0.43736    
    93.00  0.42947    
    94.00  0.42200    
    95.00  0.41495    
    96.00  0.40829    
    97.00  0.40202    
    98.00  0.39612    
    99.00  0.39058    
   100.00  0.38540    
   101.00  0.38055    
   102.00  0.37604    
   103.00  0.37185    
   104.00  0.36797    
   105.00  0.36439    
   106.00  0.36110    
   107.00  0.35809    
   108.00  0.35536    
   109.00  0.35289    
   110.00  0.35067    
   111.00  0.34871    
   112.00  0.34698    
   113.00  0.34549    
   114.00  0.34422    
   115.00  0.34317    
   116.00  0.34233    
   117.00  0.34170    
   118.00  0.34126    
   119.00  0.34102    
   120.00  0.34097    
   121.00  0.34111    
   122.00  0.34142    
   123.00  0.34192    
   124.00  0.34259    
   125.00  0.34344    
   126.00  0.34446    
   127.00  0.34566    
   128.00  0.34703    
   129.00  0.34859    
   130.00  0.35033    
   131.00  0.35226    
   132.00  0.35439    
   133.00  0.35673    
   134.00  0.35928    
   135.00  0.36207    
   136.00  0.36510    
   137.00  0.36839    
   138.00  0.37196    
   139.00  0.37583    
   140.00  0.38000    
   141.00  0.38452    
   142.00  0.38938    
   143.00  0.39461    
   144.00  0.40021    
   145.00  0.40620    
   146.00  0.41256    
   147.00  0.41930    
   148.00  0.42639    
   149.00  0.43382    
   150.00  0.44153    
   151.00  0.44949    
   152.00  0.45765    
   153.00  0.46595    
   154.00  0.47435    
   155.00  0.48281    
   156.00  0.49134    
   157.00  0.49996    
   158.00  0.50872    
   159.00  0.51769    
   160.00  0.52697    
   161.00  0.53657    
   162.00  0.54644    
   163.00  0.55635    
   164.00  0.56586    
   165.00  0.57428    
   166.00  0.58079    
   167.00  0.58468    
   168.00  0.58540    
   169.00  0.58277    
   170.00  0.57688    
   171.00  0.56788    
   172.00  0.55589    
   173.00  0.54170    
   174.00  0.52734    
   175.00  0.51630    
   176.00  0.51310    
   177.00  0.52136    
   178.00  0.53975    
   179.00  0.55931    
   180.00  0.56778    
 |--------|------------|
0.380000     micron = Wavelength
0.232439     = Extinction efficiency (Q)
0.217129     = Scattering efficiency (Qs)
0.153092E-01 = Absorption efficiency (Qa)
 23.6930     = Lidar ratio
0.627987E-02 micron^2 = <b> = Average surface area per particle
0.145968E-02 microns^2 = Extinction cross section (C)
0.136354E-02 microns^2 = Scattering cross section (Cs)
0.961398E-04 microns^2 = Absorption cross section (Ca)
 |----------------------------------------------------|
 | COMMENTAIRES:                                      |
 |----------------------------------------------------|
 |   -Cross section / <b> should = efficiency         |
 |    is independant of the normalisation of dN/dx    |
 |   -The integral of the phase fct / 4 pi over all   |
 |    directions (solid angle) = 1.                   |
 |   -The volume coefficient (k) is equal to C * N    |
 |      = cross section * Number density              |
 |      typical units: [um^2]*[particles/cm^3] =      |
 |      [10^-3 km-1]                                  |
 |      N = M/(d*4/3*pi*r^3) where d is the density   |
 |      of particle, M is the mass per unit volume    |
 |      and 4/3*pi*r^3 is the average volume  of a    |
 |      particle.                                     |
 |      typical units:  M -> [ug/m^3], d -> [g/cm^3]  |
 |                      r -> [um]                     |
 |      Lidar ratio= 4 pi Qe / phase_fct(180)*Qs      |
 |----------------------------------------------------|
