 |--------|------------|
 | ANGLE  |  PHASE FCT |
 |--------|------------|
     0.00   41.481    
     1.00   40.963    
     2.00   39.467    
     3.00   37.156    
     4.00   34.255    
     5.00   31.005    
     6.00   27.630    
     7.00   24.307    
     8.00   21.166    
     9.00   18.291    
    10.00   15.723    
    11.00   13.476    
    12.00   11.541    
    13.00   9.8962    
    14.00   8.5120    
    15.00   7.3564    
    16.00   6.3973    
    17.00   5.6046    
    18.00   4.9509    
    19.00   4.4124    
    20.00   3.9683    
    21.00   3.6014    
    22.00   3.2972    
    23.00   3.0436    
    24.00   2.8308    
    25.00   2.6507    
    26.00   2.4970    
    27.00   2.3644    
    28.00   2.2486    
    29.00   2.1463    
    30.00   2.0549    
    31.00   1.9722    
    32.00   1.8967    
    33.00   1.8269    
    34.00   1.7619    
    35.00   1.7009    
    36.00   1.6433    
    37.00   1.5886    
    38.00   1.5364    
    39.00   1.4865    
    40.00   1.4385    
    41.00   1.3924    
    42.00   1.3480    
    43.00   1.3052    
    44.00   1.2639    
    45.00   1.2240    
    46.00   1.1855    
    47.00   1.1483    
    48.00   1.1123    
    49.00   1.0776    
    50.00   1.0440    
    51.00   1.0116    
    52.00  0.98022    
    53.00  0.94996    
    54.00  0.92073    
    55.00  0.89252    
    56.00  0.86529    
    57.00  0.83901    
    58.00  0.81366    
    59.00  0.78921    
    60.00  0.76562    
    61.00  0.74288    
    62.00  0.72097    
    63.00  0.69984    
    64.00  0.67950    
    65.00  0.65990    
    66.00  0.64104    
    67.00  0.62287    
    68.00  0.60540    
    69.00  0.58858    
    70.00  0.57241    
    71.00  0.55687    
    72.00  0.54193    
    73.00  0.52758    
    74.00  0.51380    
    75.00  0.50057    
    76.00  0.48788    
    77.00  0.47572    
    78.00  0.46406    
    79.00  0.45289    
    80.00  0.44221    
    81.00  0.43198    
    82.00  0.42221    
    83.00  0.41288    
    84.00  0.40397    
    85.00  0.39548    
    86.00  0.38739    
    87.00  0.37970    
    88.00  0.37238    
    89.00  0.36544    
    90.00  0.35886    
    91.00  0.35262    
    92.00  0.34673    
    93.00  0.34117    
    94.00  0.33594    
    95.00  0.33102    
    96.00  0.32640    
    97.00  0.32208    
    98.00  0.31805    
    99.00  0.31431    
   100.00  0.31083    
   101.00  0.30763    
   102.00  0.30468    
   103.00  0.30199    
   104.00  0.29955    
   105.00  0.29735    
   106.00  0.29538    
   107.00  0.29364    
   108.00  0.29212    
   109.00  0.29082    
   110.00  0.28973    
   111.00  0.28885    
   112.00  0.28818    
   113.00  0.28771    
   114.00  0.28743    
   115.00  0.28734    
   116.00  0.28745    
   117.00  0.28775    
   118.00  0.28823    
   119.00  0.28889    
   120.00  0.28974    
   121.00  0.29078    
   122.00  0.29200    
   123.00  0.29341    
   124.00  0.29501    
   125.00  0.29681    
   126.00  0.29880    
   127.00  0.30100    
   128.00  0.30342    
   129.00  0.30607    
   130.00  0.30896    
   131.00  0.31210    
   132.00  0.31553    
   133.00  0.31925    
   134.00  0.32331    
   135.00  0.32773    
   136.00  0.33256    
   137.00  0.33783    
   138.00  0.34362    
   139.00  0.34996    
   140.00  0.35695    
   141.00  0.36464    
   142.00  0.37314    
   143.00  0.38252    
   144.00  0.39289    
   145.00  0.40433    
   146.00  0.41693    
   147.00  0.43076    
   148.00  0.44589    
   149.00  0.46232    
   150.00  0.48002    
   151.00  0.49892    
   152.00  0.51884    
   153.00  0.53953    
   154.00  0.56064    
   155.00  0.58172    
   156.00  0.60222    
   157.00  0.62151    
   158.00  0.63896    
   159.00  0.65393    
   160.00  0.66593    
   161.00  0.67470    
   162.00  0.68028    
   163.00  0.68310    
   164.00  0.68404    
   165.00  0.68441    
   166.00  0.68587    
   167.00  0.69033    
   168.00  0.69979    
   169.00  0.71617    
   170.00  0.74115    
   171.00  0.77596    
   172.00  0.82116    
   173.00  0.87635    
   174.00  0.93987    
   175.00   1.0086    
   176.00   1.0780    
   177.00   1.1421    
   178.00   1.1943    
   179.00   1.2285    
   180.00   1.2405    
 |--------|------------|
0.480000     micron = Wavelength
0.119178     = Extinction efficiency (Q)
0.105041     = Scattering efficiency (Qs)
0.141374E-01 = Absorption efficiency (Qa)
 11.4934     = Lidar ratio
0.302566E-02 micron^2 = <b> = Average surface area per particle
0.360592E-03 microns^2 = Extinction cross section (C)
0.317818E-03 microns^2 = Scattering cross section (Cs)
0.427748E-04 microns^2 = Absorption cross section (Ca)
 |----------------------------------------------------|
 | COMMENTAIRES:                                      |
 |----------------------------------------------------|
 |   -Cross section / <b> should = efficiency         |
 |    is independant of the normalisation of dN/dx    |
 |   -The integral of the phase fct / 4 pi over all   |
 |    directions (solid angle) = 1.                   |
 |   -The volume coefficient (k) is equal to C * N    |
 |      = cross section * Number density              |
 |      typical units: [um^2]*[particles/cm^3] =      |
 |      [10^-3 km-1]                                  |
 |      N = M/(d*4/3*pi*r^3) where d is the density   |
 |      of particle, M is the mass per unit volume    |
 |      and 4/3*pi*r^3 is the average volume  of a    |
 |      particle.                                     |
 |      typical units:  M -> [ug/m^3], d -> [g/cm^3]  |
 |                      r -> [um]                     |
 |      Lidar ratio= 4 pi Qe / phase_fct(180)*Qs      |
 |----------------------------------------------------|
