 |--------|------------|
 | ANGLE  |  PHASE FCT |
 |--------|------------|
     0.00   37.235    
     1.00   36.854    
     2.00   35.746    
     3.00   34.013    
     4.00   31.799    
     5.00   29.265    
     6.00   26.565    
     7.00   23.837    
     8.00   21.186    
     9.00   18.689    
    10.00   16.393    
    11.00   14.324    
    12.00   12.490    
    13.00   10.885    
    14.00   9.4965    
    15.00   8.3044    
    16.00   7.2880    
    17.00   6.4260    
    18.00   5.6973    
    19.00   5.0828    
    20.00   4.5650    
    21.00   4.1286    
    22.00   3.7601    
    23.00   3.4482    
    24.00   3.1831    
    25.00   2.9567    
    26.00   2.7620    
    27.00   2.5935    
    28.00   2.4464    
    29.00   2.3168    
    30.00   2.2016    
    31.00   2.0983    
    32.00   2.0048    
    33.00   1.9194    
    34.00   1.8407    
    35.00   1.7677    
    36.00   1.6996    
    37.00   1.6355    
    38.00   1.5751    
    39.00   1.5177    
    40.00   1.4632    
    41.00   1.4112    
    42.00   1.3615    
    43.00   1.3139    
    44.00   1.2682    
    45.00   1.2244    
    46.00   1.1822    
    47.00   1.1417    
    48.00   1.1028    
    49.00   1.0653    
    50.00   1.0293    
    51.00  0.99458    
    52.00  0.96120    
    53.00  0.92909    
    54.00  0.89818    
    55.00  0.86846    
    56.00  0.83987    
    57.00  0.81236    
    58.00  0.78592    
    59.00  0.76049    
    60.00  0.73605    
    61.00  0.71256    
    62.00  0.68998    
    63.00  0.66828    
    64.00  0.64744    
    65.00  0.62743    
    66.00  0.60821    
    67.00  0.58976    
    68.00  0.57204    
    69.00  0.55505    
    70.00  0.53874    
    71.00  0.52310    
    72.00  0.50811    
    73.00  0.49373    
    74.00  0.47995    
    75.00  0.46675    
    76.00  0.45411    
    77.00  0.44201    
    78.00  0.43044    
    79.00  0.41936    
    80.00  0.40877    
    81.00  0.39866    
    82.00  0.38900    
    83.00  0.37978    
    84.00  0.37099    
    85.00  0.36261    
    86.00  0.35463    
    87.00  0.34703    
    88.00  0.33982    
    89.00  0.33296    
    90.00  0.32646    
    91.00  0.32029    
    92.00  0.31446    
    93.00  0.30895    
    94.00  0.30375    
    95.00  0.29885    
    96.00  0.29425    
    97.00  0.28993    
    98.00  0.28588    
    99.00  0.28211    
   100.00  0.27859    
   101.00  0.27533    
   102.00  0.27232    
   103.00  0.26955    
   104.00  0.26701    
   105.00  0.26470    
   106.00  0.26261    
   107.00  0.26074    
   108.00  0.25909    
   109.00  0.25764    
   110.00  0.25640    
   111.00  0.25535    
   112.00  0.25451    
   113.00  0.25385    
   114.00  0.25339    
   115.00  0.25312    
   116.00  0.25304    
   117.00  0.25314    
   118.00  0.25343    
   119.00  0.25391    
   120.00  0.25457    
   121.00  0.25543    
   122.00  0.25648    
   123.00  0.25773    
   124.00  0.25919    
   125.00  0.26085    
   126.00  0.26274    
   127.00  0.26485    
   128.00  0.26721    
   129.00  0.26983    
   130.00  0.27272    
   131.00  0.27591    
   132.00  0.27943    
   133.00  0.28330    
   134.00  0.28756    
   135.00  0.29224    
   136.00  0.29740    
   137.00  0.30307    
   138.00  0.30933    
   139.00  0.31622    
   140.00  0.32381    
   141.00  0.33219    
   142.00  0.34141    
   143.00  0.35156    
   144.00  0.36271    
   145.00  0.37491    
   146.00  0.38822    
   147.00  0.40265    
   148.00  0.41820    
   149.00  0.43482    
   150.00  0.45242    
   151.00  0.47082    
   152.00  0.48979    
   153.00  0.50901    
   154.00  0.52809    
   155.00  0.54655    
   156.00  0.56387    
   157.00  0.57949    
   158.00  0.59289    
   159.00  0.60361    
   160.00  0.61138    
   161.00  0.61615    
   162.00  0.61820    
   163.00  0.61820    
   164.00  0.61719    
   165.00  0.61660    
   166.00  0.61815    
   167.00  0.62376    
   168.00  0.63533    
   169.00  0.65462    
   170.00  0.68301    
   171.00  0.72132    
   172.00  0.76955    
   173.00  0.82672    
   174.00  0.89067    
   175.00  0.95800    
   176.00   1.0242    
   177.00   1.0840    
   178.00   1.1318    
   179.00   1.1628    
   180.00   1.1735    
 |--------|------------|
0.530000     micron = Wavelength
0.113766     = Extinction efficiency (Q)
0.100108     = Scattering efficiency (Qs)
0.136583E-01 = Absorption efficiency (Qa)
 12.1695     = Lidar ratio
0.302566E-02 micron^2 = <b> = Average surface area per particle
0.344219E-03 microns^2 = Extinction cross section (C)
0.302893E-03 microns^2 = Scattering cross section (Cs)
0.413255E-04 microns^2 = Absorption cross section (Ca)
 |----------------------------------------------------|
 | COMMENTAIRES:                                      |
 |----------------------------------------------------|
 |   -Cross section / <b> should = efficiency         |
 |    is independant of the normalisation of dN/dx    |
 |   -The integral of the phase fct / 4 pi over all   |
 |    directions (solid angle) = 1.                   |
 |   -The volume coefficient (k) is equal to C * N    |
 |      = cross section * Number density              |
 |      typical units: [um^2]*[particles/cm^3] =      |
 |      [10^-3 km-1]                                  |
 |      N = M/(d*4/3*pi*r^3) where d is the density   |
 |      of particle, M is the mass per unit volume    |
 |      and 4/3*pi*r^3 is the average volume  of a    |
 |      particle.                                     |
 |      typical units:  M -> [ug/m^3], d -> [g/cm^3]  |
 |                      r -> [um]                     |
 |      Lidar ratio= 4 pi Qe / phase_fct(180)*Qs      |
 |----------------------------------------------------|
