 |--------|------------|
 | ANGLE  |  PHASE FCT |
 |--------|------------|
     0.00   46.851    
     1.00   46.058    
     2.00   43.800    
     3.00   40.396    
     4.00   36.269    
     5.00   31.836    
     6.00   27.438    
     7.00   23.316    
     8.00   19.612    
     9.00   16.390    
    10.00   13.656    
    11.00   11.382    
    12.00   9.5189    
    13.00   8.0095    
    14.00   6.7972    
    15.00   5.8294    
    16.00   5.0590    
    17.00   4.4465    
    18.00   3.9589    
    19.00   3.5693    
    20.00   3.2564    
    21.00   3.0033    
    22.00   2.7964    
    23.00   2.6255    
    24.00   2.4824    
    25.00   2.3610    
    26.00   2.2563    
    27.00   2.1646    
    28.00   2.0831    
    29.00   2.0096    
    30.00   1.9424    
    31.00   1.8802    
    32.00   1.8221    
    33.00   1.7673    
    34.00   1.7152    
    35.00   1.6655    
    36.00   1.6179    
    37.00   1.5720    
    38.00   1.5278    
    39.00   1.4850    
    40.00   1.4436    
    41.00   1.4034    
    42.00   1.3645    
    43.00   1.3267    
    44.00   1.2900    
    45.00   1.2543    
    46.00   1.2197    
    47.00   1.1860    
    48.00   1.1534    
    49.00   1.1216    
    50.00   1.0908    
    51.00   1.0608    
    52.00   1.0318    
    53.00   1.0035    
    54.00  0.97613    
    55.00  0.94954    
    56.00  0.92374    
    57.00  0.89872    
    58.00  0.87445    
    59.00  0.85092    
    60.00  0.82812    
    61.00  0.80603    
    62.00  0.78463    
    63.00  0.76392    
    64.00  0.74387    
    65.00  0.72447    
    66.00  0.70570    
    67.00  0.68756    
    68.00  0.67004    
    69.00  0.65311    
    70.00  0.63676    
    71.00  0.62099    
    72.00  0.60577    
    73.00  0.59111    
    74.00  0.57699    
    75.00  0.56339    
    76.00  0.55030    
    77.00  0.53772    
    78.00  0.52564    
    79.00  0.51404    
    80.00  0.50291    
    81.00  0.49225    
    82.00  0.48204    
    83.00  0.47228    
    84.00  0.46295    
    85.00  0.45405    
    86.00  0.44557    
    87.00  0.43750    
    88.00  0.42982    
    89.00  0.42253    
    90.00  0.41563    
    91.00  0.40910    
    92.00  0.40294    
    93.00  0.39713    
    94.00  0.39167    
    95.00  0.38655    
    96.00  0.38176    
    97.00  0.37730    
    98.00  0.37315    
    99.00  0.36931    
   100.00  0.36578    
   101.00  0.36253    
   102.00  0.35957    
   103.00  0.35689    
   104.00  0.35447    
   105.00  0.35233    
   106.00  0.35043    
   107.00  0.34879    
   108.00  0.34739    
   109.00  0.34623    
   110.00  0.34529    
   111.00  0.34458    
   112.00  0.34409    
   113.00  0.34381    
   114.00  0.34373    
   115.00  0.34386    
   116.00  0.34418    
   117.00  0.34470    
   118.00  0.34540    
   119.00  0.34628    
   120.00  0.34735    
   121.00  0.34859    
   122.00  0.35001    
   123.00  0.35160    
   124.00  0.35336    
   125.00  0.35529    
   126.00  0.35740    
   127.00  0.35968    
   128.00  0.36213    
   129.00  0.36477    
   130.00  0.36759    
   131.00  0.37060    
   132.00  0.37382    
   133.00  0.37725    
   134.00  0.38092    
   135.00  0.38483    
   136.00  0.38902    
   137.00  0.39352    
   138.00  0.39837    
   139.00  0.40359    
   140.00  0.40926    
   141.00  0.41544    
   142.00  0.42219    
   143.00  0.42960    
   144.00  0.43777    
   145.00  0.44679    
   146.00  0.45678    
   147.00  0.46785    
   148.00  0.48011    
   149.00  0.49365    
   150.00  0.50856    
   151.00  0.52486    
   152.00  0.54255    
   153.00  0.56152    
   154.00  0.58159    
   155.00  0.60246    
   156.00  0.62370    
   157.00  0.64477    
   158.00  0.66502    
   159.00  0.68376    
   160.00  0.70031    
   161.00  0.71416    
   162.00  0.72502    
   163.00  0.73296    
   164.00  0.73846    
   165.00  0.74239    
   166.00  0.74592    
   167.00  0.75045    
   168.00  0.75745    
   169.00  0.76845    
   170.00  0.78494    
   171.00  0.80834    
   172.00  0.83986    
   173.00  0.88026    
   174.00  0.92940    
   175.00  0.98575    
   176.00   1.0459    
   177.00   1.1044    
   178.00   1.1541    
   179.00   1.1878    
   180.00   1.1997    
 |--------|------------|
0.410000     micron = Wavelength
0.138050     = Extinction efficiency (Q)
0.121530     = Scattering efficiency (Qs)
0.165199E-01 = Absorption efficiency (Qa)
 11.8982     = Lidar ratio
0.302565E-02 micron^2 = <b> = Average surface area per particle
0.417690E-03 microns^2 = Extinction cross section (C)
0.367706E-03 microns^2 = Scattering cross section (Cs)
0.499835E-04 microns^2 = Absorption cross section (Ca)
 |----------------------------------------------------|
 | COMMENTAIRES:                                      |
 |----------------------------------------------------|
 |   -Cross section / <b> should = efficiency         |
 |    is independant of the normalisation of dN/dx    |
 |   -The integral of the phase fct / 4 pi over all   |
 |    directions (solid angle) = 1.                   |
 |   -The volume coefficient (k) is equal to C * N    |
 |      = cross section * Number density              |
 |      typical units: [um^2]*[particles/cm^3] =      |
 |      [10^-3 km-1]                                  |
 |      N = M/(d*4/3*pi*r^3) where d is the density   |
 |      of particle, M is the mass per unit volume    |
 |      and 4/3*pi*r^3 is the average volume  of a    |
 |      particle.                                     |
 |      typical units:  M -> [ug/m^3], d -> [g/cm^3]  |
 |                      r -> [um]                     |
 |      Lidar ratio= 4 pi Qe / phase_fct(180)*Qs      |
 |----------------------------------------------------|
