 |--------|------------|
 | ANGLE  |  PHASE FCT |
 |--------|------------|
     0.00   53.184    
     1.00   52.347    
     2.00   49.958    
     3.00   46.336    
     4.00   41.906    
     5.00   37.100    
     6.00   32.280    
     7.00   27.709    
     8.00   23.551    
     9.00   19.888    
    10.00   16.740    
    11.00   14.086    
    12.00   11.881    
    13.00   10.071    
    14.00   8.5961    
    15.00   7.4023    
    16.00   6.4387    
    17.00   5.6617    
    18.00   5.0345    
    19.00   4.5263    
    20.00   4.1122    
    21.00   3.7720    
    22.00   3.4896    
    23.00   3.2523    
    24.00   3.0501    
    25.00   2.8753    
    26.00   2.7220    
    27.00   2.5855    
    28.00   2.4624    
    29.00   2.3501    
    30.00   2.2464    
    31.00   2.1499    
    32.00   2.0595    
    33.00   1.9743    
    34.00   1.8936    
    35.00   1.8169    
    36.00   1.7438    
    37.00   1.6741    
    38.00   1.6075    
    39.00   1.5438    
    40.00   1.4828    
    41.00   1.4244    
    42.00   1.3685    
    43.00   1.3150    
    44.00   1.2638    
    45.00   1.2147    
    46.00   1.1678    
    47.00   1.1229    
    48.00   1.0799    
    49.00   1.0388    
    50.00  0.99952    
    51.00  0.96193    
    52.00  0.92602    
    53.00  0.89168    
    54.00  0.85887    
    55.00  0.82751    
    56.00  0.79755    
    57.00  0.76893    
    58.00  0.74160    
    59.00  0.71549    
    60.00  0.69055    
    61.00  0.66674    
    62.00  0.64400    
    63.00  0.62230    
    64.00  0.60157    
    65.00  0.58178    
    66.00  0.56289    
    67.00  0.54487    
    68.00  0.52766    
    69.00  0.51124    
    70.00  0.49558    
    71.00  0.48064    
    72.00  0.46639    
    73.00  0.45280    
    74.00  0.43984    
    75.00  0.42749    
    76.00  0.41572    
    77.00  0.40450    
    78.00  0.39382    
    79.00  0.38365    
    80.00  0.37397    
    81.00  0.36477    
    82.00  0.35602    
    83.00  0.34770    
    84.00  0.33981    
    85.00  0.33231    
    86.00  0.32521    
    87.00  0.31847    
    88.00  0.31210    
    89.00  0.30608    
    90.00  0.30038    
    91.00  0.29502    
    92.00  0.28996    
    93.00  0.28521    
    94.00  0.28074    
    95.00  0.27656    
    96.00  0.27266    
    97.00  0.26902    
    98.00  0.26563    
    99.00  0.26250    
   100.00  0.25960    
   101.00  0.25695    
   102.00  0.25452    
   103.00  0.25232    
   104.00  0.25033    
   105.00  0.24856    
   106.00  0.24699    
   107.00  0.24563    
   108.00  0.24447    
   109.00  0.24350    
   110.00  0.24273    
   111.00  0.24214    
   112.00  0.24175    
   113.00  0.24154    
   114.00  0.24151    
   115.00  0.24167    
   116.00  0.24200    
   117.00  0.24253    
   118.00  0.24323    
   119.00  0.24412    
   120.00  0.24519    
   121.00  0.24646    
   122.00  0.24792    
   123.00  0.24957    
   124.00  0.25143    
   125.00  0.25349    
   126.00  0.25577    
   127.00  0.25828    
   128.00  0.26102    
   129.00  0.26401    
   130.00  0.26725    
   131.00  0.27077    
   132.00  0.27457    
   133.00  0.27868    
   134.00  0.28311    
   135.00  0.28789    
   136.00  0.29304    
   137.00  0.29858    
   138.00  0.30455    
   139.00  0.31097    
   140.00  0.31788    
   141.00  0.32533    
   142.00  0.33335    
   143.00  0.34199    
   144.00  0.35130    
   145.00  0.36134    
   146.00  0.37219    
   147.00  0.38390    
   148.00  0.39656    
   149.00  0.41025    
   150.00  0.42505    
   151.00  0.44102    
   152.00  0.45823    
   153.00  0.47670    
   154.00  0.49640    
   155.00  0.51724    
   156.00  0.53898    
   157.00  0.56130    
   158.00  0.58364    
   159.00  0.60529    
   160.00  0.62528    
   161.00  0.64248    
   162.00  0.65554    
   163.00  0.66313    
   164.00  0.66398    
   165.00  0.65717    
   166.00  0.64232    
   167.00  0.61986    
   168.00  0.59115    
   169.00  0.55856    
   170.00  0.52526    
   171.00  0.49500    
   172.00  0.47166    
   173.00  0.45864    
   174.00  0.45822    
   175.00  0.47080    
   176.00  0.49437    
   177.00  0.52430    
   178.00  0.55380    
   179.00  0.57547    
   180.00  0.58344    
 |--------|------------|
0.540000     micron = Wavelength
0.124039     = Extinction efficiency (Q)
0.113509     = Scattering efficiency (Qs)
0.105293E-01 = Absorption efficiency (Qa)
 23.5363     = Lidar ratio
0.446408E-02 micron^2 = <b> = Average surface area per particle
0.553718E-03 microns^2 = Extinction cross section (C)
0.506715E-03 microns^2 = Scattering cross section (Cs)
0.470037E-04 microns^2 = Absorption cross section (Ca)
 |----------------------------------------------------|
 | COMMENTAIRES:                                      |
 |----------------------------------------------------|
 |   -Cross section / <b> should = efficiency         |
 |    is independant of the normalisation of dN/dx    |
 |   -The integral of the phase fct / 4 pi over all   |
 |    directions (solid angle) = 1.                   |
 |   -The volume coefficient (k) is equal to C * N    |
 |      = cross section * Number density              |
 |      typical units: [um^2]*[particles/cm^3] =      |
 |      [10^-3 km-1]                                  |
 |      N = M/(d*4/3*pi*r^3) where d is the density   |
 |      of particle, M is the mass per unit volume    |
 |      and 4/3*pi*r^3 is the average volume  of a    |
 |      particle.                                     |
 |      typical units:  M -> [ug/m^3], d -> [g/cm^3]  |
 |                      r -> [um]                     |
 |      Lidar ratio= 4 pi Qe / phase_fct(180)*Qs      |
 |----------------------------------------------------|
