 |--------|------------|
 | ANGLE  |  PHASE FCT |
 |--------|------------|
     0.00   127.67    
     1.00   119.40    
     2.00   98.268    
     3.00   72.536    
     4.00   49.657    
     5.00   32.911    
     6.00   21.942    
     7.00   15.074    
     8.00   10.848    
     9.00   8.2912    
    10.00   6.7397    
    11.00   5.7627    
    12.00   5.1187    
    13.00   4.6758    
    14.00   4.3530    
    15.00   4.1030    
    16.00   3.9008    
    17.00   3.7292    
    18.00   3.5774    
    19.00   3.4416    
    20.00   3.3197    
    21.00   3.2071    
    22.00   3.1007    
    23.00   3.0000    
    24.00   2.9057    
    25.00   2.8164    
    26.00   2.7305    
    27.00   2.6475    
    28.00   2.5678    
    29.00   2.4915    
    30.00   2.4179    
    31.00   2.3461    
    32.00   2.2764    
    33.00   2.2093    
    34.00   2.1443    
    35.00   2.0809    
    36.00   2.0190    
    37.00   1.9591    
    38.00   1.9012    
    39.00   1.8445    
    40.00   1.7892    
    41.00   1.7356    
    42.00   1.6836    
    43.00   1.6328    
    44.00   1.5832    
    45.00   1.5352    
    46.00   1.4885    
    47.00   1.4430    
    48.00   1.3986    
    49.00   1.3556    
    50.00   1.3139    
    51.00   1.2732    
    52.00   1.2335    
    53.00   1.1952    
    54.00   1.1579    
    55.00   1.1217    
    56.00   1.0865    
    57.00   1.0524    
    58.00   1.0194    
    59.00  0.98733    
    60.00  0.95624    
    61.00  0.92617    
    62.00  0.89709    
    63.00  0.86888    
    64.00  0.84160    
    65.00  0.81527    
    66.00  0.78983    
    67.00  0.76522    
    68.00  0.74147    
    69.00  0.71859    
    70.00  0.69654    
    71.00  0.67526    
    72.00  0.65477    
    73.00  0.63508    
    74.00  0.61614    
    75.00  0.59792    
    76.00  0.58043    
    77.00  0.56366    
    78.00  0.54758    
    79.00  0.53215    
    80.00  0.51738    
    81.00  0.50327    
    82.00  0.48977    
    83.00  0.47687    
    84.00  0.46455    
    85.00  0.45281    
    86.00  0.44162    
    87.00  0.43096    
    88.00  0.42081    
    89.00  0.41117    
    90.00  0.40200    
    91.00  0.39329    
    92.00  0.38503    
    93.00  0.37719    
    94.00  0.36977    
    95.00  0.36275    
    96.00  0.35610    
    97.00  0.34983    
    98.00  0.34391    
    99.00  0.33832    
   100.00  0.33307    
   101.00  0.32813    
   102.00  0.32350    
   103.00  0.31916    
   104.00  0.31509    
   105.00  0.31131    
   106.00  0.30779    
   107.00  0.30453    
   108.00  0.30151    
   109.00  0.29874    
   110.00  0.29619    
   111.00  0.29386    
   112.00  0.29176    
   113.00  0.28986    
   114.00  0.28817    
   115.00  0.28668    
   116.00  0.28538    
   117.00  0.28427    
   118.00  0.28335    
   119.00  0.28260    
   120.00  0.28203    
   121.00  0.28163    
   122.00  0.28140    
   123.00  0.28134    
   124.00  0.28145    
   125.00  0.28173    
   126.00  0.28218    
   127.00  0.28281    
   128.00  0.28361    
   129.00  0.28461    
   130.00  0.28580    
   131.00  0.28720    
   132.00  0.28882    
   133.00  0.29068    
   134.00  0.29280    
   135.00  0.29520    
   136.00  0.29790    
   137.00  0.30093    
   138.00  0.30433    
   139.00  0.30812    
   140.00  0.31233    
   141.00  0.31698    
   142.00  0.32210    
   143.00  0.32771    
   144.00  0.33379    
   145.00  0.34036    
   146.00  0.34737    
   147.00  0.35475    
   148.00  0.36242    
   149.00  0.37028    
   150.00  0.37818    
   151.00  0.38593    
   152.00  0.39332    
   153.00  0.40020    
   154.00  0.40631    
   155.00  0.41148    
   156.00  0.41567    
   157.00  0.41889    
   158.00  0.42118    
   159.00  0.42281    
   160.00  0.42423    
   161.00  0.42586    
   162.00  0.42819    
   163.00  0.43196    
   164.00  0.43767    
   165.00  0.44529    
   166.00  0.45461    
   167.00  0.46528    
   168.00  0.47639    
   169.00  0.48732    
   170.00  0.49853    
   171.00  0.50985    
   172.00  0.51882    
   173.00  0.52217    
   174.00  0.51730    
   175.00  0.50263    
   176.00  0.48211    
   177.00  0.47012    
   178.00  0.48075    
   179.00  0.50675    
   180.00  0.52072    
 |--------|------------|
0.420000     micron = Wavelength
0.300223     = Extinction efficiency (Q)
0.280946     = Scattering efficiency (Qs)
0.192769E-01 = Absorption efficiency (Qa)
 25.7884     = Lidar ratio
0.956541E-02 micron^2 = <b> = Average surface area per particle
0.287175E-02 microns^2 = Extinction cross section (C)
0.268736E-02 microns^2 = Scattering cross section (Cs)
0.184391E-03 microns^2 = Absorption cross section (Ca)
 |----------------------------------------------------|
 | COMMENTAIRES:                                      |
 |----------------------------------------------------|
 |   -Cross section / <b> should = efficiency         |
 |    is independant of the normalisation of dN/dx    |
 |   -The integral of the phase fct / 4 pi over all   |
 |    directions (solid angle) = 1.                   |
 |   -The volume coefficient (k) is equal to C * N    |
 |      = cross section * Number density              |
 |      typical units: [um^2]*[particles/cm^3] =      |
 |      [10^-3 km-1]                                  |
 |      N = M/(d*4/3*pi*r^3) where d is the density   |
 |      of particle, M is the mass per unit volume    |
 |      and 4/3*pi*r^3 is the average volume  of a    |
 |      particle.                                     |
 |      typical units:  M -> [ug/m^3], d -> [g/cm^3]  |
 |                      r -> [um]                     |
 |      Lidar ratio= 4 pi Qe / phase_fct(180)*Qs      |
 |----------------------------------------------------|
