 |--------|------------|
 | ANGLE  |  PHASE FCT |
 |--------|------------|
     0.00   43.811    
     1.00   43.327    
     2.00   41.927    
     3.00   39.751    
     4.00   36.995    
     5.00   33.876    
     6.00   30.595    
     7.00   27.321    
     8.00   24.181    
     9.00   21.260    
    10.00   18.607    
    11.00   16.243    
    12.00   14.169    
    13.00   12.369    
    14.00   10.823    
    15.00   9.5022    
    16.00   8.3805    
    17.00   7.4303    
    18.00   6.6263    
    19.00   5.9458    
    20.00   5.3686    
    21.00   4.8773    
    22.00   4.4573    
    23.00   4.0960    
    24.00   3.7831    
    25.00   3.5101    
    26.00   3.2700    
    27.00   3.0571    
    28.00   2.8667    
    29.00   2.6952    
    30.00   2.5396    
    31.00   2.3975    
    32.00   2.2668    
    33.00   2.1461    
    34.00   2.0341    
    35.00   1.9297    
    36.00   1.8321    
    37.00   1.7407    
    38.00   1.6548    
    39.00   1.5740    
    40.00   1.4978    
    41.00   1.4259    
    42.00   1.3580    
    43.00   1.2939    
    44.00   1.2332    
    45.00   1.1758    
    46.00   1.1215    
    47.00   1.0701    
    48.00   1.0215    
    49.00  0.97543    
    50.00  0.93182    
    51.00  0.89051    
    52.00  0.85140    
    53.00  0.81434    
    54.00  0.77925    
    55.00  0.74600    
    56.00  0.71450    
    57.00  0.68466    
    58.00  0.65639    
    59.00  0.62960    
    60.00  0.60421    
    61.00  0.58014    
    62.00  0.55734    
    63.00  0.53571    
    64.00  0.51522    
    65.00  0.49578    
    66.00  0.47735    
    67.00  0.45988    
    68.00  0.44331    
    69.00  0.42760    
    70.00  0.41269    
    71.00  0.39855    
    72.00  0.38514    
    73.00  0.37243    
    74.00  0.36036    
    75.00  0.34892    
    76.00  0.33807    
    77.00  0.32778    
    78.00  0.31803    
    79.00  0.30878    
    80.00  0.30002    
    81.00  0.29171    
    82.00  0.28384    
    83.00  0.27639    
    84.00  0.26934    
    85.00  0.26267    
    86.00  0.25636    
    87.00  0.25039    
    88.00  0.24476    
    89.00  0.23945    
    90.00  0.23444    
    91.00  0.22973    
    92.00  0.22529    
    93.00  0.22112    
    94.00  0.21722    
    95.00  0.21356    
    96.00  0.21014    
    97.00  0.20696    
    98.00  0.20399    
    99.00  0.20125    
   100.00  0.19872    
   101.00  0.19639    
   102.00  0.19426    
   103.00  0.19232    
   104.00  0.19057    
   105.00  0.18900    
   106.00  0.18761    
   107.00  0.18640    
   108.00  0.18537    
   109.00  0.18450    
   110.00  0.18380    
   111.00  0.18326    
   112.00  0.18289    
   113.00  0.18269    
   114.00  0.18264    
   115.00  0.18276    
   116.00  0.18305    
   117.00  0.18350    
   118.00  0.18411    
   119.00  0.18490    
   120.00  0.18586    
   121.00  0.18699    
   122.00  0.18830    
   123.00  0.18979    
   124.00  0.19147    
   125.00  0.19335    
   126.00  0.19543    
   127.00  0.19773    
   128.00  0.20024    
   129.00  0.20298    
   130.00  0.20597    
   131.00  0.20921    
   132.00  0.21271    
   133.00  0.21650    
   134.00  0.22059    
   135.00  0.22500    
   136.00  0.22975    
   137.00  0.23485    
   138.00  0.24034    
   139.00  0.24624    
   140.00  0.25257    
   141.00  0.25937    
   142.00  0.26668    
   143.00  0.27452    
   144.00  0.28293    
   145.00  0.29196    
   146.00  0.30165    
   147.00  0.31203    
   148.00  0.32315    
   149.00  0.33504    
   150.00  0.34773    
   151.00  0.36121    
   152.00  0.37548    
   153.00  0.39046    
   154.00  0.40606    
   155.00  0.42207    
   156.00  0.43824    
   157.00  0.45418    
   158.00  0.46938    
   159.00  0.48322    
   160.00  0.49492    
   161.00  0.50364    
   162.00  0.50848    
   163.00  0.50857    
   164.00  0.50321    
   165.00  0.49202    
   166.00  0.47507    
   167.00  0.45305    
   168.00  0.42731    
   169.00  0.39992    
   170.00  0.37345    
   171.00  0.35077    
   172.00  0.33463    
   173.00  0.32715    
   174.00  0.32936    
   175.00  0.34080    
   176.00  0.35929    
   177.00  0.38118    
   178.00  0.40178    
   179.00  0.41647    
   180.00  0.42180    
 |--------|------------|
0.750000     micron = Wavelength
0.118253     = Extinction efficiency (Q)
0.109446     = Scattering efficiency (Qs)
0.880701E-02 = Absorption efficiency (Qa)
 32.1898     = Lidar ratio
0.628001E-02 micron^2 = <b> = Average surface area per particle
0.742627E-03 microns^2 = Extinction cross section (C)
0.687319E-03 microns^2 = Scattering cross section (Cs)
0.553081E-04 microns^2 = Absorption cross section (Ca)
 |----------------------------------------------------|
 | COMMENTAIRES:                                      |
 |----------------------------------------------------|
 |   -Cross section / <b> should = efficiency         |
 |    is independant of the normalisation of dN/dx    |
 |   -The integral of the phase fct / 4 pi over all   |
 |    directions (solid angle) = 1.                   |
 |   -The volume coefficient (k) is equal to C * N    |
 |      = cross section * Number density              |
 |      typical units: [um^2]*[particles/cm^3] =      |
 |      [10^-3 km-1]                                  |
 |      N = M/(d*4/3*pi*r^3) where d is the density   |
 |      of particle, M is the mass per unit volume    |
 |      and 4/3*pi*r^3 is the average volume  of a    |
 |      particle.                                     |
 |      typical units:  M -> [ug/m^3], d -> [g/cm^3]  |
 |                      r -> [um]                     |
 |      Lidar ratio= 4 pi Qe / phase_fct(180)*Qs      |
 |----------------------------------------------------|
