 |--------|------------|
 | ANGLE  |  PHASE FCT |
 |--------|------------|
     0.00   62.080    
     1.00   60.813    
     2.00   57.243    
     3.00   51.966    
     4.00   45.736    
     5.00   39.254    
     6.00   33.044    
     7.00   27.429    
     8.00   22.565    
     9.00   18.485    
    10.00   15.143    
    11.00   12.455    
    12.00   10.323    
    13.00   8.6458    
    14.00   7.3355    
    15.00   6.3142    
    16.00   5.5182    
    17.00   4.8956    
    18.00   4.4053    
    19.00   4.0155    
    20.00   3.7014    
    21.00   3.4443    
    22.00   3.2300    
    23.00   3.0478    
    24.00   2.8899    
    25.00   2.7504    
    26.00   2.6250    
    27.00   2.5106    
    28.00   2.4049    
    29.00   2.3063    
    30.00   2.2136    
    31.00   2.1259    
    32.00   2.0425    
    33.00   1.9630    
    34.00   1.8870    
    35.00   1.8142    
    36.00   1.7445    
    37.00   1.6777    
    38.00   1.6136    
    39.00   1.5522    
    40.00   1.4932    
    41.00   1.4366    
    42.00   1.3824    
    43.00   1.3304    
    44.00   1.2806    
    45.00   1.2328    
    46.00   1.1870    
    47.00   1.1432    
    48.00   1.1012    
    49.00   1.0610    
    50.00   1.0225    
    51.00  0.98560    
    52.00  0.95031    
    53.00  0.91654    
    54.00  0.88421    
    55.00  0.85328    
    56.00  0.82369    
    57.00  0.79538    
    58.00  0.76830    
    59.00  0.74238    
    60.00  0.71760    
    61.00  0.69391    
    62.00  0.67125    
    63.00  0.64958    
    64.00  0.62886    
    65.00  0.60906    
    66.00  0.59013    
    67.00  0.57204    
    68.00  0.55476    
    69.00  0.53825    
    70.00  0.52249    
    71.00  0.50743    
    72.00  0.49306    
    73.00  0.47935    
    74.00  0.46627    
    75.00  0.45380    
    76.00  0.44191    
    77.00  0.43058    
    78.00  0.41980    
    79.00  0.40953    
    80.00  0.39975    
    81.00  0.39046    
    82.00  0.38163    
    83.00  0.37325    
    84.00  0.36530    
    85.00  0.35775    
    86.00  0.35061    
    87.00  0.34385    
    88.00  0.33746    
    89.00  0.33143    
    90.00  0.32574    
    91.00  0.32039    
    92.00  0.31535    
    93.00  0.31063    
    94.00  0.30621    
    95.00  0.30207    
    96.00  0.29822    
    97.00  0.29465    
    98.00  0.29133    
    99.00  0.28828    
   100.00  0.28547    
   101.00  0.28291    
   102.00  0.28058    
   103.00  0.27848    
   104.00  0.27660    
   105.00  0.27495    
   106.00  0.27350    
   107.00  0.27227    
   108.00  0.27124    
   109.00  0.27041    
   110.00  0.26978    
   111.00  0.26934    
   112.00  0.26909    
   113.00  0.26904    
   114.00  0.26917    
   115.00  0.26949    
   116.00  0.26999    
   117.00  0.27069    
   118.00  0.27157    
   119.00  0.27264    
   120.00  0.27390    
   121.00  0.27535    
   122.00  0.27701    
   123.00  0.27886    
   124.00  0.28092    
   125.00  0.28320    
   126.00  0.28570    
   127.00  0.28843    
   128.00  0.29141    
   129.00  0.29463    
   130.00  0.29811    
   131.00  0.30188    
   132.00  0.30593    
   133.00  0.31029    
   134.00  0.31497    
   135.00  0.31999    
   136.00  0.32536    
   137.00  0.33111    
   138.00  0.33725    
   139.00  0.34380    
   140.00  0.35078    
   141.00  0.35821    
   142.00  0.36609    
   143.00  0.37444    
   144.00  0.38328    
   145.00  0.39261    
   146.00  0.40245    
   147.00  0.41282    
   148.00  0.42372    
   149.00  0.43518    
   150.00  0.44723    
   151.00  0.45990    
   152.00  0.47322    
   153.00  0.48725    
   154.00  0.50205    
   155.00  0.51765    
   156.00  0.53407    
   157.00  0.55128    
   158.00  0.56916    
   159.00  0.58743    
   160.00  0.60563    
   161.00  0.62306    
   162.00  0.63875    
   163.00  0.65143    
   164.00  0.65963    
   165.00  0.66182    
   166.00  0.65663    
   167.00  0.64319    
   168.00  0.62151    
   169.00  0.59275    
   170.00  0.55941    
   171.00  0.52515    
   172.00  0.49448    
   173.00  0.47212    
   174.00  0.46220    
   175.00  0.46710    
   176.00  0.48639    
   177.00  0.51596    
   178.00  0.54807    
   179.00  0.57300    
   180.00  0.58242    
 |--------|------------|
0.610000     micron = Wavelength
0.131732     = Extinction efficiency (Q)
0.121880     = Scattering efficiency (Qs)
0.985153E-02 = Absorption efficiency (Qa)
 23.3202     = Lidar ratio
0.747897E-02 micron^2 = <b> = Average surface area per particle
0.985217E-03 microns^2 = Extinction cross section (C)
0.911537E-03 microns^2 = Scattering cross section (Cs)
0.736793E-04 microns^2 = Absorption cross section (Ca)
 |----------------------------------------------------|
 | COMMENTAIRES:                                      |
 |----------------------------------------------------|
 |   -Cross section / <b> should = efficiency         |
 |    is independant of the normalisation of dN/dx    |
 |   -The integral of the phase fct / 4 pi over all   |
 |    directions (solid angle) = 1.                   |
 |   -The volume coefficient (k) is equal to C * N    |
 |      = cross section * Number density              |
 |      typical units: [um^2]*[particles/cm^3] =      |
 |      [10^-3 km-1]                                  |
 |      N = M/(d*4/3*pi*r^3) where d is the density   |
 |      of particle, M is the mass per unit volume    |
 |      and 4/3*pi*r^3 is the average volume  of a    |
 |      particle.                                     |
 |      typical units:  M -> [ug/m^3], d -> [g/cm^3]  |
 |                      r -> [um]                     |
 |      Lidar ratio= 4 pi Qe / phase_fct(180)*Qs      |
 |----------------------------------------------------|
