 |--------|------------|
 | ANGLE  |  PHASE FCT |
 |--------|------------|
     0.00   63.306    
     1.00   61.884    
     2.00   57.897    
     3.00   52.068    
     4.00   45.285    
     5.00   38.351    
     6.00   31.833    
     7.00   26.055    
     8.00   21.147    
     9.00   17.110    
    10.00   13.867    
    11.00   11.308    
    12.00   9.3137    
    13.00   7.7728    
    14.00   6.5880    
    15.00   5.6782    
    16.00   4.9784    
    17.00   4.4374    
    18.00   4.0155    
    19.00   3.6826    
    20.00   3.4158    
    21.00   3.1980    
    22.00   3.0166    
    23.00   2.8622    
    24.00   2.7280    
    25.00   2.6089    
    26.00   2.5013    
    27.00   2.4026    
    28.00   2.3111    
    29.00   2.2252    
    30.00   2.1441    
    31.00   2.0670    
    32.00   1.9934    
    33.00   1.9229    
    34.00   1.8554    
    35.00   1.7904    
    36.00   1.7279    
    37.00   1.6678    
    38.00   1.6099    
    39.00   1.5542    
    40.00   1.5005    
    41.00   1.4488    
    42.00   1.3989    
    43.00   1.3510    
    44.00   1.3048    
    45.00   1.2603    
    46.00   1.2175    
    47.00   1.1763    
    48.00   1.1367    
    49.00   1.0986    
    50.00   1.0619    
    51.00   1.0266    
    52.00  0.99270    
    53.00  0.96009    
    54.00  0.92875    
    55.00  0.89862    
    56.00  0.86967    
    57.00  0.84185    
    58.00  0.81511    
    59.00  0.78944    
    60.00  0.76478    
    61.00  0.74111    
    62.00  0.71838    
    63.00  0.69656    
    64.00  0.67562    
    65.00  0.65554    
    66.00  0.63627    
    67.00  0.61779    
    68.00  0.60007    
    69.00  0.58309    
    70.00  0.56683    
    71.00  0.55125    
    72.00  0.53633    
    73.00  0.52205    
    74.00  0.50839    
    75.00  0.49533    
    76.00  0.48285    
    77.00  0.47092    
    78.00  0.45953    
    79.00  0.44866    
    80.00  0.43830    
    81.00  0.42842    
    82.00  0.41901    
    83.00  0.41006    
    84.00  0.40155    
    85.00  0.39346    
    86.00  0.38578    
    87.00  0.37850    
    88.00  0.37160    
    89.00  0.36508    
    90.00  0.35892    
    91.00  0.35311    
    92.00  0.34764    
    93.00  0.34249    
    94.00  0.33767    
    95.00  0.33315    
    96.00  0.32893    
    97.00  0.32501    
    98.00  0.32136    
    99.00  0.31800    
   100.00  0.31489    
   101.00  0.31205    
   102.00  0.30946    
   103.00  0.30711    
   104.00  0.30501    
   105.00  0.30313    
   106.00  0.30149    
   107.00  0.30007    
   108.00  0.29886    
   109.00  0.29787    
   110.00  0.29708    
   111.00  0.29650    
   112.00  0.29612    
   113.00  0.29594    
   114.00  0.29595    
   115.00  0.29616    
   116.00  0.29655    
   117.00  0.29714    
   118.00  0.29791    
   119.00  0.29887    
   120.00  0.30002    
   121.00  0.30137    
   122.00  0.30291    
   123.00  0.30464    
   124.00  0.30657    
   125.00  0.30872    
   126.00  0.31107    
   127.00  0.31364    
   128.00  0.31645    
   129.00  0.31949    
   130.00  0.32278    
   131.00  0.32633    
   132.00  0.33016    
   133.00  0.33428    
   134.00  0.33872    
   135.00  0.34347    
   136.00  0.34858    
   137.00  0.35405    
   138.00  0.35990    
   139.00  0.36617    
   140.00  0.37287    
   141.00  0.38002    
   142.00  0.38765    
   143.00  0.39577    
   144.00  0.40441    
   145.00  0.41359    
   146.00  0.42333    
   147.00  0.43365    
   148.00  0.44457    
   149.00  0.45614    
   150.00  0.46839    
   151.00  0.48135    
   152.00  0.49509    
   153.00  0.50966    
   154.00  0.52512    
   155.00  0.54152    
   156.00  0.55887    
   157.00  0.57714    
   158.00  0.59618    
   159.00  0.61572    
   160.00  0.63529    
   161.00  0.65414    
   162.00  0.67127    
   163.00  0.68539    
   164.00  0.69501    
   165.00  0.69860    
   166.00  0.69484    
   167.00  0.68292    
   168.00  0.66287    
   169.00  0.63586    
   170.00  0.60419    
   171.00  0.57123    
   172.00  0.54108    
   173.00  0.51818    
   174.00  0.50663    
   175.00  0.50919    
   176.00  0.52608    
   177.00  0.55390    
   178.00  0.58520    
   179.00  0.61004    
   180.00  0.61952    
 |--------|------------|
0.530000     micron = Wavelength
0.139778     = Extinction efficiency (Q)
0.128632     = Scattering efficiency (Qs)
0.111464E-01 = Absorption efficiency (Qa)
 22.0419     = Lidar ratio
0.628001E-02 micron^2 = <b> = Average surface area per particle
0.877808E-03 microns^2 = Extinction cross section (C)
0.807808E-03 microns^2 = Scattering cross section (Cs)
0.699998E-04 microns^2 = Absorption cross section (Ca)
 |----------------------------------------------------|
 | COMMENTAIRES:                                      |
 |----------------------------------------------------|
 |   -Cross section / <b> should = efficiency         |
 |    is independant of the normalisation of dN/dx    |
 |   -The integral of the phase fct / 4 pi over all   |
 |    directions (solid angle) = 1.                   |
 |   -The volume coefficient (k) is equal to C * N    |
 |      = cross section * Number density              |
 |      typical units: [um^2]*[particles/cm^3] =      |
 |      [10^-3 km-1]                                  |
 |      N = M/(d*4/3*pi*r^3) where d is the density   |
 |      of particle, M is the mass per unit volume    |
 |      and 4/3*pi*r^3 is the average volume  of a    |
 |      particle.                                     |
 |      typical units:  M -> [ug/m^3], d -> [g/cm^3]  |
 |                      r -> [um]                     |
 |      Lidar ratio= 4 pi Qe / phase_fct(180)*Qs      |
 |----------------------------------------------------|
