 |--------|------------|
 | ANGLE  |  PHASE FCT |
 |--------|------------|
     0.00   37.617    
     1.00   37.288    
     2.00   36.330    
     3.00   34.820    
     4.00   32.872    
     5.00   30.617    
     6.00   28.180    
     7.00   25.679    
     8.00   23.207    
     9.00   20.836    
    10.00   18.613    
    11.00   16.570    
    12.00   14.719    
    13.00   13.063    
    14.00   11.596    
    15.00   10.306    
    16.00   9.1785    
    17.00   8.1972    
    18.00   7.3454    
    19.00   6.6075    
    20.00   5.9681    
    21.00   5.4137    
    22.00   4.9322    
    23.00   4.5128    
    24.00   4.1462    
    25.00   3.8244    
    26.00   3.5405    
    27.00   3.2888    
    28.00   3.0644    
    29.00   2.8632    
    30.00   2.6819    
    31.00   2.5175    
    32.00   2.3677    
    33.00   2.2307    
    34.00   2.1047    
    35.00   1.9884    
    36.00   1.8807    
    37.00   1.7806    
    38.00   1.6874    
    39.00   1.6003    
    40.00   1.5188    
    41.00   1.4424    
    42.00   1.3706    
    43.00   1.3031    
    44.00   1.2396    
    45.00   1.1797    
    46.00   1.1233    
    47.00   1.0701    
    48.00   1.0198    
    49.00  0.97236    
    50.00  0.92752    
    51.00  0.88515    
    52.00  0.84510    
    53.00  0.80721    
    54.00  0.77138    
    55.00  0.73749    
    56.00  0.70541    
    57.00  0.67506    
    58.00  0.64632    
    59.00  0.61912    
    60.00  0.59336    
    61.00  0.56897    
    62.00  0.54587    
    63.00  0.52398    
    64.00  0.50324    
    65.00  0.48359    
    66.00  0.46497    
    67.00  0.44732    
    68.00  0.43059    
    69.00  0.41473    
    70.00  0.39969    
    71.00  0.38543    
    72.00  0.37191    
    73.00  0.35908    
    74.00  0.34692    
    75.00  0.33539    
    76.00  0.32445    
    77.00  0.31407    
    78.00  0.30423    
    79.00  0.29490    
    80.00  0.28606    
    81.00  0.27767    
    82.00  0.26972    
    83.00  0.26219    
    84.00  0.25506    
    85.00  0.24830    
    86.00  0.24191    
    87.00  0.23586    
    88.00  0.23014    
    89.00  0.22473    
    90.00  0.21962    
    91.00  0.21481    
    92.00  0.21027    
    93.00  0.20599    
    94.00  0.20198    
    95.00  0.19820    
    96.00  0.19466    
    97.00  0.19135    
    98.00  0.18826    
    99.00  0.18538    
   100.00  0.18271    
   101.00  0.18023    
   102.00  0.17795    
   103.00  0.17586    
   104.00  0.17395    
   105.00  0.17221    
   106.00  0.17066    
   107.00  0.16927    
   108.00  0.16805    
   109.00  0.16699    
   110.00  0.16610    
   111.00  0.16536    
   112.00  0.16479    
   113.00  0.16438    
   114.00  0.16412    
   115.00  0.16402    
   116.00  0.16408    
   117.00  0.16430    
   118.00  0.16468    
   119.00  0.16522    
   120.00  0.16593    
   121.00  0.16681    
   122.00  0.16786    
   123.00  0.16909    
   124.00  0.17051    
   125.00  0.17212    
   126.00  0.17393    
   127.00  0.17595    
   128.00  0.17819    
   129.00  0.18066    
   130.00  0.18337    
   131.00  0.18634    
   132.00  0.18958    
   133.00  0.19311    
   134.00  0.19695    
   135.00  0.20113    
   136.00  0.20566    
   137.00  0.21057    
   138.00  0.21590    
   139.00  0.22166    
   140.00  0.22791    
   141.00  0.23466    
   142.00  0.24197    
   143.00  0.24987    
   144.00  0.25839    
   145.00  0.26759    
   146.00  0.27749    
   147.00  0.28813    
   148.00  0.29952    
   149.00  0.31167    
   150.00  0.32457    
   151.00  0.33816    
   152.00  0.35235    
   153.00  0.36702    
   154.00  0.38194    
   155.00  0.39685    
   156.00  0.41138    
   157.00  0.42508    
   158.00  0.43739    
   159.00  0.44771    
   160.00  0.45536    
   161.00  0.45968    
   162.00  0.46006    
   163.00  0.45604    
   164.00  0.44741    
   165.00  0.43431    
   166.00  0.41730    
   167.00  0.39742    
   168.00  0.37620    
   169.00  0.35553    
   170.00  0.33753    
   171.00  0.32427    
   172.00  0.31747    
   173.00  0.31819    
   174.00  0.32651    
   175.00  0.34139    
   176.00  0.36065    
   177.00  0.38116    
   178.00  0.39936    
   179.00  0.41190    
   180.00  0.41636    
 |--------|------------|
0.710000     micron = Wavelength
0.119062     = Extinction efficiency (Q)
0.110419     = Scattering efficiency (Qs)
0.864303E-02 = Absorption efficiency (Qa)
 32.5436     = Lidar ratio
0.446406E-02 micron^2 = <b> = Average surface area per particle
0.531500E-03 microns^2 = Extinction cross section (C)
0.492917E-03 microns^2 = Scattering cross section (Cs)
0.385830E-04 microns^2 = Absorption cross section (Ca)
 |----------------------------------------------------|
 | COMMENTAIRES:                                      |
 |----------------------------------------------------|
 |   -Cross section / <b> should = efficiency         |
 |    is independant of the normalisation of dN/dx    |
 |   -The integral of the phase fct / 4 pi over all   |
 |    directions (solid angle) = 1.                   |
 |   -The volume coefficient (k) is equal to C * N    |
 |      = cross section * Number density              |
 |      typical units: [um^2]*[particles/cm^3] =      |
 |      [10^-3 km-1]                                  |
 |      N = M/(d*4/3*pi*r^3) where d is the density   |
 |      of particle, M is the mass per unit volume    |
 |      and 4/3*pi*r^3 is the average volume  of a    |
 |      particle.                                     |
 |      typical units:  M -> [ug/m^3], d -> [g/cm^3]  |
 |                      r -> [um]                     |
 |      Lidar ratio= 4 pi Qe / phase_fct(180)*Qs      |
 |----------------------------------------------------|
