 |--------|------------|
 | ANGLE  |  PHASE FCT |
 |--------|------------|
     0.00   94.320    
     1.00   91.797    
     2.00   84.799    
     3.00   74.776    
     4.00   63.445    
     5.00   52.248    
     6.00   42.101    
     7.00   33.439    
     8.00   26.351    
     9.00   20.732    
    10.00   16.377    
    11.00   13.055    
    12.00   10.549    
    13.00   8.6692    
    14.00   7.2625    
    15.00   6.2078    
    16.00   5.4124    
    17.00   4.8064    
    18.00   4.3381    
    19.00   3.9697    
    20.00   3.6737    
    21.00   3.4300    
    22.00   3.2244    
    23.00   3.0468    
    24.00   2.8900    
    25.00   2.7490    
    26.00   2.6202    
    27.00   2.5010    
    28.00   2.3897    
    29.00   2.2850    
    30.00   2.1861    
    31.00   2.0921    
    32.00   2.0028    
    33.00   1.9176    
    34.00   1.8362    
    35.00   1.7585    
    36.00   1.6842    
    37.00   1.6132    
    38.00   1.5453    
    39.00   1.4804    
    40.00   1.4184    
    41.00   1.3590    
    42.00   1.3023    
    43.00   1.2481    
    44.00   1.1964    
    45.00   1.1469    
    46.00   1.0997    
    47.00   1.0546    
    48.00   1.0116    
    49.00  0.97047    
    50.00  0.93126    
    51.00  0.89386    
    52.00  0.85816    
    53.00  0.82412    
    54.00  0.79165    
    55.00  0.76069    
    56.00  0.73116    
    57.00  0.70301    
    58.00  0.67617    
    59.00  0.65060    
    60.00  0.62622    
    61.00  0.60299    
    62.00  0.58086    
    63.00  0.55977    
    64.00  0.53968    
    65.00  0.52055    
    66.00  0.50233    
    67.00  0.48498    
    68.00  0.46847    
    69.00  0.45275    
    70.00  0.43779    
    71.00  0.42355    
    72.00  0.41001    
    73.00  0.39714    
    74.00  0.38490    
    75.00  0.37327    
    76.00  0.36221    
    77.00  0.35171    
    78.00  0.34173    
    79.00  0.33227    
    80.00  0.32328    
    81.00  0.31476    
    82.00  0.30668    
    83.00  0.29902    
    84.00  0.29176    
    85.00  0.28489    
    86.00  0.27838    
    87.00  0.27223    
    88.00  0.26641    
    89.00  0.26092    
    90.00  0.25573    
    91.00  0.25084    
    92.00  0.24623    
    93.00  0.24190    
    94.00  0.23782    
    95.00  0.23399    
    96.00  0.23040    
    97.00  0.22704    
    98.00  0.22391    
    99.00  0.22099    
   100.00  0.21828    
   101.00  0.21577    
   102.00  0.21346    
   103.00  0.21133    
   104.00  0.20940    
   105.00  0.20764    
   106.00  0.20606    
   107.00  0.20466    
   108.00  0.20342    
   109.00  0.20236    
   110.00  0.20147    
   111.00  0.20074    
   112.00  0.20018    
   113.00  0.19979    
   114.00  0.19956    
   115.00  0.19950    
   116.00  0.19962    
   117.00  0.19991    
   118.00  0.20038    
   119.00  0.20103    
   120.00  0.20188    
   121.00  0.20292    
   122.00  0.20416    
   123.00  0.20561    
   124.00  0.20730    
   125.00  0.20921    
   126.00  0.21138    
   127.00  0.21381    
   128.00  0.21651    
   129.00  0.21952    
   130.00  0.22284    
   131.00  0.22650    
   132.00  0.23053    
   133.00  0.23493    
   134.00  0.23975    
   135.00  0.24499    
   136.00  0.25070    
   137.00  0.25688    
   138.00  0.26358    
   139.00  0.27080    
   140.00  0.27856    
   141.00  0.28688    
   142.00  0.29575    
   143.00  0.30519    
   144.00  0.31518    
   145.00  0.32571    
   146.00  0.33674    
   147.00  0.34825    
   148.00  0.36020    
   149.00  0.37253    
   150.00  0.38522    
   151.00  0.39823    
   152.00  0.41154    
   153.00  0.42517    
   154.00  0.43916    
   155.00  0.45361    
   156.00  0.46864    
   157.00  0.48443    
   158.00  0.50111    
   159.00  0.51878    
   160.00  0.53741    
   161.00  0.55670    
   162.00  0.57603    
   163.00  0.59433    
   164.00  0.61004    
   165.00  0.62114    
   166.00  0.62538    
   167.00  0.62069    
   168.00  0.60567    
   169.00  0.58025    
   170.00  0.54620    
   171.00  0.50719    
   172.00  0.46854    
   173.00  0.43671    
   174.00  0.41832    
   175.00  0.41873    
   176.00  0.44002    
   177.00  0.47883    
   178.00  0.52492    
   179.00  0.56271    
   180.00  0.57736    
 |--------|------------|
0.730000     micron = Wavelength
0.161053     = Extinction efficiency (Q)
0.148758     = Scattering efficiency (Qs)
0.122949E-01 = Absorption efficiency (Qa)
 23.5641     = Lidar ratio
0.957049E-02 micron^2 = <b> = Average surface area per particle
0.154136E-02 microns^2 = Extinction cross section (C)
0.142369E-02 microns^2 = Scattering cross section (Cs)
0.117668E-03 microns^2 = Absorption cross section (Ca)
 |----------------------------------------------------|
 | COMMENTAIRES:                                      |
 |----------------------------------------------------|
 |   -Cross section / <b> should = efficiency         |
 |    is independant of the normalisation of dN/dx    |
 |   -The integral of the phase fct / 4 pi over all   |
 |    directions (solid angle) = 1.                   |
 |   -The volume coefficient (k) is equal to C * N    |
 |      = cross section * Number density              |
 |      typical units: [um^2]*[particles/cm^3] =      |
 |      [10^-3 km-1]                                  |
 |      N = M/(d*4/3*pi*r^3) where d is the density   |
 |      of particle, M is the mass per unit volume    |
 |      and 4/3*pi*r^3 is the average volume  of a    |
 |      particle.                                     |
 |      typical units:  M -> [ug/m^3], d -> [g/cm^3]  |
 |                      r -> [um]                     |
 |      Lidar ratio= 4 pi Qe / phase_fct(180)*Qs      |
 |----------------------------------------------------|
