 |--------|------------|
 | ANGLE  |  PHASE FCT |
 |--------|------------|
     0.00   113.76    
     1.00   109.63    
     2.00   98.449    
     3.00   83.139    
     4.00   66.898    
     5.00   52.019    
     6.00   39.588    
     7.00   29.800    
     8.00   22.401    
     9.00   16.967    
    10.00   13.052    
    11.00   10.260    
    12.00   8.2754    
    13.00   6.8626    
    14.00   5.8484    
    15.00   5.1102    
    16.00   4.5626    
    17.00   4.1466    
    18.00   3.8214    
    19.00   3.5596    
    20.00   3.3427    
    21.00   3.1579    
    22.00   2.9961    
    23.00   2.8516    
    24.00   2.7206    
    25.00   2.6002    
    26.00   2.4885    
    27.00   2.3840    
    28.00   2.2857    
    29.00   2.1930    
    30.00   2.1053    
    31.00   2.0219    
    32.00   1.9426    
    33.00   1.8670    
    34.00   1.7950    
    35.00   1.7261    
    36.00   1.6603    
    37.00   1.5973    
    38.00   1.5371    
    39.00   1.4794    
    40.00   1.4241    
    41.00   1.3711    
    42.00   1.3203    
    43.00   1.2716    
    44.00   1.2249    
    45.00   1.1801    
    46.00   1.1371    
    47.00   1.0959    
    48.00   1.0564    
    49.00   1.0184    
    50.00  0.98201    
    51.00  0.94709    
    52.00  0.91356    
    53.00  0.88142    
    54.00  0.85059    
    55.00  0.82100    
    56.00  0.79262    
    57.00  0.76541    
    58.00  0.73932    
    59.00  0.71430    
    60.00  0.69031    
    61.00  0.66733    
    62.00  0.64530    
    63.00  0.62419    
    64.00  0.60397    
    65.00  0.58460    
    66.00  0.56607    
    67.00  0.54832    
    68.00  0.53134    
    69.00  0.51509    
    70.00  0.49956    
    71.00  0.48472    
    72.00  0.47053    
    73.00  0.45699    
    74.00  0.44406    
    75.00  0.43172    
    76.00  0.41996    
    77.00  0.40874    
    78.00  0.39806    
    79.00  0.38789    
    80.00  0.37821    
    81.00  0.36901    
    82.00  0.36027    
    83.00  0.35196    
    84.00  0.34408    
    85.00  0.33660    
    86.00  0.32951    
    87.00  0.32280    
    88.00  0.31645    
    89.00  0.31045    
    90.00  0.30478    
    91.00  0.29943    
    92.00  0.29438    
    93.00  0.28963    
    94.00  0.28516    
    95.00  0.28097    
    96.00  0.27703    
    97.00  0.27335    
    98.00  0.26991    
    99.00  0.26671    
   100.00  0.26373    
   101.00  0.26097    
   102.00  0.25843    
   103.00  0.25609    
   104.00  0.25395    
   105.00  0.25201    
   106.00  0.25026    
   107.00  0.24869    
   108.00  0.24731    
   109.00  0.24610    
   110.00  0.24507    
   111.00  0.24421    
   112.00  0.24353    
   113.00  0.24301    
   114.00  0.24266    
   115.00  0.24249    
   116.00  0.24248    
   117.00  0.24265    
   118.00  0.24298    
   119.00  0.24350    
   120.00  0.24419    
   121.00  0.24507    
   122.00  0.24614    
   123.00  0.24741    
   124.00  0.24889    
   125.00  0.25058    
   126.00  0.25251    
   127.00  0.25468    
   128.00  0.25710    
   129.00  0.25981    
   130.00  0.26281    
   131.00  0.26613    
   132.00  0.26979    
   133.00  0.27382    
   134.00  0.27825    
   135.00  0.28310    
   136.00  0.28840    
   137.00  0.29419    
   138.00  0.30049    
   139.00  0.30734    
   140.00  0.31474    
   141.00  0.32272    
   142.00  0.33129    
   143.00  0.34044    
   144.00  0.35016    
   145.00  0.36042    
   146.00  0.37117    
   147.00  0.38235    
   148.00  0.39388    
   149.00  0.40566    
   150.00  0.41757    
   151.00  0.42950    
   152.00  0.44133    
   153.00  0.45296    
   154.00  0.46435    
   155.00  0.47551    
   156.00  0.48651    
   157.00  0.49756    
   158.00  0.50893    
   159.00  0.52095    
   160.00  0.53398    
   161.00  0.54829    
   162.00  0.56394    
   163.00  0.58068    
   164.00  0.59772    
   165.00  0.61364    
   166.00  0.62647    
   167.00  0.63395    
   168.00  0.63397    
   169.00  0.62525    
   170.00  0.60794    
   171.00  0.58363    
   172.00  0.55526    
   173.00  0.52723    
   174.00  0.50538    
   175.00  0.49641    
   176.00  0.50632    
   177.00  0.53713    
   178.00  0.58188    
   179.00  0.62291    
   180.00  0.63968    
 |--------|------------|
0.616000     micron = Wavelength
0.179735     = Extinction efficiency (Q)
0.165768     = Scattering efficiency (Qs)
0.139676E-01 = Absorption efficiency (Qa)
 21.3000     = Lidar ratio
0.957029E-02 micron^2 = <b> = Average surface area per particle
0.172012E-02 microns^2 = Extinction cross section (C)
0.158645E-02 microns^2 = Scattering cross section (Cs)
0.133674E-03 microns^2 = Absorption cross section (Ca)
 |----------------------------------------------------|
 | COMMENTAIRES:                                      |
 |----------------------------------------------------|
 |   -Cross section / <b> should = efficiency         |
 |    is independant of the normalisation of dN/dx    |
 |   -The integral of the phase fct / 4 pi over all   |
 |    directions (solid angle) = 1.                   |
 |   -The volume coefficient (k) is equal to C * N    |
 |      = cross section * Number density              |
 |      typical units: [um^2]*[particles/cm^3] =      |
 |      [10^-3 km-1]                                  |
 |      N = M/(d*4/3*pi*r^3) where d is the density   |
 |      of particle, M is the mass per unit volume    |
 |      and 4/3*pi*r^3 is the average volume  of a    |
 |      particle.                                     |
 |      typical units:  M -> [ug/m^3], d -> [g/cm^3]  |
 |                      r -> [um]                     |
 |      Lidar ratio= 4 pi Qe / phase_fct(180)*Qs      |
 |----------------------------------------------------|
