 |--------|------------|
 | ANGLE  |  PHASE FCT |
 |--------|------------|
     0.00   149.14    
     1.00   142.34    
     2.00   124.28    
     3.00   100.52    
     4.00   76.750    
     5.00   56.467    
     6.00   40.761    
     7.00   29.276    
     8.00   21.181    
     9.00   15.618    
    10.00   11.849    
    11.00   9.3003    
    12.00   7.5649    
    13.00   6.3677    
    14.00   5.5228    
    15.00   4.9093    
    16.00   4.4496    
    17.00   4.0923    
    18.00   3.8036    
    19.00   3.5626    
    20.00   3.3563    
    21.00   3.1754    
    22.00   3.0130    
    23.00   2.8652    
    24.00   2.7296    
    25.00   2.6043    
    26.00   2.4877    
    27.00   2.3784    
    28.00   2.2757    
    29.00   2.1791    
    30.00   2.0881    
    31.00   2.0019    
    32.00   1.9200    
    33.00   1.8424    
    34.00   1.7688    
    35.00   1.6987    
    36.00   1.6317    
    37.00   1.5679    
    38.00   1.5072    
    39.00   1.4491    
    40.00   1.3935    
    41.00   1.3404    
    42.00   1.2897    
    43.00   1.2411    
    44.00   1.1945    
    45.00   1.1499    
    46.00   1.1073    
    47.00   1.0664    
    48.00   1.0271    
    49.00  0.98953    
    50.00  0.95354    
    51.00  0.91902    
    52.00  0.88588    
    53.00  0.85412    
    54.00  0.82371    
    55.00  0.79453    
    56.00  0.76653    
    57.00  0.73969    
    58.00  0.71399    
    59.00  0.68934    
    60.00  0.66569    
    61.00  0.64304    
    62.00  0.62136    
    63.00  0.60057    
    64.00  0.58064    
    65.00  0.56157    
    66.00  0.54333    
    67.00  0.52586    
    68.00  0.50913    
    69.00  0.49314    
    70.00  0.47786    
    71.00  0.46325    
    72.00  0.44929    
    73.00  0.43597    
    74.00  0.42326    
    75.00  0.41113    
    76.00  0.39957    
    77.00  0.38856    
    78.00  0.37808    
    79.00  0.36810    
    80.00  0.35862    
    81.00  0.34961    
    82.00  0.34105    
    83.00  0.33293    
    84.00  0.32523    
    85.00  0.31794    
    86.00  0.31104    
    87.00  0.30450    
    88.00  0.29833    
    89.00  0.29249    
    90.00  0.28698    
    91.00  0.28178    
    92.00  0.27688    
    93.00  0.27227    
    94.00  0.26793    
    95.00  0.26385    
    96.00  0.26002    
    97.00  0.25643    
    98.00  0.25308    
    99.00  0.24993    
   100.00  0.24700    
   101.00  0.24428    
   102.00  0.24175    
   103.00  0.23941    
   104.00  0.23726    
   105.00  0.23528    
   106.00  0.23348    
   107.00  0.23185    
   108.00  0.23038    
   109.00  0.22907    
   110.00  0.22793    
   111.00  0.22694    
   112.00  0.22611    
   113.00  0.22543    
   114.00  0.22491    
   115.00  0.22454    
   116.00  0.22434    
   117.00  0.22428    
   118.00  0.22439    
   119.00  0.22467    
   120.00  0.22511    
   121.00  0.22572    
   122.00  0.22652    
   123.00  0.22751    
   124.00  0.22870    
   125.00  0.23009    
   126.00  0.23172    
   127.00  0.23358    
   128.00  0.23571    
   129.00  0.23811    
   130.00  0.24082    
   131.00  0.24386    
   132.00  0.24726    
   133.00  0.25105    
   134.00  0.25526    
   135.00  0.25993    
   136.00  0.26510    
   137.00  0.27079    
   138.00  0.27706    
   139.00  0.28394    
   140.00  0.29144    
   141.00  0.29959    
   142.00  0.30841    
   143.00  0.31787    
   144.00  0.32796    
   145.00  0.33863    
   146.00  0.34982    
   147.00  0.36141    
   148.00  0.37328    
   149.00  0.38526    
   150.00  0.39718    
   151.00  0.40883    
   152.00  0.41999    
   153.00  0.43048    
   154.00  0.44015    
   155.00  0.44891    
   156.00  0.45681    
   157.00  0.46403    
   158.00  0.47089    
   159.00  0.47788    
   160.00  0.48565    
   161.00  0.49484    
   162.00  0.50606    
   163.00  0.51974    
   164.00  0.53588    
   165.00  0.55368    
   166.00  0.57161    
   167.00  0.58751    
   168.00  0.59885    
   169.00  0.60352    
   170.00  0.60065    
   171.00  0.59045    
   172.00  0.57369    
   173.00  0.55228    
   174.00  0.53025    
   175.00  0.51408    
   176.00  0.51288    
   177.00  0.53535    
   178.00  0.58003    
   179.00  0.62713    
   180.00  0.64757    
 |--------|------------|
0.650000     micron = Wavelength
0.207785     = Extinction efficiency (Q)
0.191082     = Scattering efficiency (Qs)
0.167039E-01 = Absorption efficiency (Qa)
 21.1019     = Lidar ratio
0.116607E-01 micron^2 = <b> = Average surface area per particle
0.242292E-02 microns^2 = Extinction cross section (C)
0.222814E-02 microns^2 = Scattering cross section (Cs)
0.194778E-03 microns^2 = Absorption cross section (Ca)
 |----------------------------------------------------|
 | COMMENTAIRES:                                      |
 |----------------------------------------------------|
 |   -Cross section / <b> should = efficiency         |
 |    is independant of the normalisation of dN/dx    |
 |   -The integral of the phase fct / 4 pi over all   |
 |    directions (solid angle) = 1.                   |
 |   -The volume coefficient (k) is equal to C * N    |
 |      = cross section * Number density              |
 |      typical units: [um^2]*[particles/cm^3] =      |
 |      [10^-3 km-1]                                  |
 |      N = M/(d*4/3*pi*r^3) where d is the density   |
 |      of particle, M is the mass per unit volume    |
 |      and 4/3*pi*r^3 is the average volume  of a    |
 |      particle.                                     |
 |      typical units:  M -> [ug/m^3], d -> [g/cm^3]  |
 |                      r -> [um]                     |
 |      Lidar ratio= 4 pi Qe / phase_fct(180)*Qs      |
 |----------------------------------------------------|
