 |--------|------------|
 | ANGLE  |  PHASE FCT |
 |--------|------------|
     0.00   43.766    
     1.00   43.232    
     2.00   41.691    
     3.00   39.309    
     4.00   36.319    
     5.00   32.967    
     6.00   29.482    
     7.00   26.047    
     8.00   22.796    
     9.00   19.814    
    10.00   17.145    
    11.00   14.801    
    12.00   12.775    
    13.00   11.045    
    14.00   9.5815    
    15.00   8.3517    
    16.00   7.3236    
    17.00   6.4668    
    18.00   5.7534    
    19.00   5.1592    
    20.00   4.6633    
    21.00   4.2476    
    22.00   3.8973    
    23.00   3.6000    
    24.00   3.3456    
    25.00   3.1257    
    26.00   2.9338    
    27.00   2.7646    
    28.00   2.6138    
    29.00   2.4779    
    30.00   2.3545    
    31.00   2.2413    
    32.00   2.1367    
    33.00   2.0395    
    34.00   1.9485    
    35.00   1.8631    
    36.00   1.7826    
    37.00   1.7064    
    38.00   1.6342    
    39.00   1.5656    
    40.00   1.5003    
    41.00   1.4382    
    42.00   1.3790    
    43.00   1.3225    
    44.00   1.2687    
    45.00   1.2174    
    46.00   1.1684    
    47.00   1.1216    
    48.00   1.0770    
    49.00   1.0344    
    50.00  0.99380    
    51.00  0.95506    
    52.00  0.91809    
    53.00  0.88282    
    54.00  0.84918    
    55.00  0.81710    
    56.00  0.78650    
    57.00  0.75732    
    58.00  0.72949    
    59.00  0.70296    
    60.00  0.67765    
    61.00  0.65352    
    62.00  0.63052    
    63.00  0.60859    
    64.00  0.58768    
    65.00  0.56774    
    66.00  0.54874    
    67.00  0.53062    
    68.00  0.51334    
    69.00  0.49688    
    70.00  0.48119    
    71.00  0.46623    
    72.00  0.45198    
    73.00  0.43841    
    74.00  0.42547    
    75.00  0.41315    
    76.00  0.40142    
    77.00  0.39025    
    78.00  0.37962    
    79.00  0.36951    
    80.00  0.35989    
    81.00  0.35075    
    82.00  0.34206    
    83.00  0.33380    
    84.00  0.32596    
    85.00  0.31853    
    86.00  0.31148    
    87.00  0.30481    
    88.00  0.29849    
    89.00  0.29252    
    90.00  0.28688    
    91.00  0.28156    
    92.00  0.27655    
    93.00  0.27184    
    94.00  0.26741    
    95.00  0.26327    
    96.00  0.25939    
    97.00  0.25578    
    98.00  0.25242    
    99.00  0.24931    
   100.00  0.24644    
   101.00  0.24379    
   102.00  0.24138    
   103.00  0.23918    
   104.00  0.23720    
   105.00  0.23542    
   106.00  0.23385    
   107.00  0.23249    
   108.00  0.23131    
   109.00  0.23033    
   110.00  0.22954    
   111.00  0.22894    
   112.00  0.22852    
   113.00  0.22828    
   114.00  0.22822    
   115.00  0.22834    
   116.00  0.22864    
   117.00  0.22913    
   118.00  0.22979    
   119.00  0.23063    
   120.00  0.23166    
   121.00  0.23287    
   122.00  0.23427    
   123.00  0.23587    
   124.00  0.23767    
   125.00  0.23967    
   126.00  0.24188    
   127.00  0.24431    
   128.00  0.24698    
   129.00  0.24989    
   130.00  0.25305    
   131.00  0.25648    
   132.00  0.26020    
   133.00  0.26422    
   134.00  0.26857    
   135.00  0.27327    
   136.00  0.27835    
   137.00  0.28383    
   138.00  0.28976    
   139.00  0.29616    
   140.00  0.30309    
   141.00  0.31058    
   142.00  0.31870    
   143.00  0.32750    
   144.00  0.33704    
   145.00  0.34738    
   146.00  0.35861    
   147.00  0.37080    
   148.00  0.38401    
   149.00  0.39830    
   150.00  0.41373    
   151.00  0.43032    
   152.00  0.44805    
   153.00  0.46685    
   154.00  0.48657    
   155.00  0.50697    
   156.00  0.52767    
   157.00  0.54816    
   158.00  0.56779    
   159.00  0.58574    
   160.00  0.60106    
   161.00  0.61271    
   162.00  0.61968    
   163.00  0.62103    
   164.00  0.61613    
   165.00  0.60474    
   166.00  0.58722    
   167.00  0.56465    
   168.00  0.53881    
   169.00  0.51214    
   170.00  0.48753    
   171.00  0.46801    
   172.00  0.45634    
   173.00  0.45457    
   174.00  0.46349    
   175.00  0.48231    
   176.00  0.50841    
   177.00  0.53747    
   178.00  0.56406    
   179.00  0.58274    
   180.00  0.58948    
 |--------|------------|
0.510000     micron = Wavelength
0.114857     = Extinction efficiency (Q)
0.105402     = Scattering efficiency (Qs)
0.945531E-02 = Absorption efficiency (Qa)
 23.2302     = Lidar ratio
0.336362E-02 micron^2 = <b> = Average surface area per particle
0.386335E-03 microns^2 = Extinction cross section (C)
0.354531E-03 microns^2 = Scattering cross section (Cs)
0.318040E-04 microns^2 = Absorption cross section (Ca)
 |----------------------------------------------------|
 | COMMENTAIRES:                                      |
 |----------------------------------------------------|
 |   -Cross section / <b> should = efficiency         |
 |    is independant of the normalisation of dN/dx    |
 |   -The integral of the phase fct / 4 pi over all   |
 |    directions (solid angle) = 1.                   |
 |   -The volume coefficient (k) is equal to C * N    |
 |      = cross section * Number density              |
 |      typical units: [um^2]*[particles/cm^3] =      |
 |      [10^-3 km-1]                                  |
 |      N = M/(d*4/3*pi*r^3) where d is the density   |
 |      of particle, M is the mass per unit volume    |
 |      and 4/3*pi*r^3 is the average volume  of a    |
 |      particle.                                     |
 |      typical units:  M -> [ug/m^3], d -> [g/cm^3]  |
 |                      r -> [um]                     |
 |      Lidar ratio= 4 pi Qe / phase_fct(180)*Qs      |
 |----------------------------------------------------|
