 |--------|------------|
 | ANGLE  |  PHASE FCT |
 |--------|------------|
     0.00   27.837    
     1.00   27.681    
     2.00   27.223    
     3.00   26.487    
     4.00   25.512    
     5.00   24.342    
     6.00   23.029    
     7.00   21.621    
     8.00   20.162    
     9.00   18.694    
    10.00   17.247    
    11.00   15.848    
    12.00   14.514    
    13.00   13.259    
    14.00   12.090    
    15.00   11.011    
    16.00   10.021    
    17.00   9.1190    
    18.00   8.3005    
    19.00   7.5607    
    20.00   6.8941    
    21.00   6.2946    
    22.00   5.7564    
    23.00   5.2735    
    24.00   4.8404    
    25.00   4.4518    
    26.00   4.1030    
    27.00   3.7894    
    28.00   3.5071    
    29.00   3.2526    
    30.00   3.0227    
    31.00   2.8144    
    32.00   2.6255    
    33.00   2.4535    
    34.00   2.2967    
    35.00   2.1534    
    36.00   2.0220    
    37.00   1.9013    
    38.00   1.7901    
    39.00   1.6875    
    40.00   1.5926    
    41.00   1.5047    
    42.00   1.4231    
    43.00   1.3471    
    44.00   1.2764    
    45.00   1.2103    
    46.00   1.1486    
    47.00   1.0909    
    48.00   1.0368    
    49.00  0.98610    
    50.00  0.93848    
    51.00  0.89374    
    52.00  0.85166    
    53.00  0.81205    
    54.00  0.77475    
    55.00  0.73959    
    56.00  0.70643    
    57.00  0.67514    
    58.00  0.64561    
    59.00  0.61771    
    60.00  0.59134    
    61.00  0.56642    
    62.00  0.54285    
    63.00  0.52055    
    64.00  0.49945    
    65.00  0.47947    
    66.00  0.46055    
    67.00  0.44264    
    68.00  0.42566    
    69.00  0.40957    
    70.00  0.39433    
    71.00  0.37987    
    72.00  0.36617    
    73.00  0.35318    
    74.00  0.34085    
    75.00  0.32916    
    76.00  0.31807    
    77.00  0.30756    
    78.00  0.29758    
    79.00  0.28812    
    80.00  0.27914    
    81.00  0.27062    
    82.00  0.26255    
    83.00  0.25489    
    84.00  0.24764    
    85.00  0.24076    
    86.00  0.23424    
    87.00  0.22807    
    88.00  0.22222    
    89.00  0.21669    
    90.00  0.21146    
    91.00  0.20652    
    92.00  0.20185    
    93.00  0.19745    
    94.00  0.19330    
    95.00  0.18940    
    96.00  0.18572    
    97.00  0.18228    
    98.00  0.17904    
    99.00  0.17602    
   100.00  0.17320    
   101.00  0.17058    
   102.00  0.16815    
   103.00  0.16590    
   104.00  0.16383    
   105.00  0.16193    
   106.00  0.16020    
   107.00  0.15864    
   108.00  0.15725    
   109.00  0.15601    
   110.00  0.15494    
   111.00  0.15402    
   112.00  0.15325    
   113.00  0.15264    
   114.00  0.15219    
   115.00  0.15189    
   116.00  0.15174    
   117.00  0.15175    
   118.00  0.15192    
   119.00  0.15225    
   120.00  0.15274    
   121.00  0.15340    
   122.00  0.15424    
   123.00  0.15525    
   124.00  0.15645    
   125.00  0.15785    
   126.00  0.15944    
   127.00  0.16124    
   128.00  0.16327    
   129.00  0.16553    
   130.00  0.16805    
   131.00  0.17082    
   132.00  0.17387    
   133.00  0.17722    
   134.00  0.18088    
   135.00  0.18488    
   136.00  0.18924    
   137.00  0.19397    
   138.00  0.19911    
   139.00  0.20467    
   140.00  0.21068    
   141.00  0.21715    
   142.00  0.22411    
   143.00  0.23156    
   144.00  0.23951    
   145.00  0.24795    
   146.00  0.25688    
   147.00  0.26627    
   148.00  0.27605    
   149.00  0.28616    
   150.00  0.29651    
   151.00  0.30696    
   152.00  0.31734    
   153.00  0.32745    
   154.00  0.33707    
   155.00  0.34591    
   156.00  0.35369    
   157.00  0.36009    
   158.00  0.36482    
   159.00  0.36759    
   160.00  0.36819    
   161.00  0.36650    
   162.00  0.36253    
   163.00  0.35647    
   164.00  0.34869    
   165.00  0.33978    
   166.00  0.33052    
   167.00  0.32184    
   168.00  0.31480    
   169.00  0.31042    
   170.00  0.30962    
   171.00  0.31305    
   172.00  0.32100    
   173.00  0.33326    
   174.00  0.34911    
   175.00  0.36727    
   176.00  0.38606    
   177.00  0.40355    
   178.00  0.41778    
   179.00  0.42708    
   180.00  0.43031    
 |--------|------------|
0.700000     micron = Wavelength
0.112199     = Extinction efficiency (Q)
0.103958     = Scattering efficiency (Qs)
0.824036E-02 = Absorption efficiency (Qa)
 31.5177     = Lidar ratio
0.313422E-02 micron^2 = <b> = Average surface area per particle
0.351655E-03 microns^2 = Extinction cross section (C)
0.325828E-03 microns^2 = Scattering cross section (Cs)
0.258271E-04 microns^2 = Absorption cross section (Ca)
 |----------------------------------------------------|
 | COMMENTAIRES:                                      |
 |----------------------------------------------------|
 |   -Cross section / <b> should = efficiency         |
 |    is independant of the normalisation of dN/dx    |
 |   -The integral of the phase fct / 4 pi over all   |
 |    directions (solid angle) = 1.                   |
 |   -The volume coefficient (k) is equal to C * N    |
 |      = cross section * Number density              |
 |      typical units: [um^2]*[particles/cm^3] =      |
 |      [10^-3 km-1]                                  |
 |      N = M/(d*4/3*pi*r^3) where d is the density   |
 |      of particle, M is the mass per unit volume    |
 |      and 4/3*pi*r^3 is the average volume  of a    |
 |      particle.                                     |
 |      typical units:  M -> [ug/m^3], d -> [g/cm^3]  |
 |                      r -> [um]                     |
 |      Lidar ratio= 4 pi Qe / phase_fct(180)*Qs      |
 |----------------------------------------------------|
