 |--------|------------|
 | ANGLE  |  PHASE FCT |
 |--------|------------|
     0.00   34.798    
     1.00   34.480    
     2.00   33.554    
     3.00   32.096    
     4.00   30.216    
     5.00   28.041    
     6.00   25.696    
     7.00   23.294    
     8.00   20.926    
     9.00   18.662    
    10.00   16.548    
    11.00   14.615    
    12.00   12.875    
    13.00   11.328    
    14.00   9.9691    
    15.00   8.7850    
    16.00   7.7604    
    17.00   6.8788    
    18.00   6.1231    
    19.00   5.4772    
    20.00   4.9259    
    21.00   4.4556    
    22.00   4.0541    
    23.00   3.7107    
    24.00   3.4162    
    25.00   3.1626    
    26.00   2.9433    
    27.00   2.7524    
    28.00   2.5853    
    29.00   2.4379    
    30.00   2.3070    
    31.00   2.1897    
    32.00   2.0838    
    33.00   1.9875    
    34.00   1.8992    
    35.00   1.8178    
    36.00   1.7421    
    37.00   1.6715    
    38.00   1.6052    
    39.00   1.5427    
    40.00   1.4836    
    41.00   1.4275    
    42.00   1.3741    
    43.00   1.3232    
    44.00   1.2747    
    45.00   1.2282    
    46.00   1.1838    
    47.00   1.1412    
    48.00   1.1003    
    49.00   1.0611    
    50.00   1.0236    
    51.00  0.98749    
    52.00  0.95288    
    53.00  0.91965    
    54.00  0.88775    
    55.00  0.85714    
    56.00  0.82774    
    57.00  0.79953    
    58.00  0.77245    
    59.00  0.74646    
    60.00  0.72152    
    61.00  0.69759    
    62.00  0.67464    
    63.00  0.65262    
    64.00  0.63150    
    65.00  0.61124    
    66.00  0.59182    
    67.00  0.57320    
    68.00  0.55535    
    69.00  0.53825    
    70.00  0.52186    
    71.00  0.50616    
    72.00  0.49113    
    73.00  0.47673    
    74.00  0.46295    
    75.00  0.44976    
    76.00  0.43714    
    77.00  0.42507    
    78.00  0.41352    
    79.00  0.40249    
    80.00  0.39195    
    81.00  0.38189    
    82.00  0.37228    
    83.00  0.36312    
    84.00  0.35438    
    85.00  0.34605    
    86.00  0.33812    
    87.00  0.33058    
    88.00  0.32341    
    89.00  0.31660    
    90.00  0.31013    
    91.00  0.30400    
    92.00  0.29820    
    93.00  0.29271    
    94.00  0.28753    
    95.00  0.28264    
    96.00  0.27804    
    97.00  0.27372    
    98.00  0.26967    
    99.00  0.26588    
   100.00  0.26234    
   101.00  0.25905    
   102.00  0.25601    
   103.00  0.25319    
   104.00  0.25061    
   105.00  0.24824    
   106.00  0.24610    
   107.00  0.24416    
   108.00  0.24243    
   109.00  0.24091    
   110.00  0.23959    
   111.00  0.23846    
   112.00  0.23753    
   113.00  0.23678    
   114.00  0.23623    
   115.00  0.23586    
   116.00  0.23568    
   117.00  0.23569    
   118.00  0.23588    
   119.00  0.23627    
   120.00  0.23684    
   121.00  0.23761    
   122.00  0.23857    
   123.00  0.23974    
   124.00  0.24113    
   125.00  0.24273    
   126.00  0.24456    
   127.00  0.24664    
   128.00  0.24897    
   129.00  0.25157    
   130.00  0.25447    
   131.00  0.25769    
   132.00  0.26126    
   133.00  0.26519    
   134.00  0.26954    
   135.00  0.27434    
   136.00  0.27964    
   137.00  0.28547    
   138.00  0.29191    
   139.00  0.29900    
   140.00  0.30681    
   141.00  0.31540    
   142.00  0.32483    
   143.00  0.33516    
   144.00  0.34644    
   145.00  0.35872    
   146.00  0.37200    
   147.00  0.38630    
   148.00  0.40156    
   149.00  0.41770    
   150.00  0.43460    
   151.00  0.45205    
   152.00  0.46981    
   153.00  0.48752    
   154.00  0.50481    
   155.00  0.52122    
   156.00  0.53626    
   157.00  0.54946    
   158.00  0.56037    
   159.00  0.56867    
   160.00  0.57419    
   161.00  0.57701    
   162.00  0.57753    
   163.00  0.57648    
   164.00  0.57495    
   165.00  0.57438    
   166.00  0.57642    
   167.00  0.58287    
   168.00  0.59550    
   169.00  0.61585    
   170.00  0.64509    
   171.00  0.68377    
   172.00  0.73165    
   173.00  0.78752    
   174.00  0.84913    
   175.00  0.91316    
   176.00  0.97537    
   177.00   1.0310    
   178.00   1.0751    
   179.00   1.1035    
   180.00   1.1133    
 |--------|------------|
0.560000     micron = Wavelength
0.112241     = Extinction efficiency (Q)
0.987776E-01 = Scattering efficiency (Qs)
0.134633E-01 = Absorption efficiency (Qa)
 12.8264     = Lidar ratio
0.302566E-02 micron^2 = <b> = Average surface area per particle
0.339603E-03 microns^2 = Extinction cross section (C)
0.298868E-03 microns^2 = Scattering cross section (Cs)
0.407353E-04 microns^2 = Absorption cross section (Ca)
 |----------------------------------------------------|
 | COMMENTAIRES:                                      |
 |----------------------------------------------------|
 |   -Cross section / <b> should = efficiency         |
 |    is independant of the normalisation of dN/dx    |
 |   -The integral of the phase fct / 4 pi over all   |
 |    directions (solid angle) = 1.                   |
 |   -The volume coefficient (k) is equal to C * N    |
 |      = cross section * Number density              |
 |      typical units: [um^2]*[particles/cm^3] =      |
 |      [10^-3 km-1]                                  |
 |      N = M/(d*4/3*pi*r^3) where d is the density   |
 |      of particle, M is the mass per unit volume    |
 |      and 4/3*pi*r^3 is the average volume  of a    |
 |      particle.                                     |
 |      typical units:  M -> [ug/m^3], d -> [g/cm^3]  |
 |                      r -> [um]                     |
 |      Lidar ratio= 4 pi Qe / phase_fct(180)*Qs      |
 |----------------------------------------------------|
