 |--------|------------|
 | ANGLE  |  PHASE FCT |
 |--------|------------|
     0.00   65.534    
     1.00   63.790    
     2.00   58.954    
     3.00   52.032    
     4.00   44.213    
     5.00   36.494    
     6.00   29.508    
     7.00   23.549    
     8.00   18.679    
     9.00   14.821    
    10.00   11.833    
    11.00   9.5565    
    12.00   7.8397    
    13.00   6.5526    
    14.00   5.5891    
    15.00   4.8659    
    16.00   4.3195    
    17.00   3.9026    
    18.00   3.5799    
    19.00   3.3257    
    20.00   3.1212    
    21.00   2.9528    
    22.00   2.8109    
    23.00   2.6885    
    24.00   2.5804    
    25.00   2.4832    
    26.00   2.3943    
    27.00   2.3118    
    28.00   2.2346    
    29.00   2.1616    
    30.00   2.0922    
    31.00   2.0259    
    32.00   1.9624    
    33.00   1.9013    
    34.00   1.8425    
    35.00   1.7858    
    36.00   1.7311    
    37.00   1.6782    
    38.00   1.6270    
    39.00   1.5775    
    40.00   1.5296    
    41.00   1.4832    
    42.00   1.4383    
    43.00   1.3948    
    44.00   1.3527    
    45.00   1.3119    
    46.00   1.2724    
    47.00   1.2342    
    48.00   1.1972    
    49.00   1.1613    
    50.00   1.1266    
    51.00   1.0930    
    52.00   1.0605    
    53.00   1.0291    
    54.00  0.99865    
    55.00  0.96922    
    56.00  0.94078    
    57.00  0.91327    
    58.00  0.88669    
    59.00  0.86101    
    60.00  0.83621    
    61.00  0.81225    
    62.00  0.78912    
    63.00  0.76681    
    64.00  0.74528    
    65.00  0.72452    
    66.00  0.70451    
    67.00  0.68522    
    68.00  0.66665    
    69.00  0.64877    
    70.00  0.63156    
    71.00  0.61500    
    72.00  0.59909    
    73.00  0.58379    
    74.00  0.56910    
    75.00  0.55500    
    76.00  0.54147    
    77.00  0.52850    
    78.00  0.51607    
    79.00  0.50417    
    80.00  0.49278    
    81.00  0.48189    
    82.00  0.47148    
    83.00  0.46155    
    84.00  0.45207    
    85.00  0.44304    
    86.00  0.43445    
    87.00  0.42628    
    88.00  0.41851    
    89.00  0.41115    
    90.00  0.40417    
    91.00  0.39757    
    92.00  0.39133    
    93.00  0.38545    
    94.00  0.37993    
    95.00  0.37473    
    96.00  0.36987    
    97.00  0.36532    
    98.00  0.36109    
    99.00  0.35716    
   100.00  0.35352    
   101.00  0.35017    
   102.00  0.34709    
   103.00  0.34429    
   104.00  0.34175    
   105.00  0.33947    
   106.00  0.33744    
   107.00  0.33565    
   108.00  0.33410    
   109.00  0.33278    
   110.00  0.33168    
   111.00  0.33080    
   112.00  0.33014    
   113.00  0.32968    
   114.00  0.32943    
   115.00  0.32937    
   116.00  0.32951    
   117.00  0.32985    
   118.00  0.33037    
   119.00  0.33109    
   120.00  0.33198    
   121.00  0.33307    
   122.00  0.33433    
   123.00  0.33578    
   124.00  0.33742    
   125.00  0.33924    
   126.00  0.34126    
   127.00  0.34347    
   128.00  0.34588    
   129.00  0.34851    
   130.00  0.35135    
   131.00  0.35442    
   132.00  0.35773    
   133.00  0.36129    
   134.00  0.36512    
   135.00  0.36924    
   136.00  0.37367    
   137.00  0.37841    
   138.00  0.38351    
   139.00  0.38898    
   140.00  0.39486    
   141.00  0.40115    
   142.00  0.40790    
   143.00  0.41513    
   144.00  0.42287    
   145.00  0.43114    
   146.00  0.44000    
   147.00  0.44946    
   148.00  0.45956    
   149.00  0.47035    
   150.00  0.48188    
   151.00  0.49420    
   152.00  0.50738    
   153.00  0.52149    
   154.00  0.53659    
   155.00  0.55273    
   156.00  0.56996    
   157.00  0.58824    
   158.00  0.60746    
   159.00  0.62736    
   160.00  0.64749    
   161.00  0.66718    
   162.00  0.68545    
   163.00  0.70112    
   164.00  0.71279    
   165.00  0.71906    
   166.00  0.71878    
   167.00  0.71134    
   168.00  0.69679    
   169.00  0.67604    
   170.00  0.65074    
   171.00  0.62326    
   172.00  0.59655    
   173.00  0.57419    
   174.00  0.56007    
   175.00  0.55770    
   176.00  0.56883    
   177.00  0.59181    
   178.00  0.62031    
   179.00  0.64417    
   180.00  0.65351    
 |--------|------------|
0.410000     micron = Wavelength
0.160290     = Extinction efficiency (Q)
0.146991     = Scattering efficiency (Qs)
0.132985E-01 = Absorption efficiency (Qa)
 20.9688     = Lidar ratio
0.446407E-02 micron^2 = <b> = Average surface area per particle
0.715544E-03 microns^2 = Extinction cross section (C)
0.656179E-03 microns^2 = Scattering cross section (Cs)
0.593653E-04 microns^2 = Absorption cross section (Ca)
 |----------------------------------------------------|
 | COMMENTAIRES:                                      |
 |----------------------------------------------------|
 |   -Cross section / <b> should = efficiency         |
 |    is independant of the normalisation of dN/dx    |
 |   -The integral of the phase fct / 4 pi over all   |
 |    directions (solid angle) = 1.                   |
 |   -The volume coefficient (k) is equal to C * N    |
 |      = cross section * Number density              |
 |      typical units: [um^2]*[particles/cm^3] =      |
 |      [10^-3 km-1]                                  |
 |      N = M/(d*4/3*pi*r^3) where d is the density   |
 |      of particle, M is the mass per unit volume    |
 |      and 4/3*pi*r^3 is the average volume  of a    |
 |      particle.                                     |
 |      typical units:  M -> [ug/m^3], d -> [g/cm^3]  |
 |                      r -> [um]                     |
 |      Lidar ratio= 4 pi Qe / phase_fct(180)*Qs      |
 |----------------------------------------------------|
