 |--------|------------|
 | ANGLE  |  PHASE FCT |
 |--------|------------|
     0.00   67.313    
     1.00   65.619    
     2.00   60.902    
     3.00   54.102    
     4.00   46.343    
     5.00   38.590    
     6.00   31.481    
     7.00   25.339    
     8.00   20.252    
     9.00   16.172    
    10.00   12.972    
    11.00   10.505    
    12.00   8.6242    
    13.00   7.1996    
    14.00   6.1238    
    15.00   5.3105    
    16.00   4.6927    
    17.00   4.2193    
    18.00   3.8519    
    19.00   3.5620    
    20.00   3.3288    
    21.00   3.1367    
    22.00   2.9748    
    23.00   2.8350    
    24.00   2.7116    
    25.00   2.6006    
    26.00   2.4990    
    27.00   2.4048    
    28.00   2.3166    
    29.00   2.2332    
    30.00   2.1540    
    31.00   2.0784    
    32.00   2.0061    
    33.00   1.9367    
    34.00   1.8700    
    35.00   1.8058    
    36.00   1.7440    
    37.00   1.6845    
    38.00   1.6271    
    39.00   1.5718    
    40.00   1.5186    
    41.00   1.4672    
    42.00   1.4177    
    43.00   1.3701    
    44.00   1.3241    
    45.00   1.2799    
    46.00   1.2372    
    47.00   1.1961    
    48.00   1.1566    
    49.00   1.1185    
    50.00   1.0818    
    51.00   1.0465    
    52.00   1.0125    
    53.00  0.97983    
    54.00  0.94836    
    55.00  0.91807    
    56.00  0.88893    
    57.00  0.86090    
    58.00  0.83394    
    59.00  0.80802    
    60.00  0.78310    
    61.00  0.75914    
    62.00  0.73611    
    63.00  0.71399    
    64.00  0.69274    
    65.00  0.67234    
    66.00  0.65275    
    67.00  0.63394    
    68.00  0.61590    
    69.00  0.59859    
    70.00  0.58200    
    71.00  0.56610    
    72.00  0.55087    
    73.00  0.53628    
    74.00  0.52231    
    75.00  0.50895    
    76.00  0.49618    
    77.00  0.48398    
    78.00  0.47232    
    79.00  0.46119    
    80.00  0.45057    
    81.00  0.44046    
    82.00  0.43082    
    83.00  0.42165    
    84.00  0.41292    
    85.00  0.40464    
    86.00  0.39677    
    87.00  0.38931    
    88.00  0.38225    
    89.00  0.37557    
    90.00  0.36926    
    91.00  0.36331    
    92.00  0.35770    
    93.00  0.35243    
    94.00  0.34749    
    95.00  0.34286    
    96.00  0.33854    
    97.00  0.33451    
    98.00  0.33078    
    99.00  0.32732    
   100.00  0.32414    
   101.00  0.32121    
   102.00  0.31855    
   103.00  0.31613    
   104.00  0.31395    
   105.00  0.31202    
   106.00  0.31031    
   107.00  0.30883    
   108.00  0.30756    
   109.00  0.30651    
   110.00  0.30568    
   111.00  0.30504    
   112.00  0.30461    
   113.00  0.30438    
   114.00  0.30435    
   115.00  0.30451    
   116.00  0.30486    
   117.00  0.30540    
   118.00  0.30613    
   119.00  0.30705    
   120.00  0.30816    
   121.00  0.30947    
   122.00  0.31097    
   123.00  0.31267    
   124.00  0.31457    
   125.00  0.31668    
   126.00  0.31900    
   127.00  0.32155    
   128.00  0.32433    
   129.00  0.32735    
   130.00  0.33062    
   131.00  0.33415    
   132.00  0.33797    
   133.00  0.34208    
   134.00  0.34649    
   135.00  0.35124    
   136.00  0.35634    
   137.00  0.36180    
   138.00  0.36764    
   139.00  0.37388    
   140.00  0.38053    
   141.00  0.38762    
   142.00  0.39515    
   143.00  0.40314    
   144.00  0.41158    
   145.00  0.42047    
   146.00  0.42982    
   147.00  0.43962    
   148.00  0.44986    
   149.00  0.46054    
   150.00  0.47166    
   151.00  0.48320    
   152.00  0.49519    
   153.00  0.50766    
   154.00  0.52066    
   155.00  0.53423    
   156.00  0.54846    
   157.00  0.56340    
   158.00  0.57907    
   159.00  0.59539    
   160.00  0.61217    
   161.00  0.62897    
   162.00  0.64511    
   163.00  0.65958    
   164.00  0.67106    
   165.00  0.67800    
   166.00  0.67885    
   167.00  0.67235    
   168.00  0.65792    
   169.00  0.63601    
   170.00  0.60834    
   171.00  0.57784    
   172.00  0.54848    
   173.00  0.52481    
   174.00  0.51141    
   175.00  0.51183    
   176.00  0.52723    
   177.00  0.55490    
   178.00  0.58743    
   179.00  0.61390    
   180.00  0.62413    
 |--------|------------|
0.546000     micron = Wavelength
0.146715     = Extinction efficiency (Q)
0.135762     = Scattering efficiency (Qs)
0.109532E-01 = Absorption efficiency (Qa)
 21.7585     = Lidar ratio
0.747899E-02 micron^2 = <b> = Average surface area per particle
0.109728E-02 microns^2 = Extinction cross section (C)
0.101536E-02 microns^2 = Scattering cross section (Cs)
0.819191E-04 microns^2 = Absorption cross section (Ca)
 |----------------------------------------------------|
 | COMMENTAIRES:                                      |
 |----------------------------------------------------|
 |   -Cross section / <b> should = efficiency         |
 |    is independant of the normalisation of dN/dx    |
 |   -The integral of the phase fct / 4 pi over all   |
 |    directions (solid angle) = 1.                   |
 |   -The volume coefficient (k) is equal to C * N    |
 |      = cross section * Number density              |
 |      typical units: [um^2]*[particles/cm^3] =      |
 |      [10^-3 km-1]                                  |
 |      N = M/(d*4/3*pi*r^3) where d is the density   |
 |      of particle, M is the mass per unit volume    |
 |      and 4/3*pi*r^3 is the average volume  of a    |
 |      particle.                                     |
 |      typical units:  M -> [ug/m^3], d -> [g/cm^3]  |
 |                      r -> [um]                     |
 |      Lidar ratio= 4 pi Qe / phase_fct(180)*Qs      |
 |----------------------------------------------------|
