 |--------|------------|
 | ANGLE  |  PHASE FCT |
 |--------|------------|
     0.00   70.643    
     1.00   68.401    
     2.00   62.268    
     3.00   53.709    
     4.00   44.381    
     5.00   35.554    
     6.00   27.919    
     7.00   21.697    
     8.00   16.834    
     9.00   13.146    
    10.00   10.406    
    11.00   8.3956    
    12.00   6.9311    
    13.00   5.8656    
    14.00   5.0873    
    15.00   4.5136    
    16.00   4.0845    
    17.00   3.7576    
    18.00   3.5025    
    19.00   3.2983    
    20.00   3.1302    
    21.00   2.9877    
    22.00   2.8637    
    23.00   2.7534    
    24.00   2.6532    
    25.00   2.5609    
    26.00   2.4747    
    27.00   2.3934    
    28.00   2.3164    
    29.00   2.2430    
    30.00   2.1728    
    31.00   2.1053    
    32.00   2.0404    
    33.00   1.9779    
    34.00   1.9175    
    35.00   1.8592    
    36.00   1.8028    
    37.00   1.7482    
    38.00   1.6954    
    39.00   1.6442    
    40.00   1.5947    
    41.00   1.5466    
    42.00   1.5001    
    43.00   1.4550    
    44.00   1.4112    
    45.00   1.3689    
    46.00   1.3278    
    47.00   1.2879    
    48.00   1.2493    
    49.00   1.2119    
    50.00   1.1757    
    51.00   1.1406    
    52.00   1.1066    
    53.00   1.0736    
    54.00   1.0417    
    55.00   1.0109    
    56.00  0.98097    
    57.00  0.95206    
    58.00  0.92409    
    59.00  0.89704    
    60.00  0.87089    
    61.00  0.84562    
    62.00  0.82121    
    63.00  0.79764    
    64.00  0.77488    
    65.00  0.75292    
    66.00  0.73174    
    67.00  0.71132    
    68.00  0.69164    
    69.00  0.67268    
    70.00  0.65444    
    71.00  0.63688    
    72.00  0.62000    
    73.00  0.60377    
    74.00  0.58819    
    75.00  0.57323    
    76.00  0.55888    
    77.00  0.54512    
    78.00  0.53194    
    79.00  0.51932    
    80.00  0.50725    
    81.00  0.49571    
    82.00  0.48469    
    83.00  0.47418    
    84.00  0.46415    
    85.00  0.45460    
    86.00  0.44551    
    87.00  0.43687    
    88.00  0.42866    
    89.00  0.42088    
    90.00  0.41351    
    91.00  0.40653    
    92.00  0.39994    
    93.00  0.39372    
    94.00  0.38787    
    95.00  0.38237    
    96.00  0.37720    
    97.00  0.37237    
    98.00  0.36786    
    99.00  0.36367    
   100.00  0.35977    
   101.00  0.35617    
   102.00  0.35285    
   103.00  0.34981    
   104.00  0.34704    
   105.00  0.34453    
   106.00  0.34227    
   107.00  0.34026    
   108.00  0.33848    
   109.00  0.33694    
   110.00  0.33563    
   111.00  0.33454    
   112.00  0.33366    
   113.00  0.33300    
   114.00  0.33254    
   115.00  0.33228    
   116.00  0.33222    
   117.00  0.33236    
   118.00  0.33269    
   119.00  0.33321    
   120.00  0.33392    
   121.00  0.33481    
   122.00  0.33590    
   123.00  0.33718    
   124.00  0.33865    
   125.00  0.34031    
   126.00  0.34217    
   127.00  0.34424    
   128.00  0.34652    
   129.00  0.34902    
   130.00  0.35174    
   131.00  0.35471    
   132.00  0.35793    
   133.00  0.36142    
   134.00  0.36519    
   135.00  0.36925    
   136.00  0.37364    
   137.00  0.37835    
   138.00  0.38343    
   139.00  0.38887    
   140.00  0.39470    
   141.00  0.40094    
   142.00  0.40759    
   143.00  0.41466    
   144.00  0.42215    
   145.00  0.43006    
   146.00  0.43838    
   147.00  0.44708    
   148.00  0.45613    
   149.00  0.46550    
   150.00  0.47516    
   151.00  0.48506    
   152.00  0.49516    
   153.00  0.50545    
   154.00  0.51592    
   155.00  0.52661    
   156.00  0.53756    
   157.00  0.54888    
   158.00  0.56066    
   159.00  0.57300    
   160.00  0.58595    
   161.00  0.59940    
   162.00  0.61308    
   163.00  0.62644    
   164.00  0.63859    
   165.00  0.64833    
   166.00  0.65425    
   167.00  0.65502    
   168.00  0.64968    
   169.00  0.63799    
   170.00  0.62066    
   171.00  0.59934    
   172.00  0.57648    
   173.00  0.55541    
   174.00  0.54019    
   175.00  0.53506    
   176.00  0.54317    
   177.00  0.56455    
   178.00  0.59369    
   179.00  0.61944    
   180.00  0.62977    
 |--------|------------|
0.480000     micron = Wavelength
0.174610     = Extinction efficiency (Q)
0.162469     = Scattering efficiency (Qs)
0.121415E-01 = Absorption efficiency (Qa)
 21.4449     = Lidar ratio
0.747895E-02 micron^2 = <b> = Average surface area per particle
0.130590E-02 microns^2 = Extinction cross section (C)
0.121510E-02 microns^2 = Scattering cross section (Cs)
0.908055E-04 microns^2 = Absorption cross section (Ca)
 |----------------------------------------------------|
 | COMMENTAIRES:                                      |
 |----------------------------------------------------|
 |   -Cross section / <b> should = efficiency         |
 |    is independant of the normalisation of dN/dx    |
 |   -The integral of the phase fct / 4 pi over all   |
 |    directions (solid angle) = 1.                   |
 |   -The volume coefficient (k) is equal to C * N    |
 |      = cross section * Number density              |
 |      typical units: [um^2]*[particles/cm^3] =      |
 |      [10^-3 km-1]                                  |
 |      N = M/(d*4/3*pi*r^3) where d is the density   |
 |      of particle, M is the mass per unit volume    |
 |      and 4/3*pi*r^3 is the average volume  of a    |
 |      particle.                                     |
 |      typical units:  M -> [ug/m^3], d -> [g/cm^3]  |
 |                      r -> [um]                     |
 |      Lidar ratio= 4 pi Qe / phase_fct(180)*Qs      |
 |----------------------------------------------------|
