 |--------|------------|
 | ANGLE  |  PHASE FCT |
 |--------|------------|
     0.00   116.73    
     1.00   110.43    
     2.00   93.981    
     3.00   73.053    
     4.00   53.131    
     5.00   37.182    
     6.00   25.654    
     7.00   17.760    
     8.00   12.523    
     9.00   9.1268    
    10.00   6.9481    
    11.00   5.5425    
    12.00   4.6245    
    13.00   4.0148    
    14.00   3.5971    
    15.00   3.2994    
    16.00   3.0794    
    17.00   2.9104    
    18.00   2.7749    
    19.00   2.6627    
    20.00   2.5673    
    21.00   2.4842    
    22.00   2.4102    
    23.00   2.3432    
    24.00   2.2820    
    25.00   2.2252    
    26.00   2.1720    
    27.00   2.1217    
    28.00   2.0739    
    29.00   2.0281    
    30.00   1.9839    
    31.00   1.9413    
    32.00   1.8997    
    33.00   1.8592    
    34.00   1.8196    
    35.00   1.7808    
    36.00   1.7426    
    37.00   1.7051    
    38.00   1.6682    
    39.00   1.6317    
    40.00   1.5958    
    41.00   1.5604    
    42.00   1.5254    
    43.00   1.4909    
    44.00   1.4568    
    45.00   1.4232    
    46.00   1.3900    
    47.00   1.3573    
    48.00   1.3251    
    49.00   1.2934    
    50.00   1.2622    
    51.00   1.2314    
    52.00   1.2012    
    53.00   1.1715    
    54.00   1.1423    
    55.00   1.1137    
    56.00   1.0856    
    57.00   1.0580    
    58.00   1.0311    
    59.00   1.0047    
    60.00  0.97886    
    61.00  0.95363    
    62.00  0.92900    
    63.00  0.90496    
    64.00  0.88151    
    65.00  0.85867    
    66.00  0.83643    
    67.00  0.81480    
    68.00  0.79376    
    69.00  0.77333    
    70.00  0.75350    
    71.00  0.73427    
    72.00  0.71563    
    73.00  0.69758    
    74.00  0.68012    
    75.00  0.66325    
    76.00  0.64695    
    77.00  0.63122    
    78.00  0.61606    
    79.00  0.60145    
    80.00  0.58740    
    81.00  0.57389    
    82.00  0.56091    
    83.00  0.54846    
    84.00  0.53652    
    85.00  0.52509    
    86.00  0.51416    
    87.00  0.50372    
    88.00  0.49376    
    89.00  0.48426    
    90.00  0.47522    
    91.00  0.46663    
    92.00  0.45848    
    93.00  0.45075    
    94.00  0.44344    
    95.00  0.43654    
    96.00  0.43003    
    97.00  0.42390    
    98.00  0.41815    
    99.00  0.41275    
   100.00  0.40771    
   101.00  0.40302    
   102.00  0.39865    
   103.00  0.39460    
   104.00  0.39086    
   105.00  0.38742    
   106.00  0.38427    
   107.00  0.38140    
   108.00  0.37880    
   109.00  0.37646    
   110.00  0.37436    
   111.00  0.37251    
   112.00  0.37089    
   113.00  0.36949    
   114.00  0.36830    
   115.00  0.36732    
   116.00  0.36653    
   117.00  0.36593    
   118.00  0.36550    
   119.00  0.36524    
   120.00  0.36515    
   121.00  0.36520    
   122.00  0.36541    
   123.00  0.36574    
   124.00  0.36621    
   125.00  0.36681    
   126.00  0.36751    
   127.00  0.36833    
   128.00  0.36924    
   129.00  0.37025    
   130.00  0.37135    
   131.00  0.37253    
   132.00  0.37379    
   133.00  0.37511    
   134.00  0.37650    
   135.00  0.37795    
   136.00  0.37944    
   137.00  0.38099    
   138.00  0.38257    
   139.00  0.38419    
   140.00  0.38584    
   141.00  0.38751    
   142.00  0.38920    
   143.00  0.39091    
   144.00  0.39264    
   145.00  0.39436    
   146.00  0.39610    
   147.00  0.39783    
   148.00  0.39956    
   149.00  0.40128    
   150.00  0.40299    
   151.00  0.40469    
   152.00  0.40638    
   153.00  0.40806    
   154.00  0.40971    
   155.00  0.41135    
   156.00  0.41296    
   157.00  0.41455    
   158.00  0.41609    
   159.00  0.41759    
   160.00  0.41904    
   161.00  0.42041    
   162.00  0.42170    
   163.00  0.42290    
   164.00  0.42400    
   165.00  0.42500    
   166.00  0.42589    
   167.00  0.42670    
   168.00  0.42743    
   169.00  0.42811    
   170.00  0.42876    
   171.00  0.42940    
   172.00  0.43003    
   173.00  0.43068    
   174.00  0.43132    
   175.00  0.43195    
   176.00  0.43253    
   177.00  0.43304    
   178.00  0.43344    
   179.00  0.43369    
   180.00  0.43378    
 |--------|------------|
0.580000     micron = Wavelength
0.478208     = Extinction efficiency (Q)
0.218891     = Scattering efficiency (Qs)
0.259317     = Absorption efficiency (Qa)
 63.2896     = Lidar ratio
0.151649E-01 micron^2 = <b> = Average surface area per particle
0.725196E-02 microns^2 = Extinction cross section (C)
0.331945E-02 microns^2 = Scattering cross section (Cs)
0.393251E-02 microns^2 = Absorption cross section (Ca)
 |----------------------------------------------------|
 | COMMENTAIRES:                                      |
 |----------------------------------------------------|
 |   -Cross section / <b> should = efficiency         |
 |    is independant of the normalisation of dN/dx    |
 |   -The integral of the phase fct / 4 pi over all   |
 |    directions (solid angle) = 1.                   |
 |   -The volume coefficient (k) is equal to C * N    |
 |      = cross section * Number density              |
 |      typical units: [um^2]*[particles/cm^3] =      |
 |      [10^-3 km-1]                                  |
 |      N = M/(d*4/3*pi*r^3) where d is the density   |
 |      of particle, M is the mass per unit volume    |
 |      and 4/3*pi*r^3 is the average volume  of a    |
 |      particle.                                     |
 |      typical units:  M -> [ug/m^3], d -> [g/cm^3]  |
 |                      r -> [um]                     |
 |      Lidar ratio= 4 pi Qe / phase_fct(180)*Qs      |
 |----------------------------------------------------|
