 |--------|------------|
 | ANGLE  |  PHASE FCT |
 |--------|------------|
     0.00   112.65    
     1.00   105.95    
     2.00   88.637    
     3.00   67.096    
     4.00   47.287    
     5.00   32.124    
     6.00   21.692    
     7.00   14.867    
     8.00   10.516    
     9.00   7.7967    
    10.00   6.1075    
    11.00   5.0407    
    12.00   4.3515    
    13.00   3.8949    
    14.00   3.5789    
    15.00   3.3482    
    16.00   3.1730    
    17.00   3.0344    
    18.00   2.9196    
    19.00   2.8216    
    20.00   2.7361    
    21.00   2.6598    
    22.00   2.5902    
    23.00   2.5261    
    24.00   2.4663    
    25.00   2.4099    
    26.00   2.3562    
    27.00   2.3048    
    28.00   2.2553    
    29.00   2.2071    
    30.00   2.1603    
    31.00   2.1145    
    32.00   2.0696    
    33.00   2.0255    
    34.00   1.9820    
    35.00   1.9392    
    36.00   1.8969    
    37.00   1.8551    
    38.00   1.8138    
    39.00   1.7730    
    40.00   1.7326    
    41.00   1.6927    
    42.00   1.6533    
    43.00   1.6143    
    44.00   1.5759    
    45.00   1.5379    
    46.00   1.5004    
    47.00   1.4635    
    48.00   1.4271    
    49.00   1.3912    
    50.00   1.3559    
    51.00   1.3212    
    52.00   1.2871    
    53.00   1.2536    
    54.00   1.2207    
    55.00   1.1885    
    56.00   1.1569    
    57.00   1.1259    
    58.00   1.0956    
    59.00   1.0660    
    60.00   1.0371    
    61.00   1.0088    
    62.00  0.98129    
    63.00  0.95442    
    64.00  0.92825    
    65.00  0.90276    
    66.00  0.87798    
    67.00  0.85388    
    68.00  0.83049    
    69.00  0.80777    
    70.00  0.78575    
    71.00  0.76440    
    72.00  0.74373    
    73.00  0.72373    
    74.00  0.70439    
    75.00  0.68571    
    76.00  0.66767    
    77.00  0.65027    
    78.00  0.63351    
    79.00  0.61736    
    80.00  0.60182    
    81.00  0.58689    
    82.00  0.57254    
    83.00  0.55877    
    84.00  0.54556    
    85.00  0.53292    
    86.00  0.52081    
    87.00  0.50924    
    88.00  0.49819    
    89.00  0.48764    
    90.00  0.47759    
    91.00  0.46803    
    92.00  0.45893    
    93.00  0.45029    
    94.00  0.44210    
    95.00  0.43434    
    96.00  0.42700    
    97.00  0.42007    
    98.00  0.41354    
    99.00  0.40739    
   100.00  0.40162    
   101.00  0.39620    
   102.00  0.39114    
   103.00  0.38641    
   104.00  0.38202    
   105.00  0.37793    
   106.00  0.37415    
   107.00  0.37067    
   108.00  0.36746    
   109.00  0.36453    
   110.00  0.36186    
   111.00  0.35945    
   112.00  0.35727    
   113.00  0.35533    
   114.00  0.35361    
   115.00  0.35210    
   116.00  0.35080    
   117.00  0.34969    
   118.00  0.34877    
   119.00  0.34802    
   120.00  0.34745    
   121.00  0.34704    
   122.00  0.34678    
   123.00  0.34667    
   124.00  0.34669    
   125.00  0.34684    
   126.00  0.34712    
   127.00  0.34751    
   128.00  0.34801    
   129.00  0.34862    
   130.00  0.34932    
   131.00  0.35011    
   132.00  0.35098    
   133.00  0.35193    
   134.00  0.35295    
   135.00  0.35403    
   136.00  0.35518    
   137.00  0.35638    
   138.00  0.35762    
   139.00  0.35891    
   140.00  0.36024    
   141.00  0.36160    
   142.00  0.36299    
   143.00  0.36441    
   144.00  0.36584    
   145.00  0.36728    
   146.00  0.36874    
   147.00  0.37021    
   148.00  0.37167    
   149.00  0.37314    
   150.00  0.37460    
   151.00  0.37606    
   152.00  0.37751    
   153.00  0.37895    
   154.00  0.38037    
   155.00  0.38178    
   156.00  0.38317    
   157.00  0.38454    
   158.00  0.38588    
   159.00  0.38718    
   160.00  0.38843    
   161.00  0.38964    
   162.00  0.39078    
   163.00  0.39186    
   164.00  0.39286    
   165.00  0.39378    
   166.00  0.39462    
   167.00  0.39539    
   168.00  0.39610    
   169.00  0.39675    
   170.00  0.39736    
   171.00  0.39795    
   172.00  0.39852    
   173.00  0.39907    
   174.00  0.39961    
   175.00  0.40012    
   176.00  0.40058    
   177.00  0.40098    
   178.00  0.40128    
   179.00  0.40148    
   180.00  0.40154    
 |--------|------------|
0.540000     micron = Wavelength
0.536900     = Extinction efficiency (Q)
0.256087     = Scattering efficiency (Qs)
0.280813     = Absorption efficiency (Qa)
 65.6120     = Lidar ratio
0.151630E-01 micron^2 = <b> = Average surface area per particle
0.814100E-02 microns^2 = Extinction cross section (C)
0.388304E-02 microns^2 = Scattering cross section (Cs)
0.425796E-02 microns^2 = Absorption cross section (Ca)
 |----------------------------------------------------|
 | COMMENTAIRES:                                      |
 |----------------------------------------------------|
 |   -Cross section / <b> should = efficiency         |
 |    is independant of the normalisation of dN/dx    |
 |   -The integral of the phase fct / 4 pi over all   |
 |    directions (solid angle) = 1.                   |
 |   -The volume coefficient (k) is equal to C * N    |
 |      = cross section * Number density              |
 |      typical units: [um^2]*[particles/cm^3] =      |
 |      [10^-3 km-1]                                  |
 |      N = M/(d*4/3*pi*r^3) where d is the density   |
 |      of particle, M is the mass per unit volume    |
 |      and 4/3*pi*r^3 is the average volume  of a    |
 |      particle.                                     |
 |      typical units:  M -> [ug/m^3], d -> [g/cm^3]  |
 |                      r -> [um]                     |
 |      Lidar ratio= 4 pi Qe / phase_fct(180)*Qs      |
 |----------------------------------------------------|
