 |--------|------------|
 | ANGLE  |  PHASE FCT |
 |--------|------------|
     0.00   117.61    
     1.00   111.42    
     2.00   95.198    
     3.00   74.456    
     4.00   54.552    
     5.00   38.449    
     6.00   26.678    
     7.00   18.532    
     8.00   13.075    
     9.00   9.5058    
    10.00   7.1976    
    11.00   5.6998    
    12.00   4.7179    
    13.00   4.0645    
    14.00   3.6173    
    15.00   3.2998    
    16.00   3.0664    
    17.00   2.8883    
    18.00   2.7466    
    19.00   2.6300    
    20.00   2.5316    
    21.00   2.4464    
    22.00   2.3708    
    23.00   2.3029    
    24.00   2.2410    
    25.00   2.1838    
    26.00   2.1304    
    27.00   2.0802    
    28.00   2.0326    
    29.00   1.9871    
    30.00   1.9435    
    31.00   1.9013    
    32.00   1.8604    
    33.00   1.8206    
    34.00   1.7818    
    35.00   1.7438    
    36.00   1.7065    
    37.00   1.6698    
    38.00   1.6338    
    39.00   1.5983    
    40.00   1.5633    
    41.00   1.5288    
    42.00   1.4948    
    43.00   1.4612    
    44.00   1.4281    
    45.00   1.3955    
    46.00   1.3633    
    47.00   1.3315    
    48.00   1.3002    
    49.00   1.2694    
    50.00   1.2391    
    51.00   1.2092    
    52.00   1.1799    
    53.00   1.1510    
    54.00   1.1227    
    55.00   1.0949    
    56.00   1.0676    
    57.00   1.0408    
    58.00   1.0146    
    59.00  0.98897    
    60.00  0.96388    
    61.00  0.93935    
    62.00  0.91540    
    63.00  0.89201    
    64.00  0.86921    
    65.00  0.84698    
    66.00  0.82535    
    67.00  0.80429    
    68.00  0.78381    
    69.00  0.76392    
    70.00  0.74461    
    71.00  0.72588    
    72.00  0.70773    
    73.00  0.69015    
    74.00  0.67315    
    75.00  0.65671    
    76.00  0.64083    
    77.00  0.62551    
    78.00  0.61074    
    79.00  0.59651    
    80.00  0.58281    
    81.00  0.56965    
    82.00  0.55701    
    83.00  0.54488    
    84.00  0.53325    
    85.00  0.52212    
    86.00  0.51148    
    87.00  0.50132    
    88.00  0.49163    
    89.00  0.48239    
    90.00  0.47360    
    91.00  0.46525    
    92.00  0.45734    
    93.00  0.44983    
    94.00  0.44274    
    95.00  0.43605    
    96.00  0.42974    
    97.00  0.42381    
    98.00  0.41825    
    99.00  0.41305    
   100.00  0.40819    
   101.00  0.40366    
   102.00  0.39947    
   103.00  0.39558    
   104.00  0.39201    
   105.00  0.38872    
   106.00  0.38573    
   107.00  0.38301    
   108.00  0.38055    
   109.00  0.37835    
   110.00  0.37640    
   111.00  0.37468    
   112.00  0.37320    
   113.00  0.37193    
   114.00  0.37087    
   115.00  0.37001    
   116.00  0.36934    
   117.00  0.36886    
   118.00  0.36855    
   119.00  0.36841    
   120.00  0.36842    
   121.00  0.36859    
   122.00  0.36890    
   123.00  0.36935    
   124.00  0.36992    
   125.00  0.37062    
   126.00  0.37142    
   127.00  0.37234    
   128.00  0.37335    
   129.00  0.37445    
   130.00  0.37565    
   131.00  0.37692    
   132.00  0.37826    
   133.00  0.37967    
   134.00  0.38115    
   135.00  0.38268    
   136.00  0.38425    
   137.00  0.38588    
   138.00  0.38754    
   139.00  0.38923    
   140.00  0.39096    
   141.00  0.39270    
   142.00  0.39447    
   143.00  0.39625    
   144.00  0.39804    
   145.00  0.39983    
   146.00  0.40163    
   147.00  0.40342    
   148.00  0.40521    
   149.00  0.40699    
   150.00  0.40876    
   151.00  0.41053    
   152.00  0.41227    
   153.00  0.41400    
   154.00  0.41572    
   155.00  0.41741    
   156.00  0.41908    
   157.00  0.42072    
   158.00  0.42231    
   159.00  0.42386    
   160.00  0.42535    
   161.00  0.42676    
   162.00  0.42809    
   163.00  0.42931    
   164.00  0.43043    
   165.00  0.43144    
   166.00  0.43235    
   167.00  0.43316    
   168.00  0.43390    
   169.00  0.43458    
   170.00  0.43524    
   171.00  0.43588    
   172.00  0.43653    
   173.00  0.43720    
   174.00  0.43787    
   175.00  0.43853    
   176.00  0.43915    
   177.00  0.43969    
   178.00  0.44011    
   179.00  0.44038    
   180.00  0.44047    
 |--------|------------|
0.590000     micron = Wavelength
0.465489     = Extinction efficiency (Q)
0.210926     = Scattering efficiency (Qs)
0.254563     = Absorption efficiency (Qa)
 62.9604     = Lidar ratio
0.151652E-01 micron^2 = <b> = Average surface area per particle
0.705924E-02 microns^2 = Extinction cross section (C)
0.319874E-02 microns^2 = Scattering cross section (Cs)
0.386050E-02 microns^2 = Absorption cross section (Ca)
 |----------------------------------------------------|
 | COMMENTAIRES:                                      |
 |----------------------------------------------------|
 |   -Cross section / <b> should = efficiency         |
 |    is independant of the normalisation of dN/dx    |
 |   -The integral of the phase fct / 4 pi over all   |
 |    directions (solid angle) = 1.                   |
 |   -The volume coefficient (k) is equal to C * N    |
 |      = cross section * Number density              |
 |      typical units: [um^2]*[particles/cm^3] =      |
 |      [10^-3 km-1]                                  |
 |      N = M/(d*4/3*pi*r^3) where d is the density   |
 |      of particle, M is the mass per unit volume    |
 |      and 4/3*pi*r^3 is the average volume  of a    |
 |      particle.                                     |
 |      typical units:  M -> [ug/m^3], d -> [g/cm^3]  |
 |                      r -> [um]                     |
 |      Lidar ratio= 4 pi Qe / phase_fct(180)*Qs      |
 |----------------------------------------------------|
