 |--------|------------|
 | ANGLE  |  PHASE FCT |
 |--------|------------|
     0.00   97.907    
     1.00   90.459    
     2.00   71.792    
     3.00   50.035    
     4.00   32.038    
     5.00   20.153    
     6.00   13.244    
     7.00   9.3435    
     8.00   7.1185    
     9.00   5.8596    
    10.00   5.1349    
    11.00   4.6812    
    12.00   4.3765    
    13.00   4.1636    
    14.00   4.0016    
    15.00   3.8677    
    16.00   3.7547    
    17.00   3.6566    
    18.00   3.5671    
    19.00   3.4838    
    20.00   3.4064    
    21.00   3.3327    
    22.00   3.2612    
    23.00   3.1920    
    24.00   3.1246    
    25.00   3.0582    
    26.00   2.9926    
    27.00   2.9279    
    28.00   2.8637    
    29.00   2.8000    
    30.00   2.7366    
    31.00   2.6738    
    32.00   2.6113    
    33.00   2.5492    
    34.00   2.4875    
    35.00   2.4263    
    36.00   2.3656    
    37.00   2.3054    
    38.00   2.2458    
    39.00   2.1868    
    40.00   2.1284    
    41.00   2.0708    
    42.00   2.0139    
    43.00   1.9578    
    44.00   1.9026    
    45.00   1.8482    
    46.00   1.7947    
    47.00   1.7422    
    48.00   1.6906    
    49.00   1.6400    
    50.00   1.5905    
    51.00   1.5420    
    52.00   1.4946    
    53.00   1.4482    
    54.00   1.4029    
    55.00   1.3588    
    56.00   1.3157    
    57.00   1.2737    
    58.00   1.2329    
    59.00   1.1931    
    60.00   1.1545    
    61.00   1.1170    
    62.00   1.0805    
    63.00   1.0452    
    64.00   1.0110    
    65.00  0.97777    
    66.00  0.94565    
    67.00  0.91458    
    68.00  0.88454    
    69.00  0.85551    
    70.00  0.82748    
    71.00  0.80043    
    72.00  0.77434    
    73.00  0.74919    
    74.00  0.72496    
    75.00  0.70164    
    76.00  0.67920    
    77.00  0.65762    
    78.00  0.63688    
    79.00  0.61697    
    80.00  0.59784    
    81.00  0.57950    
    82.00  0.56191    
    83.00  0.54505    
    84.00  0.52890    
    85.00  0.51345    
    86.00  0.49867    
    87.00  0.48453    
    88.00  0.47103    
    89.00  0.45814    
    90.00  0.44583    
    91.00  0.43410    
    92.00  0.42291    
    93.00  0.41226    
    94.00  0.40213    
    95.00  0.39249    
    96.00  0.38333    
    97.00  0.37463    
    98.00  0.36638    
    99.00  0.35856    
   100.00  0.35115    
   101.00  0.34414    
   102.00  0.33751    
   103.00  0.33125    
   104.00  0.32535    
   105.00  0.31979    
   106.00  0.31456    
   107.00  0.30964    
   108.00  0.30502    
   109.00  0.30070    
   110.00  0.29665    
   111.00  0.29288    
   112.00  0.28936    
   113.00  0.28609    
   114.00  0.28305    
   115.00  0.28025    
   116.00  0.27765    
   117.00  0.27527    
   118.00  0.27309    
   119.00  0.27110    
   120.00  0.26929    
   121.00  0.26765    
   122.00  0.26619    
   123.00  0.26488    
   124.00  0.26372    
   125.00  0.26271    
   126.00  0.26184    
   127.00  0.26109    
   128.00  0.26048    
   129.00  0.25998    
   130.00  0.25959    
   131.00  0.25932    
   132.00  0.25914    
   133.00  0.25906    
   134.00  0.25907    
   135.00  0.25916    
   136.00  0.25934    
   137.00  0.25959    
   138.00  0.25991    
   139.00  0.26029    
   140.00  0.26074    
   141.00  0.26124    
   142.00  0.26179    
   143.00  0.26239    
   144.00  0.26303    
   145.00  0.26371    
   146.00  0.26443    
   147.00  0.26517    
   148.00  0.26595    
   149.00  0.26674    
   150.00  0.26755    
   151.00  0.26838    
   152.00  0.26922    
   153.00  0.27007    
   154.00  0.27093    
   155.00  0.27178    
   156.00  0.27264    
   157.00  0.27349    
   158.00  0.27433    
   159.00  0.27516    
   160.00  0.27598    
   161.00  0.27677    
   162.00  0.27754    
   163.00  0.27829    
   164.00  0.27900    
   165.00  0.27967    
   166.00  0.28031    
   167.00  0.28091    
   168.00  0.28147    
   169.00  0.28199    
   170.00  0.28247    
   171.00  0.28292    
   172.00  0.28334    
   173.00  0.28372    
   174.00  0.28406    
   175.00  0.28437    
   176.00  0.28463    
   177.00  0.28484    
   178.00  0.28500    
   179.00  0.28510    
   180.00  0.28513    
 |--------|------------|
0.436000     micron = Wavelength
0.769247     = Extinction efficiency (Q)
0.410957     = Scattering efficiency (Qs)
0.358290     = Absorption efficiency (Qa)
 82.4959     = Lidar ratio
0.151499E-01 micron^2 = <b> = Average surface area per particle
0.116540E-01 microns^2 = Extinction cross section (C)
0.622597E-02 microns^2 = Scattering cross section (Cs)
0.542807E-02 microns^2 = Absorption cross section (Ca)
 |----------------------------------------------------|
 | COMMENTAIRES:                                      |
 |----------------------------------------------------|
 |   -Cross section / <b> should = efficiency         |
 |    is independant of the normalisation of dN/dx    |
 |   -The integral of the phase fct / 4 pi over all   |
 |    directions (solid angle) = 1.                   |
 |   -The volume coefficient (k) is equal to C * N    |
 |      = cross section * Number density              |
 |      typical units: [um^2]*[particles/cm^3] =      |
 |      [10^-3 km-1]                                  |
 |      N = M/(d*4/3*pi*r^3) where d is the density   |
 |      of particle, M is the mass per unit volume    |
 |      and 4/3*pi*r^3 is the average volume  of a    |
 |      particle.                                     |
 |      typical units:  M -> [ug/m^3], d -> [g/cm^3]  |
 |                      r -> [um]                     |
 |      Lidar ratio= 4 pi Qe / phase_fct(180)*Qs      |
 |----------------------------------------------------|
