 |--------|------------|
 | ANGLE  |  PHASE FCT |
 |--------|------------|
     0.00   69.324    
     1.00   68.316    
     2.00   65.420    
     3.00   60.987    
     4.00   55.492    
     5.00   49.432    
     6.00   43.242    
     7.00   37.258    
     8.00   31.708    
     9.00   26.721    
    10.00   22.352    
    11.00   18.601    
    12.00   15.432    
    13.00   12.790    
    14.00   10.609    
    15.00   8.8241    
    16.00   7.3723    
    17.00   6.1973    
    18.00   5.2492    
    19.00   4.4855    
    20.00   3.8706    
    21.00   3.3751    
    22.00   2.9749    
    23.00   2.6503    
    24.00   2.3858    
    25.00   2.1688    
    26.00   1.9895    
    27.00   1.8399    
    28.00   1.7139    
    29.00   1.6066    
    30.00   1.5143    
    31.00   1.4340    
    32.00   1.3632    
    33.00   1.3003    
    34.00   1.2437    
    35.00   1.1923    
    36.00   1.1453    
    37.00   1.1020    
    38.00   1.0618    
    39.00   1.0243    
    40.00  0.98903    
    41.00  0.95585    
    42.00  0.92448    
    43.00  0.89473    
    44.00  0.86643    
    45.00  0.83949    
    46.00  0.81376    
    47.00  0.78917    
    48.00  0.76562    
    49.00  0.74306    
    50.00  0.72141    
    51.00  0.70064    
    52.00  0.68069    
    53.00  0.66151    
    54.00  0.64307    
    55.00  0.62533    
    56.00  0.60827    
    57.00  0.59185    
    58.00  0.57604    
    59.00  0.56083    
    60.00  0.54618    
    61.00  0.53207    
    62.00  0.51850    
    63.00  0.50543    
    64.00  0.49285    
    65.00  0.48075    
    66.00  0.46911    
    67.00  0.45792    
    68.00  0.44715    
    69.00  0.43681    
    70.00  0.42687    
    71.00  0.41733    
    72.00  0.40818    
    73.00  0.39940    
    74.00  0.39099    
    75.00  0.38293    
    76.00  0.37522    
    77.00  0.36785    
    78.00  0.36082    
    79.00  0.35410    
    80.00  0.34770    
    81.00  0.34161    
    82.00  0.33582    
    83.00  0.33033    
    84.00  0.32512    
    85.00  0.32019    
    86.00  0.31554    
    87.00  0.31115    
    88.00  0.30703    
    89.00  0.30316    
    90.00  0.29955    
    91.00  0.29617    
    92.00  0.29304    
    93.00  0.29014    
    94.00  0.28746    
    95.00  0.28501    
    96.00  0.28277    
    97.00  0.28074    
    98.00  0.27892    
    99.00  0.27730    
   100.00  0.27587    
   101.00  0.27462    
   102.00  0.27357    
   103.00  0.27269    
   104.00  0.27198    
   105.00  0.27144    
   106.00  0.27106    
   107.00  0.27085    
   108.00  0.27078    
   109.00  0.27086    
   110.00  0.27108    
   111.00  0.27145    
   112.00  0.27194    
   113.00  0.27256    
   114.00  0.27330    
   115.00  0.27417    
   116.00  0.27514    
   117.00  0.27622    
   118.00  0.27741    
   119.00  0.27870    
   120.00  0.28008    
   121.00  0.28155    
   122.00  0.28311    
   123.00  0.28476    
   124.00  0.28648    
   125.00  0.28827    
   126.00  0.29014    
   127.00  0.29207    
   128.00  0.29407    
   129.00  0.29613    
   130.00  0.29825    
   131.00  0.30042    
   132.00  0.30265    
   133.00  0.30494    
   134.00  0.30727    
   135.00  0.30966    
   136.00  0.31210    
   137.00  0.31459    
   138.00  0.31713    
   139.00  0.31973    
   140.00  0.32238    
   141.00  0.32509    
   142.00  0.32786    
   143.00  0.33069    
   144.00  0.33358    
   145.00  0.33653    
   146.00  0.33952    
   147.00  0.34257    
   148.00  0.34565    
   149.00  0.34875    
   150.00  0.35184    
   151.00  0.35490    
   152.00  0.35789    
   153.00  0.36077    
   154.00  0.36349    
   155.00  0.36600    
   156.00  0.36823    
   157.00  0.37014    
   158.00  0.37167    
   159.00  0.37279    
   160.00  0.37348    
   161.00  0.37373    
   162.00  0.37358    
   163.00  0.37307    
   164.00  0.37231    
   165.00  0.37140    
   166.00  0.37049    
   167.00  0.36971    
   168.00  0.36922    
   169.00  0.36914    
   170.00  0.36956    
   171.00  0.37053    
   172.00  0.37205    
   173.00  0.37404    
   174.00  0.37638    
   175.00  0.37889    
   176.00  0.38135    
   177.00  0.38356    
   178.00  0.38531    
   179.00  0.38643    
   180.00  0.38682    
 |--------|------------|
0.740000     micron = Wavelength
0.213354     = Extinction efficiency (Q)
0.742115E-01 = Scattering efficiency (Qs)
0.139143     = Absorption efficiency (Qa)
 93.3963     = Lidar ratio
0.730528E-02 micron^2 = <b> = Average surface area per particle
0.155861E-02 microns^2 = Extinction cross section (C)
0.542136E-03 microns^2 = Scattering cross section (Cs)
0.101648E-02 microns^2 = Absorption cross section (Ca)
 |----------------------------------------------------|
 | COMMENTAIRES:                                      |
 |----------------------------------------------------|
 |   -Cross section / <b> should = efficiency         |
 |    is independant of the normalisation of dN/dx    |
 |   -The integral of the phase fct / 4 pi over all   |
 |    directions (solid angle) = 1.                   |
 |   -The volume coefficient (k) is equal to C * N    |
 |      = cross section * Number density              |
 |      typical units: [um^2]*[particles/cm^3] =      |
 |      [10^-3 km-1]                                  |
 |      N = M/(d*4/3*pi*r^3) where d is the density   |
 |      of particle, M is the mass per unit volume    |
 |      and 4/3*pi*r^3 is the average volume  of a    |
 |      particle.                                     |
 |      typical units:  M -> [ug/m^3], d -> [g/cm^3]  |
 |                      r -> [um]                     |
 |      Lidar ratio= 4 pi Qe / phase_fct(180)*Qs      |
 |----------------------------------------------------|
