 |--------|------------|
 | ANGLE  |  PHASE FCT |
 |--------|------------|
     0.00   86.972    
     1.00   85.161    
     2.00   80.052    
     3.00   72.489    
     4.00   63.542    
     5.00   54.208    
     6.00   45.242    
     7.00   37.113    
     8.00   30.052    
     9.00   24.115    
    10.00   19.244    
    11.00   15.325    
    12.00   12.218    
    13.00   9.7812    
    14.00   7.8870    
    15.00   6.4227    
    16.00   5.2948    
    17.00   4.4271    
    18.00   3.7591    
    19.00   3.2435    
    20.00   2.8435    
    21.00   2.5311    
    22.00   2.2848    
    23.00   2.0886    
    24.00   1.9303    
    25.00   1.8007    
    26.00   1.6931    
    27.00   1.6023    
    28.00   1.5244    
    29.00   1.4567    
    30.00   1.3969    
    31.00   1.3434    
    32.00   1.2951    
    33.00   1.2509    
    34.00   1.2101    
    35.00   1.1722    
    36.00   1.1367    
    37.00   1.1033    
    38.00   1.0718    
    39.00   1.0418    
    40.00   1.0133    
    41.00  0.98598    
    42.00  0.95983    
    43.00  0.93473    
    44.00  0.91059    
    45.00  0.88732    
    46.00  0.86487    
    47.00  0.84319    
    48.00  0.82222    
    49.00  0.80194    
    50.00  0.78228    
    51.00  0.76324    
    52.00  0.74478    
    53.00  0.72688    
    54.00  0.70951    
    55.00  0.69266    
    56.00  0.67630    
    57.00  0.66042    
    58.00  0.64502    
    59.00  0.63007    
    60.00  0.61557    
    61.00  0.60151    
    62.00  0.58787    
    63.00  0.57465    
    64.00  0.56183    
    65.00  0.54942    
    66.00  0.53741    
    67.00  0.52578    
    68.00  0.51455    
    69.00  0.50369    
    70.00  0.49320    
    71.00  0.48307    
    72.00  0.47331    
    73.00  0.46391    
    74.00  0.45486    
    75.00  0.44615    
    76.00  0.43779    
    77.00  0.42977    
    78.00  0.42208    
    79.00  0.41472    
    80.00  0.40768    
    81.00  0.40097    
    82.00  0.39457    
    83.00  0.38848    
    84.00  0.38269    
    85.00  0.37721    
    86.00  0.37202    
    87.00  0.36713    
    88.00  0.36251    
    89.00  0.35818    
    90.00  0.35413    
    91.00  0.35035    
    92.00  0.34683    
    93.00  0.34357    
    94.00  0.34057    
    95.00  0.33781    
    96.00  0.33530    
    97.00  0.33303    
    98.00  0.33099    
    99.00  0.32918    
   100.00  0.32759    
   101.00  0.32621    
   102.00  0.32505    
   103.00  0.32409    
   104.00  0.32332    
   105.00  0.32276    
   106.00  0.32237    
   107.00  0.32217    
   108.00  0.32215    
   109.00  0.32229    
   110.00  0.32260    
   111.00  0.32306    
   112.00  0.32368    
   113.00  0.32444    
   114.00  0.32535    
   115.00  0.32638    
   116.00  0.32755    
   117.00  0.32884    
   118.00  0.33025    
   119.00  0.33177    
   120.00  0.33339    
   121.00  0.33512    
   122.00  0.33694    
   123.00  0.33885    
   124.00  0.34085    
   125.00  0.34293    
   126.00  0.34508    
   127.00  0.34730    
   128.00  0.34958    
   129.00  0.35192    
   130.00  0.35432    
   131.00  0.35677    
   132.00  0.35927    
   133.00  0.36180    
   134.00  0.36438    
   135.00  0.36700    
   136.00  0.36964    
   137.00  0.37232    
   138.00  0.37503    
   139.00  0.37776    
   140.00  0.38052    
   141.00  0.38331    
   142.00  0.38613    
   143.00  0.38898    
   144.00  0.39186    
   145.00  0.39476    
   146.00  0.39771    
   147.00  0.40068    
   148.00  0.40369    
   149.00  0.40673    
   150.00  0.40979    
   151.00  0.41286    
   152.00  0.41593    
   153.00  0.41896    
   154.00  0.42193    
   155.00  0.42480    
   156.00  0.42753    
   157.00  0.43005    
   158.00  0.43233    
   159.00  0.43432    
   160.00  0.43596    
   161.00  0.43722    
   162.00  0.43811    
   163.00  0.43863    
   164.00  0.43882    
   165.00  0.43876    
   166.00  0.43855    
   167.00  0.43830    
   168.00  0.43814    
   169.00  0.43820    
   170.00  0.43859    
   171.00  0.43938    
   172.00  0.44059    
   173.00  0.44218    
   174.00  0.44409    
   175.00  0.44616    
   176.00  0.44822    
   177.00  0.45009    
   178.00  0.45159    
   179.00  0.45255    
   180.00  0.45288    
 |--------|------------|
0.750000     micron = Wavelength
0.250202     = Extinction efficiency (Q)
0.890179E-01 = Scattering efficiency (Qs)
0.161184     = Absorption efficiency (Qa)
 77.9898     = Lidar ratio
0.100547E-01 micron^2 = <b> = Average surface area per particle
0.251570E-02 microns^2 = Extinction cross section (C)
0.895046E-03 microns^2 = Scattering cross section (Cs)
0.162065E-02 microns^2 = Absorption cross section (Ca)
 |----------------------------------------------------|
 | COMMENTAIRES:                                      |
 |----------------------------------------------------|
 |   -Cross section / <b> should = efficiency         |
 |    is independant of the normalisation of dN/dx    |
 |   -The integral of the phase fct / 4 pi over all   |
 |    directions (solid angle) = 1.                   |
 |   -The volume coefficient (k) is equal to C * N    |
 |      = cross section * Number density              |
 |      typical units: [um^2]*[particles/cm^3] =      |
 |      [10^-3 km-1]                                  |
 |      N = M/(d*4/3*pi*r^3) where d is the density   |
 |      of particle, M is the mass per unit volume    |
 |      and 4/3*pi*r^3 is the average volume  of a    |
 |      particle.                                     |
 |      typical units:  M -> [ug/m^3], d -> [g/cm^3]  |
 |                      r -> [um]                     |
 |      Lidar ratio= 4 pi Qe / phase_fct(180)*Qs      |
 |----------------------------------------------------|
