 |--------|------------|
 | ANGLE  |  PHASE FCT |
 |--------|------------|
     0.00   39.780    
     1.00   39.509    
     2.00   38.710    
     3.00   37.434    
     4.00   35.753    
     5.00   33.755    
     6.00   31.532    
     7.00   29.176    
     8.00   26.767    
     9.00   24.373    
    10.00   22.051    
    11.00   19.839    
    12.00   17.767    
    13.00   15.851    
    14.00   14.101    
    15.00   12.516    
    16.00   11.093    
    17.00   9.8246    
    18.00   8.7001    
    19.00   7.7081    
    20.00   6.8364    
    21.00   6.0729    
    22.00   5.4058    
    23.00   4.8240    
    24.00   4.3172    
    25.00   3.8759    
    26.00   3.4918    
    27.00   3.1571    
    28.00   2.8652    
    29.00   2.6103    
    30.00   2.3873    
    31.00   2.1916    
    32.00   2.0195    
    33.00   1.8676    
    34.00   1.7331    
    35.00   1.6135    
    36.00   1.5068    
    37.00   1.4113    
    38.00   1.3253    
    39.00   1.2477    
    40.00   1.1773    
    41.00   1.1131    
    42.00   1.0545    
    43.00   1.0007    
    44.00  0.95118    
    45.00  0.90540    
    46.00  0.86296    
    47.00  0.82351    
    48.00  0.78673    
    49.00  0.75236    
    50.00  0.72016    
    51.00  0.68995    
    52.00  0.66154    
    53.00  0.63478    
    54.00  0.60954    
    55.00  0.58571    
    56.00  0.56316    
    57.00  0.54182    
    58.00  0.52160    
    59.00  0.50243    
    60.00  0.48424    
    61.00  0.46696    
    62.00  0.45055    
    63.00  0.43495    
    64.00  0.42011    
    65.00  0.40599    
    66.00  0.39256    
    67.00  0.37978    
    68.00  0.36761    
    69.00  0.35602    
    70.00  0.34499    
    71.00  0.33448    
    72.00  0.32448    
    73.00  0.31495    
    74.00  0.30589    
    75.00  0.29725    
    76.00  0.28903    
    77.00  0.28121    
    78.00  0.27376    
    79.00  0.26668    
    80.00  0.25995    
    81.00  0.25355    
    82.00  0.24747    
    83.00  0.24170    
    84.00  0.23622    
    85.00  0.23102    
    86.00  0.22610    
    87.00  0.22143    
    88.00  0.21701    
    89.00  0.21284    
    90.00  0.20889    
    91.00  0.20517    
    92.00  0.20167    
    93.00  0.19837    
    94.00  0.19527    
    95.00  0.19236    
    96.00  0.18964    
    97.00  0.18709    
    98.00  0.18472    
    99.00  0.18251    
   100.00  0.18047    
   101.00  0.17858    
   102.00  0.17684    
   103.00  0.17524    
   104.00  0.17379    
   105.00  0.17246    
   106.00  0.17128    
   107.00  0.17021    
   108.00  0.16927    
   109.00  0.16845    
   110.00  0.16774    
   111.00  0.16715    
   112.00  0.16666    
   113.00  0.16628    
   114.00  0.16600    
   115.00  0.16582    
   116.00  0.16574    
   117.00  0.16576    
   118.00  0.16587    
   119.00  0.16607    
   120.00  0.16636    
   121.00  0.16673    
   122.00  0.16720    
   123.00  0.16775    
   124.00  0.16839    
   125.00  0.16912    
   126.00  0.16993    
   127.00  0.17082    
   128.00  0.17181    
   129.00  0.17287    
   130.00  0.17403    
   131.00  0.17527    
   132.00  0.17660    
   133.00  0.17801    
   134.00  0.17951    
   135.00  0.18110    
   136.00  0.18277    
   137.00  0.18451    
   138.00  0.18634    
   139.00  0.18823    
   140.00  0.19018    
   141.00  0.19218    
   142.00  0.19422    
   143.00  0.19628    
   144.00  0.19834    
   145.00  0.20037    
   146.00  0.20236    
   147.00  0.20426    
   148.00  0.20604    
   149.00  0.20767    
   150.00  0.20911    
   151.00  0.21031    
   152.00  0.21124    
   153.00  0.21187    
   154.00  0.21216    
   155.00  0.21210    
   156.00  0.21168    
   157.00  0.21090    
   158.00  0.20978    
   159.00  0.20837    
   160.00  0.20673    
   161.00  0.20493    
   162.00  0.20308    
   163.00  0.20127    
   164.00  0.19963    
   165.00  0.19827    
   166.00  0.19731    
   167.00  0.19683    
   168.00  0.19690    
   169.00  0.19758    
   170.00  0.19884    
   171.00  0.20065    
   172.00  0.20292    
   173.00  0.20553    
   174.00  0.20832    
   175.00  0.21112    
   176.00  0.21373    
   177.00  0.21598    
   178.00  0.21772    
   179.00  0.21882    
   180.00  0.21919    
 |--------|------------|
0.630000     micron = Wavelength
0.167362     = Extinction efficiency (Q)
0.641995E-01 = Scattering efficiency (Qs)
0.103163     = Absorption efficiency (Qa)
 149.457     = Lidar ratio
0.272779E-02 micron^2 = <b> = Average surface area per particle
0.456530E-03 microns^2 = Extinction cross section (C)
0.175123E-03 microns^2 = Scattering cross section (Cs)
0.281407E-03 microns^2 = Absorption cross section (Ca)
 |----------------------------------------------------|
 | COMMENTAIRES:                                      |
 |----------------------------------------------------|
 |   -Cross section / <b> should = efficiency         |
 |    is independant of the normalisation of dN/dx    |
 |   -The integral of the phase fct / 4 pi over all   |
 |    directions (solid angle) = 1.                   |
 |   -The volume coefficient (k) is equal to C * N    |
 |      = cross section * Number density              |
 |      typical units: [um^2]*[particles/cm^3] =      |
 |      [10^-3 km-1]                                  |
 |      N = M/(d*4/3*pi*r^3) where d is the density   |
 |      of particle, M is the mass per unit volume    |
 |      and 4/3*pi*r^3 is the average volume  of a    |
 |      particle.                                     |
 |      typical units:  M -> [ug/m^3], d -> [g/cm^3]  |
 |                      r -> [um]                     |
 |      Lidar ratio= 4 pi Qe / phase_fct(180)*Qs      |
 |----------------------------------------------------|
