 |--------|------------|
 | ANGLE  |  PHASE FCT |
 |--------|------------|
     0.00   67.586    
     1.00   66.432    
     2.00   63.141    
     3.00   58.173    
     4.00   52.134    
     5.00   45.629    
     6.00   39.153    
     7.00   33.065    
     8.00   27.573    
     9.00   22.778    
    10.00   18.696    
    11.00   15.289    
    12.00   12.490    
    13.00   10.218    
    14.00   8.3926    
    15.00   6.9361    
    16.00   5.7804    
    17.00   4.8665    
    18.00   4.1451    
    19.00   3.5758    
    20.00   3.1258    
    21.00   2.7690    
    22.00   2.4847    
    23.00   2.2566    
    24.00   2.0722    
    25.00   1.9216    
    26.00   1.7972    
    27.00   1.6931    
    28.00   1.6050    
    29.00   1.5293    
    30.00   1.4635    
    31.00   1.4053    
    32.00   1.3534    
    33.00   1.3065    
    34.00   1.2636    
    35.00   1.2241    
    36.00   1.1874    
    37.00   1.1530    
    38.00   1.1205    
    39.00   1.0899    
    40.00   1.0607    
    41.00   1.0328    
    42.00   1.0061    
    43.00  0.98049    
    44.00  0.95584    
    45.00  0.93207    
    46.00  0.90912    
    47.00  0.88694    
    48.00  0.86548    
    49.00  0.84468    
    50.00  0.82452    
    51.00  0.80497    
    52.00  0.78599    
    53.00  0.76757    
    54.00  0.74969    
    55.00  0.73232    
    56.00  0.71545    
    57.00  0.69906    
    58.00  0.68314    
    59.00  0.66768    
    60.00  0.65268    
    61.00  0.63812    
    62.00  0.62398    
    63.00  0.61027    
    64.00  0.59698    
    65.00  0.58410    
    66.00  0.57161    
    67.00  0.55953    
    68.00  0.54784    
    69.00  0.53653    
    70.00  0.52561    
    71.00  0.51506    
    72.00  0.50489    
    73.00  0.49508    
    74.00  0.48564    
    75.00  0.47656    
    76.00  0.46783    
    77.00  0.45946    
    78.00  0.45143    
    79.00  0.44374    
    80.00  0.43639    
    81.00  0.42937    
    82.00  0.42268    
    83.00  0.41631    
    84.00  0.41027    
    85.00  0.40454    
    86.00  0.39912    
    87.00  0.39400    
    88.00  0.38919    
    89.00  0.38467    
    90.00  0.38044    
    91.00  0.37650    
    92.00  0.37284    
    93.00  0.36945    
    94.00  0.36633    
    95.00  0.36348    
    96.00  0.36088    
    97.00  0.35854    
    98.00  0.35644    
    99.00  0.35459    
   100.00  0.35297    
   101.00  0.35158    
   102.00  0.35042    
   103.00  0.34948    
   104.00  0.34874    
   105.00  0.34821    
   106.00  0.34789    
   107.00  0.34775    
   108.00  0.34781    
   109.00  0.34804    
   110.00  0.34846    
   111.00  0.34904    
   112.00  0.34978    
   113.00  0.35068    
   114.00  0.35174    
   115.00  0.35293    
   116.00  0.35427    
   117.00  0.35574    
   118.00  0.35734    
   119.00  0.35905    
   120.00  0.36089    
   121.00  0.36283    
   122.00  0.36487    
   123.00  0.36702    
   124.00  0.36925    
   125.00  0.37157    
   126.00  0.37398    
   127.00  0.37646    
   128.00  0.37901    
   129.00  0.38162    
   130.00  0.38430    
   131.00  0.38704    
   132.00  0.38984    
   133.00  0.39268    
   134.00  0.39557    
   135.00  0.39851    
   136.00  0.40149    
   137.00  0.40451    
   138.00  0.40757    
   139.00  0.41067    
   140.00  0.41381    
   141.00  0.41698    
   142.00  0.42020    
   143.00  0.42345    
   144.00  0.42674    
   145.00  0.43006    
   146.00  0.43341    
   147.00  0.43679    
   148.00  0.44017    
   149.00  0.44356    
   150.00  0.44693    
   151.00  0.45026    
   152.00  0.45351    
   153.00  0.45667    
   154.00  0.45968    
   155.00  0.46251    
   156.00  0.46512    
   157.00  0.46746    
   158.00  0.46950    
   159.00  0.47122    
   160.00  0.47261    
   161.00  0.47366    
   162.00  0.47441    
   163.00  0.47491    
   164.00  0.47523    
   165.00  0.47545    
   166.00  0.47569    
   167.00  0.47604    
   168.00  0.47662    
   169.00  0.47750    
   170.00  0.47875    
   171.00  0.48038    
   172.00  0.48237    
   173.00  0.48466    
   174.00  0.48713    
   175.00  0.48963    
   176.00  0.49201    
   177.00  0.49408    
   178.00  0.49570    
   179.00  0.49672    
   180.00  0.49707    
 |--------|------------|
0.460000     micron = Wavelength
0.240441     = Extinction efficiency (Q)
0.836110E-01 = Scattering efficiency (Qs)
0.156830     = Absorption efficiency (Qa)
 72.7004     = Lidar ratio
0.352421E-02 micron^2 = <b> = Average surface area per particle
0.847366E-03 microns^2 = Extinction cross section (C)
0.294663E-03 microns^2 = Scattering cross section (Cs)
0.552704E-03 microns^2 = Absorption cross section (Ca)
 |----------------------------------------------------|
 | COMMENTAIRES:                                      |
 |----------------------------------------------------|
 |   -Cross section / <b> should = efficiency         |
 |    is independant of the normalisation of dN/dx    |
 |   -The integral of the phase fct / 4 pi over all   |
 |    directions (solid angle) = 1.                   |
 |   -The volume coefficient (k) is equal to C * N    |
 |      = cross section * Number density              |
 |      typical units: [um^2]*[particles/cm^3] =      |
 |      [10^-3 km-1]                                  |
 |      N = M/(d*4/3*pi*r^3) where d is the density   |
 |      of particle, M is the mass per unit volume    |
 |      and 4/3*pi*r^3 is the average volume  of a    |
 |      particle.                                     |
 |      typical units:  M -> [ug/m^3], d -> [g/cm^3]  |
 |                      r -> [um]                     |
 |      Lidar ratio= 4 pi Qe / phase_fct(180)*Qs      |
 |----------------------------------------------------|
