 |--------|------------|
 | ANGLE  |  PHASE FCT |
 |--------|------------|
     0.00   107.39    
     1.00   100.32    
     2.00   82.270    
     3.00   60.371    
     4.00   41.018    
     5.00   26.979    
     6.00   17.881    
     7.00   12.243    
     8.00   8.8051    
     9.00   6.7426    
    10.00   5.5036    
    11.00   4.7332    
    12.00   4.2355    
    13.00   3.9028    
    14.00   3.6666    
    15.00   3.4872    
    16.00   3.3456    
    17.00   3.2295    
    18.00   3.1296    
    19.00   3.0413    
    20.00   2.9623    
    21.00   2.8899    
    22.00   2.8222    
    23.00   2.7585    
    24.00   2.6980    
    25.00   2.6399    
    26.00   2.5836    
    27.00   2.5290    
    28.00   2.4756    
    29.00   2.4232    
    30.00   2.3716    
    31.00   2.3208    
    32.00   2.2706    
    33.00   2.2210    
    34.00   2.1718    
    35.00   2.1232    
    36.00   2.0750    
    37.00   2.0273    
    38.00   1.9800    
    39.00   1.9332    
    40.00   1.8868    
    41.00   1.8410    
    42.00   1.7957    
    43.00   1.7510    
    44.00   1.7067    
    45.00   1.6631    
    46.00   1.6201    
    47.00   1.5777    
    48.00   1.5360    
    49.00   1.4950    
    50.00   1.4546    
    51.00   1.4150    
    52.00   1.3761    
    53.00   1.3379    
    54.00   1.3005    
    55.00   1.2639    
    56.00   1.2281    
    57.00   1.1930    
    58.00   1.1588    
    59.00   1.1254    
    60.00   1.0928    
    61.00   1.0610    
    62.00   1.0300    
    63.00  0.99991    
    64.00  0.97059    
    65.00  0.94210    
    66.00  0.91442    
    67.00  0.88756    
    68.00  0.86150    
    69.00  0.83625    
    70.00  0.81179    
    71.00  0.78811    
    72.00  0.76521    
    73.00  0.74308    
    74.00  0.72170    
    75.00  0.70107    
    76.00  0.68117    
    77.00  0.66200    
    78.00  0.64353    
    79.00  0.62575    
    80.00  0.60866    
    81.00  0.59223    
    82.00  0.57646    
    83.00  0.56132    
    84.00  0.54681    
    85.00  0.53291    
    86.00  0.51960    
    87.00  0.50687    
    88.00  0.49471    
    89.00  0.48310    
    90.00  0.47202    
    91.00  0.46146    
    92.00  0.45141    
    93.00  0.44185    
    94.00  0.43276    
    95.00  0.42414    
    96.00  0.41596    
    97.00  0.40822    
    98.00  0.40090    
    99.00  0.39398    
   100.00  0.38746    
   101.00  0.38132    
   102.00  0.37554    
   103.00  0.37012    
   104.00  0.36504    
   105.00  0.36029    
   106.00  0.35586    
   107.00  0.35173    
   108.00  0.34790    
   109.00  0.34436    
   110.00  0.34108    
   111.00  0.33807    
   112.00  0.33530    
   113.00  0.33278    
   114.00  0.33049    
   115.00  0.32842    
   116.00  0.32657    
   117.00  0.32491    
   118.00  0.32345    
   119.00  0.32218    
   120.00  0.32108    
   121.00  0.32015    
   122.00  0.31939    
   123.00  0.31877    
   124.00  0.31830    
   125.00  0.31797    
   126.00  0.31777    
   127.00  0.31769    
   128.00  0.31773    
   129.00  0.31788    
   130.00  0.31813    
   131.00  0.31848    
   132.00  0.31893    
   133.00  0.31945    
   134.00  0.32006    
   135.00  0.32074    
   136.00  0.32148    
   137.00  0.32229    
   138.00  0.32316    
   139.00  0.32408    
   140.00  0.32505    
   141.00  0.32606    
   142.00  0.32710    
   143.00  0.32818    
   144.00  0.32929    
   145.00  0.33042    
   146.00  0.33157    
   147.00  0.33273    
   148.00  0.33391    
   149.00  0.33510    
   150.00  0.33629    
   151.00  0.33748    
   152.00  0.33868    
   153.00  0.33986    
   154.00  0.34104    
   155.00  0.34221    
   156.00  0.34337    
   157.00  0.34451    
   158.00  0.34563    
   159.00  0.34673    
   160.00  0.34779    
   161.00  0.34881    
   162.00  0.34980    
   163.00  0.35073    
   164.00  0.35161    
   165.00  0.35243    
   166.00  0.35319    
   167.00  0.35389    
   168.00  0.35454    
   169.00  0.35515    
   170.00  0.35571    
   171.00  0.35624    
   172.00  0.35674    
   173.00  0.35721    
   174.00  0.35766    
   175.00  0.35806    
   176.00  0.35842    
   177.00  0.35873    
   178.00  0.35895    
   179.00  0.35910    
   180.00  0.35915    
 |--------|------------|
0.498000     micron = Wavelength
0.615627     = Extinction efficiency (Q)
0.306588     = Scattering efficiency (Qs)
0.309039     = Absorption efficiency (Qa)
 70.2589     = Lidar ratio
0.151596E-01 micron^2 = <b> = Average surface area per particle
0.933265E-02 microns^2 = Extinction cross section (C)
0.464775E-02 microns^2 = Scattering cross section (Cs)
0.468491E-02 microns^2 = Absorption cross section (Ca)
 |----------------------------------------------------|
 | COMMENTAIRES:                                      |
 |----------------------------------------------------|
 |   -Cross section / <b> should = efficiency         |
 |    is independant of the normalisation of dN/dx    |
 |   -The integral of the phase fct / 4 pi over all   |
 |    directions (solid angle) = 1.                   |
 |   -The volume coefficient (k) is equal to C * N    |
 |      = cross section * Number density              |
 |      typical units: [um^2]*[particles/cm^3] =      |
 |      [10^-3 km-1]                                  |
 |      N = M/(d*4/3*pi*r^3) where d is the density   |
 |      of particle, M is the mass per unit volume    |
 |      and 4/3*pi*r^3 is the average volume  of a    |
 |      particle.                                     |
 |      typical units:  M -> [ug/m^3], d -> [g/cm^3]  |
 |                      r -> [um]                     |
 |      Lidar ratio= 4 pi Qe / phase_fct(180)*Qs      |
 |----------------------------------------------------|
