 |--------|------------|
 | ANGLE  |  PHASE FCT |
 |--------|------------|
     0.00   51.702    
     1.00   51.208    
     2.00   49.769    
     3.00   47.504    
     4.00   44.584    
     5.00   41.208    
     6.00   37.570    
     7.00   33.844    
     8.00   30.173    
     9.00   26.666    
    10.00   23.394    
    11.00   20.404    
    12.00   17.714    
    13.00   15.328    
    14.00   13.234    
    15.00   11.415    
    16.00   9.8467    
    17.00   8.5026    
    18.00   7.3568    
    19.00   6.3840    
    20.00   5.5605    
    21.00   4.8649    
    22.00   4.2779    
    23.00   3.7826    
    24.00   3.3645    
    25.00   3.0111    
    26.00   2.7118    
    27.00   2.4574    
    28.00   2.2405    
    29.00   2.0546    
    30.00   1.8946    
    31.00   1.7560    
    32.00   1.6353    
    33.00   1.5294    
    34.00   1.4360    
    35.00   1.3530    
    36.00   1.2788    
    37.00   1.2119    
    38.00   1.1513    
    39.00   1.0961    
    40.00   1.0455    
    41.00  0.99880    
    42.00  0.95562    
    43.00  0.91547    
    44.00  0.87800    
    45.00  0.84291    
    46.00  0.80995    
    47.00  0.77892    
    48.00  0.74964    
    49.00  0.72193    
    50.00  0.69570    
    51.00  0.67081    
    52.00  0.64717    
    53.00  0.62469    
    54.00  0.60329    
    55.00  0.58291    
    56.00  0.56348    
    57.00  0.54495    
    58.00  0.52727    
    59.00  0.51039    
    60.00  0.49428    
    61.00  0.47888    
    62.00  0.46417    
    63.00  0.45012    
    64.00  0.43669    
    65.00  0.42385    
    66.00  0.41159    
    67.00  0.39986    
    68.00  0.38866    
    69.00  0.37795    
    70.00  0.36772    
    71.00  0.35795    
    72.00  0.34862    
    73.00  0.33972    
    74.00  0.33122    
    75.00  0.32311    
    76.00  0.31538    
    77.00  0.30801    
    78.00  0.30099    
    79.00  0.29430    
    80.00  0.28795    
    81.00  0.28190    
    82.00  0.27616    
    83.00  0.27071    
    84.00  0.26555    
    85.00  0.26066    
    86.00  0.25603    
    87.00  0.25166    
    88.00  0.24754    
    89.00  0.24365    
    90.00  0.24000    
    91.00  0.23658    
    92.00  0.23337    
    93.00  0.23038    
    94.00  0.22759    
    95.00  0.22499    
    96.00  0.22259    
    97.00  0.22038    
    98.00  0.21834    
    99.00  0.21649    
   100.00  0.21480    
   101.00  0.21327    
   102.00  0.21190    
   103.00  0.21069    
   104.00  0.20963    
   105.00  0.20871    
   106.00  0.20793    
   107.00  0.20728    
   108.00  0.20677    
   109.00  0.20638    
   110.00  0.20611    
   111.00  0.20596    
   112.00  0.20593    
   113.00  0.20601    
   114.00  0.20619    
   115.00  0.20648    
   116.00  0.20687    
   117.00  0.20736    
   118.00  0.20794    
   119.00  0.20861    
   120.00  0.20937    
   121.00  0.21021    
   122.00  0.21114    
   123.00  0.21215    
   124.00  0.21324    
   125.00  0.21441    
   126.00  0.21565    
   127.00  0.21697    
   128.00  0.21837    
   129.00  0.21984    
   130.00  0.22139    
   131.00  0.22301    
   132.00  0.22471    
   133.00  0.22649    
   134.00  0.22834    
   135.00  0.23027    
   136.00  0.23229    
   137.00  0.23438    
   138.00  0.23656    
   139.00  0.23882    
   140.00  0.24115    
   141.00  0.24357    
   142.00  0.24605    
   143.00  0.24860    
   144.00  0.25119    
   145.00  0.25383    
   146.00  0.25648    
   147.00  0.25913    
   148.00  0.26174    
   149.00  0.26428    
   150.00  0.26670    
   151.00  0.26898    
   152.00  0.27105    
   153.00  0.27287    
   154.00  0.27439    
   155.00  0.27556    
   156.00  0.27635    
   157.00  0.27672    
   158.00  0.27668    
   159.00  0.27622    
   160.00  0.27539    
   161.00  0.27422    
   162.00  0.27282    
   163.00  0.27128    
   164.00  0.26972    
   165.00  0.26829    
   166.00  0.26712    
   167.00  0.26636    
   168.00  0.26610    
   169.00  0.26643    
   170.00  0.26739    
   171.00  0.26898    
   172.00  0.27112    
   173.00  0.27369    
   174.00  0.27654    
   175.00  0.27947    
   176.00  0.28226    
   177.00  0.28471    
   178.00  0.28661    
   179.00  0.28782    
   180.00  0.28823    
 |--------|------------|
0.620000     micron = Wavelength
0.184120     = Extinction efficiency (Q)
0.663428E-01 = Scattering efficiency (Qs)
0.117777     = Absorption efficiency (Qa)
 120.998     = Lidar ratio
0.352421E-02 micron^2 = <b> = Average surface area per particle
0.648877E-03 microns^2 = Extinction cross section (C)
0.233806E-03 microns^2 = Scattering cross section (Cs)
0.415071E-03 microns^2 = Absorption cross section (Ca)
 |----------------------------------------------------|
 | COMMENTAIRES:                                      |
 |----------------------------------------------------|
 |   -Cross section / <b> should = efficiency         |
 |    is independant of the normalisation of dN/dx    |
 |   -The integral of the phase fct / 4 pi over all   |
 |    directions (solid angle) = 1.                   |
 |   -The volume coefficient (k) is equal to C * N    |
 |      = cross section * Number density              |
 |      typical units: [um^2]*[particles/cm^3] =      |
 |      [10^-3 km-1]                                  |
 |      N = M/(d*4/3*pi*r^3) where d is the density   |
 |      of particle, M is the mass per unit volume    |
 |      and 4/3*pi*r^3 is the average volume  of a    |
 |      particle.                                     |
 |      typical units:  M -> [ug/m^3], d -> [g/cm^3]  |
 |                      r -> [um]                     |
 |      Lidar ratio= 4 pi Qe / phase_fct(180)*Qs      |
 |----------------------------------------------------|
