 |--------|------------|
 | ANGLE  |  PHASE FCT |
 |--------|------------|
     0.00   101.81    
     1.00   94.481    
     2.00   75.973    
     3.00   54.054    
     4.00   35.433    
     5.00   22.651    
     6.00   14.876    
     7.00   10.317    
     8.00   7.6486    
     9.00   6.1060    
    10.00   5.2048    
    11.00   4.6456    
    12.00   4.2782    
    13.00   4.0271    
    14.00   3.8419    
    15.00   3.6942    
    16.00   3.5728    
    17.00   3.4698    
    18.00   3.3778    
    19.00   3.2940    
    20.00   3.2172    
    21.00   3.1451    
    22.00   3.0762    
    23.00   3.0102    
    24.00   2.9464    
    25.00   2.8842    
    26.00   2.8231    
    27.00   2.7632    
    28.00   2.7041    
    29.00   2.6456    
    30.00   2.5876    
    31.00   2.5302    
    32.00   2.4732    
    33.00   2.4167    
    34.00   2.3606    
    35.00   2.3049    
    36.00   2.2496    
    37.00   2.1949    
    38.00   2.1406    
    39.00   2.0869    
    40.00   2.0337    
    41.00   1.9811    
    42.00   1.9292    
    43.00   1.8779    
    44.00   1.8274    
    45.00   1.7775    
    46.00   1.7285    
    47.00   1.6802    
    48.00   1.6327    
    49.00   1.5861    
    50.00   1.5404    
    51.00   1.4955    
    52.00   1.4516    
    53.00   1.4086    
    54.00   1.3666    
    55.00   1.3255    
    56.00   1.2853    
    57.00   1.2461    
    58.00   1.2080    
    59.00   1.1707    
    60.00   1.1345    
    61.00   1.0993    
    62.00   1.0650    
    63.00   1.0317    
    64.00  0.99937    
    65.00  0.96801    
    66.00  0.93761    
    67.00  0.90815    
    68.00  0.87963    
    69.00  0.85204    
    70.00  0.82535    
    71.00  0.79957    
    72.00  0.77467    
    73.00  0.75064    
    74.00  0.72747    
    75.00  0.70513    
    76.00  0.68361    
    77.00  0.66290    
    78.00  0.64298    
    79.00  0.62382    
    80.00  0.60541    
    81.00  0.58774    
    82.00  0.57079    
    83.00  0.55452    
    84.00  0.53895    
    85.00  0.52402    
    86.00  0.50974    
    87.00  0.49608    
    88.00  0.48303    
    89.00  0.47057    
    90.00  0.45867    
    91.00  0.44733    
    92.00  0.43653    
    93.00  0.42624    
    94.00  0.41645    
    95.00  0.40715    
    96.00  0.39831    
    97.00  0.38993    
    98.00  0.38199    
    99.00  0.37447    
   100.00  0.36735    
   101.00  0.36063    
   102.00  0.35429    
   103.00  0.34831    
   104.00  0.34269    
   105.00  0.33740    
   106.00  0.33244    
   107.00  0.32780    
   108.00  0.32345    
   109.00  0.31940    
   110.00  0.31562    
   111.00  0.31211    
   112.00  0.30886    
   113.00  0.30585    
   114.00  0.30308    
   115.00  0.30053    
   116.00  0.29820    
   117.00  0.29608    
   118.00  0.29416    
   119.00  0.29243    
   120.00  0.29088    
   121.00  0.28950    
   122.00  0.28829    
   123.00  0.28723    
   124.00  0.28633    
   125.00  0.28557    
   126.00  0.28494    
   127.00  0.28445    
   128.00  0.28407    
   129.00  0.28382    
   130.00  0.28367    
   131.00  0.28362    
   132.00  0.28368    
   133.00  0.28382    
   134.00  0.28406    
   135.00  0.28437    
   136.00  0.28476    
   137.00  0.28522    
   138.00  0.28574    
   139.00  0.28633    
   140.00  0.28697    
   141.00  0.28766    
   142.00  0.28840    
   143.00  0.28918    
   144.00  0.28999    
   145.00  0.29084    
   146.00  0.29172    
   147.00  0.29262    
   148.00  0.29355    
   149.00  0.29449    
   150.00  0.29544    
   151.00  0.29640    
   152.00  0.29737    
   153.00  0.29835    
   154.00  0.29932    
   155.00  0.30029    
   156.00  0.30125    
   157.00  0.30221    
   158.00  0.30315    
   159.00  0.30408    
   160.00  0.30498    
   161.00  0.30586    
   162.00  0.30671    
   163.00  0.30752    
   164.00  0.30829    
   165.00  0.30902    
   166.00  0.30970    
   167.00  0.31033    
   168.00  0.31093    
   169.00  0.31148    
   170.00  0.31199    
   171.00  0.31247    
   172.00  0.31291    
   173.00  0.31333    
   174.00  0.31370    
   175.00  0.31404    
   176.00  0.31434    
   177.00  0.31458    
   178.00  0.31476    
   179.00  0.31487    
   180.00  0.31491    
 |--------|------------|
0.460000     micron = Wavelength
0.703123     = Extinction efficiency (Q)
0.365555     = Scattering efficiency (Qs)
0.337568     = Absorption efficiency (Qa)
 76.7541     = Lidar ratio
0.151546E-01 micron^2 = <b> = Average surface area per particle
0.106555E-01 microns^2 = Extinction cross section (C)
0.553984E-02 microns^2 = Scattering cross section (Cs)
0.511570E-02 microns^2 = Absorption cross section (Ca)
 |----------------------------------------------------|
 | COMMENTAIRES:                                      |
 |----------------------------------------------------|
 |   -Cross section / <b> should = efficiency         |
 |    is independant of the normalisation of dN/dx    |
 |   -The integral of the phase fct / 4 pi over all   |
 |    directions (solid angle) = 1.                   |
 |   -The volume coefficient (k) is equal to C * N    |
 |      = cross section * Number density              |
 |      typical units: [um^2]*[particles/cm^3] =      |
 |      [10^-3 km-1]                                  |
 |      N = M/(d*4/3*pi*r^3) where d is the density   |
 |      of particle, M is the mass per unit volume    |
 |      and 4/3*pi*r^3 is the average volume  of a    |
 |      particle.                                     |
 |      typical units:  M -> [ug/m^3], d -> [g/cm^3]  |
 |                      r -> [um]                     |
 |      Lidar ratio= 4 pi Qe / phase_fct(180)*Qs      |
 |----------------------------------------------------|
