 |--------|------------|
 | ANGLE  |  PHASE FCT |
 |--------|------------|
     0.00   36.189    
     1.00   35.971    
     2.00   35.330    
     3.00   34.301    
     4.00   32.935    
     5.00   31.298    
     6.00   29.459    
     7.00   27.488    
     8.00   25.448    
     9.00   23.396    
    10.00   21.378    
    11.00   19.431    
    12.00   17.582    
    13.00   15.848    
    14.00   14.241    
    15.00   12.767    
    16.00   11.425    
    17.00   10.211    
    18.00   9.1208    
    19.00   8.1461    
    20.00   7.2782    
    21.00   6.5083    
    22.00   5.8271    
    23.00   5.2258    
    24.00   4.6958    
    25.00   4.2292    
    26.00   3.8187    
    27.00   3.4574    
    28.00   3.1395    
    29.00   2.8594    
    30.00   2.6124    
    31.00   2.3943    
    32.00   2.2012    
    33.00   2.0301    
    34.00   1.8778    
    35.00   1.7421    
    36.00   1.6208    
    37.00   1.5120    
    38.00   1.4141    
    39.00   1.3257    
    40.00   1.2456    
    41.00   1.1729    
    42.00   1.1065    
    43.00   1.0458    
    44.00  0.99012    
    45.00  0.93885    
    46.00  0.89152    
    47.00  0.84770    
    48.00  0.80704    
    49.00  0.76920    
    50.00  0.73392    
    51.00  0.70095    
    52.00  0.67008    
    53.00  0.64112    
    54.00  0.61392    
    55.00  0.58833    
    56.00  0.56422    
    57.00  0.54148    
    58.00  0.52001    
    59.00  0.49971    
    60.00  0.48050    
    61.00  0.46232    
    62.00  0.44509    
    63.00  0.42876    
    64.00  0.41326    
    65.00  0.39856    
    66.00  0.38459    
    67.00  0.37133    
    68.00  0.35873    
    69.00  0.34675    
    70.00  0.33537    
    71.00  0.32454    
    72.00  0.31425    
    73.00  0.30446    
    74.00  0.29515    
    75.00  0.28630    
    76.00  0.27788    
    77.00  0.26987    
    78.00  0.26226    
    79.00  0.25502    
    80.00  0.24814    
    81.00  0.24160    
    82.00  0.23539    
    83.00  0.22949    
    84.00  0.22389    
    85.00  0.21858    
    86.00  0.21354    
    87.00  0.20876    
    88.00  0.20423    
    89.00  0.19995    
    90.00  0.19590    
    91.00  0.19207    
    92.00  0.18845    
    93.00  0.18504    
    94.00  0.18182    
    95.00  0.17880    
    96.00  0.17595    
    97.00  0.17329    
    98.00  0.17079    
    99.00  0.16845    
   100.00  0.16628    
   101.00  0.16425    
   102.00  0.16237    
   103.00  0.16063    
   104.00  0.15902    
   105.00  0.15755    
   106.00  0.15621    
   107.00  0.15499    
   108.00  0.15388    
   109.00  0.15290    
   110.00  0.15202    
   111.00  0.15126    
   112.00  0.15060    
   113.00  0.15004    
   114.00  0.14958    
   115.00  0.14923    
   116.00  0.14896    
   117.00  0.14880    
   118.00  0.14872    
   119.00  0.14874    
   120.00  0.14884    
   121.00  0.14903    
   122.00  0.14931    
   123.00  0.14968    
   124.00  0.15013    
   125.00  0.15067    
   126.00  0.15130    
   127.00  0.15201    
   128.00  0.15281    
   129.00  0.15369    
   130.00  0.15466    
   131.00  0.15572    
   132.00  0.15686    
   133.00  0.15808    
   134.00  0.15938    
   135.00  0.16077    
   136.00  0.16223    
   137.00  0.16376    
   138.00  0.16536    
   139.00  0.16701    
   140.00  0.16871    
   141.00  0.17045    
   142.00  0.17220    
   143.00  0.17396    
   144.00  0.17570    
   145.00  0.17739    
   146.00  0.17900    
   147.00  0.18052    
   148.00  0.18190    
   149.00  0.18310    
   150.00  0.18411    
   151.00  0.18487    
   152.00  0.18536    
   153.00  0.18555    
   154.00  0.18542    
   155.00  0.18496    
   156.00  0.18417    
   157.00  0.18306    
   158.00  0.18166    
   159.00  0.18002    
   160.00  0.17819    
   161.00  0.17626    
   162.00  0.17431    
   163.00  0.17246    
   164.00  0.17080    
   165.00  0.16944    
   166.00  0.16848    
   167.00  0.16799    
   168.00  0.16804    
   169.00  0.16864    
   170.00  0.16979    
   171.00  0.17144    
   172.00  0.17351    
   173.00  0.17589    
   174.00  0.17842    
   175.00  0.18095    
   176.00  0.18331    
   177.00  0.18534    
   178.00  0.18690    
   179.00  0.18789    
   180.00  0.18822    
 |--------|------------|
0.670000     micron = Wavelength
0.162653     = Extinction efficiency (Q)
0.647358E-01 = Scattering efficiency (Qs)
0.979170E-01 = Absorption efficiency (Qa)
 167.747     = Lidar ratio
0.272778E-02 micron^2 = <b> = Average surface area per particle
0.443681E-03 microns^2 = Extinction cross section (C)
0.176585E-03 microns^2 = Scattering cross section (Cs)
0.267096E-03 microns^2 = Absorption cross section (Ca)
 |----------------------------------------------------|
 | COMMENTAIRES:                                      |
 |----------------------------------------------------|
 |   -Cross section / <b> should = efficiency         |
 |    is independant of the normalisation of dN/dx    |
 |   -The integral of the phase fct / 4 pi over all   |
 |    directions (solid angle) = 1.                   |
 |   -The volume coefficient (k) is equal to C * N    |
 |      = cross section * Number density              |
 |      typical units: [um^2]*[particles/cm^3] =      |
 |      [10^-3 km-1]                                  |
 |      N = M/(d*4/3*pi*r^3) where d is the density   |
 |      of particle, M is the mass per unit volume    |
 |      and 4/3*pi*r^3 is the average volume  of a    |
 |      particle.                                     |
 |      typical units:  M -> [ug/m^3], d -> [g/cm^3]  |
 |                      r -> [um]                     |
 |      Lidar ratio= 4 pi Qe / phase_fct(180)*Qs      |
 |----------------------------------------------------|
