 |--------|------------|
 | ANGLE  |  PHASE FCT |
 |--------|------------|
     0.00   123.67    
     1.00   118.90    
     2.00   106.00    
     3.00   88.493    
     4.00   70.127    
     5.00   53.535    
     6.00   39.878    
     7.00   29.284    
     8.00   21.391    
     9.00   15.680    
    10.00   11.627    
    11.00   8.7843    
    12.00   6.8011    
    13.00   5.4190    
    14.00   4.4509    
    15.00   3.7658    
    16.00   3.2740    
    17.00   2.9143    
    18.00   2.6451    
    19.00   2.4386    
    20.00   2.2760    
    21.00   2.1447    
    22.00   2.0360    
    23.00   1.9440    
    24.00   1.8647    
    25.00   1.7951    
    26.00   1.7331    
    27.00   1.6773    
    28.00   1.6265    
    29.00   1.5797    
    30.00   1.5364    
    31.00   1.4960    
    32.00   1.4579    
    33.00   1.4220    
    34.00   1.3879    
    35.00   1.3552    
    36.00   1.3240    
    37.00   1.2939    
    38.00   1.2648    
    39.00   1.2367    
    40.00   1.2094    
    41.00   1.1828    
    42.00   1.1569    
    43.00   1.1316    
    44.00   1.1069    
    45.00   1.0827    
    46.00   1.0590    
    47.00   1.0358    
    48.00   1.0130    
    49.00  0.99072    
    50.00  0.96882    
    51.00  0.94736    
    52.00  0.92630    
    53.00  0.90564    
    54.00  0.88539    
    55.00  0.86554    
    56.00  0.84609    
    57.00  0.82705    
    58.00  0.80841    
    59.00  0.79017    
    60.00  0.77233    
    61.00  0.75490    
    62.00  0.73788    
    63.00  0.72126    
    64.00  0.70506    
    65.00  0.68927    
    66.00  0.67388    
    67.00  0.65892    
    68.00  0.64436    
    69.00  0.63022    
    70.00  0.61650    
    71.00  0.60319    
    72.00  0.59029    
    73.00  0.57781    
    74.00  0.56573    
    75.00  0.55407    
    76.00  0.54281    
    77.00  0.53195    
    78.00  0.52150    
    79.00  0.51145    
    80.00  0.50179    
    81.00  0.49253    
    82.00  0.48365    
    83.00  0.47516    
    84.00  0.46704    
    85.00  0.45930    
    86.00  0.45193    
    87.00  0.44492    
    88.00  0.43827    
    89.00  0.43197    
    90.00  0.42601    
    91.00  0.42040    
    92.00  0.41512    
    93.00  0.41016    
    94.00  0.40553    
    95.00  0.40121    
    96.00  0.39719    
    97.00  0.39348    
    98.00  0.39005    
    99.00  0.38691    
   100.00  0.38405    
   101.00  0.38146    
   102.00  0.37913    
   103.00  0.37706    
   104.00  0.37523    
   105.00  0.37364    
   106.00  0.37229    
   107.00  0.37116    
   108.00  0.37025    
   109.00  0.36954    
   110.00  0.36904    
   111.00  0.36874    
   112.00  0.36862    
   113.00  0.36868    
   114.00  0.36891    
   115.00  0.36931    
   116.00  0.36987    
   117.00  0.37057    
   118.00  0.37142    
   119.00  0.37241    
   120.00  0.37353    
   121.00  0.37476    
   122.00  0.37612    
   123.00  0.37758    
   124.00  0.37915    
   125.00  0.38081    
   126.00  0.38257    
   127.00  0.38440    
   128.00  0.38631    
   129.00  0.38830    
   130.00  0.39034    
   131.00  0.39245    
   132.00  0.39461    
   133.00  0.39682    
   134.00  0.39907    
   135.00  0.40136    
   136.00  0.40368    
   137.00  0.40602    
   138.00  0.40839    
   139.00  0.41077    
   140.00  0.41317    
   141.00  0.41558    
   142.00  0.41798    
   143.00  0.42039    
   144.00  0.42280    
   145.00  0.42521    
   146.00  0.42761    
   147.00  0.43000    
   148.00  0.43239    
   149.00  0.43477    
   150.00  0.43714    
   151.00  0.43951    
   152.00  0.44186    
   153.00  0.44421    
   154.00  0.44655    
   155.00  0.44886    
   156.00  0.45113    
   157.00  0.45335    
   158.00  0.45549    
   159.00  0.45754    
   160.00  0.45945    
   161.00  0.46120    
   162.00  0.46277    
   163.00  0.46413    
   164.00  0.46528    
   165.00  0.46623    
   166.00  0.46700    
   167.00  0.46764    
   168.00  0.46820    
   169.00  0.46875    
   170.00  0.46934    
   171.00  0.47004    
   172.00  0.47088    
   173.00  0.47186    
   174.00  0.47295    
   175.00  0.47411    
   176.00  0.47526    
   177.00  0.47629    
   178.00  0.47711    
   179.00  0.47765    
   180.00  0.47783    
 |--------|------------|
0.720000     micron = Wavelength
0.349746     = Extinction efficiency (Q)
0.140787     = Scattering efficiency (Qs)
0.208959     = Absorption efficiency (Qa)
 65.3318     = Lidar ratio
0.151672E-01 micron^2 = <b> = Average surface area per particle
0.530468E-02 microns^2 = Extinction cross section (C)
0.213535E-02 microns^2 = Scattering cross section (Cs)
0.316933E-02 microns^2 = Absorption cross section (Ca)
 |----------------------------------------------------|
 | COMMENTAIRES:                                      |
 |----------------------------------------------------|
 |   -Cross section / <b> should = efficiency         |
 |    is independant of the normalisation of dN/dx    |
 |   -The integral of the phase fct / 4 pi over all   |
 |    directions (solid angle) = 1.                   |
 |   -The volume coefficient (k) is equal to C * N    |
 |      = cross section * Number density              |
 |      typical units: [um^2]*[particles/cm^3] =      |
 |      [10^-3 km-1]                                  |
 |      N = M/(d*4/3*pi*r^3) where d is the density   |
 |      of particle, M is the mass per unit volume    |
 |      and 4/3*pi*r^3 is the average volume  of a    |
 |      particle.                                     |
 |      typical units:  M -> [ug/m^3], d -> [g/cm^3]  |
 |                      r -> [um]                     |
 |      Lidar ratio= 4 pi Qe / phase_fct(180)*Qs      |
 |----------------------------------------------------|
