 |--------|------------|
 | ANGLE  |  PHASE FCT |
 |--------|------------|
     0.00   149.93    
     1.00   138.65    
     2.00   110.29    
     3.00   76.950    
     4.00   48.989    
     5.00   30.145    
     6.00   18.928    
     7.00   12.474    
     8.00   8.7524    
     9.00   6.6321    
    10.00   5.4123    
    11.00   4.6624    
    12.00   4.1744    
    13.00   3.8465    
    14.00   3.6093    
    15.00   3.4235    
    16.00   3.2752    
    17.00   3.1536    
    18.00   3.0483    
    19.00   2.9552    
    20.00   2.8730    
    21.00   2.7984    
    22.00   2.7288    
    23.00   2.6641    
    24.00   2.6032    
    25.00   2.5450    
    26.00   2.4888    
    27.00   2.4347    
    28.00   2.3821    
    29.00   2.3305    
    30.00   2.2800    
    31.00   2.2304    
    32.00   2.1815    
    33.00   2.1331    
    34.00   2.0854    
    35.00   2.0383    
    36.00   1.9916    
    37.00   1.9455    
    38.00   1.8998    
    39.00   1.8547    
    40.00   1.8100    
    41.00   1.7658    
    42.00   1.7222    
    43.00   1.6791    
    44.00   1.6366    
    45.00   1.5947    
    46.00   1.5534    
    47.00   1.5127    
    48.00   1.4726    
    49.00   1.4332    
    50.00   1.3945    
    51.00   1.3565    
    52.00   1.3192    
    53.00   1.2826    
    54.00   1.2467    
    55.00   1.2116    
    56.00   1.1773    
    57.00   1.1437    
    58.00   1.1109    
    59.00   1.0789    
    60.00   1.0477    
    61.00   1.0173    
    62.00  0.98761    
    63.00  0.95876    
    64.00  0.93069    
    65.00  0.90341    
    66.00  0.87692    
    67.00  0.85120    
    68.00  0.82627    
    69.00  0.80210    
    70.00  0.77869    
    71.00  0.75603    
    72.00  0.73412    
    73.00  0.71295    
    74.00  0.69249    
    75.00  0.67276    
    76.00  0.65372    
    77.00  0.63538    
    78.00  0.61771    
    79.00  0.60071    
    80.00  0.58437    
    81.00  0.56866    
    82.00  0.55358    
    83.00  0.53911    
    84.00  0.52523    
    85.00  0.51194    
    86.00  0.49923    
    87.00  0.48706    
    88.00  0.47544    
    89.00  0.46434    
    90.00  0.45376    
    91.00  0.44368    
    92.00  0.43407    
    93.00  0.42494    
    94.00  0.41627    
    95.00  0.40804    
    96.00  0.40024    
    97.00  0.39285    
    98.00  0.38587    
    99.00  0.37928    
   100.00  0.37306    
   101.00  0.36720    
   102.00  0.36170    
   103.00  0.35654    
   104.00  0.35170    
   105.00  0.34718    
   106.00  0.34297    
   107.00  0.33904    
   108.00  0.33540    
   109.00  0.33203    
   110.00  0.32893    
   111.00  0.32607    
   112.00  0.32345    
   113.00  0.32107    
   114.00  0.31890    
   115.00  0.31695    
   116.00  0.31520    
   117.00  0.31364    
   118.00  0.31228    
   119.00  0.31108    
   120.00  0.31006    
   121.00  0.30920    
   122.00  0.30849    
   123.00  0.30793    
   124.00  0.30751    
   125.00  0.30721    
   126.00  0.30705    
   127.00  0.30700    
   128.00  0.30706    
   129.00  0.30723    
   130.00  0.30749    
   131.00  0.30785    
   132.00  0.30830    
   133.00  0.30882    
   134.00  0.30943    
   135.00  0.31010    
   136.00  0.31083    
   137.00  0.31163    
   138.00  0.31248    
   139.00  0.31338    
   140.00  0.31432    
   141.00  0.31531    
   142.00  0.31633    
   143.00  0.31738    
   144.00  0.31845    
   145.00  0.31955    
   146.00  0.32067    
   147.00  0.32180    
   148.00  0.32294    
   149.00  0.32409    
   150.00  0.32524    
   151.00  0.32639    
   152.00  0.32754    
   153.00  0.32869    
   154.00  0.32982    
   155.00  0.33095    
   156.00  0.33206    
   157.00  0.33315    
   158.00  0.33423    
   159.00  0.33528    
   160.00  0.33630    
   161.00  0.33729    
   162.00  0.33825    
   163.00  0.33915    
   164.00  0.34001    
   165.00  0.34081    
   166.00  0.34156    
   167.00  0.34224    
   168.00  0.34288    
   169.00  0.34347    
   170.00  0.34401    
   171.00  0.34452    
   172.00  0.34500    
   173.00  0.34544    
   174.00  0.34586    
   175.00  0.34623    
   176.00  0.34657    
   177.00  0.34685    
   178.00  0.34707    
   179.00  0.34720    
   180.00  0.34725    
 |--------|------------|
0.570000     micron = Wavelength
0.620111     = Extinction efficiency (Q)
0.310348     = Scattering efficiency (Qs)
0.309763     = Absorption efficiency (Qa)
 72.3089     = Lidar ratio
0.199841E-01 micron^2 = <b> = Average surface area per particle
0.123924E-01 microns^2 = Extinction cross section (C)
0.620203E-02 microns^2 = Scattering cross section (Cs)
0.619032E-02 microns^2 = Absorption cross section (Ca)
 |----------------------------------------------------|
 | COMMENTAIRES:                                      |
 |----------------------------------------------------|
 |   -Cross section / <b> should = efficiency         |
 |    is independant of the normalisation of dN/dx    |
 |   -The integral of the phase fct / 4 pi over all   |
 |    directions (solid angle) = 1.                   |
 |   -The volume coefficient (k) is equal to C * N    |
 |      = cross section * Number density              |
 |      typical units: [um^2]*[particles/cm^3] =      |
 |      [10^-3 km-1]                                  |
 |      N = M/(d*4/3*pi*r^3) where d is the density   |
 |      of particle, M is the mass per unit volume    |
 |      and 4/3*pi*r^3 is the average volume  of a    |
 |      particle.                                     |
 |      typical units:  M -> [ug/m^3], d -> [g/cm^3]  |
 |                      r -> [um]                     |
 |      Lidar ratio= 4 pi Qe / phase_fct(180)*Qs      |
 |----------------------------------------------------|
