 |--------|------------|
 | ANGLE  |  PHASE FCT |
 |--------|------------|
     0.00   148.07    
     1.00   136.73    
     2.00   108.26    
     3.00   74.970    
     4.00   47.296    
     5.00   28.883    
     6.00   18.088    
     7.00   11.955    
     8.00   8.4486    
     9.00   6.4661    
    10.00   5.3320    
    11.00   4.6335    
    12.00   4.1763    
    13.00   3.8677    
    14.00   3.6425    
    15.00   3.4644    
    16.00   3.3213    
    17.00   3.2032    
    18.00   3.1003    
    19.00   3.0088    
    20.00   2.9276    
    21.00   2.8536    
    22.00   2.7842    
    23.00   2.7193    
    24.00   2.6581    
    25.00   2.5992    
    26.00   2.5422    
    27.00   2.4872    
    28.00   2.4336    
    29.00   2.3808    
    30.00   2.3291    
    31.00   2.2782    
    32.00   2.2279    
    33.00   2.1782    
    34.00   2.1291    
    35.00   2.0805    
    36.00   2.0324    
    37.00   1.9848    
    38.00   1.9377    
    39.00   1.8911    
    40.00   1.8449    
    41.00   1.7994    
    42.00   1.7543    
    43.00   1.7099    
    44.00   1.6660    
    45.00   1.6227    
    46.00   1.5801    
    47.00   1.5381    
    48.00   1.4968    
    49.00   1.4562    
    50.00   1.4163    
    51.00   1.3771    
    52.00   1.3387    
    53.00   1.3011    
    54.00   1.2642    
    55.00   1.2281    
    56.00   1.1928    
    57.00   1.1583    
    58.00   1.1246    
    59.00   1.0917    
    60.00   1.0596    
    61.00   1.0284    
    62.00  0.99798    
    63.00  0.96839    
    64.00  0.93962    
    65.00  0.91167    
    66.00  0.88453    
    67.00  0.85820    
    68.00  0.83268    
    69.00  0.80794    
    70.00  0.78400    
    71.00  0.76084    
    72.00  0.73844    
    73.00  0.71679    
    74.00  0.69590    
    75.00  0.67574    
    76.00  0.65631    
    77.00  0.63758    
    78.00  0.61955    
    79.00  0.60220    
    80.00  0.58552    
    81.00  0.56950    
    82.00  0.55412    
    83.00  0.53935    
    84.00  0.52521    
    85.00  0.51165    
    86.00  0.49869    
    87.00  0.48628    
    88.00  0.47443    
    89.00  0.46311    
    90.00  0.45231    
    91.00  0.44203    
    92.00  0.43223    
    93.00  0.42291    
    94.00  0.41405    
    95.00  0.40565    
    96.00  0.39767    
    97.00  0.39012    
    98.00  0.38298    
    99.00  0.37623    
   100.00  0.36986    
   101.00  0.36386    
   102.00  0.35821    
   103.00  0.35291    
   104.00  0.34793    
   105.00  0.34328    
   106.00  0.33893    
   107.00  0.33488    
   108.00  0.33112    
   109.00  0.32762    
   110.00  0.32439    
   111.00  0.32142    
   112.00  0.31868    
   113.00  0.31618    
   114.00  0.31390    
   115.00  0.31183    
   116.00  0.30997    
   117.00  0.30831    
   118.00  0.30683    
   119.00  0.30553    
   120.00  0.30441    
   121.00  0.30344    
   122.00  0.30263    
   123.00  0.30197    
   124.00  0.30145    
   125.00  0.30106    
   126.00  0.30080    
   127.00  0.30066    
   128.00  0.30063    
   129.00  0.30070    
   130.00  0.30088    
   131.00  0.30115    
   132.00  0.30151    
   133.00  0.30195    
   134.00  0.30247    
   135.00  0.30307    
   136.00  0.30372    
   137.00  0.30444    
   138.00  0.30522    
   139.00  0.30605    
   140.00  0.30692    
   141.00  0.30783    
   142.00  0.30879    
   143.00  0.30977    
   144.00  0.31079    
   145.00  0.31182    
   146.00  0.31288    
   147.00  0.31396    
   148.00  0.31504    
   149.00  0.31614    
   150.00  0.31724    
   151.00  0.31834    
   152.00  0.31944    
   153.00  0.32054    
   154.00  0.32163    
   155.00  0.32272    
   156.00  0.32379    
   157.00  0.32484    
   158.00  0.32588    
   159.00  0.32689    
   160.00  0.32788    
   161.00  0.32884    
   162.00  0.32976    
   163.00  0.33064    
   164.00  0.33147    
   165.00  0.33225    
   166.00  0.33298    
   167.00  0.33365    
   168.00  0.33428    
   169.00  0.33486    
   170.00  0.33539    
   171.00  0.33589    
   172.00  0.33635    
   173.00  0.33678    
   174.00  0.33718    
   175.00  0.33755    
   176.00  0.33787    
   177.00  0.33814    
   178.00  0.33834    
   179.00  0.33847    
   180.00  0.33851    
 |--------|------------|
0.560000     micron = Wavelength
0.637835     = Extinction efficiency (Q)
0.322169     = Scattering efficiency (Qs)
0.315666     = Absorption efficiency (Qa)
 73.4959     = Lidar ratio
0.199815E-01 micron^2 = <b> = Average surface area per particle
0.127449E-01 microns^2 = Extinction cross section (C)
0.643743E-02 microns^2 = Scattering cross section (Cs)
0.630748E-02 microns^2 = Absorption cross section (Ca)
 |----------------------------------------------------|
 | COMMENTAIRES:                                      |
 |----------------------------------------------------|
 |   -Cross section / <b> should = efficiency         |
 |    is independant of the normalisation of dN/dx    |
 |   -The integral of the phase fct / 4 pi over all   |
 |    directions (solid angle) = 1.                   |
 |   -The volume coefficient (k) is equal to C * N    |
 |      = cross section * Number density              |
 |      typical units: [um^2]*[particles/cm^3] =      |
 |      [10^-3 km-1]                                  |
 |      N = M/(d*4/3*pi*r^3) where d is the density   |
 |      of particle, M is the mass per unit volume    |
 |      and 4/3*pi*r^3 is the average volume  of a    |
 |      particle.                                     |
 |      typical units:  M -> [ug/m^3], d -> [g/cm^3]  |
 |                      r -> [um]                     |
 |      Lidar ratio= 4 pi Qe / phase_fct(180)*Qs      |
 |----------------------------------------------------|
