 |--------|------------|
 | ANGLE  |  PHASE FCT |
 |--------|------------|
     0.00   106.28    
     1.00   99.148    
     2.00   80.981    
     3.00   59.052    
     4.00   39.828    
     5.00   26.036    
     6.00   17.209    
     7.00   11.800    
     8.00   8.5298    
     9.00   6.5833    
    10.00   5.4212    
    11.00   4.6999    
    12.00   4.2329    
    13.00   3.9197    
    14.00   3.6958    
    15.00   3.5242    
    16.00   3.3877    
    17.00   3.2748    
    18.00   3.1770    
    19.00   3.0900    
    20.00   3.0117    
    21.00   2.9397    
    22.00   2.8720    
    23.00   2.8080    
    24.00   2.7471    
    25.00   2.6884    
    26.00   2.6313    
    27.00   2.5757    
    28.00   2.5213    
    29.00   2.4678    
    30.00   2.4151    
    31.00   2.3631    
    32.00   2.3116    
    33.00   2.2607    
    34.00   2.2103    
    35.00   2.1603    
    36.00   2.1108    
    37.00   2.0617    
    38.00   2.0131    
    39.00   1.9650    
    40.00   1.9173    
    41.00   1.8702    
    42.00   1.8236    
    43.00   1.7776    
    44.00   1.7321    
    45.00   1.6873    
    46.00   1.6431    
    47.00   1.5995    
    48.00   1.5567    
    49.00   1.5145    
    50.00   1.4731    
    51.00   1.4324    
    52.00   1.3925    
    53.00   1.3534    
    54.00   1.3151    
    55.00   1.2776    
    56.00   1.2409    
    57.00   1.2050    
    58.00   1.1699    
    59.00   1.1357    
    60.00   1.1024    
    61.00   1.0699    
    62.00   1.0383    
    63.00   1.0075    
    64.00  0.97754    
    65.00  0.94845    
    66.00  0.92021    
    67.00  0.89281    
    68.00  0.86623    
    69.00  0.84048    
    70.00  0.81555    
    71.00  0.79143    
    72.00  0.76810    
    73.00  0.74556    
    74.00  0.72380    
    75.00  0.70280    
    76.00  0.68255    
    77.00  0.66304    
    78.00  0.64425    
    79.00  0.62617    
    80.00  0.60879    
    81.00  0.59209    
    82.00  0.57605    
    83.00  0.56067    
    84.00  0.54592    
    85.00  0.53179    
    86.00  0.51826    
    87.00  0.50533    
    88.00  0.49296    
    89.00  0.48116    
    90.00  0.46990    
    91.00  0.45916    
    92.00  0.44894    
    93.00  0.43921    
    94.00  0.42997    
    95.00  0.42119    
    96.00  0.41286    
    97.00  0.40497    
    98.00  0.39751    
    99.00  0.39046    
   100.00  0.38380    
   101.00  0.37753    
   102.00  0.37163    
   103.00  0.36608    
   104.00  0.36088    
   105.00  0.35601    
   106.00  0.35146    
   107.00  0.34721    
   108.00  0.34327    
   109.00  0.33961    
   110.00  0.33622    
   111.00  0.33310    
   112.00  0.33023    
   113.00  0.32760    
   114.00  0.32520    
   115.00  0.32303    
   116.00  0.32107    
   117.00  0.31931    
   118.00  0.31775    
   119.00  0.31638    
   120.00  0.31519    
   121.00  0.31416    
   122.00  0.31330    
   123.00  0.31259    
   124.00  0.31202    
   125.00  0.31160    
   126.00  0.31131    
   127.00  0.31114    
   128.00  0.31109    
   129.00  0.31115    
   130.00  0.31132    
   131.00  0.31159    
   132.00  0.31194    
   133.00  0.31239    
   134.00  0.31292    
   135.00  0.31352    
   136.00  0.31419    
   137.00  0.31492    
   138.00  0.31572    
   139.00  0.31657    
   140.00  0.31746    
   141.00  0.31840    
   142.00  0.31938    
   143.00  0.32040    
   144.00  0.32144    
   145.00  0.32252    
   146.00  0.32361    
   147.00  0.32472    
   148.00  0.32584    
   149.00  0.32698    
   150.00  0.32811    
   151.00  0.32926    
   152.00  0.33040    
   153.00  0.33154    
   154.00  0.33268    
   155.00  0.33380    
   156.00  0.33492    
   157.00  0.33602    
   158.00  0.33710    
   159.00  0.33816    
   160.00  0.33919    
   161.00  0.34018    
   162.00  0.34113    
   163.00  0.34204    
   164.00  0.34289    
   165.00  0.34369    
   166.00  0.34444    
   167.00  0.34513    
   168.00  0.34577    
   169.00  0.34636    
   170.00  0.34691    
   171.00  0.34743    
   172.00  0.34792    
   173.00  0.34838    
   174.00  0.34880    
   175.00  0.34919    
   176.00  0.34954    
   177.00  0.34983    
   178.00  0.35004    
   179.00  0.35018    
   180.00  0.35023    
 |--------|------------|
0.490000     micron = Wavelength
0.632490     = Extinction efficiency (Q)
0.317840     = Scattering efficiency (Qs)
0.314650     = Absorption efficiency (Qa)
 71.4011     = Lidar ratio
0.151587E-01 micron^2 = <b> = Average surface area per particle
0.958774E-02 microns^2 = Extinction cross section (C)
0.481805E-02 microns^2 = Scattering cross section (Cs)
0.476969E-02 microns^2 = Absorption cross section (Ca)
 |----------------------------------------------------|
 | COMMENTAIRES:                                      |
 |----------------------------------------------------|
 |   -Cross section / <b> should = efficiency         |
 |    is independant of the normalisation of dN/dx    |
 |   -The integral of the phase fct / 4 pi over all   |
 |    directions (solid angle) = 1.                   |
 |   -The volume coefficient (k) is equal to C * N    |
 |      = cross section * Number density              |
 |      typical units: [um^2]*[particles/cm^3] =      |
 |      [10^-3 km-1]                                  |
 |      N = M/(d*4/3*pi*r^3) where d is the density   |
 |      of particle, M is the mass per unit volume    |
 |      and 4/3*pi*r^3 is the average volume  of a    |
 |      particle.                                     |
 |      typical units:  M -> [ug/m^3], d -> [g/cm^3]  |
 |                      r -> [um]                     |
 |      Lidar ratio= 4 pi Qe / phase_fct(180)*Qs      |
 |----------------------------------------------------|
