 |--------|------------|
 | ANGLE  |  PHASE FCT |
 |--------|------------|
     0.00   79.238    
     1.00   75.192    
     2.00   64.581    
     3.00   50.970    
     4.00   37.847    
     5.00   27.167    
     6.00   19.308    
     7.00   13.835    
     8.00   10.145    
     9.00   7.7165    
    10.00   6.1352    
    11.00   5.1017    
    12.00   4.4187    
    13.00   3.9594    
    14.00   3.6411    
    15.00   3.4114    
    16.00   3.2392    
    17.00   3.1045    
    18.00   2.9944    
    19.00   2.9010    
    20.00   2.8196    
    21.00   2.7468    
    22.00   2.6802    
    23.00   2.6183    
    24.00   2.5601    
    25.00   2.5048    
    26.00   2.4518    
    27.00   2.4006    
    28.00   2.3509    
    29.00   2.3024    
    30.00   2.2550    
    31.00   2.2084    
    32.00   2.1626    
    33.00   2.1173    
    34.00   2.0727    
    35.00   2.0285    
    36.00   1.9848    
    37.00   1.9416    
    38.00   1.8988    
    39.00   1.8565    
    40.00   1.8145    
    41.00   1.7730    
    42.00   1.7319    
    43.00   1.6913    
    44.00   1.6512    
    45.00   1.6115    
    46.00   1.5724    
    47.00   1.5338    
    48.00   1.4957    
    49.00   1.4582    
    50.00   1.4212    
    51.00   1.3849    
    52.00   1.3491    
    53.00   1.3140    
    54.00   1.2795    
    55.00   1.2457    
    56.00   1.2126    
    57.00   1.1801    
    58.00   1.1483    
    59.00   1.1172    
    60.00   1.0869    
    61.00   1.0572    
    62.00   1.0283    
    63.00   1.0000    
    64.00  0.97255    
    65.00  0.94578    
    66.00  0.91973    
    67.00  0.89441    
    68.00  0.86982    
    69.00  0.84594    
    70.00  0.82278    
    71.00  0.80034    
    72.00  0.77860    
    73.00  0.75756    
    74.00  0.73722    
    75.00  0.71756    
    76.00  0.69858    
    77.00  0.68027    
    78.00  0.66262    
    79.00  0.64562    
    80.00  0.62926    
    81.00  0.61353    
    82.00  0.59842    
    83.00  0.58391    
    84.00  0.56999    
    85.00  0.55666    
    86.00  0.54390    
    87.00  0.53170    
    88.00  0.52004    
    89.00  0.50891    
    90.00  0.49830    
    91.00  0.48820    
    92.00  0.47859    
    93.00  0.46946    
    94.00  0.46080    
    95.00  0.45259    
    96.00  0.44483    
    97.00  0.43749    
    98.00  0.43057    
    99.00  0.42406    
   100.00  0.41793    
   101.00  0.41219    
   102.00  0.40681    
   103.00  0.40179    
   104.00  0.39711    
   105.00  0.39276    
   106.00  0.38873    
   107.00  0.38500    
   108.00  0.38158    
   109.00  0.37844    
   110.00  0.37558    
   111.00  0.37298    
   112.00  0.37063    
   113.00  0.36853    
   114.00  0.36666    
   115.00  0.36502    
   116.00  0.36359    
   117.00  0.36237    
   118.00  0.36135    
   119.00  0.36051    
   120.00  0.35985    
   121.00  0.35936    
   122.00  0.35903    
   123.00  0.35886    
   124.00  0.35883    
   125.00  0.35893    
   126.00  0.35917    
   127.00  0.35953    
   128.00  0.36001    
   129.00  0.36060    
   130.00  0.36128    
   131.00  0.36206    
   132.00  0.36293    
   133.00  0.36388    
   134.00  0.36491    
   135.00  0.36601    
   136.00  0.36717    
   137.00  0.36838    
   138.00  0.36965    
   139.00  0.37097    
   140.00  0.37233    
   141.00  0.37372    
   142.00  0.37514    
   143.00  0.37659    
   144.00  0.37806    
   145.00  0.37955    
   146.00  0.38105    
   147.00  0.38257    
   148.00  0.38408    
   149.00  0.38560    
   150.00  0.38712    
   151.00  0.38863    
   152.00  0.39014    
   153.00  0.39163    
   154.00  0.39312    
   155.00  0.39458    
   156.00  0.39603    
   157.00  0.39745    
   158.00  0.39883    
   159.00  0.40018    
   160.00  0.40147    
   161.00  0.40271    
   162.00  0.40387    
   163.00  0.40497    
   164.00  0.40598    
   165.00  0.40692    
   166.00  0.40778    
   167.00  0.40858    
   168.00  0.40931    
   169.00  0.41000    
   170.00  0.41065    
   171.00  0.41128    
   172.00  0.41190    
   173.00  0.41249    
   174.00  0.41307    
   175.00  0.41361    
   176.00  0.41410    
   177.00  0.41451    
   178.00  0.41483    
   179.00  0.41503    
   180.00  0.41509    
 |--------|------------|
0.440000     micron = Wavelength
0.539691     = Extinction efficiency (Q)
0.257473     = Scattering efficiency (Qs)
0.282218     = Absorption efficiency (Qa)
 63.4566     = Lidar ratio
0.100535E-01 micron^2 = <b> = Average surface area per particle
0.542579E-02 microns^2 = Extinction cross section (C)
0.258851E-02 microns^2 = Scattering cross section (Cs)
0.283729E-02 microns^2 = Absorption cross section (Ca)
 |----------------------------------------------------|
 | COMMENTAIRES:                                      |
 |----------------------------------------------------|
 |   -Cross section / <b> should = efficiency         |
 |    is independant of the normalisation of dN/dx    |
 |   -The integral of the phase fct / 4 pi over all   |
 |    directions (solid angle) = 1.                   |
 |   -The volume coefficient (k) is equal to C * N    |
 |      = cross section * Number density              |
 |      typical units: [um^2]*[particles/cm^3] =      |
 |      [10^-3 km-1]                                  |
 |      N = M/(d*4/3*pi*r^3) where d is the density   |
 |      of particle, M is the mass per unit volume    |
 |      and 4/3*pi*r^3 is the average volume  of a    |
 |      particle.                                     |
 |      typical units:  M -> [ug/m^3], d -> [g/cm^3]  |
 |                      r -> [um]                     |
 |      Lidar ratio= 4 pi Qe / phase_fct(180)*Qs      |
 |----------------------------------------------------|
