 |--------|------------|
 | ANGLE  |  PHASE FCT |
 |--------|------------|
     0.00   37.053    
     1.00   36.823    
     2.00   36.146    
     3.00   35.061    
     4.00   33.623    
     5.00   31.903    
     6.00   29.975    
     7.00   27.914    
     8.00   25.787    
     9.00   23.654    
    10.00   21.563    
    11.00   19.552    
    12.00   17.648    
    13.00   15.869    
    14.00   14.226    
    15.00   12.723    
    16.00   11.359    
    17.00   10.130    
    18.00   9.0292    
    19.00   8.0484    
    20.00   7.1780    
    21.00   6.4080    
    22.00   5.7289    
    23.00   5.1312    
    24.00   4.6058    
    25.00   4.1445    
    26.00   3.7397    
    27.00   3.3844    
    28.00   3.0723    
    29.00   2.7980    
    30.00   2.5566    
    31.00   2.3437    
    32.00   2.1556    
    33.00   1.9891    
    34.00   1.8411    
    35.00   1.7093    
    36.00   1.5916    
    37.00   1.4860    
    38.00   1.3910    
    39.00   1.3053    
    40.00   1.2276    
    41.00   1.1570    
    42.00   1.0926    
    43.00   1.0336    
    44.00  0.97950    
    45.00  0.92962    
    46.00  0.88353    
    47.00  0.84082    
    48.00  0.80114    
    49.00  0.76419    
    50.00  0.72970    
    51.00  0.69744    
    52.00  0.66720    
    53.00  0.63881    
    54.00  0.61212    
    55.00  0.58698    
    56.00  0.56327    
    57.00  0.54089    
    58.00  0.51975    
    59.00  0.49974    
    60.00  0.48080    
    61.00  0.46286    
    62.00  0.44584    
    63.00  0.42970    
    64.00  0.41438    
    65.00  0.39983    
    66.00  0.38601    
    67.00  0.37287    
    68.00  0.36039    
    69.00  0.34852    
    70.00  0.33723    
    71.00  0.32649    
    72.00  0.31628    
    73.00  0.30656    
    74.00  0.29731    
    75.00  0.28852    
    76.00  0.28016    
    77.00  0.27220    
    78.00  0.26464    
    79.00  0.25744    
    80.00  0.25061    
    81.00  0.24411    
    82.00  0.23793    
    83.00  0.23207    
    84.00  0.22650    
    85.00  0.22122    
    86.00  0.21621    
    87.00  0.21147    
    88.00  0.20697    
    89.00  0.20272    
    90.00  0.19869    
    91.00  0.19489    
    92.00  0.19131    
    93.00  0.18792    
    94.00  0.18474    
    95.00  0.18175    
    96.00  0.17893    
    97.00  0.17630    
    98.00  0.17383    
    99.00  0.17153    
   100.00  0.16938    
   101.00  0.16739    
   102.00  0.16555    
   103.00  0.16384    
   104.00  0.16227    
   105.00  0.16084    
   106.00  0.15953    
   107.00  0.15835    
   108.00  0.15728    
   109.00  0.15634    
   110.00  0.15550    
   111.00  0.15477    
   112.00  0.15416    
   113.00  0.15364    
   114.00  0.15323    
   115.00  0.15291    
   116.00  0.15269    
   117.00  0.15256    
   118.00  0.15253    
   119.00  0.15259    
   120.00  0.15273    
   121.00  0.15297    
   122.00  0.15329    
   123.00  0.15370    
   124.00  0.15420    
   125.00  0.15478    
   126.00  0.15545    
   127.00  0.15620    
   128.00  0.15704    
   129.00  0.15797    
   130.00  0.15898    
   131.00  0.16007    
   132.00  0.16125    
   133.00  0.16252    
   134.00  0.16387    
   135.00  0.16530    
   136.00  0.16681    
   137.00  0.16839    
   138.00  0.17004    
   139.00  0.17175    
   140.00  0.17351    
   141.00  0.17531    
   142.00  0.17713    
   143.00  0.17896    
   144.00  0.18077    
   145.00  0.18254    
   146.00  0.18425    
   147.00  0.18585    
   148.00  0.18733    
   149.00  0.18863    
   150.00  0.18974    
   151.00  0.19060    
   152.00  0.19120    
   153.00  0.19149    
   154.00  0.19146    
   155.00  0.19109    
   156.00  0.19038    
   157.00  0.18935    
   158.00  0.18801    
   159.00  0.18642    
   160.00  0.18463    
   161.00  0.18273    
   162.00  0.18080    
   163.00  0.17896    
   164.00  0.17730    
   165.00  0.17594    
   166.00  0.17497    
   167.00  0.17448    
   168.00  0.17453    
   169.00  0.17514    
   170.00  0.17631    
   171.00  0.17799    
   172.00  0.18010    
   173.00  0.18252    
   174.00  0.18511    
   175.00  0.18769    
   176.00  0.19010    
   177.00  0.19218    
   178.00  0.19378    
   179.00  0.19479    
   180.00  0.19513    
 |--------|------------|
0.660000     micron = Wavelength
0.163829     = Extinction efficiency (Q)
0.645503E-01 = Scattering efficiency (Qs)
0.992782E-01 = Absorption efficiency (Qa)
 163.444     = Lidar ratio
0.272778E-02 micron^2 = <b> = Average surface area per particle
0.446889E-03 microns^2 = Extinction cross section (C)
0.176079E-03 microns^2 = Scattering cross section (Cs)
0.270809E-03 microns^2 = Absorption cross section (Ca)
 |----------------------------------------------------|
 | COMMENTAIRES:                                      |
 |----------------------------------------------------|
 |   -Cross section / <b> should = efficiency         |
 |    is independant of the normalisation of dN/dx    |
 |   -The integral of the phase fct / 4 pi over all   |
 |    directions (solid angle) = 1.                   |
 |   -The volume coefficient (k) is equal to C * N    |
 |      = cross section * Number density              |
 |      typical units: [um^2]*[particles/cm^3] =      |
 |      [10^-3 km-1]                                  |
 |      N = M/(d*4/3*pi*r^3) where d is the density   |
 |      of particle, M is the mass per unit volume    |
 |      and 4/3*pi*r^3 is the average volume  of a    |
 |      particle.                                     |
 |      typical units:  M -> [ug/m^3], d -> [g/cm^3]  |
 |                      r -> [um]                     |
 |      Lidar ratio= 4 pi Qe / phase_fct(180)*Qs      |
 |----------------------------------------------------|
