 |--------|------------|
 | ANGLE  |  PHASE FCT |
 |--------|------------|
     0.00   52.525    
     1.00   52.019    
     2.00   50.547    
     3.00   48.230    
     4.00   45.247    
     5.00   41.799    
     6.00   38.087    
     7.00   34.289    
     8.00   30.551    
     9.00   26.983    
    10.00   23.658    
    11.00   20.622    
    12.00   17.894    
    13.00   15.476    
    14.00   13.356    
    15.00   11.516    
    16.00   9.9304    
    17.00   8.5726    
    18.00   7.4159    
    19.00   6.4343    
    20.00   5.6036    
    21.00   4.9023    
    22.00   4.3105    
    23.00   3.8113    
    24.00   3.3898    
    25.00   3.0335    
    26.00   2.7316    
    27.00   2.4750    
    28.00   2.2560    
    29.00   2.0682    
    30.00   1.9064    
    31.00   1.7661    
    32.00   1.6439    
    33.00   1.5366    
    34.00   1.4418    
    35.00   1.3575    
    36.00   1.2821    
    37.00   1.2141    
    38.00   1.1525    
    39.00   1.0963    
    40.00   1.0447    
    41.00  0.99723    
    42.00  0.95327    
    43.00  0.91239    
    44.00  0.87426    
    45.00  0.83856    
    46.00  0.80505    
    47.00  0.77352    
    48.00  0.74378    
    49.00  0.71567    
    50.00  0.68906    
    51.00  0.66385    
    52.00  0.63992    
    53.00  0.61718    
    54.00  0.59556    
    55.00  0.57499    
    56.00  0.55539    
    57.00  0.53672    
    58.00  0.51891    
    59.00  0.50194    
    60.00  0.48574    
    61.00  0.47028    
    62.00  0.45553    
    63.00  0.44145    
    64.00  0.42800    
    65.00  0.41516    
    66.00  0.40289    
    67.00  0.39118    
    68.00  0.38000    
    69.00  0.36932    
    70.00  0.35913    
    71.00  0.34940    
    72.00  0.34011    
    73.00  0.33126    
    74.00  0.32281    
    75.00  0.31475    
    76.00  0.30707    
    77.00  0.29976    
    78.00  0.29280    
    79.00  0.28617    
    80.00  0.27987    
    81.00  0.27388    
    82.00  0.26820    
    83.00  0.26280    
    84.00  0.25769    
    85.00  0.25285    
    86.00  0.24828    
    87.00  0.24395    
    88.00  0.23988    
    89.00  0.23604    
    90.00  0.23243    
    91.00  0.22904    
    92.00  0.22586    
    93.00  0.22290    
    94.00  0.22014    
    95.00  0.21757    
    96.00  0.21519    
    97.00  0.21299    
    98.00  0.21097    
    99.00  0.20913    
   100.00  0.20744    
   101.00  0.20592    
   102.00  0.20456    
   103.00  0.20334    
   104.00  0.20227    
   105.00  0.20134    
   106.00  0.20055    
   107.00  0.19989    
   108.00  0.19936    
   109.00  0.19895    
   110.00  0.19866    
   111.00  0.19849    
   112.00  0.19842    
   113.00  0.19847    
   114.00  0.19862    
   115.00  0.19887    
   116.00  0.19921    
   117.00  0.19965    
   118.00  0.20019    
   119.00  0.20081    
   120.00  0.20151    
   121.00  0.20230    
   122.00  0.20317    
   123.00  0.20412    
   124.00  0.20515    
   125.00  0.20625    
   126.00  0.20743    
   127.00  0.20868    
   128.00  0.21000    
   129.00  0.21140    
   130.00  0.21287    
   131.00  0.21441    
   132.00  0.21602    
   133.00  0.21771    
   134.00  0.21948    
   135.00  0.22132    
   136.00  0.22324    
   137.00  0.22523    
   138.00  0.22731    
   139.00  0.22946    
   140.00  0.23170    
   141.00  0.23401    
   142.00  0.23639    
   143.00  0.23884    
   144.00  0.24134    
   145.00  0.24388    
   146.00  0.24645    
   147.00  0.24902    
   148.00  0.25157    
   149.00  0.25406    
   150.00  0.25646    
   151.00  0.25872    
   152.00  0.26079    
   153.00  0.26262    
   154.00  0.26417    
   155.00  0.26539    
   156.00  0.26623    
   157.00  0.26666    
   158.00  0.26666    
   159.00  0.26625    
   160.00  0.26543    
   161.00  0.26426    
   162.00  0.26281    
   163.00  0.26118    
   164.00  0.25950    
   165.00  0.25789    
   166.00  0.25650    
   167.00  0.25547    
   168.00  0.25491    
   169.00  0.25492    
   170.00  0.25554    
   171.00  0.25678    
   172.00  0.25859    
   173.00  0.26085    
   174.00  0.26342    
   175.00  0.26610    
   176.00  0.26869    
   177.00  0.27097    
   178.00  0.27275    
   179.00  0.27389    
   180.00  0.27428    
 |--------|------------|
0.750000     micron = Wavelength
0.184326     = Extinction efficiency (Q)
0.668226E-01 = Scattering efficiency (Qs)
0.117504     = Absorption efficiency (Qa)
 126.381     = Lidar ratio
0.513789E-02 micron^2 = <b> = Average surface area per particle
0.947048E-03 microns^2 = Extinction cross section (C)
0.343327E-03 microns^2 = Scattering cross section (Cs)
0.603721E-03 microns^2 = Absorption cross section (Ca)
 |----------------------------------------------------|
 | COMMENTAIRES:                                      |
 |----------------------------------------------------|
 |   -Cross section / <b> should = efficiency         |
 |    is independant of the normalisation of dN/dx    |
 |   -The integral of the phase fct / 4 pi over all   |
 |    directions (solid angle) = 1.                   |
 |   -The volume coefficient (k) is equal to C * N    |
 |      = cross section * Number density              |
 |      typical units: [um^2]*[particles/cm^3] =      |
 |      [10^-3 km-1]                                  |
 |      N = M/(d*4/3*pi*r^3) where d is the density   |
 |      of particle, M is the mass per unit volume    |
 |      and 4/3*pi*r^3 is the average volume  of a    |
 |      particle.                                     |
 |      typical units:  M -> [ug/m^3], d -> [g/cm^3]  |
 |                      r -> [um]                     |
 |      Lidar ratio= 4 pi Qe / phase_fct(180)*Qs      |
 |----------------------------------------------------|
