 |--------|------------|
 | ANGLE  |  PHASE FCT |
 |--------|------------|
     0.00   70.150    
     1.00   69.103    
     2.00   66.098    
     3.00   61.507    
     4.00   55.834    
     5.00   49.599    
     6.00   43.256    
     7.00   37.151    
     8.00   31.511    
     9.00   26.467    
    10.00   22.068    
    11.00   18.308    
    12.00   15.145    
    13.00   12.518    
    14.00   10.360    
    15.00   8.6000    
    16.00   7.1745    
    17.00   6.0252    
    18.00   5.1012    
    19.00   4.3594    
    20.00   3.7640    
    21.00   3.2856    
    22.00   2.9002    
    23.00   2.5883    
    24.00   2.3345    
    25.00   2.1266    
    26.00   1.9549    
    27.00   1.8117    
    28.00   1.6911    
    29.00   1.5883    
    30.00   1.4998    
    31.00   1.4226    
    32.00   1.3546    
    33.00   1.2939    
    34.00   1.2392    
    35.00   1.1895    
    36.00   1.1439    
    37.00   1.1018    
    38.00   1.0627    
    39.00   1.0261    
    40.00  0.99165    
    41.00  0.95919    
    42.00  0.92845    
    43.00  0.89926    
    44.00  0.87146    
    45.00  0.84495    
    46.00  0.81962    
    47.00  0.79536    
    48.00  0.77213    
    49.00  0.74983    
    50.00  0.72843    
    51.00  0.70786    
    52.00  0.68808    
    53.00  0.66906    
    54.00  0.65075    
    55.00  0.63312    
    56.00  0.61615    
    57.00  0.59980    
    58.00  0.58405    
    59.00  0.56887    
    60.00  0.55425    
    61.00  0.54016    
    62.00  0.52659    
    63.00  0.51352    
    64.00  0.50093    
    65.00  0.48880    
    66.00  0.47713    
    67.00  0.46590    
    68.00  0.45509    
    69.00  0.44470    
    70.00  0.43471    
    71.00  0.42512    
    72.00  0.41591    
    73.00  0.40708    
    74.00  0.39861    
    75.00  0.39049    
    76.00  0.38272    
    77.00  0.37529    
    78.00  0.36819    
    79.00  0.36142    
    80.00  0.35496    
    81.00  0.34881    
    82.00  0.34297    
    83.00  0.33742    
    84.00  0.33216    
    85.00  0.32718    
    86.00  0.32248    
    87.00  0.31805    
    88.00  0.31388    
    89.00  0.30998    
    90.00  0.30632    
    91.00  0.30292    
    92.00  0.29975    
    93.00  0.29683    
    94.00  0.29413    
    95.00  0.29165    
    96.00  0.28940    
    97.00  0.28736    
    98.00  0.28552    
    99.00  0.28389    
   100.00  0.28246    
   101.00  0.28122    
   102.00  0.28016    
   103.00  0.27929    
   104.00  0.27859    
   105.00  0.27807    
   106.00  0.27771    
   107.00  0.27751    
   108.00  0.27746    
   109.00  0.27757    
   110.00  0.27782    
   111.00  0.27821    
   112.00  0.27873    
   113.00  0.27939    
   114.00  0.28017    
   115.00  0.28107    
   116.00  0.28208    
   117.00  0.28321    
   118.00  0.28444    
   119.00  0.28577    
   120.00  0.28720    
   121.00  0.28872    
   122.00  0.29033    
   123.00  0.29202    
   124.00  0.29379    
   125.00  0.29564    
   126.00  0.29756    
   127.00  0.29954    
   128.00  0.30159    
   129.00  0.30371    
   130.00  0.30588    
   131.00  0.30811    
   132.00  0.31039    
   133.00  0.31272    
   134.00  0.31511    
   135.00  0.31754    
   136.00  0.32003    
   137.00  0.32256    
   138.00  0.32515    
   139.00  0.32779    
   140.00  0.33048    
   141.00  0.33323    
   142.00  0.33603    
   143.00  0.33889    
   144.00  0.34181    
   145.00  0.34478    
   146.00  0.34781    
   147.00  0.35088    
   148.00  0.35399    
   149.00  0.35712    
   150.00  0.36024    
   151.00  0.36334    
   152.00  0.36638    
   153.00  0.36930    
   154.00  0.37208    
   155.00  0.37465    
   156.00  0.37696    
   157.00  0.37895    
   158.00  0.38057    
   159.00  0.38178    
   160.00  0.38257    
   161.00  0.38292    
   162.00  0.38287    
   163.00  0.38246    
   164.00  0.38179    
   165.00  0.38097    
   166.00  0.38013    
   167.00  0.37941    
   168.00  0.37897    
   169.00  0.37892    
   170.00  0.37937    
   171.00  0.38036    
   172.00  0.38189    
   173.00  0.38388    
   174.00  0.38621    
   175.00  0.38871    
   176.00  0.39117    
   177.00  0.39338    
   178.00  0.39512    
   179.00  0.39624    
   180.00  0.39663    
 |--------|------------|
0.730000     micron = Wavelength
0.215782     = Extinction efficiency (Q)
0.750578E-01 = Scattering efficiency (Qs)
0.140724     = Absorption efficiency (Qa)
 91.0843     = Lidar ratio
0.730527E-02 micron^2 = <b> = Average surface area per particle
0.157635E-02 microns^2 = Extinction cross section (C)
0.548317E-03 microns^2 = Scattering cross section (Cs)
0.102803E-02 microns^2 = Absorption cross section (Ca)
 |----------------------------------------------------|
 | COMMENTAIRES:                                      |
 |----------------------------------------------------|
 |   -Cross section / <b> should = efficiency         |
 |    is independant of the normalisation of dN/dx    |
 |   -The integral of the phase fct / 4 pi over all   |
 |    directions (solid angle) = 1.                   |
 |   -The volume coefficient (k) is equal to C * N    |
 |      = cross section * Number density              |
 |      typical units: [um^2]*[particles/cm^3] =      |
 |      [10^-3 km-1]                                  |
 |      N = M/(d*4/3*pi*r^3) where d is the density   |
 |      of particle, M is the mass per unit volume    |
 |      and 4/3*pi*r^3 is the average volume  of a    |
 |      particle.                                     |
 |      typical units:  M -> [ug/m^3], d -> [g/cm^3]  |
 |                      r -> [um]                     |
 |      Lidar ratio= 4 pi Qe / phase_fct(180)*Qs      |
 |----------------------------------------------------|
