 |--------|------------|
 | ANGLE  |  PHASE FCT |
 |--------|------------|
     0.00   70.222    
     1.00   67.300    
     2.00   59.484    
     3.00   49.049    
     4.00   38.376    
     5.00   29.023    
     6.00   21.570    
     7.00   15.967    
     8.00   11.916    
     9.00   9.0656    
    10.00   7.0940    
    11.00   5.7400    
    12.00   4.8110    
    13.00   4.1704    
    14.00   3.7227    
    15.00   3.4034    
    16.00   3.1698    
    17.00   2.9937    
    18.00   2.8562    
    19.00   2.7451    
    20.00   2.6524    
    21.00   2.5726    
    22.00   2.5021    
    23.00   2.4384    
    24.00   2.3800    
    25.00   2.3256    
    26.00   2.2743    
    27.00   2.2254    
    28.00   2.1786    
    29.00   2.1333    
    30.00   2.0895    
    31.00   2.0468    
    32.00   2.0050    
    33.00   1.9641    
    34.00   1.9238    
    35.00   1.8843    
    36.00   1.8452    
    37.00   1.8067    
    38.00   1.7687    
    39.00   1.7311    
    40.00   1.6939    
    41.00   1.6572    
    42.00   1.6209    
    43.00   1.5850    
    44.00   1.5495    
    45.00   1.5144    
    46.00   1.4798    
    47.00   1.4456    
    48.00   1.4119    
    49.00   1.3786    
    50.00   1.3458    
    51.00   1.3136    
    52.00   1.2818    
    53.00   1.2505    
    54.00   1.2198    
    55.00   1.1896    
    56.00   1.1600    
    57.00   1.1309    
    58.00   1.1025    
    59.00   1.0746    
    60.00   1.0473    
    61.00   1.0206    
    62.00  0.99451    
    63.00  0.96904    
    64.00  0.94419    
    65.00  0.91997    
    66.00  0.89637    
    67.00  0.87340    
    68.00  0.85106    
    69.00  0.82934    
    70.00  0.80826    
    71.00  0.78780    
    72.00  0.76796    
    73.00  0.74875    
    74.00  0.73015    
    75.00  0.71217    
    76.00  0.69480    
    77.00  0.67802    
    78.00  0.66185    
    79.00  0.64626    
    80.00  0.63125    
    81.00  0.61682    
    82.00  0.60295    
    83.00  0.58964    
    84.00  0.57687    
    85.00  0.56465    
    86.00  0.55295    
    87.00  0.54178    
    88.00  0.53111    
    89.00  0.52094    
    90.00  0.51125    
    91.00  0.50205    
    92.00  0.49331    
    93.00  0.48503    
    94.00  0.47719    
    95.00  0.46978    
    96.00  0.46280    
    97.00  0.45622    
    98.00  0.45005    
    99.00  0.44427    
   100.00  0.43886    
   101.00  0.43381    
   102.00  0.42913    
   103.00  0.42478    
   104.00  0.42077    
   105.00  0.41709    
   106.00  0.41371    
   107.00  0.41063    
   108.00  0.40785    
   109.00  0.40534    
   110.00  0.40310    
   111.00  0.40112    
   112.00  0.39940    
   113.00  0.39790    
   114.00  0.39665    
   115.00  0.39561    
   116.00  0.39478    
   117.00  0.39415    
   118.00  0.39371    
   119.00  0.39346    
   120.00  0.39338    
   121.00  0.39347    
   122.00  0.39371    
   123.00  0.39411    
   124.00  0.39464    
   125.00  0.39531    
   126.00  0.39610    
   127.00  0.39701    
   128.00  0.39803    
   129.00  0.39916    
   130.00  0.40038    
   131.00  0.40169    
   132.00  0.40308    
   133.00  0.40454    
   134.00  0.40608    
   135.00  0.40767    
   136.00  0.40933    
   137.00  0.41103    
   138.00  0.41278    
   139.00  0.41456    
   140.00  0.41638    
   141.00  0.41823    
   142.00  0.42010    
   143.00  0.42199    
   144.00  0.42389    
   145.00  0.42580    
   146.00  0.42772    
   147.00  0.42964    
   148.00  0.43156    
   149.00  0.43347    
   150.00  0.43538    
   151.00  0.43728    
   152.00  0.43917    
   153.00  0.44104    
   154.00  0.44288    
   155.00  0.44470    
   156.00  0.44649    
   157.00  0.44823    
   158.00  0.44992    
   159.00  0.45154    
   160.00  0.45309    
   161.00  0.45454    
   162.00  0.45590    
   163.00  0.45716    
   164.00  0.45832    
   165.00  0.45937    
   166.00  0.46033    
   167.00  0.46122    
   168.00  0.46205    
   169.00  0.46284    
   170.00  0.46362    
   171.00  0.46439    
   172.00  0.46516    
   173.00  0.46593    
   174.00  0.46668    
   175.00  0.46741    
   176.00  0.46807    
   177.00  0.46863    
   178.00  0.46906    
   179.00  0.46934    
   180.00  0.46943    
 |--------|------------|
0.410000     micron = Wavelength
0.469910     = Extinction efficiency (Q)
0.213325     = Scattering efficiency (Qs)
0.256584     = Absorption efficiency (Qa)
 58.9672     = Lidar ratio
0.730506E-02 micron^2 = <b> = Average surface area per particle
0.343272E-02 microns^2 = Extinction cross section (C)
0.155835E-02 microns^2 = Scattering cross section (Cs)
0.187436E-02 microns^2 = Absorption cross section (Ca)
 |----------------------------------------------------|
 | COMMENTAIRES:                                      |
 |----------------------------------------------------|
 |   -Cross section / <b> should = efficiency         |
 |    is independant of the normalisation of dN/dx    |
 |   -The integral of the phase fct / 4 pi over all   |
 |    directions (solid angle) = 1.                   |
 |   -The volume coefficient (k) is equal to C * N    |
 |      = cross section * Number density              |
 |      typical units: [um^2]*[particles/cm^3] =      |
 |      [10^-3 km-1]                                  |
 |      N = M/(d*4/3*pi*r^3) where d is the density   |
 |      of particle, M is the mass per unit volume    |
 |      and 4/3*pi*r^3 is the average volume  of a    |
 |      particle.                                     |
 |      typical units:  M -> [ug/m^3], d -> [g/cm^3]  |
 |                      r -> [um]                     |
 |      Lidar ratio= 4 pi Qe / phase_fct(180)*Qs      |
 |----------------------------------------------------|
