 |--------|------------|
 | ANGLE  |  PHASE FCT |
 |--------|------------|
     0.00   66.329    
     1.00   65.284    
     2.00   62.292    
     3.00   57.742    
     4.00   52.156    
     5.00   46.065    
     6.00   39.922    
     7.00   34.062    
     8.00   28.702    
     9.00   23.952    
    10.00   19.850    
    11.00   16.377    
    12.00   13.483    
    13.00   11.102    
    14.00   9.1634    
    15.00   7.5967    
    16.00   6.3384    
    17.00   5.3321    
    18.00   4.5293    
    19.00   3.8896    
    20.00   3.3797    
    21.00   2.9725    
    22.00   2.6461    
    23.00   2.3833    
    24.00   2.1702    
    25.00   1.9962    
    26.00   1.8526    
    27.00   1.7330    
    28.00   1.6321    
    29.00   1.5460    
    30.00   1.4716    
    31.00   1.4065    
    32.00   1.3488    
    33.00   1.2971    
    34.00   1.2503    
    35.00   1.2075    
    36.00   1.1679    
    37.00   1.1311    
    38.00   1.0967    
    39.00   1.0643    
    40.00   1.0337    
    41.00   1.0046    
    42.00  0.97684    
    43.00  0.95031    
    44.00  0.92489    
    45.00  0.90049    
    46.00  0.87702    
    47.00  0.85439    
    48.00  0.83257    
    49.00  0.81151    
    50.00  0.79116    
    51.00  0.77148    
    52.00  0.75244    
    53.00  0.73400    
    54.00  0.71616    
    55.00  0.69887    
    56.00  0.68213    
    57.00  0.66591    
    58.00  0.65020    
    59.00  0.63497    
    60.00  0.62023    
    61.00  0.60595    
    62.00  0.59212    
    63.00  0.57873    
    64.00  0.56578    
    65.00  0.55325    
    66.00  0.54114    
    67.00  0.52943    
    68.00  0.51812    
    69.00  0.50720    
    70.00  0.49667    
    71.00  0.48652    
    72.00  0.47674    
    73.00  0.46732    
    74.00  0.45827    
    75.00  0.44957    
    76.00  0.44122    
    77.00  0.43322    
    78.00  0.42556    
    79.00  0.41822    
    80.00  0.41122    
    81.00  0.40454    
    82.00  0.39818    
    83.00  0.39214    
    84.00  0.38640    
    85.00  0.38097    
    86.00  0.37583    
    87.00  0.37099    
    88.00  0.36643    
    89.00  0.36216    
    90.00  0.35816    
    91.00  0.35444    
    92.00  0.35099    
    93.00  0.34779    
    94.00  0.34485    
    95.00  0.34217    
    96.00  0.33973    
    97.00  0.33753    
    98.00  0.33556    
    99.00  0.33382    
   100.00  0.33231    
   101.00  0.33101    
   102.00  0.32993    
   103.00  0.32905    
   104.00  0.32837    
   105.00  0.32789    
   106.00  0.32759    
   107.00  0.32748    
   108.00  0.32755    
   109.00  0.32779    
   110.00  0.32819    
   111.00  0.32876    
   112.00  0.32948    
   113.00  0.33035    
   114.00  0.33136    
   115.00  0.33251    
   116.00  0.33379    
   117.00  0.33519    
   118.00  0.33672    
   119.00  0.33836    
   120.00  0.34012    
   121.00  0.34197    
   122.00  0.34393    
   123.00  0.34597    
   124.00  0.34811    
   125.00  0.35033    
   126.00  0.35263    
   127.00  0.35501    
   128.00  0.35745    
   129.00  0.35996    
   130.00  0.36254    
   131.00  0.36517    
   132.00  0.36785    
   133.00  0.37060    
   134.00  0.37339    
   135.00  0.37623    
   136.00  0.37912    
   137.00  0.38205    
   138.00  0.38503    
   139.00  0.38806    
   140.00  0.39113    
   141.00  0.39425    
   142.00  0.39741    
   143.00  0.40062    
   144.00  0.40387    
   145.00  0.40716    
   146.00  0.41049    
   147.00  0.41384    
   148.00  0.41720    
   149.00  0.42057    
   150.00  0.42391    
   151.00  0.42720    
   152.00  0.43040    
   153.00  0.43348    
   154.00  0.43640    
   155.00  0.43911    
   156.00  0.44157    
   157.00  0.44374    
   158.00  0.44557    
   159.00  0.44706    
   160.00  0.44818    
   161.00  0.44896    
   162.00  0.44943    
   163.00  0.44964    
   164.00  0.44968    
   165.00  0.44966    
   166.00  0.44967    
   167.00  0.44985    
   168.00  0.45030    
   169.00  0.45110    
   170.00  0.45233    
   171.00  0.45399    
   172.00  0.45606    
   173.00  0.45846    
   174.00  0.46106    
   175.00  0.46372    
   176.00  0.46624    
   177.00  0.46845    
   178.00  0.47017    
   179.00  0.47125    
   180.00  0.47163    
 |--------|------------|
0.480000     micron = Wavelength
0.229441     = Extinction efficiency (Q)
0.790390E-01 = Scattering efficiency (Qs)
0.150402     = Absorption efficiency (Qa)
 77.3462     = Lidar ratio
0.352422E-02 micron^2 = <b> = Average surface area per particle
0.808601E-03 microns^2 = Extinction cross section (C)
0.278550E-03 microns^2 = Scattering cross section (Cs)
0.530050E-03 microns^2 = Absorption cross section (Ca)
 |----------------------------------------------------|
 | COMMENTAIRES:                                      |
 |----------------------------------------------------|
 |   -Cross section / <b> should = efficiency         |
 |    is independant of the normalisation of dN/dx    |
 |   -The integral of the phase fct / 4 pi over all   |
 |    directions (solid angle) = 1.                   |
 |   -The volume coefficient (k) is equal to C * N    |
 |      = cross section * Number density              |
 |      typical units: [um^2]*[particles/cm^3] =      |
 |      [10^-3 km-1]                                  |
 |      N = M/(d*4/3*pi*r^3) where d is the density   |
 |      of particle, M is the mass per unit volume    |
 |      and 4/3*pi*r^3 is the average volume  of a    |
 |      particle.                                     |
 |      typical units:  M -> [ug/m^3], d -> [g/cm^3]  |
 |                      r -> [um]                     |
 |      Lidar ratio= 4 pi Qe / phase_fct(180)*Qs      |
 |----------------------------------------------------|
