 |--------|------------|
 | ANGLE  |  PHASE FCT |
 |--------|------------|
     0.00   72.658    
     1.00   69.957    
     2.00   62.656    
     3.00   52.705    
     4.00   42.218    
     5.00   32.686    
     6.00   24.790    
     7.00   18.626    
     8.00   14.003    
     9.00   10.637    
    10.00   8.2331    
    11.00   6.5352    
    12.00   5.3424    
    13.00   4.5046    
    14.00   3.9124    
    15.00   3.4889    
    16.00   3.1809    
    17.00   2.9521    
    18.00   2.7774    
    19.00   2.6403    
    20.00   2.5293    
    21.00   2.4369    
    22.00   2.3578    
    23.00   2.2884    
    24.00   2.2263    
    25.00   2.1697    
    26.00   2.1173    
    27.00   2.0684    
    28.00   2.0222    
    29.00   1.9781    
    30.00   1.9359    
    31.00   1.8952    
    32.00   1.8557    
    33.00   1.8173    
    34.00   1.7799    
    35.00   1.7433    
    36.00   1.7074    
    37.00   1.6722    
    38.00   1.6375    
    39.00   1.6034    
    40.00   1.5697    
    41.00   1.5366    
    42.00   1.5038    
    43.00   1.4715    
    44.00   1.4396    
    45.00   1.4082    
    46.00   1.3771    
    47.00   1.3465    
    48.00   1.3163    
    49.00   1.2865    
    50.00   1.2572    
    51.00   1.2283    
    52.00   1.1998    
    53.00   1.1719    
    54.00   1.1443    
    55.00   1.1173    
    56.00   1.0908    
    57.00   1.0647    
    58.00   1.0392    
    59.00   1.0141    
    60.00  0.98962    
    61.00  0.96565    
    62.00  0.94220    
    63.00  0.91930    
    64.00  0.89694    
    65.00  0.87513    
    66.00  0.85387    
    67.00  0.83316    
    68.00  0.81301    
    69.00  0.79342    
    70.00  0.77439    
    71.00  0.75592    
    72.00  0.73801    
    73.00  0.72064    
    74.00  0.70384    
    75.00  0.68759    
    76.00  0.67188    
    77.00  0.65672    
    78.00  0.64210    
    79.00  0.62801    
    80.00  0.61445    
    81.00  0.60141    
    82.00  0.58889    
    83.00  0.57688    
    84.00  0.56538    
    85.00  0.55437    
    86.00  0.54384    
    87.00  0.53380    
    88.00  0.52423    
    89.00  0.51512    
    90.00  0.50646    
    91.00  0.49825    
    92.00  0.49047    
    93.00  0.48312    
    94.00  0.47618    
    95.00  0.46965    
    96.00  0.46352    
    97.00  0.45777    
    98.00  0.45240    
    99.00  0.44739    
   100.00  0.44275    
   101.00  0.43844    
   102.00  0.43448    
   103.00  0.43084    
   104.00  0.42752    
   105.00  0.42450    
   106.00  0.42178    
   107.00  0.41935    
   108.00  0.41719    
   109.00  0.41530    
   110.00  0.41366    
   111.00  0.41228    
   112.00  0.41113    
   113.00  0.41021    
   114.00  0.40950    
   115.00  0.40901    
   116.00  0.40872    
   117.00  0.40862    
   118.00  0.40871    
   119.00  0.40897    
   120.00  0.40939    
   121.00  0.40997    
   122.00  0.41071    
   123.00  0.41158    
   124.00  0.41258    
   125.00  0.41371    
   126.00  0.41496    
   127.00  0.41632    
   128.00  0.41778    
   129.00  0.41934    
   130.00  0.42098    
   131.00  0.42271    
   132.00  0.42451    
   133.00  0.42637    
   134.00  0.42830    
   135.00  0.43029    
   136.00  0.43232    
   137.00  0.43440    
   138.00  0.43651    
   139.00  0.43865    
   140.00  0.44082    
   141.00  0.44301    
   142.00  0.44522    
   143.00  0.44744    
   144.00  0.44966    
   145.00  0.45190    
   146.00  0.45413    
   147.00  0.45636    
   148.00  0.45859    
   149.00  0.46080    
   150.00  0.46301    
   151.00  0.46521    
   152.00  0.46738    
   153.00  0.46954    
   154.00  0.47167    
   155.00  0.47377    
   156.00  0.47581    
   157.00  0.47780    
   158.00  0.47972    
   159.00  0.48156    
   160.00  0.48329    
   161.00  0.48490    
   162.00  0.48639    
   163.00  0.48775    
   164.00  0.48897    
   165.00  0.49008    
   166.00  0.49107    
   167.00  0.49199    
   168.00  0.49285    
   169.00  0.49369    
   170.00  0.49452    
   171.00  0.49538    
   172.00  0.49626    
   173.00  0.49717    
   174.00  0.49809    
   175.00  0.49898    
   176.00  0.49981    
   177.00  0.50052    
   178.00  0.50107    
   179.00  0.50142    
   180.00  0.50154    
 |--------|------------|
0.440000     micron = Wavelength
0.417937     = Extinction efficiency (Q)
0.180986     = Scattering efficiency (Qs)
0.236952     = Absorption efficiency (Qa)
 57.8590     = Lidar ratio
0.730514E-02 micron^2 = <b> = Average surface area per particle
0.305309E-02 microns^2 = Extinction cross section (C)
0.132212E-02 microns^2 = Scattering cross section (Cs)
0.173096E-02 microns^2 = Absorption cross section (Ca)
 |----------------------------------------------------|
 | COMMENTAIRES:                                      |
 |----------------------------------------------------|
 |   -Cross section / <b> should = efficiency         |
 |    is independant of the normalisation of dN/dx    |
 |   -The integral of the phase fct / 4 pi over all   |
 |    directions (solid angle) = 1.                   |
 |   -The volume coefficient (k) is equal to C * N    |
 |      = cross section * Number density              |
 |      typical units: [um^2]*[particles/cm^3] =      |
 |      [10^-3 km-1]                                  |
 |      N = M/(d*4/3*pi*r^3) where d is the density   |
 |      of particle, M is the mass per unit volume    |
 |      and 4/3*pi*r^3 is the average volume  of a    |
 |      particle.                                     |
 |      typical units:  M -> [ug/m^3], d -> [g/cm^3]  |
 |                      r -> [um]                     |
 |      Lidar ratio= 4 pi Qe / phase_fct(180)*Qs      |
 |----------------------------------------------------|
