 |--------|------------|
 | ANGLE  |  PHASE FCT |
 |--------|------------|
     0.00   75.141    
     1.00   73.781    
     2.00   69.915    
     3.00   64.111    
     4.00   57.107    
     5.00   49.627    
     6.00   42.255    
     7.00   35.392    
     8.00   29.266    
     9.00   23.973    
    10.00   19.512    
    11.00   15.828    
    12.00   12.831    
    13.00   10.422    
    14.00   8.5036    
    15.00   6.9873    
    16.00   5.7942    
    17.00   4.8584    
    18.00   4.1251    
    19.00   3.5502    
    20.00   3.0985    
    21.00   2.7420    
    22.00   2.4590    
    23.00   2.2327    
    24.00   2.0498    
    25.00   1.9006    
    26.00   1.7772    
    27.00   1.6737    
    28.00   1.5859    
    29.00   1.5102    
    30.00   1.4440    
    31.00   1.3854    
    32.00   1.3329    
    33.00   1.2852    
    34.00   1.2416    
    35.00   1.2013    
    36.00   1.1637    
    37.00   1.1285    
    38.00   1.0953    
    39.00   1.0639    
    40.00   1.0341    
    41.00   1.0056    
    42.00  0.97834    
    43.00  0.95220    
    44.00  0.92710    
    45.00  0.90294    
    46.00  0.87966    
    47.00  0.85719    
    48.00  0.83548    
    49.00  0.81450    
    50.00  0.79420    
    51.00  0.77455    
    52.00  0.75552    
    53.00  0.73709    
    54.00  0.71922    
    55.00  0.70190    
    56.00  0.68511    
    57.00  0.66883    
    58.00  0.65305    
    59.00  0.63775    
    60.00  0.62292    
    61.00  0.60856    
    62.00  0.59464    
    63.00  0.58116    
    64.00  0.56810    
    65.00  0.55547    
    66.00  0.54325    
    67.00  0.53143    
    68.00  0.52001    
    69.00  0.50899    
    70.00  0.49835    
    71.00  0.48809    
    72.00  0.47820    
    73.00  0.46868    
    74.00  0.45952    
    75.00  0.45072    
    76.00  0.44227    
    77.00  0.43416    
    78.00  0.42640    
    79.00  0.41897    
    80.00  0.41188    
    81.00  0.40510    
    82.00  0.39866    
    83.00  0.39252    
    84.00  0.38670    
    85.00  0.38118    
    86.00  0.37596    
    87.00  0.37104    
    88.00  0.36641    
    89.00  0.36206    
    90.00  0.35800    
    91.00  0.35420    
    92.00  0.35068    
    93.00  0.34742    
    94.00  0.34441    
    95.00  0.34166    
    96.00  0.33916    
    97.00  0.33690    
    98.00  0.33487    
    99.00  0.33308    
   100.00  0.33150    
   101.00  0.33015    
   102.00  0.32901    
   103.00  0.32808    
   104.00  0.32734    
   105.00  0.32681    
   106.00  0.32646    
   107.00  0.32630    
   108.00  0.32631    
   109.00  0.32649    
   110.00  0.32685    
   111.00  0.32736    
   112.00  0.32802    
   113.00  0.32884    
   114.00  0.32979    
   115.00  0.33089    
   116.00  0.33211    
   117.00  0.33346    
   118.00  0.33493    
   119.00  0.33652    
   120.00  0.33821    
   121.00  0.34000    
   122.00  0.34190    
   123.00  0.34388    
   124.00  0.34595    
   125.00  0.34811    
   126.00  0.35034    
   127.00  0.35264    
   128.00  0.35501    
   129.00  0.35744    
   130.00  0.35993    
   131.00  0.36247    
   132.00  0.36507    
   133.00  0.36771    
   134.00  0.37039    
   135.00  0.37312    
   136.00  0.37588    
   137.00  0.37869    
   138.00  0.38153    
   139.00  0.38440    
   140.00  0.38731    
   141.00  0.39026    
   142.00  0.39325    
   143.00  0.39627    
   144.00  0.39933    
   145.00  0.40243    
   146.00  0.40557    
   147.00  0.40875    
   148.00  0.41195    
   149.00  0.41518    
   150.00  0.41842    
   151.00  0.42164    
   152.00  0.42484    
   153.00  0.42796    
   154.00  0.43099    
   155.00  0.43386    
   156.00  0.43655    
   157.00  0.43898    
   158.00  0.44113    
   159.00  0.44293    
   160.00  0.44436    
   161.00  0.44542    
   162.00  0.44609    
   163.00  0.44642    
   164.00  0.44647    
   165.00  0.44632    
   166.00  0.44609    
   167.00  0.44589    
   168.00  0.44586    
   169.00  0.44611    
   170.00  0.44674    
   171.00  0.44779    
   172.00  0.44928    
   173.00  0.45115    
   174.00  0.45330    
   175.00  0.45559    
   176.00  0.45783    
   177.00  0.45983    
   178.00  0.46141    
   179.00  0.46243    
   180.00  0.46278    
 |--------|------------|
0.660000     micron = Wavelength
0.238046     = Extinction efficiency (Q)
0.834868E-01 = Scattering efficiency (Qs)
0.154559     = Absorption efficiency (Qa)
 77.4246     = Lidar ratio
0.730525E-02 micron^2 = <b> = Average surface area per particle
0.173898E-02 microns^2 = Extinction cross section (C)
0.609892E-03 microns^2 = Scattering cross section (Cs)
0.112909E-02 microns^2 = Absorption cross section (Ca)
 |----------------------------------------------------|
 | COMMENTAIRES:                                      |
 |----------------------------------------------------|
 |   -Cross section / <b> should = efficiency         |
 |    is independant of the normalisation of dN/dx    |
 |   -The integral of the phase fct / 4 pi over all   |
 |    directions (solid angle) = 1.                   |
 |   -The volume coefficient (k) is equal to C * N    |
 |      = cross section * Number density              |
 |      typical units: [um^2]*[particles/cm^3] =      |
 |      [10^-3 km-1]                                  |
 |      N = M/(d*4/3*pi*r^3) where d is the density   |
 |      of particle, M is the mass per unit volume    |
 |      and 4/3*pi*r^3 is the average volume  of a    |
 |      particle.                                     |
 |      typical units:  M -> [ug/m^3], d -> [g/cm^3]  |
 |                      r -> [um]                     |
 |      Lidar ratio= 4 pi Qe / phase_fct(180)*Qs      |
 |----------------------------------------------------|
