 |--------|------------|
 | ANGLE  |  PHASE FCT |
 |--------|------------|
     0.00   54.906    
     1.00   54.208    
     2.00   52.192    
     3.00   49.073    
     4.00   45.154    
     5.00   40.757    
     6.00   36.179    
     7.00   31.663    
     8.00   27.386    
     9.00   23.461    
    10.00   19.948    
    11.00   16.867    
    12.00   14.209    
    13.00   11.948    
    14.00   10.043    
    15.00   8.4548    
    16.00   7.1390    
    17.00   6.0551    
    18.00   5.1664    
    19.00   4.4397    
    20.00   3.8467    
    21.00   3.3631    
    22.00   2.9686    
    23.00   2.6462    
    24.00   2.3820    
    25.00   2.1648    
    26.00   1.9851    
    27.00   1.8356    
    28.00   1.7104    
    29.00   1.6046    
    30.00   1.5144    
    31.00   1.4366    
    32.00   1.3690    
    33.00   1.3096    
    34.00   1.2568    
    35.00   1.2094    
    36.00   1.1664    
    37.00   1.1272    
    38.00   1.0910    
    39.00   1.0573    
    40.00   1.0259    
    41.00  0.99635    
    42.00  0.96841    
    43.00  0.94190    
    44.00  0.91664    
    45.00  0.89250    
    46.00  0.86938    
    47.00  0.84716    
    48.00  0.82579    
    49.00  0.80519    
    50.00  0.78531    
    51.00  0.76611    
    52.00  0.74755    
    53.00  0.72959    
    54.00  0.71221    
    55.00  0.69538    
    56.00  0.67908    
    57.00  0.66328    
    58.00  0.64798    
    59.00  0.63315    
    60.00  0.61878    
    61.00  0.60486    
    62.00  0.59138    
    63.00  0.57832    
    64.00  0.56568    
    65.00  0.55345    
    66.00  0.54162    
    67.00  0.53019    
    68.00  0.51913    
    69.00  0.50846    
    70.00  0.49815    
    71.00  0.48822    
    72.00  0.47864    
    73.00  0.46941    
    74.00  0.46054    
    75.00  0.45201    
    76.00  0.44381    
    77.00  0.43596    
    78.00  0.42843    
    79.00  0.42123    
    80.00  0.41434    
    81.00  0.40777    
    82.00  0.40151    
    83.00  0.39555    
    84.00  0.38990    
    85.00  0.38454    
    86.00  0.37947    
    87.00  0.37469    
    88.00  0.37019    
    89.00  0.36597    
    90.00  0.36202    
    91.00  0.35833    
    92.00  0.35491    
    93.00  0.35175    
    94.00  0.34884    
    95.00  0.34618    
    96.00  0.34376    
    97.00  0.34157    
    98.00  0.33962    
    99.00  0.33790    
   100.00  0.33640    
   101.00  0.33511    
   102.00  0.33404    
   103.00  0.33317    
   104.00  0.33250    
   105.00  0.33203    
   106.00  0.33174    
   107.00  0.33164    
   108.00  0.33172    
   109.00  0.33197    
   110.00  0.33239    
   111.00  0.33297    
   112.00  0.33371    
   113.00  0.33459    
   114.00  0.33563    
   115.00  0.33680    
   116.00  0.33811    
   117.00  0.33955    
   118.00  0.34111    
   119.00  0.34280    
   120.00  0.34460    
   121.00  0.34651    
   122.00  0.34852    
   123.00  0.35064    
   124.00  0.35285    
   125.00  0.35516    
   126.00  0.35755    
   127.00  0.36003    
   128.00  0.36260    
   129.00  0.36525    
   130.00  0.36797    
   131.00  0.37077    
   132.00  0.37365    
   133.00  0.37660    
   134.00  0.37963    
   135.00  0.38272    
   136.00  0.38589    
   137.00  0.38913    
   138.00  0.39244    
   139.00  0.39582    
   140.00  0.39927    
   141.00  0.40277    
   142.00  0.40632    
   143.00  0.40992    
   144.00  0.41355    
   145.00  0.41720    
   146.00  0.42085    
   147.00  0.42446    
   148.00  0.42802    
   149.00  0.43149    
   150.00  0.43483    
   151.00  0.43800    
   152.00  0.44098    
   153.00  0.44371    
   154.00  0.44616    
   155.00  0.44831    
   156.00  0.45014    
   157.00  0.45165    
   158.00  0.45284    
   159.00  0.45376    
   160.00  0.45445    
   161.00  0.45500    
   162.00  0.45548    
   163.00  0.45601    
   164.00  0.45670    
   165.00  0.45767    
   166.00  0.45902    
   167.00  0.46084    
   168.00  0.46321    
   169.00  0.46613    
   170.00  0.46959    
   171.00  0.47354    
   172.00  0.47785    
   173.00  0.48238    
   174.00  0.48694    
   175.00  0.49131    
   176.00  0.49527    
   177.00  0.49861    
   178.00  0.50115    
   179.00  0.50274    
   180.00  0.50328    
 |--------|------------|
0.450000     micron = Wavelength
0.211768     = Extinction efficiency (Q)
0.745401E-01 = Scattering efficiency (Qs)
0.137228     = Absorption efficiency (Qa)
 70.9372     = Lidar ratio
0.259481E-02 micron^2 = <b> = Average surface area per particle
0.549499E-03 microns^2 = Extinction cross section (C)
0.193417E-03 microns^2 = Scattering cross section (Cs)
0.356082E-03 microns^2 = Absorption cross section (Ca)
 |----------------------------------------------------|
 | COMMENTAIRES:                                      |
 |----------------------------------------------------|
 |   -Cross section / <b> should = efficiency         |
 |    is independant of the normalisation of dN/dx    |
 |   -The integral of the phase fct / 4 pi over all   |
 |    directions (solid angle) = 1.                   |
 |   -The volume coefficient (k) is equal to C * N    |
 |      = cross section * Number density              |
 |      typical units: [um^2]*[particles/cm^3] =      |
 |      [10^-3 km-1]                                  |
 |      N = M/(d*4/3*pi*r^3) where d is the density   |
 |      of particle, M is the mass per unit volume    |
 |      and 4/3*pi*r^3 is the average volume  of a    |
 |      particle.                                     |
 |      typical units:  M -> [ug/m^3], d -> [g/cm^3]  |
 |                      r -> [um]                     |
 |      Lidar ratio= 4 pi Qe / phase_fct(180)*Qs      |
 |----------------------------------------------------|
