 |--------|------------|
 | ANGLE  |  PHASE FCT |
 |--------|------------|
     0.00   106.74    
     1.00   96.086    
     2.00   70.391    
     3.00   42.917    
     4.00   23.469    
     5.00   13.504    
     6.00   9.3532    
     7.00   7.4956    
     8.00   6.4719    
     9.00   5.9211    
    10.00   5.6113    
    11.00   5.3713    
    12.00   5.1743    
    13.00   5.0251    
    14.00   4.8958    
    15.00   4.7714    
    16.00   4.6586    
    17.00   4.5554    
    18.00   4.4532    
    19.00   4.3523    
    20.00   4.2553    
    21.00   4.1592    
    22.00   4.0625    
    23.00   3.9665    
    24.00   3.8716    
    25.00   3.7762    
    26.00   3.6808    
    27.00   3.5860    
    28.00   3.4916    
    29.00   3.3972    
    30.00   3.3035    
    31.00   3.2105    
    32.00   3.1181    
    33.00   3.0265    
    34.00   2.9360    
    35.00   2.8465    
    36.00   2.7581    
    37.00   2.6710    
    38.00   2.5854    
    39.00   2.5011    
    40.00   2.4183    
    41.00   2.3372    
    42.00   2.2578    
    43.00   2.1800    
    44.00   2.1040    
    45.00   2.0299    
    46.00   1.9575    
    47.00   1.8871    
    48.00   1.8185    
    49.00   1.7518    
    50.00   1.6870    
    51.00   1.6242    
    52.00   1.5632    
    53.00   1.5041    
    54.00   1.4470    
    55.00   1.3916    
    56.00   1.3382    
    57.00   1.2866    
    58.00   1.2367    
    59.00   1.1887    
    60.00   1.1423    
    61.00   1.0977    
    62.00   1.0547    
    63.00   1.0134    
    64.00  0.97364    
    65.00  0.93544    
    66.00  0.89875    
    67.00  0.86354    
    68.00  0.82974    
    69.00  0.79733    
    70.00  0.76626    
    71.00  0.73649    
    72.00  0.70798    
    73.00  0.68069    
    74.00  0.65456    
    75.00  0.62957    
    76.00  0.60568    
    77.00  0.58284    
    78.00  0.56101    
    79.00  0.54016    
    80.00  0.52025    
    81.00  0.50124    
    82.00  0.48310    
    83.00  0.46579    
    84.00  0.44928    
    85.00  0.43354    
    86.00  0.41854    
    87.00  0.40424    
    88.00  0.39062    
    89.00  0.37764    
    90.00  0.36528    
    91.00  0.35352    
    92.00  0.34232    
    93.00  0.33167    
    94.00  0.32154    
    95.00  0.31191    
    96.00  0.30275    
    97.00  0.29404    
    98.00  0.28577    
    99.00  0.27792    
   100.00  0.27046    
   101.00  0.26338    
   102.00  0.25666    
   103.00  0.25030    
   104.00  0.24426    
   105.00  0.23854    
   106.00  0.23312    
   107.00  0.22800    
   108.00  0.22315    
   109.00  0.21856    
   110.00  0.21424    
   111.00  0.21015    
   112.00  0.20629    
   113.00  0.20266    
   114.00  0.19924    
   115.00  0.19603    
   116.00  0.19301    
   117.00  0.19018    
   118.00  0.18753    
   119.00  0.18505    
   120.00  0.18274    
   121.00  0.18059    
   122.00  0.17859    
   123.00  0.17673    
   124.00  0.17502    
   125.00  0.17344    
   126.00  0.17199    
   127.00  0.17066    
   128.00  0.16946    
   129.00  0.16837    
   130.00  0.16738    
   131.00  0.16651    
   132.00  0.16574    
   133.00  0.16506    
   134.00  0.16448    
   135.00  0.16398    
   136.00  0.16358    
   137.00  0.16325    
   138.00  0.16300    
   139.00  0.16283    
   140.00  0.16273    
   141.00  0.16270    
   142.00  0.16273    
   143.00  0.16282    
   144.00  0.16297    
   145.00  0.16317    
   146.00  0.16342    
   147.00  0.16372    
   148.00  0.16407    
   149.00  0.16445    
   150.00  0.16487    
   151.00  0.16533    
   152.00  0.16581    
   153.00  0.16632    
   154.00  0.16686    
   155.00  0.16741    
   156.00  0.16798    
   157.00  0.16856    
   158.00  0.16915    
   159.00  0.16974    
   160.00  0.17034    
   161.00  0.17094    
   162.00  0.17153    
   163.00  0.17211    
   164.00  0.17268    
   165.00  0.17323    
   166.00  0.17376    
   167.00  0.17427    
   168.00  0.17476    
   169.00  0.17522    
   170.00  0.17565    
   171.00  0.17604    
   172.00  0.17640    
   173.00  0.17673    
   174.00  0.17702    
   175.00  0.17726    
   176.00  0.17747    
   177.00  0.17763    
   178.00  0.17775    
   179.00  0.17782    
   180.00  0.17785    
 |--------|------------|
0.400000     micron = Wavelength
 1.09755     = Extinction efficiency (Q)
0.642867     = Scattering efficiency (Qs)
0.454687     = Absorption efficiency (Qa)
 120.634     = Lidar ratio
0.198785E-01 micron^2 = <b> = Average surface area per particle
0.218177E-01 microns^2 = Extinction cross section (C)
0.127792E-01 microns^2 = Scattering cross section (Cs)
0.903848E-02 microns^2 = Absorption cross section (Ca)
 |----------------------------------------------------|
 | COMMENTAIRES:                                      |
 |----------------------------------------------------|
 |   -Cross section / <b> should = efficiency         |
 |    is independant of the normalisation of dN/dx    |
 |   -The integral of the phase fct / 4 pi over all   |
 |    directions (solid angle) = 1.                   |
 |   -The volume coefficient (k) is equal to C * N    |
 |      = cross section * Number density              |
 |      typical units: [um^2]*[particles/cm^3] =      |
 |      [10^-3 km-1]                                  |
 |      N = M/(d*4/3*pi*r^3) where d is the density   |
 |      of particle, M is the mass per unit volume    |
 |      and 4/3*pi*r^3 is the average volume  of a    |
 |      particle.                                     |
 |      typical units:  M -> [ug/m^3], d -> [g/cm^3]  |
 |                      r -> [um]                     |
 |      Lidar ratio= 4 pi Qe / phase_fct(180)*Qs      |
 |----------------------------------------------------|
