 |--------|------------|
 | ANGLE  |  PHASE FCT |
 |--------|------------|
     0.00   85.963    
     1.00   82.558    
     2.00   73.400    
     3.00   61.040    
     4.00   48.199    
     5.00   36.728    
     6.00   27.400    
     7.00   20.247    
     8.00   14.978    
     9.00   11.204    
    10.00   8.5519    
    11.00   6.7059    
    12.00   5.4261    
    13.00   4.5375    
    14.00   3.9154    
    15.00   3.4736    
    16.00   3.1540    
    17.00   2.9171    
    18.00   2.7365    
    19.00   2.5946    
    20.00   2.4797    
    21.00   2.3841    
    22.00   2.3022    
    23.00   2.2305    
    24.00   2.1665    
    25.00   2.1084    
    26.00   2.0549    
    27.00   2.0051    
    28.00   1.9583    
    29.00   1.9140    
    30.00   1.8716    
    31.00   1.8310    
    32.00   1.7918    
    33.00   1.7539    
    34.00   1.7170    
    35.00   1.6810    
    36.00   1.6459    
    37.00   1.6114    
    38.00   1.5776    
    39.00   1.5444    
    40.00   1.5117    
    41.00   1.4795    
    42.00   1.4478    
    43.00   1.4166    
    44.00   1.3858    
    45.00   1.3554    
    46.00   1.3255    
    47.00   1.2960    
    48.00   1.2669    
    49.00   1.2382    
    50.00   1.2100    
    51.00   1.1822    
    52.00   1.1549    
    53.00   1.1280    
    54.00   1.1016    
    55.00   1.0756    
    56.00   1.0502    
    57.00   1.0252    
    58.00   1.0007    
    59.00  0.97669    
    60.00  0.95319    
    61.00  0.93021    
    62.00  0.90774    
    63.00  0.88579    
    64.00  0.86437    
    65.00  0.84348    
    66.00  0.82312    
    67.00  0.80330    
    68.00  0.78401    
    69.00  0.76526    
    70.00  0.74705    
    71.00  0.72937    
    72.00  0.71224    
    73.00  0.69563    
    74.00  0.67956    
    75.00  0.66402    
    76.00  0.64901    
    77.00  0.63452    
    78.00  0.62055    
    79.00  0.60709    
    80.00  0.59415    
    81.00  0.58170    
    82.00  0.56976    
    83.00  0.55830    
    84.00  0.54733    
    85.00  0.53683    
    86.00  0.52680    
    87.00  0.51724    
    88.00  0.50812    
    89.00  0.49945    
    90.00  0.49122    
    91.00  0.48342    
    92.00  0.47603    
    93.00  0.46906    
    94.00  0.46248    
    95.00  0.45629    
    96.00  0.45049    
    97.00  0.44505    
    98.00  0.43998    
    99.00  0.43527    
   100.00  0.43089    
   101.00  0.42685    
   102.00  0.42313    
   103.00  0.41973    
   104.00  0.41663    
   105.00  0.41382    
   106.00  0.41130    
   107.00  0.40906    
   108.00  0.40708    
   109.00  0.40536    
   110.00  0.40388    
   111.00  0.40264    
   112.00  0.40163    
   113.00  0.40084    
   114.00  0.40026    
   115.00  0.39988    
   116.00  0.39970    
   117.00  0.39969    
   118.00  0.39987    
   119.00  0.40021    
   120.00  0.40071    
   121.00  0.40136    
   122.00  0.40216    
   123.00  0.40308    
   124.00  0.40414    
   125.00  0.40532    
   126.00  0.40661    
   127.00  0.40800    
   128.00  0.40949    
   129.00  0.41107    
   130.00  0.41274    
   131.00  0.41448    
   132.00  0.41629    
   133.00  0.41817    
   134.00  0.42010    
   135.00  0.42209    
   136.00  0.42412    
   137.00  0.42619    
   138.00  0.42830    
   139.00  0.43043    
   140.00  0.43259    
   141.00  0.43476    
   142.00  0.43695    
   143.00  0.43915    
   144.00  0.44136    
   145.00  0.44356    
   146.00  0.44577    
   147.00  0.44797    
   148.00  0.45017    
   149.00  0.45236    
   150.00  0.45453    
   151.00  0.45670    
   152.00  0.45885    
   153.00  0.46098    
   154.00  0.46309    
   155.00  0.46517    
   156.00  0.46721    
   157.00  0.46919    
   158.00  0.47111    
   159.00  0.47295    
   160.00  0.47469    
   161.00  0.47632    
   162.00  0.47781    
   163.00  0.47917    
   164.00  0.48038    
   165.00  0.48146    
   166.00  0.48241    
   167.00  0.48327    
   168.00  0.48406    
   169.00  0.48482    
   170.00  0.48558    
   171.00  0.48637    
   172.00  0.48720    
   173.00  0.48806    
   174.00  0.48896    
   175.00  0.48985    
   176.00  0.49068    
   177.00  0.49141    
   178.00  0.49198    
   179.00  0.49234    
   180.00  0.49247    
 |--------|------------|
0.520000     micron = Wavelength
0.408835     = Extinction efficiency (Q)
0.175505     = Scattering efficiency (Qs)
0.233330     = Absorption efficiency (Qa)
 59.4417     = Lidar ratio
0.100544E-01 micron^2 = <b> = Average surface area per particle
0.411061E-02 microns^2 = Extinction cross section (C)
0.176461E-02 microns^2 = Scattering cross section (Cs)
0.234600E-02 microns^2 = Absorption cross section (Ca)
 |----------------------------------------------------|
 | COMMENTAIRES:                                      |
 |----------------------------------------------------|
 |   -Cross section / <b> should = efficiency         |
 |    is independant of the normalisation of dN/dx    |
 |   -The integral of the phase fct / 4 pi over all   |
 |    directions (solid angle) = 1.                   |
 |   -The volume coefficient (k) is equal to C * N    |
 |      = cross section * Number density              |
 |      typical units: [um^2]*[particles/cm^3] =      |
 |      [10^-3 km-1]                                  |
 |      N = M/(d*4/3*pi*r^3) where d is the density   |
 |      of particle, M is the mass per unit volume    |
 |      and 4/3*pi*r^3 is the average volume  of a    |
 |      particle.                                     |
 |      typical units:  M -> [ug/m^3], d -> [g/cm^3]  |
 |                      r -> [um]                     |
 |      Lidar ratio= 4 pi Qe / phase_fct(180)*Qs      |
 |----------------------------------------------------|
