 |--------|------------|
 | ANGLE  |  PHASE FCT |
 |--------|------------|
     0.00   72.759    
     1.00   68.258    
     2.00   56.711    
     3.00   42.560    
     4.00   29.849    
     5.00   20.421    
     6.00   14.155    
     7.00   10.181    
     8.00   7.7097    
     9.00   6.1979    
    10.00   5.2723    
    11.00   4.6881    
    12.00   4.3056    
    13.00   4.0454    
    14.00   3.8572    
    15.00   3.7117    
    16.00   3.5938    
    17.00   3.4942    
    18.00   3.4060    
    19.00   3.3258    
    20.00   3.2517    
    21.00   3.1818    
    22.00   3.1149    
    23.00   3.0504    
    24.00   2.9878    
    25.00   2.9264    
    26.00   2.8661    
    27.00   2.8067    
    28.00   2.7479    
    29.00   2.6897    
    30.00   2.6319    
    31.00   2.5745    
    32.00   2.5176    
    33.00   2.4609    
    34.00   2.4047    
    35.00   2.3489    
    36.00   2.2934    
    37.00   2.2384    
    38.00   2.1838    
    39.00   2.1297    
    40.00   2.0762    
    41.00   2.0233    
    42.00   1.9709    
    43.00   1.9192    
    44.00   1.8681    
    45.00   1.8178    
    46.00   1.7682    
    47.00   1.7194    
    48.00   1.6714    
    49.00   1.6242    
    50.00   1.5779    
    51.00   1.5325    
    52.00   1.4879    
    53.00   1.4443    
    54.00   1.4017    
    55.00   1.3599    
    56.00   1.3192    
    57.00   1.2794    
    58.00   1.2405    
    59.00   1.2027    
    60.00   1.1658    
    61.00   1.1300    
    62.00   1.0950    
    63.00   1.0611    
    64.00   1.0282    
    65.00  0.99620    
    66.00  0.96519    
    67.00  0.93513    
    68.00  0.90601    
    69.00  0.87783    
    70.00  0.85057    
    71.00  0.82422    
    72.00  0.79876    
    73.00  0.77419    
    74.00  0.75047    
    75.00  0.72761    
    76.00  0.70558    
    77.00  0.68437    
    78.00  0.66395    
    79.00  0.64432    
    80.00  0.62545    
    81.00  0.60733    
    82.00  0.58994    
    83.00  0.57325    
    84.00  0.55726    
    85.00  0.54194    
    86.00  0.52727    
    87.00  0.51324    
    88.00  0.49983    
    89.00  0.48702    
    90.00  0.47480    
    91.00  0.46313    
    92.00  0.45202    
    93.00  0.44144    
    94.00  0.43137    
    95.00  0.42180    
    96.00  0.41270    
    97.00  0.40408    
    98.00  0.39590    
    99.00  0.38816    
   100.00  0.38084    
   101.00  0.37392    
   102.00  0.36739    
   103.00  0.36124    
   104.00  0.35545    
   105.00  0.35000    
   106.00  0.34490    
   107.00  0.34011    
   108.00  0.33564    
   109.00  0.33147    
   110.00  0.32758    
   111.00  0.32397    
   112.00  0.32063    
   113.00  0.31754    
   114.00  0.31469    
   115.00  0.31208    
   116.00  0.30969    
   117.00  0.30752    
   118.00  0.30555    
   119.00  0.30378    
   120.00  0.30219    
   121.00  0.30079    
   122.00  0.29955    
   123.00  0.29848    
   124.00  0.29757    
   125.00  0.29680    
   126.00  0.29617    
   127.00  0.29568    
   128.00  0.29531    
   129.00  0.29507    
   130.00  0.29494    
   131.00  0.29491    
   132.00  0.29499    
   133.00  0.29516    
   134.00  0.29542    
   135.00  0.29577    
   136.00  0.29619    
   137.00  0.29668    
   138.00  0.29725    
   139.00  0.29787    
   140.00  0.29856    
   141.00  0.29929    
   142.00  0.30008    
   143.00  0.30090    
   144.00  0.30177    
   145.00  0.30266    
   146.00  0.30359    
   147.00  0.30454    
   148.00  0.30552    
   149.00  0.30651    
   150.00  0.30751    
   151.00  0.30853    
   152.00  0.30955    
   153.00  0.31058    
   154.00  0.31161    
   155.00  0.31263    
   156.00  0.31365    
   157.00  0.31466    
   158.00  0.31565    
   159.00  0.31663    
   160.00  0.31757    
   161.00  0.31849    
   162.00  0.31938    
   163.00  0.32022    
   164.00  0.32102    
   165.00  0.32177    
   166.00  0.32248    
   167.00  0.32314    
   168.00  0.32375    
   169.00  0.32433    
   170.00  0.32487    
   171.00  0.32537    
   172.00  0.32584    
   173.00  0.32628    
   174.00  0.32669    
   175.00  0.32706    
   176.00  0.32738    
   177.00  0.32765    
   178.00  0.32784    
   179.00  0.32797    
   180.00  0.32801    
 |--------|------------|
0.380000     micron = Wavelength
0.694968     = Extinction efficiency (Q)
0.361266     = Scattering efficiency (Qs)
0.333702     = Absorption efficiency (Qa)
 73.6990     = Lidar ratio
0.100512E-01 micron^2 = <b> = Average surface area per particle
0.698525E-02 microns^2 = Extinction cross section (C)
0.363115E-02 microns^2 = Scattering cross section (Cs)
0.335410E-02 microns^2 = Absorption cross section (Ca)
 |----------------------------------------------------|
 | COMMENTAIRES:                                      |
 |----------------------------------------------------|
 |   -Cross section / <b> should = efficiency         |
 |    is independant of the normalisation of dN/dx    |
 |   -The integral of the phase fct / 4 pi over all   |
 |    directions (solid angle) = 1.                   |
 |   -The volume coefficient (k) is equal to C * N    |
 |      = cross section * Number density              |
 |      typical units: [um^2]*[particles/cm^3] =      |
 |      [10^-3 km-1]                                  |
 |      N = M/(d*4/3*pi*r^3) where d is the density   |
 |      of particle, M is the mass per unit volume    |
 |      and 4/3*pi*r^3 is the average volume  of a    |
 |      particle.                                     |
 |      typical units:  M -> [ug/m^3], d -> [g/cm^3]  |
 |                      r -> [um]                     |
 |      Lidar ratio= 4 pi Qe / phase_fct(180)*Qs      |
 |----------------------------------------------------|
