 |--------|------------|
 | ANGLE  |  PHASE FCT |
 |--------|------------|
     0.00   40.601    
     1.00   40.324    
     2.00   39.508    
     3.00   38.204    
     4.00   36.487    
     5.00   34.446    
     6.00   32.176    
     7.00   29.771    
     8.00   27.311    
     9.00   24.869    
    10.00   22.499    
    11.00   20.243    
    12.00   18.129    
    13.00   16.175    
    14.00   14.389    
    15.00   12.773    
    16.00   11.321    
    17.00   10.027    
    18.00   8.8797    
    19.00   7.8671    
    20.00   6.9771    
    21.00   6.1972    
    22.00   5.5156    
    23.00   4.9208    
    24.00   4.4023    
    25.00   3.9507    
    26.00   3.5572    
    27.00   3.2141    
    28.00   2.9147    
    29.00   2.6531    
    30.00   2.4239    
    31.00   2.2227    
    32.00   2.0456    
    33.00   1.8893    
    34.00   1.7507    
    35.00   1.6275    
    36.00   1.5175    
    37.00   1.4189    
    38.00   1.3302    
    39.00   1.2501    
    40.00   1.1775    
    41.00   1.1113    
    42.00   1.0509    
    43.00  0.99544    
    44.00  0.94443    
    45.00  0.89733    
    46.00  0.85371    
    47.00  0.81320    
    48.00  0.77548    
    49.00  0.74028    
    50.00  0.70735    
    51.00  0.67648    
    52.00  0.64750    
    53.00  0.62025    
    54.00  0.59458    
    55.00  0.57038    
    56.00  0.54752    
    57.00  0.52592    
    58.00  0.50548    
    59.00  0.48614    
    60.00  0.46781    
    61.00  0.45043    
    62.00  0.43394    
    63.00  0.41829    
    64.00  0.40343    
    65.00  0.38932    
    66.00  0.37590    
    67.00  0.36316    
    68.00  0.35103    
    69.00  0.33951    
    70.00  0.32855    
    71.00  0.31812    
    72.00  0.30821    
    73.00  0.29877    
    74.00  0.28980    
    75.00  0.28127    
    76.00  0.27316    
    77.00  0.26544    
    78.00  0.25810    
    79.00  0.25113    
    80.00  0.24450    
    81.00  0.23821    
    82.00  0.23223    
    83.00  0.22655    
    84.00  0.22117    
    85.00  0.21606    
    86.00  0.21122    
    87.00  0.20664    
    88.00  0.20230    
    89.00  0.19819    
    90.00  0.19432    
    91.00  0.19065    
    92.00  0.18720    
    93.00  0.18395    
    94.00  0.18089    
    95.00  0.17802    
    96.00  0.17532    
    97.00  0.17280    
    98.00  0.17044    
    99.00  0.16824    
   100.00  0.16620    
   101.00  0.16430    
   102.00  0.16255    
   103.00  0.16093    
   104.00  0.15945    
   105.00  0.15810    
   106.00  0.15687    
   107.00  0.15576    
   108.00  0.15477    
   109.00  0.15389    
   110.00  0.15312    
   111.00  0.15245    
   112.00  0.15189    
   113.00  0.15143    
   114.00  0.15106    
   115.00  0.15079    
   116.00  0.15061    
   117.00  0.15052    
   118.00  0.15051    
   119.00  0.15060    
   120.00  0.15076    
   121.00  0.15102    
   122.00  0.15135    
   123.00  0.15176    
   124.00  0.15226    
   125.00  0.15284    
   126.00  0.15349    
   127.00  0.15423    
   128.00  0.15505    
   129.00  0.15595    
   130.00  0.15693    
   131.00  0.15799    
   132.00  0.15914    
   133.00  0.16037    
   134.00  0.16168    
   135.00  0.16307    
   136.00  0.16454    
   137.00  0.16609    
   138.00  0.16772    
   139.00  0.16942    
   140.00  0.17117    
   141.00  0.17298    
   142.00  0.17484    
   143.00  0.17672    
   144.00  0.17861    
   145.00  0.18049    
   146.00  0.18233    
   147.00  0.18411    
   148.00  0.18579    
   149.00  0.18734    
   150.00  0.18871    
   151.00  0.18987    
   152.00  0.19078    
   153.00  0.19140    
   154.00  0.19171    
   155.00  0.19167    
   156.00  0.19127    
   157.00  0.19050    
   158.00  0.18940    
   159.00  0.18797    
   160.00  0.18628    
   161.00  0.18439    
   162.00  0.18240    
   163.00  0.18040    
   164.00  0.17851    
   165.00  0.17684    
   166.00  0.17551    
   167.00  0.17462    
   168.00  0.17424    
   169.00  0.17442    
   170.00  0.17518    
   171.00  0.17649    
   172.00  0.17826    
   173.00  0.18041    
   174.00  0.18277    
   175.00  0.18518    
   176.00  0.18747    
   177.00  0.18947    
   178.00  0.19102    
   179.00  0.19200    
   180.00  0.19233    
 |--------|------------|
0.730000     micron = Wavelength
0.168951     = Extinction efficiency (Q)
0.663242E-01 = Scattering efficiency (Qs)
0.102627     = Absorption efficiency (Qa)
 166.435     = Lidar ratio
0.352422E-02 micron^2 = <b> = Average surface area per particle
0.595421E-03 microns^2 = Extinction cross section (C)
0.233741E-03 microns^2 = Scattering cross section (Cs)
0.361680E-03 microns^2 = Absorption cross section (Ca)
 |----------------------------------------------------|
 | COMMENTAIRES:                                      |
 |----------------------------------------------------|
 |   -Cross section / <b> should = efficiency         |
 |    is independant of the normalisation of dN/dx    |
 |   -The integral of the phase fct / 4 pi over all   |
 |    directions (solid angle) = 1.                   |
 |   -The volume coefficient (k) is equal to C * N    |
 |      = cross section * Number density              |
 |      typical units: [um^2]*[particles/cm^3] =      |
 |      [10^-3 km-1]                                  |
 |      N = M/(d*4/3*pi*r^3) where d is the density   |
 |      of particle, M is the mass per unit volume    |
 |      and 4/3*pi*r^3 is the average volume  of a    |
 |      particle.                                     |
 |      typical units:  M -> [ug/m^3], d -> [g/cm^3]  |
 |                      r -> [um]                     |
 |      Lidar ratio= 4 pi Qe / phase_fct(180)*Qs      |
 |----------------------------------------------------|
