 |--------|------------|
 | ANGLE  |  PHASE FCT |
 |--------|------------|
     0.00   65.890    
     1.00   64.936    
     2.00   62.198    
     3.00   58.004    
     4.00   52.803    
     5.00   47.064    
     6.00   41.196    
     7.00   35.521    
     8.00   30.253    
     9.00   25.517    
    10.00   21.364    
    11.00   17.797    
    12.00   14.781    
    13.00   12.264    
    14.00   10.186    
    15.00   8.4846    
    16.00   7.1000    
    17.00   5.9789    
    18.00   5.0740    
    19.00   4.3450    
    20.00   3.7580    
    21.00   3.2850    
    22.00   2.9029    
    23.00   2.5932    
    24.00   2.3409    
    25.00   2.1340    
    26.00   1.9631    
    27.00   1.8207    
    28.00   1.7008    
    29.00   1.5988    
    30.00   1.5110    
    31.00   1.4346    
    32.00   1.3674    
    33.00   1.3075    
    34.00   1.2537    
    35.00   1.2049    
    36.00   1.1601    
    37.00   1.1188    
    38.00   1.0804    
    39.00   1.0444    
    40.00   1.0107    
    41.00  0.97881    
    42.00  0.94860    
    43.00  0.91989    
    44.00  0.89253    
    45.00  0.86639    
    46.00  0.84138    
    47.00  0.81741    
    48.00  0.79439    
    49.00  0.77229    
    50.00  0.75102    
    51.00  0.73056    
    52.00  0.71085    
    53.00  0.69186    
    54.00  0.67355    
    55.00  0.65589    
    56.00  0.63887    
    57.00  0.62244    
    58.00  0.60659    
    59.00  0.59130    
    60.00  0.57654    
    61.00  0.56230    
    62.00  0.54856    
    63.00  0.53531    
    64.00  0.52253    
    65.00  0.51021    
    66.00  0.49834    
    67.00  0.48690    
    68.00  0.47588    
    69.00  0.46527    
    70.00  0.45507    
    71.00  0.44525    
    72.00  0.43582    
    73.00  0.42677    
    74.00  0.41808    
    75.00  0.40975    
    76.00  0.40177    
    77.00  0.39413    
    78.00  0.38683    
    79.00  0.37986    
    80.00  0.37321    
    81.00  0.36687    
    82.00  0.36085    
    83.00  0.35512    
    84.00  0.34970    
    85.00  0.34456    
    86.00  0.33971    
    87.00  0.33514    
    88.00  0.33084    
    89.00  0.32681    
    90.00  0.32304    
    91.00  0.31952    
    92.00  0.31626    
    93.00  0.31323    
    94.00  0.31045    
    95.00  0.30791    
    96.00  0.30558    
    97.00  0.30349    
    98.00  0.30161    
    99.00  0.29994    
   100.00  0.29847    
   101.00  0.29721    
   102.00  0.29614    
   103.00  0.29526    
   104.00  0.29457    
   105.00  0.29406    
   106.00  0.29371    
   107.00  0.29354    
   108.00  0.29353    
   109.00  0.29368    
   110.00  0.29397    
   111.00  0.29442    
   112.00  0.29501    
   113.00  0.29573    
   114.00  0.29659    
   115.00  0.29757    
   116.00  0.29867    
   117.00  0.29989    
   118.00  0.30122    
   119.00  0.30265    
   120.00  0.30419    
   121.00  0.30583    
   122.00  0.30755    
   123.00  0.30937    
   124.00  0.31126    
   125.00  0.31324    
   126.00  0.31529    
   127.00  0.31742    
   128.00  0.31961    
   129.00  0.32187    
   130.00  0.32419    
   131.00  0.32657    
   132.00  0.32901    
   133.00  0.33150    
   134.00  0.33405    
   135.00  0.33665    
   136.00  0.33931    
   137.00  0.34201    
   138.00  0.34478    
   139.00  0.34760    
   140.00  0.35047    
   141.00  0.35340    
   142.00  0.35639    
   143.00  0.35944    
   144.00  0.36254    
   145.00  0.36570    
   146.00  0.36890    
   147.00  0.37214    
   148.00  0.37540    
   149.00  0.37867    
   150.00  0.38192    
   151.00  0.38512    
   152.00  0.38823    
   153.00  0.39121    
   154.00  0.39401    
   155.00  0.39658    
   156.00  0.39886    
   157.00  0.40081    
   158.00  0.40239    
   159.00  0.40356    
   160.00  0.40431    
   161.00  0.40467    
   162.00  0.40466    
   163.00  0.40436    
   164.00  0.40385    
   165.00  0.40325    
   166.00  0.40271    
   167.00  0.40235    
   168.00  0.40230    
   169.00  0.40269    
   170.00  0.40358    
   171.00  0.40501    
   172.00  0.40694    
   173.00  0.40931    
   174.00  0.41196    
   175.00  0.41472    
   176.00  0.41738    
   177.00  0.41974    
   178.00  0.42158    
   179.00  0.42276    
   180.00  0.42316    
 |--------|------------|
0.610000     micron = Wavelength
0.215230     = Extinction efficiency (Q)
0.746543E-01 = Scattering efficiency (Qs)
0.140576     = Absorption efficiency (Qa)
 85.6153     = Lidar ratio
0.513790E-02 micron^2 = <b> = Average surface area per particle
0.110583E-02 microns^2 = Extinction cross section (C)
0.383567E-03 microns^2 = Scattering cross section (Cs)
0.722264E-03 microns^2 = Absorption cross section (Ca)
 |----------------------------------------------------|
 | COMMENTAIRES:                                      |
 |----------------------------------------------------|
 |   -Cross section / <b> should = efficiency         |
 |    is independant of the normalisation of dN/dx    |
 |   -The integral of the phase fct / 4 pi over all   |
 |    directions (solid angle) = 1.                   |
 |   -The volume coefficient (k) is equal to C * N    |
 |      = cross section * Number density              |
 |      typical units: [um^2]*[particles/cm^3] =      |
 |      [10^-3 km-1]                                  |
 |      N = M/(d*4/3*pi*r^3) where d is the density   |
 |      of particle, M is the mass per unit volume    |
 |      and 4/3*pi*r^3 is the average volume  of a    |
 |      particle.                                     |
 |      typical units:  M -> [ug/m^3], d -> [g/cm^3]  |
 |                      r -> [um]                     |
 |      Lidar ratio= 4 pi Qe / phase_fct(180)*Qs      |
 |----------------------------------------------------|
