 |--------|------------|
 | ANGLE  |  PHASE FCT |
 |--------|------------|
     0.00   86.600    
     1.00   83.274    
     2.00   74.304    
     3.00   62.131    
     4.00   49.382    
     5.00   37.882    
     6.00   28.433    
     7.00   21.113    
     8.00   15.668    
     9.00   11.733    
    10.00   8.9422    
    11.00   6.9850    
    12.00   5.6191    
    13.00   4.6656    
    14.00   3.9957    
    15.00   3.5191    
    16.00   3.1744    
    17.00   2.9197    
    18.00   2.7264    
    19.00   2.5755    
    20.00   2.4542    
    21.00   2.3540    
    22.00   2.2690    
    23.00   2.1950    
    24.00   2.1295    
    25.00   2.0703    
    26.00   2.0161    
    27.00   1.9660    
    28.00   1.9190    
    29.00   1.8747    
    30.00   1.8325    
    31.00   1.7922    
    32.00   1.7534    
    33.00   1.7159    
    34.00   1.6795    
    35.00   1.6441    
    36.00   1.6096    
    37.00   1.5759    
    38.00   1.5428    
    39.00   1.5103    
    40.00   1.4784    
    41.00   1.4471    
    42.00   1.4162    
    43.00   1.3858    
    44.00   1.3558    
    45.00   1.3263    
    46.00   1.2972    
    47.00   1.2685    
    48.00   1.2403    
    49.00   1.2125    
    50.00   1.1851    
    51.00   1.1581    
    52.00   1.1316    
    53.00   1.1055    
    54.00   1.0799    
    55.00   1.0547    
    56.00   1.0300    
    57.00   1.0058    
    58.00  0.98202    
    59.00  0.95874    
    60.00  0.93596    
    61.00  0.91366    
    62.00  0.89187    
    63.00  0.87058    
    64.00  0.84980    
    65.00  0.82953    
    66.00  0.80978    
    67.00  0.79054    
    68.00  0.77183    
    69.00  0.75363    
    70.00  0.73596    
    71.00  0.71881    
    72.00  0.70218    
    73.00  0.68607    
    74.00  0.67048    
    75.00  0.65540    
    76.00  0.64083    
    77.00  0.62677    
    78.00  0.61322    
    79.00  0.60017    
    80.00  0.58761    
    81.00  0.57554    
    82.00  0.56396    
    83.00  0.55286    
    84.00  0.54223    
    85.00  0.53206    
    86.00  0.52235    
    87.00  0.51309    
    88.00  0.50427    
    89.00  0.49589    
    90.00  0.48794    
    91.00  0.48040    
    92.00  0.47327    
    93.00  0.46655    
    94.00  0.46021    
    95.00  0.45426    
    96.00  0.44868    
    97.00  0.44347    
    98.00  0.43862    
    99.00  0.43410    
   100.00  0.42993    
   101.00  0.42609    
   102.00  0.42256    
   103.00  0.41934    
   104.00  0.41641    
   105.00  0.41378    
   106.00  0.41143    
   107.00  0.40935    
   108.00  0.40753    
   109.00  0.40597    
   110.00  0.40464    
   111.00  0.40356    
   112.00  0.40269    
   113.00  0.40204    
   114.00  0.40160    
   115.00  0.40136    
   116.00  0.40131    
   117.00  0.40144    
   118.00  0.40174    
   119.00  0.40220    
   120.00  0.40283    
   121.00  0.40360    
   122.00  0.40451    
   123.00  0.40555    
   124.00  0.40672    
   125.00  0.40801    
   126.00  0.40940    
   127.00  0.41090    
   128.00  0.41250    
   129.00  0.41418    
   130.00  0.41594    
   131.00  0.41778    
   132.00  0.41969    
   133.00  0.42166    
   134.00  0.42369    
   135.00  0.42577    
   136.00  0.42789    
   137.00  0.43004    
   138.00  0.43223    
   139.00  0.43445    
   140.00  0.43669    
   141.00  0.43894    
   142.00  0.44121    
   143.00  0.44349    
   144.00  0.44577    
   145.00  0.44805    
   146.00  0.45033    
   147.00  0.45261    
   148.00  0.45488    
   149.00  0.45714    
   150.00  0.45939    
   151.00  0.46163    
   152.00  0.46386    
   153.00  0.46606    
   154.00  0.46824    
   155.00  0.47039    
   156.00  0.47250    
   157.00  0.47455    
   158.00  0.47654    
   159.00  0.47843    
   160.00  0.48022    
   161.00  0.48188    
   162.00  0.48340    
   163.00  0.48477    
   164.00  0.48599    
   165.00  0.48707    
   166.00  0.48802    
   167.00  0.48887    
   168.00  0.48965    
   169.00  0.49040    
   170.00  0.49117    
   171.00  0.49197    
   172.00  0.49282    
   173.00  0.49373    
   174.00  0.49467    
   175.00  0.49561    
   176.00  0.49650    
   177.00  0.49728    
   178.00  0.49789    
   179.00  0.49828    
   180.00  0.49842    
 |--------|------------|
0.530000     micron = Wavelength
0.396398     = Extinction efficiency (Q)
0.168253     = Scattering efficiency (Qs)
0.228144     = Absorption efficiency (Qa)
 59.3998     = Lidar ratio
0.100545E-01 micron^2 = <b> = Average surface area per particle
0.398558E-02 microns^2 = Extinction cross section (C)
0.169170E-02 microns^2 = Scattering cross section (Cs)
0.229388E-02 microns^2 = Absorption cross section (Ca)
 |----------------------------------------------------|
 | COMMENTAIRES:                                      |
 |----------------------------------------------------|
 |   -Cross section / <b> should = efficiency         |
 |    is independant of the normalisation of dN/dx    |
 |   -The integral of the phase fct / 4 pi over all   |
 |    directions (solid angle) = 1.                   |
 |   -The volume coefficient (k) is equal to C * N    |
 |      = cross section * Number density              |
 |      typical units: [um^2]*[particles/cm^3] =      |
 |      [10^-3 km-1]                                  |
 |      N = M/(d*4/3*pi*r^3) where d is the density   |
 |      of particle, M is the mass per unit volume    |
 |      and 4/3*pi*r^3 is the average volume  of a    |
 |      particle.                                     |
 |      typical units:  M -> [ug/m^3], d -> [g/cm^3]  |
 |                      r -> [um]                     |
 |      Lidar ratio= 4 pi Qe / phase_fct(180)*Qs      |
 |----------------------------------------------------|
