 |--------|------------|
 | ANGLE  |  PHASE FCT |
 |--------|------------|
     0.00   65.372    
     1.00   62.075    
     2.00   53.428    
     3.00   42.335    
     4.00   31.636    
     5.00   22.927    
     6.00   16.515    
     7.00   12.046    
     8.00   9.0318    
     9.00   7.0449    
    10.00   5.7489    
    11.00   4.8995    
    12.00   4.3357    
    13.00   3.9540    
    14.00   3.6870    
    15.00   3.4920    
    16.00   3.3435    
    17.00   3.2252    
    18.00   3.1267    
    19.00   3.0416    
    20.00   2.9659    
    21.00   2.8969    
    22.00   2.8327    
    23.00   2.7721    
    24.00   2.7144    
    25.00   2.6587    
    26.00   2.6047    
    27.00   2.5520    
    28.00   2.5005    
    29.00   2.4497    
    30.00   2.3997    
    31.00   2.3504    
    32.00   2.3015    
    33.00   2.2531    
    34.00   2.2052    
    35.00   2.1576    
    36.00   2.1105    
    37.00   2.0637    
    38.00   2.0173    
    39.00   1.9713    
    40.00   1.9258    
    41.00   1.8806    
    42.00   1.8360    
    43.00   1.7918    
    44.00   1.7481    
    45.00   1.7049    
    46.00   1.6623    
    47.00   1.6203    
    48.00   1.5788    
    49.00   1.5380    
    50.00   1.4978    
    51.00   1.4583    
    52.00   1.4195    
    53.00   1.3814    
    54.00   1.3440    
    55.00   1.3073    
    56.00   1.2714    
    57.00   1.2362    
    58.00   1.2018    
    59.00   1.1682    
    60.00   1.1354    
    61.00   1.1033    
    62.00   1.0721    
    63.00   1.0416    
    64.00   1.0120    
    65.00  0.98312    
    66.00  0.95507    
    67.00  0.92782    
    68.00  0.90136    
    69.00  0.87569    
    70.00  0.85080    
    71.00  0.82669    
    72.00  0.80336    
    73.00  0.78078    
    74.00  0.75896    
    75.00  0.73788    
    76.00  0.71753    
    77.00  0.69790    
    78.00  0.67899    
    79.00  0.66077    
    80.00  0.64324    
    81.00  0.62639    
    82.00  0.61019    
    83.00  0.59464    
    84.00  0.57973    
    85.00  0.56543    
    86.00  0.55174    
    87.00  0.53864    
    88.00  0.52612    
    89.00  0.51416    
    90.00  0.50275    
    91.00  0.49188    
    92.00  0.48152    
    93.00  0.47167    
    94.00  0.46231    
    95.00  0.45343    
    96.00  0.44501    
    97.00  0.43704    
    98.00  0.42951    
    99.00  0.42240    
   100.00  0.41570    
   101.00  0.40940    
   102.00  0.40347    
   103.00  0.39792    
   104.00  0.39273    
   105.00  0.38788    
   106.00  0.38336    
   107.00  0.37916    
   108.00  0.37527    
   109.00  0.37168    
   110.00  0.36838    
   111.00  0.36535    
   112.00  0.36258    
   113.00  0.36007    
   114.00  0.35780    
   115.00  0.35577    
   116.00  0.35396    
   117.00  0.35237    
   118.00  0.35097    
   119.00  0.34978    
   120.00  0.34877    
   121.00  0.34794    
   122.00  0.34728    
   123.00  0.34678    
   124.00  0.34643    
   125.00  0.34623    
   126.00  0.34617    
   127.00  0.34624    
   128.00  0.34643    
   129.00  0.34673    
   130.00  0.34714    
   131.00  0.34766    
   132.00  0.34827    
   133.00  0.34897    
   134.00  0.34975    
   135.00  0.35061    
   136.00  0.35154    
   137.00  0.35253    
   138.00  0.35359    
   139.00  0.35469    
   140.00  0.35585    
   141.00  0.35704    
   142.00  0.35828    
   143.00  0.35955    
   144.00  0.36084    
   145.00  0.36216    
   146.00  0.36350    
   147.00  0.36485    
   148.00  0.36622    
   149.00  0.36759    
   150.00  0.36897    
   151.00  0.37034    
   152.00  0.37172    
   153.00  0.37309    
   154.00  0.37445    
   155.00  0.37580    
   156.00  0.37713    
   157.00  0.37843    
   158.00  0.37971    
   159.00  0.38095    
   160.00  0.38214    
   161.00  0.38329    
   162.00  0.38438    
   163.00  0.38540    
   164.00  0.38636    
   165.00  0.38725    
   166.00  0.38808    
   167.00  0.38886    
   168.00  0.38958    
   169.00  0.39026    
   170.00  0.39090    
   171.00  0.39152    
   172.00  0.39211    
   173.00  0.39268    
   174.00  0.39322    
   175.00  0.39371    
   176.00  0.39415    
   177.00  0.39452    
   178.00  0.39480    
   179.00  0.39497    
   180.00  0.39503    
 |--------|------------|
0.360000     micron = Wavelength
0.588342     = Extinction efficiency (Q)
0.290465     = Scattering efficiency (Qs)
0.297877     = Absorption efficiency (Qa)
 64.4341     = Lidar ratio
0.730446E-02 micron^2 = <b> = Average surface area per particle
0.429752E-02 microns^2 = Extinction cross section (C)
0.212169E-02 microns^2 = Scattering cross section (Cs)
0.217583E-02 microns^2 = Absorption cross section (Ca)
 |----------------------------------------------------|
 | COMMENTAIRES:                                      |
 |----------------------------------------------------|
 |   -Cross section / <b> should = efficiency         |
 |    is independant of the normalisation of dN/dx    |
 |   -The integral of the phase fct / 4 pi over all   |
 |    directions (solid angle) = 1.                   |
 |   -The volume coefficient (k) is equal to C * N    |
 |      = cross section * Number density              |
 |      typical units: [um^2]*[particles/cm^3] =      |
 |      [10^-3 km-1]                                  |
 |      N = M/(d*4/3*pi*r^3) where d is the density   |
 |      of particle, M is the mass per unit volume    |
 |      and 4/3*pi*r^3 is the average volume  of a    |
 |      particle.                                     |
 |      typical units:  M -> [ug/m^3], d -> [g/cm^3]  |
 |                      r -> [um]                     |
 |      Lidar ratio= 4 pi Qe / phase_fct(180)*Qs      |
 |----------------------------------------------------|
