 |--------|------------|
 | ANGLE  |  PHASE FCT |
 |--------|------------|
     0.00   58.413    
     1.00   57.748    
     2.00   55.823    
     3.00   52.823    
     4.00   49.013    
     5.00   44.684    
     6.00   40.111    
     7.00   35.530    
     8.00   31.120    
     9.00   27.003    
    10.00   23.256    
    11.00   19.913    
    12.00   16.978    
    13.00   14.437    
    14.00   12.262    
    15.00   10.415    
    16.00   8.8590    
    17.00   7.5559    
    18.00   6.4695    
    19.00   5.5667    
    20.00   4.8180    
    21.00   4.1979    
    22.00   3.6843    
    23.00   3.2584    
    24.00   2.9046    
    25.00   2.6097    
    26.00   2.3630    
    27.00   2.1555    
    28.00   1.9800    
    29.00   1.8306    
    30.00   1.7024    
    31.00   1.5915    
    32.00   1.4949    
    33.00   1.4099    
    34.00   1.3345    
    35.00   1.2671    
    36.00   1.2064    
    37.00   1.1513    
    38.00   1.1009    
    39.00   1.0545    
    40.00   1.0116    
    41.00  0.97163    
    42.00  0.93432    
    43.00  0.89933    
    44.00  0.86640    
    45.00  0.83532    
    46.00  0.80591    
    47.00  0.77802    
    48.00  0.75153    
    49.00  0.72633    
    50.00  0.70232    
    51.00  0.67942    
    52.00  0.65756    
    53.00  0.63668    
    54.00  0.61671    
    55.00  0.59761    
    56.00  0.57932    
    57.00  0.56183    
    58.00  0.54507    
    59.00  0.52901    
    60.00  0.51363    
    61.00  0.49889    
    62.00  0.48477    
    63.00  0.47123    
    64.00  0.45825    
    65.00  0.44582    
    66.00  0.43390    
    67.00  0.42249    
    68.00  0.41155    
    69.00  0.40108    
    70.00  0.39106    
    71.00  0.38146    
    72.00  0.37228    
    73.00  0.36350    
    74.00  0.35511    
    75.00  0.34709    
    76.00  0.33944    
    77.00  0.33213    
    78.00  0.32517    
    79.00  0.31853    
    80.00  0.31222    
    81.00  0.30622    
    82.00  0.30051    
    83.00  0.29510    
    84.00  0.28998    
    85.00  0.28512    
    86.00  0.28054    
    87.00  0.27622    
    88.00  0.27215    
    89.00  0.26832    
    90.00  0.26473    
    91.00  0.26138    
    92.00  0.25825    
    93.00  0.25534    
    94.00  0.25264    
    95.00  0.25015    
    96.00  0.24787    
    97.00  0.24577    
    98.00  0.24387    
    99.00  0.24215    
   100.00  0.24062    
   101.00  0.23925    
   102.00  0.23806    
   103.00  0.23702    
   104.00  0.23615    
   105.00  0.23543    
   106.00  0.23486    
   107.00  0.23443    
   108.00  0.23415    
   109.00  0.23399    
   110.00  0.23397    
   111.00  0.23408    
   112.00  0.23430    
   113.00  0.23464    
   114.00  0.23510    
   115.00  0.23567    
   116.00  0.23634    
   117.00  0.23711    
   118.00  0.23798    
   119.00  0.23894    
   120.00  0.24000    
   121.00  0.24114    
   122.00  0.24236    
   123.00  0.24367    
   124.00  0.24505    
   125.00  0.24652    
   126.00  0.24805    
   127.00  0.24966    
   128.00  0.25133    
   129.00  0.25308    
   130.00  0.25489    
   131.00  0.25677    
   132.00  0.25872    
   133.00  0.26073    
   134.00  0.26281    
   135.00  0.26497    
   136.00  0.26719    
   137.00  0.26948    
   138.00  0.27184    
   139.00  0.27428    
   140.00  0.27680    
   141.00  0.27938    
   142.00  0.28204    
   143.00  0.28477    
   144.00  0.28756    
   145.00  0.29041    
   146.00  0.29331    
   147.00  0.29622    
   148.00  0.29914    
   149.00  0.30204    
   150.00  0.30487    
   151.00  0.30761    
   152.00  0.31020    
   153.00  0.31259    
   154.00  0.31474    
   155.00  0.31657    
   156.00  0.31806    
   157.00  0.31915    
   158.00  0.31981    
   159.00  0.32003    
   160.00  0.31982    
   161.00  0.31922    
   162.00  0.31828    
   163.00  0.31709    
   164.00  0.31578    
   165.00  0.31448    
   166.00  0.31333    
   167.00  0.31249    
   168.00  0.31207    
   169.00  0.31220    
   170.00  0.31292    
   171.00  0.31427    
   172.00  0.31619    
   173.00  0.31858    
   174.00  0.32129    
   175.00  0.32412    
   176.00  0.32686    
   177.00  0.32927    
   178.00  0.33116    
   179.00  0.33237    
   180.00  0.33279    
 |--------|------------|
0.690000     micron = Wavelength
0.194412     = Extinction efficiency (Q)
0.685764E-01 = Scattering efficiency (Qs)
0.125836     = Absorption efficiency (Qa)
 107.052     = Lidar ratio
0.513788E-02 micron^2 = <b> = Average surface area per particle
0.998867E-03 microns^2 = Extinction cross section (C)
0.352337E-03 microns^2 = Scattering cross section (Cs)
0.646529E-03 microns^2 = Absorption cross section (Ca)
 |----------------------------------------------------|
 | COMMENTAIRES:                                      |
 |----------------------------------------------------|
 |   -Cross section / <b> should = efficiency         |
 |    is independant of the normalisation of dN/dx    |
 |   -The integral of the phase fct / 4 pi over all   |
 |    directions (solid angle) = 1.                   |
 |   -The volume coefficient (k) is equal to C * N    |
 |      = cross section * Number density              |
 |      typical units: [um^2]*[particles/cm^3] =      |
 |      [10^-3 km-1]                                  |
 |      N = M/(d*4/3*pi*r^3) where d is the density   |
 |      of particle, M is the mass per unit volume    |
 |      and 4/3*pi*r^3 is the average volume  of a    |
 |      particle.                                     |
 |      typical units:  M -> [ug/m^3], d -> [g/cm^3]  |
 |                      r -> [um]                     |
 |      Lidar ratio= 4 pi Qe / phase_fct(180)*Qs      |
 |----------------------------------------------------|
