 |--------|------------|
 | ANGLE  |  PHASE FCT |
 |--------|------------|
     0.00   38.936    
     1.00   38.684    
     2.00   37.943    
     3.00   36.757    
     4.00   35.189    
     5.00   33.320    
     6.00   31.231    
     7.00   29.006    
     8.00   26.719    
     9.00   24.435    
    10.00   22.205    
    11.00   20.070    
    12.00   18.057    
    13.00   16.185    
    14.00   14.463    
    15.00   12.895    
    16.00   11.478    
    17.00   10.207    
    18.00   9.0732    
    19.00   8.0668    
    20.00   7.1770    
    21.00   6.3930    
    22.00   5.7038    
    23.00   5.0993    
    24.00   4.5696    
    25.00   4.1060    
    26.00   3.7002    
    27.00   3.3449    
    28.00   3.0336    
    29.00   2.7605    
    30.00   2.5206    
    31.00   2.3094    
    32.00   2.1230    
    33.00   1.9581    
    34.00   1.8117    
    35.00   1.6814    
    36.00   1.5651    
    37.00   1.4608    
    38.00   1.3669    
    39.00   1.2822    
    40.00   1.2055    
    41.00   1.1356    
    42.00   1.0719    
    43.00   1.0136    
    44.00  0.96000    
    45.00  0.91060    
    46.00  0.86494    
    47.00  0.82262    
    48.00  0.78329    
    49.00  0.74665    
    50.00  0.71245    
    51.00  0.68046    
    52.00  0.65048    
    53.00  0.62233    
    54.00  0.59587    
    55.00  0.57096    
    56.00  0.54747    
    57.00  0.52531    
    58.00  0.50437    
    59.00  0.48458    
    60.00  0.46585    
    61.00  0.44811    
    62.00  0.43130    
    63.00  0.41537    
    64.00  0.40025    
    65.00  0.38590    
    66.00  0.37228    
    67.00  0.35935    
    68.00  0.34707    
    69.00  0.33539    
    70.00  0.32430    
    71.00  0.31375    
    72.00  0.30373    
    73.00  0.29420    
    74.00  0.28514    
    75.00  0.27653    
    76.00  0.26834    
    77.00  0.26056    
    78.00  0.25316    
    79.00  0.24613    
    80.00  0.23945    
    81.00  0.23311    
    82.00  0.22708    
    83.00  0.22136    
    84.00  0.21594    
    85.00  0.21079    
    86.00  0.20591    
    87.00  0.20129    
    88.00  0.19691    
    89.00  0.19276    
    90.00  0.18885    
    91.00  0.18515    
    92.00  0.18165    
    93.00  0.17836    
    94.00  0.17526    
    95.00  0.17234    
    96.00  0.16960    
    97.00  0.16703    
    98.00  0.16463    
    99.00  0.16238    
   100.00  0.16029    
   101.00  0.15834    
   102.00  0.15653    
   103.00  0.15486    
   104.00  0.15332    
   105.00  0.15191    
   106.00  0.15062    
   107.00  0.14945    
   108.00  0.14839    
   109.00  0.14745    
   110.00  0.14661    
   111.00  0.14588    
   112.00  0.14524    
   113.00  0.14471    
   114.00  0.14427    
   115.00  0.14393    
   116.00  0.14367    
   117.00  0.14351    
   118.00  0.14343    
   119.00  0.14344    
   120.00  0.14353    
   121.00  0.14371    
   122.00  0.14396    
   123.00  0.14430    
   124.00  0.14472    
   125.00  0.14522    
   126.00  0.14580    
   127.00  0.14647    
   128.00  0.14721    
   129.00  0.14803    
   130.00  0.14894    
   131.00  0.14992    
   132.00  0.15099    
   133.00  0.15214    
   134.00  0.15337    
   135.00  0.15468    
   136.00  0.15606    
   137.00  0.15752    
   138.00  0.15906    
   139.00  0.16065    
   140.00  0.16231    
   141.00  0.16401    
   142.00  0.16574    
   143.00  0.16750    
   144.00  0.16925    
   145.00  0.17099    
   146.00  0.17268    
   147.00  0.17429    
   148.00  0.17580    
   149.00  0.17716    
   150.00  0.17835    
   151.00  0.17932    
   152.00  0.18004    
   153.00  0.18048    
   154.00  0.18060    
   155.00  0.18039    
   156.00  0.17983    
   157.00  0.17893    
   158.00  0.17770    
   159.00  0.17618    
   160.00  0.17441    
   161.00  0.17248    
   162.00  0.17046    
   163.00  0.16845    
   164.00  0.16656    
   165.00  0.16491    
   166.00  0.16360    
   167.00  0.16272    
   168.00  0.16234    
   169.00  0.16250    
   170.00  0.16322    
   171.00  0.16446    
   172.00  0.16615    
   173.00  0.16818    
   174.00  0.17041    
   175.00  0.17270    
   176.00  0.17487    
   177.00  0.17675    
   178.00  0.17822    
   179.00  0.17914    
   180.00  0.17946    
 |--------|------------|
0.750000     micron = Wavelength
0.167127     = Extinction efficiency (Q)
0.665742E-01 = Scattering efficiency (Qs)
0.100553     = Absorption efficiency (Qa)
 175.787     = Lidar ratio
0.352421E-02 micron^2 = <b> = Average surface area per particle
0.588991E-03 microns^2 = Extinction cross section (C)
0.234622E-03 microns^2 = Scattering cross section (Cs)
0.354369E-03 microns^2 = Absorption cross section (Ca)
 |----------------------------------------------------|
 | COMMENTAIRES:                                      |
 |----------------------------------------------------|
 |   -Cross section / <b> should = efficiency         |
 |    is independant of the normalisation of dN/dx    |
 |   -The integral of the phase fct / 4 pi over all   |
 |    directions (solid angle) = 1.                   |
 |   -The volume coefficient (k) is equal to C * N    |
 |      = cross section * Number density              |
 |      typical units: [um^2]*[particles/cm^3] =      |
 |      [10^-3 km-1]                                  |
 |      N = M/(d*4/3*pi*r^3) where d is the density   |
 |      of particle, M is the mass per unit volume    |
 |      and 4/3*pi*r^3 is the average volume  of a    |
 |      particle.                                     |
 |      typical units:  M -> [ug/m^3], d -> [g/cm^3]  |
 |                      r -> [um]                     |
 |      Lidar ratio= 4 pi Qe / phase_fct(180)*Qs      |
 |----------------------------------------------------|
