 |--------|------------|
 | ANGLE  |  PHASE FCT |
 |--------|------------|
     0.00   76.406    
     1.00   74.117    
     2.00   67.816    
     3.00   58.922    
     4.00   49.073    
     5.00   39.573    
     6.00   31.187    
     7.00   24.213    
     8.00   18.653    
     9.00   14.357    
    10.00   11.111    
    11.00   8.6973    
    12.00   6.9207    
    13.00   5.6217    
    14.00   4.6738    
    15.00   3.9807    
    16.00   3.4713    
    17.00   3.0935    
    18.00   2.8096    
    19.00   2.5928    
    20.00   2.4239    
    21.00   2.2896    
    22.00   2.1802    
    23.00   2.0891    
    24.00   2.0115    
    25.00   1.9440    
    26.00   1.8842    
    27.00   1.8303    
    28.00   1.7811    
    29.00   1.7356    
    30.00   1.6931    
    31.00   1.6530    
    32.00   1.6150    
    33.00   1.5787    
    34.00   1.5439    
    35.00   1.5103    
    36.00   1.4778    
    37.00   1.4463    
    38.00   1.4156    
    39.00   1.3857    
    40.00   1.3565    
    41.00   1.3279    
    42.00   1.2998    
    43.00   1.2723    
    44.00   1.2454    
    45.00   1.2189    
    46.00   1.1928    
    47.00   1.1672    
    48.00   1.1421    
    49.00   1.1173    
    50.00   1.0930    
    51.00   1.0691    
    52.00   1.0456    
    53.00   1.0225    
    54.00  0.99990    
    55.00  0.97766    
    56.00  0.95585    
    57.00  0.93446    
    58.00  0.91351    
    59.00  0.89299    
    60.00  0.87289    
    61.00  0.85324    
    62.00  0.83405    
    63.00  0.81528    
    64.00  0.79697    
    65.00  0.77912    
    66.00  0.76171    
    67.00  0.74477    
    68.00  0.72828    
    69.00  0.71225    
    70.00  0.69669    
    71.00  0.68158    
    72.00  0.66694    
    73.00  0.65276    
    74.00  0.63903    
    75.00  0.62577    
    76.00  0.61296    
    77.00  0.60061    
    78.00  0.58871    
    79.00  0.57725    
    80.00  0.56624    
    81.00  0.55567    
    82.00  0.54555    
    83.00  0.53585    
    84.00  0.52658    
    85.00  0.51773    
    86.00  0.50930    
    87.00  0.50127    
    88.00  0.49365    
    89.00  0.48643    
    90.00  0.47961    
    91.00  0.47316    
    92.00  0.46710    
    93.00  0.46140    
    94.00  0.45606    
    95.00  0.45108    
    96.00  0.44645    
    97.00  0.44216    
    98.00  0.43820    
    99.00  0.43456    
   100.00  0.43124    
   101.00  0.42822    
   102.00  0.42550    
   103.00  0.42307    
   104.00  0.42093    
   105.00  0.41905    
   106.00  0.41744    
   107.00  0.41609    
   108.00  0.41498    
   109.00  0.41412    
   110.00  0.41348    
   111.00  0.41306    
   112.00  0.41286    
   113.00  0.41286    
   114.00  0.41306    
   115.00  0.41345    
   116.00  0.41401    
   117.00  0.41475    
   118.00  0.41566    
   119.00  0.41672    
   120.00  0.41792    
   121.00  0.41927    
   122.00  0.42075    
   123.00  0.42235    
   124.00  0.42408    
   125.00  0.42591    
   126.00  0.42785    
   127.00  0.42988    
   128.00  0.43200    
   129.00  0.43420    
   130.00  0.43648    
   131.00  0.43882    
   132.00  0.44123    
   133.00  0.44369    
   134.00  0.44621    
   135.00  0.44876    
   136.00  0.45135    
   137.00  0.45398    
   138.00  0.45663    
   139.00  0.45931    
   140.00  0.46200    
   141.00  0.46471    
   142.00  0.46742    
   143.00  0.47014    
   144.00  0.47287    
   145.00  0.47560    
   146.00  0.47832    
   147.00  0.48105    
   148.00  0.48377    
   149.00  0.48649    
   150.00  0.48920    
   151.00  0.49189    
   152.00  0.49457    
   153.00  0.49722    
   154.00  0.49983    
   155.00  0.50238    
   156.00  0.50487    
   157.00  0.50726    
   158.00  0.50954    
   159.00  0.51168    
   160.00  0.51365    
   161.00  0.51544    
   162.00  0.51703    
   163.00  0.51843    
   164.00  0.51964    
   165.00  0.52068    
   166.00  0.52160    
   167.00  0.52243    
   168.00  0.52323    
   169.00  0.52405    
   170.00  0.52494    
   171.00  0.52593    
   172.00  0.52703    
   173.00  0.52824    
   174.00  0.52951    
   175.00  0.53079    
   176.00  0.53200    
   177.00  0.53306    
   178.00  0.53389    
   179.00  0.53442    
   180.00  0.53460    
 |--------|------------|
0.500000     micron = Wavelength
0.341721     = Extinction efficiency (Q)
0.135868     = Scattering efficiency (Qs)
0.205853     = Absorption efficiency (Qa)
 59.1197     = Lidar ratio
0.730525E-02 micron^2 = <b> = Average surface area per particle
0.249636E-02 microns^2 = Extinction cross section (C)
0.992549E-03 microns^2 = Scattering cross section (Cs)
0.150381E-02 microns^2 = Absorption cross section (Ca)
 |----------------------------------------------------|
 | COMMENTAIRES:                                      |
 |----------------------------------------------------|
 |   -Cross section / <b> should = efficiency         |
 |    is independant of the normalisation of dN/dx    |
 |   -The integral of the phase fct / 4 pi over all   |
 |    directions (solid angle) = 1.                   |
 |   -The volume coefficient (k) is equal to C * N    |
 |      = cross section * Number density              |
 |      typical units: [um^2]*[particles/cm^3] =      |
 |      [10^-3 km-1]                                  |
 |      N = M/(d*4/3*pi*r^3) where d is the density   |
 |      of particle, M is the mass per unit volume    |
 |      and 4/3*pi*r^3 is the average volume  of a    |
 |      particle.                                     |
 |      typical units:  M -> [ug/m^3], d -> [g/cm^3]  |
 |                      r -> [um]                     |
 |      Lidar ratio= 4 pi Qe / phase_fct(180)*Qs      |
 |----------------------------------------------------|
