 |--------|------------|
 | ANGLE  |  PHASE FCT |
 |--------|------------|
     0.00   89.874    
     1.00   87.154    
     2.00   79.671    
     3.00   69.116    
     4.00   57.435    
     5.00   46.180    
     6.00   36.255    
     7.00   28.010    
     8.00   21.445    
     9.00   16.378    
    10.00   12.555    
    11.00   9.7150    
    12.00   7.6280    
    13.00   6.1044    
    14.00   4.9946    
    15.00   4.1851    
    16.00   3.5919    
    17.00   3.1534    
    18.00   2.8253    
    19.00   2.5760    
    20.00   2.3831    
    21.00   2.2308    
    22.00   2.1079    
    23.00   2.0064    
    24.00   1.9210    
    25.00   1.8474    
    26.00   1.7829    
    27.00   1.7255    
    28.00   1.6736    
    29.00   1.6261    
    30.00   1.5823    
    31.00   1.5413    
    32.00   1.5029    
    33.00   1.4665    
    34.00   1.4318    
    35.00   1.3987    
    36.00   1.3669    
    37.00   1.3362    
    38.00   1.3066    
    39.00   1.2779    
    40.00   1.2499    
    41.00   1.2228    
    42.00   1.1962    
    43.00   1.1703    
    44.00   1.1450    
    45.00   1.1203    
    46.00   1.0960    
    47.00   1.0722    
    48.00   1.0489    
    49.00   1.0260    
    50.00   1.0036    
    51.00  0.98156    
    52.00  0.95999    
    53.00  0.93883    
    54.00  0.91808    
    55.00  0.89775    
    56.00  0.87784    
    57.00  0.85833    
    58.00  0.83924    
    59.00  0.82056    
    60.00  0.80230    
    61.00  0.78445    
    62.00  0.76703    
    63.00  0.75002    
    64.00  0.73343    
    65.00  0.71726    
    66.00  0.70152    
    67.00  0.68621    
    68.00  0.67131    
    69.00  0.65684    
    70.00  0.64280    
    71.00  0.62918    
    72.00  0.61599    
    73.00  0.60322    
    74.00  0.59088    
    75.00  0.57895    
    76.00  0.56745    
    77.00  0.55635    
    78.00  0.54568    
    79.00  0.53542    
    80.00  0.52556    
    81.00  0.51610    
    82.00  0.50705    
    83.00  0.49839    
    84.00  0.49013    
    85.00  0.48225    
    86.00  0.47475    
    87.00  0.46762    
    88.00  0.46087    
    89.00  0.45448    
    90.00  0.44845    
    91.00  0.44277    
    92.00  0.43744    
    93.00  0.43245    
    94.00  0.42779    
    95.00  0.42345    
    96.00  0.41944    
    97.00  0.41573    
    98.00  0.41233    
    99.00  0.40923    
   100.00  0.40641    
   101.00  0.40388    
   102.00  0.40162    
   103.00  0.39963    
   104.00  0.39789    
   105.00  0.39641    
   106.00  0.39517    
   107.00  0.39416    
   108.00  0.39338    
   109.00  0.39283    
   110.00  0.39248    
   111.00  0.39234    
   112.00  0.39239    
   113.00  0.39264    
   114.00  0.39306    
   115.00  0.39366    
   116.00  0.39442    
   117.00  0.39534    
   118.00  0.39641    
   119.00  0.39763    
   120.00  0.39898    
   121.00  0.40046    
   122.00  0.40206    
   123.00  0.40378    
   124.00  0.40560    
   125.00  0.40752    
   126.00  0.40954    
   127.00  0.41165    
   128.00  0.41383    
   129.00  0.41610    
   130.00  0.41842    
   131.00  0.42081    
   132.00  0.42326    
   133.00  0.42576    
   134.00  0.42830    
   135.00  0.43088    
   136.00  0.43349    
   137.00  0.43613    
   138.00  0.43879    
   139.00  0.44147    
   140.00  0.44417    
   141.00  0.44688    
   142.00  0.44960    
   143.00  0.45232    
   144.00  0.45505    
   145.00  0.45777    
   146.00  0.46050    
   147.00  0.46323    
   148.00  0.46596    
   149.00  0.46869    
   150.00  0.47142    
   151.00  0.47414    
   152.00  0.47685    
   153.00  0.47955    
   154.00  0.48222    
   155.00  0.48484    
   156.00  0.48739    
   157.00  0.48986    
   158.00  0.49220    
   159.00  0.49439    
   160.00  0.49640    
   161.00  0.49820    
   162.00  0.49977    
   163.00  0.50110    
   164.00  0.50220    
   165.00  0.50309    
   166.00  0.50382    
   167.00  0.50444    
   168.00  0.50502    
   169.00  0.50564    
   170.00  0.50635    
   171.00  0.50722    
   172.00  0.50826    
   173.00  0.50947    
   174.00  0.51081    
   175.00  0.51220    
   176.00  0.51356    
   177.00  0.51477    
   178.00  0.51573    
   179.00  0.51635    
   180.00  0.51656    
 |--------|------------|
0.610000     micron = Wavelength
0.321182     = Extinction efficiency (Q)
0.125300     = Scattering efficiency (Qs)
0.195882     = Absorption efficiency (Qa)
 62.3572     = Lidar ratio
0.100547E-01 micron^2 = <b> = Average surface area per particle
0.322939E-02 microns^2 = Extinction cross section (C)
0.125986E-02 microns^2 = Scattering cross section (Cs)
0.196953E-02 microns^2 = Absorption cross section (Ca)
 |----------------------------------------------------|
 | COMMENTAIRES:                                      |
 |----------------------------------------------------|
 |   -Cross section / <b> should = efficiency         |
 |    is independant of the normalisation of dN/dx    |
 |   -The integral of the phase fct / 4 pi over all   |
 |    directions (solid angle) = 1.                   |
 |   -The volume coefficient (k) is equal to C * N    |
 |      = cross section * Number density              |
 |      typical units: [um^2]*[particles/cm^3] =      |
 |      [10^-3 km-1]                                  |
 |      N = M/(d*4/3*pi*r^3) where d is the density   |
 |      of particle, M is the mass per unit volume    |
 |      and 4/3*pi*r^3 is the average volume  of a    |
 |      particle.                                     |
 |      typical units:  M -> [ug/m^3], d -> [g/cm^3]  |
 |                      r -> [um]                     |
 |      Lidar ratio= 4 pi Qe / phase_fct(180)*Qs      |
 |----------------------------------------------------|
