 |--------|------------|
 | ANGLE  |  PHASE FCT |
 |--------|------------|
     0.00   62.461    
     1.00   61.416    
     2.00   58.434    
     3.00   53.925    
     4.00   48.431    
     5.00   42.496    
     6.00   36.571    
     7.00   30.979    
     8.00   25.920    
     9.00   21.488    
    10.00   17.702    
    11.00   14.531    
    12.00   11.917    
    13.00   9.7895    
    14.00   8.0740    
    15.00   6.7012    
    16.00   5.6088    
    17.00   4.7426    
    18.00   4.0570    
    19.00   3.5146    
    20.00   3.0849    
    21.00   2.7434    
    22.00   2.4708    
    23.00   2.2518    
    24.00   2.0744    
    25.00   1.9293    
    26.00   1.8094    
    27.00   1.7090    
    28.00   1.6239    
    29.00   1.5507    
    30.00   1.4870    
    31.00   1.4307    
    32.00   1.3804    
    33.00   1.3349    
    34.00   1.2933    
    35.00   1.2548    
    36.00   1.2190    
    37.00   1.1854    
    38.00   1.1537    
    39.00   1.1236    
    40.00   1.0949    
    41.00   1.0675    
    42.00   1.0412    
    43.00   1.0158    
    44.00  0.99138    
    45.00  0.96775    
    46.00  0.94490    
    47.00  0.92275    
    48.00  0.90126    
    49.00  0.88040    
    50.00  0.86014    
    51.00  0.84044    
    52.00  0.82128    
    53.00  0.80265    
    54.00  0.78452    
    55.00  0.76688    
    56.00  0.74971    
    57.00  0.73301    
    58.00  0.71676    
    59.00  0.70095    
    60.00  0.68558    
    61.00  0.67063    
    62.00  0.65611    
    63.00  0.64200    
    64.00  0.62830    
    65.00  0.61500    
    66.00  0.60211    
    67.00  0.58961    
    68.00  0.57750    
    69.00  0.56578    
    70.00  0.55444    
    71.00  0.54348    
    72.00  0.53290    
    73.00  0.52269    
    74.00  0.51286    
    75.00  0.50338    
    76.00  0.49427    
    77.00  0.48552    
    78.00  0.47713    
    79.00  0.46908    
    80.00  0.46138    
    81.00  0.45403    
    82.00  0.44702    
    83.00  0.44034    
    84.00  0.43399    
    85.00  0.42798    
    86.00  0.42228    
    87.00  0.41690    
    88.00  0.41184    
    89.00  0.40708    
    90.00  0.40263    
    91.00  0.39848    
    92.00  0.39462    
    93.00  0.39104    
    94.00  0.38776    
    95.00  0.38474    
    96.00  0.38200    
    97.00  0.37953    
    98.00  0.37731    
    99.00  0.37535    
   100.00  0.37364    
   101.00  0.37217    
   102.00  0.37094    
   103.00  0.36994    
   104.00  0.36916    
   105.00  0.36860    
   106.00  0.36825    
   107.00  0.36810    
   108.00  0.36815    
   109.00  0.36840    
   110.00  0.36883    
   111.00  0.36944    
   112.00  0.37022    
   113.00  0.37117    
   114.00  0.37228    
   115.00  0.37354    
   116.00  0.37495    
   117.00  0.37650    
   118.00  0.37818    
   119.00  0.38000    
   120.00  0.38193    
   121.00  0.38398    
   122.00  0.38614    
   123.00  0.38840    
   124.00  0.39076    
   125.00  0.39321    
   126.00  0.39574    
   127.00  0.39836    
   128.00  0.40106    
   129.00  0.40382    
   130.00  0.40665    
   131.00  0.40954    
   132.00  0.41249    
   133.00  0.41549    
   134.00  0.41855    
   135.00  0.42165    
   136.00  0.42479    
   137.00  0.42798    
   138.00  0.43121    
   139.00  0.43448    
   140.00  0.43779    
   141.00  0.44113    
   142.00  0.44451    
   143.00  0.44793    
   144.00  0.45138    
   145.00  0.45485    
   146.00  0.45835    
   147.00  0.46186    
   148.00  0.46538    
   149.00  0.46888    
   150.00  0.47234    
   151.00  0.47575    
   152.00  0.47907    
   153.00  0.48227    
   154.00  0.48532    
   155.00  0.48817    
   156.00  0.49079    
   157.00  0.49315    
   158.00  0.49522    
   159.00  0.49698    
   160.00  0.49843    
   161.00  0.49959    
   162.00  0.50050    
   163.00  0.50120    
   164.00  0.50176    
   165.00  0.50229    
   166.00  0.50286    
   167.00  0.50359    
   168.00  0.50454    
   169.00  0.50580    
   170.00  0.50741    
   171.00  0.50936    
   172.00  0.51163    
   173.00  0.51413    
   174.00  0.51677    
   175.00  0.51939    
   176.00  0.52183    
   177.00  0.52394    
   178.00  0.52557    
   179.00  0.52660    
   180.00  0.52695    
 |--------|------------|
0.400000     micron = Wavelength
0.243791     = Extinction efficiency (Q)
0.852911E-01 = Scattering efficiency (Qs)
0.158500     = Absorption efficiency (Qa)
 68.1640     = Lidar ratio
0.272777E-02 micron^2 = <b> = Average surface area per particle
0.665007E-03 microns^2 = Extinction cross section (C)
0.232655E-03 microns^2 = Scattering cross section (Cs)
0.432352E-03 microns^2 = Absorption cross section (Ca)
 |----------------------------------------------------|
 | COMMENTAIRES:                                      |
 |----------------------------------------------------|
 |   -Cross section / <b> should = efficiency         |
 |    is independant of the normalisation of dN/dx    |
 |   -The integral of the phase fct / 4 pi over all   |
 |    directions (solid angle) = 1.                   |
 |   -The volume coefficient (k) is equal to C * N    |
 |      = cross section * Number density              |
 |      typical units: [um^2]*[particles/cm^3] =      |
 |      [10^-3 km-1]                                  |
 |      N = M/(d*4/3*pi*r^3) where d is the density   |
 |      of particle, M is the mass per unit volume    |
 |      and 4/3*pi*r^3 is the average volume  of a    |
 |      particle.                                     |
 |      typical units:  M -> [ug/m^3], d -> [g/cm^3]  |
 |                      r -> [um]                     |
 |      Lidar ratio= 4 pi Qe / phase_fct(180)*Qs      |
 |----------------------------------------------------|
