 |--------|------------|
 | ANGLE  |  PHASE FCT |
 |--------|------------|
     0.00   164.81    
     1.00   154.77    
     2.00   128.87    
     3.00   96.745    
     4.00   67.334    
     5.00   44.958    
     6.00   29.666    
     7.00   19.727    
     8.00   13.427    
     9.00   9.5136    
    10.00   7.0976    
    11.00   5.5810    
    12.00   4.6079    
    13.00   3.9690    
    14.00   3.5316    
    15.00   3.2167    
    16.00   2.9816    
    17.00   2.7997    
    18.00   2.6525    
    19.00   2.5300    
    20.00   2.4264    
    21.00   2.3367    
    22.00   2.2573    
    23.00   2.1864    
    24.00   2.1224    
    25.00   2.0637    
    26.00   2.0094    
    27.00   1.9588    
    28.00   1.9113    
    29.00   1.8661    
    30.00   1.8231    
    31.00   1.7819    
    32.00   1.7421    
    33.00   1.7036    
    34.00   1.6662    
    35.00   1.6298    
    36.00   1.5941    
    37.00   1.5592    
    38.00   1.5250    
    39.00   1.4914    
    40.00   1.4583    
    41.00   1.4258    
    42.00   1.3938    
    43.00   1.3623    
    44.00   1.3313    
    45.00   1.3007    
    46.00   1.2706    
    47.00   1.2409    
    48.00   1.2117    
    49.00   1.1830    
    50.00   1.1547    
    51.00   1.1269    
    52.00   1.0996    
    53.00   1.0728    
    54.00   1.0464    
    55.00   1.0206    
    56.00  0.99521    
    57.00  0.97037    
    58.00  0.94604    
    59.00  0.92224    
    60.00  0.89897    
    61.00  0.87622    
    62.00  0.85400    
    63.00  0.83233    
    64.00  0.81119    
    65.00  0.79059    
    66.00  0.77054    
    67.00  0.75103    
    68.00  0.73206    
    69.00  0.71363    
    70.00  0.69575    
    71.00  0.67841    
    72.00  0.66160    
    73.00  0.64533    
    74.00  0.62958    
    75.00  0.61437    
    76.00  0.59967    
    77.00  0.58549    
    78.00  0.57182    
    79.00  0.55866    
    80.00  0.54599    
    81.00  0.53381    
    82.00  0.52212    
    83.00  0.51091    
    84.00  0.50016    
    85.00  0.48988    
    86.00  0.48004    
    87.00  0.47066    
    88.00  0.46170    
    89.00  0.45318    
    90.00  0.44507    
    91.00  0.43737    
    92.00  0.43007    
    93.00  0.42315    
    94.00  0.41662    
    95.00  0.41045    
    96.00  0.40465    
    97.00  0.39920    
    98.00  0.39409    
    99.00  0.38931    
   100.00  0.38486    
   101.00  0.38071    
   102.00  0.37687    
   103.00  0.37333    
   104.00  0.37006    
   105.00  0.36708    
   106.00  0.36435    
   107.00  0.36189    
   108.00  0.35967    
   109.00  0.35769    
   110.00  0.35594    
   111.00  0.35441    
   112.00  0.35309    
   113.00  0.35197    
   114.00  0.35105    
   115.00  0.35032    
   116.00  0.34976    
   117.00  0.34938    
   118.00  0.34915    
   119.00  0.34909    
   120.00  0.34917    
   121.00  0.34939    
   122.00  0.34974    
   123.00  0.35022    
   124.00  0.35082    
   125.00  0.35152    
   126.00  0.35234    
   127.00  0.35325    
   128.00  0.35425    
   129.00  0.35534    
   130.00  0.35651    
   131.00  0.35775    
   132.00  0.35906    
   133.00  0.36043    
   134.00  0.36186    
   135.00  0.36334    
   136.00  0.36486    
   137.00  0.36643    
   138.00  0.36803    
   139.00  0.36965    
   140.00  0.37131    
   141.00  0.37298    
   142.00  0.37468    
   143.00  0.37638    
   144.00  0.37809    
   145.00  0.37980    
   146.00  0.38151    
   147.00  0.38322    
   148.00  0.38492    
   149.00  0.38661    
   150.00  0.38829    
   151.00  0.38996    
   152.00  0.39161    
   153.00  0.39324    
   154.00  0.39485    
   155.00  0.39645    
   156.00  0.39802    
   157.00  0.39956    
   158.00  0.40106    
   159.00  0.40253    
   160.00  0.40395    
   161.00  0.40530    
   162.00  0.40657    
   163.00  0.40776    
   164.00  0.40885    
   165.00  0.40984    
   166.00  0.41073    
   167.00  0.41152    
   168.00  0.41224    
   169.00  0.41290    
   170.00  0.41352    
   171.00  0.41412    
   172.00  0.41473    
   173.00  0.41534    
   174.00  0.41595    
   175.00  0.41655    
   176.00  0.41712    
   177.00  0.41761    
   178.00  0.41800    
   179.00  0.41825    
   180.00  0.41834    
 |--------|------------|
0.680000     micron = Wavelength
0.474742     = Extinction efficiency (Q)
0.215178     = Scattering efficiency (Qs)
0.259564     = Absorption efficiency (Qa)
 66.2741     = Lidar ratio
0.200005E-01 micron^2 = <b> = Average surface area per particle
0.949507E-02 microns^2 = Extinction cross section (C)
0.430367E-02 microns^2 = Scattering cross section (Cs)
0.519140E-02 microns^2 = Absorption cross section (Ca)
 |----------------------------------------------------|
 | COMMENTAIRES:                                      |
 |----------------------------------------------------|
 |   -Cross section / <b> should = efficiency         |
 |    is independant of the normalisation of dN/dx    |
 |   -The integral of the phase fct / 4 pi over all   |
 |    directions (solid angle) = 1.                   |
 |   -The volume coefficient (k) is equal to C * N    |
 |      = cross section * Number density              |
 |      typical units: [um^2]*[particles/cm^3] =      |
 |      [10^-3 km-1]                                  |
 |      N = M/(d*4/3*pi*r^3) where d is the density   |
 |      of particle, M is the mass per unit volume    |
 |      and 4/3*pi*r^3 is the average volume  of a    |
 |      particle.                                     |
 |      typical units:  M -> [ug/m^3], d -> [g/cm^3]  |
 |                      r -> [um]                     |
 |      Lidar ratio= 4 pi Qe / phase_fct(180)*Qs      |
 |----------------------------------------------------|
