 |--------|------------|
 | ANGLE  |  PHASE FCT |
 |--------|------------|
     0.00   96.880    
     1.00   89.411    
     2.00   70.724    
     3.00   49.032    
     4.00   31.211    
     5.00   19.562    
     6.00   12.871    
     7.00   9.1308    
     8.00   7.0102    
     9.00   5.8166    
    10.00   5.1316    
    11.00   4.7010    
    12.00   4.4097    
    13.00   4.2049    
    14.00   4.0478    
    15.00   3.9166    
    16.00   3.8052    
    17.00   3.7080    
    18.00   3.6187    
    19.00   3.5353    
    20.00   3.4574    
    21.00   3.3830    
    22.00   3.3107    
    23.00   3.2405    
    24.00   3.1719    
    25.00   3.1043    
    26.00   3.0373    
    27.00   2.9712    
    28.00   2.9056    
    29.00   2.8403    
    30.00   2.7755    
    31.00   2.7111    
    32.00   2.6470    
    33.00   2.5834    
    34.00   2.5202    
    35.00   2.4574    
    36.00   2.3952    
    37.00   2.3335    
    38.00   2.2724    
    39.00   2.2119    
    40.00   2.1522    
    41.00   2.0932    
    42.00   2.0349    
    43.00   1.9776    
    44.00   1.9211    
    45.00   1.8655    
    46.00   1.8108    
    47.00   1.7572    
    48.00   1.7045    
    49.00   1.6529    
    50.00   1.6023    
    51.00   1.5529    
    52.00   1.5045    
    53.00   1.4573    
    54.00   1.4112    
    55.00   1.3662    
    56.00   1.3224    
    57.00   1.2797    
    58.00   1.2381    
    59.00   1.1978    
    60.00   1.1585    
    61.00   1.1204    
    62.00   1.0835    
    63.00   1.0476    
    64.00   1.0129    
    65.00  0.97926    
    66.00  0.94671    
    67.00  0.91524    
    68.00  0.88483    
    69.00  0.85546    
    70.00  0.82710    
    71.00  0.79975    
    72.00  0.77337    
    73.00  0.74796    
    74.00  0.72350    
    75.00  0.69994    
    76.00  0.67729    
    77.00  0.65551    
    78.00  0.63459    
    79.00  0.61450    
    80.00  0.59522    
    81.00  0.57672    
    82.00  0.55899    
    83.00  0.54200    
    84.00  0.52574    
    85.00  0.51017    
    86.00  0.49528    
    87.00  0.48104    
    88.00  0.46744    
    89.00  0.45446    
    90.00  0.44207    
    91.00  0.43025    
    92.00  0.41899    
    93.00  0.40827    
    94.00  0.39806    
    95.00  0.38835    
    96.00  0.37913    
    97.00  0.37036    
    98.00  0.36205    
    99.00  0.35416    
   100.00  0.34669    
   101.00  0.33962    
   102.00  0.33294    
   103.00  0.32662    
   104.00  0.32066    
   105.00  0.31504    
   106.00  0.30974    
   107.00  0.30477    
   108.00  0.30010    
   109.00  0.29571    
   110.00  0.29161    
   111.00  0.28778    
   112.00  0.28420    
   113.00  0.28087    
   114.00  0.27777    
   115.00  0.27491    
   116.00  0.27226    
   117.00  0.26982    
   118.00  0.26757    
   119.00  0.26552    
   120.00  0.26365    
   121.00  0.26196    
   122.00  0.26043    
   123.00  0.25906    
   124.00  0.25785    
   125.00  0.25678    
   126.00  0.25585    
   127.00  0.25505    
   128.00  0.25437    
   129.00  0.25382    
   130.00  0.25338    
   131.00  0.25304    
   132.00  0.25281    
   133.00  0.25268    
   134.00  0.25263    
   135.00  0.25267    
   136.00  0.25280    
   137.00  0.25299    
   138.00  0.25327    
   139.00  0.25360    
   140.00  0.25400    
   141.00  0.25446    
   142.00  0.25496    
   143.00  0.25552    
   144.00  0.25612    
   145.00  0.25676    
   146.00  0.25744    
   147.00  0.25815    
   148.00  0.25888    
   149.00  0.25964    
   150.00  0.26042    
   151.00  0.26122    
   152.00  0.26203    
   153.00  0.26285    
   154.00  0.26367    
   155.00  0.26450    
   156.00  0.26533    
   157.00  0.26616    
   158.00  0.26698    
   159.00  0.26779    
   160.00  0.26858    
   161.00  0.26936    
   162.00  0.27011    
   163.00  0.27084    
   164.00  0.27154    
   165.00  0.27220    
   166.00  0.27283    
   167.00  0.27342    
   168.00  0.27397    
   169.00  0.27448    
   170.00  0.27496    
   171.00  0.27540    
   172.00  0.27581    
   173.00  0.27619    
   174.00  0.27652    
   175.00  0.27682    
   176.00  0.27708    
   177.00  0.27729    
   178.00  0.27744    
   179.00  0.27753    
   180.00  0.27757    
 |--------|------------|
0.430000     micron = Wavelength
0.787314     = Extinction efficiency (Q)
0.423474     = Scattering efficiency (Qs)
0.363841     = Absorption efficiency (Qa)
 84.1711     = Lidar ratio
0.151485E-01 micron^2 = <b> = Average surface area per particle
0.119266E-01 microns^2 = Extinction cross section (C)
0.641500E-02 microns^2 = Scattering cross section (Cs)
0.551164E-02 microns^2 = Absorption cross section (Ca)
 |----------------------------------------------------|
 | COMMENTAIRES:                                      |
 |----------------------------------------------------|
 |   -Cross section / <b> should = efficiency         |
 |    is independant of the normalisation of dN/dx    |
 |   -The integral of the phase fct / 4 pi over all   |
 |    directions (solid angle) = 1.                   |
 |   -The volume coefficient (k) is equal to C * N    |
 |      = cross section * Number density              |
 |      typical units: [um^2]*[particles/cm^3] =      |
 |      [10^-3 km-1]                                  |
 |      N = M/(d*4/3*pi*r^3) where d is the density   |
 |      of particle, M is the mass per unit volume    |
 |      and 4/3*pi*r^3 is the average volume  of a    |
 |      particle.                                     |
 |      typical units:  M -> [ug/m^3], d -> [g/cm^3]  |
 |                      r -> [um]                     |
 |      Lidar ratio= 4 pi Qe / phase_fct(180)*Qs      |
 |----------------------------------------------------|
