 |--------|------------|
 | ANGLE  |  PHASE FCT |
 |--------|------------|
     0.00   56.873    
     1.00   55.778    
     2.00   52.678    
     3.00   48.057    
     4.00   42.538    
     5.00   36.713    
     6.00   31.048    
     7.00   25.845    
     8.00   21.266    
     9.00   17.363    
    10.00   14.120    
    11.00   11.476    
    12.00   9.3523    
    13.00   7.6661    
    14.00   6.3388    
    15.00   5.3003    
    16.00   4.4908    
    17.00   3.8606    
    18.00   3.3700    
    19.00   2.9871    
    20.00   2.6867    
    21.00   2.4496    
    22.00   2.2608    
    23.00   2.1088    
    24.00   1.9850    
    25.00   1.8826    
    26.00   1.7967    
    27.00   1.7235    
    28.00   1.6601    
    29.00   1.6044    
    30.00   1.5547    
    31.00   1.5098    
    32.00   1.4687    
    33.00   1.4306    
    34.00   1.3951    
    35.00   1.3617    
    36.00   1.3300    
    37.00   1.2998    
    38.00   1.2709    
    39.00   1.2431    
    40.00   1.2162    
    41.00   1.1902    
    42.00   1.1650    
    43.00   1.1405    
    44.00   1.1166    
    45.00   1.0933    
    46.00   1.0705    
    47.00   1.0483    
    48.00   1.0265    
    49.00   1.0052    
    50.00  0.98435    
    51.00  0.96392    
    52.00  0.94390    
    53.00  0.92431    
    54.00  0.90511    
    55.00  0.88630    
    56.00  0.86788    
    57.00  0.84985    
    58.00  0.83221    
    59.00  0.81494    
    60.00  0.79806    
    61.00  0.78157    
    62.00  0.76546    
    63.00  0.74973    
    64.00  0.73438    
    65.00  0.71941    
    66.00  0.70484    
    67.00  0.69065    
    68.00  0.67684    
    69.00  0.66343    
    70.00  0.65040    
    71.00  0.63776    
    72.00  0.62552    
    73.00  0.61366    
    74.00  0.60219    
    75.00  0.59112    
    76.00  0.58042    
    77.00  0.57012    
    78.00  0.56020    
    79.00  0.55067    
    80.00  0.54152    
    81.00  0.53275    
    82.00  0.52436    
    83.00  0.51634    
    84.00  0.50869    
    85.00  0.50142    
    86.00  0.49450    
    87.00  0.48795    
    88.00  0.48176    
    89.00  0.47592    
    90.00  0.47042    
    91.00  0.46527    
    92.00  0.46046    
    93.00  0.45598    
    94.00  0.45183    
    95.00  0.44800    
    96.00  0.44448    
    97.00  0.44128    
    98.00  0.43838    
    99.00  0.43577    
   100.00  0.43345    
   101.00  0.43142    
   102.00  0.42967    
   103.00  0.42818    
   104.00  0.42696    
   105.00  0.42599    
   106.00  0.42528    
   107.00  0.42480    
   108.00  0.42456    
   109.00  0.42454    
   110.00  0.42474    
   111.00  0.42516    
   112.00  0.42577    
   113.00  0.42659    
   114.00  0.42759    
   115.00  0.42877    
   116.00  0.43013    
   117.00  0.43165    
   118.00  0.43334    
   119.00  0.43517    
   120.00  0.43715    
   121.00  0.43926    
   122.00  0.44150    
   123.00  0.44386    
   124.00  0.44634    
   125.00  0.44892    
   126.00  0.45161    
   127.00  0.45439    
   128.00  0.45726    
   129.00  0.46020    
   130.00  0.46323    
   131.00  0.46632    
   132.00  0.46947    
   133.00  0.47269    
   134.00  0.47596    
   135.00  0.47927    
   136.00  0.48264    
   137.00  0.48604    
   138.00  0.48949    
   139.00  0.49296    
   140.00  0.49647    
   141.00  0.50001    
   142.00  0.50358    
   143.00  0.50716    
   144.00  0.51076    
   145.00  0.51437    
   146.00  0.51798    
   147.00  0.52158    
   148.00  0.52517    
   149.00  0.52871    
   150.00  0.53221    
   151.00  0.53563    
   152.00  0.53895    
   153.00  0.54215    
   154.00  0.54521    
   155.00  0.54810    
   156.00  0.55081    
   157.00  0.55331    
   158.00  0.55560    
   159.00  0.55768    
   160.00  0.55957    
   161.00  0.56128    
   162.00  0.56287    
   163.00  0.56438    
   164.00  0.56586    
   165.00  0.56738    
   166.00  0.56899    
   167.00  0.57076    
   168.00  0.57273    
   169.00  0.57492    
   170.00  0.57733    
   171.00  0.57995    
   172.00  0.58272    
   173.00  0.58557    
   174.00  0.58839    
   175.00  0.59108    
   176.00  0.59351    
   177.00  0.59555    
   178.00  0.59710    
   179.00  0.59806    
   180.00  0.59839    
 |--------|------------|
0.360000     micron = Wavelength
0.279393     = Extinction efficiency (Q)
0.107448     = Scattering efficiency (Qs)
0.171944     = Absorption efficiency (Qa)
 54.6059     = Lidar ratio
0.259480E-02 micron^2 = <b> = Average surface area per particle
0.724969E-03 microns^2 = Extinction cross section (C)
0.278807E-03 microns^2 = Scattering cross section (Cs)
0.446162E-03 microns^2 = Absorption cross section (Ca)
 |----------------------------------------------------|
 | COMMENTAIRES:                                      |
 |----------------------------------------------------|
 |   -Cross section / <b> should = efficiency         |
 |    is independant of the normalisation of dN/dx    |
 |   -The integral of the phase fct / 4 pi over all   |
 |    directions (solid angle) = 1.                   |
 |   -The volume coefficient (k) is equal to C * N    |
 |      = cross section * Number density              |
 |      typical units: [um^2]*[particles/cm^3] =      |
 |      [10^-3 km-1]                                  |
 |      N = M/(d*4/3*pi*r^3) where d is the density   |
 |      of particle, M is the mass per unit volume    |
 |      and 4/3*pi*r^3 is the average volume  of a    |
 |      particle.                                     |
 |      typical units:  M -> [ug/m^3], d -> [g/cm^3]  |
 |                      r -> [um]                     |
 |      Lidar ratio= 4 pi Qe / phase_fct(180)*Qs      |
 |----------------------------------------------------|
