 |--------|------------|
 | ANGLE  |  PHASE FCT |
 |--------|------------|
     0.00   127.32    
     1.00   115.89    
     2.00   87.836    
     3.00   56.608    
     4.00   32.783    
     5.00   18.898    
     6.00   11.990    
     7.00   8.5379    
     8.00   6.6781    
     9.00   5.6820    
    10.00   5.1309    
    11.00   4.7653    
    12.00   4.5009    
    13.00   4.3116    
    14.00   4.1607    
    15.00   4.0280    
    16.00   3.9144    
    17.00   3.8156    
    18.00   3.7232    
    19.00   3.6359    
    20.00   3.5549    
    21.00   3.4773    
    22.00   3.4010    
    23.00   3.3268    
    24.00   3.2546    
    25.00   3.1828    
    26.00   3.1116    
    27.00   3.0414    
    28.00   2.9717    
    29.00   2.9022    
    30.00   2.8332    
    31.00   2.7647    
    32.00   2.6966    
    33.00   2.6289    
    34.00   2.5617    
    35.00   2.4952    
    36.00   2.4292    
    37.00   2.3638    
    38.00   2.2992    
    39.00   2.2354    
    40.00   2.1723    
    41.00   2.1101    
    42.00   2.0489    
    43.00   1.9886    
    44.00   1.9293    
    45.00   1.8711    
    46.00   1.8139    
    47.00   1.7579    
    48.00   1.7030    
    49.00   1.6493    
    50.00   1.5967    
    51.00   1.5454    
    52.00   1.4953    
    53.00   1.4465    
    54.00   1.3988    
    55.00   1.3525    
    56.00   1.3074    
    57.00   1.2635    
    58.00   1.2209    
    59.00   1.1795    
    60.00   1.1394    
    61.00   1.1005    
    62.00   1.0628    
    63.00   1.0263    
    64.00  0.99103    
    65.00  0.95690    
    66.00  0.92391    
    67.00  0.89206    
    68.00  0.86133    
    69.00  0.83168    
    70.00  0.80310    
    71.00  0.77557    
    72.00  0.74906    
    73.00  0.72354    
    74.00  0.69900    
    75.00  0.67541    
    76.00  0.65275    
    77.00  0.63098    
    78.00  0.61009    
    79.00  0.59005    
    80.00  0.57083    
    81.00  0.55242    
    82.00  0.53478    
    83.00  0.51790    
    84.00  0.50174    
    85.00  0.48628    
    86.00  0.47151    
    87.00  0.45740    
    88.00  0.44392    
    89.00  0.43106    
    90.00  0.41879    
    91.00  0.40709    
    92.00  0.39594    
    93.00  0.38533    
    94.00  0.37523    
    95.00  0.36562    
    96.00  0.35648    
    97.00  0.34780    
    98.00  0.33956    
    99.00  0.33175    
   100.00  0.32434    
   101.00  0.31732    
   102.00  0.31067    
   103.00  0.30439    
   104.00  0.29846    
   105.00  0.29285    
   106.00  0.28757    
   107.00  0.28259    
   108.00  0.27791    
   109.00  0.27351    
   110.00  0.26938    
   111.00  0.26550    
   112.00  0.26188    
   113.00  0.25850    
   114.00  0.25535    
   115.00  0.25242    
   116.00  0.24969    
   117.00  0.24717    
   118.00  0.24484    
   119.00  0.24270    
   120.00  0.24073    
   121.00  0.23893    
   122.00  0.23730    
   123.00  0.23582    
   124.00  0.23449    
   125.00  0.23330    
   126.00  0.23224    
   127.00  0.23131    
   128.00  0.23051    
   129.00  0.22982    
   130.00  0.22925    
   131.00  0.22878    
   132.00  0.22841    
   133.00  0.22814    
   134.00  0.22796    
   135.00  0.22787    
   136.00  0.22785    
   137.00  0.22791    
   138.00  0.22805    
   139.00  0.22825    
   140.00  0.22851    
   141.00  0.22884    
   142.00  0.22922    
   143.00  0.22964    
   144.00  0.23012    
   145.00  0.23064    
   146.00  0.23119    
   147.00  0.23178    
   148.00  0.23241    
   149.00  0.23305    
   150.00  0.23373    
   151.00  0.23442    
   152.00  0.23513    
   153.00  0.23585    
   154.00  0.23658    
   155.00  0.23732    
   156.00  0.23806    
   157.00  0.23880    
   158.00  0.23953    
   159.00  0.24026    
   160.00  0.24098    
   161.00  0.24169    
   162.00  0.24238    
   163.00  0.24305    
   164.00  0.24370    
   165.00  0.24431    
   166.00  0.24490    
   167.00  0.24545    
   168.00  0.24597    
   169.00  0.24646    
   170.00  0.24691    
   171.00  0.24733    
   172.00  0.24771    
   173.00  0.24806    
   174.00  0.24836    
   175.00  0.24863    
   176.00  0.24886    
   177.00  0.24904    
   178.00  0.24917    
   179.00  0.24925    
   180.00  0.24928    
 |--------|------------|
0.470000     micron = Wavelength
0.849452     = Extinction efficiency (Q)
0.465672     = Scattering efficiency (Qs)
0.383779     = Absorption efficiency (Qa)
 91.9552     = Lidar ratio
0.199424E-01 micron^2 = <b> = Average surface area per particle
0.169401E-01 microns^2 = Extinction cross section (C)
0.928664E-02 microns^2 = Scattering cross section (Cs)
0.765350E-02 microns^2 = Absorption cross section (Ca)
 |----------------------------------------------------|
 | COMMENTAIRES:                                      |
 |----------------------------------------------------|
 |   -Cross section / <b> should = efficiency         |
 |    is independant of the normalisation of dN/dx    |
 |   -The integral of the phase fct / 4 pi over all   |
 |    directions (solid angle) = 1.                   |
 |   -The volume coefficient (k) is equal to C * N    |
 |      = cross section * Number density              |
 |      typical units: [um^2]*[particles/cm^3] =      |
 |      [10^-3 km-1]                                  |
 |      N = M/(d*4/3*pi*r^3) where d is the density   |
 |      of particle, M is the mass per unit volume    |
 |      and 4/3*pi*r^3 is the average volume  of a    |
 |      particle.                                     |
 |      typical units:  M -> [ug/m^3], d -> [g/cm^3]  |
 |                      r -> [um]                     |
 |      Lidar ratio= 4 pi Qe / phase_fct(180)*Qs      |
 |----------------------------------------------------|
