 |--------|------------|
 | ANGLE  |  PHASE FCT |
 |--------|------------|
     0.00   75.696    
     1.00   74.286    
     2.00   70.284    
     3.00   64.293    
     4.00   57.092    
     5.00   49.437    
     6.00   41.932    
     7.00   34.982    
     8.00   28.813    
     9.00   23.511    
    10.00   19.069    
    11.00   15.418    
    12.00   12.464    
    13.00   10.102    
    14.00   8.2305    
    15.00   6.7577    
    16.00   5.6040    
    17.00   4.7026    
    18.00   3.9989    
    19.00   3.4490    
    20.00   3.0181    
    21.00   2.6788    
    22.00   2.4098    
    23.00   2.1949    
    24.00   2.0213    
    25.00   1.8794    
    26.00   1.7620    
    27.00   1.6634    
    28.00   1.5795    
    29.00   1.5070    
    30.00   1.4434    
    31.00   1.3869    
    32.00   1.3361    
    33.00   1.2899    
    34.00   1.2475    
    35.00   1.2082    
    36.00   1.1715    
    37.00   1.1370    
    38.00   1.1045    
    39.00   1.0736    
    40.00   1.0442    
    41.00   1.0161    
    42.00  0.98923    
    43.00  0.96339    
    44.00  0.93853    
    45.00  0.91459    
    46.00  0.89147    
    47.00  0.86915    
    48.00  0.84755    
    49.00  0.82665    
    50.00  0.80640    
    51.00  0.78678    
    52.00  0.76777    
    53.00  0.74932    
    54.00  0.73143    
    55.00  0.71406    
    56.00  0.69721    
    57.00  0.68086    
    58.00  0.66500    
    59.00  0.64960    
    60.00  0.63467    
    61.00  0.62019    
    62.00  0.60615    
    63.00  0.59254    
    64.00  0.57935    
    65.00  0.56658    
    66.00  0.55422    
    67.00  0.54226    
    68.00  0.53070    
    69.00  0.51953    
    70.00  0.50874    
    71.00  0.49832    
    72.00  0.48829    
    73.00  0.47862    
    74.00  0.46931    
    75.00  0.46037    
    76.00  0.45177    
    77.00  0.44352    
    78.00  0.43562    
    79.00  0.42806    
    80.00  0.42083    
    81.00  0.41393    
    82.00  0.40736    
    83.00  0.40111    
    84.00  0.39517    
    85.00  0.38954    
    86.00  0.38421    
    87.00  0.37919    
    88.00  0.37446    
    89.00  0.37002    
    90.00  0.36586    
    91.00  0.36198    
    92.00  0.35838    
    93.00  0.35504    
    94.00  0.35197    
    95.00  0.34916    
    96.00  0.34659    
    97.00  0.34428    
    98.00  0.34220    
    99.00  0.34036    
   100.00  0.33874    
   101.00  0.33735    
   102.00  0.33618    
   103.00  0.33521    
   104.00  0.33446    
   105.00  0.33390    
   106.00  0.33353    
   107.00  0.33336    
   108.00  0.33336    
   109.00  0.33354    
   110.00  0.33389    
   111.00  0.33440    
   112.00  0.33507    
   113.00  0.33589    
   114.00  0.33686    
   115.00  0.33796    
   116.00  0.33920    
   117.00  0.34057    
   118.00  0.34206    
   119.00  0.34366    
   120.00  0.34538    
   121.00  0.34720    
   122.00  0.34912    
   123.00  0.35113    
   124.00  0.35323    
   125.00  0.35541    
   126.00  0.35767    
   127.00  0.36001    
   128.00  0.36241    
   129.00  0.36488    
   130.00  0.36740    
   131.00  0.36998    
   132.00  0.37260    
   133.00  0.37528    
   134.00  0.37800    
   135.00  0.38075    
   136.00  0.38355    
   137.00  0.38638    
   138.00  0.38925    
   139.00  0.39215    
   140.00  0.39508    
   141.00  0.39805    
   142.00  0.40105    
   143.00  0.40409    
   144.00  0.40716    
   145.00  0.41027    
   146.00  0.41341    
   147.00  0.41659    
   148.00  0.41979    
   149.00  0.42302    
   150.00  0.42625    
   151.00  0.42948    
   152.00  0.43267    
   153.00  0.43581    
   154.00  0.43885    
   155.00  0.44175    
   156.00  0.44446    
   157.00  0.44694    
   158.00  0.44914    
   159.00  0.45101    
   160.00  0.45252    
   161.00  0.45367    
   162.00  0.45444    
   163.00  0.45487    
   164.00  0.45502    
   165.00  0.45498    
   166.00  0.45484    
   167.00  0.45472    
   168.00  0.45476    
   169.00  0.45505    
   170.00  0.45571    
   171.00  0.45676    
   172.00  0.45824    
   173.00  0.46007    
   174.00  0.46218    
   175.00  0.46442    
   176.00  0.46660    
   177.00  0.46856    
   178.00  0.47010    
   179.00  0.47109    
   180.00  0.47143    
 |--------|------------|
0.650000     micron = Wavelength
0.242088     = Extinction efficiency (Q)
0.851425E-01 = Scattering efficiency (Qs)
0.156946     = Absorption efficiency (Qa)
 75.7909     = Lidar ratio
0.730523E-02 micron^2 = <b> = Average surface area per particle
0.176851E-02 microns^2 = Extinction cross section (C)
0.621986E-03 microns^2 = Scattering cross section (Cs)
0.114653E-02 microns^2 = Absorption cross section (Ca)
 |----------------------------------------------------|
 | COMMENTAIRES:                                      |
 |----------------------------------------------------|
 |   -Cross section / <b> should = efficiency         |
 |    is independant of the normalisation of dN/dx    |
 |   -The integral of the phase fct / 4 pi over all   |
 |    directions (solid angle) = 1.                   |
 |   -The volume coefficient (k) is equal to C * N    |
 |      = cross section * Number density              |
 |      typical units: [um^2]*[particles/cm^3] =      |
 |      [10^-3 km-1]                                  |
 |      N = M/(d*4/3*pi*r^3) where d is the density   |
 |      of particle, M is the mass per unit volume    |
 |      and 4/3*pi*r^3 is the average volume  of a    |
 |      particle.                                     |
 |      typical units:  M -> [ug/m^3], d -> [g/cm^3]  |
 |                      r -> [um]                     |
 |      Lidar ratio= 4 pi Qe / phase_fct(180)*Qs      |
 |----------------------------------------------------|
