 |--------|------------|
 | ANGLE  |  PHASE FCT |
 |--------|------------|
     0.00   123.30    
     1.00   118.31    
     2.00   104.91    
     3.00   86.842    
     4.00   68.120    
     5.00   51.449    
     6.00   37.935    
     7.00   27.609    
     8.00   20.026    
     9.00   14.615    
    10.00   10.825    
    11.00   8.1962    
    12.00   6.3812    
    13.00   5.1269    
    14.00   4.2538    
    15.00   3.6380    
    16.00   3.1963    
    17.00   2.8726    
    18.00   2.6291    
    19.00   2.4409    
    20.00   2.2916    
    21.00   2.1698    
    22.00   2.0680    
    23.00   1.9811    
    24.00   1.9055    
    25.00   1.8387    
    26.00   1.7788    
    27.00   1.7245    
    28.00   1.6748    
    29.00   1.6288    
    30.00   1.5859    
    31.00   1.5458    
    32.00   1.5078    
    33.00   1.4718    
    34.00   1.4375    
    35.00   1.4045    
    36.00   1.3728    
    37.00   1.3422    
    38.00   1.3126    
    39.00   1.2838    
    40.00   1.2558    
    41.00   1.2284    
    42.00   1.2017    
    43.00   1.1756    
    44.00   1.1500    
    45.00   1.1249    
    46.00   1.1003    
    47.00   1.0762    
    48.00   1.0525    
    49.00   1.0292    
    50.00   1.0064    
    51.00  0.98397    
    52.00  0.96197    
    53.00  0.94036    
    54.00  0.91917    
    55.00  0.89839    
    56.00  0.87802    
    57.00  0.85806    
    58.00  0.83851    
    59.00  0.81937    
    60.00  0.80065    
    61.00  0.78236    
    62.00  0.76448    
    63.00  0.74703    
    64.00  0.73001    
    65.00  0.71341    
    66.00  0.69725    
    67.00  0.68151    
    68.00  0.66621    
    69.00  0.65134    
    70.00  0.63690    
    71.00  0.62290    
    72.00  0.60932    
    73.00  0.59618    
    74.00  0.58347    
    75.00  0.57118    
    76.00  0.55932    
    77.00  0.54788    
    78.00  0.53686    
    79.00  0.52627    
    80.00  0.51607    
    81.00  0.50630    
    82.00  0.49692    
    83.00  0.48795    
    84.00  0.47937    
    85.00  0.47118    
    86.00  0.46337    
    87.00  0.45594    
    88.00  0.44889    
    89.00  0.44220    
    90.00  0.43587    
    91.00  0.42990    
    92.00  0.42427    
    93.00  0.41898    
    94.00  0.41402    
    95.00  0.40939    
    96.00  0.40508    
    97.00  0.40107    
    98.00  0.39737    
    99.00  0.39397    
   100.00  0.39085    
   101.00  0.38801    
   102.00  0.38545    
   103.00  0.38314    
   104.00  0.38110    
   105.00  0.37930    
   106.00  0.37774    
   107.00  0.37642    
   108.00  0.37532    
   109.00  0.37444    
   110.00  0.37376    
   111.00  0.37329    
   112.00  0.37301    
   113.00  0.37291    
   114.00  0.37300    
   115.00  0.37325    
   116.00  0.37367    
   117.00  0.37424    
   118.00  0.37497    
   119.00  0.37583    
   120.00  0.37683    
   121.00  0.37795    
   122.00  0.37919    
   123.00  0.38055    
   124.00  0.38201    
   125.00  0.38357    
   126.00  0.38523    
   127.00  0.38697    
   128.00  0.38879    
   129.00  0.39068    
   130.00  0.39265    
   131.00  0.39467    
   132.00  0.39675    
   133.00  0.39889    
   134.00  0.40106    
   135.00  0.40327    
   136.00  0.40552    
   137.00  0.40780    
   138.00  0.41010    
   139.00  0.41242    
   140.00  0.41475    
   141.00  0.41709    
   142.00  0.41944    
   143.00  0.42179    
   144.00  0.42414    
   145.00  0.42648    
   146.00  0.42882    
   147.00  0.43115    
   148.00  0.43347    
   149.00  0.43578    
   150.00  0.43809    
   151.00  0.44038    
   152.00  0.44267    
   153.00  0.44494    
   154.00  0.44720    
   155.00  0.44943    
   156.00  0.45163    
   157.00  0.45378    
   158.00  0.45586    
   159.00  0.45785    
   160.00  0.45972    
   161.00  0.46145    
   162.00  0.46301    
   163.00  0.46438    
   164.00  0.46556    
   165.00  0.46655    
   166.00  0.46738    
   167.00  0.46807    
   168.00  0.46869    
   169.00  0.46928    
   170.00  0.46990    
   171.00  0.47061    
   172.00  0.47142    
   173.00  0.47235    
   174.00  0.47338    
   175.00  0.47446    
   176.00  0.47552    
   177.00  0.47648    
   178.00  0.47724    
   179.00  0.47773    
   180.00  0.47790    
 |--------|------------|
0.700000     micron = Wavelength
0.362907     = Extinction efficiency (Q)
0.148575     = Scattering efficiency (Qs)
0.214332     = Absorption efficiency (Qa)
 64.2282     = Lidar ratio
0.151671E-01 micron^2 = <b> = Average surface area per particle
0.550426E-02 microns^2 = Extinction cross section (C)
0.225346E-02 microns^2 = Scattering cross section (Cs)
0.325080E-02 microns^2 = Absorption cross section (Ca)
 |----------------------------------------------------|
 | COMMENTAIRES:                                      |
 |----------------------------------------------------|
 |   -Cross section / <b> should = efficiency         |
 |    is independant of the normalisation of dN/dx    |
 |   -The integral of the phase fct / 4 pi over all   |
 |    directions (solid angle) = 1.                   |
 |   -The volume coefficient (k) is equal to C * N    |
 |      = cross section * Number density              |
 |      typical units: [um^2]*[particles/cm^3] =      |
 |      [10^-3 km-1]                                  |
 |      N = M/(d*4/3*pi*r^3) where d is the density   |
 |      of particle, M is the mass per unit volume    |
 |      and 4/3*pi*r^3 is the average volume  of a    |
 |      particle.                                     |
 |      typical units:  M -> [ug/m^3], d -> [g/cm^3]  |
 |                      r -> [um]                     |
 |      Lidar ratio= 4 pi Qe / phase_fct(180)*Qs      |
 |----------------------------------------------------|
