 |--------|------------|
 | ANGLE  |  PHASE FCT |
 |--------|------------|
     0.00   71.134    
     1.00   69.393    
     2.00   64.534    
     3.00   57.483    
     4.00   49.370    
     5.00   41.178    
     6.00   33.586    
     7.00   26.949    
     8.00   21.392    
     9.00   16.886    
    10.00   13.319    
    11.00   10.545    
    12.00   8.4163    
    13.00   6.7985    
    14.00   5.5762    
    15.00   4.6555    
    16.00   3.9621    
    17.00   3.4386    
    18.00   3.0413    
    19.00   2.7372    
    20.00   2.5019    
    21.00   2.3174    
    22.00   2.1705    
    23.00   2.0513    
    24.00   1.9529    
    25.00   1.8700    
    26.00   1.7989    
    27.00   1.7368    
    28.00   1.6816    
    29.00   1.6318    
    30.00   1.5863    
    31.00   1.5443    
    32.00   1.5051    
    33.00   1.4681    
    34.00   1.4332    
    35.00   1.3999    
    36.00   1.3680    
    37.00   1.3373    
    38.00   1.3077    
    39.00   1.2790    
    40.00   1.2512    
    41.00   1.2241    
    42.00   1.1978    
    43.00   1.1720    
    44.00   1.1469    
    45.00   1.1223    
    46.00   1.0983    
    47.00   1.0747    
    48.00   1.0516    
    49.00   1.0290    
    50.00   1.0069    
    51.00  0.98515    
    52.00  0.96386    
    53.00  0.94298    
    54.00  0.92253    
    55.00  0.90249    
    56.00  0.88287    
    57.00  0.86365    
    58.00  0.84485    
    59.00  0.82645    
    60.00  0.80847    
    61.00  0.79091    
    62.00  0.77375    
    63.00  0.75701    
    64.00  0.74068    
    65.00  0.72478    
    66.00  0.70929    
    67.00  0.69421    
    68.00  0.67956    
    69.00  0.66532    
    70.00  0.65151    
    71.00  0.63811    
    72.00  0.62514    
    73.00  0.61257    
    74.00  0.60043    
    75.00  0.58871    
    76.00  0.57740    
    77.00  0.56650    
    78.00  0.55600    
    79.00  0.54592    
    80.00  0.53624    
    81.00  0.52696    
    82.00  0.51808    
    83.00  0.50959    
    84.00  0.50149    
    85.00  0.49378    
    86.00  0.48644    
    87.00  0.47948    
    88.00  0.47289    
    89.00  0.46667    
    90.00  0.46080    
    91.00  0.45529    
    92.00  0.45012    
    93.00  0.44530    
    94.00  0.44081    
    95.00  0.43664    
    96.00  0.43280    
    97.00  0.42927    
    98.00  0.42605    
    99.00  0.42313    
   100.00  0.42050    
   101.00  0.41816    
   102.00  0.41609    
   103.00  0.41430    
   104.00  0.41276    
   105.00  0.41148    
   106.00  0.41045    
   107.00  0.40966    
   108.00  0.40910    
   109.00  0.40877    
   110.00  0.40865    
   111.00  0.40873    
   112.00  0.40902    
   113.00  0.40951    
   114.00  0.41017    
   115.00  0.41102    
   116.00  0.41203    
   117.00  0.41321    
   118.00  0.41454    
   119.00  0.41602    
   120.00  0.41763    
   121.00  0.41938    
   122.00  0.42126    
   123.00  0.42325    
   124.00  0.42535    
   125.00  0.42755    
   126.00  0.42986    
   127.00  0.43225    
   128.00  0.43472    
   129.00  0.43727    
   130.00  0.43989    
   131.00  0.44257    
   132.00  0.44531    
   133.00  0.44810    
   134.00  0.45094    
   135.00  0.45382    
   136.00  0.45673    
   137.00  0.45968    
   138.00  0.46265    
   139.00  0.46564    
   140.00  0.46865    
   141.00  0.47168    
   142.00  0.47472    
   143.00  0.47778    
   144.00  0.48084    
   145.00  0.48391    
   146.00  0.48699    
   147.00  0.49007    
   148.00  0.49316    
   149.00  0.49624    
   150.00  0.49931    
   151.00  0.50237    
   152.00  0.50539    
   153.00  0.50838    
   154.00  0.51130    
   155.00  0.51413    
   156.00  0.51684    
   157.00  0.51942    
   158.00  0.52182    
   159.00  0.52402    
   160.00  0.52600    
   161.00  0.52775    
   162.00  0.52926    
   163.00  0.53055    
   164.00  0.53163    
   165.00  0.53257    
   166.00  0.53340    
   167.00  0.53420    
   168.00  0.53504    
   169.00  0.53597    
   170.00  0.53705    
   171.00  0.53830    
   172.00  0.53973    
   173.00  0.54132    
   174.00  0.54299    
   175.00  0.54468    
   176.00  0.54627    
   177.00  0.54765    
   178.00  0.54873    
   179.00  0.54942    
   180.00  0.54966    
 |--------|------------|
0.460000     micron = Wavelength
0.302433     = Extinction efficiency (Q)
0.114407     = Scattering efficiency (Qs)
0.188026     = Absorption efficiency (Qa)
 60.4361     = Lidar ratio
0.513789E-02 micron^2 = <b> = Average surface area per particle
0.155387E-02 microns^2 = Extinction cross section (C)
0.587810E-03 microns^2 = Scattering cross section (Cs)
0.966057E-03 microns^2 = Absorption cross section (Ca)
 |----------------------------------------------------|
 | COMMENTAIRES:                                      |
 |----------------------------------------------------|
 |   -Cross section / <b> should = efficiency         |
 |    is independant of the normalisation of dN/dx    |
 |   -The integral of the phase fct / 4 pi over all   |
 |    directions (solid angle) = 1.                   |
 |   -The volume coefficient (k) is equal to C * N    |
 |      = cross section * Number density              |
 |      typical units: [um^2]*[particles/cm^3] =      |
 |      [10^-3 km-1]                                  |
 |      N = M/(d*4/3*pi*r^3) where d is the density   |
 |      of particle, M is the mass per unit volume    |
 |      and 4/3*pi*r^3 is the average volume  of a    |
 |      particle.                                     |
 |      typical units:  M -> [ug/m^3], d -> [g/cm^3]  |
 |                      r -> [um]                     |
 |      Lidar ratio= 4 pi Qe / phase_fct(180)*Qs      |
 |----------------------------------------------------|
