 |--------|------------|
 | ANGLE  |  PHASE FCT |
 |--------|------------|
     0.00   121.79    
     1.00   110.50    
     2.00   82.921    
     3.00   52.570    
     4.00   29.887    
     5.00   17.114    
     6.00   11.039    
     7.00   8.0966    
     8.00   6.5176    
     9.00   5.6761    
    10.00   5.2107    
    11.00   4.8910    
    12.00   4.6519    
    13.00   4.4781    
    14.00   4.3364    
    15.00   4.2086    
    16.00   4.0974    
    17.00   3.9993    
    18.00   3.9061    
    19.00   3.8168    
    20.00   3.7331    
    21.00   3.6519    
    22.00   3.5715    
    23.00   3.4928    
    24.00   3.4156    
    25.00   3.3387    
    26.00   3.2621    
    27.00   3.1863    
    28.00   3.1109    
    29.00   3.0357    
    30.00   2.9608    
    31.00   2.8866    
    32.00   2.8127    
    33.00   2.7392    
    34.00   2.6664    
    35.00   2.5943    
    36.00   2.5228    
    37.00   2.4521    
    38.00   2.3823    
    39.00   2.3133    
    40.00   2.2453    
    41.00   2.1783    
    42.00   2.1125    
    43.00   2.0477    
    44.00   1.9841    
    45.00   1.9217    
    46.00   1.8606    
    47.00   1.8007    
    48.00   1.7422    
    49.00   1.6850    
    50.00   1.6292    
    51.00   1.5747    
    52.00   1.5216    
    53.00   1.4699    
    54.00   1.4197    
    55.00   1.3708    
    56.00   1.3233    
    57.00   1.2772    
    58.00   1.2325    
    59.00   1.1891    
    60.00   1.1472    
    61.00   1.1065    
    62.00   1.0672    
    63.00   1.0292    
    64.00  0.99255    
    65.00  0.95711    
    66.00  0.92293    
    67.00  0.88996    
    68.00  0.85820    
    69.00  0.82759    
    70.00  0.79814    
    71.00  0.76980    
    72.00  0.74255    
    73.00  0.71635    
    74.00  0.69119    
    75.00  0.66703    
    76.00  0.64384    
    77.00  0.62160    
    78.00  0.60027    
    79.00  0.57984    
    80.00  0.56026    
    81.00  0.54151    
    82.00  0.52358    
    83.00  0.50642    
    84.00  0.49001    
    85.00  0.47433    
    86.00  0.45935    
    87.00  0.44504    
    88.00  0.43139    
    89.00  0.41836    
    90.00  0.40594    
    91.00  0.39410    
    92.00  0.38282    
    93.00  0.37208    
    94.00  0.36186    
    95.00  0.35213    
    96.00  0.34289    
    97.00  0.33410    
    98.00  0.32576    
    99.00  0.31784    
   100.00  0.31032    
   101.00  0.30320    
   102.00  0.29645    
   103.00  0.29006    
   104.00  0.28403    
   105.00  0.27831    
   106.00  0.27292    
   107.00  0.26783    
   108.00  0.26304    
   109.00  0.25852    
   110.00  0.25428    
   111.00  0.25029    
   112.00  0.24654    
   113.00  0.24304    
   114.00  0.23976    
   115.00  0.23670    
   116.00  0.23385    
   117.00  0.23119    
   118.00  0.22873    
   119.00  0.22645    
   120.00  0.22435    
   121.00  0.22242    
   122.00  0.22064    
   123.00  0.21902    
   124.00  0.21755    
   125.00  0.21622    
   126.00  0.21502    
   127.00  0.21396    
   128.00  0.21301    
   129.00  0.21219    
   130.00  0.21148    
   131.00  0.21087    
   132.00  0.21037    
   133.00  0.20996    
   134.00  0.20965    
   135.00  0.20942    
   136.00  0.20928    
   137.00  0.20922    
   138.00  0.20923    
   139.00  0.20931    
   140.00  0.20946    
   141.00  0.20967    
   142.00  0.20994    
   143.00  0.21026    
   144.00  0.21063    
   145.00  0.21105    
   146.00  0.21151    
   147.00  0.21201    
   148.00  0.21254    
   149.00  0.21311    
   150.00  0.21370    
   151.00  0.21432    
   152.00  0.21495    
   153.00  0.21561    
   154.00  0.21627    
   155.00  0.21695    
   156.00  0.21763    
   157.00  0.21832    
   158.00  0.21901    
   159.00  0.21969    
   160.00  0.22037    
   161.00  0.22104    
   162.00  0.22169    
   163.00  0.22233    
   164.00  0.22294    
   165.00  0.22353    
   166.00  0.22410    
   167.00  0.22464    
   168.00  0.22514    
   169.00  0.22562    
   170.00  0.22606    
   171.00  0.22646    
   172.00  0.22683    
   173.00  0.22717    
   174.00  0.22746    
   175.00  0.22772    
   176.00  0.22794    
   177.00  0.22811    
   178.00  0.22824    
   179.00  0.22831    
   180.00  0.22834    
 |--------|------------|
0.450000     micron = Wavelength
0.911081     = Extinction efficiency (Q)
0.509126     = Scattering efficiency (Qs)
0.401955     = Absorption efficiency (Qa)
 98.4825     = Lidar ratio
0.199280E-01 micron^2 = <b> = Average surface area per particle
0.181561E-01 microns^2 = Extinction cross section (C)
0.101459E-01 microns^2 = Scattering cross section (Cs)
0.801017E-02 microns^2 = Absorption cross section (Ca)
 |----------------------------------------------------|
 | COMMENTAIRES:                                      |
 |----------------------------------------------------|
 |   -Cross section / <b> should = efficiency         |
 |    is independant of the normalisation of dN/dx    |
 |   -The integral of the phase fct / 4 pi over all   |
 |    directions (solid angle) = 1.                   |
 |   -The volume coefficient (k) is equal to C * N    |
 |      = cross section * Number density              |
 |      typical units: [um^2]*[particles/cm^3] =      |
 |      [10^-3 km-1]                                  |
 |      N = M/(d*4/3*pi*r^3) where d is the density   |
 |      of particle, M is the mass per unit volume    |
 |      and 4/3*pi*r^3 is the average volume  of a    |
 |      particle.                                     |
 |      typical units:  M -> [ug/m^3], d -> [g/cm^3]  |
 |                      r -> [um]                     |
 |      Lidar ratio= 4 pi Qe / phase_fct(180)*Qs      |
 |----------------------------------------------------|
