 |--------|------------|
 | ANGLE  |  PHASE FCT |
 |--------|------------|
     0.00   70.784    
     1.00   69.447    
     2.00   65.657    
     3.00   59.991    
     4.00   53.196    
     5.00   45.992    
     6.00   38.948    
     7.00   32.445    
     8.00   26.690    
     9.00   21.760    
    10.00   17.641    
    11.00   14.266    
    12.00   11.543    
    13.00   9.3715    
    14.00   7.6552    
    15.00   6.3079    
    16.00   5.2548    
    17.00   4.4336    
    18.00   3.7936    
    19.00   3.2941    
    20.00   2.9030    
    21.00   2.5952    
    22.00   2.3512    
    23.00   2.1560    
    24.00   1.9982    
    25.00   1.8690    
    26.00   1.7617    
    27.00   1.6714    
    28.00   1.5943    
    29.00   1.5273    
    30.00   1.4684    
    31.00   1.4158    
    32.00   1.3683    
    33.00   1.3249    
    34.00   1.2849    
    35.00   1.2477    
    36.00   1.2128    
    37.00   1.1798    
    38.00   1.1486    
    39.00   1.1188    
    40.00   1.0904    
    41.00   1.0631    
    42.00   1.0369    
    43.00   1.0116    
    44.00  0.98716    
    45.00  0.96353    
    46.00  0.94065    
    47.00  0.91846    
    48.00  0.89692    
    49.00  0.87600    
    50.00  0.85567    
    51.00  0.83590    
    52.00  0.81668    
    53.00  0.79797    
    54.00  0.77977    
    55.00  0.76205    
    56.00  0.74481    
    57.00  0.72803    
    58.00  0.71171    
    59.00  0.69583    
    60.00  0.68038    
    61.00  0.66536    
    62.00  0.65077    
    63.00  0.63659    
    64.00  0.62283    
    65.00  0.60947    
    66.00  0.59652    
    67.00  0.58396    
    68.00  0.57180    
    69.00  0.56002    
    70.00  0.54863    
    71.00  0.53762    
    72.00  0.52699    
    73.00  0.51674    
    74.00  0.50686    
    75.00  0.49734    
    76.00  0.48819    
    77.00  0.47940    
    78.00  0.47096    
    79.00  0.46288    
    80.00  0.45515    
    81.00  0.44776    
    82.00  0.44071    
    83.00  0.43399    
    84.00  0.42761    
    85.00  0.42155    
    86.00  0.41582    
    87.00  0.41041    
    88.00  0.40530    
    89.00  0.40051    
    90.00  0.39602    
    91.00  0.39182    
    92.00  0.38792    
    93.00  0.38431    
    94.00  0.38097    
    95.00  0.37791    
    96.00  0.37512    
    97.00  0.37260    
    98.00  0.37033    
    99.00  0.36832    
   100.00  0.36655    
   101.00  0.36502    
   102.00  0.36373    
   103.00  0.36266    
   104.00  0.36181    
   105.00  0.36118    
   106.00  0.36076    
   107.00  0.36054    
   108.00  0.36051    
   109.00  0.36068    
   110.00  0.36103    
   111.00  0.36155    
   112.00  0.36224    
   113.00  0.36310    
   114.00  0.36412    
   115.00  0.36528    
   116.00  0.36659    
   117.00  0.36804    
   118.00  0.36962    
   119.00  0.37132    
   120.00  0.37314    
   121.00  0.37508    
   122.00  0.37712    
   123.00  0.37927    
   124.00  0.38150    
   125.00  0.38383    
   126.00  0.38624    
   127.00  0.38873    
   128.00  0.39129    
   129.00  0.39392    
   130.00  0.39661    
   131.00  0.39935    
   132.00  0.40215    
   133.00  0.40500    
   134.00  0.40789    
   135.00  0.41083    
   136.00  0.41380    
   137.00  0.41681    
   138.00  0.41986    
   139.00  0.42293    
   140.00  0.42604    
   141.00  0.42918    
   142.00  0.43235    
   143.00  0.43555    
   144.00  0.43878    
   145.00  0.44204    
   146.00  0.44533    
   147.00  0.44864    
   148.00  0.45197    
   149.00  0.45531    
   150.00  0.45864    
   151.00  0.46195    
   152.00  0.46522    
   153.00  0.46842    
   154.00  0.47150    
   155.00  0.47444    
   156.00  0.47719    
   157.00  0.47971    
   158.00  0.48196    
   159.00  0.48391    
   160.00  0.48553    
   161.00  0.48681    
   162.00  0.48778    
   163.00  0.48846    
   164.00  0.48891    
   165.00  0.48922    
   166.00  0.48947    
   167.00  0.48978    
   168.00  0.49025    
   169.00  0.49097    
   170.00  0.49201    
   171.00  0.49340    
   172.00  0.49515    
   173.00  0.49719    
   174.00  0.49942    
   175.00  0.50172    
   176.00  0.50392    
   177.00  0.50586    
   178.00  0.50738    
   179.00  0.50834    
   180.00  0.50867    
 |--------|------------|
0.530000     micron = Wavelength
0.250648     = Extinction efficiency (Q)
0.889093E-01 = Scattering efficiency (Qs)
0.161739     = Absorption efficiency (Qa)
 69.6448     = Lidar ratio
0.513787E-02 micron^2 = <b> = Average surface area per particle
0.128780E-02 microns^2 = Extinction cross section (C)
0.456804E-03 microns^2 = Scattering cross section (Cs)
0.830995E-03 microns^2 = Absorption cross section (Ca)
 |----------------------------------------------------|
 | COMMENTAIRES:                                      |
 |----------------------------------------------------|
 |   -Cross section / <b> should = efficiency         |
 |    is independant of the normalisation of dN/dx    |
 |   -The integral of the phase fct / 4 pi over all   |
 |    directions (solid angle) = 1.                   |
 |   -The volume coefficient (k) is equal to C * N    |
 |      = cross section * Number density              |
 |      typical units: [um^2]*[particles/cm^3] =      |
 |      [10^-3 km-1]                                  |
 |      N = M/(d*4/3*pi*r^3) where d is the density   |
 |      of particle, M is the mass per unit volume    |
 |      and 4/3*pi*r^3 is the average volume  of a    |
 |      particle.                                     |
 |      typical units:  M -> [ug/m^3], d -> [g/cm^3]  |
 |                      r -> [um]                     |
 |      Lidar ratio= 4 pi Qe / phase_fct(180)*Qs      |
 |----------------------------------------------------|
