 |--------|------------|
 | ANGLE  |  PHASE FCT |
 |--------|------------|
     0.00   72.353    
     1.00   69.623    
     2.00   62.253    
     3.00   52.235    
     4.00   41.717    
     5.00   32.202    
     6.00   24.357    
     7.00   18.262    
     8.00   13.713    
     9.00   10.414    
    10.00   8.0680    
    11.00   6.4172    
    12.00   5.2611    
    13.00   4.4511    
    14.00   3.8797    
    15.00   3.4714    
    16.00   3.1744    
    17.00   2.9534    
    18.00   2.7843    
    19.00   2.6512    
    20.00   2.5430    
    21.00   2.4526    
    22.00   2.3748    
    23.00   2.3064    
    24.00   2.2449    
    25.00   2.1887    
    26.00   2.1366    
    27.00   2.0878    
    28.00   2.0416    
    29.00   1.9974    
    30.00   1.9551    
    31.00   1.9141    
    32.00   1.8745    
    33.00   1.8358    
    34.00   1.7981    
    35.00   1.7612    
    36.00   1.7249    
    37.00   1.6893    
    38.00   1.6542    
    39.00   1.6197    
    40.00   1.5856    
    41.00   1.5520    
    42.00   1.5189    
    43.00   1.4861    
    44.00   1.4538    
    45.00   1.4219    
    46.00   1.3905    
    47.00   1.3594    
    48.00   1.3288    
    49.00   1.2986    
    50.00   1.2688    
    51.00   1.2395    
    52.00   1.2106    
    53.00   1.1822    
    54.00   1.1543    
    55.00   1.1269    
    56.00   1.1000    
    57.00   1.0736    
    58.00   1.0477    
    59.00   1.0223    
    60.00  0.99741    
    61.00  0.97309    
    62.00  0.94931    
    63.00  0.92610    
    64.00  0.90342    
    65.00  0.88130    
    66.00  0.85975    
    67.00  0.83875    
    68.00  0.81832    
    69.00  0.79846    
    70.00  0.77917    
    71.00  0.76044    
    72.00  0.74228    
    73.00  0.72468    
    74.00  0.70765    
    75.00  0.69117    
    76.00  0.67525    
    77.00  0.65988    
    78.00  0.64506    
    79.00  0.63078    
    80.00  0.61703    
    81.00  0.60381    
    82.00  0.59112    
    83.00  0.57894    
    84.00  0.56727    
    85.00  0.55610    
    86.00  0.54542    
    87.00  0.53523    
    88.00  0.52552    
    89.00  0.51627    
    90.00  0.50748    
    91.00  0.49913    
    92.00  0.49123    
    93.00  0.48376    
    94.00  0.47670    
    95.00  0.47006    
    96.00  0.46382    
    97.00  0.45796    
    98.00  0.45249    
    99.00  0.44738    
   100.00  0.44263    
   101.00  0.43823    
   102.00  0.43418    
   103.00  0.43045    
   104.00  0.42703    
   105.00  0.42393    
   106.00  0.42113    
   107.00  0.41861    
   108.00  0.41637    
   109.00  0.41440    
   110.00  0.41269    
   111.00  0.41123    
   112.00  0.41000    
   113.00  0.40901    
   114.00  0.40824    
   115.00  0.40768    
   116.00  0.40732    
   117.00  0.40715    
   118.00  0.40717    
   119.00  0.40736    
   120.00  0.40773    
   121.00  0.40825    
   122.00  0.40892    
   123.00  0.40973    
   124.00  0.41068    
   125.00  0.41175    
   126.00  0.41294    
   127.00  0.41424    
   128.00  0.41565    
   129.00  0.41715    
   130.00  0.41874    
   131.00  0.42041    
   132.00  0.42216    
   133.00  0.42398    
   134.00  0.42586    
   135.00  0.42780    
   136.00  0.42978    
   137.00  0.43181    
   138.00  0.43388    
   139.00  0.43598    
   140.00  0.43810    
   141.00  0.44025    
   142.00  0.44241    
   143.00  0.44459    
   144.00  0.44678    
   145.00  0.44897    
   146.00  0.45116    
   147.00  0.45335    
   148.00  0.45554    
   149.00  0.45772    
   150.00  0.45989    
   151.00  0.46205    
   152.00  0.46419    
   153.00  0.46631    
   154.00  0.46840    
   155.00  0.47045    
   156.00  0.47247    
   157.00  0.47443    
   158.00  0.47632    
   159.00  0.47812    
   160.00  0.47983    
   161.00  0.48142    
   162.00  0.48290    
   163.00  0.48425    
   164.00  0.48547    
   165.00  0.48657    
   166.00  0.48757    
   167.00  0.48848    
   168.00  0.48934    
   169.00  0.49017    
   170.00  0.49100    
   171.00  0.49184    
   172.00  0.49271    
   173.00  0.49360    
   174.00  0.49450    
   175.00  0.49537    
   176.00  0.49617    
   177.00  0.49686    
   178.00  0.49740    
   179.00  0.49774    
   180.00  0.49785    
 |--------|------------|
0.436000     micron = Wavelength
0.424232     = Extinction efficiency (Q)
0.184845     = Scattering efficiency (Qs)
0.239387     = Absorption efficiency (Qa)
 57.9303     = Lidar ratio
0.730513E-02 micron^2 = <b> = Average surface area per particle
0.309907E-02 microns^2 = Extinction cross section (C)
0.135032E-02 microns^2 = Scattering cross section (Cs)
0.174876E-02 microns^2 = Absorption cross section (Ca)
 |----------------------------------------------------|
 | COMMENTAIRES:                                      |
 |----------------------------------------------------|
 |   -Cross section / <b> should = efficiency         |
 |    is independant of the normalisation of dN/dx    |
 |   -The integral of the phase fct / 4 pi over all   |
 |    directions (solid angle) = 1.                   |
 |   -The volume coefficient (k) is equal to C * N    |
 |      = cross section * Number density              |
 |      typical units: [um^2]*[particles/cm^3] =      |
 |      [10^-3 km-1]                                  |
 |      N = M/(d*4/3*pi*r^3) where d is the density   |
 |      of particle, M is the mass per unit volume    |
 |      and 4/3*pi*r^3 is the average volume  of a    |
 |      particle.                                     |
 |      typical units:  M -> [ug/m^3], d -> [g/cm^3]  |
 |                      r -> [um]                     |
 |      Lidar ratio= 4 pi Qe / phase_fct(180)*Qs      |
 |----------------------------------------------------|
