 |--------|------------|
 | ANGLE  |  PHASE FCT |
 |--------|------------|
     0.00   68.070    
     1.00   66.858    
     2.00   63.412    
     3.00   58.229    
     4.00   51.964    
     5.00   45.258    
     6.00   38.632    
     7.00   32.447    
     8.00   26.911    
     9.00   22.116    
    10.00   18.064    
    11.00   14.708    
    12.00   11.971    
    13.00   9.7650    
    14.00   8.0046    
    15.00   6.6094    
    16.00   5.5092    
    17.00   4.6443    
    18.00   3.9651    
    19.00   3.4316    
    20.00   3.0116    
    21.00   2.6796    
    22.00   2.4157    
    23.00   2.2043    
    24.00   2.0333    
    25.00   1.8936    
    26.00   1.7781    
    27.00   1.6812    
    28.00   1.5988    
    29.00   1.5278    
    30.00   1.4656    
    31.00   1.4106    
    32.00   1.3611    
    33.00   1.3163    
    34.00   1.2751    
    35.00   1.2369    
    36.00   1.2013    
    37.00   1.1679    
    38.00   1.1363    
    39.00   1.1063    
    40.00   1.0777    
    41.00   1.0503    
    42.00   1.0240    
    43.00  0.99871    
    44.00  0.97431    
    45.00  0.95075    
    46.00  0.92797    
    47.00  0.90590    
    48.00  0.88450    
    49.00  0.86374    
    50.00  0.84358    
    51.00  0.82399    
    52.00  0.80497    
    53.00  0.78647    
    54.00  0.76848    
    55.00  0.75099    
    56.00  0.73396    
    57.00  0.71742    
    58.00  0.70133    
    59.00  0.68569    
    60.00  0.67048    
    61.00  0.65571    
    62.00  0.64135    
    63.00  0.62742    
    64.00  0.61389    
    65.00  0.60076    
    66.00  0.58804    
    67.00  0.57571    
    68.00  0.56378    
    69.00  0.55223    
    70.00  0.54106    
    71.00  0.53027    
    72.00  0.51985    
    73.00  0.50980    
    74.00  0.50012    
    75.00  0.49080    
    76.00  0.48184    
    77.00  0.47324    
    78.00  0.46498    
    79.00  0.45708    
    80.00  0.44951    
    81.00  0.44229    
    82.00  0.43540    
    83.00  0.42884    
    84.00  0.42261    
    85.00  0.41670    
    86.00  0.41111    
    87.00  0.40582    
    88.00  0.40085    
    89.00  0.39618    
    90.00  0.39181    
    91.00  0.38773    
    92.00  0.38394    
    93.00  0.38043    
    94.00  0.37720    
    95.00  0.37423    
    96.00  0.37154    
    97.00  0.36910    
    98.00  0.36692    
    99.00  0.36499    
   100.00  0.36330    
   101.00  0.36184    
   102.00  0.36062    
   103.00  0.35962    
   104.00  0.35884    
   105.00  0.35827    
   106.00  0.35791    
   107.00  0.35774    
   108.00  0.35777    
   109.00  0.35799    
   110.00  0.35839    
   111.00  0.35896    
   112.00  0.35970    
   113.00  0.36060    
   114.00  0.36166    
   115.00  0.36286    
   116.00  0.36421    
   117.00  0.36570    
   118.00  0.36731    
   119.00  0.36905    
   120.00  0.37091    
   121.00  0.37288    
   122.00  0.37495    
   123.00  0.37713    
   124.00  0.37940    
   125.00  0.38175    
   126.00  0.38419    
   127.00  0.38671    
   128.00  0.38930    
   129.00  0.39196    
   130.00  0.39468    
   131.00  0.39746    
   132.00  0.40030    
   133.00  0.40318    
   134.00  0.40611    
   135.00  0.40908    
   136.00  0.41210    
   137.00  0.41515    
   138.00  0.41824    
   139.00  0.42137    
   140.00  0.42453    
   141.00  0.42773    
   142.00  0.43096    
   143.00  0.43422    
   144.00  0.43752    
   145.00  0.44084    
   146.00  0.44420    
   147.00  0.44757    
   148.00  0.45096    
   149.00  0.45434    
   150.00  0.45771    
   151.00  0.46105    
   152.00  0.46431    
   153.00  0.46749    
   154.00  0.47053    
   155.00  0.47341    
   156.00  0.47607    
   157.00  0.47849    
   158.00  0.48062    
   159.00  0.48244    
   160.00  0.48394    
   161.00  0.48512    
   162.00  0.48600    
   163.00  0.48664    
   164.00  0.48709    
   165.00  0.48744    
   166.00  0.48778    
   167.00  0.48822    
   168.00  0.48886    
   169.00  0.48978    
   170.00  0.49103    
   171.00  0.49264    
   172.00  0.49459    
   173.00  0.49681    
   174.00  0.49920    
   175.00  0.50162    
   176.00  0.50391    
   177.00  0.50591    
   178.00  0.50747    
   179.00  0.50845    
   180.00  0.50879    
 |--------|------------|
0.450000     micron = Wavelength
0.246620     = Extinction efficiency (Q)
0.863269E-01 = Scattering efficiency (Qs)
0.160293     = Absorption efficiency (Qa)
 70.5588     = Lidar ratio
0.352420E-02 micron^2 = <b> = Average surface area per particle
0.869138E-03 microns^2 = Extinction cross section (C)
0.304233E-03 microns^2 = Scattering cross section (Cs)
0.564905E-03 microns^2 = Absorption cross section (Ca)
 |----------------------------------------------------|
 | COMMENTAIRES:                                      |
 |----------------------------------------------------|
 |   -Cross section / <b> should = efficiency         |
 |    is independant of the normalisation of dN/dx    |
 |   -The integral of the phase fct / 4 pi over all   |
 |    directions (solid angle) = 1.                   |
 |   -The volume coefficient (k) is equal to C * N    |
 |      = cross section * Number density              |
 |      typical units: [um^2]*[particles/cm^3] =      |
 |      [10^-3 km-1]                                  |
 |      N = M/(d*4/3*pi*r^3) where d is the density   |
 |      of particle, M is the mass per unit volume    |
 |      and 4/3*pi*r^3 is the average volume  of a    |
 |      particle.                                     |
 |      typical units:  M -> [ug/m^3], d -> [g/cm^3]  |
 |                      r -> [um]                     |
 |      Lidar ratio= 4 pi Qe / phase_fct(180)*Qs      |
 |----------------------------------------------------|
