 |--------|------------|
 | ANGLE  |  PHASE FCT |
 |--------|------------|
     0.00   93.449    
     1.00   83.655    
     2.00   60.266    
     3.00   35.836    
     4.00   19.317    
     5.00   11.550    
     6.00   8.7169    
     7.00   7.5155    
     8.00   6.7947    
     9.00   6.3922    
    10.00   6.1569    
    11.00   5.9511    
    12.00   5.7693    
    13.00   5.6257    
    14.00   5.4944    
    15.00   5.3623    
    16.00   5.2382    
    17.00   5.1211    
    18.00   5.0024    
    19.00   4.8833    
    20.00   4.7667    
    21.00   4.6502    
    22.00   4.5320    
    23.00   4.4143    
    24.00   4.2973    
    25.00   4.1796    
    26.00   4.0619    
    27.00   3.9451    
    28.00   3.8288    
    29.00   3.7129    
    30.00   3.5979    
    31.00   3.4844    
    32.00   3.3719    
    33.00   3.2608    
    34.00   3.1514    
    35.00   3.0437    
    36.00   2.9379    
    37.00   2.8340    
    38.00   2.7323    
    39.00   2.6328    
    40.00   2.5356    
    41.00   2.4407    
    42.00   2.3483    
    43.00   2.2583    
    44.00   2.1707    
    45.00   2.0857    
    46.00   2.0033    
    47.00   1.9234    
    48.00   1.8460    
    49.00   1.7712    
    50.00   1.6989    
    51.00   1.6291    
    52.00   1.5618    
    53.00   1.4969    
    54.00   1.4344    
    55.00   1.3743    
    56.00   1.3164    
    57.00   1.2609    
    58.00   1.2075    
    59.00   1.1563    
    60.00   1.1072    
    61.00   1.0601    
    62.00   1.0150    
    63.00  0.97179    
    64.00  0.93047    
    65.00  0.89095    
    66.00  0.85316    
    67.00  0.81705    
    68.00  0.78255    
    69.00  0.74961    
    70.00  0.71818    
    71.00  0.68818    
    72.00  0.65957    
    73.00  0.63228    
    74.00  0.60628    
    75.00  0.58150    
    76.00  0.55789    
    77.00  0.53540    
    78.00  0.51399    
    79.00  0.49359    
    80.00  0.47419    
    81.00  0.45572    
    82.00  0.43815    
    83.00  0.42143    
    84.00  0.40553    
    85.00  0.39040    
    86.00  0.37602    
    87.00  0.36235    
    88.00  0.34934    
    89.00  0.33698    
    90.00  0.32523    
    91.00  0.31407    
    92.00  0.30345    
    93.00  0.29337    
    94.00  0.28379    
    95.00  0.27468    
    96.00  0.26603    
    97.00  0.25781    
    98.00  0.25001    
    99.00  0.24259    
   100.00  0.23556    
   101.00  0.22888    
   102.00  0.22253    
   103.00  0.21651    
   104.00  0.21079    
   105.00  0.20537    
   106.00  0.20023    
   107.00  0.19536    
   108.00  0.19073    
   109.00  0.18635    
   110.00  0.18221    
   111.00  0.17828    
   112.00  0.17456    
   113.00  0.17105    
   114.00  0.16773    
   115.00  0.16459    
   116.00  0.16163    
   117.00  0.15884    
   118.00  0.15621    
   119.00  0.15374    
   120.00  0.15142    
   121.00  0.14924    
   122.00  0.14720    
   123.00  0.14529    
   124.00  0.14351    
   125.00  0.14185    
   126.00  0.14031    
   127.00  0.13888    
   128.00  0.13756    
   129.00  0.13635    
   130.00  0.13525    
   131.00  0.13424    
   132.00  0.13332    
   133.00  0.13250    
   134.00  0.13177    
   135.00  0.13112    
   136.00  0.13056    
   137.00  0.13007    
   138.00  0.12967    
   139.00  0.12933    
   140.00  0.12907    
   141.00  0.12888    
   142.00  0.12875    
   143.00  0.12868    
   144.00  0.12868    
   145.00  0.12873    
   146.00  0.12884    
   147.00  0.12901    
   148.00  0.12922    
   149.00  0.12947    
   150.00  0.12977    
   151.00  0.13011    
   152.00  0.13049    
   153.00  0.13090    
   154.00  0.13134    
   155.00  0.13181    
   156.00  0.13230    
   157.00  0.13281    
   158.00  0.13334    
   159.00  0.13388    
   160.00  0.13443    
   161.00  0.13499    
   162.00  0.13555    
   163.00  0.13610    
   164.00  0.13665    
   165.00  0.13719    
   166.00  0.13771    
   167.00  0.13822    
   168.00  0.13871    
   169.00  0.13917    
   170.00  0.13960    
   171.00  0.14000    
   172.00  0.14037    
   173.00  0.14071    
   174.00  0.14100    
   175.00  0.14125    
   176.00  0.14146    
   177.00  0.14163    
   178.00  0.14175    
   179.00  0.14182    
   180.00  0.14185    
 |--------|------------|
0.360000     micron = Wavelength
 1.29024     = Extinction efficiency (Q)
0.784194     = Scattering efficiency (Qs)
0.506050     = Absorption efficiency (Qa)
 145.760     = Lidar ratio
0.198207E-01 micron^2 = <b> = Average surface area per particle
0.255736E-01 microns^2 = Extinction cross section (C)
0.155433E-01 microns^2 = Scattering cross section (Cs)
0.100303E-01 microns^2 = Absorption cross section (Ca)
 |----------------------------------------------------|
 | COMMENTAIRES:                                      |
 |----------------------------------------------------|
 |   -Cross section / <b> should = efficiency         |
 |    is independant of the normalisation of dN/dx    |
 |   -The integral of the phase fct / 4 pi over all   |
 |    directions (solid angle) = 1.                   |
 |   -The volume coefficient (k) is equal to C * N    |
 |      = cross section * Number density              |
 |      typical units: [um^2]*[particles/cm^3] =      |
 |      [10^-3 km-1]                                  |
 |      N = M/(d*4/3*pi*r^3) where d is the density   |
 |      of particle, M is the mass per unit volume    |
 |      and 4/3*pi*r^3 is the average volume  of a    |
 |      particle.                                     |
 |      typical units:  M -> [ug/m^3], d -> [g/cm^3]  |
 |                      r -> [um]                     |
 |      Lidar ratio= 4 pi Qe / phase_fct(180)*Qs      |
 |----------------------------------------------------|
