 |--------|------------|
 | ANGLE  |  PHASE FCT |
 |--------|------------|
     0.00   166.38    
     1.00   156.64    
     2.00   131.38    
     3.00   99.768    
     4.00   70.415    
     5.00   47.662    
     6.00   31.790    
     7.00   21.276    
     8.00   14.502    
     9.00   10.230    
    10.00   7.5583    
    11.00   5.8669    
    12.00   4.7773    
    13.00   4.0611    
    14.00   3.5728    
    15.00   3.2244    
    16.00   2.9668    
    17.00   2.7693    
    18.00   2.6113    
    19.00   2.4811    
    20.00   2.3717    
    21.00   2.2778    
    22.00   2.1952    
    23.00   2.1220    
    24.00   2.0564    
    25.00   1.9966    
    26.00   1.9416    
    27.00   1.8906    
    28.00   1.8431    
    29.00   1.7982    
    30.00   1.7556    
    31.00   1.7150    
    32.00   1.6761    
    33.00   1.6385    
    34.00   1.6021    
    35.00   1.5669    
    36.00   1.5325    
    37.00   1.4989    
    38.00   1.4660    
    39.00   1.4338    
    40.00   1.4022    
    41.00   1.3711    
    42.00   1.3406    
    43.00   1.3106    
    44.00   1.2811    
    45.00   1.2520    
    46.00   1.2234    
    47.00   1.1952    
    48.00   1.1675    
    49.00   1.1402    
    50.00   1.1134    
    51.00   1.0870    
    52.00   1.0611    
    53.00   1.0357    
    54.00   1.0107    
    55.00  0.98619    
    56.00  0.96215    
    57.00  0.93859    
    58.00  0.91552    
    59.00  0.89294    
    60.00  0.87085    
    61.00  0.84926    
    62.00  0.82818    
    63.00  0.80759    
    64.00  0.78752    
    65.00  0.76796    
    66.00  0.74891    
    67.00  0.73038    
    68.00  0.71235    
    69.00  0.69484    
    70.00  0.67784    
    71.00  0.66135    
    72.00  0.64537    
    73.00  0.62989    
    74.00  0.61492    
    75.00  0.60045    
    76.00  0.58647    
    77.00  0.57299    
    78.00  0.55998    
    79.00  0.54747    
    80.00  0.53542    
    81.00  0.52385    
    82.00  0.51273    
    83.00  0.50207    
    84.00  0.49186    
    85.00  0.48210    
    86.00  0.47276    
    87.00  0.46386    
    88.00  0.45537    
    89.00  0.44729    
    90.00  0.43961    
    91.00  0.43232    
    92.00  0.42542    
    93.00  0.41889    
    94.00  0.41273    
    95.00  0.40693    
    96.00  0.40147    
    97.00  0.39635    
    98.00  0.39157    
    99.00  0.38710    
   100.00  0.38295    
   101.00  0.37910    
   102.00  0.37555    
   103.00  0.37227    
   104.00  0.36928    
   105.00  0.36655    
   106.00  0.36408    
   107.00  0.36186    
   108.00  0.35987    
   109.00  0.35812    
   110.00  0.35660    
   111.00  0.35528    
   112.00  0.35418    
   113.00  0.35327    
   114.00  0.35255    
   115.00  0.35201    
   116.00  0.35164    
   117.00  0.35144    
   118.00  0.35140    
   119.00  0.35151    
   120.00  0.35177    
   121.00  0.35215    
   122.00  0.35267    
   123.00  0.35331    
   124.00  0.35406    
   125.00  0.35493    
   126.00  0.35589    
   127.00  0.35695    
   128.00  0.35809    
   129.00  0.35932    
   130.00  0.36062    
   131.00  0.36200    
   132.00  0.36344    
   133.00  0.36494    
   134.00  0.36649    
   135.00  0.36808    
   136.00  0.36973    
   137.00  0.37140    
   138.00  0.37311    
   139.00  0.37485    
   140.00  0.37661    
   141.00  0.37839    
   142.00  0.38018    
   143.00  0.38198    
   144.00  0.38378    
   145.00  0.38559    
   146.00  0.38739    
   147.00  0.38919    
   148.00  0.39097    
   149.00  0.39275    
   150.00  0.39451    
   151.00  0.39626    
   152.00  0.39799    
   153.00  0.39970    
   154.00  0.40139    
   155.00  0.40306    
   156.00  0.40471    
   157.00  0.40633    
   158.00  0.40791    
   159.00  0.40945    
   160.00  0.41093    
   161.00  0.41234    
   162.00  0.41367    
   163.00  0.41490    
   164.00  0.41602    
   165.00  0.41703    
   166.00  0.41792    
   167.00  0.41872    
   168.00  0.41943    
   169.00  0.42009    
   170.00  0.42071    
   171.00  0.42132    
   172.00  0.42195    
   173.00  0.42259    
   174.00  0.42325    
   175.00  0.42391    
   176.00  0.42453    
   177.00  0.42508    
   178.00  0.42551    
   179.00  0.42579    
   180.00  0.42588    
 |--------|------------|
0.700000     micron = Wavelength
0.455157     = Extinction efficiency (Q)
0.203183     = Scattering efficiency (Qs)
0.251974     = Absorption efficiency (Qa)
 66.0989     = Lidar ratio
0.200020E-01 micron^2 = <b> = Average surface area per particle
0.910403E-02 microns^2 = Extinction cross section (C)
0.406405E-02 microns^2 = Scattering cross section (Cs)
0.503998E-02 microns^2 = Absorption cross section (Ca)
 |----------------------------------------------------|
 | COMMENTAIRES:                                      |
 |----------------------------------------------------|
 |   -Cross section / <b> should = efficiency         |
 |    is independant of the normalisation of dN/dx    |
 |   -The integral of the phase fct / 4 pi over all   |
 |    directions (solid angle) = 1.                   |
 |   -The volume coefficient (k) is equal to C * N    |
 |      = cross section * Number density              |
 |      typical units: [um^2]*[particles/cm^3] =      |
 |      [10^-3 km-1]                                  |
 |      N = M/(d*4/3*pi*r^3) where d is the density   |
 |      of particle, M is the mass per unit volume    |
 |      and 4/3*pi*r^3 is the average volume  of a    |
 |      particle.                                     |
 |      typical units:  M -> [ug/m^3], d -> [g/cm^3]  |
 |                      r -> [um]                     |
 |      Lidar ratio= 4 pi Qe / phase_fct(180)*Qs      |
 |----------------------------------------------------|
