 |--------|------------|
 | ANGLE  |  PHASE FCT |
 |--------|------------|
     0.00   141.93    
     1.00   130.44    
     2.00   101.83    
     3.00   68.903    
     4.00   42.266    
     5.00   25.249    
     6.00   15.746    
     7.00   10.559    
     8.00   7.6649    
     9.00   6.0636    
    10.00   5.1615    
    11.00   4.5993    
    12.00   4.2225    
    13.00   3.9637    
    14.00   3.7699    
    15.00   3.6115    
    16.00   3.4815    
    17.00   3.3726    
    18.00   3.2754    
    19.00   3.1875    
    20.00   3.1083    
    21.00   3.0349    
    22.00   2.9650    
    23.00   2.8987    
    24.00   2.8354    
    25.00   2.7739    
    26.00   2.7137    
    27.00   2.6551    
    28.00   2.5976    
    29.00   2.5407    
    30.00   2.4845    
    31.00   2.4290    
    32.00   2.3740    
    33.00   2.3195    
    34.00   2.2656    
    35.00   2.2121    
    36.00   2.1590    
    37.00   2.1065    
    38.00   2.0545    
    39.00   2.0031    
    40.00   1.9521    
    41.00   1.9018    
    42.00   1.8522    
    43.00   1.8031    
    44.00   1.7548    
    45.00   1.7072    
    46.00   1.6603    
    47.00   1.6141    
    48.00   1.5688    
    49.00   1.5242    
    50.00   1.4806    
    51.00   1.4377    
    52.00   1.3957    
    53.00   1.3546    
    54.00   1.3144    
    55.00   1.2751    
    56.00   1.2368    
    57.00   1.1993    
    58.00   1.1628    
    59.00   1.1272    
    60.00   1.0926    
    61.00   1.0588    
    62.00   1.0261    
    63.00  0.99421    
    64.00  0.96328    
    65.00  0.93327    
    66.00  0.90417    
    67.00  0.87597    
    68.00  0.84867    
    69.00  0.82225    
    70.00  0.79670    
    71.00  0.77201    
    72.00  0.74816    
    73.00  0.72514    
    74.00  0.70294    
    75.00  0.68154    
    76.00  0.66093    
    77.00  0.64108    
    78.00  0.62199    
    79.00  0.60364    
    80.00  0.58600    
    81.00  0.56906    
    82.00  0.55282    
    83.00  0.53724    
    84.00  0.52230    
    85.00  0.50800    
    86.00  0.49432    
    87.00  0.48124    
    88.00  0.46873    
    89.00  0.45679    
    90.00  0.44540    
    91.00  0.43454    
    92.00  0.42420    
    93.00  0.41435    
    94.00  0.40498    
    95.00  0.39608    
    96.00  0.38763    
    97.00  0.37962    
    98.00  0.37202    
    99.00  0.36484    
   100.00  0.35804    
   101.00  0.35163    
   102.00  0.34558    
   103.00  0.33988    
   104.00  0.33452    
   105.00  0.32949    
   106.00  0.32477    
   107.00  0.32035    
   108.00  0.31623    
   109.00  0.31238    
   110.00  0.30880    
   111.00  0.30548    
   112.00  0.30241    
   113.00  0.29957    
   114.00  0.29696    
   115.00  0.29457    
   116.00  0.29238    
   117.00  0.29040    
   118.00  0.28861    
   119.00  0.28700    
   120.00  0.28557    
   121.00  0.28430    
   122.00  0.28319    
   123.00  0.28223    
   124.00  0.28142    
   125.00  0.28074    
   126.00  0.28020    
   127.00  0.27978    
   128.00  0.27947    
   129.00  0.27928    
   130.00  0.27919    
   131.00  0.27920    
   132.00  0.27931    
   133.00  0.27950    
   134.00  0.27977    
   135.00  0.28013    
   136.00  0.28055    
   137.00  0.28104    
   138.00  0.28159    
   139.00  0.28220    
   140.00  0.28286    
   141.00  0.28357    
   142.00  0.28433    
   143.00  0.28512    
   144.00  0.28594    
   145.00  0.28680    
   146.00  0.28768    
   147.00  0.28859    
   148.00  0.28951    
   149.00  0.29045    
   150.00  0.29140    
   151.00  0.29235    
   152.00  0.29331    
   153.00  0.29428    
   154.00  0.29524    
   155.00  0.29620    
   156.00  0.29715    
   157.00  0.29809    
   158.00  0.29901    
   159.00  0.29992    
   160.00  0.30081    
   161.00  0.30167    
   162.00  0.30250    
   163.00  0.30331    
   164.00  0.30407    
   165.00  0.30479    
   166.00  0.30546    
   167.00  0.30609    
   168.00  0.30668    
   169.00  0.30722    
   170.00  0.30773    
   171.00  0.30820    
   172.00  0.30863    
   173.00  0.30902    
   174.00  0.30938    
   175.00  0.30971    
   176.00  0.30999    
   177.00  0.31022    
   178.00  0.31039    
   179.00  0.31050    
   180.00  0.31053    
 |--------|------------|
0.530000     micron = Wavelength
0.697889     = Extinction efficiency (Q)
0.362017     = Scattering efficiency (Qs)
0.335872     = Absorption efficiency (Qa)
 78.0114     = Lidar ratio
0.199722E-01 micron^2 = <b> = Average surface area per particle
0.139384E-01 microns^2 = Extinction cross section (C)
0.723028E-02 microns^2 = Scattering cross section (Cs)
0.670810E-02 microns^2 = Absorption cross section (Ca)
 |----------------------------------------------------|
 | COMMENTAIRES:                                      |
 |----------------------------------------------------|
 |   -Cross section / <b> should = efficiency         |
 |    is independant of the normalisation of dN/dx    |
 |   -The integral of the phase fct / 4 pi over all   |
 |    directions (solid angle) = 1.                   |
 |   -The volume coefficient (k) is equal to C * N    |
 |      = cross section * Number density              |
 |      typical units: [um^2]*[particles/cm^3] =      |
 |      [10^-3 km-1]                                  |
 |      N = M/(d*4/3*pi*r^3) where d is the density   |
 |      of particle, M is the mass per unit volume    |
 |      and 4/3*pi*r^3 is the average volume  of a    |
 |      particle.                                     |
 |      typical units:  M -> [ug/m^3], d -> [g/cm^3]  |
 |                      r -> [um]                     |
 |      Lidar ratio= 4 pi Qe / phase_fct(180)*Qs      |
 |----------------------------------------------------|
