 |--------|------------|
 | ANGLE  |  PHASE FCT |
 |--------|------------|
     0.00   29.046    
     1.00   28.910    
     2.00   28.507    
     3.00   27.854    
     4.00   26.978    
     5.00   25.912    
     6.00   24.695    
     7.00   23.366    
     8.00   21.961    
     9.00   20.516    
    10.00   19.063    
    11.00   17.627    
    12.00   16.230    
    13.00   14.888    
    14.00   13.613    
    15.00   12.415    
    16.00   11.297    
    17.00   10.262    
    18.00   9.3102    
    19.00   8.4389    
    20.00   7.6454    
    21.00   6.9256    
    22.00   6.2749    
    23.00   5.6882    
    24.00   5.1608    
    25.00   4.6874    
    26.00   4.2632    
    27.00   3.8834    
    28.00   3.5437    
    29.00   3.2399    
    30.00   2.9683    
    31.00   2.7253    
    32.00   2.5078    
    33.00   2.3130    
    34.00   2.1384    
    35.00   1.9815    
    36.00   1.8404    
    37.00   1.7133    
    38.00   1.5985    
    39.00   1.4947    
    40.00   1.4006    
    41.00   1.3150    
    42.00   1.2371    
    43.00   1.1659    
    44.00   1.1007    
    45.00   1.0409    
    46.00  0.98588    
    47.00  0.93513    
    48.00  0.88820    
    49.00  0.84473    
    50.00  0.80436    
    51.00  0.76679    
    52.00  0.73175    
    53.00  0.69902    
    54.00  0.66838    
    55.00  0.63965    
    56.00  0.61268    
    57.00  0.58731    
    58.00  0.56342    
    59.00  0.54090    
    60.00  0.51964    
    61.00  0.49954    
    62.00  0.48054    
    63.00  0.46255    
    64.00  0.44550    
    65.00  0.42933    
    66.00  0.41399    
    67.00  0.39944    
    68.00  0.38560    
    69.00  0.37246    
    70.00  0.35997    
    71.00  0.34809    
    72.00  0.33679    
    73.00  0.32604    
    74.00  0.31580    
    75.00  0.30606    
    76.00  0.29679    
    77.00  0.28796    
    78.00  0.27955    
    79.00  0.27155    
    80.00  0.26393    
    81.00  0.25667    
    82.00  0.24977    
    83.00  0.24320    
    84.00  0.23694    
    85.00  0.23099    
    86.00  0.22534    
    87.00  0.21996    
    88.00  0.21485    
    89.00  0.20999    
    90.00  0.20538    
    91.00  0.20101    
    92.00  0.19686    
    93.00  0.19293    
    94.00  0.18921    
    95.00  0.18569    
    96.00  0.18236    
    97.00  0.17922    
    98.00  0.17626    
    99.00  0.17347    
   100.00  0.17085    
   101.00  0.16839    
   102.00  0.16608    
   103.00  0.16393    
   104.00  0.16193    
   105.00  0.16006    
   106.00  0.15833    
   107.00  0.15674    
   108.00  0.15528    
   109.00  0.15394    
   110.00  0.15273    
   111.00  0.15164    
   112.00  0.15066    
   113.00  0.14980    
   114.00  0.14906    
   115.00  0.14843    
   116.00  0.14791    
   117.00  0.14750    
   118.00  0.14719    
   119.00  0.14700    
   120.00  0.14690    
   121.00  0.14692    
   122.00  0.14703    
   123.00  0.14725    
   124.00  0.14758    
   125.00  0.14800    
   126.00  0.14853    
   127.00  0.14916    
   128.00  0.14988    
   129.00  0.15070    
   130.00  0.15161    
   131.00  0.15261    
   132.00  0.15369    
   133.00  0.15486    
   134.00  0.15609    
   135.00  0.15739    
   136.00  0.15874    
   137.00  0.16013    
   138.00  0.16154    
   139.00  0.16297    
   140.00  0.16438    
   141.00  0.16576    
   142.00  0.16708    
   143.00  0.16831    
   144.00  0.16944    
   145.00  0.17043    
   146.00  0.17125    
   147.00  0.17187    
   148.00  0.17226    
   149.00  0.17241    
   150.00  0.17229    
   151.00  0.17188    
   152.00  0.17118    
   153.00  0.17019    
   154.00  0.16894    
   155.00  0.16743    
   156.00  0.16573    
   157.00  0.16387    
   158.00  0.16192    
   159.00  0.15997    
   160.00  0.15810    
   161.00  0.15641    
   162.00  0.15500    
   163.00  0.15396    
   164.00  0.15337    
   165.00  0.15333    
   166.00  0.15387    
   167.00  0.15502    
   168.00  0.15680    
   169.00  0.15916    
   170.00  0.16204    
   171.00  0.16535    
   172.00  0.16895    
   173.00  0.17270    
   174.00  0.17643    
   175.00  0.17998    
   176.00  0.18316    
   177.00  0.18581    
   178.00  0.18782    
   179.00  0.18906    
   180.00  0.18949    
 |--------|------------|
0.740000     micron = Wavelength
0.154400     = Extinction efficiency (Q)
0.656050E-01 = Scattering efficiency (Qs)
0.887954E-01 = Absorption efficiency (Qa)
 156.078     = Lidar ratio
0.259481E-02 micron^2 = <b> = Average surface area per particle
0.400640E-03 microns^2 = Extinction cross section (C)
0.170233E-03 microns^2 = Scattering cross section (Cs)
0.230407E-03 microns^2 = Absorption cross section (Ca)
 |----------------------------------------------------|
 | COMMENTAIRES:                                      |
 |----------------------------------------------------|
 |   -Cross section / <b> should = efficiency         |
 |    is independant of the normalisation of dN/dx    |
 |   -The integral of the phase fct / 4 pi over all   |
 |    directions (solid angle) = 1.                   |
 |   -The volume coefficient (k) is equal to C * N    |
 |      = cross section * Number density              |
 |      typical units: [um^2]*[particles/cm^3] =      |
 |      [10^-3 km-1]                                  |
 |      N = M/(d*4/3*pi*r^3) where d is the density   |
 |      of particle, M is the mass per unit volume    |
 |      and 4/3*pi*r^3 is the average volume  of a    |
 |      particle.                                     |
 |      typical units:  M -> [ug/m^3], d -> [g/cm^3]  |
 |                      r -> [um]                     |
 |      Lidar ratio= 4 pi Qe / phase_fct(180)*Qs      |
 |----------------------------------------------------|
