 |--------|------------|
 | ANGLE  |  PHASE FCT |
 |--------|------------|
     0.00   77.093    
     1.00   75.506    
     2.00   71.026    
     3.00   64.389    
     4.00   56.526    
     5.00   48.313    
     6.00   40.411    
     7.00   33.235    
     8.00   26.992    
     9.00   21.734    
    10.00   17.413    
    11.00   13.931    
    12.00   11.165    
    13.00   8.9936    
    14.00   7.3023    
    15.00   5.9928    
    16.00   4.9825    
    17.00   4.2039    
    18.00   3.6036    
    19.00   3.1392    
    20.00   2.7783    
    21.00   2.4957    
    22.00   2.2725    
    23.00   2.0942    
    24.00   1.9499    
    25.00   1.8313    
    26.00   1.7325    
    27.00   1.6488    
    28.00   1.5767    
    29.00   1.5137    
    30.00   1.4578    
    31.00   1.4075    
    32.00   1.3618    
    33.00   1.3198    
    34.00   1.2808    
    35.00   1.2444    
    36.00   1.2101    
    37.00   1.1776    
    38.00   1.1468    
    39.00   1.1173    
    40.00   1.0891    
    41.00   1.0620    
    42.00   1.0360    
    43.00   1.0108    
    44.00  0.98643    
    45.00  0.96286    
    46.00  0.94004    
    47.00  0.91788    
    48.00  0.89636    
    49.00  0.87546    
    50.00  0.85513    
    51.00  0.83535    
    52.00  0.81610    
    53.00  0.79737    
    54.00  0.77913    
    55.00  0.76138    
    56.00  0.74410    
    57.00  0.72727    
    58.00  0.71089    
    59.00  0.69496    
    60.00  0.67946    
    61.00  0.66439    
    62.00  0.64973    
    63.00  0.63550    
    64.00  0.62167    
    65.00  0.60825    
    66.00  0.59523    
    67.00  0.58261    
    68.00  0.57038    
    69.00  0.55854    
    70.00  0.54709    
    71.00  0.53602    
    72.00  0.52533    
    73.00  0.51501    
    74.00  0.50507    
    75.00  0.49550    
    76.00  0.48629    
    77.00  0.47744    
    78.00  0.46895    
    79.00  0.46081    
    80.00  0.45302    
    81.00  0.44558    
    82.00  0.43848    
    83.00  0.43171    
    84.00  0.42528    
    85.00  0.41917    
    86.00  0.41339    
    87.00  0.40792    
    88.00  0.40277    
    89.00  0.39792    
    90.00  0.39338    
    91.00  0.38914    
    92.00  0.38519    
    93.00  0.38153    
    94.00  0.37814    
    95.00  0.37503    
    96.00  0.37220    
    97.00  0.36962    
    98.00  0.36730    
    99.00  0.36524    
   100.00  0.36342    
   101.00  0.36184    
   102.00  0.36049    
   103.00  0.35937    
   104.00  0.35847    
   105.00  0.35778    
   106.00  0.35730    
   107.00  0.35702    
   108.00  0.35694    
   109.00  0.35705    
   110.00  0.35733    
   111.00  0.35779    
   112.00  0.35843    
   113.00  0.35922    
   114.00  0.36017    
   115.00  0.36127    
   116.00  0.36251    
   117.00  0.36389    
   118.00  0.36540    
   119.00  0.36703    
   120.00  0.36878    
   121.00  0.37064    
   122.00  0.37261    
   123.00  0.37468    
   124.00  0.37684    
   125.00  0.37909    
   126.00  0.38142    
   127.00  0.38383    
   128.00  0.38630    
   129.00  0.38885    
   130.00  0.39145    
   131.00  0.39411    
   132.00  0.39682    
   133.00  0.39957    
   134.00  0.40237    
   135.00  0.40521    
   136.00  0.40808    
   137.00  0.41098    
   138.00  0.41391    
   139.00  0.41687    
   140.00  0.41986    
   141.00  0.42287    
   142.00  0.42591    
   143.00  0.42897    
   144.00  0.43206    
   145.00  0.43518    
   146.00  0.43832    
   147.00  0.44149    
   148.00  0.44468    
   149.00  0.44789    
   150.00  0.45110    
   151.00  0.45431    
   152.00  0.45750    
   153.00  0.46064    
   154.00  0.46371    
   155.00  0.46666    
   156.00  0.46946    
   157.00  0.47205    
   158.00  0.47441    
   159.00  0.47648    
   160.00  0.47823    
   161.00  0.47964    
   162.00  0.48071    
   163.00  0.48145    
   164.00  0.48192    
   165.00  0.48219    
   166.00  0.48233    
   167.00  0.48247    
   168.00  0.48270    
   169.00  0.48314    
   170.00  0.48388    
   171.00  0.48495    
   172.00  0.48639    
   173.00  0.48814    
   174.00  0.49013    
   175.00  0.49222    
   176.00  0.49425    
   177.00  0.49607    
   178.00  0.49751    
   179.00  0.49843    
   180.00  0.49875    
 |--------|------------|
0.616000     micron = Wavelength
0.256669     = Extinction efficiency (Q)
0.920219E-01 = Scattering efficiency (Qs)
0.164647     = Absorption efficiency (Qa)
 70.2770     = Lidar ratio
0.730524E-02 micron^2 = <b> = Average surface area per particle
0.187503E-02 microns^2 = Extinction cross section (C)
0.672242E-03 microns^2 = Scattering cross section (Cs)
0.120278E-02 microns^2 = Absorption cross section (Ca)
 |----------------------------------------------------|
 | COMMENTAIRES:                                      |
 |----------------------------------------------------|
 |   -Cross section / <b> should = efficiency         |
 |    is independant of the normalisation of dN/dx    |
 |   -The integral of the phase fct / 4 pi over all   |
 |    directions (solid angle) = 1.                   |
 |   -The volume coefficient (k) is equal to C * N    |
 |      = cross section * Number density              |
 |      typical units: [um^2]*[particles/cm^3] =      |
 |      [10^-3 km-1]                                  |
 |      N = M/(d*4/3*pi*r^3) where d is the density   |
 |      of particle, M is the mass per unit volume    |
 |      and 4/3*pi*r^3 is the average volume  of a    |
 |      particle.                                     |
 |      typical units:  M -> [ug/m^3], d -> [g/cm^3]  |
 |                      r -> [um]                     |
 |      Lidar ratio= 4 pi Qe / phase_fct(180)*Qs      |
 |----------------------------------------------------|
