 |--------|------------|
 | ANGLE  |  PHASE FCT |
 |--------|------------|
     0.00   76.963    
     1.00   75.397    
     2.00   70.975    
     3.00   64.415    
     4.00   56.630    
     5.00   48.480    
     6.00   40.620    
     7.00   33.465    
     8.00   27.225    
     9.00   21.956    
    10.00   17.617    
    11.00   14.111    
    12.00   11.320    
    13.00   9.1239    
    14.00   7.4100    
    15.00   6.0804    
    16.00   5.0526    
    17.00   4.2594    
    18.00   3.6468    
    19.00   3.1725    
    20.00   2.8036    
    21.00   2.5145    
    22.00   2.2862    
    23.00   2.1038    
    24.00   1.9562    
    25.00   1.8351    
    26.00   1.7343    
    27.00   1.6489    
    28.00   1.5756    
    29.00   1.5115    
    30.00   1.4548    
    31.00   1.4039    
    32.00   1.3577    
    33.00   1.3152    
    34.00   1.2759    
    35.00   1.2392    
    36.00   1.2047    
    37.00   1.1720    
    38.00   1.1410    
    39.00   1.1114    
    40.00   1.0831    
    41.00   1.0559    
    42.00   1.0298    
    43.00   1.0045    
    44.00  0.98016    
    45.00  0.95659    
    46.00  0.93374    
    47.00  0.91159    
    48.00  0.89009    
    49.00  0.86920    
    50.00  0.84890    
    51.00  0.82917    
    52.00  0.80997    
    53.00  0.79128    
    54.00  0.77310    
    55.00  0.75542    
    56.00  0.73821    
    57.00  0.72145    
    58.00  0.70515    
    59.00  0.68930    
    60.00  0.67388    
    61.00  0.65890    
    62.00  0.64433    
    63.00  0.63018    
    64.00  0.61644    
    65.00  0.60311    
    66.00  0.59018    
    67.00  0.57765    
    68.00  0.56551    
    69.00  0.55376    
    70.00  0.54240    
    71.00  0.53142    
    72.00  0.52082    
    73.00  0.51059    
    74.00  0.50073    
    75.00  0.49123    
    76.00  0.48211    
    77.00  0.47334    
    78.00  0.46493    
    79.00  0.45687    
    80.00  0.44915    
    81.00  0.44178    
    82.00  0.43475    
    83.00  0.42805    
    84.00  0.42168    
    85.00  0.41564    
    86.00  0.40991    
    87.00  0.40451    
    88.00  0.39941    
    89.00  0.39462    
    90.00  0.39013    
    91.00  0.38594    
    92.00  0.38203    
    93.00  0.37841    
    94.00  0.37507    
    95.00  0.37200    
    96.00  0.36920    
    97.00  0.36666    
    98.00  0.36438    
    99.00  0.36234    
   100.00  0.36055    
   101.00  0.35900    
   102.00  0.35768    
   103.00  0.35658    
   104.00  0.35570    
   105.00  0.35503    
   106.00  0.35457    
   107.00  0.35431    
   108.00  0.35424    
   109.00  0.35436    
   110.00  0.35466    
   111.00  0.35513    
   112.00  0.35577    
   113.00  0.35657    
   114.00  0.35752    
   115.00  0.35863    
   116.00  0.35987    
   117.00  0.36125    
   118.00  0.36276    
   119.00  0.36440    
   120.00  0.36615    
   121.00  0.36801    
   122.00  0.36997    
   123.00  0.37204    
   124.00  0.37420    
   125.00  0.37644    
   126.00  0.37876    
   127.00  0.38117    
   128.00  0.38364    
   129.00  0.38618    
   130.00  0.38877    
   131.00  0.39143    
   132.00  0.39413    
   133.00  0.39688    
   134.00  0.39967    
   135.00  0.40250    
   136.00  0.40536    
   137.00  0.40826    
   138.00  0.41119    
   139.00  0.41414    
   140.00  0.41713    
   141.00  0.42014    
   142.00  0.42317    
   143.00  0.42623    
   144.00  0.42932    
   145.00  0.43244    
   146.00  0.43559    
   147.00  0.43876    
   148.00  0.44195    
   149.00  0.44516    
   150.00  0.44838    
   151.00  0.45160    
   152.00  0.45479    
   153.00  0.45794    
   154.00  0.46100    
   155.00  0.46395    
   156.00  0.46674    
   157.00  0.46933    
   158.00  0.47167    
   159.00  0.47372    
   160.00  0.47545    
   161.00  0.47683    
   162.00  0.47786    
   163.00  0.47858    
   164.00  0.47901    
   165.00  0.47924    
   166.00  0.47935    
   167.00  0.47946    
   168.00  0.47967    
   169.00  0.48009    
   170.00  0.48082    
   171.00  0.48189    
   172.00  0.48333    
   173.00  0.48509    
   174.00  0.48710    
   175.00  0.48920    
   176.00  0.49126    
   177.00  0.49310    
   178.00  0.49455    
   179.00  0.49548    
   180.00  0.49580    
 |--------|------------|
0.620000     micron = Wavelength
0.254803     = Extinction efficiency (Q)
0.911122E-01 = Scattering efficiency (Qs)
0.163691     = Absorption efficiency (Qa)
 70.8817     = Lidar ratio
0.730523E-02 micron^2 = <b> = Average surface area per particle
0.186140E-02 microns^2 = Extinction cross section (C)
0.665596E-03 microns^2 = Scattering cross section (Cs)
0.119580E-02 microns^2 = Absorption cross section (Ca)
 |----------------------------------------------------|
 | COMMENTAIRES:                                      |
 |----------------------------------------------------|
 |   -Cross section / <b> should = efficiency         |
 |    is independant of the normalisation of dN/dx    |
 |   -The integral of the phase fct / 4 pi over all   |
 |    directions (solid angle) = 1.                   |
 |   -The volume coefficient (k) is equal to C * N    |
 |      = cross section * Number density              |
 |      typical units: [um^2]*[particles/cm^3] =      |
 |      [10^-3 km-1]                                  |
 |      N = M/(d*4/3*pi*r^3) where d is the density   |
 |      of particle, M is the mass per unit volume    |
 |      and 4/3*pi*r^3 is the average volume  of a    |
 |      particle.                                     |
 |      typical units:  M -> [ug/m^3], d -> [g/cm^3]  |
 |                      r -> [um]                     |
 |      Lidar ratio= 4 pi Qe / phase_fct(180)*Qs      |
 |----------------------------------------------------|
