 |--------|------------|
 | ANGLE  |  PHASE FCT |
 |--------|------------|
     0.00   121.07    
     1.00   115.42    
     2.00   100.44    
     3.00   80.804    
     4.00   61.235    
     5.00   44.634    
     6.00   31.859    
     7.00   22.577    
     8.00   16.075    
     9.00   11.640    
    10.00   8.6607    
    11.00   6.6681    
    12.00   5.3326    
    13.00   4.4311    
    14.00   3.8124    
    15.00   3.3773    
    16.00   3.0634    
    17.00   2.8297    
    18.00   2.6496    
    19.00   2.5062    
    20.00   2.3888    
    21.00   2.2901    
    22.00   2.2049    
    23.00   2.1301    
    24.00   2.0634    
    25.00   2.0030    
    26.00   1.9477    
    27.00   1.8966    
    28.00   1.8489    
    29.00   1.8041    
    30.00   1.7616    
    31.00   1.7212    
    32.00   1.6825    
    33.00   1.6452    
    34.00   1.6092    
    35.00   1.5743    
    36.00   1.5403    
    37.00   1.5072    
    38.00   1.4748    
    39.00   1.4431    
    40.00   1.4120    
    41.00   1.3814    
    42.00   1.3514    
    43.00   1.3219    
    44.00   1.2929    
    45.00   1.2643    
    46.00   1.2361    
    47.00   1.2084    
    48.00   1.1812    
    49.00   1.1543    
    50.00   1.1279    
    51.00   1.1020    
    52.00   1.0764    
    53.00   1.0514    
    54.00   1.0267    
    55.00   1.0025    
    56.00  0.97879    
    57.00  0.95552    
    58.00  0.93272    
    59.00  0.91040    
    60.00  0.88855    
    61.00  0.86718    
    62.00  0.84630    
    63.00  0.82592    
    64.00  0.80603    
    65.00  0.78663    
    66.00  0.76774    
    67.00  0.74934    
    68.00  0.73145    
    69.00  0.71405    
    70.00  0.69717    
    71.00  0.68078    
    72.00  0.66489    
    73.00  0.64951    
    74.00  0.63462    
    75.00  0.62023    
    76.00  0.60633    
    77.00  0.59291    
    78.00  0.57998    
    79.00  0.56753    
    80.00  0.55555    
    81.00  0.54404    
    82.00  0.53299    
    83.00  0.52240    
    84.00  0.51226    
    85.00  0.50256    
    86.00  0.49330    
    87.00  0.48447    
    88.00  0.47606    
    89.00  0.46807    
    90.00  0.46048    
    91.00  0.45329    
    92.00  0.44649    
    93.00  0.44006    
    94.00  0.43401    
    95.00  0.42833    
    96.00  0.42300    
    97.00  0.41801    
    98.00  0.41337    
    99.00  0.40904    
   100.00  0.40504    
   101.00  0.40135    
   102.00  0.39796    
   103.00  0.39486    
   104.00  0.39205    
   105.00  0.38951    
   106.00  0.38723    
   107.00  0.38521    
   108.00  0.38344    
   109.00  0.38190    
   110.00  0.38059    
   111.00  0.37951    
   112.00  0.37863    
   113.00  0.37796    
   114.00  0.37749    
   115.00  0.37720    
   116.00  0.37709    
   117.00  0.37716    
   118.00  0.37738    
   119.00  0.37776    
   120.00  0.37829    
   121.00  0.37896    
   122.00  0.37976    
   123.00  0.38068    
   124.00  0.38172    
   125.00  0.38287    
   126.00  0.38413    
   127.00  0.38548    
   128.00  0.38692    
   129.00  0.38845    
   130.00  0.39005    
   131.00  0.39173    
   132.00  0.39347    
   133.00  0.39527    
   134.00  0.39712    
   135.00  0.39901    
   136.00  0.40095    
   137.00  0.40292    
   138.00  0.40493    
   139.00  0.40696    
   140.00  0.40901    
   141.00  0.41108    
   142.00  0.41315    
   143.00  0.41524    
   144.00  0.41733    
   145.00  0.41941    
   146.00  0.42149    
   147.00  0.42357    
   148.00  0.42563    
   149.00  0.42769    
   150.00  0.42973    
   151.00  0.43176    
   152.00  0.43377    
   153.00  0.43577    
   154.00  0.43775    
   155.00  0.43971    
   156.00  0.44163    
   157.00  0.44352    
   158.00  0.44536    
   159.00  0.44713    
   160.00  0.44881    
   161.00  0.45040    
   162.00  0.45186    
   163.00  0.45320    
   164.00  0.45438    
   165.00  0.45543    
   166.00  0.45635    
   167.00  0.45715    
   168.00  0.45788    
   169.00  0.45855    
   170.00  0.45922    
   171.00  0.45991    
   172.00  0.46064    
   173.00  0.46142    
   174.00  0.46224    
   175.00  0.46308    
   176.00  0.46387    
   177.00  0.46458    
   178.00  0.46513    
   179.00  0.46549    
   180.00  0.46561    
 |--------|------------|
0.640000     micron = Wavelength
0.412594     = Extinction efficiency (Q)
0.177620     = Scattering efficiency (Qs)
0.234974     = Absorption efficiency (Qa)
 62.6925     = Lidar ratio
0.151664E-01 micron^2 = <b> = Average surface area per particle
0.625757E-02 microns^2 = Extinction cross section (C)
0.269385E-02 microns^2 = Scattering cross section (Cs)
0.356372E-02 microns^2 = Absorption cross section (Ca)
 |----------------------------------------------------|
 | COMMENTAIRES:                                      |
 |----------------------------------------------------|
 |   -Cross section / <b> should = efficiency         |
 |    is independant of the normalisation of dN/dx    |
 |   -The integral of the phase fct / 4 pi over all   |
 |    directions (solid angle) = 1.                   |
 |   -The volume coefficient (k) is equal to C * N    |
 |      = cross section * Number density              |
 |      typical units: [um^2]*[particles/cm^3] =      |
 |      [10^-3 km-1]                                  |
 |      N = M/(d*4/3*pi*r^3) where d is the density   |
 |      of particle, M is the mass per unit volume    |
 |      and 4/3*pi*r^3 is the average volume  of a    |
 |      particle.                                     |
 |      typical units:  M -> [ug/m^3], d -> [g/cm^3]  |
 |                      r -> [um]                     |
 |      Lidar ratio= 4 pi Qe / phase_fct(180)*Qs      |
 |----------------------------------------------------|
