 |--------|------------|
 | ANGLE  |  PHASE FCT |
 |--------|------------|
     0.00   62.850    
     1.00   62.000    
     2.00   59.552    
     3.00   55.783    
     4.00   51.075    
     5.00   45.833    
     6.00   40.421    
     7.00   35.131    
     8.00   30.167    
     9.00   25.655    
    10.00   21.655    
    11.00   18.180    
    12.00   15.210    
    13.00   12.705    
    14.00   10.615    
    15.00   8.8854    
    16.00   7.4645    
    17.00   6.3031    
    18.00   5.3573    
    19.00   4.5889    
    20.00   3.9654    
    21.00   3.4594    
    22.00   3.0483    
    23.00   2.7132    
    24.00   2.4392    
    25.00   2.2139    
    26.00   2.0274    
    27.00   1.8720    
    28.00   1.7413    
    29.00   1.6304    
    30.00   1.5353    
    31.00   1.4529    
    32.00   1.3807    
    33.00   1.3168    
    34.00   1.2597    
    35.00   1.2081    
    36.00   1.1611    
    37.00   1.1180    
    38.00   1.0781    
    39.00   1.0409    
    40.00   1.0062    
    41.00  0.97345    
    42.00  0.94256    
    43.00  0.91329    
    44.00  0.88545    
    45.00  0.85893    
    46.00  0.83360    
    47.00  0.80937    
    48.00  0.78614    
    49.00  0.76386    
    50.00  0.74246    
    51.00  0.72189    
    52.00  0.70211    
    53.00  0.68307    
    54.00  0.66473    
    55.00  0.64706    
    56.00  0.63004    
    57.00  0.61363    
    58.00  0.59781    
    59.00  0.58256    
    60.00  0.56785    
    61.00  0.55368    
    62.00  0.54001    
    63.00  0.52683    
    64.00  0.51414    
    65.00  0.50190    
    66.00  0.49012    
    67.00  0.47877    
    68.00  0.46785    
    69.00  0.45734    
    70.00  0.44724    
    71.00  0.43753    
    72.00  0.42820    
    73.00  0.41924    
    74.00  0.41065    
    75.00  0.40242    
    76.00  0.39454    
    77.00  0.38700    
    78.00  0.37979    
    79.00  0.37291    
    80.00  0.36634    
    81.00  0.36009    
    82.00  0.35415    
    83.00  0.34850    
    84.00  0.34315    
    85.00  0.33809    
    86.00  0.33331    
    87.00  0.32880    
    88.00  0.32456    
    89.00  0.32059    
    90.00  0.31687    
    91.00  0.31340    
    92.00  0.31018    
    93.00  0.30720    
    94.00  0.30445    
    95.00  0.30194    
    96.00  0.29965    
    97.00  0.29757    
    98.00  0.29571    
    99.00  0.29406    
   100.00  0.29261    
   101.00  0.29136    
   102.00  0.29030    
   103.00  0.28942    
   104.00  0.28873    
   105.00  0.28821    
   106.00  0.28786    
   107.00  0.28768    
   108.00  0.28766    
   109.00  0.28779    
   110.00  0.28807    
   111.00  0.28850    
   112.00  0.28906    
   113.00  0.28976    
   114.00  0.29059    
   115.00  0.29155    
   116.00  0.29262    
   117.00  0.29381    
   118.00  0.29510    
   119.00  0.29651    
   120.00  0.29801    
   121.00  0.29961    
   122.00  0.30130    
   123.00  0.30308    
   124.00  0.30494    
   125.00  0.30688    
   126.00  0.30890    
   127.00  0.31099    
   128.00  0.31315    
   129.00  0.31538    
   130.00  0.31768    
   131.00  0.32003    
   132.00  0.32245    
   133.00  0.32492    
   134.00  0.32746    
   135.00  0.33005    
   136.00  0.33270    
   137.00  0.33541    
   138.00  0.33818    
   139.00  0.34100    
   140.00  0.34389    
   141.00  0.34684    
   142.00  0.34985    
   143.00  0.35292    
   144.00  0.35604    
   145.00  0.35921    
   146.00  0.36242    
   147.00  0.36566    
   148.00  0.36890    
   149.00  0.37214    
   150.00  0.37533    
   151.00  0.37844    
   152.00  0.38144    
   153.00  0.38428    
   154.00  0.38691    
   155.00  0.38927    
   156.00  0.39133    
   157.00  0.39305    
   158.00  0.39438    
   159.00  0.39532    
   160.00  0.39586    
   161.00  0.39604    
   162.00  0.39589    
   163.00  0.39552    
   164.00  0.39500    
   165.00  0.39446    
   166.00  0.39404    
   167.00  0.39386    
   168.00  0.39405    
   169.00  0.39470    
   170.00  0.39586    
   171.00  0.39756    
   172.00  0.39974    
   173.00  0.40231    
   174.00  0.40514    
   175.00  0.40803    
   176.00  0.41078    
   177.00  0.41320    
   178.00  0.41507    
   179.00  0.41627    
   180.00  0.41668    
 |--------|------------|
0.520000     micron = Wavelength
0.211526     = Extinction efficiency (Q)
0.726585E-01 = Scattering efficiency (Qs)
0.138868     = Absorption efficiency (Qa)
 87.7990     = Lidar ratio
0.352421E-02 micron^2 = <b> = Average surface area per particle
0.745462E-03 microns^2 = Extinction cross section (C)
0.256064E-03 microns^2 = Scattering cross section (Cs)
0.489398E-03 microns^2 = Absorption cross section (Ca)
 |----------------------------------------------------|
 | COMMENTAIRES:                                      |
 |----------------------------------------------------|
 |   -Cross section / <b> should = efficiency         |
 |    is independant of the normalisation of dN/dx    |
 |   -The integral of the phase fct / 4 pi over all   |
 |    directions (solid angle) = 1.                   |
 |   -The volume coefficient (k) is equal to C * N    |
 |      = cross section * Number density              |
 |      typical units: [um^2]*[particles/cm^3] =      |
 |      [10^-3 km-1]                                  |
 |      N = M/(d*4/3*pi*r^3) where d is the density   |
 |      of particle, M is the mass per unit volume    |
 |      and 4/3*pi*r^3 is the average volume  of a    |
 |      particle.                                     |
 |      typical units:  M -> [ug/m^3], d -> [g/cm^3]  |
 |                      r -> [um]                     |
 |      Lidar ratio= 4 pi Qe / phase_fct(180)*Qs      |
 |----------------------------------------------------|
