 |--------|------------|
 | ANGLE  |  PHASE FCT |
 |--------|------------|
     0.00   60.414    
     1.00   59.555    
     2.00   57.085    
     3.00   53.299    
     4.00   48.595    
     5.00   43.393    
     6.00   38.062    
     7.00   32.893    
     8.00   28.082    
     9.00   23.746    
    10.00   19.934    
    11.00   16.651    
    12.00   13.868    
    13.00   11.541    
    14.00   9.6145    
    15.00   8.0332    
    16.00   6.7439    
    17.00   5.6978    
    18.00   4.8520    
    19.00   4.1694    
    20.00   3.6190    
    21.00   3.1750    
    22.00   2.8160    
    23.00   2.5248    
    24.00   2.2875    
    25.00   2.0929    
    26.00   1.9323    
    27.00   1.7985    
    28.00   1.6859    
    29.00   1.5902    
    30.00   1.5080    
    31.00   1.4365    
    32.00   1.3736    
    33.00   1.3177    
    34.00   1.2674    
    35.00   1.2218    
    36.00   1.1800    
    37.00   1.1413    
    38.00   1.1054    
    39.00   1.0717    
    40.00   1.0399    
    41.00   1.0099    
    42.00  0.98137    
    43.00  0.95418    
    44.00  0.92817    
    45.00  0.90325    
    46.00  0.87933    
    47.00  0.85632    
    48.00  0.83415    
    49.00  0.81277    
    50.00  0.79215    
    51.00  0.77221    
    52.00  0.75295    
    53.00  0.73432    
    54.00  0.71630    
    55.00  0.69885    
    56.00  0.68197    
    57.00  0.66562    
    58.00  0.64980    
    59.00  0.63448    
    60.00  0.61965    
    61.00  0.60530    
    62.00  0.59140    
    63.00  0.57797    
    64.00  0.56497    
    65.00  0.55240    
    66.00  0.54026    
    67.00  0.52853    
    68.00  0.51721    
    69.00  0.50628    
    70.00  0.49574    
    71.00  0.48559    
    72.00  0.47581    
    73.00  0.46640    
    74.00  0.45736    
    75.00  0.44867    
    76.00  0.44033    
    77.00  0.43234    
    78.00  0.42470    
    79.00  0.41738    
    80.00  0.41040    
    81.00  0.40374    
    82.00  0.39740    
    83.00  0.39138    
    84.00  0.38566    
    85.00  0.38025    
    86.00  0.37513    
    87.00  0.37031    
    88.00  0.36577    
    89.00  0.36152    
    90.00  0.35754    
    91.00  0.35384    
    92.00  0.35040    
    93.00  0.34722    
    94.00  0.34430    
    95.00  0.34163    
    96.00  0.33921    
    97.00  0.33702    
    98.00  0.33507    
    99.00  0.33334    
   100.00  0.33184    
   101.00  0.33056    
   102.00  0.32949    
   103.00  0.32862    
   104.00  0.32796    
   105.00  0.32749    
   106.00  0.32721    
   107.00  0.32711    
   108.00  0.32719    
   109.00  0.32744    
   110.00  0.32786    
   111.00  0.32844    
   112.00  0.32917    
   113.00  0.33005    
   114.00  0.33108    
   115.00  0.33224    
   116.00  0.33354    
   117.00  0.33496    
   118.00  0.33650    
   119.00  0.33816    
   120.00  0.33993    
   121.00  0.34181    
   122.00  0.34379    
   123.00  0.34586    
   124.00  0.34802    
   125.00  0.35027    
   126.00  0.35260    
   127.00  0.35501    
   128.00  0.35749    
   129.00  0.36005    
   130.00  0.36266    
   131.00  0.36535    
   132.00  0.36809    
   133.00  0.37089    
   134.00  0.37375    
   135.00  0.37667    
   136.00  0.37964    
   137.00  0.38266    
   138.00  0.38574    
   139.00  0.38887    
   140.00  0.39205    
   141.00  0.39529    
   142.00  0.39858    
   143.00  0.40191    
   144.00  0.40529    
   145.00  0.40871    
   146.00  0.41215    
   147.00  0.41561    
   148.00  0.41906    
   149.00  0.42249    
   150.00  0.42587    
   151.00  0.42917    
   152.00  0.43234    
   153.00  0.43535    
   154.00  0.43816    
   155.00  0.44072    
   156.00  0.44300    
   157.00  0.44495    
   158.00  0.44656    
   159.00  0.44782    
   160.00  0.44873    
   161.00  0.44933    
   162.00  0.44966    
   163.00  0.44981    
   164.00  0.44985    
   165.00  0.44992    
   166.00  0.45011    
   167.00  0.45053    
   168.00  0.45130    
   169.00  0.45248    
   170.00  0.45411    
   171.00  0.45618    
   172.00  0.45866    
   173.00  0.46145    
   174.00  0.46441    
   175.00  0.46736    
   176.00  0.47013    
   177.00  0.47252    
   178.00  0.47437    
   179.00  0.47554    
   180.00  0.47594    
 |--------|------------|
0.436000     micron = Wavelength
0.221314     = Extinction efficiency (Q)
0.757660E-01 = Scattering efficiency (Qs)
0.145548     = Absorption efficiency (Qa)
 77.1243     = Lidar ratio
0.272779E-02 micron^2 = <b> = Average surface area per particle
0.603697E-03 microns^2 = Extinction cross section (C)
0.206674E-03 microns^2 = Scattering cross section (Cs)
0.397023E-03 microns^2 = Absorption cross section (Ca)
 |----------------------------------------------------|
 | COMMENTAIRES:                                      |
 |----------------------------------------------------|
 |   -Cross section / <b> should = efficiency         |
 |    is independant of the normalisation of dN/dx    |
 |   -The integral of the phase fct / 4 pi over all   |
 |    directions (solid angle) = 1.                   |
 |   -The volume coefficient (k) is equal to C * N    |
 |      = cross section * Number density              |
 |      typical units: [um^2]*[particles/cm^3] =      |
 |      [10^-3 km-1]                                  |
 |      N = M/(d*4/3*pi*r^3) where d is the density   |
 |      of particle, M is the mass per unit volume    |
 |      and 4/3*pi*r^3 is the average volume  of a    |
 |      particle.                                     |
 |      typical units:  M -> [ug/m^3], d -> [g/cm^3]  |
 |                      r -> [um]                     |
 |      Lidar ratio= 4 pi Qe / phase_fct(180)*Qs      |
 |----------------------------------------------------|
