 |--------|------------|
 | ANGLE  |  PHASE FCT |
 |--------|------------|
     0.00   75.061    
     1.00   70.703    
     2.00   59.437    
     3.00   45.409    
     4.00   32.489    
     5.00   22.578    
     6.00   15.741    
     7.00   11.257    
     8.00   8.3888    
     9.00   6.5898    
    10.00   5.4659    
    11.00   4.7506    
    12.00   4.2832    
    13.00   3.9684    
    14.00   3.7455    
    15.00   3.5783    
    16.00   3.4468    
    17.00   3.3389    
    18.00   3.2459    
    19.00   3.1633    
    20.00   3.0883    
    21.00   3.0188    
    22.00   2.9531    
    23.00   2.8906    
    24.00   2.8304    
    25.00   2.7721    
    26.00   2.7151    
    27.00   2.6594    
    28.00   2.6045    
    29.00   2.5504    
    30.00   2.4969    
    31.00   2.4439    
    32.00   2.3914    
    33.00   2.3394    
    34.00   2.2877    
    35.00   2.2365    
    36.00   2.1856    
    37.00   2.1351    
    38.00   2.0851    
    39.00   2.0355    
    40.00   1.9864    
    41.00   1.9378    
    42.00   1.8897    
    43.00   1.8422    
    44.00   1.7953    
    45.00   1.7489    
    46.00   1.7032    
    47.00   1.6581    
    48.00   1.6138    
    49.00   1.5702    
    50.00   1.5273    
    51.00   1.4852    
    52.00   1.4438    
    53.00   1.4033    
    54.00   1.3636    
    55.00   1.3247    
    56.00   1.2866    
    57.00   1.2494    
    58.00   1.2131    
    59.00   1.1776    
    60.00   1.1431    
    61.00   1.1093    
    62.00   1.0765    
    63.00   1.0446    
    64.00   1.0135    
    65.00  0.98329    
    66.00  0.95397    
    67.00  0.92552    
    68.00  0.89792    
    69.00  0.87118    
    70.00  0.84528    
    71.00  0.82022    
    72.00  0.79599    
    73.00  0.77258    
    74.00  0.74996    
    75.00  0.72813    
    76.00  0.70708    
    77.00  0.68680    
    78.00  0.66727    
    79.00  0.64847    
    80.00  0.63039    
    81.00  0.61301    
    82.00  0.59633    
    83.00  0.58032    
    84.00  0.56497    
    85.00  0.55026    
    86.00  0.53617    
    87.00  0.52270    
    88.00  0.50982    
    89.00  0.49752    
    90.00  0.48578    
    91.00  0.47459    
    92.00  0.46393    
    93.00  0.45378    
    94.00  0.44413    
    95.00  0.43497    
    96.00  0.42628    
    97.00  0.41804    
    98.00  0.41024    
    99.00  0.40287    
   100.00  0.39591    
   101.00  0.38934    
   102.00  0.38316    
   103.00  0.37735    
   104.00  0.37190    
   105.00  0.36679    
   106.00  0.36201    
   107.00  0.35756    
   108.00  0.35341    
   109.00  0.34956    
   110.00  0.34599    
   111.00  0.34269    
   112.00  0.33966    
   113.00  0.33688    
   114.00  0.33435    
   115.00  0.33204    
   116.00  0.32996    
   117.00  0.32809    
   118.00  0.32642    
   119.00  0.32495    
   120.00  0.32366    
   121.00  0.32255    
   122.00  0.32161    
   123.00  0.32083    
   124.00  0.32020    
   125.00  0.31972    
   126.00  0.31938    
   127.00  0.31916    
   128.00  0.31907    
   129.00  0.31910    
   130.00  0.31924    
   131.00  0.31948    
   132.00  0.31981    
   133.00  0.32024    
   134.00  0.32076    
   135.00  0.32135    
   136.00  0.32201    
   137.00  0.32275    
   138.00  0.32354    
   139.00  0.32440    
   140.00  0.32530    
   141.00  0.32625    
   142.00  0.32725    
   143.00  0.32828    
   144.00  0.32934    
   145.00  0.33043    
   146.00  0.33155    
   147.00  0.33268    
   148.00  0.33383    
   149.00  0.33500    
   150.00  0.33617    
   151.00  0.33734    
   152.00  0.33852    
   153.00  0.33970    
   154.00  0.34087    
   155.00  0.34204    
   156.00  0.34319    
   157.00  0.34433    
   158.00  0.34544    
   159.00  0.34653    
   160.00  0.34759    
   161.00  0.34861    
   162.00  0.34958    
   163.00  0.35051    
   164.00  0.35138    
   165.00  0.35219    
   166.00  0.35295    
   167.00  0.35366    
   168.00  0.35432    
   169.00  0.35493    
   170.00  0.35550    
   171.00  0.35605    
   172.00  0.35656    
   173.00  0.35705    
   174.00  0.35751    
   175.00  0.35792    
   176.00  0.35829    
   177.00  0.35860    
   178.00  0.35883    
   179.00  0.35897    
   180.00  0.35902    
 |--------|------------|
0.400000     micron = Wavelength
0.635701     = Extinction efficiency (Q)
0.321049     = Scattering efficiency (Qs)
0.314652     = Absorption efficiency (Qa)
 69.3063     = Lidar ratio
0.100522E-01 micron^2 = <b> = Average surface area per particle
0.639022E-02 microns^2 = Extinction cross section (C)
0.322726E-02 microns^2 = Scattering cross section (Cs)
0.316296E-02 microns^2 = Absorption cross section (Ca)
 |----------------------------------------------------|
 | COMMENTAIRES:                                      |
 |----------------------------------------------------|
 |   -Cross section / <b> should = efficiency         |
 |    is independant of the normalisation of dN/dx    |
 |   -The integral of the phase fct / 4 pi over all   |
 |    directions (solid angle) = 1.                   |
 |   -The volume coefficient (k) is equal to C * N    |
 |      = cross section * Number density              |
 |      typical units: [um^2]*[particles/cm^3] =      |
 |      [10^-3 km-1]                                  |
 |      N = M/(d*4/3*pi*r^3) where d is the density   |
 |      of particle, M is the mass per unit volume    |
 |      and 4/3*pi*r^3 is the average volume  of a    |
 |      particle.                                     |
 |      typical units:  M -> [ug/m^3], d -> [g/cm^3]  |
 |                      r -> [um]                     |
 |      Lidar ratio= 4 pi Qe / phase_fct(180)*Qs      |
 |----------------------------------------------------|
