 |--------|------------|
 | ANGLE  |  PHASE FCT |
 |--------|------------|
     0.00   35.701    
     1.00   35.482    
     2.00   34.837    
     3.00   33.801    
     4.00   32.428    
     5.00   30.784    
     6.00   28.939    
     7.00   26.963    
     8.00   24.922    
     9.00   22.871    
    10.00   20.858    
    11.00   18.919    
    12.00   17.080    
    13.00   15.361    
    14.00   13.771    
    15.00   12.315    
    16.00   10.994    
    17.00   9.8021    
    18.00   8.7347    
    19.00   7.7834    
    20.00   6.9390    
    21.00   6.1925    
    22.00   5.5345    
    23.00   4.9557    
    24.00   4.4476    
    25.00   4.0021    
    26.00   3.6117    
    27.00   3.2697    
    28.00   2.9698    
    29.00   2.7069    
    30.00   2.4760    
    31.00   2.2729    
    32.00   2.0939    
    33.00   1.9358    
    34.00   1.7957    
    35.00   1.6712    
    36.00   1.5602    
    37.00   1.4609    
    38.00   1.3717    
    39.00   1.2914    
    40.00   1.2187    
    41.00   1.1526    
    42.00   1.0924    
    43.00   1.0373    
    44.00  0.98666    
    45.00  0.93997    
    46.00  0.89679    
    47.00  0.85671    
    48.00  0.81941    
    49.00  0.78460    
    50.00  0.75201    
    51.00  0.72145    
    52.00  0.69273    
    53.00  0.66567    
    54.00  0.64014    
    55.00  0.61602    
    56.00  0.59319    
    57.00  0.57156    
    58.00  0.55104    
    59.00  0.53156    
    60.00  0.51304    
    61.00  0.49543    
    62.00  0.47866    
    63.00  0.46270    
    64.00  0.44749    
    65.00  0.43300    
    66.00  0.41918    
    67.00  0.40600    
    68.00  0.39343    
    69.00  0.38143    
    70.00  0.36998    
    71.00  0.35906    
    72.00  0.34863    
    73.00  0.33868    
    74.00  0.32919    
    75.00  0.32013    
    76.00  0.31148    
    77.00  0.30324    
    78.00  0.29538    
    79.00  0.28788    
    80.00  0.28074    
    81.00  0.27394    
    82.00  0.26745    
    83.00  0.26129    
    84.00  0.25542    
    85.00  0.24983    
    86.00  0.24453    
    87.00  0.23949    
    88.00  0.23471    
    89.00  0.23018    
    90.00  0.22589    
    91.00  0.22182    
    92.00  0.21798    
    93.00  0.21436    
    94.00  0.21094    
    95.00  0.20772    
    96.00  0.20469    
    97.00  0.20185    
    98.00  0.19919    
    99.00  0.19671    
   100.00  0.19439    
   101.00  0.19224    
   102.00  0.19025    
   103.00  0.18841    
   104.00  0.18672    
   105.00  0.18517    
   106.00  0.18376    
   107.00  0.18249    
   108.00  0.18136    
   109.00  0.18035    
   110.00  0.17946    
   111.00  0.17870    
   112.00  0.17806    
   113.00  0.17754    
   114.00  0.17713    
   115.00  0.17683    
   116.00  0.17665    
   117.00  0.17657    
   118.00  0.17660    
   119.00  0.17674    
   120.00  0.17698    
   121.00  0.17733    
   122.00  0.17779    
   123.00  0.17835    
   124.00  0.17901    
   125.00  0.17978    
   126.00  0.18065    
   127.00  0.18163    
   128.00  0.18271    
   129.00  0.18390    
   130.00  0.18519    
   131.00  0.18658    
   132.00  0.18808    
   133.00  0.18968    
   134.00  0.19137    
   135.00  0.19315    
   136.00  0.19501    
   137.00  0.19695    
   138.00  0.19895    
   139.00  0.20101    
   140.00  0.20309    
   141.00  0.20519    
   142.00  0.20728    
   143.00  0.20933    
   144.00  0.21131    
   145.00  0.21320    
   146.00  0.21495    
   147.00  0.21652    
   148.00  0.21789    
   149.00  0.21901    
   150.00  0.21985    
   151.00  0.22038    
   152.00  0.22057    
   153.00  0.22043    
   154.00  0.21994    
   155.00  0.21911    
   156.00  0.21798    
   157.00  0.21660    
   158.00  0.21504    
   159.00  0.21336    
   160.00  0.21168    
   161.00  0.21011    
   162.00  0.20876    
   163.00  0.20777    
   164.00  0.20724    
   165.00  0.20728    
   166.00  0.20797    
   167.00  0.20938    
   168.00  0.21152    
   169.00  0.21437    
   170.00  0.21786    
   171.00  0.22189    
   172.00  0.22631    
   173.00  0.23094    
   174.00  0.23557    
   175.00  0.23999    
   176.00  0.24396    
   177.00  0.24730    
   178.00  0.24982    
   179.00  0.25139    
   180.00  0.25193    
 |--------|------------|
0.650000     micron = Wavelength
0.162432     = Extinction efficiency (Q)
0.637968E-01 = Scattering efficiency (Qs)
0.986353E-01 = Absorption efficiency (Qa)
 127.001     = Lidar ratio
0.259482E-02 micron^2 = <b> = Average surface area per particle
0.421482E-03 microns^2 = Extinction cross section (C)
0.165541E-03 microns^2 = Scattering cross section (Cs)
0.255941E-03 microns^2 = Absorption cross section (Ca)
 |----------------------------------------------------|
 | COMMENTAIRES:                                      |
 |----------------------------------------------------|
 |   -Cross section / <b> should = efficiency         |
 |    is independant of the normalisation of dN/dx    |
 |   -The integral of the phase fct / 4 pi over all   |
 |    directions (solid angle) = 1.                   |
 |   -The volume coefficient (k) is equal to C * N    |
 |      = cross section * Number density              |
 |      typical units: [um^2]*[particles/cm^3] =      |
 |      [10^-3 km-1]                                  |
 |      N = M/(d*4/3*pi*r^3) where d is the density   |
 |      of particle, M is the mass per unit volume    |
 |      and 4/3*pi*r^3 is the average volume  of a    |
 |      particle.                                     |
 |      typical units:  M -> [ug/m^3], d -> [g/cm^3]  |
 |                      r -> [um]                     |
 |      Lidar ratio= 4 pi Qe / phase_fct(180)*Qs      |
 |----------------------------------------------------|
