 |--------|------------|
 | ANGLE  |  PHASE FCT |
 |--------|------------|
     0.00   68.552    
     1.00   67.258    
     2.00   63.588    
     3.00   58.102    
     4.00   51.524    
     5.00   44.551    
     6.00   37.734    
     7.00   31.442    
     8.00   25.874    
     9.00   21.105    
    10.00   17.120    
    11.00   13.856    
    12.00   11.223    
    13.00   9.1227    
    14.00   7.4632    
    15.00   6.1604    
    16.00   5.1421    
    17.00   4.3479    
    18.00   3.7289    
    19.00   3.2457    
    20.00   2.8672    
    21.00   2.5692    
    22.00   2.3329    
    23.00   2.1437    
    24.00   1.9907    
    25.00   1.8654    
    26.00   1.7613    
    27.00   1.6735    
    28.00   1.5985    
    29.00   1.5333    
    30.00   1.4759    
    31.00   1.4246    
    32.00   1.3783    
    33.00   1.3359    
    34.00   1.2967    
    35.00   1.2603    
    36.00   1.2260    
    37.00   1.1937    
    38.00   1.1631    
    39.00   1.1338    
    40.00   1.1058    
    41.00   1.0789    
    42.00   1.0530    
    43.00   1.0280    
    44.00   1.0038    
    45.00  0.98043    
    46.00  0.95773    
    47.00  0.93569    
    48.00  0.91426    
    49.00  0.89343    
    50.00  0.87316    
    51.00  0.85343    
    52.00  0.83421    
    53.00  0.81549    
    54.00  0.79725    
    55.00  0.77948    
    56.00  0.76216    
    57.00  0.74529    
    58.00  0.72887    
    59.00  0.71288    
    60.00  0.69730    
    61.00  0.68214    
    62.00  0.66740    
    63.00  0.65307    
    64.00  0.63914    
    65.00  0.62561    
    66.00  0.61247    
    67.00  0.59973    
    68.00  0.58738    
    69.00  0.57542    
    70.00  0.56384    
    71.00  0.55264    
    72.00  0.54182    
    73.00  0.53137    
    74.00  0.52130    
    75.00  0.51160    
    76.00  0.50226    
    77.00  0.49329    
    78.00  0.48467    
    79.00  0.47641    
    80.00  0.46850    
    81.00  0.46095    
    82.00  0.45373    
    83.00  0.44686    
    84.00  0.44032    
    85.00  0.43412    
    86.00  0.42825    
    87.00  0.42270    
    88.00  0.41746    
    89.00  0.41255    
    90.00  0.40794    
    91.00  0.40363    
    92.00  0.39962    
    93.00  0.39591    
    94.00  0.39249    
    95.00  0.38934    
    96.00  0.38648    
    97.00  0.38388    
    98.00  0.38155    
    99.00  0.37948    
   100.00  0.37765    
   101.00  0.37608    
   102.00  0.37475    
   103.00  0.37365    
   104.00  0.37277    
   105.00  0.37212    
   106.00  0.37168    
   107.00  0.37145    
   108.00  0.37142    
   109.00  0.37159    
   110.00  0.37194    
   111.00  0.37248    
   112.00  0.37319    
   113.00  0.37407    
   114.00  0.37511    
   115.00  0.37630    
   116.00  0.37765    
   117.00  0.37913    
   118.00  0.38075    
   119.00  0.38250    
   120.00  0.38437    
   121.00  0.38636    
   122.00  0.38846    
   123.00  0.39066    
   124.00  0.39296    
   125.00  0.39535    
   126.00  0.39782    
   127.00  0.40038    
   128.00  0.40301    
   129.00  0.40570    
   130.00  0.40847    
   131.00  0.41129    
   132.00  0.41416    
   133.00  0.41708    
   134.00  0.42005    
   135.00  0.42306    
   136.00  0.42611    
   137.00  0.42920    
   138.00  0.43232    
   139.00  0.43547    
   140.00  0.43865    
   141.00  0.44186    
   142.00  0.44511    
   143.00  0.44837    
   144.00  0.45167    
   145.00  0.45499    
   146.00  0.45833    
   147.00  0.46169    
   148.00  0.46507    
   149.00  0.46844    
   150.00  0.47179    
   151.00  0.47512    
   152.00  0.47838    
   153.00  0.48157    
   154.00  0.48463    
   155.00  0.48755    
   156.00  0.49027    
   157.00  0.49277    
   158.00  0.49500    
   159.00  0.49694    
   160.00  0.49859    
   161.00  0.49993    
   162.00  0.50099    
   163.00  0.50181    
   164.00  0.50243    
   165.00  0.50295    
   166.00  0.50344    
   167.00  0.50401    
   168.00  0.50473    
   169.00  0.50570    
   170.00  0.50696    
   171.00  0.50854    
   172.00  0.51042    
   173.00  0.51255    
   174.00  0.51482    
   175.00  0.51711    
   176.00  0.51928    
   177.00  0.52117    
   178.00  0.52264    
   179.00  0.52357    
   180.00  0.52389    
 |--------|------------|
0.436000     micron = Wavelength
0.256159     = Extinction efficiency (Q)
0.907133E-01 = Scattering efficiency (Qs)
0.165446     = Absorption efficiency (Qa)
 67.7346     = Lidar ratio
0.352419E-02 micron^2 = <b> = Average surface area per particle
0.902754E-03 microns^2 = Extinction cross section (C)
0.319691E-03 microns^2 = Scattering cross section (Cs)
0.583063E-03 microns^2 = Absorption cross section (Ca)
 |----------------------------------------------------|
 | COMMENTAIRES:                                      |
 |----------------------------------------------------|
 |   -Cross section / <b> should = efficiency         |
 |    is independant of the normalisation of dN/dx    |
 |   -The integral of the phase fct / 4 pi over all   |
 |    directions (solid angle) = 1.                   |
 |   -The volume coefficient (k) is equal to C * N    |
 |      = cross section * Number density              |
 |      typical units: [um^2]*[particles/cm^3] =      |
 |      [10^-3 km-1]                                  |
 |      N = M/(d*4/3*pi*r^3) where d is the density   |
 |      of particle, M is the mass per unit volume    |
 |      and 4/3*pi*r^3 is the average volume  of a    |
 |      particle.                                     |
 |      typical units:  M -> [ug/m^3], d -> [g/cm^3]  |
 |                      r -> [um]                     |
 |      Lidar ratio= 4 pi Qe / phase_fct(180)*Qs      |
 |----------------------------------------------------|
