 |--------|------------|
 | ANGLE  |  PHASE FCT |
 |--------|------------|
     0.00   75.363    
     1.00   72.941    
     2.00   66.310    
     3.00   57.052    
     4.00   46.953    
     5.00   37.388    
     6.00   29.105    
     7.00   22.349    
     8.00   17.065    
     9.00   13.056    
    10.00   10.080    
    11.00   7.9030    
    12.00   6.3247    
    13.00   5.1862    
    14.00   4.3647    
    15.00   3.7694    
    16.00   3.3343    
    17.00   3.0124    
    18.00   2.7701    
    19.00   2.5841    
    20.00   2.4379    
    21.00   2.3202    
    22.00   2.2230    
    23.00   2.1407    
    24.00   2.0696    
    25.00   2.0068    
    26.00   1.9503    
    27.00   1.8987    
    28.00   1.8511    
    29.00   1.8066    
    30.00   1.7647    
    31.00   1.7249    
    32.00   1.6868    
    33.00   1.6502    
    34.00   1.6149    
    35.00   1.5807    
    36.00   1.5475    
    37.00   1.5151    
    38.00   1.4834    
    39.00   1.4525    
    40.00   1.4221    
    41.00   1.3923    
    42.00   1.3631    
    43.00   1.3343    
    44.00   1.3060    
    45.00   1.2781    
    46.00   1.2507    
    47.00   1.2237    
    48.00   1.1971    
    49.00   1.1710    
    50.00   1.1453    
    51.00   1.1199    
    52.00   1.0950    
    53.00   1.0706    
    54.00   1.0465    
    55.00   1.0229    
    56.00  0.99968    
    57.00  0.97693    
    58.00  0.95463    
    59.00  0.93278    
    60.00  0.91138    
    61.00  0.89045    
    62.00  0.86998    
    63.00  0.84999    
    64.00  0.83046    
    65.00  0.81142    
    66.00  0.79285    
    67.00  0.77478    
    68.00  0.75718    
    69.00  0.74007    
    70.00  0.72345    
    71.00  0.70733    
    72.00  0.69168    
    73.00  0.67653    
    74.00  0.66186    
    75.00  0.64768    
    76.00  0.63398    
    77.00  0.62076    
    78.00  0.60802    
    79.00  0.59575    
    80.00  0.58395    
    81.00  0.57262    
    82.00  0.56175    
    83.00  0.55134    
    84.00  0.54137    
    85.00  0.53186    
    86.00  0.52277    
    87.00  0.51412    
    88.00  0.50590    
    89.00  0.49809    
    90.00  0.49070    
    91.00  0.48370    
    92.00  0.47711    
    93.00  0.47090    
    94.00  0.46507    
    95.00  0.45961    
    96.00  0.45452    
    97.00  0.44978    
    98.00  0.44538    
    99.00  0.44133    
   100.00  0.43760    
   101.00  0.43419    
   102.00  0.43109    
   103.00  0.42830    
   104.00  0.42580    
   105.00  0.42358    
   106.00  0.42164    
   107.00  0.41996    
   108.00  0.41854    
   109.00  0.41736    
   110.00  0.41643    
   111.00  0.41573    
   112.00  0.41525    
   113.00  0.41498    
   114.00  0.41492    
   115.00  0.41505    
   116.00  0.41537    
   117.00  0.41587    
   118.00  0.41654    
   119.00  0.41737    
   120.00  0.41835    
   121.00  0.41948    
   122.00  0.42075    
   123.00  0.42215    
   124.00  0.42367    
   125.00  0.42531    
   126.00  0.42705    
   127.00  0.42889    
   128.00  0.43083    
   129.00  0.43285    
   130.00  0.43496    
   131.00  0.43713    
   132.00  0.43937    
   133.00  0.44167    
   134.00  0.44402    
   135.00  0.44642    
   136.00  0.44886    
   137.00  0.45133    
   138.00  0.45383    
   139.00  0.45636    
   140.00  0.45891    
   141.00  0.46147    
   142.00  0.46405    
   143.00  0.46663    
   144.00  0.46921    
   145.00  0.47180    
   146.00  0.47438    
   147.00  0.47696    
   148.00  0.47954    
   149.00  0.48211    
   150.00  0.48467    
   151.00  0.48721    
   152.00  0.48974    
   153.00  0.49224    
   154.00  0.49470    
   155.00  0.49712    
   156.00  0.49948    
   157.00  0.50176    
   158.00  0.50393    
   159.00  0.50599    
   160.00  0.50791    
   161.00  0.50966    
   162.00  0.51125    
   163.00  0.51266    
   164.00  0.51390    
   165.00  0.51499    
   166.00  0.51596    
   167.00  0.51684    
   168.00  0.51769    
   169.00  0.51853    
   170.00  0.51941    
   171.00  0.52036    
   172.00  0.52139    
   173.00  0.52250    
   174.00  0.52365    
   175.00  0.52480    
   176.00  0.52587    
   177.00  0.52682    
   178.00  0.52755    
   179.00  0.52801    
   180.00  0.52817    
 |--------|------------|
0.480000     micron = Wavelength
0.363741     = Extinction efficiency (Q)
0.148542     = Scattering efficiency (Qs)
0.215199     = Absorption efficiency (Qa)
 58.2610     = Lidar ratio
0.730523E-02 micron^2 = <b> = Average surface area per particle
0.265721E-02 microns^2 = Extinction cross section (C)
0.108513E-02 microns^2 = Scattering cross section (Cs)
0.157208E-02 microns^2 = Absorption cross section (Ca)
 |----------------------------------------------------|
 | COMMENTAIRES:                                      |
 |----------------------------------------------------|
 |   -Cross section / <b> should = efficiency         |
 |    is independant of the normalisation of dN/dx    |
 |   -The integral of the phase fct / 4 pi over all   |
 |    directions (solid angle) = 1.                   |
 |   -The volume coefficient (k) is equal to C * N    |
 |      = cross section * Number density              |
 |      typical units: [um^2]*[particles/cm^3] =      |
 |      [10^-3 km-1]                                  |
 |      N = M/(d*4/3*pi*r^3) where d is the density   |
 |      of particle, M is the mass per unit volume    |
 |      and 4/3*pi*r^3 is the average volume  of a    |
 |      particle.                                     |
 |      typical units:  M -> [ug/m^3], d -> [g/cm^3]  |
 |                      r -> [um]                     |
 |      Lidar ratio= 4 pi Qe / phase_fct(180)*Qs      |
 |----------------------------------------------------|
