 |--------|------------|
 | ANGLE  |  PHASE FCT |
 |--------|------------|
     0.00   64.735    
     1.00   63.791    
     2.00   61.080    
     3.00   56.931    
     4.00   51.790    
     5.00   46.124    
     6.00   40.338    
     7.00   34.749    
     8.00   29.567    
     9.00   24.915    
    10.00   20.841    
    11.00   17.347    
    12.00   14.396    
    13.00   11.938    
    14.00   9.9104    
    15.00   8.2523    
    16.00   6.9049    
    17.00   5.8154    
    18.00   4.9371    
    19.00   4.2303    
    20.00   3.6620    
    21.00   3.2045    
    22.00   2.8355    
    23.00   2.5367    
    24.00   2.2935    
    25.00   2.0943    
    26.00   1.9299    
    27.00   1.7930    
    28.00   1.6778    
    29.00   1.5799    
    30.00   1.4957    
    31.00   1.4225    
    32.00   1.3580    
    33.00   1.3006    
    34.00   1.2491    
    35.00   1.2022    
    36.00   1.1592    
    37.00   1.1195    
    38.00   1.0826    
    39.00   1.0481    
    40.00   1.0156    
    41.00  0.98486    
    42.00  0.95571    
    43.00  0.92795    
    44.00  0.90147    
    45.00  0.87615    
    46.00  0.85187    
    47.00  0.82855    
    48.00  0.80615    
    49.00  0.78459    
    50.00  0.76382    
    51.00  0.74379    
    52.00  0.72448    
    53.00  0.70583    
    54.00  0.68783    
    55.00  0.67044    
    56.00  0.65364    
    57.00  0.63741    
    58.00  0.62173    
    59.00  0.60656    
    60.00  0.59191    
    61.00  0.57776    
    62.00  0.56408    
    63.00  0.55087    
    64.00  0.53811    
    65.00  0.52580    
    66.00  0.51391    
    67.00  0.50245    
    68.00  0.49139    
    69.00  0.48074    
    70.00  0.47047    
    71.00  0.46060    
    72.00  0.45109    
    73.00  0.44196    
    74.00  0.43319    
    75.00  0.42477    
    76.00  0.41671    
    77.00  0.40898    
    78.00  0.40158    
    79.00  0.39452    
    80.00  0.38778    
    81.00  0.38136    
    82.00  0.37525    
    83.00  0.36944    
    84.00  0.36393    
    85.00  0.35871    
    86.00  0.35379    
    87.00  0.34915    
    88.00  0.34478    
    89.00  0.34069    
    90.00  0.33686    
    91.00  0.33329    
    92.00  0.32998    
    93.00  0.32692    
    94.00  0.32411    
    95.00  0.32153    
    96.00  0.31919    
    97.00  0.31708    
    98.00  0.31519    
    99.00  0.31351    
   100.00  0.31205    
   101.00  0.31080    
   102.00  0.30975    
   103.00  0.30889    
   104.00  0.30822    
   105.00  0.30774    
   106.00  0.30744    
   107.00  0.30731    
   108.00  0.30735    
   109.00  0.30755    
   110.00  0.30791    
   111.00  0.30842    
   112.00  0.30908    
   113.00  0.30987    
   114.00  0.31081    
   115.00  0.31187    
   116.00  0.31306    
   117.00  0.31437    
   118.00  0.31580    
   119.00  0.31733    
   120.00  0.31897    
   121.00  0.32071    
   122.00  0.32255    
   123.00  0.32447    
   124.00  0.32648    
   125.00  0.32857    
   126.00  0.33074    
   127.00  0.33299    
   128.00  0.33530    
   129.00  0.33768    
   130.00  0.34012    
   131.00  0.34262    
   132.00  0.34518    
   133.00  0.34779    
   134.00  0.35046    
   135.00  0.35319    
   136.00  0.35596    
   137.00  0.35879    
   138.00  0.36167    
   139.00  0.36460    
   140.00  0.36759    
   141.00  0.37063    
   142.00  0.37372    
   143.00  0.37686    
   144.00  0.38005    
   145.00  0.38329    
   146.00  0.38657    
   147.00  0.38987    
   148.00  0.39318    
   149.00  0.39649    
   150.00  0.39977    
   151.00  0.40298    
   152.00  0.40609    
   153.00  0.40907    
   154.00  0.41185    
   155.00  0.41441    
   156.00  0.41668    
   157.00  0.41863    
   158.00  0.42023    
   159.00  0.42145    
   160.00  0.42229    
   161.00  0.42277    
   162.00  0.42294    
   163.00  0.42286    
   164.00  0.42263    
   165.00  0.42235    
   166.00  0.42215    
   167.00  0.42215    
   168.00  0.42247    
   169.00  0.42319    
   170.00  0.42439    
   171.00  0.42607    
   172.00  0.42819    
   173.00  0.43068    
   174.00  0.43340    
   175.00  0.43618    
   176.00  0.43882    
   177.00  0.44113    
   178.00  0.44293    
   179.00  0.44407    
   180.00  0.44446    
 |--------|------------|
0.500000     micron = Wavelength
0.219993     = Extinction efficiency (Q)
0.754370E-01 = Scattering efficiency (Qs)
0.144556     = Absorption efficiency (Qa)
 82.4519     = Lidar ratio
0.352422E-02 micron^2 = <b> = Average surface area per particle
0.775305E-03 microns^2 = Extinction cross section (C)
0.265857E-03 microns^2 = Scattering cross section (Cs)
0.509448E-03 microns^2 = Absorption cross section (Ca)
 |----------------------------------------------------|
 | COMMENTAIRES:                                      |
 |----------------------------------------------------|
 |   -Cross section / <b> should = efficiency         |
 |    is independant of the normalisation of dN/dx    |
 |   -The integral of the phase fct / 4 pi over all   |
 |    directions (solid angle) = 1.                   |
 |   -The volume coefficient (k) is equal to C * N    |
 |      = cross section * Number density              |
 |      typical units: [um^2]*[particles/cm^3] =      |
 |      [10^-3 km-1]                                  |
 |      N = M/(d*4/3*pi*r^3) where d is the density   |
 |      of particle, M is the mass per unit volume    |
 |      and 4/3*pi*r^3 is the average volume  of a    |
 |      particle.                                     |
 |      typical units:  M -> [ug/m^3], d -> [g/cm^3]  |
 |                      r -> [um]                     |
 |      Lidar ratio= 4 pi Qe / phase_fct(180)*Qs      |
 |----------------------------------------------------|
