 |--------|------------|
 | ANGLE  |  PHASE FCT |
 |--------|------------|
     0.00   123.89    
     1.00   119.52    
     2.00   107.64    
     3.00   91.248    
     4.00   73.676    
     5.00   57.375    
     6.00   43.571    
     7.00   32.560    
     8.00   24.132    
     9.00   17.874    
    10.00   13.323    
    11.00   10.058    
    12.00   7.7347    
    13.00   6.0872    
    14.00   4.9176    
    15.00   4.0823    
    16.00   3.4799    
    17.00   3.0397    
    18.00   2.7122    
    19.00   2.4634    
    20.00   2.2703    
    21.00   2.1169    
    22.00   1.9920    
    23.00   1.8881    
    24.00   1.8000    
    25.00   1.7238    
    26.00   1.6570    
    27.00   1.5974    
    28.00   1.5438    
    29.00   1.4951    
    30.00   1.4503    
    31.00   1.4088    
    32.00   1.3702    
    33.00   1.3340    
    34.00   1.2998    
    35.00   1.2674    
    36.00   1.2366    
    37.00   1.2071    
    38.00   1.1788    
    39.00   1.1515    
    40.00   1.1252    
    41.00   1.0997    
    42.00   1.0750    
    43.00   1.0510    
    44.00   1.0276    
    45.00   1.0048    
    46.00  0.98260    
    47.00  0.96087    
    48.00  0.93962    
    49.00  0.91885    
    50.00  0.89852    
    51.00  0.87863    
    52.00  0.85915    
    53.00  0.84009    
    54.00  0.82143    
    55.00  0.80317    
    56.00  0.78531    
    57.00  0.76784    
    58.00  0.75076    
    59.00  0.73406    
    60.00  0.71775    
    61.00  0.70183    
    62.00  0.68629    
    63.00  0.67115    
    64.00  0.65638    
    65.00  0.64200    
    66.00  0.62801    
    67.00  0.61440    
    68.00  0.60118    
    69.00  0.58834    
    70.00  0.57589    
    71.00  0.56382    
    72.00  0.55213    
    73.00  0.54082    
    74.00  0.52990    
    75.00  0.51935    
    76.00  0.50917    
    77.00  0.49937    
    78.00  0.48995    
    79.00  0.48089    
    80.00  0.47219    
    81.00  0.46385    
    82.00  0.45588    
    83.00  0.44825    
    84.00  0.44098    
    85.00  0.43405    
    86.00  0.42745    
    87.00  0.42120    
    88.00  0.41528    
    89.00  0.40968    
    90.00  0.40440    
    91.00  0.39943    
    92.00  0.39478    
    93.00  0.39042    
    94.00  0.38637    
    95.00  0.38260    
    96.00  0.37912    
    97.00  0.37591    
    98.00  0.37298    
    99.00  0.37031    
   100.00  0.36790    
   101.00  0.36573    
   102.00  0.36382    
   103.00  0.36214    
   104.00  0.36069    
   105.00  0.35946    
   106.00  0.35846    
   107.00  0.35766    
   108.00  0.35706    
   109.00  0.35666    
   110.00  0.35645    
   111.00  0.35642    
   112.00  0.35657    
   113.00  0.35688    
   114.00  0.35735    
   115.00  0.35798    
   116.00  0.35876    
   117.00  0.35968    
   118.00  0.36073    
   119.00  0.36191    
   120.00  0.36321    
   121.00  0.36462    
   122.00  0.36614    
   123.00  0.36777    
   124.00  0.36949    
   125.00  0.37130    
   126.00  0.37319    
   127.00  0.37516    
   128.00  0.37720    
   129.00  0.37931    
   130.00  0.38147    
   131.00  0.38369    
   132.00  0.38596    
   133.00  0.38828    
   134.00  0.39063    
   135.00  0.39301    
   136.00  0.39543    
   137.00  0.39786    
   138.00  0.40032    
   139.00  0.40279    
   140.00  0.40527    
   141.00  0.40776    
   142.00  0.41025    
   143.00  0.41274    
   144.00  0.41523    
   145.00  0.41773    
   146.00  0.42021    
   147.00  0.42270    
   148.00  0.42518    
   149.00  0.42767    
   150.00  0.43015    
   151.00  0.43263    
   152.00  0.43511    
   153.00  0.43758    
   154.00  0.44004    
   155.00  0.44248    
   156.00  0.44488    
   157.00  0.44721    
   158.00  0.44945    
   159.00  0.45157    
   160.00  0.45353    
   161.00  0.45529    
   162.00  0.45684    
   163.00  0.45814    
   164.00  0.45919    
   165.00  0.46002    
   166.00  0.46065    
   167.00  0.46114    
   168.00  0.46156    
   169.00  0.46199    
   170.00  0.46251    
   171.00  0.46318    
   172.00  0.46404    
   173.00  0.46509    
   174.00  0.46631    
   175.00  0.46762    
   176.00  0.46893    
   177.00  0.47013    
   178.00  0.47108    
   179.00  0.47170    
   180.00  0.47192    
 |--------|------------|
0.760000     micron = Wavelength
0.326658     = Extinction efficiency (Q)
0.127429     = Scattering efficiency (Qs)
0.199229     = Absorption efficiency (Qa)
 68.2607     = Lidar ratio
0.151674E-01 micron^2 = <b> = Average surface area per particle
0.495454E-02 microns^2 = Extinction cross section (C)
0.193276E-02 microns^2 = Scattering cross section (Cs)
0.302178E-02 microns^2 = Absorption cross section (Ca)
 |----------------------------------------------------|
 | COMMENTAIRES:                                      |
 |----------------------------------------------------|
 |   -Cross section / <b> should = efficiency         |
 |    is independant of the normalisation of dN/dx    |
 |   -The integral of the phase fct / 4 pi over all   |
 |    directions (solid angle) = 1.                   |
 |   -The volume coefficient (k) is equal to C * N    |
 |      = cross section * Number density              |
 |      typical units: [um^2]*[particles/cm^3] =      |
 |      [10^-3 km-1]                                  |
 |      N = M/(d*4/3*pi*r^3) where d is the density   |
 |      of particle, M is the mass per unit volume    |
 |      and 4/3*pi*r^3 is the average volume  of a    |
 |      particle.                                     |
 |      typical units:  M -> [ug/m^3], d -> [g/cm^3]  |
 |                      r -> [um]                     |
 |      Lidar ratio= 4 pi Qe / phase_fct(180)*Qs      |
 |----------------------------------------------------|
