 |--------|------------|
 | ANGLE  |  PHASE FCT |
 |--------|------------|
     0.00   89.047    
     1.00   86.106    
     2.00   78.072    
     3.00   66.889    
     4.00   54.746    
     5.00   43.306    
     6.00   33.458    
     7.00   25.472    
     8.00   19.261    
     9.00   14.577    
    10.00   11.118    
    11.00   8.6014    
    12.00   6.7864    
    13.00   5.4836    
    14.00   4.5481    
    15.00   3.8733    
    16.00   3.3825    
    17.00   3.0210    
    18.00   2.7503    
    19.00   2.5434    
    20.00   2.3818    
    21.00   2.2525    
    22.00   2.1465    
    23.00   2.0575    
    24.00   1.9811    
    25.00   1.9142    
    26.00   1.8547    
    27.00   1.8008    
    28.00   1.7516    
    29.00   1.7059    
    30.00   1.6633    
    31.00   1.6231    
    32.00   1.5851    
    33.00   1.5487    
    34.00   1.5140    
    35.00   1.4805    
    36.00   1.4481    
    37.00   1.4168    
    38.00   1.3863    
    39.00   1.3566    
    40.00   1.3277    
    41.00   1.2993    
    42.00   1.2716    
    43.00   1.2444    
    44.00   1.2178    
    45.00   1.1916    
    46.00   1.1659    
    47.00   1.1406    
    48.00   1.1158    
    49.00   1.0915    
    50.00   1.0675    
    51.00   1.0440    
    52.00   1.0208    
    53.00  0.99815    
    54.00  0.97586    
    55.00  0.95400    
    56.00  0.93255    
    57.00  0.91153    
    58.00  0.89094    
    59.00  0.87077    
    60.00  0.85104    
    61.00  0.83174    
    62.00  0.81288    
    63.00  0.79448    
    64.00  0.77651    
    65.00  0.75899    
    66.00  0.74192    
    67.00  0.72530    
    68.00  0.70913    
    69.00  0.69342    
    70.00  0.67816    
    71.00  0.66336    
    72.00  0.64901    
    73.00  0.63511    
    74.00  0.62167    
    75.00  0.60867    
    76.00  0.59613    
    77.00  0.58403    
    78.00  0.57238    
    79.00  0.56116    
    80.00  0.55039    
    81.00  0.54004    
    82.00  0.53012    
    83.00  0.52063    
    84.00  0.51156    
    85.00  0.50289    
    86.00  0.49464    
    87.00  0.48679    
    88.00  0.47933    
    89.00  0.47226    
    90.00  0.46557    
    91.00  0.45927    
    92.00  0.45332    
    93.00  0.44774    
    94.00  0.44251    
    95.00  0.43763    
    96.00  0.43309    
    97.00  0.42888    
    98.00  0.42499    
    99.00  0.42141    
   100.00  0.41814    
   101.00  0.41517    
   102.00  0.41249    
   103.00  0.41009    
   104.00  0.40797    
   105.00  0.40611    
   106.00  0.40451    
   107.00  0.40315    
   108.00  0.40204    
   109.00  0.40116    
   110.00  0.40050    
   111.00  0.40006    
   112.00  0.39982    
   113.00  0.39979    
   114.00  0.39994    
   115.00  0.40028    
   116.00  0.40079    
   117.00  0.40146    
   118.00  0.40230    
   119.00  0.40328    
   120.00  0.40441    
   121.00  0.40568    
   122.00  0.40708    
   123.00  0.40859    
   124.00  0.41022    
   125.00  0.41196    
   126.00  0.41380    
   127.00  0.41573    
   128.00  0.41774    
   129.00  0.41984    
   130.00  0.42200    
   131.00  0.42424    
   132.00  0.42653    
   133.00  0.42888    
   134.00  0.43127    
   135.00  0.43371    
   136.00  0.43618    
   137.00  0.43868    
   138.00  0.44121    
   139.00  0.44377    
   140.00  0.44633    
   141.00  0.44891    
   142.00  0.45150    
   143.00  0.45409    
   144.00  0.45668    
   145.00  0.45928    
   146.00  0.46187    
   147.00  0.46446    
   148.00  0.46704    
   149.00  0.46963    
   150.00  0.47220    
   151.00  0.47476    
   152.00  0.47732    
   153.00  0.47985    
   154.00  0.48236    
   155.00  0.48483    
   156.00  0.48724    
   157.00  0.48958    
   158.00  0.49182    
   159.00  0.49393    
   160.00  0.49590    
   161.00  0.49768    
   162.00  0.49927    
   163.00  0.50066    
   164.00  0.50184    
   165.00  0.50284    
   166.00  0.50368    
   167.00  0.50442    
   168.00  0.50510    
   169.00  0.50579    
   170.00  0.50654    
   171.00  0.50739    
   172.00  0.50837    
   173.00  0.50947    
   174.00  0.51066    
   175.00  0.51188    
   176.00  0.51307    
   177.00  0.51412    
   178.00  0.51494    
   179.00  0.51547    
   180.00  0.51566    
 |--------|------------|
0.580000     micron = Wavelength
0.344997     = Extinction efficiency (Q)
0.138715     = Scattering efficiency (Qs)
0.206282     = Absorption efficiency (Qa)
 60.6096     = Lidar ratio
0.100546E-01 micron^2 = <b> = Average surface area per particle
0.346882E-02 microns^2 = Extinction cross section (C)
0.139473E-02 microns^2 = Scattering cross section (Cs)
0.207409E-02 microns^2 = Absorption cross section (Ca)
 |----------------------------------------------------|
 | COMMENTAIRES:                                      |
 |----------------------------------------------------|
 |   -Cross section / <b> should = efficiency         |
 |    is independant of the normalisation of dN/dx    |
 |   -The integral of the phase fct / 4 pi over all   |
 |    directions (solid angle) = 1.                   |
 |   -The volume coefficient (k) is equal to C * N    |
 |      = cross section * Number density              |
 |      typical units: [um^2]*[particles/cm^3] =      |
 |      [10^-3 km-1]                                  |
 |      N = M/(d*4/3*pi*r^3) where d is the density   |
 |      of particle, M is the mass per unit volume    |
 |      and 4/3*pi*r^3 is the average volume  of a    |
 |      particle.                                     |
 |      typical units:  M -> [ug/m^3], d -> [g/cm^3]  |
 |                      r -> [um]                     |
 |      Lidar ratio= 4 pi Qe / phase_fct(180)*Qs      |
 |----------------------------------------------------|
