 |--------|------------|
 | ANGLE  |  PHASE FCT |
 |--------|------------|
     0.00   77.789    
     1.00   75.819    
     2.00   70.332    
     3.00   62.402    
     4.00   53.327    
     5.00   44.224    
     6.00   35.846    
     7.00   28.576    
     8.00   22.532    
     9.00   17.666    
    10.00   13.842    
    11.00   10.887    
    12.00   8.6354    
    13.00   6.9343    
    14.00   5.6567    
    15.00   4.6996    
    16.00   3.9824    
    17.00   3.4435    
    18.00   3.0359    
    19.00   2.7250    
    20.00   2.4851    
    21.00   2.2974    
    22.00   2.1480    
    23.00   2.0270    
    24.00   1.9271    
    25.00   1.8429    
    26.00   1.7707    
    27.00   1.7077    
    28.00   1.6517    
    29.00   1.6012    
    30.00   1.5552    
    31.00   1.5126    
    32.00   1.4730    
    33.00   1.4358    
    34.00   1.4006    
    35.00   1.3671    
    36.00   1.3351    
    37.00   1.3044    
    38.00   1.2747    
    39.00   1.2461    
    40.00   1.2184    
    41.00   1.1915    
    42.00   1.1653    
    43.00   1.1398    
    44.00   1.1149    
    45.00   1.0906    
    46.00   1.0668    
    47.00   1.0436    
    48.00   1.0209    
    49.00  0.99860    
    50.00  0.97681    
    51.00  0.95547    
    52.00  0.93457    
    53.00  0.91410    
    54.00  0.89406    
    55.00  0.87444    
    56.00  0.85525    
    57.00  0.83647    
    58.00  0.81810    
    59.00  0.80015    
    60.00  0.78261    
    61.00  0.76548    
    62.00  0.74876    
    63.00  0.73247    
    64.00  0.71658    
    65.00  0.70111    
    66.00  0.68605    
    67.00  0.67141    
    68.00  0.65718    
    69.00  0.64336    
    70.00  0.62996    
    71.00  0.61697    
    72.00  0.60440    
    73.00  0.59223    
    74.00  0.58047    
    75.00  0.56912    
    76.00  0.55817    
    77.00  0.54763    
    78.00  0.53749    
    79.00  0.52774    
    80.00  0.51839    
    81.00  0.50943    
    82.00  0.50086    
    83.00  0.49267    
    84.00  0.48486    
    85.00  0.47742    
    86.00  0.47035    
    87.00  0.46365    
    88.00  0.45731    
    89.00  0.45132    
    90.00  0.44568    
    91.00  0.44038    
    92.00  0.43542    
    93.00  0.43079    
    94.00  0.42648    
    95.00  0.42249    
    96.00  0.41881    
    97.00  0.41543    
    98.00  0.41235    
    99.00  0.40956    
   100.00  0.40705    
   101.00  0.40482    
   102.00  0.40286    
   103.00  0.40116    
   104.00  0.39971    
   105.00  0.39851    
   106.00  0.39754    
   107.00  0.39681    
   108.00  0.39630    
   109.00  0.39601    
   110.00  0.39592    
   111.00  0.39604    
   112.00  0.39635    
   113.00  0.39685    
   114.00  0.39752    
   115.00  0.39837    
   116.00  0.39937    
   117.00  0.40054    
   118.00  0.40185    
   119.00  0.40331    
   120.00  0.40490    
   121.00  0.40661    
   122.00  0.40845    
   123.00  0.41040    
   124.00  0.41245    
   125.00  0.41461    
   126.00  0.41686    
   127.00  0.41919    
   128.00  0.42160    
   129.00  0.42409    
   130.00  0.42664    
   131.00  0.42926    
   132.00  0.43192    
   133.00  0.43464    
   134.00  0.43740    
   135.00  0.44020    
   136.00  0.44304    
   137.00  0.44590    
   138.00  0.44879    
   139.00  0.45170    
   140.00  0.45462    
   141.00  0.45757    
   142.00  0.46052    
   143.00  0.46348    
   144.00  0.46646    
   145.00  0.46944    
   146.00  0.47244    
   147.00  0.47544    
   148.00  0.47844    
   149.00  0.48145    
   150.00  0.48446    
   151.00  0.48746    
   152.00  0.49045    
   153.00  0.49340    
   154.00  0.49630    
   155.00  0.49913    
   156.00  0.50186    
   157.00  0.50446    
   158.00  0.50689    
   159.00  0.50912    
   160.00  0.51112    
   161.00  0.51286    
   162.00  0.51434    
   163.00  0.51557    
   164.00  0.51655    
   165.00  0.51734    
   166.00  0.51800    
   167.00  0.51859    
   168.00  0.51919    
   169.00  0.51989    
   170.00  0.52075    
   171.00  0.52181    
   172.00  0.52308    
   173.00  0.52455    
   174.00  0.52616    
   175.00  0.52783    
   176.00  0.52943    
   177.00  0.53085    
   178.00  0.53196    
   179.00  0.53267    
   180.00  0.53292    
 |--------|------------|
0.550000     micron = Wavelength
0.296602     = Extinction efficiency (Q)
0.112019     = Scattering efficiency (Qs)
0.184583     = Absorption efficiency (Qa)
 62.4353     = Lidar ratio
0.730526E-02 micron^2 = <b> = Average surface area per particle
0.216675E-02 microns^2 = Extinction cross section (C)
0.818328E-03 microns^2 = Scattering cross section (Cs)
0.134843E-02 microns^2 = Absorption cross section (Ca)
 |----------------------------------------------------|
 | COMMENTAIRES:                                      |
 |----------------------------------------------------|
 |   -Cross section / <b> should = efficiency         |
 |    is independant of the normalisation of dN/dx    |
 |   -The integral of the phase fct / 4 pi over all   |
 |    directions (solid angle) = 1.                   |
 |   -The volume coefficient (k) is equal to C * N    |
 |      = cross section * Number density              |
 |      typical units: [um^2]*[particles/cm^3] =      |
 |      [10^-3 km-1]                                  |
 |      N = M/(d*4/3*pi*r^3) where d is the density   |
 |      of particle, M is the mass per unit volume    |
 |      and 4/3*pi*r^3 is the average volume  of a    |
 |      particle.                                     |
 |      typical units:  M -> [ug/m^3], d -> [g/cm^3]  |
 |                      r -> [um]                     |
 |      Lidar ratio= 4 pi Qe / phase_fct(180)*Qs      |
 |----------------------------------------------------|
