 |--------|------------|
 | ANGLE  |  PHASE FCT |
 |--------|------------|
     0.00   115.97    
     1.00   104.88    
     2.00   77.934    
     3.00   48.616    
     4.00   27.168    
     5.00   15.518    
     6.00   10.245    
     7.00   7.7708    
     8.00   6.4389    
     9.00   5.7295    
    10.00   5.3357    
    11.00   5.0535    
    12.00   4.8347    
    13.00   4.6730    
    14.00   4.5382    
    15.00   4.4133    
    16.00   4.3028    
    17.00   4.2040    
    18.00   4.1085    
    19.00   4.0159    
    20.00   3.9280    
    21.00   3.8421    
    22.00   3.7562    
    23.00   3.6717    
    24.00   3.5885    
    25.00   3.5053    
    26.00   3.4221    
    27.00   3.3397    
    28.00   3.2576    
    29.00   3.1756    
    30.00   3.0940    
    31.00   3.0131    
    32.00   2.9325    
    33.00   2.8525    
    34.00   2.7733    
    35.00   2.6949    
    36.00   2.6172    
    37.00   2.5405    
    38.00   2.4648    
    39.00   2.3902    
    40.00   2.3167    
    41.00   2.2445    
    42.00   2.1735    
    43.00   2.1039    
    44.00   2.0356    
    45.00   1.9687    
    46.00   1.9034    
    47.00   1.8395    
    48.00   1.7771    
    49.00   1.7162    
    50.00   1.6569    
    51.00   1.5991    
    52.00   1.5430    
    53.00   1.4884    
    54.00   1.4353    
    55.00   1.3839    
    56.00   1.3340    
    57.00   1.2857    
    58.00   1.2388    
    59.00   1.1936    
    60.00   1.1498    
    61.00   1.1075    
    62.00   1.0666    
    63.00   1.0272    
    64.00  0.98919    
    65.00  0.95255    
    66.00  0.91726    
    67.00  0.88328    
    68.00  0.85059    
    69.00  0.81915    
    70.00  0.78893    
    71.00  0.75990    
    72.00  0.73202    
    73.00  0.70527    
    74.00  0.67960    
    75.00  0.65499    
    76.00  0.63141    
    77.00  0.60881    
    78.00  0.58717    
    79.00  0.56645    
    80.00  0.54664    
    81.00  0.52768    
    82.00  0.50956    
    83.00  0.49224    
    84.00  0.47569    
    85.00  0.45989    
    86.00  0.44480    
    87.00  0.43041    
    88.00  0.41668    
    89.00  0.40358    
    90.00  0.39110    
    91.00  0.37921    
    92.00  0.36789    
    93.00  0.35711    
    94.00  0.34685    
    95.00  0.33709    
    96.00  0.32781    
    97.00  0.31899    
    98.00  0.31062    
    99.00  0.30266    
   100.00  0.29511    
   101.00  0.28795    
   102.00  0.28117    
   103.00  0.27473    
   104.00  0.26864    
   105.00  0.26288    
   106.00  0.25743    
   107.00  0.25229    
   108.00  0.24743    
   109.00  0.24285    
   110.00  0.23853    
   111.00  0.23446    
   112.00  0.23064    
   113.00  0.22705    
   114.00  0.22368    
   115.00  0.22053    
   116.00  0.21758    
   117.00  0.21483    
   118.00  0.21227    
   119.00  0.20988    
   120.00  0.20767    
   121.00  0.20563    
   122.00  0.20374    
   123.00  0.20200    
   124.00  0.20041    
   125.00  0.19897    
   126.00  0.19765    
   127.00  0.19646    
   128.00  0.19540    
   129.00  0.19445    
   130.00  0.19362    
   131.00  0.19289    
   132.00  0.19227    
   133.00  0.19174    
   134.00  0.19131    
   135.00  0.19097    
   136.00  0.19071    
   137.00  0.19053    
   138.00  0.19043    
   139.00  0.19040    
   140.00  0.19044    
   141.00  0.19055    
   142.00  0.19072    
   143.00  0.19094    
   144.00  0.19122    
   145.00  0.19154    
   146.00  0.19191    
   147.00  0.19233    
   148.00  0.19278    
   149.00  0.19327    
   150.00  0.19379    
   151.00  0.19434    
   152.00  0.19491    
   153.00  0.19550    
   154.00  0.19611    
   155.00  0.19673    
   156.00  0.19736    
   157.00  0.19800    
   158.00  0.19865    
   159.00  0.19929    
   160.00  0.19993    
   161.00  0.20057    
   162.00  0.20119    
   163.00  0.20180    
   164.00  0.20240    
   165.00  0.20297    
   166.00  0.20352    
   167.00  0.20404    
   168.00  0.20453    
   169.00  0.20500    
   170.00  0.20543    
   171.00  0.20583    
   172.00  0.20619    
   173.00  0.20652    
   174.00  0.20681    
   175.00  0.20706    
   176.00  0.20727    
   177.00  0.20744    
   178.00  0.20756    
   179.00  0.20764    
   180.00  0.20766    
 |--------|------------|
0.430000     micron = Wavelength
0.979694     = Extinction efficiency (Q)
0.557975     = Scattering efficiency (Qs)
0.421719     = Absorption efficiency (Qa)
 106.250     = Lidar ratio
0.199108E-01 micron^2 = <b> = Average surface area per particle
0.195065E-01 microns^2 = Extinction cross section (C)
0.111097E-01 microns^2 = Scattering cross section (Cs)
0.839675E-02 microns^2 = Absorption cross section (Ca)
 |----------------------------------------------------|
 | COMMENTAIRES:                                      |
 |----------------------------------------------------|
 |   -Cross section / <b> should = efficiency         |
 |    is independant of the normalisation of dN/dx    |
 |   -The integral of the phase fct / 4 pi over all   |
 |    directions (solid angle) = 1.                   |
 |   -The volume coefficient (k) is equal to C * N    |
 |      = cross section * Number density              |
 |      typical units: [um^2]*[particles/cm^3] =      |
 |      [10^-3 km-1]                                  |
 |      N = M/(d*4/3*pi*r^3) where d is the density   |
 |      of particle, M is the mass per unit volume    |
 |      and 4/3*pi*r^3 is the average volume  of a    |
 |      particle.                                     |
 |      typical units:  M -> [ug/m^3], d -> [g/cm^3]  |
 |                      r -> [um]                     |
 |      Lidar ratio= 4 pi Qe / phase_fct(180)*Qs      |
 |----------------------------------------------------|
