 |--------|------------|
 | ANGLE  |  PHASE FCT |
 |--------|------------|
     0.00   56.112    
     1.00   55.335    
     2.00   53.097    
     3.00   49.659    
     4.00   45.376    
     5.00   40.624    
     6.00   35.736    
     7.00   30.977    
     8.00   26.531    
     9.00   22.506    
    10.00   18.954    
    11.00   15.882    
    12.00   13.267    
    13.00   11.073    
    14.00   9.2494    
    15.00   7.7475    
    16.00   6.5186    
    17.00   5.5187    
    18.00   4.7078    
    19.00   4.0518    
    20.00   3.5218    
    21.00   3.0934    
    22.00   2.7467    
    23.00   2.4653    
    24.00   2.2360    
    25.00   2.0481    
    26.00   1.8931    
    27.00   1.7643    
    28.00   1.6563    
    29.00   1.5648    
    30.00   1.4864    
    31.00   1.4185    
    32.00   1.3591    
    33.00   1.3064    
    34.00   1.2593    
    35.00   1.2166    
    36.00   1.1775    
    37.00   1.1416    
    38.00   1.1081    
    39.00   1.0769    
    40.00   1.0474    
    41.00   1.0195    
    42.00  0.99302    
    43.00  0.96772    
    44.00  0.94348    
    45.00  0.92021    
    46.00  0.89781    
    47.00  0.87621    
    48.00  0.85535    
    49.00  0.83517    
    50.00  0.81564    
    51.00  0.79671    
    52.00  0.77835    
    53.00  0.76053    
    54.00  0.74325    
    55.00  0.72646    
    56.00  0.71015    
    57.00  0.69431    
    58.00  0.67893    
    59.00  0.66398    
    60.00  0.64947    
    61.00  0.63539    
    62.00  0.62171    
    63.00  0.60844    
    64.00  0.59557    
    65.00  0.58309    
    66.00  0.57100    
    67.00  0.55929    
    68.00  0.54796    
    69.00  0.53699    
    70.00  0.52639    
    71.00  0.51616    
    72.00  0.50628    
    73.00  0.49675    
    74.00  0.48757    
    75.00  0.47874    
    76.00  0.47025    
    77.00  0.46210    
    78.00  0.45428    
    79.00  0.44680    
    80.00  0.43963    
    81.00  0.43280    
    82.00  0.42628    
    83.00  0.42007    
    84.00  0.41418    
    85.00  0.40859    
    86.00  0.40330    
    87.00  0.39832    
    88.00  0.39362    
    89.00  0.38922    
    90.00  0.38510    
    91.00  0.38126    
    92.00  0.37769    
    93.00  0.37440    
    94.00  0.37137    
    95.00  0.36860    
    96.00  0.36608    
    97.00  0.36382    
    98.00  0.36180    
    99.00  0.36002    
   100.00  0.35848    
   101.00  0.35716    
   102.00  0.35606    
   103.00  0.35519    
   104.00  0.35452    
   105.00  0.35407    
   106.00  0.35381    
   107.00  0.35374    
   108.00  0.35387    
   109.00  0.35418    
   110.00  0.35466    
   111.00  0.35532    
   112.00  0.35614    
   113.00  0.35712    
   114.00  0.35826    
   115.00  0.35954    
   116.00  0.36097    
   117.00  0.36253    
   118.00  0.36422    
   119.00  0.36604    
   120.00  0.36798    
   121.00  0.37003    
   122.00  0.37219    
   123.00  0.37445    
   124.00  0.37681    
   125.00  0.37927    
   126.00  0.38182    
   127.00  0.38445    
   128.00  0.38716    
   129.00  0.38996    
   130.00  0.39283    
   131.00  0.39577    
   132.00  0.39878    
   133.00  0.40187    
   134.00  0.40502    
   135.00  0.40823    
   136.00  0.41151    
   137.00  0.41485    
   138.00  0.41826    
   139.00  0.42172    
   140.00  0.42524    
   141.00  0.42882    
   142.00  0.43244    
   143.00  0.43610    
   144.00  0.43980    
   145.00  0.44351    
   146.00  0.44723    
   147.00  0.45092    
   148.00  0.45458    
   149.00  0.45815    
   150.00  0.46162    
   151.00  0.46496    
   152.00  0.46811    
   153.00  0.47105    
   154.00  0.47374    
   155.00  0.47616    
   156.00  0.47828    
   157.00  0.48009    
   158.00  0.48162    
   159.00  0.48287    
   160.00  0.48389    
   161.00  0.48475    
   162.00  0.48552    
   163.00  0.48630    
   164.00  0.48719    
   165.00  0.48831    
   166.00  0.48974    
   167.00  0.49158    
   168.00  0.49388    
   169.00  0.49667    
   170.00  0.49994    
   171.00  0.50364    
   172.00  0.50767    
   173.00  0.51189    
   174.00  0.51612    
   175.00  0.52019    
   176.00  0.52387    
   177.00  0.52697    
   178.00  0.52933    
   179.00  0.53081    
   180.00  0.53131    
 |--------|------------|
0.430000     micron = Wavelength
0.222442     = Extinction efficiency (Q)
0.789942E-01 = Scattering efficiency (Qs)
0.143448     = Absorption efficiency (Qa)
 66.6018     = Lidar ratio
0.259482E-02 micron^2 = <b> = Average surface area per particle
0.577197E-03 microns^2 = Extinction cross section (C)
0.204976E-03 microns^2 = Scattering cross section (Cs)
0.372221E-03 microns^2 = Absorption cross section (Ca)
 |----------------------------------------------------|
 | COMMENTAIRES:                                      |
 |----------------------------------------------------|
 |   -Cross section / <b> should = efficiency         |
 |    is independant of the normalisation of dN/dx    |
 |   -The integral of the phase fct / 4 pi over all   |
 |    directions (solid angle) = 1.                   |
 |   -The volume coefficient (k) is equal to C * N    |
 |      = cross section * Number density              |
 |      typical units: [um^2]*[particles/cm^3] =      |
 |      [10^-3 km-1]                                  |
 |      N = M/(d*4/3*pi*r^3) where d is the density   |
 |      of particle, M is the mass per unit volume    |
 |      and 4/3*pi*r^3 is the average volume  of a    |
 |      particle.                                     |
 |      typical units:  M -> [ug/m^3], d -> [g/cm^3]  |
 |                      r -> [um]                     |
 |      Lidar ratio= 4 pi Qe / phase_fct(180)*Qs      |
 |----------------------------------------------------|
