 |--------|------------|
 | ANGLE  |  PHASE FCT |
 |--------|------------|
     0.00   45.416    
     1.00   45.024    
     2.00   43.881    
     3.00   42.072    
     4.00   39.721    
     5.00   36.976    
     6.00   33.984    
     7.00   30.882    
     8.00   27.786    
     9.00   24.788    
    10.00   21.954    
    11.00   19.328    
    12.00   16.933    
    13.00   14.780    
    14.00   12.866    
    15.00   11.182    
    16.00   9.7119    
    17.00   8.4371    
    18.00   7.3381    
    19.00   6.3951    
    20.00   5.5889    
    21.00   4.9017    
    22.00   4.3171    
    23.00   3.8204    
    24.00   3.3986    
    25.00   3.0403    
    26.00   2.7357    
    27.00   2.4764    
    28.00   2.2549    
    29.00   2.0654    
    30.00   1.9024    
    31.00   1.7618    
    32.00   1.6398    
    33.00   1.5334    
    34.00   1.4400    
    35.00   1.3576    
    36.00   1.2844    
    37.00   1.2189    
    38.00   1.1600    
    39.00   1.1066    
    40.00   1.0580    
    41.00   1.0134    
    42.00  0.97230    
    43.00  0.93422    
    44.00  0.89878    
    45.00  0.86564    
    46.00  0.83455    
    47.00  0.80529    
    48.00  0.77765    
    49.00  0.75150    
    50.00  0.72667    
    51.00  0.70307    
    52.00  0.68059    
    53.00  0.65915    
    54.00  0.63869    
    55.00  0.61912    
    56.00  0.60040    
    57.00  0.58248    
    58.00  0.56531    
    59.00  0.54886    
    60.00  0.53308    
    61.00  0.51795    
    62.00  0.50344    
    63.00  0.48951    
    64.00  0.47615    
    65.00  0.46333    
    66.00  0.45104    
    67.00  0.43923    
    68.00  0.42792    
    69.00  0.41706    
    70.00  0.40665    
    71.00  0.39667    
    72.00  0.38711    
    73.00  0.37796    
    74.00  0.36919    
    75.00  0.36080    
    76.00  0.35277    
    77.00  0.34510    
    78.00  0.33777    
    79.00  0.33078    
    80.00  0.32410    
    81.00  0.31774    
    82.00  0.31169    
    83.00  0.30592    
    84.00  0.30045    
    85.00  0.29525    
    86.00  0.29033    
    87.00  0.28566    
    88.00  0.28126    
    89.00  0.27710    
    90.00  0.27318    
    91.00  0.26950    
    92.00  0.26605    
    93.00  0.26282    
    94.00  0.25981    
    95.00  0.25700    
    96.00  0.25440    
    97.00  0.25200    
    98.00  0.24980    
    99.00  0.24778    
   100.00  0.24594    
   101.00  0.24428    
   102.00  0.24279    
   103.00  0.24147    
   104.00  0.24032    
   105.00  0.23932    
   106.00  0.23848    
   107.00  0.23778    
   108.00  0.23723    
   109.00  0.23682    
   110.00  0.23654    
   111.00  0.23640    
   112.00  0.23639    
   113.00  0.23650    
   114.00  0.23674    
   115.00  0.23709    
   116.00  0.23756    
   117.00  0.23814    
   118.00  0.23883    
   119.00  0.23963    
   120.00  0.24053    
   121.00  0.24154    
   122.00  0.24265    
   123.00  0.24386    
   124.00  0.24516    
   125.00  0.24657    
   126.00  0.24807    
   127.00  0.24968    
   128.00  0.25138    
   129.00  0.25318    
   130.00  0.25508    
   131.00  0.25708    
   132.00  0.25918    
   133.00  0.26138    
   134.00  0.26368    
   135.00  0.26608    
   136.00  0.26858    
   137.00  0.27118    
   138.00  0.27386    
   139.00  0.27663    
   140.00  0.27947    
   141.00  0.28237    
   142.00  0.28531    
   143.00  0.28828    
   144.00  0.29124    
   145.00  0.29418    
   146.00  0.29705    
   147.00  0.29981    
   148.00  0.30244    
   149.00  0.30488    
   150.00  0.30708    
   151.00  0.30901    
   152.00  0.31063    
   153.00  0.31189    
   154.00  0.31279    
   155.00  0.31331    
   156.00  0.31345    
   157.00  0.31325    
   158.00  0.31274    
   159.00  0.31201    
   160.00  0.31114    
   161.00  0.31025    
   162.00  0.30946    
   163.00  0.30892    
   164.00  0.30875    
   165.00  0.30911    
   166.00  0.31009    
   167.00  0.31178    
   168.00  0.31424    
   169.00  0.31747    
   170.00  0.32142    
   171.00  0.32597    
   172.00  0.33100    
   173.00  0.33628    
   174.00  0.34159    
   175.00  0.34668    
   176.00  0.35129    
   177.00  0.35517    
   178.00  0.35811    
   179.00  0.35994    
   180.00  0.36056    
 |--------|------------|
0.550000     micron = Wavelength
0.177801     = Extinction efficiency (Q)
0.644947E-01 = Scattering efficiency (Qs)
0.113307     = Absorption efficiency (Qa)
 96.0820     = Lidar ratio
0.259481E-02 micron^2 = <b> = Average surface area per particle
0.461360E-03 microns^2 = Extinction cross section (C)
0.167351E-03 microns^2 = Scattering cross section (Cs)
0.294009E-03 microns^2 = Absorption cross section (Ca)
 |----------------------------------------------------|
 | COMMENTAIRES:                                      |
 |----------------------------------------------------|
 |   -Cross section / <b> should = efficiency         |
 |    is independant of the normalisation of dN/dx    |
 |   -The integral of the phase fct / 4 pi over all   |
 |    directions (solid angle) = 1.                   |
 |   -The volume coefficient (k) is equal to C * N    |
 |      = cross section * Number density              |
 |      typical units: [um^2]*[particles/cm^3] =      |
 |      [10^-3 km-1]                                  |
 |      N = M/(d*4/3*pi*r^3) where d is the density   |
 |      of particle, M is the mass per unit volume    |
 |      and 4/3*pi*r^3 is the average volume  of a    |
 |      particle.                                     |
 |      typical units:  M -> [ug/m^3], d -> [g/cm^3]  |
 |                      r -> [um]                     |
 |      Lidar ratio= 4 pi Qe / phase_fct(180)*Qs      |
 |----------------------------------------------------|
