 |--------|------------|
 | ANGLE  |  PHASE FCT |
 |--------|------------|
     0.00   87.727    
     1.00   84.558    
     2.00   75.964    
     3.00   64.177    
     4.00   51.643    
     5.00   40.128    
     6.00   30.478    
     7.00   22.858    
     8.00   17.083    
     9.00   12.834    
    10.00   9.7710    
    11.00   7.5896    
    12.00   6.0468    
    13.00   4.9580    
    14.00   4.1867    
    15.00   3.6354    
    16.00   3.2364    
    17.00   2.9425    
    18.00   2.7210    
    19.00   2.5499    
    20.00   2.4143    
    21.00   2.3038    
    22.00   2.2113    
    23.00   2.1322    
    24.00   2.0629    
    25.00   2.0011    
    26.00   1.9452    
    27.00   1.8939    
    28.00   1.8463    
    29.00   1.8017    
    30.00   1.7596    
    31.00   1.7196    
    32.00   1.6813    
    33.00   1.6445    
    34.00   1.6090    
    35.00   1.5746    
    36.00   1.5411    
    37.00   1.5086    
    38.00   1.4767    
    39.00   1.4455    
    40.00   1.4150    
    41.00   1.3850    
    42.00   1.3556    
    43.00   1.3267    
    44.00   1.2982    
    45.00   1.2702    
    46.00   1.2426    
    47.00   1.2155    
    48.00   1.1887    
    49.00   1.1625    
    50.00   1.1366    
    51.00   1.1111    
    52.00   1.0861    
    53.00   1.0615    
    54.00   1.0373    
    55.00   1.0136    
    56.00  0.99031    
    57.00  0.96746    
    58.00  0.94506    
    59.00  0.92313    
    60.00  0.90166    
    61.00  0.88065    
    62.00  0.86011    
    63.00  0.84006    
    64.00  0.82047    
    65.00  0.80138    
    66.00  0.78277    
    67.00  0.76465    
    68.00  0.74701    
    69.00  0.72987    
    70.00  0.71322    
    71.00  0.69706    
    72.00  0.68140    
    73.00  0.66622    
    74.00  0.65153    
    75.00  0.63734    
    76.00  0.62363    
    77.00  0.61039    
    78.00  0.59764    
    79.00  0.58536    
    80.00  0.57355    
    81.00  0.56220    
    82.00  0.55132    
    83.00  0.54089    
    84.00  0.53091    
    85.00  0.52137    
    86.00  0.51227    
    87.00  0.50360    
    88.00  0.49535    
    89.00  0.48752    
    90.00  0.48009    
    91.00  0.47307    
    92.00  0.46644    
    93.00  0.46019    
    94.00  0.45433    
    95.00  0.44882    
    96.00  0.44368    
    97.00  0.43889    
    98.00  0.43444    
    99.00  0.43033    
   100.00  0.42653    
   101.00  0.42306    
   102.00  0.41989    
   103.00  0.41702    
   104.00  0.41444    
   105.00  0.41214    
   106.00  0.41010    
   107.00  0.40834    
   108.00  0.40682    
   109.00  0.40555    
   110.00  0.40451    
   111.00  0.40370    
   112.00  0.40311    
   113.00  0.40272    
   114.00  0.40254    
   115.00  0.40255    
   116.00  0.40274    
   117.00  0.40311    
   118.00  0.40365    
   119.00  0.40434    
   120.00  0.40519    
   121.00  0.40618    
   122.00  0.40731    
   123.00  0.40856    
   124.00  0.40993    
   125.00  0.41142    
   126.00  0.41301    
   127.00  0.41470    
   128.00  0.41649    
   129.00  0.41836    
   130.00  0.42030    
   131.00  0.42232    
   132.00  0.42440    
   133.00  0.42654    
   134.00  0.42873    
   135.00  0.43097    
   136.00  0.43325    
   137.00  0.43556    
   138.00  0.43791    
   139.00  0.44027    
   140.00  0.44266    
   141.00  0.44506    
   142.00  0.44747    
   143.00  0.44989    
   144.00  0.45231    
   145.00  0.45473    
   146.00  0.45715    
   147.00  0.45956    
   148.00  0.46197    
   149.00  0.46437    
   150.00  0.46676    
   151.00  0.46914    
   152.00  0.47150    
   153.00  0.47385    
   154.00  0.47617    
   155.00  0.47846    
   156.00  0.48070    
   157.00  0.48287    
   158.00  0.48497    
   159.00  0.48697    
   160.00  0.48884    
   161.00  0.49056    
   162.00  0.49213    
   163.00  0.49352    
   164.00  0.49474    
   165.00  0.49580    
   166.00  0.49672    
   167.00  0.49753    
   168.00  0.49828    
   169.00  0.49902    
   170.00  0.49979    
   171.00  0.50061    
   172.00  0.50151    
   173.00  0.50250    
   174.00  0.50354    
   175.00  0.50460    
   176.00  0.50561    
   177.00  0.50649    
   178.00  0.50719    
   179.00  0.50764    
   180.00  0.50779    
 |--------|------------|
0.550000     micron = Wavelength
0.373639     = Extinction efficiency (Q)
0.155206     = Scattering efficiency (Qs)
0.218434     = Absorption efficiency (Qa)
 59.5759     = Lidar ratio
0.100546E-01 micron^2 = <b> = Average surface area per particle
0.375678E-02 microns^2 = Extinction cross section (C)
0.156052E-02 microns^2 = Scattering cross section (Cs)
0.219626E-02 microns^2 = Absorption cross section (Ca)
 |----------------------------------------------------|
 | COMMENTAIRES:                                      |
 |----------------------------------------------------|
 |   -Cross section / <b> should = efficiency         |
 |    is independant of the normalisation of dN/dx    |
 |   -The integral of the phase fct / 4 pi over all   |
 |    directions (solid angle) = 1.                   |
 |   -The volume coefficient (k) is equal to C * N    |
 |      = cross section * Number density              |
 |      typical units: [um^2]*[particles/cm^3] =      |
 |      [10^-3 km-1]                                  |
 |      N = M/(d*4/3*pi*r^3) where d is the density   |
 |      of particle, M is the mass per unit volume    |
 |      and 4/3*pi*r^3 is the average volume  of a    |
 |      particle.                                     |
 |      typical units:  M -> [ug/m^3], d -> [g/cm^3]  |
 |                      r -> [um]                     |
 |      Lidar ratio= 4 pi Qe / phase_fct(180)*Qs      |
 |----------------------------------------------------|
