 |--------|------------|
 | ANGLE  |  PHASE FCT |
 |--------|------------|
     0.00   43.816    
     1.00   43.474    
     2.00   42.471    
     3.00   40.876    
     4.00   38.792    
     5.00   36.340    
     6.00   33.644    
     7.00   30.823    
     8.00   27.977    
     9.00   25.192    
    10.00   22.529    
    11.00   20.032    
    12.00   17.729    
    13.00   15.633    
    14.00   13.747    
    15.00   12.067    
    16.00   10.582    
    17.00   9.2775    
    18.00   8.1390    
    19.00   7.1497    
    20.00   6.2930    
    21.00   5.5533    
    22.00   4.9160    
    23.00   4.3676    
    24.00   3.8959    
    25.00   3.4902    
    26.00   3.1410    
    27.00   2.8400    
    28.00   2.5801    
    29.00   2.3552    
    30.00   2.1598    
    31.00   1.9895    
    32.00   1.8406    
    33.00   1.7097    
    34.00   1.5941    
    35.00   1.4916    
    36.00   1.4002    
    37.00   1.3182    
    38.00   1.2444    
    39.00   1.1776    
    40.00   1.1168    
    41.00   1.0612    
    42.00   1.0102    
    43.00  0.96310    
    44.00  0.91954    
    45.00  0.87906    
    46.00  0.84134    
    47.00  0.80608    
    48.00  0.77303    
    49.00  0.74197    
    50.00  0.71273    
    51.00  0.68516    
    52.00  0.65909    
    53.00  0.63443    
    54.00  0.61106    
    55.00  0.58890    
    56.00  0.56785    
    57.00  0.54785    
    58.00  0.52883    
    59.00  0.51073    
    60.00  0.49350    
    61.00  0.47709    
    62.00  0.46144    
    63.00  0.44653    
    64.00  0.43232    
    65.00  0.41876    
    66.00  0.40583    
    67.00  0.39349    
    68.00  0.38172    
    69.00  0.37050    
    70.00  0.35979    
    71.00  0.34957    
    72.00  0.33983    
    73.00  0.33053    
    74.00  0.32167    
    75.00  0.31323    
    76.00  0.30518    
    77.00  0.29752    
    78.00  0.29022    
    79.00  0.28327    
    80.00  0.27667    
    81.00  0.27038    
    82.00  0.26441    
    83.00  0.25874    
    84.00  0.25337    
    85.00  0.24827    
    86.00  0.24344    
    87.00  0.23887    
    88.00  0.23455    
    89.00  0.23048    
    90.00  0.22664    
    91.00  0.22302    
    92.00  0.21962    
    93.00  0.21644    
    94.00  0.21345    
    95.00  0.21066    
    96.00  0.20807    
    97.00  0.20566    
    98.00  0.20342    
    99.00  0.20136    
   100.00  0.19946    
   101.00  0.19772    
   102.00  0.19614    
   103.00  0.19471    
   104.00  0.19342    
   105.00  0.19228    
   106.00  0.19127    
   107.00  0.19040    
   108.00  0.18965    
   109.00  0.18903    
   110.00  0.18853    
   111.00  0.18814    
   112.00  0.18787    
   113.00  0.18770    
   114.00  0.18765    
   115.00  0.18769    
   116.00  0.18784    
   117.00  0.18808    
   118.00  0.18842    
   119.00  0.18885    
   120.00  0.18938    
   121.00  0.18999    
   122.00  0.19069    
   123.00  0.19148    
   124.00  0.19235    
   125.00  0.19331    
   126.00  0.19436    
   127.00  0.19549    
   128.00  0.19670    
   129.00  0.19800    
   130.00  0.19938    
   131.00  0.20085    
   132.00  0.20240    
   133.00  0.20404    
   134.00  0.20577    
   135.00  0.20758    
   136.00  0.20949    
   137.00  0.21147    
   138.00  0.21354    
   139.00  0.21569    
   140.00  0.21791    
   141.00  0.22019    
   142.00  0.22253    
   143.00  0.22490    
   144.00  0.22730    
   145.00  0.22969    
   146.00  0.23206    
   147.00  0.23437    
   148.00  0.23658    
   149.00  0.23867    
   150.00  0.24058    
   151.00  0.24228    
   152.00  0.24371    
   153.00  0.24484    
   154.00  0.24564    
   155.00  0.24607    
   156.00  0.24611    
   157.00  0.24576    
   158.00  0.24504    
   159.00  0.24397    
   160.00  0.24262    
   161.00  0.24106    
   162.00  0.23938    
   163.00  0.23771    
   164.00  0.23616    
   165.00  0.23487    
   166.00  0.23395    
   167.00  0.23353    
   168.00  0.23368    
   169.00  0.23444    
   170.00  0.23584    
   171.00  0.23783    
   172.00  0.24031    
   173.00  0.24318    
   174.00  0.24624    
   175.00  0.24931    
   176.00  0.25219    
   177.00  0.25468    
   178.00  0.25660    
   179.00  0.25781    
   180.00  0.25822    
 |--------|------------|
0.590000     micron = Wavelength
0.172989     = Extinction efficiency (Q)
0.641240E-01 = Scattering efficiency (Qs)
0.108865     = Absorption efficiency (Qa)
 131.286     = Lidar ratio
0.272778E-02 micron^2 = <b> = Average surface area per particle
0.471878E-03 microns^2 = Extinction cross section (C)
0.174916E-03 microns^2 = Scattering cross section (Cs)
0.296961E-03 microns^2 = Absorption cross section (Ca)
 |----------------------------------------------------|
 | COMMENTAIRES:                                      |
 |----------------------------------------------------|
 |   -Cross section / <b> should = efficiency         |
 |    is independant of the normalisation of dN/dx    |
 |   -The integral of the phase fct / 4 pi over all   |
 |    directions (solid angle) = 1.                   |
 |   -The volume coefficient (k) is equal to C * N    |
 |      = cross section * Number density              |
 |      typical units: [um^2]*[particles/cm^3] =      |
 |      [10^-3 km-1]                                  |
 |      N = M/(d*4/3*pi*r^3) where d is the density   |
 |      of particle, M is the mass per unit volume    |
 |      and 4/3*pi*r^3 is the average volume  of a    |
 |      particle.                                     |
 |      typical units:  M -> [ug/m^3], d -> [g/cm^3]  |
 |                      r -> [um]                     |
 |      Lidar ratio= 4 pi Qe / phase_fct(180)*Qs      |
 |----------------------------------------------------|
