 |--------|------------|
 | ANGLE  |  PHASE FCT |
 |--------|------------|
     0.00   65.667    
     1.00   63.328    
     2.00   56.983    
     3.00   48.281    
     4.00   39.025    
     5.00   30.519    
     6.00   23.388    
     7.00   17.754    
     8.00   13.482    
     9.00   10.337    
    10.00   8.0663    
    11.00   6.4474    
    12.00   5.3001    
    13.00   4.4878    
    14.00   3.9100    
    15.00   3.4947    
    16.00   3.1915    
    17.00   2.9658    
    18.00   2.7934    
    19.00   2.6580    
    20.00   2.5487    
    21.00   2.4576    
    22.00   2.3797    
    23.00   2.3114    
    24.00   2.2503    
    25.00   2.1945    
    26.00   2.1429    
    27.00   2.0945    
    28.00   2.0487    
    29.00   2.0050    
    30.00   1.9629    
    31.00   1.9224    
    32.00   1.8830    
    33.00   1.8447    
    34.00   1.8072    
    35.00   1.7705    
    36.00   1.7344    
    37.00   1.6990    
    38.00   1.6641    
    39.00   1.6297    
    40.00   1.5958    
    41.00   1.5623    
    42.00   1.5293    
    43.00   1.4967    
    44.00   1.4644    
    45.00   1.4326    
    46.00   1.4012    
    47.00   1.3702    
    48.00   1.3396    
    49.00   1.3095    
    50.00   1.2798    
    51.00   1.2505    
    52.00   1.2216    
    53.00   1.1932    
    54.00   1.1653    
    55.00   1.1379    
    56.00   1.1110    
    57.00   1.0845    
    58.00   1.0586    
    59.00   1.0331    
    60.00   1.0082    
    61.00  0.98387    
    62.00  0.96003    
    63.00  0.93675    
    64.00  0.91400    
    65.00  0.89182    
    66.00  0.87018    
    67.00  0.84911    
    68.00  0.82860    
    69.00  0.80865    
    70.00  0.78926    
    71.00  0.77044    
    72.00  0.75219    
    73.00  0.73450    
    74.00  0.71736    
    75.00  0.70079    
    76.00  0.68476    
    77.00  0.66929    
    78.00  0.65437    
    79.00  0.63999    
    80.00  0.62615    
    81.00  0.61284    
    82.00  0.60004    
    83.00  0.58777    
    84.00  0.57601    
    85.00  0.56475    
    86.00  0.55399    
    87.00  0.54371    
    88.00  0.53391    
    89.00  0.52458    
    90.00  0.51572    
    91.00  0.50730    
    92.00  0.49933    
    93.00  0.49179    
    94.00  0.48468    
    95.00  0.47798    
    96.00  0.47168    
    97.00  0.46577    
    98.00  0.46025    
    99.00  0.45511    
   100.00  0.45032    
   101.00  0.44589    
   102.00  0.44180    
   103.00  0.43805    
   104.00  0.43462    
   105.00  0.43150    
   106.00  0.42868    
   107.00  0.42616    
   108.00  0.42392    
   109.00  0.42195    
   110.00  0.42025    
   111.00  0.41879    
   112.00  0.41758    
   113.00  0.41661    
   114.00  0.41586    
   115.00  0.41532    
   116.00  0.41499    
   117.00  0.41486    
   118.00  0.41492    
   119.00  0.41515    
   120.00  0.41555    
   121.00  0.41612    
   122.00  0.41684    
   123.00  0.41770    
   124.00  0.41870    
   125.00  0.41983    
   126.00  0.42108    
   127.00  0.42245    
   128.00  0.42392    
   129.00  0.42548    
   130.00  0.42714    
   131.00  0.42889    
   132.00  0.43071    
   133.00  0.43259    
   134.00  0.43455    
   135.00  0.43656    
   136.00  0.43862    
   137.00  0.44072    
   138.00  0.44287    
   139.00  0.44504    
   140.00  0.44725    
   141.00  0.44948    
   142.00  0.45172    
   143.00  0.45398    
   144.00  0.45625    
   145.00  0.45852    
   146.00  0.46080    
   147.00  0.46308    
   148.00  0.46535    
   149.00  0.46761    
   150.00  0.46987    
   151.00  0.47210    
   152.00  0.47432    
   153.00  0.47652    
   154.00  0.47868    
   155.00  0.48080    
   156.00  0.48287    
   157.00  0.48488    
   158.00  0.48680    
   159.00  0.48864    
   160.00  0.49038    
   161.00  0.49200    
   162.00  0.49350    
   163.00  0.49487    
   164.00  0.49612    
   165.00  0.49727    
   166.00  0.49832    
   167.00  0.49930    
   168.00  0.50024    
   169.00  0.50115    
   170.00  0.50207    
   171.00  0.50301    
   172.00  0.50397    
   173.00  0.50493    
   174.00  0.50590    
   175.00  0.50682    
   176.00  0.50767    
   177.00  0.50839    
   178.00  0.50894    
   179.00  0.50929    
   180.00  0.50940    
 |--------|------------|
0.370000     micron = Wavelength
0.424126     = Extinction efficiency (Q)
0.185583     = Scattering efficiency (Qs)
0.238543     = Absorption efficiency (Qa)
 56.3774     = Lidar ratio
0.513782E-02 micron^2 = <b> = Average surface area per particle
0.217909E-02 microns^2 = Extinction cross section (C)
0.953494E-03 microns^2 = Scattering cross section (Cs)
0.122559E-02 microns^2 = Absorption cross section (Ca)
 |----------------------------------------------------|
 | COMMENTAIRES:                                      |
 |----------------------------------------------------|
 |   -Cross section / <b> should = efficiency         |
 |    is independant of the normalisation of dN/dx    |
 |   -The integral of the phase fct / 4 pi over all   |
 |    directions (solid angle) = 1.                   |
 |   -The volume coefficient (k) is equal to C * N    |
 |      = cross section * Number density              |
 |      typical units: [um^2]*[particles/cm^3] =      |
 |      [10^-3 km-1]                                  |
 |      N = M/(d*4/3*pi*r^3) where d is the density   |
 |      of particle, M is the mass per unit volume    |
 |      and 4/3*pi*r^3 is the average volume  of a    |
 |      particle.                                     |
 |      typical units:  M -> [ug/m^3], d -> [g/cm^3]  |
 |                      r -> [um]                     |
 |      Lidar ratio= 4 pi Qe / phase_fct(180)*Qs      |
 |----------------------------------------------------|
