 |--------|------------|
 | ANGLE  |  PHASE FCT |
 |--------|------------|
     0.00   57.263    
     1.00   56.264    
     2.00   53.422    
     3.00   49.141    
     4.00   43.956    
     5.00   38.393    
     6.00   32.881    
     7.00   27.723    
     8.00   23.094    
     9.00   19.071    
    10.00   15.663    
    11.00   12.832    
    12.00   10.517    
    13.00   8.6459    
    14.00   7.1483    
    15.00   5.9580    
    16.00   5.0166    
    17.00   4.2744    
    18.00   3.6899    
    19.00   3.2293    
    20.00   2.8656    
    21.00   2.5772    
    22.00   2.3472    
    23.00   2.1623    
    24.00   2.0123    
    25.00   1.8893    
    26.00   1.7871    
    27.00   1.7011    
    28.00   1.6278    
    29.00   1.5643    
    30.00   1.5085    
    31.00   1.4589    
    32.00   1.4141    
    33.00   1.3733    
    34.00   1.3357    
    35.00   1.3007    
    36.00   1.2679    
    37.00   1.2370    
    38.00   1.2076    
    39.00   1.1795    
    40.00   1.1526    
    41.00   1.1267    
    42.00   1.1017    
    43.00   1.0775    
    44.00   1.0541    
    45.00   1.0313    
    46.00   1.0091    
    47.00  0.98756    
    48.00  0.96652    
    49.00  0.94601    
    50.00  0.92597    
    51.00  0.90641    
    52.00  0.88729    
    53.00  0.86861    
    54.00  0.85036    
    55.00  0.83252    
    56.00  0.81509    
    57.00  0.79805    
    58.00  0.78141    
    59.00  0.76516    
    60.00  0.74930    
    61.00  0.73382    
    62.00  0.71872    
    63.00  0.70401    
    64.00  0.68966    
    65.00  0.67571    
    66.00  0.66213    
    67.00  0.64892    
    68.00  0.63609    
    69.00  0.62363    
    70.00  0.61155    
    71.00  0.59984    
    72.00  0.58850    
    73.00  0.57754    
    74.00  0.56695    
    75.00  0.55673    
    76.00  0.54688    
    77.00  0.53739    
    78.00  0.52827    
    79.00  0.51951    
    80.00  0.51111    
    81.00  0.50308    
    82.00  0.49539    
    83.00  0.48807    
    84.00  0.48109    
    85.00  0.47445    
    86.00  0.46816    
    87.00  0.46221    
    88.00  0.45660    
    89.00  0.45131    
    90.00  0.44635    
    91.00  0.44172    
    92.00  0.43740    
    93.00  0.43339    
    94.00  0.42969    
    95.00  0.42629    
    96.00  0.42319    
    97.00  0.42037    
    98.00  0.41784    
    99.00  0.41559    
   100.00  0.41362    
   101.00  0.41191    
   102.00  0.41045    
   103.00  0.40926    
   104.00  0.40830    
   105.00  0.40759    
   106.00  0.40711    
   107.00  0.40686    
   108.00  0.40683    
   109.00  0.40701    
   110.00  0.40740    
   111.00  0.40799    
   112.00  0.40876    
   113.00  0.40972    
   114.00  0.41086    
   115.00  0.41218    
   116.00  0.41365    
   117.00  0.41528    
   118.00  0.41706    
   119.00  0.41898    
   120.00  0.42104    
   121.00  0.42323    
   122.00  0.42554    
   123.00  0.42796    
   124.00  0.43049    
   125.00  0.43313    
   126.00  0.43586    
   127.00  0.43868    
   128.00  0.44159    
   129.00  0.44457    
   130.00  0.44763    
   131.00  0.45076    
   132.00  0.45394    
   133.00  0.45719    
   134.00  0.46050    
   135.00  0.46386    
   136.00  0.46726    
   137.00  0.47071    
   138.00  0.47421    
   139.00  0.47774    
   140.00  0.48131    
   141.00  0.48492    
   142.00  0.48856    
   143.00  0.49223    
   144.00  0.49591    
   145.00  0.49961    
   146.00  0.50332    
   147.00  0.50701    
   148.00  0.51068    
   149.00  0.51431    
   150.00  0.51788    
   151.00  0.52135    
   152.00  0.52471    
   153.00  0.52792    
   154.00  0.53096    
   155.00  0.53380    
   156.00  0.53642    
   157.00  0.53881    
   158.00  0.54095    
   159.00  0.54287    
   160.00  0.54458    
   161.00  0.54611    
   162.00  0.54752    
   163.00  0.54886    
   164.00  0.55021    
   165.00  0.55165    
   166.00  0.55323    
   167.00  0.55504    
   168.00  0.55712    
   169.00  0.55950    
   170.00  0.56218    
   171.00  0.56512    
   172.00  0.56828    
   173.00  0.57154    
   174.00  0.57480    
   175.00  0.57790    
   176.00  0.58071    
   177.00  0.58308    
   178.00  0.58487    
   179.00  0.58599    
   180.00  0.58637    
 |--------|------------|
0.380000     micron = Wavelength
0.259145     = Extinction efficiency (Q)
0.966565E-01 = Scattering efficiency (Qs)
0.162488     = Absorption efficiency (Qa)
 57.4575     = Lidar ratio
0.259480E-02 micron^2 = <b> = Average surface area per particle
0.672429E-03 microns^2 = Extinction cross section (C)
0.250805E-03 microns^2 = Scattering cross section (Cs)
0.421625E-03 microns^2 = Absorption cross section (Ca)
 |----------------------------------------------------|
 | COMMENTAIRES:                                      |
 |----------------------------------------------------|
 |   -Cross section / <b> should = efficiency         |
 |    is independant of the normalisation of dN/dx    |
 |   -The integral of the phase fct / 4 pi over all   |
 |    directions (solid angle) = 1.                   |
 |   -The volume coefficient (k) is equal to C * N    |
 |      = cross section * Number density              |
 |      typical units: [um^2]*[particles/cm^3] =      |
 |      [10^-3 km-1]                                  |
 |      N = M/(d*4/3*pi*r^3) where d is the density   |
 |      of particle, M is the mass per unit volume    |
 |      and 4/3*pi*r^3 is the average volume  of a    |
 |      particle.                                     |
 |      typical units:  M -> [ug/m^3], d -> [g/cm^3]  |
 |                      r -> [um]                     |
 |      Lidar ratio= 4 pi Qe / phase_fct(180)*Qs      |
 |----------------------------------------------------|
