 |--------|------------|
 | ANGLE  |  PHASE FCT |
 |--------|------------|
     0.00   67.403    
     1.00   64.257    
     2.00   55.936    
     3.00   45.081    
     4.00   34.348    
     5.00   25.329    
     6.00   18.459    
     7.00   13.514    
     8.00   10.079    
     9.00   7.7525    
    10.00   6.1978    
    11.00   5.1601    
    12.00   4.4633    
    13.00   3.9895    
    14.00   3.6596    
    15.00   3.4222    
    16.00   3.2453    
    17.00   3.1082    
    18.00   2.9973    
    19.00   2.9042    
    20.00   2.8235    
    21.00   2.7517    
    22.00   2.6861    
    23.00   2.6253    
    24.00   2.5681    
    25.00   2.5138    
    26.00   2.4615    
    27.00   2.4111    
    28.00   2.3620    
    29.00   2.3141    
    30.00   2.2672    
    31.00   2.2211    
    32.00   2.1756    
    33.00   2.1307    
    34.00   2.0864    
    35.00   2.0426    
    36.00   1.9992    
    37.00   1.9562    
    38.00   1.9136    
    39.00   1.8714    
    40.00   1.8297    
    41.00   1.7883    
    42.00   1.7474    
    43.00   1.7069    
    44.00   1.6669    
    45.00   1.6273    
    46.00   1.5882    
    47.00   1.5496    
    48.00   1.5116    
    49.00   1.4740    
    50.00   1.4371    
    51.00   1.4007    
    52.00   1.3649    
    53.00   1.3298    
    54.00   1.2953    
    55.00   1.2614    
    56.00   1.2282    
    57.00   1.1956    
    58.00   1.1637    
    59.00   1.1326    
    60.00   1.1021    
    61.00   1.0723    
    62.00   1.0432    
    63.00   1.0149    
    64.00  0.98722    
    65.00  0.96030    
    66.00  0.93411    
    67.00  0.90863    
    68.00  0.88387    
    69.00  0.85983    
    70.00  0.83651    
    71.00  0.81389    
    72.00  0.79198    
    73.00  0.77078    
    74.00  0.75027    
    75.00  0.73044    
    76.00  0.71129    
    77.00  0.69281    
    78.00  0.67500    
    79.00  0.65783    
    80.00  0.64131    
    81.00  0.62541    
    82.00  0.61014    
    83.00  0.59548    
    84.00  0.58142    
    85.00  0.56794    
    86.00  0.55504    
    87.00  0.54269    
    88.00  0.53090    
    89.00  0.51964    
    90.00  0.50891    
    91.00  0.49869    
    92.00  0.48897    
    93.00  0.47973    
    94.00  0.47097    
    95.00  0.46267    
    96.00  0.45481    
    97.00  0.44739    
    98.00  0.44039    
    99.00  0.43380    
   100.00  0.42761    
   101.00  0.42180    
   102.00  0.41636    
   103.00  0.41129    
   104.00  0.40656    
   105.00  0.40217    
   106.00  0.39810    
   107.00  0.39435    
   108.00  0.39090    
   109.00  0.38774    
   110.00  0.38487    
   111.00  0.38226    
   112.00  0.37991    
   113.00  0.37781    
   114.00  0.37595    
   115.00  0.37431    
   116.00  0.37290    
   117.00  0.37170    
   118.00  0.37069    
   119.00  0.36988    
   120.00  0.36925    
   121.00  0.36879    
   122.00  0.36850    
   123.00  0.36837    
   124.00  0.36838    
   125.00  0.36853    
   126.00  0.36882    
   127.00  0.36923    
   128.00  0.36977    
   129.00  0.37041    
   130.00  0.37115    
   131.00  0.37199    
   132.00  0.37292    
   133.00  0.37394    
   134.00  0.37503    
   135.00  0.37619    
   136.00  0.37742    
   137.00  0.37870    
   138.00  0.38004    
   139.00  0.38143    
   140.00  0.38286    
   141.00  0.38432    
   142.00  0.38581    
   143.00  0.38734    
   144.00  0.38888    
   145.00  0.39044    
   146.00  0.39202    
   147.00  0.39360    
   148.00  0.39519    
   149.00  0.39678    
   150.00  0.39837    
   151.00  0.39996    
   152.00  0.40154    
   153.00  0.40311    
   154.00  0.40467    
   155.00  0.40620    
   156.00  0.40771    
   157.00  0.40919    
   158.00  0.41063    
   159.00  0.41202    
   160.00  0.41336    
   161.00  0.41463    
   162.00  0.41583    
   163.00  0.41696    
   164.00  0.41800    
   165.00  0.41897    
   166.00  0.41986    
   167.00  0.42069    
   168.00  0.42146    
   169.00  0.42219    
   170.00  0.42289    
   171.00  0.42356    
   172.00  0.42422    
   173.00  0.42487    
   174.00  0.42548    
   175.00  0.42606    
   176.00  0.42658    
   177.00  0.42702    
   178.00  0.42735    
   179.00  0.42756    
   180.00  0.42763    
 |--------|------------|
0.380000     micron = Wavelength
0.535306     = Extinction efficiency (Q)
0.255439     = Scattering efficiency (Qs)
0.279866     = Absorption efficiency (Qa)
 61.5818     = Lidar ratio
0.730477E-02 micron^2 = <b> = Average surface area per particle
0.391029E-02 microns^2 = Extinction cross section (C)
0.186593E-02 microns^2 = Scattering cross section (Cs)
0.204436E-02 microns^2 = Absorption cross section (Ca)
 |----------------------------------------------------|
 | COMMENTAIRES:                                      |
 |----------------------------------------------------|
 |   -Cross section / <b> should = efficiency         |
 |    is independant of the normalisation of dN/dx    |
 |   -The integral of the phase fct / 4 pi over all   |
 |    directions (solid angle) = 1.                   |
 |   -The volume coefficient (k) is equal to C * N    |
 |      = cross section * Number density              |
 |      typical units: [um^2]*[particles/cm^3] =      |
 |      [10^-3 km-1]                                  |
 |      N = M/(d*4/3*pi*r^3) where d is the density   |
 |      of particle, M is the mass per unit volume    |
 |      and 4/3*pi*r^3 is the average volume  of a    |
 |      particle.                                     |
 |      typical units:  M -> [ug/m^3], d -> [g/cm^3]  |
 |                      r -> [um]                     |
 |      Lidar ratio= 4 pi Qe / phase_fct(180)*Qs      |
 |----------------------------------------------------|
