 |--------|------------|
 | ANGLE  |  PHASE FCT |
 |--------|------------|
     0.00   68.384    
     1.00   65.313    
     2.00   57.158    
     3.00   46.434    
     4.00   35.705    
     5.00   26.557    
     6.00   19.477    
     7.00   14.303    
     8.00   10.659    
     9.00   8.1587    
    10.00   6.4679    
    11.00   5.3287    
    12.00   4.5586    
    13.00   4.0328    
    14.00   3.6667    
    15.00   3.4045    
    16.00   3.2106    
    17.00   3.0619    
    18.00   2.9433    
    19.00   2.8450    
    20.00   2.7609    
    21.00   2.6869    
    22.00   2.6201    
    23.00   2.5587    
    24.00   2.5014    
    25.00   2.4472    
    26.00   2.3955    
    27.00   2.3458    
    28.00   2.2977    
    29.00   2.2509    
    30.00   2.2052    
    31.00   2.1603    
    32.00   2.1163    
    33.00   2.0729    
    34.00   2.0301    
    35.00   1.9878    
    36.00   1.9460    
    37.00   1.9047    
    38.00   1.8638    
    39.00   1.8233    
    40.00   1.7832    
    41.00   1.7435    
    42.00   1.7042    
    43.00   1.6654    
    44.00   1.6270    
    45.00   1.5890    
    46.00   1.5515    
    47.00   1.5145    
    48.00   1.4780    
    49.00   1.4420    
    50.00   1.4065    
    51.00   1.3716    
    52.00   1.3372    
    53.00   1.3035    
    54.00   1.2703    
    55.00   1.2377    
    56.00   1.2057    
    57.00   1.1744    
    58.00   1.1437    
    59.00   1.1137    
    60.00   1.0843    
    61.00   1.0556    
    62.00   1.0275    
    63.00   1.0002    
    64.00  0.97351    
    65.00  0.94752    
    66.00  0.92221    
    67.00  0.89760    
    68.00  0.87367    
    69.00  0.85042    
    70.00  0.82786    
    71.00  0.80598    
    72.00  0.78478    
    73.00  0.76425    
    74.00  0.74438    
    75.00  0.72518    
    76.00  0.70663    
    77.00  0.68872    
    78.00  0.67146    
    79.00  0.65483    
    80.00  0.63882    
    81.00  0.62341    
    82.00  0.60861    
    83.00  0.59440    
    84.00  0.58077    
    85.00  0.56771    
    86.00  0.55521    
    87.00  0.54325    
    88.00  0.53184    
    89.00  0.52094    
    90.00  0.51056    
    91.00  0.50068    
    92.00  0.49128    
    93.00  0.48236    
    94.00  0.47390    
    95.00  0.46590    
    96.00  0.45833    
    97.00  0.45119    
    98.00  0.44447    
    99.00  0.43815    
   100.00  0.43221    
   101.00  0.42666    
   102.00  0.42147    
   103.00  0.41664    
   104.00  0.41216    
   105.00  0.40800    
   106.00  0.40416    
   107.00  0.40064    
   108.00  0.39741    
   109.00  0.39447    
   110.00  0.39181    
   111.00  0.38941    
   112.00  0.38727    
   113.00  0.38538    
   114.00  0.38372    
   115.00  0.38229    
   116.00  0.38107    
   117.00  0.38006    
   118.00  0.37925    
   119.00  0.37863    
   120.00  0.37819    
   121.00  0.37792    
   122.00  0.37781    
   123.00  0.37785    
   124.00  0.37805    
   125.00  0.37838    
   126.00  0.37883    
   127.00  0.37942    
   128.00  0.38012    
   129.00  0.38092    
   130.00  0.38183    
   131.00  0.38283    
   132.00  0.38392    
   133.00  0.38509    
   134.00  0.38633    
   135.00  0.38764    
   136.00  0.38901    
   137.00  0.39044    
   138.00  0.39192    
   139.00  0.39344    
   140.00  0.39501    
   141.00  0.39660    
   142.00  0.39822    
   143.00  0.39987    
   144.00  0.40154    
   145.00  0.40322    
   146.00  0.40491    
   147.00  0.40661    
   148.00  0.40831    
   149.00  0.41001    
   150.00  0.41171    
   151.00  0.41340    
   152.00  0.41508    
   153.00  0.41675    
   154.00  0.41840    
   155.00  0.42003    
   156.00  0.42164    
   157.00  0.42320    
   158.00  0.42473    
   159.00  0.42620    
   160.00  0.42760    
   161.00  0.42894    
   162.00  0.43020    
   163.00  0.43137    
   164.00  0.43245    
   165.00  0.43345    
   166.00  0.43437    
   167.00  0.43522    
   168.00  0.43601    
   169.00  0.43677    
   170.00  0.43749    
   171.00  0.43820    
   172.00  0.43890    
   173.00  0.43958    
   174.00  0.44024    
   175.00  0.44087    
   176.00  0.44143    
   177.00  0.44191    
   178.00  0.44227    
   179.00  0.44250    
   180.00  0.44258    
 |--------|------------|
0.390000     micron = Wavelength
0.511759     = Extinction efficiency (Q)
0.240114     = Scattering efficiency (Qs)
0.271645     = Absorption efficiency (Qa)
 60.5158     = Lidar ratio
0.730488E-02 micron^2 = <b> = Average surface area per particle
0.373834E-02 microns^2 = Extinction cross section (C)
0.175400E-02 microns^2 = Scattering cross section (Cs)
0.198433E-02 microns^2 = Absorption cross section (Ca)
 |----------------------------------------------------|
 | COMMENTAIRES:                                      |
 |----------------------------------------------------|
 |   -Cross section / <b> should = efficiency         |
 |    is independant of the normalisation of dN/dx    |
 |   -The integral of the phase fct / 4 pi over all   |
 |    directions (solid angle) = 1.                   |
 |   -The volume coefficient (k) is equal to C * N    |
 |      = cross section * Number density              |
 |      typical units: [um^2]*[particles/cm^3] =      |
 |      [10^-3 km-1]                                  |
 |      N = M/(d*4/3*pi*r^3) where d is the density   |
 |      of particle, M is the mass per unit volume    |
 |      and 4/3*pi*r^3 is the average volume  of a    |
 |      particle.                                     |
 |      typical units:  M -> [ug/m^3], d -> [g/cm^3]  |
 |                      r -> [um]                     |
 |      Lidar ratio= 4 pi Qe / phase_fct(180)*Qs      |
 |----------------------------------------------------|
