 |--------|------------|
 | ANGLE  |  PHASE FCT |
 |--------|------------|
     0.00   68.747    
     1.00   67.227    
     2.00   62.955    
     3.00   56.680    
     4.00   49.335    
     5.00   41.769    
     6.00   34.602    
     7.00   28.196    
     8.00   22.710    
     9.00   18.162    
    10.00   14.483    
    11.00   11.563    
    12.00   9.2756    
    13.00   7.5041    
    14.00   6.1419    
    15.00   5.0994    
    16.00   4.3031    
    17.00   3.6947    
    18.00   3.2287    
    19.00   2.8698    
    20.00   2.5914    
    21.00   2.3733    
    22.00   2.2003    
    23.00   2.0611    
    24.00   1.9473    
    25.00   1.8528    
    26.00   1.7728    
    27.00   1.7039    
    28.00   1.6437    
    29.00   1.5901    
    30.00   1.5418    
    31.00   1.4977    
    32.00   1.4570    
    33.00   1.4191    
    34.00   1.3834    
    35.00   1.3497    
    36.00   1.3176    
    37.00   1.2869    
    38.00   1.2574    
    39.00   1.2290    
    40.00   1.2016    
    41.00   1.1749    
    42.00   1.1491    
    43.00   1.1240    
    44.00   1.0995    
    45.00   1.0757    
    46.00   1.0524    
    47.00   1.0296    
    48.00   1.0074    
    49.00  0.98563    
    50.00  0.96435    
    51.00  0.94353    
    52.00  0.92315    
    53.00  0.90320    
    54.00  0.88368    
    55.00  0.86459    
    56.00  0.84591    
    57.00  0.82764    
    58.00  0.80978    
    59.00  0.79233    
    60.00  0.77528    
    61.00  0.75864    
    62.00  0.74241    
    63.00  0.72658    
    64.00  0.71116    
    65.00  0.69613    
    66.00  0.68151    
    67.00  0.66729    
    68.00  0.65348    
    69.00  0.64007    
    70.00  0.62705    
    71.00  0.61445    
    72.00  0.60224    
    73.00  0.59043    
    74.00  0.57902    
    75.00  0.56801    
    76.00  0.55739    
    77.00  0.54717    
    78.00  0.53733    
    79.00  0.52789    
    80.00  0.51883    
    81.00  0.51015    
    82.00  0.50185    
    83.00  0.49392    
    84.00  0.48637    
    85.00  0.47918    
    86.00  0.47236    
    87.00  0.46589    
    88.00  0.45978    
    89.00  0.45401    
    90.00  0.44859    
    91.00  0.44351    
    92.00  0.43875    
    93.00  0.43433    
    94.00  0.43022    
    95.00  0.42643    
    96.00  0.42294    
    97.00  0.41976    
    98.00  0.41687    
    99.00  0.41427    
   100.00  0.41194    
   101.00  0.40990    
   102.00  0.40812    
   103.00  0.40660    
   104.00  0.40533    
   105.00  0.40431    
   106.00  0.40352    
   107.00  0.40297    
   108.00  0.40264    
   109.00  0.40253    
   110.00  0.40262    
   111.00  0.40292    
   112.00  0.40341    
   113.00  0.40409    
   114.00  0.40494    
   115.00  0.40597    
   116.00  0.40716    
   117.00  0.40851    
   118.00  0.41001    
   119.00  0.41165    
   120.00  0.41342    
   121.00  0.41532    
   122.00  0.41735    
   123.00  0.41948    
   124.00  0.42173    
   125.00  0.42407    
   126.00  0.42651    
   127.00  0.42903    
   128.00  0.43164    
   129.00  0.43431    
   130.00  0.43706    
   131.00  0.43987    
   132.00  0.44273    
   133.00  0.44565    
   134.00  0.44861    
   135.00  0.45161    
   136.00  0.45464    
   137.00  0.45771    
   138.00  0.46081    
   139.00  0.46393    
   140.00  0.46707    
   141.00  0.47024    
   142.00  0.47342    
   143.00  0.47662    
   144.00  0.47983    
   145.00  0.48305    
   146.00  0.48629    
   147.00  0.48953    
   148.00  0.49278    
   149.00  0.49602    
   150.00  0.49925    
   151.00  0.50245    
   152.00  0.50562    
   153.00  0.50871    
   154.00  0.51173    
   155.00  0.51463    
   156.00  0.51739    
   157.00  0.51997    
   158.00  0.52235    
   159.00  0.52451    
   160.00  0.52642    
   161.00  0.52808    
   162.00  0.52949    
   163.00  0.53069    
   164.00  0.53170    
   165.00  0.53258    
   166.00  0.53340    
   167.00  0.53424    
   168.00  0.53515    
   169.00  0.53621    
   170.00  0.53747    
   171.00  0.53893    
   172.00  0.54060    
   173.00  0.54244    
   174.00  0.54437    
   175.00  0.54629    
   176.00  0.54809    
   177.00  0.54966    
   178.00  0.55087    
   179.00  0.55164    
   180.00  0.55190    
 |--------|------------|
0.400000     micron = Wavelength
0.286432     = Extinction efficiency (Q)
0.105765     = Scattering efficiency (Qs)
0.180667     = Absorption efficiency (Qa)
 61.6630     = Lidar ratio
0.352421E-02 micron^2 = <b> = Average surface area per particle
0.100945E-02 microns^2 = Extinction cross section (C)
0.372739E-03 microns^2 = Scattering cross section (Cs)
0.636707E-03 microns^2 = Absorption cross section (Ca)
 |----------------------------------------------------|
 | COMMENTAIRES:                                      |
 |----------------------------------------------------|
 |   -Cross section / <b> should = efficiency         |
 |    is independant of the normalisation of dN/dx    |
 |   -The integral of the phase fct / 4 pi over all   |
 |    directions (solid angle) = 1.                   |
 |   -The volume coefficient (k) is equal to C * N    |
 |      = cross section * Number density              |
 |      typical units: [um^2]*[particles/cm^3] =      |
 |      [10^-3 km-1]                                  |
 |      N = M/(d*4/3*pi*r^3) where d is the density   |
 |      of particle, M is the mass per unit volume    |
 |      and 4/3*pi*r^3 is the average volume  of a    |
 |      particle.                                     |
 |      typical units:  M -> [ug/m^3], d -> [g/cm^3]  |
 |                      r -> [um]                     |
 |      Lidar ratio= 4 pi Qe / phase_fct(180)*Qs      |
 |----------------------------------------------------|
