 |--------|------------|
 | ANGLE  |  PHASE FCT |
 |--------|------------|
     0.00   30.320    
     1.00   30.170    
     2.00   29.725    
     3.00   29.005    
     4.00   28.042    
     5.00   26.875    
     6.00   25.545    
     7.00   24.099    
     8.00   22.577    
     9.00   21.019    
    10.00   19.460    
    11.00   17.927    
    12.00   16.443    
    13.00   15.025    
    14.00   13.686    
    15.00   12.433    
    16.00   11.271    
    17.00   10.201    
    18.00   9.2215    
    19.00   8.3300    
    20.00   7.5222    
    21.00   6.7933    
    22.00   6.1376    
    23.00   5.5495    
    24.00   5.0232    
    25.00   4.5531    
    26.00   4.1336    
    27.00   3.7598    
    28.00   3.4269    
    29.00   3.1303    
    30.00   2.8660    
    31.00   2.6305    
    32.00   2.4204    
    33.00   2.2328    
    34.00   2.0649    
    35.00   1.9146    
    36.00   1.7796    
    37.00   1.6582    
    38.00   1.5488    
    39.00   1.4499    
    40.00   1.3603    
    41.00   1.2789    
    42.00   1.2048    
    43.00   1.1371    
    44.00   1.0751    
    45.00   1.0181    
    46.00  0.96567    
    47.00  0.91726    
    48.00  0.87246    
    49.00  0.83090    
    50.00  0.79225    
    51.00  0.75622    
    52.00  0.72258    
    53.00  0.69111    
    54.00  0.66160    
    55.00  0.63389    
    56.00  0.60783    
    57.00  0.58328    
    58.00  0.56013    
    59.00  0.53827    
    60.00  0.51761    
    61.00  0.49806    
    62.00  0.47953    
    63.00  0.46198    
    64.00  0.44532    
    65.00  0.42951    
    66.00  0.41450    
    67.00  0.40023    
    68.00  0.38667    
    69.00  0.37376    
    70.00  0.36149    
    71.00  0.34980    
    72.00  0.33868    
    73.00  0.32809    
    74.00  0.31801    
    75.00  0.30840    
    76.00  0.29925    
    77.00  0.29054    
    78.00  0.28224    
    79.00  0.27434    
    80.00  0.26681    
    81.00  0.25964    
    82.00  0.25282    
    83.00  0.24632    
    84.00  0.24014    
    85.00  0.23426    
    86.00  0.22867    
    87.00  0.22335    
    88.00  0.21830    
    89.00  0.21350    
    90.00  0.20895    
    91.00  0.20463    
    92.00  0.20054    
    93.00  0.19666    
    94.00  0.19299    
    95.00  0.18952    
    96.00  0.18625    
    97.00  0.18316    
    98.00  0.18025    
    99.00  0.17751    
   100.00  0.17494    
   101.00  0.17254    
   102.00  0.17029    
   103.00  0.16819    
   104.00  0.16623    
   105.00  0.16442    
   106.00  0.16275    
   107.00  0.16121    
   108.00  0.15980    
   109.00  0.15852    
   110.00  0.15736    
   111.00  0.15633    
   112.00  0.15541    
   113.00  0.15461    
   114.00  0.15392    
   115.00  0.15335    
   116.00  0.15288    
   117.00  0.15253    
   118.00  0.15228    
   119.00  0.15215    
   120.00  0.15211    
   121.00  0.15219    
   122.00  0.15236    
   123.00  0.15265    
   124.00  0.15303    
   125.00  0.15353    
   126.00  0.15412    
   127.00  0.15481    
   128.00  0.15561    
   129.00  0.15651    
   130.00  0.15750    
   131.00  0.15858    
   132.00  0.15976    
   133.00  0.16102    
   134.00  0.16236    
   135.00  0.16376    
   136.00  0.16523    
   137.00  0.16675    
   138.00  0.16830    
   139.00  0.16987    
   140.00  0.17143    
   141.00  0.17298    
   142.00  0.17447    
   143.00  0.17589    
   144.00  0.17721    
   145.00  0.17840    
   146.00  0.17941    
   147.00  0.18024    
   148.00  0.18083    
   149.00  0.18118    
   150.00  0.18124    
   151.00  0.18102    
   152.00  0.18048    
   153.00  0.17965    
   154.00  0.17852    
   155.00  0.17713    
   156.00  0.17550    
   157.00  0.17370    
   158.00  0.17180    
   159.00  0.16987    
   160.00  0.16800    
   161.00  0.16631    
   162.00  0.16488    
   163.00  0.16383    
   164.00  0.16325    
   165.00  0.16322    
   166.00  0.16381    
   167.00  0.16504    
   168.00  0.16692    
   169.00  0.16942    
   170.00  0.17247    
   171.00  0.17598    
   172.00  0.17981    
   173.00  0.18380    
   174.00  0.18778    
   175.00  0.19156    
   176.00  0.19495    
   177.00  0.19779    
   178.00  0.19993    
   179.00  0.20126    
   180.00  0.20171    
 |--------|------------|
0.720000     micron = Wavelength
0.155715     = Extinction efficiency (Q)
0.652237E-01 = Scattering efficiency (Qs)
0.904911E-01 = Absorption efficiency (Qa)
 148.733     = Lidar ratio
0.259481E-02 micron^2 = <b> = Average surface area per particle
0.404051E-03 microns^2 = Extinction cross section (C)
0.169243E-03 microns^2 = Scattering cross section (Cs)
0.234807E-03 microns^2 = Absorption cross section (Ca)
 |----------------------------------------------------|
 | COMMENTAIRES:                                      |
 |----------------------------------------------------|
 |   -Cross section / <b> should = efficiency         |
 |    is independant of the normalisation of dN/dx    |
 |   -The integral of the phase fct / 4 pi over all   |
 |    directions (solid angle) = 1.                   |
 |   -The volume coefficient (k) is equal to C * N    |
 |      = cross section * Number density              |
 |      typical units: [um^2]*[particles/cm^3] =      |
 |      [10^-3 km-1]                                  |
 |      N = M/(d*4/3*pi*r^3) where d is the density   |
 |      of particle, M is the mass per unit volume    |
 |      and 4/3*pi*r^3 is the average volume  of a    |
 |      particle.                                     |
 |      typical units:  M -> [ug/m^3], d -> [g/cm^3]  |
 |                      r -> [um]                     |
 |      Lidar ratio= 4 pi Qe / phase_fct(180)*Qs      |
 |----------------------------------------------------|
