 |--------|------------|
 | ANGLE  |  PHASE FCT |
 |--------|------------|
     0.00   157.42    
     1.00   146.57    
     2.00   118.97    
     3.00   85.769    
     4.00   56.821    
     5.00   36.211    
     6.00   23.139    
     7.00   15.193    
     8.00   10.423    
     9.00   7.6059    
    10.00   5.9382    
    11.00   4.9115    
    12.00   4.2535    
    13.00   3.8187    
    14.00   3.5135    
    15.00   3.2843    
    16.00   3.1068    
    17.00   2.9648    
    18.00   2.8455    
    19.00   2.7428    
    20.00   2.6538    
    21.00   2.5746    
    22.00   2.5026    
    23.00   2.4369    
    24.00   2.3762    
    25.00   2.3192    
    26.00   2.2651    
    27.00   2.2138    
    28.00   2.1646    
    29.00   2.1170    
    30.00   2.0708    
    31.00   2.0259    
    32.00   1.9819    
    33.00   1.9387    
    34.00   1.8964    
    35.00   1.8548    
    36.00   1.8137    
    37.00   1.7732    
    38.00   1.7333    
    39.00   1.6938    
    40.00   1.6548    
    41.00   1.6164    
    42.00   1.5784    
    43.00   1.5409    
    44.00   1.5040    
    45.00   1.4675    
    46.00   1.4315    
    47.00   1.3960    
    48.00   1.3611    
    49.00   1.3268    
    50.00   1.2930    
    51.00   1.2597    
    52.00   1.2271    
    53.00   1.1950    
    54.00   1.1636    
    55.00   1.1328    
    56.00   1.1026    
    57.00   1.0730    
    58.00   1.0441    
    59.00   1.0158    
    60.00  0.98818    
    61.00  0.96121    
    62.00  0.93491    
    63.00  0.90928    
    64.00  0.88431    
    65.00  0.86001    
    66.00  0.83638    
    67.00  0.81341    
    68.00  0.79110    
    69.00  0.76946    
    70.00  0.74847    
    71.00  0.72813    
    72.00  0.70844    
    73.00  0.68939    
    74.00  0.67098    
    75.00  0.65318    
    76.00  0.63601    
    77.00  0.61945    
    78.00  0.60349    
    79.00  0.58812    
    80.00  0.57334    
    81.00  0.55912    
    82.00  0.54547    
    83.00  0.53237    
    84.00  0.51981    
    85.00  0.50778    
    86.00  0.49627    
    87.00  0.48527    
    88.00  0.47476    
    89.00  0.46473    
    90.00  0.45518    
    91.00  0.44608    
    92.00  0.43744    
    93.00  0.42923    
    94.00  0.42144    
    95.00  0.41407    
    96.00  0.40710    
    97.00  0.40052    
    98.00  0.39432    
    99.00  0.38848    
   100.00  0.38299    
   101.00  0.37785    
   102.00  0.37305    
   103.00  0.36856    
   104.00  0.36439    
   105.00  0.36051    
   106.00  0.35692    
   107.00  0.35362    
   108.00  0.35058    
   109.00  0.34780    
   110.00  0.34527    
   111.00  0.34298    
   112.00  0.34092    
   113.00  0.33908    
   114.00  0.33745    
   115.00  0.33602    
   116.00  0.33479    
   117.00  0.33374    
   118.00  0.33287    
   119.00  0.33217    
   120.00  0.33163    
   121.00  0.33124    
   122.00  0.33100    
   123.00  0.33089    
   124.00  0.33092    
   125.00  0.33107    
   126.00  0.33134    
   127.00  0.33171    
   128.00  0.33219    
   129.00  0.33277    
   130.00  0.33344    
   131.00  0.33419    
   132.00  0.33502    
   133.00  0.33592    
   134.00  0.33689    
   135.00  0.33792    
   136.00  0.33901    
   137.00  0.34015    
   138.00  0.34134    
   139.00  0.34256    
   140.00  0.34382    
   141.00  0.34512    
   142.00  0.34644    
   143.00  0.34778    
   144.00  0.34914    
   145.00  0.35051    
   146.00  0.35189    
   147.00  0.35328    
   148.00  0.35467    
   149.00  0.35606    
   150.00  0.35744    
   151.00  0.35882    
   152.00  0.36018    
   153.00  0.36154    
   154.00  0.36288    
   155.00  0.36420    
   156.00  0.36551    
   157.00  0.36679    
   158.00  0.36805    
   159.00  0.36927    
   160.00  0.37046    
   161.00  0.37161    
   162.00  0.37270    
   163.00  0.37373    
   164.00  0.37469    
   165.00  0.37559    
   166.00  0.37640    
   167.00  0.37715    
   168.00  0.37784    
   169.00  0.37847    
   170.00  0.37905    
   171.00  0.37961    
   172.00  0.38014    
   173.00  0.38065    
   174.00  0.38114    
   175.00  0.38160    
   176.00  0.38202    
   177.00  0.38237    
   178.00  0.38265    
   179.00  0.38282    
   180.00  0.38288    
 |--------|------------|
0.616000     micron = Wavelength
0.549612     = Extinction efficiency (Q)
0.263542     = Scattering efficiency (Qs)
0.286069     = Absorption efficiency (Qa)
 68.4464     = Lidar ratio
0.199932E-01 micron^2 = <b> = Average surface area per particle
0.109885E-01 microns^2 = Extinction cross section (C)
0.526905E-02 microns^2 = Scattering cross section (Cs)
0.571943E-02 microns^2 = Absorption cross section (Ca)
 |----------------------------------------------------|
 | COMMENTAIRES:                                      |
 |----------------------------------------------------|
 |   -Cross section / <b> should = efficiency         |
 |    is independant of the normalisation of dN/dx    |
 |   -The integral of the phase fct / 4 pi over all   |
 |    directions (solid angle) = 1.                   |
 |   -The volume coefficient (k) is equal to C * N    |
 |      = cross section * Number density              |
 |      typical units: [um^2]*[particles/cm^3] =      |
 |      [10^-3 km-1]                                  |
 |      N = M/(d*4/3*pi*r^3) where d is the density   |
 |      of particle, M is the mass per unit volume    |
 |      and 4/3*pi*r^3 is the average volume  of a    |
 |      particle.                                     |
 |      typical units:  M -> [ug/m^3], d -> [g/cm^3]  |
 |                      r -> [um]                     |
 |      Lidar ratio= 4 pi Qe / phase_fct(180)*Qs      |
 |----------------------------------------------------|
