 |--------|------------|
 | ANGLE  |  PHASE FCT |
 |--------|------------|
     0.00   87.991    
     1.00   86.065    
     2.00   80.646    
     3.00   72.670    
     4.00   63.306    
     5.00   53.629    
     6.00   44.426    
     7.00   36.168    
     8.00   29.070    
     9.00   23.163    
    10.00   18.368    
    11.00   14.548    
    12.00   11.548    
    13.00   9.2175    
    14.00   7.4217    
    15.00   6.0447    
    16.00   4.9919    
    17.00   4.1875    
    18.00   3.5719    
    19.00   3.0988    
    20.00   2.7331    
    21.00   2.4480    
    22.00   2.2236    
    23.00   2.0445    
    24.00   1.8997    
    25.00   1.7809    
    26.00   1.6816    
    27.00   1.5975    
    28.00   1.5249    
    29.00   1.4614    
    30.00   1.4051    
    31.00   1.3544    
    32.00   1.3083    
    33.00   1.2660    
    34.00   1.2268    
    35.00   1.1902    
    36.00   1.1558    
    37.00   1.1234    
    38.00   1.0926    
    39.00   1.0633    
    40.00   1.0353    
    41.00   1.0085    
    42.00  0.98278    
    43.00  0.95800    
    44.00  0.93412    
    45.00  0.91106    
    46.00  0.88876    
    47.00  0.86717    
    48.00  0.84625    
    49.00  0.82596    
    50.00  0.80628    
    51.00  0.78716    
    52.00  0.76860    
    53.00  0.75057    
    54.00  0.73303    
    55.00  0.71599    
    56.00  0.69942    
    57.00  0.68333    
    58.00  0.66768    
    59.00  0.65247    
    60.00  0.63770    
    61.00  0.62335    
    62.00  0.60941    
    63.00  0.59588    
    64.00  0.58276    
    65.00  0.57004    
    66.00  0.55771    
    67.00  0.54576    
    68.00  0.53420    
    69.00  0.52301    
    70.00  0.51220    
    71.00  0.50176    
    72.00  0.49168    
    73.00  0.48196    
    74.00  0.47261    
    75.00  0.46360    
    76.00  0.45494    
    77.00  0.44662    
    78.00  0.43865    
    79.00  0.43101    
    80.00  0.42370    
    81.00  0.41672    
    82.00  0.41006    
    83.00  0.40373    
    84.00  0.39770    
    85.00  0.39199    
    86.00  0.38658    
    87.00  0.38147    
    88.00  0.37665    
    89.00  0.37213    
    90.00  0.36789    
    91.00  0.36393    
    92.00  0.36025    
    93.00  0.35683    
    94.00  0.35368    
    95.00  0.35078    
    96.00  0.34814    
    97.00  0.34575    
    98.00  0.34360    
    99.00  0.34168    
   100.00  0.33999    
   101.00  0.33853    
   102.00  0.33728    
   103.00  0.33625    
   104.00  0.33542    
   105.00  0.33479    
   106.00  0.33436    
   107.00  0.33411    
   108.00  0.33405    
   109.00  0.33416    
   110.00  0.33444    
   111.00  0.33489    
   112.00  0.33549    
   113.00  0.33625    
   114.00  0.33715    
   115.00  0.33819    
   116.00  0.33936    
   117.00  0.34066    
   118.00  0.34208    
   119.00  0.34362    
   120.00  0.34527    
   121.00  0.34702    
   122.00  0.34887    
   123.00  0.35082    
   124.00  0.35285    
   125.00  0.35496    
   126.00  0.35715    
   127.00  0.35941    
   128.00  0.36174    
   129.00  0.36412    
   130.00  0.36657    
   131.00  0.36906    
   132.00  0.37161    
   133.00  0.37419    
   134.00  0.37681    
   135.00  0.37947    
   136.00  0.38216    
   137.00  0.38488    
   138.00  0.38763    
   139.00  0.39040    
   140.00  0.39320    
   141.00  0.39602    
   142.00  0.39886    
   143.00  0.40173    
   144.00  0.40462    
   145.00  0.40755    
   146.00  0.41049    
   147.00  0.41347    
   148.00  0.41648    
   149.00  0.41951    
   150.00  0.42256    
   151.00  0.42562    
   152.00  0.42868    
   153.00  0.43171    
   154.00  0.43469    
   155.00  0.43757    
   156.00  0.44033    
   157.00  0.44290    
   158.00  0.44525    
   159.00  0.44732    
   160.00  0.44907    
   161.00  0.45046    
   162.00  0.45150    
   163.00  0.45217    
   164.00  0.45253    
   165.00  0.45263    
   166.00  0.45257    
   167.00  0.45246    
   168.00  0.45242    
   169.00  0.45257    
   170.00  0.45302    
   171.00  0.45383    
   172.00  0.45503    
   173.00  0.45659    
   174.00  0.45844    
   175.00  0.46045    
   176.00  0.46244    
   177.00  0.46425    
   178.00  0.46568    
   179.00  0.46661    
   180.00  0.46693    
 |--------|------------|
0.730000     micron = Wavelength
0.257326     = Extinction efficiency (Q)
0.923508E-01 = Scattering efficiency (Qs)
0.164975     = Absorption efficiency (Qa)
 74.9893     = Lidar ratio
0.100547E-01 micron^2 = <b> = Average surface area per particle
0.258734E-02 microns^2 = Extinction cross section (C)
0.928561E-03 microns^2 = Scattering cross section (Cs)
0.165878E-02 microns^2 = Absorption cross section (Ca)
 |----------------------------------------------------|
 | COMMENTAIRES:                                      |
 |----------------------------------------------------|
 |   -Cross section / <b> should = efficiency         |
 |    is independant of the normalisation of dN/dx    |
 |   -The integral of the phase fct / 4 pi over all   |
 |    directions (solid angle) = 1.                   |
 |   -The volume coefficient (k) is equal to C * N    |
 |      = cross section * Number density              |
 |      typical units: [um^2]*[particles/cm^3] =      |
 |      [10^-3 km-1]                                  |
 |      N = M/(d*4/3*pi*r^3) where d is the density   |
 |      of particle, M is the mass per unit volume    |
 |      and 4/3*pi*r^3 is the average volume  of a    |
 |      particle.                                     |
 |      typical units:  M -> [ug/m^3], d -> [g/cm^3]  |
 |                      r -> [um]                     |
 |      Lidar ratio= 4 pi Qe / phase_fct(180)*Qs      |
 |----------------------------------------------------|
