 |--------|------------|
 | ANGLE  |  PHASE FCT |
 |--------|------------|
     0.00   59.268    
     1.00   58.475    
     2.00   56.189    
     3.00   52.667    
     4.00   48.263    
     5.00   43.355    
     6.00   38.281    
     7.00   33.314    
     8.00   28.647    
     9.00   24.398    
    10.00   20.626    
    11.00   17.344    
    12.00   14.536    
    13.00   12.164    
    14.00   10.182    
    15.00   8.5402    
    16.00   7.1896    
    17.00   6.0845    
    18.00   5.1836    
    19.00   4.4510    
    20.00   3.8561    
    21.00   3.3730    
    22.00   2.9802    
    23.00   2.6600    
    24.00   2.3980    
    25.00   2.1826    
    26.00   2.0044    
    27.00   1.8558    
    28.00   1.7309    
    29.00   1.6250    
    30.00   1.5341    
    31.00   1.4554    
    32.00   1.3865    
    33.00   1.3255    
    34.00   1.2710    
    35.00   1.2217    
    36.00   1.1768    
    37.00   1.1355    
    38.00   1.0973    
    39.00   1.0617    
    40.00   1.0283    
    41.00  0.99682    
    42.00  0.96704    
    43.00  0.93876    
    44.00  0.91181    
    45.00  0.88607    
    46.00  0.86142    
    47.00  0.83780    
    48.00  0.81509    
    49.00  0.79326    
    50.00  0.77223    
    51.00  0.75198    
    52.00  0.73244    
    53.00  0.71359    
    54.00  0.69539    
    55.00  0.67781    
    56.00  0.66084    
    57.00  0.64444    
    58.00  0.62859    
    59.00  0.61328    
    60.00  0.59848    
    61.00  0.58419    
    62.00  0.57037    
    63.00  0.55703    
    64.00  0.54415    
    65.00  0.53171    
    66.00  0.51971    
    67.00  0.50814    
    68.00  0.49698    
    69.00  0.48622    
    70.00  0.47586    
    71.00  0.46589    
    72.00  0.45630    
    73.00  0.44709    
    74.00  0.43823    
    75.00  0.42974    
    76.00  0.42160    
    77.00  0.41380    
    78.00  0.40634    
    79.00  0.39921    
    80.00  0.39241    
    81.00  0.38592    
    82.00  0.37975    
    83.00  0.37389    
    84.00  0.36833    
    85.00  0.36307    
    86.00  0.35810    
    87.00  0.35341    
    88.00  0.34901    
    89.00  0.34488    
    90.00  0.34101    
    91.00  0.33741    
    92.00  0.33407    
    93.00  0.33099    
    94.00  0.32814    
    95.00  0.32554    
    96.00  0.32318    
    97.00  0.32105    
    98.00  0.31914    
    99.00  0.31745    
   100.00  0.31598    
   101.00  0.31472    
   102.00  0.31366    
   103.00  0.31280    
   104.00  0.31213    
   105.00  0.31164    
   106.00  0.31134    
   107.00  0.31122    
   108.00  0.31126    
   109.00  0.31147    
   110.00  0.31184    
   111.00  0.31236    
   112.00  0.31303    
   113.00  0.31385    
   114.00  0.31480    
   115.00  0.31589    
   116.00  0.31710    
   117.00  0.31844    
   118.00  0.31989    
   119.00  0.32146    
   120.00  0.32313    
   121.00  0.32490    
   122.00  0.32678    
   123.00  0.32874    
   124.00  0.33080    
   125.00  0.33294    
   126.00  0.33516    
   127.00  0.33745    
   128.00  0.33982    
   129.00  0.34226    
   130.00  0.34477    
   131.00  0.34735    
   132.00  0.34998    
   133.00  0.35268    
   134.00  0.35544    
   135.00  0.35826    
   136.00  0.36114    
   137.00  0.36408    
   138.00  0.36707    
   139.00  0.37013    
   140.00  0.37324    
   141.00  0.37641    
   142.00  0.37963    
   143.00  0.38291    
   144.00  0.38624    
   145.00  0.38960    
   146.00  0.39299    
   147.00  0.39639    
   148.00  0.39979    
   149.00  0.40315    
   150.00  0.40646    
   151.00  0.40967    
   152.00  0.41274    
   153.00  0.41563    
   154.00  0.41831    
   155.00  0.42071    
   156.00  0.42281    
   157.00  0.42457    
   158.00  0.42596    
   159.00  0.42700    
   160.00  0.42767    
   161.00  0.42804    
   162.00  0.42814    
   163.00  0.42806    
   164.00  0.42791    
   165.00  0.42779    
   166.00  0.42783    
   167.00  0.42814    
   168.00  0.42883    
   169.00  0.42996    
   170.00  0.43159    
   171.00  0.43370    
   172.00  0.43623    
   173.00  0.43910    
   174.00  0.44214    
   175.00  0.44519    
   176.00  0.44805    
   177.00  0.45053    
   178.00  0.45244    
   179.00  0.45364    
   180.00  0.45406    
 |--------|------------|
0.450000     micron = Wavelength
0.214282     = Extinction efficiency (Q)
0.731324E-01 = Scattering efficiency (Qs)
0.141149     = Absorption efficiency (Qa)
 81.0912     = Lidar ratio
0.272778E-02 micron^2 = <b> = Average surface area per particle
0.584513E-03 microns^2 = Extinction cross section (C)
0.199489E-03 microns^2 = Scattering cross section (Cs)
0.385024E-03 microns^2 = Absorption cross section (Ca)
 |----------------------------------------------------|
 | COMMENTAIRES:                                      |
 |----------------------------------------------------|
 |   -Cross section / <b> should = efficiency         |
 |    is independant of the normalisation of dN/dx    |
 |   -The integral of the phase fct / 4 pi over all   |
 |    directions (solid angle) = 1.                   |
 |   -The volume coefficient (k) is equal to C * N    |
 |      = cross section * Number density              |
 |      typical units: [um^2]*[particles/cm^3] =      |
 |      [10^-3 km-1]                                  |
 |      N = M/(d*4/3*pi*r^3) where d is the density   |
 |      of particle, M is the mass per unit volume    |
 |      and 4/3*pi*r^3 is the average volume  of a    |
 |      particle.                                     |
 |      typical units:  M -> [ug/m^3], d -> [g/cm^3]  |
 |                      r -> [um]                     |
 |      Lidar ratio= 4 pi Qe / phase_fct(180)*Qs      |
 |----------------------------------------------------|
