 |--------|------------|
 | ANGLE  |  PHASE FCT |
 |--------|------------|
     0.00   58.542    
     1.00   57.857    
     2.00   55.873    
     3.00   52.787    
     4.00   48.878    
     5.00   44.450    
     6.00   39.790    
     7.00   35.138    
     8.00   30.678    
     9.00   26.532    
    10.00   22.774    
    11.00   19.435    
    12.00   16.517    
    13.00   14.001    
    14.00   11.855    
    15.00   10.042    
    16.00   8.5210    
    17.00   7.2522    
    18.00   6.1988    
    19.00   5.3269    
    20.00   4.6069    
    21.00   4.0127    
    22.00   3.5225    
    23.00   3.1175    
    24.00   2.7822    
    25.00   2.5037    
    26.00   2.2713    
    27.00   2.0765    
    28.00   1.9121    
    29.00   1.7724    
    30.00   1.6527    
    31.00   1.5493    
    32.00   1.4593    
    33.00   1.3801    
    34.00   1.3099    
    35.00   1.2471    
    36.00   1.1904    
    37.00   1.1389    
    38.00   1.0917    
    39.00   1.0482    
    40.00   1.0079    
    41.00  0.97026    
    42.00  0.93506    
    43.00  0.90196    
    44.00  0.87074    
    45.00  0.84121    
    46.00  0.81319    
    47.00  0.78657    
    48.00  0.76121    
    49.00  0.73704    
    50.00  0.71395    
    51.00  0.69187    
    52.00  0.67076    
    53.00  0.65054    
    54.00  0.63116    
    55.00  0.61258    
    56.00  0.59476    
    57.00  0.57767    
    58.00  0.56127    
    59.00  0.54552    
    60.00  0.53040    
    61.00  0.51589    
    62.00  0.50195    
    63.00  0.48856    
    64.00  0.47571    
    65.00  0.46338    
    66.00  0.45153    
    67.00  0.44017    
    68.00  0.42927    
    69.00  0.41881    
    70.00  0.40878    
    71.00  0.39917    
    72.00  0.38997    
    73.00  0.38115    
    74.00  0.37271    
    75.00  0.36465    
    76.00  0.35693    
    77.00  0.34957    
    78.00  0.34254    
    79.00  0.33584    
    80.00  0.32946    
    81.00  0.32339    
    82.00  0.31762    
    83.00  0.31215    
    84.00  0.30696    
    85.00  0.30205    
    86.00  0.29740    
    87.00  0.29303    
    88.00  0.28891    
    89.00  0.28504    
    90.00  0.28142    
    91.00  0.27803    
    92.00  0.27488    
    93.00  0.27195    
    94.00  0.26924    
    95.00  0.26675    
    96.00  0.26446    
    97.00  0.26237    
    98.00  0.26049    
    99.00  0.25879    
   100.00  0.25728    
   101.00  0.25595    
   102.00  0.25480    
   103.00  0.25382    
   104.00  0.25300    
   105.00  0.25234    
   106.00  0.25184    
   107.00  0.25149    
   108.00  0.25129    
   109.00  0.25123    
   110.00  0.25130    
   111.00  0.25151    
   112.00  0.25184    
   113.00  0.25230    
   114.00  0.25287    
   115.00  0.25356    
   116.00  0.25436    
   117.00  0.25526    
   118.00  0.25627    
   119.00  0.25737    
   120.00  0.25857    
   121.00  0.25986    
   122.00  0.26124    
   123.00  0.26270    
   124.00  0.26424    
   125.00  0.26586    
   126.00  0.26756    
   127.00  0.26933    
   128.00  0.27117    
   129.00  0.27308    
   130.00  0.27506    
   131.00  0.27711    
   132.00  0.27922    
   133.00  0.28141    
   134.00  0.28366    
   135.00  0.28598    
   136.00  0.28836    
   137.00  0.29082    
   138.00  0.29335    
   139.00  0.29595    
   140.00  0.29863    
   141.00  0.30137    
   142.00  0.30419    
   143.00  0.30707    
   144.00  0.31002    
   145.00  0.31301    
   146.00  0.31604    
   147.00  0.31909    
   148.00  0.32213    
   149.00  0.32515    
   150.00  0.32810    
   151.00  0.33094    
   152.00  0.33363    
   153.00  0.33611    
   154.00  0.33834    
   155.00  0.34027    
   156.00  0.34184    
   157.00  0.34303    
   158.00  0.34380    
   159.00  0.34414    
   160.00  0.34408    
   161.00  0.34366    
   162.00  0.34293    
   163.00  0.34199    
   164.00  0.34096    
   165.00  0.33997    
   166.00  0.33917    
   167.00  0.33868    
   168.00  0.33864    
   169.00  0.33914    
   170.00  0.34024    
   171.00  0.34193    
   172.00  0.34416    
   173.00  0.34682    
   174.00  0.34977    
   175.00  0.35279    
   176.00  0.35567    
   177.00  0.35820    
   178.00  0.36016    
   179.00  0.36141    
   180.00  0.36184    
 |--------|------------|
0.560000     micron = Wavelength
0.197908     = Extinction efficiency (Q)
0.689361E-01 = Scattering efficiency (Qs)
0.128971     = Absorption efficiency (Qa)
 99.7032     = Lidar ratio
0.352420E-02 micron^2 = <b> = Average surface area per particle
0.697467E-03 microns^2 = Extinction cross section (C)
0.242945E-03 microns^2 = Scattering cross section (Cs)
0.454522E-03 microns^2 = Absorption cross section (Ca)
 |----------------------------------------------------|
 | COMMENTAIRES:                                      |
 |----------------------------------------------------|
 |   -Cross section / <b> should = efficiency         |
 |    is independant of the normalisation of dN/dx    |
 |   -The integral of the phase fct / 4 pi over all   |
 |    directions (solid angle) = 1.                   |
 |   -The volume coefficient (k) is equal to C * N    |
 |      = cross section * Number density              |
 |      typical units: [um^2]*[particles/cm^3] =      |
 |      [10^-3 km-1]                                  |
 |      N = M/(d*4/3*pi*r^3) where d is the density   |
 |      of particle, M is the mass per unit volume    |
 |      and 4/3*pi*r^3 is the average volume  of a    |
 |      particle.                                     |
 |      typical units:  M -> [ug/m^3], d -> [g/cm^3]  |
 |                      r -> [um]                     |
 |      Lidar ratio= 4 pi Qe / phase_fct(180)*Qs      |
 |----------------------------------------------------|
