 |--------|------------|
 | ANGLE  |  PHASE FCT |
 |--------|------------|
     0.00   90.188    
     1.00   87.749    
     2.00   80.982    
     3.00   71.283    
     4.00   60.307    
     5.00   49.446    
     6.00   39.592    
     7.00   31.166    
     8.00   24.264    
     9.00   18.787    
    10.00   14.542    
    11.00   11.307    
    12.00   8.8733    
    13.00   7.0572    
    14.00   5.7086    
    15.00   4.7087    
    16.00   3.9664    
    17.00   3.4128    
    18.00   2.9970    
    19.00   2.6812    
    20.00   2.4384    
    21.00   2.2487    
    22.00   2.0978    
    23.00   1.9755    
    24.00   1.8744    
    25.00   1.7891    
    26.00   1.7159    
    27.00   1.6518    
    28.00   1.5950    
    29.00   1.5438    
    30.00   1.4971    
    31.00   1.4542    
    32.00   1.4142    
    33.00   1.3768    
    34.00   1.3415    
    35.00   1.3081    
    36.00   1.2763    
    37.00   1.2458    
    38.00   1.2165    
    39.00   1.1883    
    40.00   1.1611    
    41.00   1.1348    
    42.00   1.1092    
    43.00   1.0843    
    44.00   1.0601    
    45.00   1.0366    
    46.00   1.0136    
    47.00  0.99111    
    48.00  0.96918    
    49.00  0.94775    
    50.00  0.92679    
    51.00  0.90630    
    52.00  0.88626    
    53.00  0.86665    
    54.00  0.84749    
    55.00  0.82873    
    56.00  0.81040    
    57.00  0.79248    
    58.00  0.77498    
    59.00  0.75788    
    60.00  0.74119    
    61.00  0.72491    
    62.00  0.70902    
    63.00  0.69354    
    64.00  0.67847    
    65.00  0.66379    
    66.00  0.64952    
    67.00  0.63564    
    68.00  0.62217    
    69.00  0.60909    
    70.00  0.59642    
    71.00  0.58413    
    72.00  0.57224    
    73.00  0.56075    
    74.00  0.54965    
    75.00  0.53893    
    76.00  0.52860    
    77.00  0.51866    
    78.00  0.50910    
    79.00  0.49992    
    80.00  0.49111    
    81.00  0.48268    
    82.00  0.47461    
    83.00  0.46691    
    84.00  0.45956    
    85.00  0.45258    
    86.00  0.44594    
    87.00  0.43965    
    88.00  0.43370    
    89.00  0.42808    
    90.00  0.42280    
    91.00  0.41784    
    92.00  0.41320    
    93.00  0.40887    
    94.00  0.40484    
    95.00  0.40112    
    96.00  0.39769    
    97.00  0.39455    
    98.00  0.39169    
    99.00  0.38911    
   100.00  0.38679    
   101.00  0.38473    
   102.00  0.38292    
   103.00  0.38137    
   104.00  0.38005    
   105.00  0.37896    
   106.00  0.37810    
   107.00  0.37746    
   108.00  0.37703    
   109.00  0.37680    
   110.00  0.37677    
   111.00  0.37693    
   112.00  0.37727    
   113.00  0.37779    
   114.00  0.37848    
   115.00  0.37932    
   116.00  0.38032    
   117.00  0.38147    
   118.00  0.38276    
   119.00  0.38418    
   120.00  0.38573    
   121.00  0.38740    
   122.00  0.38918    
   123.00  0.39107    
   124.00  0.39305    
   125.00  0.39513    
   126.00  0.39730    
   127.00  0.39955    
   128.00  0.40187    
   129.00  0.40427    
   130.00  0.40672    
   131.00  0.40923    
   132.00  0.41179    
   133.00  0.41440    
   134.00  0.41705    
   135.00  0.41974    
   136.00  0.42245    
   137.00  0.42520    
   138.00  0.42796    
   139.00  0.43074    
   140.00  0.43354    
   141.00  0.43635    
   142.00  0.43917    
   143.00  0.44200    
   144.00  0.44484    
   145.00  0.44769    
   146.00  0.45054    
   147.00  0.45340    
   148.00  0.45627    
   149.00  0.45915    
   150.00  0.46203    
   151.00  0.46491    
   152.00  0.46778    
   153.00  0.47064    
   154.00  0.47346    
   155.00  0.47622    
   156.00  0.47891    
   157.00  0.48147    
   158.00  0.48389    
   159.00  0.48611    
   160.00  0.48811    
   161.00  0.48986    
   162.00  0.49132    
   163.00  0.49251    
   164.00  0.49344    
   165.00  0.49413    
   166.00  0.49466    
   167.00  0.49508    
   168.00  0.49550    
   169.00  0.49599    
   170.00  0.49664    
   171.00  0.49751    
   172.00  0.49861    
   173.00  0.49994    
   174.00  0.50145    
   175.00  0.50305    
   176.00  0.50462    
   177.00  0.50603    
   178.00  0.50715    
   179.00  0.50787    
   180.00  0.50812    
 |--------|------------|
0.650000     micron = Wavelength
0.295814     = Extinction efficiency (Q)
0.111166     = Scattering efficiency (Qs)
0.184648     = Absorption efficiency (Qa)
 65.8101     = Lidar ratio
0.100547E-01 micron^2 = <b> = Average surface area per particle
0.297432E-02 microns^2 = Extinction cross section (C)
0.111774E-02 microns^2 = Scattering cross section (Cs)
0.185658E-02 microns^2 = Absorption cross section (Ca)
 |----------------------------------------------------|
 | COMMENTAIRES:                                      |
 |----------------------------------------------------|
 |   -Cross section / <b> should = efficiency         |
 |    is independant of the normalisation of dN/dx    |
 |   -The integral of the phase fct / 4 pi over all   |
 |    directions (solid angle) = 1.                   |
 |   -The volume coefficient (k) is equal to C * N    |
 |      = cross section * Number density              |
 |      typical units: [um^2]*[particles/cm^3] =      |
 |      [10^-3 km-1]                                  |
 |      N = M/(d*4/3*pi*r^3) where d is the density   |
 |      of particle, M is the mass per unit volume    |
 |      and 4/3*pi*r^3 is the average volume  of a    |
 |      particle.                                     |
 |      typical units:  M -> [ug/m^3], d -> [g/cm^3]  |
 |                      r -> [um]                     |
 |      Lidar ratio= 4 pi Qe / phase_fct(180)*Qs      |
 |----------------------------------------------------|
