 |--------|------------|
 | ANGLE  |  PHASE FCT |
 |--------|------------|
     0.00   32.344    
     1.00   32.176    
     2.00   31.681    
     3.00   30.882    
     4.00   29.815    
     5.00   28.524    
     6.00   27.059    
     7.00   25.470    
     8.00   23.805    
     9.00   22.107    
    10.00   20.413    
    11.00   18.756    
    12.00   17.157    
    13.00   15.637    
    14.00   14.206    
    15.00   12.873    
    16.00   11.640    
    17.00   10.510    
    18.00   9.4783    
    19.00   8.5427    
    20.00   7.6977    
    21.00   6.9373    
    22.00   6.2552    
    23.00   5.6449    
    24.00   5.1000    
    25.00   4.6143    
    26.00   4.1818    
    27.00   3.7969    
    28.00   3.4545    
    29.00   3.1499    
    30.00   2.8788    
    31.00   2.6373    
    32.00   2.4221    
    33.00   2.2299    
    34.00   2.0581    
    35.00   1.9042    
    36.00   1.7661    
    37.00   1.6418    
    38.00   1.5299    
    39.00   1.4287    
    40.00   1.3370    
    41.00   1.2537    
    42.00   1.1779    
    43.00   1.1087    
    44.00   1.0453    
    45.00  0.98718    
    46.00  0.93368    
    47.00  0.88434    
    48.00  0.83872    
    49.00  0.79646    
    50.00  0.75722    
    51.00  0.72071    
    52.00  0.68668    
    53.00  0.65490    
    54.00  0.62517    
    55.00  0.59732    
    56.00  0.57118    
    57.00  0.54663    
    58.00  0.52353    
    59.00  0.50177    
    60.00  0.48126    
    61.00  0.46191    
    62.00  0.44363    
    63.00  0.42635    
    64.00  0.41001    
    65.00  0.39454    
    66.00  0.37989    
    67.00  0.36600    
    68.00  0.35284    
    69.00  0.34036    
    70.00  0.32851    
    71.00  0.31727    
    72.00  0.30660    
    73.00  0.29646    
    74.00  0.28684    
    75.00  0.27770    
    76.00  0.26901    
    77.00  0.26076    
    78.00  0.25292    
    79.00  0.24547    
    80.00  0.23840    
    81.00  0.23167    
    82.00  0.22529    
    83.00  0.21923    
    84.00  0.21347    
    85.00  0.20801    
    86.00  0.20282    
    87.00  0.19791    
    88.00  0.19324    
    89.00  0.18882    
    90.00  0.18464    
    91.00  0.18068    
    92.00  0.17693    
    93.00  0.17339    
    94.00  0.17004    
    95.00  0.16688    
    96.00  0.16391    
    97.00  0.16111    
    98.00  0.15847    
    99.00  0.15600    
   100.00  0.15368    
   101.00  0.15151    
   102.00  0.14949    
   103.00  0.14760    
   104.00  0.14585    
   105.00  0.14422    
   106.00  0.14272    
   107.00  0.14134    
   108.00  0.14008    
   109.00  0.13893    
   110.00  0.13789    
   111.00  0.13696    
   112.00  0.13614    
   113.00  0.13541    
   114.00  0.13478    
   115.00  0.13425    
   116.00  0.13382    
   117.00  0.13348    
   118.00  0.13323    
   119.00  0.13307    
   120.00  0.13300    
   121.00  0.13301    
   122.00  0.13312    
   123.00  0.13331    
   124.00  0.13358    
   125.00  0.13395    
   126.00  0.13439    
   127.00  0.13492    
   128.00  0.13554    
   129.00  0.13624    
   130.00  0.13702    
   131.00  0.13788    
   132.00  0.13882    
   133.00  0.13984    
   134.00  0.14094    
   135.00  0.14210    
   136.00  0.14333    
   137.00  0.14462    
   138.00  0.14595    
   139.00  0.14733    
   140.00  0.14874    
   141.00  0.15016    
   142.00  0.15157    
   143.00  0.15297    
   144.00  0.15433    
   145.00  0.15561    
   146.00  0.15681    
   147.00  0.15788    
   148.00  0.15880    
   149.00  0.15954    
   150.00  0.16007    
   151.00  0.16036    
   152.00  0.16039    
   153.00  0.16013    
   154.00  0.15959    
   155.00  0.15875    
   156.00  0.15762    
   157.00  0.15622    
   158.00  0.15460    
   159.00  0.15278    
   160.00  0.15085    
   161.00  0.14887    
   162.00  0.14693    
   163.00  0.14511    
   164.00  0.14351    
   165.00  0.14222    
   166.00  0.14132    
   167.00  0.14087    
   168.00  0.14091    
   169.00  0.14145    
   170.00  0.14249    
   171.00  0.14397    
   172.00  0.14581    
   173.00  0.14791    
   174.00  0.15014    
   175.00  0.15236    
   176.00  0.15442    
   177.00  0.15619    
   178.00  0.15756    
   179.00  0.15841    
   180.00  0.15870    
 |--------|------------|
0.720000     micron = Wavelength
0.157752     = Extinction efficiency (Q)
0.656776E-01 = Scattering efficiency (Qs)
0.920748E-01 = Absorption efficiency (Qa)
 190.187     = Lidar ratio
0.272779E-02 micron^2 = <b> = Average surface area per particle
0.430315E-03 microns^2 = Extinction cross section (C)
0.179154E-03 microns^2 = Scattering cross section (Cs)
0.251160E-03 microns^2 = Absorption cross section (Ca)
 |----------------------------------------------------|
 | COMMENTAIRES:                                      |
 |----------------------------------------------------|
 |   -Cross section / <b> should = efficiency         |
 |    is independant of the normalisation of dN/dx    |
 |   -The integral of the phase fct / 4 pi over all   |
 |    directions (solid angle) = 1.                   |
 |   -The volume coefficient (k) is equal to C * N    |
 |      = cross section * Number density              |
 |      typical units: [um^2]*[particles/cm^3] =      |
 |      [10^-3 km-1]                                  |
 |      N = M/(d*4/3*pi*r^3) where d is the density   |
 |      of particle, M is the mass per unit volume    |
 |      and 4/3*pi*r^3 is the average volume  of a    |
 |      particle.                                     |
 |      typical units:  M -> [ug/m^3], d -> [g/cm^3]  |
 |                      r -> [um]                     |
 |      Lidar ratio= 4 pi Qe / phase_fct(180)*Qs      |
 |----------------------------------------------------|
