 |--------|------------|
 | ANGLE  |  PHASE FCT |
 |--------|------------|
     0.00   73.390    
     1.00   70.760    
     2.00   63.630    
     3.00   53.849    
     4.00   43.445    
     5.00   33.886    
     6.00   25.873    
     7.00   19.543    
     8.00   14.743    
     9.00   11.211    
    10.00   8.6620    
    11.00   6.8455    
    12.00   5.5593    
    13.00   4.6498    
    14.00   4.0040    
    15.00   3.5410    
    16.00   3.2042    
    17.00   2.9546    
    18.00   2.7650    
    19.00   2.6172    
    20.00   2.4987    
    21.00   2.4009    
    22.00   2.3180    
    23.00   2.2460    
    24.00   2.1821    
    25.00   2.1243    
    26.00   2.0712    
    27.00   2.0219    
    28.00   1.9755    
    29.00   1.9316    
    30.00   1.8896    
    31.00   1.8493    
    32.00   1.8104    
    33.00   1.7726    
    34.00   1.7359    
    35.00   1.7000    
    36.00   1.6650    
    37.00   1.6306    
    38.00   1.5968    
    39.00   1.5636    
    40.00   1.5309    
    41.00   1.4987    
    42.00   1.4670    
    43.00   1.4357    
    44.00   1.4048    
    45.00   1.3744    
    46.00   1.3444    
    47.00   1.3148    
    48.00   1.2856    
    49.00   1.2568    
    50.00   1.2285    
    51.00   1.2006    
    52.00   1.1731    
    53.00   1.1461    
    54.00   1.1195    
    55.00   1.0934    
    56.00   1.0678    
    57.00   1.0426    
    58.00   1.0180    
    59.00  0.99379    
    60.00  0.97013    
    61.00  0.94697    
    62.00  0.92432    
    63.00  0.90220    
    64.00  0.88059    
    65.00  0.85952    
    66.00  0.83898    
    67.00  0.81897    
    68.00  0.79950    
    69.00  0.78057    
    70.00  0.76218    
    71.00  0.74433    
    72.00  0.72701    
    73.00  0.71023    
    74.00  0.69399    
    75.00  0.67828    
    76.00  0.66310    
    77.00  0.64845    
    78.00  0.63432    
    79.00  0.62071    
    80.00  0.60761    
    81.00  0.59502    
    82.00  0.58293    
    83.00  0.57134    
    84.00  0.56023    
    85.00  0.54961    
    86.00  0.53946    
    87.00  0.52978    
    88.00  0.52056    
    89.00  0.51179    
    90.00  0.50346    
    91.00  0.49557    
    92.00  0.48810    
    93.00  0.48104    
    94.00  0.47439    
    95.00  0.46814    
    96.00  0.46228    
    97.00  0.45680    
    98.00  0.45168    
    99.00  0.44693    
   100.00  0.44252    
   101.00  0.43845    
   102.00  0.43472    
   103.00  0.43130    
   104.00  0.42819    
   105.00  0.42539    
   106.00  0.42287    
   107.00  0.42064    
   108.00  0.41868    
   109.00  0.41698    
   110.00  0.41553    
   111.00  0.41433    
   112.00  0.41336    
   113.00  0.41262    
   114.00  0.41209    
   115.00  0.41176    
   116.00  0.41164    
   117.00  0.41170    
   118.00  0.41195    
   119.00  0.41236    
   120.00  0.41294    
   121.00  0.41367    
   122.00  0.41455    
   123.00  0.41557    
   124.00  0.41671    
   125.00  0.41798    
   126.00  0.41937    
   127.00  0.42086    
   128.00  0.42245    
   129.00  0.42414    
   130.00  0.42591    
   131.00  0.42776    
   132.00  0.42968    
   133.00  0.43167    
   134.00  0.43372    
   135.00  0.43582    
   136.00  0.43796    
   137.00  0.44015    
   138.00  0.44237    
   139.00  0.44462    
   140.00  0.44690    
   141.00  0.44919    
   142.00  0.45150    
   143.00  0.45382    
   144.00  0.45614    
   145.00  0.45847    
   146.00  0.46080    
   147.00  0.46313    
   148.00  0.46545    
   149.00  0.46776    
   150.00  0.47006    
   151.00  0.47235    
   152.00  0.47462    
   153.00  0.47687    
   154.00  0.47909    
   155.00  0.48127    
   156.00  0.48340    
   157.00  0.48547    
   158.00  0.48745    
   159.00  0.48935    
   160.00  0.49113    
   161.00  0.49279    
   162.00  0.49432    
   163.00  0.49570    
   164.00  0.49694    
   165.00  0.49805    
   166.00  0.49905    
   167.00  0.49997    
   168.00  0.50083    
   169.00  0.50167    
   170.00  0.50252    
   171.00  0.50341    
   172.00  0.50433    
   173.00  0.50529    
   174.00  0.50626    
   175.00  0.50722    
   176.00  0.50810    
   177.00  0.50887    
   178.00  0.50946    
   179.00  0.50984    
   180.00  0.50997    
 |--------|------------|
0.450000     micron = Wavelength
0.402971     = Extinction efficiency (Q)
0.171888     = Scattering efficiency (Qs)
0.231084     = Absorption efficiency (Qa)
 57.7691     = Lidar ratio
0.730516E-02 micron^2 = <b> = Average surface area per particle
0.294377E-02 microns^2 = Extinction cross section (C)
0.125567E-02 microns^2 = Scattering cross section (Cs)
0.168811E-02 microns^2 = Absorption cross section (Ca)
 |----------------------------------------------------|
 | COMMENTAIRES:                                      |
 |----------------------------------------------------|
 |   -Cross section / <b> should = efficiency         |
 |    is independant of the normalisation of dN/dx    |
 |   -The integral of the phase fct / 4 pi over all   |
 |    directions (solid angle) = 1.                   |
 |   -The volume coefficient (k) is equal to C * N    |
 |      = cross section * Number density              |
 |      typical units: [um^2]*[particles/cm^3] =      |
 |      [10^-3 km-1]                                  |
 |      N = M/(d*4/3*pi*r^3) where d is the density   |
 |      of particle, M is the mass per unit volume    |
 |      and 4/3*pi*r^3 is the average volume  of a    |
 |      particle.                                     |
 |      typical units:  M -> [ug/m^3], d -> [g/cm^3]  |
 |                      r -> [um]                     |
 |      Lidar ratio= 4 pi Qe / phase_fct(180)*Qs      |
 |----------------------------------------------------|
