 |--------|------------|
 | ANGLE  |  PHASE FCT |
 |--------|------------|
     0.00   68.814    
     1.00   67.681    
     2.00   64.444    
     3.00   59.542    
     4.00   53.554    
     5.00   47.067    
     6.00   40.570    
     7.00   34.420    
     8.00   28.836    
     9.00   23.927    
    10.00   19.720    
    11.00   16.185    
    12.00   13.262    
    13.00   10.874    
    14.00   8.9436    
    15.00   7.3943    
    16.00   6.1582    
    17.00   5.1756    
    18.00   4.3963    
    19.00   3.7785    
    20.00   3.2884    
    21.00   2.8985    
    22.00   2.5871    
    23.00   2.3368    
    24.00   2.1343    
    25.00   1.9688    
    26.00   1.8323    
    27.00   1.7183    
    28.00   1.6220    
    29.00   1.5395    
    30.00   1.4679    
    31.00   1.4050    
    32.00   1.3491    
    33.00   1.2987    
    34.00   1.2529    
    35.00   1.2108    
    36.00   1.1718    
    37.00   1.1354    
    38.00   1.1013    
    39.00   1.0690    
    40.00   1.0385    
    41.00   1.0094    
    42.00  0.98166    
    43.00  0.95509    
    44.00  0.92961    
    45.00  0.90512    
    46.00  0.88153    
    47.00  0.85880    
    48.00  0.83685    
    49.00  0.81566    
    50.00  0.79518    
    51.00  0.77536    
    52.00  0.75618    
    53.00  0.73761    
    54.00  0.71962    
    55.00  0.70220    
    56.00  0.68532    
    57.00  0.66896    
    58.00  0.65312    
    59.00  0.63776    
    60.00  0.62289    
    61.00  0.60848    
    62.00  0.59453    
    63.00  0.58102    
    64.00  0.56795    
    65.00  0.55531    
    66.00  0.54308    
    67.00  0.53126    
    68.00  0.51985    
    69.00  0.50883    
    70.00  0.49820    
    71.00  0.48795    
    72.00  0.47808    
    73.00  0.46857    
    74.00  0.45943    
    75.00  0.45065    
    76.00  0.44222    
    77.00  0.43414    
    78.00  0.42640    
    79.00  0.41900    
    80.00  0.41193    
    81.00  0.40518    
    82.00  0.39876    
    83.00  0.39265    
    84.00  0.38686    
    85.00  0.38137    
    86.00  0.37617    
    87.00  0.37128    
    88.00  0.36667    
    89.00  0.36235    
    90.00  0.35831    
    91.00  0.35454    
    92.00  0.35104    
    93.00  0.34780    
    94.00  0.34483    
    95.00  0.34210    
    96.00  0.33962    
    97.00  0.33738    
    98.00  0.33538    
    99.00  0.33361    
   100.00  0.33206    
   101.00  0.33073    
   102.00  0.32961    
   103.00  0.32870    
   104.00  0.32799    
   105.00  0.32748    
   106.00  0.32716    
   107.00  0.32702    
   108.00  0.32706    
   109.00  0.32727    
   110.00  0.32765    
   111.00  0.32818    
   112.00  0.32888    
   113.00  0.32972    
   114.00  0.33070    
   115.00  0.33183    
   116.00  0.33308    
   117.00  0.33446    
   118.00  0.33597    
   119.00  0.33758    
   120.00  0.33931    
   121.00  0.34114    
   122.00  0.34306    
   123.00  0.34509    
   124.00  0.34720    
   125.00  0.34939    
   126.00  0.35166    
   127.00  0.35401    
   128.00  0.35642    
   129.00  0.35890    
   130.00  0.36145    
   131.00  0.36405    
   132.00  0.36670    
   133.00  0.36940    
   134.00  0.37216    
   135.00  0.37496    
   136.00  0.37780    
   137.00  0.38069    
   138.00  0.38363    
   139.00  0.38660    
   140.00  0.38963    
   141.00  0.39269    
   142.00  0.39580    
   143.00  0.39896    
   144.00  0.40216    
   145.00  0.40540    
   146.00  0.40868    
   147.00  0.41200    
   148.00  0.41534    
   149.00  0.41869    
   150.00  0.42204    
   151.00  0.42535    
   152.00  0.42859    
   153.00  0.43175    
   154.00  0.43475    
   155.00  0.43757    
   156.00  0.44015    
   157.00  0.44244    
   158.00  0.44441    
   159.00  0.44601    
   160.00  0.44724    
   161.00  0.44809    
   162.00  0.44858    
   163.00  0.44878    
   164.00  0.44875    
   165.00  0.44859    
   166.00  0.44844    
   167.00  0.44840    
   168.00  0.44860    
   169.00  0.44915    
   170.00  0.45013    
   171.00  0.45156    
   172.00  0.45344    
   173.00  0.45568    
   174.00  0.45818    
   175.00  0.46077    
   176.00  0.46326    
   177.00  0.46546    
   178.00  0.46719    
   179.00  0.46828    
   180.00  0.46866    
 |--------|------------|
0.570000     micron = Wavelength
0.230364     = Extinction efficiency (Q)
0.803974E-01 = Scattering efficiency (Qs)
0.149966     = Absorption efficiency (Qa)
 76.8284     = Lidar ratio
0.513789E-02 micron^2 = <b> = Average surface area per particle
0.118358E-02 microns^2 = Extinction cross section (C)
0.413073E-03 microns^2 = Scattering cross section (Cs)
0.770508E-03 microns^2 = Absorption cross section (Ca)
 |----------------------------------------------------|
 | COMMENTAIRES:                                      |
 |----------------------------------------------------|
 |   -Cross section / <b> should = efficiency         |
 |    is independant of the normalisation of dN/dx    |
 |   -The integral of the phase fct / 4 pi over all   |
 |    directions (solid angle) = 1.                   |
 |   -The volume coefficient (k) is equal to C * N    |
 |      = cross section * Number density              |
 |      typical units: [um^2]*[particles/cm^3] =      |
 |      [10^-3 km-1]                                  |
 |      N = M/(d*4/3*pi*r^3) where d is the density   |
 |      of particle, M is the mass per unit volume    |
 |      and 4/3*pi*r^3 is the average volume  of a    |
 |      particle.                                     |
 |      typical units:  M -> [ug/m^3], d -> [g/cm^3]  |
 |                      r -> [um]                     |
 |      Lidar ratio= 4 pi Qe / phase_fct(180)*Qs      |
 |----------------------------------------------------|
