 |--------|------------|
 | ANGLE  |  PHASE FCT |
 |--------|------------|
     0.00   67.889    
     1.00   63.139    
     2.00   51.146    
     3.00   36.938    
     4.00   24.862    
     5.00   16.563    
     6.00   11.507    
     7.00   8.5343    
     8.00   6.7880    
     9.00   5.7708    
    10.00   5.1688    
    11.00   4.7876    
    12.00   4.5299    
    13.00   4.3464    
    14.00   4.2045    
    15.00   4.0858    
    16.00   3.9831    
    17.00   3.8912    
    18.00   3.8055    
    19.00   3.7242    
    20.00   3.6466    
    21.00   3.5713    
    22.00   3.4974    
    23.00   3.4247    
    24.00   3.3530    
    25.00   3.2818    
    26.00   3.2110    
    27.00   3.1406    
    28.00   3.0705    
    29.00   3.0006    
    30.00   2.9309    
    31.00   2.8616    
    32.00   2.7926    
    33.00   2.7239    
    34.00   2.6557    
    35.00   2.5879    
    36.00   2.5207    
    37.00   2.4540    
    38.00   2.3881    
    39.00   2.3228    
    40.00   2.2583    
    41.00   2.1947    
    42.00   2.1319    
    43.00   2.0701    
    44.00   2.0092    
    45.00   1.9495    
    46.00   1.8907    
    47.00   1.8331    
    48.00   1.7766    
    49.00   1.7213    
    50.00   1.6671    
    51.00   1.6142    
    52.00   1.5625    
    53.00   1.5121    
    54.00   1.4629    
    55.00   1.4150    
    56.00   1.3683    
    57.00   1.3229    
    58.00   1.2788    
    59.00   1.2359    
    60.00   1.1943    
    61.00   1.1540    
    62.00   1.1149    
    63.00   1.0770    
    64.00   1.0403    
    65.00   1.0048    
    66.00  0.97053    
    67.00  0.93739    
    68.00  0.90538    
    69.00  0.87450    
    70.00  0.84472    
    71.00  0.81601    
    72.00  0.78835    
    73.00  0.76172    
    74.00  0.73609    
    75.00  0.71145    
    76.00  0.68776    
    77.00  0.66500    
    78.00  0.64314    
    79.00  0.62217    
    80.00  0.60204    
    81.00  0.58275    
    82.00  0.56426    
    83.00  0.54656    
    84.00  0.52961    
    85.00  0.51339    
    86.00  0.49788    
    87.00  0.48306    
    88.00  0.46889    
    89.00  0.45537    
    90.00  0.44247    
    91.00  0.43016    
    92.00  0.41843    
    93.00  0.40725    
    94.00  0.39661    
    95.00  0.38648    
    96.00  0.37685    
    97.00  0.36770    
    98.00  0.35901    
    99.00  0.35076    
   100.00  0.34294    
   101.00  0.33552    
   102.00  0.32851    
   103.00  0.32187    
   104.00  0.31559    
   105.00  0.30966    
   106.00  0.30408    
   107.00  0.29881    
   108.00  0.29385    
   109.00  0.28919    
   110.00  0.28481    
   111.00  0.28071    
   112.00  0.27687    
   113.00  0.27329    
   114.00  0.26994    
   115.00  0.26683    
   116.00  0.26394    
   117.00  0.26126    
   118.00  0.25879    
   119.00  0.25651    
   120.00  0.25442    
   121.00  0.25251    
   122.00  0.25077    
   123.00  0.24919    
   124.00  0.24777    
   125.00  0.24650    
   126.00  0.24537    
   127.00  0.24438    
   128.00  0.24352    
   129.00  0.24279    
   130.00  0.24217    
   131.00  0.24167    
   132.00  0.24127    
   133.00  0.24097    
   134.00  0.24078    
   135.00  0.24067    
   136.00  0.24065    
   137.00  0.24070    
   138.00  0.24084    
   139.00  0.24105    
   140.00  0.24132    
   141.00  0.24166    
   142.00  0.24205    
   143.00  0.24250    
   144.00  0.24300    
   145.00  0.24354    
   146.00  0.24413    
   147.00  0.24475    
   148.00  0.24540    
   149.00  0.24609    
   150.00  0.24679    
   151.00  0.24752    
   152.00  0.24827    
   153.00  0.24904    
   154.00  0.24981    
   155.00  0.25059    
   156.00  0.25138    
   157.00  0.25216    
   158.00  0.25295    
   159.00  0.25372    
   160.00  0.25449    
   161.00  0.25523    
   162.00  0.25596    
   163.00  0.25667    
   164.00  0.25734    
   165.00  0.25799    
   166.00  0.25860    
   167.00  0.25918    
   168.00  0.25972    
   169.00  0.26023    
   170.00  0.26070    
   171.00  0.26114    
   172.00  0.26155    
   173.00  0.26192    
   174.00  0.26226    
   175.00  0.26256    
   176.00  0.26281    
   177.00  0.26302    
   178.00  0.26317    
   179.00  0.26326    
   180.00  0.26329    
 |--------|------------|
0.340000     micron = Wavelength
0.842180     = Extinction efficiency (Q)
0.463221     = Scattering efficiency (Qs)
0.378959     = Absorption efficiency (Qa)
 86.7738     = Lidar ratio
0.100476E-01 micron^2 = <b> = Average surface area per particle
0.846191E-02 microns^2 = Extinction cross section (C)
0.465427E-02 microns^2 = Scattering cross section (Cs)
0.380764E-02 microns^2 = Absorption cross section (Ca)
 |----------------------------------------------------|
 | COMMENTAIRES:                                      |
 |----------------------------------------------------|
 |   -Cross section / <b> should = efficiency         |
 |    is independant of the normalisation of dN/dx    |
 |   -The integral of the phase fct / 4 pi over all   |
 |    directions (solid angle) = 1.                   |
 |   -The volume coefficient (k) is equal to C * N    |
 |      = cross section * Number density              |
 |      typical units: [um^2]*[particles/cm^3] =      |
 |      [10^-3 km-1]                                  |
 |      N = M/(d*4/3*pi*r^3) where d is the density   |
 |      of particle, M is the mass per unit volume    |
 |      and 4/3*pi*r^3 is the average volume  of a    |
 |      particle.                                     |
 |      typical units:  M -> [ug/m^3], d -> [g/cm^3]  |
 |                      r -> [um]                     |
 |      Lidar ratio= 4 pi Qe / phase_fct(180)*Qs      |
 |----------------------------------------------------|
