 |--------|------------|
 | ANGLE  |  PHASE FCT |
 |--------|------------|
     0.00   66.684    
     1.00   65.688    
     2.00   62.831    
     3.00   58.466    
     4.00   53.074    
     5.00   47.148    
     6.00   41.120    
     7.00   35.319    
     8.00   29.962    
     9.00   25.171    
    10.00   20.994    
    11.00   17.424    
    12.00   14.423    
    13.00   11.931    
    14.00   9.8834    
    15.00   8.2150    
    16.00   6.8639    
    17.00   5.7750    
    18.00   4.8998    
    19.00   4.1976    
    20.00   3.6344    
    21.00   3.1819    
    22.00   2.8177    
    23.00   2.5231    
    24.00   2.2835    
    25.00   2.0874    
    26.00   1.9255    
    27.00   1.7906    
    28.00   1.6770    
    29.00   1.5802    
    30.00   1.4968    
    31.00   1.4240    
    32.00   1.3599    
    33.00   1.3026    
    34.00   1.2510    
    35.00   1.2040    
    36.00   1.1608    
    37.00   1.1209    
    38.00   1.0836    
    39.00   1.0488    
    40.00   1.0159    
    41.00  0.98479    
    42.00  0.95528    
    43.00  0.92717    
    44.00  0.90033    
    45.00  0.87466    
    46.00  0.85005    
    47.00  0.82643    
    48.00  0.80373    
    49.00  0.78189    
    50.00  0.76087    
    51.00  0.74060    
    52.00  0.72106    
    53.00  0.70221    
    54.00  0.68402    
    55.00  0.66645    
    56.00  0.64949    
    57.00  0.63311    
    58.00  0.61729    
    59.00  0.60201    
    60.00  0.58725    
    61.00  0.57300    
    62.00  0.55924    
    63.00  0.54595    
    64.00  0.53312    
    65.00  0.52074    
    66.00  0.50881    
    67.00  0.49729    
    68.00  0.48620    
    69.00  0.47551    
    70.00  0.46522    
    71.00  0.45532    
    72.00  0.44580    
    73.00  0.43665    
    74.00  0.42787    
    75.00  0.41945    
    76.00  0.41137    
    77.00  0.40364    
    78.00  0.39625    
    79.00  0.38918    
    80.00  0.38245    
    81.00  0.37603    
    82.00  0.36992    
    83.00  0.36411    
    84.00  0.35861    
    85.00  0.35340    
    86.00  0.34848    
    87.00  0.34384    
    88.00  0.33947    
    89.00  0.33538    
    90.00  0.33155    
    91.00  0.32799    
    92.00  0.32467    
    93.00  0.32161    
    94.00  0.31879    
    95.00  0.31621    
    96.00  0.31386    
    97.00  0.31173    
    98.00  0.30983    
    99.00  0.30814    
   100.00  0.30667    
   101.00  0.30540    
   102.00  0.30433    
   103.00  0.30345    
   104.00  0.30276    
   105.00  0.30225    
   106.00  0.30192    
   107.00  0.30176    
   108.00  0.30177    
   109.00  0.30194    
   110.00  0.30227    
   111.00  0.30274    
   112.00  0.30336    
   113.00  0.30412    
   114.00  0.30501    
   115.00  0.30604    
   116.00  0.30718    
   117.00  0.30845    
   118.00  0.30982    
   119.00  0.31131    
   120.00  0.31290    
   121.00  0.31459    
   122.00  0.31637    
   123.00  0.31824    
   124.00  0.32020    
   125.00  0.32223    
   126.00  0.32434    
   127.00  0.32653    
   128.00  0.32878    
   129.00  0.33110    
   130.00  0.33348    
   131.00  0.33592    
   132.00  0.33841    
   133.00  0.34096    
   134.00  0.34357    
   135.00  0.34622    
   136.00  0.34893    
   137.00  0.35169    
   138.00  0.35450    
   139.00  0.35736    
   140.00  0.36027    
   141.00  0.36324    
   142.00  0.36627    
   143.00  0.36935    
   144.00  0.37248    
   145.00  0.37567    
   146.00  0.37890    
   147.00  0.38217    
   148.00  0.38546    
   149.00  0.38876    
   150.00  0.39204    
   151.00  0.39528    
   152.00  0.39845    
   153.00  0.40148    
   154.00  0.40435    
   155.00  0.40699    
   156.00  0.40936    
   157.00  0.41141    
   158.00  0.41309    
   159.00  0.41438    
   160.00  0.41525    
   161.00  0.41573    
   162.00  0.41585    
   163.00  0.41566    
   164.00  0.41526    
   165.00  0.41477    
   166.00  0.41431    
   167.00  0.41402    
   168.00  0.41403    
   169.00  0.41446    
   170.00  0.41537    
   171.00  0.41681    
   172.00  0.41874    
   173.00  0.42109    
   174.00  0.42373    
   175.00  0.42647    
   176.00  0.42911    
   177.00  0.43144    
   178.00  0.43327    
   179.00  0.43444    
   180.00  0.43484    
 |--------|------------|
0.600000     micron = Wavelength
0.218473     = Extinction efficiency (Q)
0.758925E-01 = Scattering efficiency (Qs)
0.142581     = Absorption efficiency (Qa)
 83.1912     = Lidar ratio
0.513790E-02 micron^2 = <b> = Average surface area per particle
0.112249E-02 microns^2 = Extinction cross section (C)
0.389928E-03 microns^2 = Scattering cross section (Cs)
0.732566E-03 microns^2 = Absorption cross section (Ca)
 |----------------------------------------------------|
 | COMMENTAIRES:                                      |
 |----------------------------------------------------|
 |   -Cross section / <b> should = efficiency         |
 |    is independant of the normalisation of dN/dx    |
 |   -The integral of the phase fct / 4 pi over all   |
 |    directions (solid angle) = 1.                   |
 |   -The volume coefficient (k) is equal to C * N    |
 |      = cross section * Number density              |
 |      typical units: [um^2]*[particles/cm^3] =      |
 |      [10^-3 km-1]                                  |
 |      N = M/(d*4/3*pi*r^3) where d is the density   |
 |      of particle, M is the mass per unit volume    |
 |      and 4/3*pi*r^3 is the average volume  of a    |
 |      particle.                                     |
 |      typical units:  M -> [ug/m^3], d -> [g/cm^3]  |
 |                      r -> [um]                     |
 |      Lidar ratio= 4 pi Qe / phase_fct(180)*Qs      |
 |----------------------------------------------------|
