 |--------|------------|
 | ANGLE  |  PHASE FCT |
 |--------|------------|
     0.00   88.617    
     1.00   85.594    
     2.00   77.355    
     3.00   65.948    
     4.00   53.652    
     5.00   42.172    
     6.00   32.382    
     7.00   24.518    
     8.00   18.458    
     9.00   13.928    
    10.00   10.612    
    11.00   8.2171    
    12.00   6.5024    
    13.00   5.2792    
    14.00   4.4053    
    15.00   3.7773    
    16.00   3.3215    
    17.00   2.9860    
    18.00   2.7343    
    19.00   2.5413    
    20.00   2.3898    
    21.00   2.2679    
    22.00   2.1672    
    23.00   2.0821    
    24.00   2.0086    
    25.00   1.9438    
    26.00   1.8857    
    27.00   1.8329    
    28.00   1.7843    
    29.00   1.7392    
    30.00   1.6968    
    31.00   1.6568    
    32.00   1.6187    
    33.00   1.5823    
    34.00   1.5473    
    35.00   1.5135    
    36.00   1.4809    
    37.00   1.4491    
    38.00   1.4182    
    39.00   1.3880    
    40.00   1.3586    
    41.00   1.3297    
    42.00   1.3014    
    43.00   1.2736    
    44.00   1.2464    
    45.00   1.2196    
    46.00   1.1933    
    47.00   1.1674    
    48.00   1.1419    
    49.00   1.1169    
    50.00   1.0923    
    51.00   1.0681    
    52.00   1.0443    
    53.00   1.0209    
    54.00  0.99801    
    55.00  0.97550    
    56.00  0.95341    
    57.00  0.93176    
    58.00  0.91054    
    59.00  0.88976    
    60.00  0.86942    
    61.00  0.84953    
    62.00  0.83008    
    63.00  0.81110    
    64.00  0.79257    
    65.00  0.77449    
    66.00  0.75688    
    67.00  0.73975    
    68.00  0.72306    
    69.00  0.70685    
    70.00  0.69110    
    71.00  0.67582    
    72.00  0.66100    
    73.00  0.64666    
    74.00  0.63277    
    75.00  0.61936    
    76.00  0.60640    
    77.00  0.59390    
    78.00  0.58185    
    79.00  0.57026    
    80.00  0.55912    
    81.00  0.54842    
    82.00  0.53816    
    83.00  0.52834    
    84.00  0.51894    
    85.00  0.50997    
    86.00  0.50141    
    87.00  0.49327    
    88.00  0.48553    
    89.00  0.47820    
    90.00  0.47125    
    91.00  0.46468    
    92.00  0.45850    
    93.00  0.45268    
    94.00  0.44723    
    95.00  0.44213    
    96.00  0.43737    
    97.00  0.43295    
    98.00  0.42887    
    99.00  0.42510    
   100.00  0.42165    
   101.00  0.41850    
   102.00  0.41565    
   103.00  0.41309    
   104.00  0.41080    
   105.00  0.40879    
   106.00  0.40704    
   107.00  0.40554    
   108.00  0.40428    
   109.00  0.40326    
   110.00  0.40248    
   111.00  0.40191    
   112.00  0.40155    
   113.00  0.40139    
   114.00  0.40143    
   115.00  0.40165    
   116.00  0.40205    
   117.00  0.40262    
   118.00  0.40336    
   119.00  0.40425    
   120.00  0.40528    
   121.00  0.40645    
   122.00  0.40776    
   123.00  0.40918    
   124.00  0.41073    
   125.00  0.41238    
   126.00  0.41414    
   127.00  0.41599    
   128.00  0.41792    
   129.00  0.41994    
   130.00  0.42203    
   131.00  0.42419    
   132.00  0.42642    
   133.00  0.42869    
   134.00  0.43102    
   135.00  0.43339    
   136.00  0.43580    
   137.00  0.43824    
   138.00  0.44071    
   139.00  0.44320    
   140.00  0.44570    
   141.00  0.44822    
   142.00  0.45075    
   143.00  0.45328    
   144.00  0.45582    
   145.00  0.45836    
   146.00  0.46089    
   147.00  0.46342    
   148.00  0.46594    
   149.00  0.46846    
   150.00  0.47097    
   151.00  0.47347    
   152.00  0.47595    
   153.00  0.47842    
   154.00  0.48087    
   155.00  0.48327    
   156.00  0.48562    
   157.00  0.48791    
   158.00  0.49010    
   159.00  0.49217    
   160.00  0.49411    
   161.00  0.49587    
   162.00  0.49746    
   163.00  0.49885    
   164.00  0.50005    
   165.00  0.50108    
   166.00  0.50196    
   167.00  0.50273    
   168.00  0.50344    
   169.00  0.50415    
   170.00  0.50490    
   171.00  0.50575    
   172.00  0.50670    
   173.00  0.50776    
   174.00  0.50890    
   175.00  0.51006    
   176.00  0.51117    
   177.00  0.51216    
   178.00  0.51294    
   179.00  0.51344    
   180.00  0.51361    
 |--------|------------|
0.569000     micron = Wavelength
0.354932     = Extinction efficiency (Q)
0.144369     = Scattering efficiency (Qs)
0.210563     = Absorption efficiency (Qa)
 60.1514     = Lidar ratio
0.100546E-01 micron^2 = <b> = Average surface area per particle
0.356870E-02 microns^2 = Extinction cross section (C)
0.145157E-02 microns^2 = Scattering cross section (Cs)
0.211713E-02 microns^2 = Absorption cross section (Ca)
 |----------------------------------------------------|
 | COMMENTAIRES:                                      |
 |----------------------------------------------------|
 |   -Cross section / <b> should = efficiency         |
 |    is independant of the normalisation of dN/dx    |
 |   -The integral of the phase fct / 4 pi over all   |
 |    directions (solid angle) = 1.                   |
 |   -The volume coefficient (k) is equal to C * N    |
 |      = cross section * Number density              |
 |      typical units: [um^2]*[particles/cm^3] =      |
 |      [10^-3 km-1]                                  |
 |      N = M/(d*4/3*pi*r^3) where d is the density   |
 |      of particle, M is the mass per unit volume    |
 |      and 4/3*pi*r^3 is the average volume  of a    |
 |      particle.                                     |
 |      typical units:  M -> [ug/m^3], d -> [g/cm^3]  |
 |                      r -> [um]                     |
 |      Lidar ratio= 4 pi Qe / phase_fct(180)*Qs      |
 |----------------------------------------------------|
