 |--------|------------|
 | ANGLE  |  PHASE FCT |
 |--------|------------|
     0.00   162.92    
     1.00   152.61    
     2.00   126.10    
     3.00   93.536    
     4.00   64.154    
     5.00   42.233    
     6.00   27.576    
     7.00   18.236    
     8.00   12.414    
     9.00   8.8531    
    10.00   6.6836    
    11.00   5.3318    
    12.00   4.4666    
    13.00   3.8985    
    14.00   3.5073    
    15.00   3.2226    
    16.00   3.0078    
    17.00   2.8399    
    18.00   2.7024    
    19.00   2.5869    
    20.00   2.4884    
    21.00   2.4025    
    22.00   2.3258    
    23.00   2.2569    
    24.00   2.1943    
    25.00   2.1365    
    26.00   2.0826    
    27.00   2.0321    
    28.00   1.9844    
    29.00   1.9388    
    30.00   1.8951    
    31.00   1.8530    
    32.00   1.8122    
    33.00   1.7725    
    34.00   1.7338    
    35.00   1.6960    
    36.00   1.6589    
    37.00   1.6225    
    38.00   1.5868    
    39.00   1.5516    
    40.00   1.5169    
    41.00   1.4828    
    42.00   1.4491    
    43.00   1.4159    
    44.00   1.3832    
    45.00   1.3510    
    46.00   1.3192    
    47.00   1.2879    
    48.00   1.2571    
    49.00   1.2268    
    50.00   1.1969    
    51.00   1.1676    
    52.00   1.1387    
    53.00   1.1104    
    54.00   1.0826    
    55.00   1.0553    
    56.00   1.0286    
    57.00   1.0024    
    58.00  0.97669    
    59.00  0.95159    
    60.00  0.92705    
    61.00  0.90307    
    62.00  0.87965    
    63.00  0.85682    
    64.00  0.83455    
    65.00  0.81286    
    66.00  0.79175    
    67.00  0.77121    
    68.00  0.75126    
    69.00  0.73187    
    70.00  0.71306    
    71.00  0.69482    
    72.00  0.67716    
    73.00  0.66005    
    74.00  0.64351    
    75.00  0.62751    
    76.00  0.61207    
    77.00  0.59717    
    78.00  0.58281    
    79.00  0.56898    
    80.00  0.55567    
    81.00  0.54288    
    82.00  0.53059    
    83.00  0.51880    
    84.00  0.50751    
    85.00  0.49669    
    86.00  0.48634    
    87.00  0.47646    
    88.00  0.46704    
    89.00  0.45805    
    90.00  0.44950    
    91.00  0.44137    
    92.00  0.43366    
    93.00  0.42635    
    94.00  0.41943    
    95.00  0.41290    
    96.00  0.40674    
    97.00  0.40094    
    98.00  0.39550    
    99.00  0.39040    
   100.00  0.38563    
   101.00  0.38118    
   102.00  0.37705    
   103.00  0.37322    
   104.00  0.36968    
   105.00  0.36642    
   106.00  0.36344    
   107.00  0.36072    
   108.00  0.35825    
   109.00  0.35603    
   110.00  0.35404    
   111.00  0.35228    
   112.00  0.35074    
   113.00  0.34941    
   114.00  0.34828    
   115.00  0.34734    
   116.00  0.34658    
   117.00  0.34600    
   118.00  0.34558    
   119.00  0.34533    
   120.00  0.34522    
   121.00  0.34527    
   122.00  0.34544    
   123.00  0.34575    
   124.00  0.34618    
   125.00  0.34672    
   126.00  0.34737    
   127.00  0.34813    
   128.00  0.34898    
   129.00  0.34992    
   130.00  0.35094    
   131.00  0.35204    
   132.00  0.35321    
   133.00  0.35444    
   134.00  0.35574    
   135.00  0.35708    
   136.00  0.35848    
   137.00  0.35992    
   138.00  0.36140    
   139.00  0.36291    
   140.00  0.36445    
   141.00  0.36601    
   142.00  0.36760    
   143.00  0.36919    
   144.00  0.37080    
   145.00  0.37241    
   146.00  0.37403    
   147.00  0.37564    
   148.00  0.37725    
   149.00  0.37886    
   150.00  0.38045    
   151.00  0.38203    
   152.00  0.38359    
   153.00  0.38514    
   154.00  0.38667    
   155.00  0.38818    
   156.00  0.38967    
   157.00  0.39113    
   158.00  0.39256    
   159.00  0.39395    
   160.00  0.39529    
   161.00  0.39658    
   162.00  0.39780    
   163.00  0.39895    
   164.00  0.40000    
   165.00  0.40096    
   166.00  0.40184    
   167.00  0.40263    
   168.00  0.40334    
   169.00  0.40399    
   170.00  0.40461    
   171.00  0.40520    
   172.00  0.40578    
   173.00  0.40636    
   174.00  0.40693    
   175.00  0.40748    
   176.00  0.40800    
   177.00  0.40844    
   178.00  0.40879    
   179.00  0.40901    
   180.00  0.40909    
 |--------|------------|
0.660000     micron = Wavelength
0.496159     = Extinction efficiency (Q)
0.228476     = Scattering efficiency (Qs)
0.267683     = Absorption efficiency (Qa)
 66.7075     = Lidar ratio
0.199987E-01 micron^2 = <b> = Average surface area per particle
0.992256E-02 microns^2 = Extinction cross section (C)
0.456923E-02 microns^2 = Scattering cross section (Cs)
0.535332E-02 microns^2 = Absorption cross section (Ca)
 |----------------------------------------------------|
 | COMMENTAIRES:                                      |
 |----------------------------------------------------|
 |   -Cross section / <b> should = efficiency         |
 |    is independant of the normalisation of dN/dx    |
 |   -The integral of the phase fct / 4 pi over all   |
 |    directions (solid angle) = 1.                   |
 |   -The volume coefficient (k) is equal to C * N    |
 |      = cross section * Number density              |
 |      typical units: [um^2]*[particles/cm^3] =      |
 |      [10^-3 km-1]                                  |
 |      N = M/(d*4/3*pi*r^3) where d is the density   |
 |      of particle, M is the mass per unit volume    |
 |      and 4/3*pi*r^3 is the average volume  of a    |
 |      particle.                                     |
 |      typical units:  M -> [ug/m^3], d -> [g/cm^3]  |
 |                      r -> [um]                     |
 |      Lidar ratio= 4 pi Qe / phase_fct(180)*Qs      |
 |----------------------------------------------------|
