 |--------|------------|
 | ANGLE  |  PHASE FCT |
 |--------|------------|
     0.00   89.377    
     1.00   86.511    
     2.00   78.662    
     3.00   67.686    
     4.00   55.690    
     5.00   44.300    
     6.00   34.413    
     7.00   26.329    
     8.00   19.991    
     9.00   15.173    
    10.00   11.589    
    11.00   8.9625    
    12.00   7.0564    
    13.00   5.6805    
    14.00   4.6878    
    15.00   3.9691    
    16.00   3.4453    
    17.00   3.0592    
    18.00   2.7702    
    19.00   2.5499    
    20.00   2.3785    
    21.00   2.2420    
    22.00   2.1307    
    23.00   2.0378    
    24.00   1.9587    
    25.00   1.8898    
    26.00   1.8287    
    27.00   1.7738    
    28.00   1.7237    
    29.00   1.6776    
    30.00   1.6346    
    31.00   1.5943    
    32.00   1.5561    
    33.00   1.5199    
    34.00   1.4852    
    35.00   1.4519    
    36.00   1.4198    
    37.00   1.3887    
    38.00   1.3586    
    39.00   1.3293    
    40.00   1.3007    
    41.00   1.2728    
    42.00   1.2455    
    43.00   1.2188    
    44.00   1.1927    
    45.00   1.1670    
    46.00   1.1418    
    47.00   1.1171    
    48.00   1.0929    
    49.00   1.0690    
    50.00   1.0456    
    51.00   1.0226    
    52.00   1.0001    
    53.00  0.97792    
    54.00  0.95618    
    55.00  0.93486    
    56.00  0.91396    
    57.00  0.89348    
    58.00  0.87341    
    59.00  0.85378    
    60.00  0.83457    
    61.00  0.81578    
    62.00  0.79743    
    63.00  0.77951    
    64.00  0.76202    
    65.00  0.74498    
    66.00  0.72837    
    67.00  0.71221    
    68.00  0.69649    
    69.00  0.68121    
    70.00  0.66637    
    71.00  0.65198    
    72.00  0.63804    
    73.00  0.62453    
    74.00  0.61147    
    75.00  0.59885    
    76.00  0.58666    
    77.00  0.57492    
    78.00  0.56360    
    79.00  0.55272    
    80.00  0.54226    
    81.00  0.53222    
    82.00  0.52261    
    83.00  0.51340    
    84.00  0.50461    
    85.00  0.49622    
    86.00  0.48822    
    87.00  0.48062    
    88.00  0.47341    
    89.00  0.46658    
    90.00  0.46012    
    91.00  0.45403    
    92.00  0.44830    
    93.00  0.44292    
    94.00  0.43789    
    95.00  0.43320    
    96.00  0.42884    
    97.00  0.42481    
    98.00  0.42109    
    99.00  0.41768    
   100.00  0.41457    
   101.00  0.41175    
   102.00  0.40922    
   103.00  0.40696    
   104.00  0.40498    
   105.00  0.40325    
   106.00  0.40178    
   107.00  0.40055    
   108.00  0.39955    
   109.00  0.39878    
   110.00  0.39824    
   111.00  0.39790    
   112.00  0.39777    
   113.00  0.39783    
   114.00  0.39808    
   115.00  0.39851    
   116.00  0.39911    
   117.00  0.39988    
   118.00  0.40080    
   119.00  0.40187    
   120.00  0.40308    
   121.00  0.40443    
   122.00  0.40590    
   123.00  0.40749    
   124.00  0.40919    
   125.00  0.41100    
   126.00  0.41290    
   127.00  0.41490    
   128.00  0.41698    
   129.00  0.41913    
   130.00  0.42136    
   131.00  0.42365    
   132.00  0.42600    
   133.00  0.42841    
   134.00  0.43085    
   135.00  0.43334    
   136.00  0.43587    
   137.00  0.43842    
   138.00  0.44100    
   139.00  0.44360    
   140.00  0.44622    
   141.00  0.44884    
   142.00  0.45148    
   143.00  0.45412    
   144.00  0.45676    
   145.00  0.45941    
   146.00  0.46205    
   147.00  0.46469    
   148.00  0.46733    
   149.00  0.46996    
   150.00  0.47259    
   151.00  0.47521    
   152.00  0.47782    
   153.00  0.48041    
   154.00  0.48298    
   155.00  0.48550    
   156.00  0.48797    
   157.00  0.49035    
   158.00  0.49263    
   159.00  0.49478    
   160.00  0.49676    
   161.00  0.49856    
   162.00  0.50015    
   163.00  0.50152    
   164.00  0.50268    
   165.00  0.50364    
   166.00  0.50445    
   167.00  0.50515    
   168.00  0.50580    
   169.00  0.50647    
   170.00  0.50721    
   171.00  0.50807    
   172.00  0.50907    
   173.00  0.51021    
   174.00  0.51145    
   175.00  0.51273    
   176.00  0.51397    
   177.00  0.51508    
   178.00  0.51595    
   179.00  0.51651    
   180.00  0.51671    
 |--------|------------|
0.590000     micron = Wavelength
0.336490     = Extinction efficiency (Q)
0.133937     = Scattering efficiency (Qs)
0.202553     = Absorption efficiency (Qa)
 61.0996     = Lidar ratio
0.100547E-01 micron^2 = <b> = Average surface area per particle
0.338329E-02 microns^2 = Extinction cross section (C)
0.134669E-02 microns^2 = Scattering cross section (Cs)
0.203660E-02 microns^2 = Absorption cross section (Ca)
 |----------------------------------------------------|
 | COMMENTAIRES:                                      |
 |----------------------------------------------------|
 |   -Cross section / <b> should = efficiency         |
 |    is independant of the normalisation of dN/dx    |
 |   -The integral of the phase fct / 4 pi over all   |
 |    directions (solid angle) = 1.                   |
 |   -The volume coefficient (k) is equal to C * N    |
 |      = cross section * Number density              |
 |      typical units: [um^2]*[particles/cm^3] =      |
 |      [10^-3 km-1]                                  |
 |      N = M/(d*4/3*pi*r^3) where d is the density   |
 |      of particle, M is the mass per unit volume    |
 |      and 4/3*pi*r^3 is the average volume  of a    |
 |      particle.                                     |
 |      typical units:  M -> [ug/m^3], d -> [g/cm^3]  |
 |                      r -> [um]                     |
 |      Lidar ratio= 4 pi Qe / phase_fct(180)*Qs      |
 |----------------------------------------------------|
