 |--------|------------|
 | ANGLE  |  PHASE FCT |
 |--------|------------|
     0.00   159.37    
     1.00   148.67    
     2.00   121.39    
     3.00   88.332    
     4.00   59.191    
     5.00   38.120    
     6.00   24.518    
     7.00   16.120    
     8.00   11.018    
     9.00   7.9705    
    10.00   6.1500    
    11.00   5.0260    
    12.00   4.3067    
    13.00   3.8328    
    14.00   3.5026    
    15.00   3.2573    
    16.00   3.0690    
    17.00   2.9194    
    18.00   2.7948    
    19.00   2.6884    
    20.00   2.5967    
    21.00   2.5156    
    22.00   2.4423    
    23.00   2.3758    
    24.00   2.3147    
    25.00   2.2576    
    26.00   2.2038    
    27.00   2.1529    
    28.00   2.1043    
    29.00   2.0575    
    30.00   2.0122    
    31.00   1.9684    
    32.00   1.9256    
    33.00   1.8837    
    34.00   1.8426    
    35.00   1.8024    
    36.00   1.7627    
    37.00   1.7236    
    38.00   1.6851    
    39.00   1.6472    
    40.00   1.6097    
    41.00   1.5727    
    42.00   1.5362    
    43.00   1.5002    
    44.00   1.4647    
    45.00   1.4296    
    46.00   1.3951    
    47.00   1.3611    
    48.00   1.3275    
    49.00   1.2945    
    50.00   1.2621    
    51.00   1.2301    
    52.00   1.1988    
    53.00   1.1680    
    54.00   1.1377    
    55.00   1.1081    
    56.00   1.0791    
    57.00   1.0506    
    58.00   1.0228    
    59.00  0.99556    
    60.00  0.96896    
    61.00  0.94298    
    62.00  0.91764    
    63.00  0.89293    
    64.00  0.86885    
    65.00  0.84541    
    66.00  0.82261    
    67.00  0.80044    
    68.00  0.77891    
    69.00  0.75800    
    70.00  0.73772    
    71.00  0.71807    
    72.00  0.69904    
    73.00  0.68062    
    74.00  0.66282    
    75.00  0.64561    
    76.00  0.62900    
    77.00  0.61297    
    78.00  0.59753    
    79.00  0.58266    
    80.00  0.56835    
    81.00  0.55460    
    82.00  0.54138    
    83.00  0.52870    
    84.00  0.51655    
    85.00  0.50491    
    86.00  0.49377    
    87.00  0.48313    
    88.00  0.47297    
    89.00  0.46328    
    90.00  0.45404    
    91.00  0.44526    
    92.00  0.43691    
    93.00  0.42899    
    94.00  0.42148    
    95.00  0.41438    
    96.00  0.40767    
    97.00  0.40134    
    98.00  0.39538    
    99.00  0.38978    
   100.00  0.38452    
   101.00  0.37961    
   102.00  0.37501    
   103.00  0.37074    
   104.00  0.36677    
   105.00  0.36309    
   106.00  0.35970    
   107.00  0.35658    
   108.00  0.35373    
   109.00  0.35113    
   110.00  0.34878    
   111.00  0.34666    
   112.00  0.34477    
   113.00  0.34309    
   114.00  0.34162    
   115.00  0.34035    
   116.00  0.33928    
   117.00  0.33838    
   118.00  0.33766    
   119.00  0.33710    
   120.00  0.33671    
   121.00  0.33646    
   122.00  0.33635    
   123.00  0.33638    
   124.00  0.33654    
   125.00  0.33682    
   126.00  0.33721    
   127.00  0.33771    
   128.00  0.33832    
   129.00  0.33901    
   130.00  0.33980    
   131.00  0.34066    
   132.00  0.34161    
   133.00  0.34262    
   134.00  0.34370    
   135.00  0.34483    
   136.00  0.34602    
   137.00  0.34726    
   138.00  0.34854    
   139.00  0.34986    
   140.00  0.35121    
   141.00  0.35260    
   142.00  0.35400    
   143.00  0.35543    
   144.00  0.35687    
   145.00  0.35832    
   146.00  0.35978    
   147.00  0.36124    
   148.00  0.36271    
   149.00  0.36416    
   150.00  0.36561    
   151.00  0.36706    
   152.00  0.36849    
   153.00  0.36991    
   154.00  0.37131    
   155.00  0.37269    
   156.00  0.37405    
   157.00  0.37539    
   158.00  0.37671    
   159.00  0.37799    
   160.00  0.37923    
   161.00  0.38042    
   162.00  0.38155    
   163.00  0.38262    
   164.00  0.38361    
   165.00  0.38453    
   166.00  0.38537    
   167.00  0.38613    
   168.00  0.38683    
   169.00  0.38747    
   170.00  0.38807    
   171.00  0.38863    
   172.00  0.38918    
   173.00  0.38971    
   174.00  0.39022    
   175.00  0.39071    
   176.00  0.39116    
   177.00  0.39154    
   178.00  0.39184    
   179.00  0.39202    
   180.00  0.39209    
 |--------|------------|
0.630000     micron = Wavelength
0.531489     = Extinction efficiency (Q)
0.251441     = Scattering efficiency (Qs)
0.280048     = Absorption efficiency (Qa)
 67.7461     = Lidar ratio
0.199952E-01 micron^2 = <b> = Average surface area per particle
0.106272E-01 microns^2 = Extinction cross section (C)
0.502761E-02 microns^2 = Scattering cross section (Cs)
0.559962E-02 microns^2 = Absorption cross section (Ca)
 |----------------------------------------------------|
 | COMMENTAIRES:                                      |
 |----------------------------------------------------|
 |   -Cross section / <b> should = efficiency         |
 |    is independant of the normalisation of dN/dx    |
 |   -The integral of the phase fct / 4 pi over all   |
 |    directions (solid angle) = 1.                   |
 |   -The volume coefficient (k) is equal to C * N    |
 |      = cross section * Number density              |
 |      typical units: [um^2]*[particles/cm^3] =      |
 |      [10^-3 km-1]                                  |
 |      N = M/(d*4/3*pi*r^3) where d is the density   |
 |      of particle, M is the mass per unit volume    |
 |      and 4/3*pi*r^3 is the average volume  of a    |
 |      particle.                                     |
 |      typical units:  M -> [ug/m^3], d -> [g/cm^3]  |
 |                      r -> [um]                     |
 |      Lidar ratio= 4 pi Qe / phase_fct(180)*Qs      |
 |----------------------------------------------------|
