 |--------|------------|
 | ANGLE  |  PHASE FCT |
 |--------|------------|
     0.00   115.80    
     1.00   109.39    
     2.00   92.715    
     3.00   71.613    
     4.00   51.692    
     5.00   35.913    
     6.00   24.641    
     7.00   17.006    
     8.00   11.989    
     9.00   8.7659    
    10.00   6.7141    
    11.00   5.3979    
    12.00   4.5412    
    13.00   3.9730    
    14.00   3.5832    
    15.00   3.3040    
    16.00   3.0965    
    17.00   2.9360    
    18.00   2.8064    
    19.00   2.6981    
    20.00   2.6056    
    21.00   2.5245    
    22.00   2.4517    
    23.00   2.3857    
    24.00   2.3250    
    25.00   2.2685    
    26.00   2.2153    
    27.00   2.1649    
    28.00   2.1168    
    29.00   2.0705    
    30.00   2.0259    
    31.00   1.9825    
    32.00   1.9403    
    33.00   1.8990    
    34.00   1.8585    
    35.00   1.8188    
    36.00   1.7798    
    37.00   1.7413    
    38.00   1.7034    
    39.00   1.6659    
    40.00   1.6290    
    41.00   1.5925    
    42.00   1.5565    
    43.00   1.5210    
    44.00   1.4859    
    45.00   1.4513    
    46.00   1.4172    
    47.00   1.3835    
    48.00   1.3503    
    49.00   1.3176    
    50.00   1.2854    
    51.00   1.2537    
    52.00   1.2226    
    53.00   1.1920    
    54.00   1.1619    
    55.00   1.1324    
    56.00   1.1035    
    57.00   1.0752    
    58.00   1.0474    
    59.00   1.0203    
    60.00  0.99371    
    61.00  0.96777    
    62.00  0.94243    
    63.00  0.91771    
    64.00  0.89361    
    65.00  0.87013    
    66.00  0.84728    
    67.00  0.82505    
    68.00  0.80344    
    69.00  0.78246    
    70.00  0.76209    
    71.00  0.74234    
    72.00  0.72321    
    73.00  0.70468    
    74.00  0.68677    
    75.00  0.66945    
    76.00  0.65272    
    77.00  0.63659    
    78.00  0.62103    
    79.00  0.60604    
    80.00  0.59162    
    81.00  0.57776    
    82.00  0.56444    
    83.00  0.55166    
    84.00  0.53941    
    85.00  0.52768    
    86.00  0.51646    
    87.00  0.50574    
    88.00  0.49550    
    89.00  0.48574    
    90.00  0.47645    
    91.00  0.46762    
    92.00  0.45923    
    93.00  0.45128    
    94.00  0.44375    
    95.00  0.43663    
    96.00  0.42991    
    97.00  0.42358    
    98.00  0.41764    
    99.00  0.41206    
   100.00  0.40683    
   101.00  0.40196    
   102.00  0.39741    
   103.00  0.39320    
   104.00  0.38930    
   105.00  0.38570    
   106.00  0.38239    
   107.00  0.37937    
   108.00  0.37662    
   109.00  0.37413    
   110.00  0.37190    
   111.00  0.36991    
   112.00  0.36815    
   113.00  0.36662    
   114.00  0.36530    
   115.00  0.36419    
   116.00  0.36327    
   117.00  0.36255    
   118.00  0.36200    
   119.00  0.36163    
   120.00  0.36141    
   121.00  0.36136    
   122.00  0.36145    
   123.00  0.36168    
   124.00  0.36204    
   125.00  0.36252    
   126.00  0.36313    
   127.00  0.36384    
   128.00  0.36465    
   129.00  0.36557    
   130.00  0.36657    
   131.00  0.36766    
   132.00  0.36882    
   133.00  0.37006    
   134.00  0.37136    
   135.00  0.37271    
   136.00  0.37413    
   137.00  0.37559    
   138.00  0.37709    
   139.00  0.37863    
   140.00  0.38020    
   141.00  0.38180    
   142.00  0.38342    
   143.00  0.38506    
   144.00  0.38671    
   145.00  0.38837    
   146.00  0.39004    
   147.00  0.39170    
   148.00  0.39337    
   149.00  0.39503    
   150.00  0.39668    
   151.00  0.39832    
   152.00  0.39995    
   153.00  0.40157    
   154.00  0.40317    
   155.00  0.40475    
   156.00  0.40631    
   157.00  0.40784    
   158.00  0.40933    
   159.00  0.41078    
   160.00  0.41218    
   161.00  0.41351    
   162.00  0.41477    
   163.00  0.41594    
   164.00  0.41702    
   165.00  0.41800    
   166.00  0.41888    
   167.00  0.41968    
   168.00  0.42041    
   169.00  0.42109    
   170.00  0.42173    
   171.00  0.42235    
   172.00  0.42297    
   173.00  0.42359    
   174.00  0.42421    
   175.00  0.42481    
   176.00  0.42536    
   177.00  0.42584    
   178.00  0.42621    
   179.00  0.42645    
   180.00  0.42653    
 |--------|------------|
0.570000     micron = Wavelength
0.491618     = Extinction efficiency (Q)
0.227354     = Scattering efficiency (Qs)
0.264264     = Absorption efficiency (Qa)
 63.7074     = Lidar ratio
0.151645E-01 micron^2 = <b> = Average surface area per particle
0.745514E-02 microns^2 = Extinction cross section (C)
0.344771E-02 microns^2 = Scattering cross section (Cs)
0.400743E-02 microns^2 = Absorption cross section (Ca)
 |----------------------------------------------------|
 | COMMENTAIRES:                                      |
 |----------------------------------------------------|
 |   -Cross section / <b> should = efficiency         |
 |    is independant of the normalisation of dN/dx    |
 |   -The integral of the phase fct / 4 pi over all   |
 |    directions (solid angle) = 1.                   |
 |   -The volume coefficient (k) is equal to C * N    |
 |      = cross section * Number density              |
 |      typical units: [um^2]*[particles/cm^3] =      |
 |      [10^-3 km-1]                                  |
 |      N = M/(d*4/3*pi*r^3) where d is the density   |
 |      of particle, M is the mass per unit volume    |
 |      and 4/3*pi*r^3 is the average volume  of a    |
 |      particle.                                     |
 |      typical units:  M -> [ug/m^3], d -> [g/cm^3]  |
 |                      r -> [um]                     |
 |      Lidar ratio= 4 pi Qe / phase_fct(180)*Qs      |
 |----------------------------------------------------|
