 |--------|------------|
 | ANGLE  |  PHASE FCT |
 |--------|------------|
     0.00   48.431    
     1.00   48.011    
     2.00   46.782    
     3.00   44.839    
     4.00   42.318    
     5.00   39.377    
     6.00   36.176    
     7.00   32.863    
     8.00   29.560    
     9.00   26.368    
    10.00   23.353    
    11.00   20.563    
    12.00   18.022    
    13.00   15.740    
    14.00   13.712    
    15.00   11.928    
    16.00   10.371    
    17.00   9.0211    
    18.00   7.8563    
    19.00   6.8559    
    20.00   5.9996    
    21.00   5.2682    
    22.00   4.6446    
    23.00   4.1133    
    24.00   3.6606    
    25.00   3.2746    
    26.00   2.9449    
    27.00   2.6629    
    28.00   2.4208    
    29.00   2.2124    
    30.00   2.0321    
    31.00   1.8756    
    32.00   1.7390    
    33.00   1.6191    
    34.00   1.5133    
    35.00   1.4194    
    36.00   1.3356    
    37.00   1.2603    
    38.00   1.1923    
    39.00   1.1306    
    40.00   1.0743    
    41.00   1.0226    
    42.00  0.97496    
    43.00  0.93091    
    44.00  0.88998    
    45.00  0.85183    
    46.00  0.81616    
    47.00  0.78272    
    48.00  0.75129    
    49.00  0.72168    
    50.00  0.69375    
    51.00  0.66734    
    52.00  0.64234    
    53.00  0.61864    
    54.00  0.59616    
    55.00  0.57480    
    56.00  0.55450    
    57.00  0.53520    
    58.00  0.51682    
    59.00  0.49932    
    60.00  0.48265    
    61.00  0.46676    
    62.00  0.45161    
    63.00  0.43716    
    64.00  0.42338    
    65.00  0.41024    
    66.00  0.39770    
    67.00  0.38574    
    68.00  0.37432    
    69.00  0.36343    
    70.00  0.35305    
    71.00  0.34314    
    72.00  0.33368    
    73.00  0.32467    
    74.00  0.31608    
    75.00  0.30789    
    76.00  0.30009    
    77.00  0.29266    
    78.00  0.28559    
    79.00  0.27886    
    80.00  0.27246    
    81.00  0.26637    
    82.00  0.26060    
    83.00  0.25511    
    84.00  0.24992    
    85.00  0.24499    
    86.00  0.24033    
    87.00  0.23592    
    88.00  0.23176    
    89.00  0.22784    
    90.00  0.22414    
    91.00  0.22067    
    92.00  0.21741    
    93.00  0.21435    
    94.00  0.21150    
    95.00  0.20884    
    96.00  0.20636    
    97.00  0.20407    
    98.00  0.20195    
    99.00  0.19999    
   100.00  0.19821    
   101.00  0.19658    
   102.00  0.19510    
   103.00  0.19377    
   104.00  0.19259    
   105.00  0.19154    
   106.00  0.19062    
   107.00  0.18984    
   108.00  0.18918    
   109.00  0.18864    
   110.00  0.18822    
   111.00  0.18791    
   112.00  0.18772    
   113.00  0.18763    
   114.00  0.18764    
   115.00  0.18775    
   116.00  0.18796    
   117.00  0.18826    
   118.00  0.18865    
   119.00  0.18914    
   120.00  0.18970    
   121.00  0.19036    
   122.00  0.19109    
   123.00  0.19191    
   124.00  0.19281    
   125.00  0.19378    
   126.00  0.19484    
   127.00  0.19597    
   128.00  0.19718    
   129.00  0.19846    
   130.00  0.19983    
   131.00  0.20127    
   132.00  0.20279    
   133.00  0.20439    
   134.00  0.20607    
   135.00  0.20784    
   136.00  0.20968    
   137.00  0.21161    
   138.00  0.21362    
   139.00  0.21571    
   140.00  0.21788    
   141.00  0.22012    
   142.00  0.22242    
   143.00  0.22478    
   144.00  0.22719    
   145.00  0.22961    
   146.00  0.23204    
   147.00  0.23445    
   148.00  0.23680    
   149.00  0.23906    
   150.00  0.24119    
   151.00  0.24314    
   152.00  0.24487    
   153.00  0.24634    
   154.00  0.24749    
   155.00  0.24829    
   156.00  0.24871    
   157.00  0.24872    
   158.00  0.24832    
   159.00  0.24754    
   160.00  0.24640    
   161.00  0.24498    
   162.00  0.24335    
   163.00  0.24162    
   164.00  0.23992    
   165.00  0.23837    
   166.00  0.23712    
   167.00  0.23629    
   168.00  0.23598    
   169.00  0.23625    
   170.00  0.23715    
   171.00  0.23865    
   172.00  0.24069    
   173.00  0.24315    
   174.00  0.24586    
   175.00  0.24865    
   176.00  0.25131    
   177.00  0.25363    
   178.00  0.25544    
   179.00  0.25658    
   180.00  0.25697    
 |--------|------------|
0.650000     micron = Wavelength
0.179288     = Extinction efficiency (Q)
0.658609E-01 = Scattering efficiency (Qs)
0.113428     = Absorption efficiency (Qa)
 133.121     = Lidar ratio
0.352421E-02 micron^2 = <b> = Average surface area per particle
0.631851E-03 microns^2 = Extinction cross section (C)
0.232108E-03 microns^2 = Scattering cross section (Cs)
0.399743E-03 microns^2 = Absorption cross section (Ca)
 |----------------------------------------------------|
 | COMMENTAIRES:                                      |
 |----------------------------------------------------|
 |   -Cross section / <b> should = efficiency         |
 |    is independant of the normalisation of dN/dx    |
 |   -The integral of the phase fct / 4 pi over all   |
 |    directions (solid angle) = 1.                   |
 |   -The volume coefficient (k) is equal to C * N    |
 |      = cross section * Number density              |
 |      typical units: [um^2]*[particles/cm^3] =      |
 |      [10^-3 km-1]                                  |
 |      N = M/(d*4/3*pi*r^3) where d is the density   |
 |      of particle, M is the mass per unit volume    |
 |      and 4/3*pi*r^3 is the average volume  of a    |
 |      particle.                                     |
 |      typical units:  M -> [ug/m^3], d -> [g/cm^3]  |
 |                      r -> [um]                     |
 |      Lidar ratio= 4 pi Qe / phase_fct(180)*Qs      |
 |----------------------------------------------------|
