#            Optical Properties of Aerosols and Clouds (OPAC) 3.1
#           ------------------------------------------------------
# inso                        : 
#  1 components
#  8 relative humidities
# 19 wavelengths
#----------------------------------------------------------------------------
# RH  COMP NUMBER    VOLUME    MASS      DENSITY  NUM.MIX  VOL.MIX   MAS.MIX
# [%]     [1/cm^3]  [um^3/m^3] [ug/m^3]  [g/cm^3] RATIO    RATIO     RATIO
#----------------------------------------------------------------------------
#  0. inso 1.000E+00 1.187E+07 2.373E+01 2.00    1.000E+00 1.000E+00 1.000E+00
# 50. inso 1.000E+00 1.187E+07 2.373E+01 2.00    1.000E+00 1.000E+00 1.000E+00
# 70. inso 1.000E+00 1.187E+07 2.373E+01 2.00    1.000E+00 1.000E+00 1.000E+00
# 80. inso 1.000E+00 1.187E+07 2.373E+01 2.00    1.000E+00 1.000E+00 1.000E+00
# 90. inso 1.000E+00 1.187E+07 2.373E+01 2.00    1.000E+00 1.000E+00 1.000E+00
# 95. inso 1.000E+00 1.187E+07 2.373E+01 2.00    1.000E+00 1.000E+00 1.000E+00
# 98. inso 1.000E+00 1.187E+07 2.373E+01 2.00    1.000E+00 1.000E+00 1.000E+00
# 99. inso 1.000E+00 1.187E+07 2.373E+01 2.00    1.000E+00 1.000E+00 1.000E+00
#----------------------------------------------------------------------------
# only particles up to   7.5 micrometer are considered for mass
#============================================================================
#  0.% relative humidity 
# wavel.    ext.coef  sca.coef  abs.coef  ref.real  ref.imag  op.depth
#  [um]      [1/km]    [1/km]    [1/km]                               
 2.500E-01 8.052E-03 4.447E-03 3.604E-03 1.530E+00-3.000E-02 0.000E+00
 3.000E-01 8.132E-03 5.366E-03 2.766E-03 1.530E+00-8.000E-03 0.000E+00
 3.500E-01 8.213E-03 5.555E-03 2.658E-03 1.530E+00-8.000E-03 0.000E+00
 4.000E-01 8.282E-03 5.729E-03 2.553E-03 1.530E+00-8.000E-03 0.000E+00
 4.500E-01 8.359E-03 5.897E-03 2.463E-03 1.530E+00-8.000E-03 0.000E+00
 5.000E-01 8.424E-03 6.052E-03 2.372E-03 1.530E+00-8.000E-03 0.000E+00
 5.500E-01 8.496E-03 6.202E-03 2.294E-03 1.530E+00-8.000E-03 0.000E+00
 6.000E-01 8.562E-03 6.343E-03 2.219E-03 1.530E+00-8.000E-03 0.000E+00
 6.500E-01 8.634E-03 6.479E-03 2.155E-03 1.530E+00-8.000E-03 0.000E+00
 7.000E-01 8.698E-03 6.607E-03 2.091E-03 1.530E+00-8.000E-03 0.000E+00
 7.500E-01 8.755E-03 6.728E-03 2.027E-03 1.530E+00-8.000E-03 0.000E+00
 8.000E-01 8.817E-03 6.850E-03 1.967E-03 1.520E+00-8.000E-03 0.000E+00
 9.000E-01 8.935E-03 7.070E-03 1.865E-03 1.520E+00-8.000E-03 0.000E+00
 1.000E+00 9.039E-03 7.266E-03 1.773E-03 1.520E+00-8.000E-03 0.000E+00
 1.250E+00 9.283E-03 7.717E-03 1.566E-03 1.460E+00-8.000E-03 0.000E+00
 1.500E+00 9.386E-03 8.004E-03 1.382E-03 1.410E+00-8.000E-03 0.000E+00
 1.750E+00 9.243E-03 8.035E-03 1.208E-03 1.340E+00-8.000E-03 0.000E+00
 2.000E+00 8.601E-03 7.569E-03 1.032E-03 1.260E+00-8.000E-03 0.000E+00
 2.500E+00 6.782E-03 5.911E-03 8.712E-04 1.180E+00-9.000E-03 0.000E+00
 ----------------------------------------------------------------------------
 Angstrom coefficients calculated at 350 nm and 500 nm:
-0.711E-01 : alpha
 0.885E-02 : beta
 Angstrom coefficients calculated at 500 nm and 800 nm:
-0.970E-01 : alpha
 0.901E-02 : beta
 Visibility: 149.36 [km]
#----------------------------------------------------------------------------
# 50.% relative humidity 
# wavel.    ext.coef  sca.coef  abs.coef  ref.real  ref.imag  op.depth
#  [um]      [1/km]    [1/km]    [1/km]                               
 2.500E-01 8.052E-03 4.447E-03 3.604E-03 1.530E+00-3.000E-02 0.000E+00
 3.000E-01 8.132E-03 5.366E-03 2.766E-03 1.530E+00-8.000E-03 0.000E+00
 3.500E-01 8.213E-03 5.555E-03 2.658E-03 1.530E+00-8.000E-03 0.000E+00
 4.000E-01 8.282E-03 5.729E-03 2.553E-03 1.530E+00-8.000E-03 0.000E+00
 4.500E-01 8.359E-03 5.897E-03 2.463E-03 1.530E+00-8.000E-03 0.000E+00
 5.000E-01 8.424E-03 6.052E-03 2.372E-03 1.530E+00-8.000E-03 0.000E+00
 5.500E-01 8.496E-03 6.202E-03 2.294E-03 1.530E+00-8.000E-03 0.000E+00
 6.000E-01 8.562E-03 6.343E-03 2.219E-03 1.530E+00-8.000E-03 0.000E+00
 6.500E-01 8.634E-03 6.479E-03 2.155E-03 1.530E+00-8.000E-03 0.000E+00
 7.000E-01 8.698E-03 6.607E-03 2.091E-03 1.530E+00-8.000E-03 0.000E+00
 7.500E-01 8.755E-03 6.728E-03 2.027E-03 1.530E+00-8.000E-03 0.000E+00
 8.000E-01 8.817E-03 6.850E-03 1.967E-03 1.520E+00-8.000E-03 0.000E+00
 9.000E-01 8.935E-03 7.070E-03 1.865E-03 1.520E+00-8.000E-03 0.000E+00
 1.000E+00 9.039E-03 7.266E-03 1.773E-03 1.520E+00-8.000E-03 0.000E+00
 1.250E+00 9.283E-03 7.717E-03 1.566E-03 1.460E+00-8.000E-03 0.000E+00
 1.500E+00 9.386E-03 8.004E-03 1.382E-03 1.410E+00-8.000E-03 0.000E+00
 1.750E+00 9.243E-03 8.035E-03 1.208E-03 1.340E+00-8.000E-03 0.000E+00
 2.000E+00 8.601E-03 7.569E-03 1.032E-03 1.260E+00-8.000E-03 0.000E+00
 2.500E+00 6.782E-03 5.911E-03 8.712E-04 1.180E+00-9.000E-03 0.000E+00
 ----------------------------------------------------------------------------
 Angstrom coefficients calculated at 350 nm and 500 nm:
-0.711E-01 : alpha
 0.885E-02 : beta
 Angstrom coefficients calculated at 500 nm and 800 nm:
-0.970E-01 : alpha
 0.901E-02 : beta
 Visibility: 149.36 [km]
#----------------------------------------------------------------------------
# 70.% relative humidity 
# wavel.    ext.coef  sca.coef  abs.coef  ref.real  ref.imag  op.depth
#  [um]      [1/km]    [1/km]    [1/km]                               
 2.500E-01 8.052E-03 4.447E-03 3.604E-03 1.530E+00-3.000E-02 0.000E+00
 3.000E-01 8.132E-03 5.366E-03 2.766E-03 1.530E+00-8.000E-03 0.000E+00
 3.500E-01 8.213E-03 5.555E-03 2.658E-03 1.530E+00-8.000E-03 0.000E+00
 4.000E-01 8.282E-03 5.729E-03 2.553E-03 1.530E+00-8.000E-03 0.000E+00
 4.500E-01 8.359E-03 5.897E-03 2.463E-03 1.530E+00-8.000E-03 0.000E+00
 5.000E-01 8.424E-03 6.052E-03 2.372E-03 1.530E+00-8.000E-03 0.000E+00
 5.500E-01 8.496E-03 6.202E-03 2.294E-03 1.530E+00-8.000E-03 0.000E+00
 6.000E-01 8.562E-03 6.343E-03 2.219E-03 1.530E+00-8.000E-03 0.000E+00
 6.500E-01 8.634E-03 6.479E-03 2.155E-03 1.530E+00-8.000E-03 0.000E+00
 7.000E-01 8.698E-03 6.607E-03 2.091E-03 1.530E+00-8.000E-03 0.000E+00
 7.500E-01 8.755E-03 6.728E-03 2.027E-03 1.530E+00-8.000E-03 0.000E+00
 8.000E-01 8.817E-03 6.850E-03 1.967E-03 1.520E+00-8.000E-03 0.000E+00
 9.000E-01 8.935E-03 7.070E-03 1.865E-03 1.520E+00-8.000E-03 0.000E+00
 1.000E+00 9.039E-03 7.266E-03 1.773E-03 1.520E+00-8.000E-03 0.000E+00
 1.250E+00 9.283E-03 7.717E-03 1.566E-03 1.460E+00-8.000E-03 0.000E+00
 1.500E+00 9.386E-03 8.004E-03 1.382E-03 1.410E+00-8.000E-03 0.000E+00
 1.750E+00 9.243E-03 8.035E-03 1.208E-03 1.340E+00-8.000E-03 0.000E+00
 2.000E+00 8.601E-03 7.569E-03 1.032E-03 1.260E+00-8.000E-03 0.000E+00
 2.500E+00 6.782E-03 5.911E-03 8.712E-04 1.180E+00-9.000E-03 0.000E+00
 ----------------------------------------------------------------------------
 Angstrom coefficients calculated at 350 nm and 500 nm:
-0.711E-01 : alpha
 0.885E-02 : beta
 Angstrom coefficients calculated at 500 nm and 800 nm:
-0.970E-01 : alpha
 0.901E-02 : beta
 Visibility: 149.36 [km]
#----------------------------------------------------------------------------
# 80.% relative humidity 
# wavel.    ext.coef  sca.coef  abs.coef  ref.real  ref.imag  op.depth
#  [um]      [1/km]    [1/km]    [1/km]                               
 2.500E-01 8.052E-03 4.447E-03 3.604E-03 1.530E+00-3.000E-02 0.000E+00
 3.000E-01 8.132E-03 5.366E-03 2.766E-03 1.530E+00-8.000E-03 0.000E+00
 3.500E-01 8.213E-03 5.555E-03 2.658E-03 1.530E+00-8.000E-03 0.000E+00
 4.000E-01 8.282E-03 5.729E-03 2.553E-03 1.530E+00-8.000E-03 0.000E+00
 4.500E-01 8.359E-03 5.897E-03 2.463E-03 1.530E+00-8.000E-03 0.000E+00
 5.000E-01 8.424E-03 6.052E-03 2.372E-03 1.530E+00-8.000E-03 0.000E+00
 5.500E-01 8.496E-03 6.202E-03 2.294E-03 1.530E+00-8.000E-03 0.000E+00
 6.000E-01 8.562E-03 6.343E-03 2.219E-03 1.530E+00-8.000E-03 0.000E+00
 6.500E-01 8.634E-03 6.479E-03 2.155E-03 1.530E+00-8.000E-03 0.000E+00
 7.000E-01 8.698E-03 6.607E-03 2.091E-03 1.530E+00-8.000E-03 0.000E+00
 7.500E-01 8.755E-03 6.728E-03 2.027E-03 1.530E+00-8.000E-03 0.000E+00
 8.000E-01 8.817E-03 6.850E-03 1.967E-03 1.520E+00-8.000E-03 0.000E+00
 9.000E-01 8.935E-03 7.070E-03 1.865E-03 1.520E+00-8.000E-03 0.000E+00
 1.000E+00 9.039E-03 7.266E-03 1.773E-03 1.520E+00-8.000E-03 0.000E+00
 1.250E+00 9.283E-03 7.717E-03 1.566E-03 1.460E+00-8.000E-03 0.000E+00
 1.500E+00 9.386E-03 8.004E-03 1.382E-03 1.410E+00-8.000E-03 0.000E+00
 1.750E+00 9.243E-03 8.035E-03 1.208E-03 1.340E+00-8.000E-03 0.000E+00
 2.000E+00 8.601E-03 7.569E-03 1.032E-03 1.260E+00-8.000E-03 0.000E+00
 2.500E+00 6.782E-03 5.911E-03 8.712E-04 1.180E+00-9.000E-03 0.000E+00
 ----------------------------------------------------------------------------
 Angstrom coefficients calculated at 350 nm and 500 nm:
-0.711E-01 : alpha
 0.885E-02 : beta
 Angstrom coefficients calculated at 500 nm and 800 nm:
-0.970E-01 : alpha
 0.901E-02 : beta
 Visibility: 149.36 [km]
#----------------------------------------------------------------------------
# 90.% relative humidity 
# wavel.    ext.coef  sca.coef  abs.coef  ref.real  ref.imag  op.depth
#  [um]      [1/km]    [1/km]    [1/km]                               
 2.500E-01 8.052E-03 4.447E-03 3.604E-03 1.530E+00-3.000E-02 0.000E+00
 3.000E-01 8.132E-03 5.366E-03 2.766E-03 1.530E+00-8.000E-03 0.000E+00
 3.500E-01 8.213E-03 5.555E-03 2.658E-03 1.530E+00-8.000E-03 0.000E+00
 4.000E-01 8.282E-03 5.729E-03 2.553E-03 1.530E+00-8.000E-03 0.000E+00
 4.500E-01 8.359E-03 5.897E-03 2.463E-03 1.530E+00-8.000E-03 0.000E+00
 5.000E-01 8.424E-03 6.052E-03 2.372E-03 1.530E+00-8.000E-03 0.000E+00
 5.500E-01 8.496E-03 6.202E-03 2.294E-03 1.530E+00-8.000E-03 0.000E+00
 6.000E-01 8.562E-03 6.343E-03 2.219E-03 1.530E+00-8.000E-03 0.000E+00
 6.500E-01 8.634E-03 6.479E-03 2.155E-03 1.530E+00-8.000E-03 0.000E+00
 7.000E-01 8.698E-03 6.607E-03 2.091E-03 1.530E+00-8.000E-03 0.000E+00
 7.500E-01 8.755E-03 6.728E-03 2.027E-03 1.530E+00-8.000E-03 0.000E+00
 8.000E-01 8.817E-03 6.850E-03 1.967E-03 1.520E+00-8.000E-03 0.000E+00
 9.000E-01 8.935E-03 7.070E-03 1.865E-03 1.520E+00-8.000E-03 0.000E+00
 1.000E+00 9.039E-03 7.266E-03 1.773E-03 1.520E+00-8.000E-03 0.000E+00
 1.250E+00 9.283E-03 7.717E-03 1.566E-03 1.460E+00-8.000E-03 0.000E+00
 1.500E+00 9.386E-03 8.004E-03 1.382E-03 1.410E+00-8.000E-03 0.000E+00
 1.750E+00 9.243E-03 8.035E-03 1.208E-03 1.340E+00-8.000E-03 0.000E+00
 2.000E+00 8.601E-03 7.569E-03 1.032E-03 1.260E+00-8.000E-03 0.000E+00
 2.500E+00 6.782E-03 5.911E-03 8.712E-04 1.180E+00-9.000E-03 0.000E+00
 ----------------------------------------------------------------------------
 Angstrom coefficients calculated at 350 nm and 500 nm:
-0.711E-01 : alpha
 0.885E-02 : beta
 Angstrom coefficients calculated at 500 nm and 800 nm:
-0.970E-01 : alpha
 0.901E-02 : beta
 Visibility: 149.36 [km]
#----------------------------------------------------------------------------
# 95.% relative humidity 
# wavel.    ext.coef  sca.coef  abs.coef  ref.real  ref.imag  op.depth
#  [um]      [1/km]    [1/km]    [1/km]                               
 2.500E-01 8.052E-03 4.447E-03 3.604E-03 1.530E+00-3.000E-02 0.000E+00
 3.000E-01 8.132E-03 5.366E-03 2.766E-03 1.530E+00-8.000E-03 0.000E+00
 3.500E-01 8.213E-03 5.555E-03 2.658E-03 1.530E+00-8.000E-03 0.000E+00
 4.000E-01 8.282E-03 5.729E-03 2.553E-03 1.530E+00-8.000E-03 0.000E+00
 4.500E-01 8.359E-03 5.897E-03 2.463E-03 1.530E+00-8.000E-03 0.000E+00
 5.000E-01 8.424E-03 6.052E-03 2.372E-03 1.530E+00-8.000E-03 0.000E+00
 5.500E-01 8.496E-03 6.202E-03 2.294E-03 1.530E+00-8.000E-03 0.000E+00
 6.000E-01 8.562E-03 6.343E-03 2.219E-03 1.530E+00-8.000E-03 0.000E+00
 6.500E-01 8.634E-03 6.479E-03 2.155E-03 1.530E+00-8.000E-03 0.000E+00
 7.000E-01 8.698E-03 6.607E-03 2.091E-03 1.530E+00-8.000E-03 0.000E+00
 7.500E-01 8.755E-03 6.728E-03 2.027E-03 1.530E+00-8.000E-03 0.000E+00
 8.000E-01 8.817E-03 6.850E-03 1.967E-03 1.520E+00-8.000E-03 0.000E+00
 9.000E-01 8.935E-03 7.070E-03 1.865E-03 1.520E+00-8.000E-03 0.000E+00
 1.000E+00 9.039E-03 7.266E-03 1.773E-03 1.520E+00-8.000E-03 0.000E+00
 1.250E+00 9.283E-03 7.717E-03 1.566E-03 1.460E+00-8.000E-03 0.000E+00
 1.500E+00 9.386E-03 8.004E-03 1.382E-03 1.410E+00-8.000E-03 0.000E+00
 1.750E+00 9.243E-03 8.035E-03 1.208E-03 1.340E+00-8.000E-03 0.000E+00
 2.000E+00 8.601E-03 7.569E-03 1.032E-03 1.260E+00-8.000E-03 0.000E+00
 2.500E+00 6.782E-03 5.911E-03 8.712E-04 1.180E+00-9.000E-03 0.000E+00
 ----------------------------------------------------------------------------
 Angstrom coefficients calculated at 350 nm and 500 nm:
-0.711E-01 : alpha
 0.885E-02 : beta
 Angstrom coefficients calculated at 500 nm and 800 nm:
-0.970E-01 : alpha
 0.901E-02 : beta
 Visibility: 149.36 [km]
#----------------------------------------------------------------------------
# 98.% relative humidity 
# wavel.    ext.coef  sca.coef  abs.coef  ref.real  ref.imag  op.depth
#  [um]      [1/km]    [1/km]    [1/km]                               
 2.500E-01 8.052E-03 4.447E-03 3.604E-03 1.530E+00-3.000E-02 0.000E+00
 3.000E-01 8.132E-03 5.366E-03 2.766E-03 1.530E+00-8.000E-03 0.000E+00
 3.500E-01 8.213E-03 5.555E-03 2.658E-03 1.530E+00-8.000E-03 0.000E+00
 4.000E-01 8.282E-03 5.729E-03 2.553E-03 1.530E+00-8.000E-03 0.000E+00
 4.500E-01 8.359E-03 5.897E-03 2.463E-03 1.530E+00-8.000E-03 0.000E+00
 5.000E-01 8.424E-03 6.052E-03 2.372E-03 1.530E+00-8.000E-03 0.000E+00
 5.500E-01 8.496E-03 6.202E-03 2.294E-03 1.530E+00-8.000E-03 0.000E+00
 6.000E-01 8.562E-03 6.343E-03 2.219E-03 1.530E+00-8.000E-03 0.000E+00
 6.500E-01 8.634E-03 6.479E-03 2.155E-03 1.530E+00-8.000E-03 0.000E+00
 7.000E-01 8.698E-03 6.607E-03 2.091E-03 1.530E+00-8.000E-03 0.000E+00
 7.500E-01 8.755E-03 6.728E-03 2.027E-03 1.530E+00-8.000E-03 0.000E+00
 8.000E-01 8.817E-03 6.850E-03 1.967E-03 1.520E+00-8.000E-03 0.000E+00
 9.000E-01 8.935E-03 7.070E-03 1.865E-03 1.520E+00-8.000E-03 0.000E+00
 1.000E+00 9.039E-03 7.266E-03 1.773E-03 1.520E+00-8.000E-03 0.000E+00
 1.250E+00 9.283E-03 7.717E-03 1.566E-03 1.460E+00-8.000E-03 0.000E+00
 1.500E+00 9.386E-03 8.004E-03 1.382E-03 1.410E+00-8.000E-03 0.000E+00
 1.750E+00 9.243E-03 8.035E-03 1.208E-03 1.340E+00-8.000E-03 0.000E+00
 2.000E+00 8.601E-03 7.569E-03 1.032E-03 1.260E+00-8.000E-03 0.000E+00
 2.500E+00 6.782E-03 5.911E-03 8.712E-04 1.180E+00-9.000E-03 0.000E+00
 ----------------------------------------------------------------------------
 Angstrom coefficients calculated at 350 nm and 500 nm:
-0.711E-01 : alpha
 0.885E-02 : beta
 Angstrom coefficients calculated at 500 nm and 800 nm:
-0.970E-01 : alpha
 0.901E-02 : beta
 Visibility: 149.36 [km]
#----------------------------------------------------------------------------
# 99.% relative humidity 
# wavel.    ext.coef  sca.coef  abs.coef  ref.real  ref.imag  op.depth
#  [um]      [1/km]    [1/km]    [1/km]                               
 2.500E-01 8.052E-03 4.447E-03 3.604E-03 1.530E+00-3.000E-02 0.000E+00
 3.000E-01 8.132E-03 5.366E-03 2.766E-03 1.530E+00-8.000E-03 0.000E+00
 3.500E-01 8.213E-03 5.555E-03 2.658E-03 1.530E+00-8.000E-03 0.000E+00
 4.000E-01 8.282E-03 5.729E-03 2.553E-03 1.530E+00-8.000E-03 0.000E+00
 4.500E-01 8.359E-03 5.897E-03 2.463E-03 1.530E+00-8.000E-03 0.000E+00
 5.000E-01 8.424E-03 6.052E-03 2.372E-03 1.530E+00-8.000E-03 0.000E+00
 5.500E-01 8.496E-03 6.202E-03 2.294E-03 1.530E+00-8.000E-03 0.000E+00
 6.000E-01 8.562E-03 6.343E-03 2.219E-03 1.530E+00-8.000E-03 0.000E+00
 6.500E-01 8.634E-03 6.479E-03 2.155E-03 1.530E+00-8.000E-03 0.000E+00
 7.000E-01 8.698E-03 6.607E-03 2.091E-03 1.530E+00-8.000E-03 0.000E+00
 7.500E-01 8.755E-03 6.728E-03 2.027E-03 1.530E+00-8.000E-03 0.000E+00
 8.000E-01 8.817E-03 6.850E-03 1.967E-03 1.520E+00-8.000E-03 0.000E+00
 9.000E-01 8.935E-03 7.070E-03 1.865E-03 1.520E+00-8.000E-03 0.000E+00
 1.000E+00 9.039E-03 7.266E-03 1.773E-03 1.520E+00-8.000E-03 0.000E+00
 1.250E+00 9.283E-03 7.717E-03 1.566E-03 1.460E+00-8.000E-03 0.000E+00
 1.500E+00 9.386E-03 8.004E-03 1.382E-03 1.410E+00-8.000E-03 0.000E+00
 1.750E+00 9.243E-03 8.035E-03 1.208E-03 1.340E+00-8.000E-03 0.000E+00
 2.000E+00 8.601E-03 7.569E-03 1.032E-03 1.260E+00-8.000E-03 0.000E+00
 2.500E+00 6.782E-03 5.911E-03 8.712E-04 1.180E+00-9.000E-03 0.000E+00
 ----------------------------------------------------------------------------
 Angstrom coefficients calculated at 350 nm and 500 nm:
-0.711E-01 : alpha
 0.885E-02 : beta
 Angstrom coefficients calculated at 500 nm and 800 nm:
-0.970E-01 : alpha
 0.901E-02 : beta
 Visibility: 149.36 [km]
