#            Optical Properties of Aerosols and Clouds (OPAC) 3.1
#           ------------------------------------------------------
# salt                        : 
#  1 components
#  8 relative humidities
# 19 wavelengths
#----------------------------------------------------------------------------
# RH  COMP NUMBER    VOLUME    MASS      DENSITY  NUM.MIX  VOL.MIX   MAS.MIX
# [%]     [1/cm^3]  [um^3/m^3] [ug/m^3]  [g/cm^3] RATIO    RATIO     RATIO
#----------------------------------------------------------------------------
#  0. ssam 1.000E+00 3.644E+05 8.018E-01 2.20    1.000E+00 1.000E+00 1.000E+00
# 50. ssam 1.000E+00 1.499E+06 1.934E+00 1.29    1.000E+00 1.000E+00 1.000E+00
# 70. ssam 1.000E+00 2.121E+06 2.546E+00 1.20    1.000E+00 1.000E+00 1.000E+00
# 80. ssam 1.000E+00 2.808E+06 3.229E+00 1.15    1.000E+00 1.000E+00 1.000E+00
# 90. ssam 1.000E+00 4.698E+06 5.120E+00 1.09    1.000E+00 1.000E+00 1.000E+00
# 95. ssam 1.000E+00 8.190E+06 8.599E+00 1.05    1.000E+00 1.000E+00 1.000E+00
# 98. ssam 1.000E+00 1.750E+07 1.785E+01 1.02    1.000E+00 1.000E+00 1.000E+00
# 99. ssam 1.000E+00 3.030E+07 3.060E+01 1.01    1.000E+00 1.000E+00 1.000E+00
#----------------------------------------------------------------------------
# only particles up to   7.5 micrometer are considered for mass
#============================================================================
#  0.% relative humidity 
# wavel.    ext.coef  sca.coef  abs.coef  ref.real  ref.imag  op.depth
#  [um]      [1/km]    [1/km]    [1/km]                               
 2.500E-01 9.046E-04 9.044E-04 1.664E-07 1.510E+00-5.000E-06 0.000E+00
 3.000E-01 9.368E-04 9.367E-04 6.511E-08 1.510E+00-2.000E-06 0.000E+00
 3.500E-01 9.615E-04 9.615E-04 1.049E-08 1.510E+00-3.240E-07 0.000E+00
 4.000E-01 9.847E-04 9.847E-04 5.869E-10 1.500E+00-3.000E-08 0.000E+00
 4.500E-01 1.000E-03 1.000E-03 7.752E-10 1.500E+00-2.430E-08 0.000E+00
 5.000E-01 1.016E-03 1.016E-03 2.423E-10 1.500E+00-1.550E-08 0.000E+00
 5.500E-01 1.028E-03 1.028E-03 2.451E-10 1.500E+00-1.000E-08 0.000E+00
 6.000E-01 1.030E-03 1.030E-03 3.682E-10 1.490E+00-1.600E-08 0.000E+00
 6.500E-01 1.034E-03 1.034E-03 6.776E-10 1.490E+00-4.240E-08 0.000E+00
 7.000E-01 1.031E-03 1.031E-03 3.073E-09 1.490E+00-2.000E-07 0.000E+00
 7.500E-01 1.024E-03 1.024E-03 1.331E-08 1.490E+00-1.080E-06 0.000E+00
 8.000E-01 1.012E-03 1.012E-03 2.184E-08 1.480E+00-1.950E-06 0.000E+00
 9.000E-01 9.886E-04 9.882E-04 4.255E-07 1.480E+00-4.240E-05 0.000E+00
 1.000E+00 9.489E-04 9.477E-04 1.231E-06 1.470E+00-1.410E-04 0.000E+00
 1.250E+00 8.546E-04 8.522E-04 2.436E-06 1.470E+00-3.580E-04 0.000E+00
 1.500E+00 7.431E-04 7.400E-04 3.080E-06 1.460E+00-5.700E-04 0.000E+00
 1.750E+00 6.363E-04 6.329E-04 3.400E-06 1.450E+00-7.620E-04 0.000E+00
 2.000E+00 5.531E-04 5.494E-04 3.779E-06 1.450E+00-1.000E-03 0.000E+00
 2.500E+00 3.971E-04 3.861E-04 1.102E-05 1.430E+00-4.000E-03 0.000E+00
 ----------------------------------------------------------------------------
 Angstrom coefficients calculated at 350 nm and 500 nm:
-0.155E+00 : alpha
 0.113E-02 : beta
 Angstrom coefficients calculated at 500 nm and 800 nm:
 0.839E-02 : alpha
 0.101E-02 : beta
 Visibility: 237.76 [km]
#----------------------------------------------------------------------------
# 50.% relative humidity 
# wavel.    ext.coef  sca.coef  abs.coef  ref.real  ref.imag  op.depth
#  [um]      [1/km]    [1/km]    [1/km]                               
 2.500E-01 2.233E-03 2.232E-03 1.582E-07 1.398E+00-1.229E-06 0.000E+00
 3.000E-01 2.282E-03 2.282E-03 5.292E-08 1.388E+00-4.935E-07 0.000E+00
 3.500E-01 2.343E-03 2.343E-03 7.680E-09 1.383E+00-8.291E-08 0.000E+00
 4.000E-01 2.390E-03 2.390E-03 1.139E-09 1.378E+00-8.632E-09 0.000E+00
 4.500E-01 2.442E-03 2.442E-03 8.732E-10 1.376E+00-6.623E-09 0.000E+00
 5.000E-01 2.480E-03 2.480E-03 0.000E+00 1.375E+00-4.490E-09 0.000E+00
 5.500E-01 2.513E-03 2.513E-03 0.000E+00 1.373E+00-3.895E-09 0.000E+00
 6.000E-01 2.547E-03 2.547E-03 6.073E-10 1.370E+00-1.213E-08 0.000E+00
 6.500E-01 2.565E-03 2.565E-03 9.174E-10 1.369E+00-2.266E-08 0.000E+00
 7.000E-01 2.579E-03 2.579E-03 2.767E-09 1.369E+00-7.357E-08 0.000E+00
 7.500E-01 2.590E-03 2.590E-03 1.729E-08 1.369E+00-3.784E-07 0.000E+00
 8.000E-01 2.589E-03 2.589E-03 2.299E-08 1.365E+00-5.642E-07 0.000E+00
 9.000E-01 2.572E-03 2.571E-03 3.922E-07 1.365E+00-1.057E-05 0.000E+00
 1.000E+00 2.536E-03 2.535E-03 1.202E-06 1.361E+00-3.613E-05 0.000E+00
 1.250E+00 2.387E-03 2.385E-03 2.386E-06 1.358E+00-9.277E-05 0.000E+00
 1.500E+00 2.189E-03 2.183E-03 6.073E-06 1.354E+00-2.890E-04 0.000E+00
 1.750E+00 1.959E-03 1.954E-03 4.553E-06 1.346E+00-2.593E-04 0.000E+00
 2.000E+00 1.742E-03 1.726E-03 1.600E-05 1.341E+00-1.076E-03 0.000E+00
 2.500E+00 1.227E-03 1.202E-03 2.495E-05 1.302E+00-2.284E-03 0.000E+00
 ----------------------------------------------------------------------------
 Angstrom coefficients calculated at 350 nm and 500 nm:
-0.159E+00 : alpha
 0.277E-02 : beta
 Angstrom coefficients calculated at 500 nm and 800 nm:
-0.915E-01 : alpha
 0.264E-02 : beta
 Visibility: 212.72 [km]
#----------------------------------------------------------------------------
# 70.% relative humidity 
# wavel.    ext.coef  sca.coef  abs.coef  ref.real  ref.imag  op.depth
#  [um]      [1/km]    [1/km]    [1/km]                               
 2.500E-01 2.786E-03 2.786E-03 1.566E-07 1.387E+00-8.730E-07 0.000E+00
 3.000E-01 2.852E-03 2.852E-03 5.371E-08 1.376E+00-3.514E-07 0.000E+00
 3.500E-01 2.917E-03 2.917E-03 7.128E-09 1.371E+00-6.017E-08 0.000E+00
 4.000E-01 2.977E-03 2.977E-03 5.324E-10 1.366E+00-6.617E-09 0.000E+00
 4.500E-01 3.033E-03 3.033E-03 5.424E-10 1.365E+00-4.955E-09 0.000E+00
 5.000E-01 3.090E-03 3.090E-03 3.684E-10 1.363E+00-3.451E-09 0.000E+00
 5.500E-01 3.136E-03 3.136E-03 0.000E+00 1.361E+00-3.319E-09 0.000E+00
 6.000E-01 3.173E-03 3.173E-03 3.783E-10 1.359E+00-1.176E-08 0.000E+00
 6.500E-01 3.207E-03 3.207E-03 2.103E-09 1.358E+00-2.079E-08 0.000E+00
 7.000E-01 3.232E-03 3.232E-03 2.697E-09 1.358E+00-6.164E-08 0.000E+00
 7.500E-01 3.248E-03 3.248E-03 1.956E-08 1.357E+00-3.122E-07 0.000E+00
 8.000E-01 3.263E-03 3.263E-03 2.645E-08 1.355E+00-4.335E-07 0.000E+00
 9.000E-01 3.264E-03 3.264E-03 3.953E-07 1.354E+00-7.571E-06 0.000E+00
 1.000E+00 3.238E-03 3.236E-03 1.224E-06 1.351E+00-2.623E-05 0.000E+00
 1.250E+00 3.097E-03 3.094E-03 2.465E-06 1.348E+00-6.774E-05 0.000E+00
 1.500E+00 2.889E-03 2.881E-03 7.839E-06 1.344E+00-2.625E-04 0.000E+00
 1.750E+00 2.625E-03 2.619E-03 5.300E-06 1.336E+00-2.119E-04 0.000E+00
 2.000E+00 2.363E-03 2.340E-03 2.293E-05 1.330E+00-1.083E-03 0.000E+00
 2.500E+00 1.695E-03 1.662E-03 3.299E-05 1.290E+00-2.122E-03 0.000E+00
 ----------------------------------------------------------------------------
 Angstrom coefficients calculated at 350 nm and 500 nm:
-0.162E+00 : alpha
 0.346E-02 : beta
 Angstrom coefficients calculated at 500 nm and 800 nm:
-0.116E+00 : alpha
 0.335E-02 : beta
 Visibility: 203.72 [km]
#----------------------------------------------------------------------------
# 80.% relative humidity 
# wavel.    ext.coef  sca.coef  abs.coef  ref.real  ref.imag  op.depth
#  [um]      [1/km]    [1/km]    [1/km]                               
 2.500E-01 3.344E-03 3.343E-03 1.596E-07 1.381E+00-6.633E-07 0.000E+00
 3.000E-01 3.411E-03 3.411E-03 5.124E-08 1.369E+00-2.676E-07 0.000E+00
 3.500E-01 3.483E-03 3.483E-03 7.474E-09 1.364E+00-4.676E-08 0.000E+00
 4.000E-01 3.559E-03 3.559E-03 6.364E-10 1.359E+00-5.428E-09 0.000E+00
 4.500E-01 3.620E-03 3.620E-03 0.000E+00 1.358E+00-3.972E-09 0.000E+00
 5.000E-01 3.687E-03 3.687E-03 0.000E+00 1.356E+00-2.839E-09 0.000E+00
 5.500E-01 3.743E-03 3.743E-03 6.694E-10 1.354E+00-2.980E-09 0.000E+00
 6.000E-01 3.802E-03 3.802E-03 1.586E-09 1.352E+00-1.155E-08 0.000E+00
 6.500E-01 3.837E-03 3.837E-03 9.147E-10 1.351E+00-1.970E-08 0.000E+00
 7.000E-01 3.873E-03 3.873E-03 5.078E-09 1.351E+00-5.461E-08 0.000E+00
 7.500E-01 3.908E-03 3.908E-03 2.376E-08 1.350E+00-2.732E-07 0.000E+00
 8.000E-01 3.929E-03 3.929E-03 2.693E-08 1.348E+00-3.564E-07 0.000E+00
 9.000E-01 3.946E-03 3.945E-03 4.010E-07 1.347E+00-5.801E-06 0.000E+00
 1.000E+00 3.937E-03 3.935E-03 1.242E-06 1.345E+00-2.040E-05 0.000E+00
 1.250E+00 3.818E-03 3.816E-03 2.587E-06 1.342E+00-5.300E-05 0.000E+00
 1.500E+00 3.607E-03 3.598E-03 9.806E-06 1.339E+00-2.469E-04 0.000E+00
 1.750E+00 3.322E-03 3.316E-03 6.144E-06 1.330E+00-1.839E-04 0.000E+00
 2.000E+00 3.023E-03 2.992E-03 3.067E-05 1.324E+00-1.087E-03 0.000E+00
 2.500E+00 2.212E-03 2.170E-03 4.205E-05 1.282E+00-2.027E-03 0.000E+00
 ----------------------------------------------------------------------------
 Angstrom coefficients calculated at 350 nm and 500 nm:
-0.160E+00 : alpha
 0.412E-02 : beta
 Angstrom coefficients calculated at 500 nm and 800 nm:
-0.135E+00 : alpha
 0.405E-02 : beta
 Visibility: 195.66 [km]
#----------------------------------------------------------------------------
# 90.% relative humidity 
# wavel.    ext.coef  sca.coef  abs.coef  ref.real  ref.imag  op.depth
#  [um]      [1/km]    [1/km]    [1/km]                               
 2.500E-01 4.709E-03 4.709E-03 1.527E-07 1.373E+00-4.028E-07 0.000E+00
 3.000E-01 4.777E-03 4.777E-03 5.239E-08 1.361E+00-1.635E-07 0.000E+00
 3.500E-01 4.867E-03 4.867E-03 1.044E-08 1.355E+00-3.011E-08 0.000E+00
 4.000E-01 4.957E-03 4.957E-03 5.909E-10 1.351E+00-3.953E-09 0.000E+00
 4.500E-01 5.037E-03 5.037E-03 1.501E-09 1.349E+00-2.751E-09 0.000E+00
 5.000E-01 5.121E-03 5.121E-03 1.831E-09 1.347E+00-2.078E-09 0.000E+00
 5.500E-01 5.203E-03 5.203E-03 9.303E-10 1.345E+00-2.558E-09 0.000E+00
 6.000E-01 5.276E-03 5.276E-03 2.830E-09 1.344E+00-1.128E-08 0.000E+00
 6.500E-01 5.349E-03 5.349E-03 9.564E-10 1.343E+00-1.833E-08 0.000E+00
 7.000E-01 5.410E-03 5.410E-03 7.416E-09 1.343E+00-4.588E-08 0.000E+00
 7.500E-01 5.460E-03 5.460E-03 3.124E-08 1.342E+00-2.247E-07 0.000E+00
 8.000E-01 5.508E-03 5.508E-03 3.447E-08 1.340E+00-2.607E-07 0.000E+00
 9.000E-01 5.578E-03 5.577E-03 4.435E-07 1.339E+00-3.603E-06 0.000E+00
 1.000E+00 5.604E-03 5.603E-03 1.358E-06 1.338E+00-1.316E-05 0.000E+00
 1.250E+00 5.565E-03 5.562E-03 2.875E-06 1.334E+00-3.468E-05 0.000E+00
 1.500E+00 5.390E-03 5.375E-03 1.537E-05 1.331E+00-2.275E-04 0.000E+00
 1.750E+00 5.085E-03 5.077E-03 8.478E-06 1.323E+00-1.492E-04 0.000E+00
 2.000E+00 4.729E-03 4.676E-03 5.260E-05 1.317E+00-1.093E-03 0.000E+00
 2.500E+00 3.621E-03 3.554E-03 6.774E-05 1.274E+00-1.908E-03 0.000E+00
 ----------------------------------------------------------------------------
 Angstrom coefficients calculated at 350 nm and 500 nm:
-0.143E+00 : alpha
 0.565E-02 : beta
 Angstrom coefficients calculated at 500 nm and 800 nm:
-0.155E+00 : alpha
 0.570E-02 : beta
 Visibility: 178.65 [km]
#----------------------------------------------------------------------------
# 95.% relative humidity 
# wavel.    ext.coef  sca.coef  abs.coef  ref.real  ref.imag  op.depth
#  [um]      [1/km]    [1/km]    [1/km]                               
 2.500E-01 6.857E-03 6.857E-03 1.672E-07 1.368E+00-2.382E-07 0.000E+00
 3.000E-01 6.972E-03 6.972E-03 5.693E-08 1.356E+00-9.779E-08 0.000E+00
 3.500E-01 7.052E-03 7.052E-03 7.566E-09 1.350E+00-1.959E-08 0.000E+00
 4.000E-01 7.177E-03 7.177E-03 2.139E-09 1.346E+00-3.020E-09 0.000E+00
 4.500E-01 7.275E-03 7.275E-03 8.673E-10 1.344E+00-1.980E-09 0.000E+00
 5.000E-01 7.380E-03 7.380E-03 8.798E-10 1.342E+00-1.598E-09 0.000E+00
 5.500E-01 7.487E-03 7.487E-03 1.339E-09 1.340E+00-2.291E-09 0.000E+00
 6.000E-01 7.601E-03 7.601E-03 4.078E-09 1.339E+00-1.111E-08 0.000E+00
 6.500E-01 7.675E-03 7.675E-03 7.320E-09 1.338E+00-1.747E-08 0.000E+00
 7.000E-01 7.767E-03 7.767E-03 9.259E-09 1.338E+00-4.036E-08 0.000E+00
 7.500E-01 7.878E-03 7.878E-03 5.447E-08 1.337E+00-1.941E-07 0.000E+00
 8.000E-01 7.951E-03 7.951E-03 4.739E-08 1.335E+00-2.002E-07 0.000E+00
 9.000E-01 8.085E-03 8.084E-03 4.665E-07 1.334E+00-2.214E-06 0.000E+00
 1.000E+00 8.187E-03 8.186E-03 1.578E-06 1.333E+00-8.584E-06 0.000E+00
 1.250E+00 8.304E-03 8.300E-03 3.524E-06 1.329E+00-2.310E-05 0.000E+00
 1.500E+00 8.221E-03 8.195E-03 2.642E-05 1.327E+00-2.153E-04 0.000E+00
 1.750E+00 7.965E-03 7.952E-03 1.318E-05 1.319E+00-1.273E-04 0.000E+00
 2.000E+00 7.584E-03 7.489E-03 9.531E-05 1.312E+00-1.096E-03 0.000E+00
 2.500E+00 6.153E-03 6.035E-03 1.179E-04 1.268E+00-1.833E-03 0.000E+00
 ----------------------------------------------------------------------------
 Angstrom coefficients calculated at 350 nm and 500 nm:
-0.127E+00 : alpha
 0.806E-02 : beta
 Angstrom coefficients calculated at 500 nm and 800 nm:
-0.159E+00 : alpha
 0.824E-02 : beta
 Visibility: 157.26 [km]
#----------------------------------------------------------------------------
# 98.% relative humidity 
# wavel.    ext.coef  sca.coef  abs.coef  ref.real  ref.imag  op.depth
#  [um]      [1/km]    [1/km]    [1/km]                               
 2.500E-01 1.186E-02 1.186E-02 1.958E-07 1.365E+00-1.217E-07 0.000E+00
 3.000E-01 1.201E-02 1.201E-02 6.727E-08 1.352E+00-5.124E-08 0.000E+00
 3.500E-01 1.212E-02 1.212E-02 1.300E-08 1.346E+00-1.214E-08 0.000E+00
 4.000E-01 1.225E-02 1.225E-02 1.460E-09 1.342E+00-2.360E-09 0.000E+00
 4.500E-01 1.237E-02 1.237E-02 7.371E-10 1.340E+00-1.434E-09 0.000E+00
 5.000E-01 1.255E-02 1.255E-02 1.496E-09 1.338E+00-1.258E-09 0.000E+00
 5.500E-01 1.267E-02 1.267E-02 1.510E-09 1.336E+00-2.103E-09 0.000E+00
 6.000E-01 1.280E-02 1.280E-02 7.627E-09 1.335E+00-1.099E-08 0.000E+00
 6.500E-01 1.291E-02 1.291E-02 1.077E-08 1.334E+00-1.686E-08 0.000E+00
 7.000E-01 1.305E-02 1.305E-02 1.944E-08 1.334E+00-3.646E-08 0.000E+00
 7.500E-01 1.319E-02 1.319E-02 9.119E-08 1.333E+00-1.724E-07 0.000E+00
 8.000E-01 1.331E-02 1.331E-02 7.301E-08 1.332E+00-1.574E-07 0.000E+00
 9.000E-01 1.361E-02 1.361E-02 6.094E-07 1.331E+00-1.231E-06 0.000E+00
 1.000E+00 1.381E-02 1.381E-02 2.432E-06 1.330E+00-5.343E-06 0.000E+00
 1.250E+00 1.427E-02 1.426E-02 5.402E-06 1.326E+00-1.490E-05 0.000E+00
 1.500E+00 1.449E-02 1.443E-02 5.868E-05 1.323E+00-2.066E-04 0.000E+00
 1.750E+00 1.446E-02 1.443E-02 2.718E-05 1.315E+00-1.118E-04 0.000E+00
 2.000E+00 1.421E-02 1.399E-02 2.212E-04 1.309E+00-1.098E-03 0.000E+00
 2.500E+00 1.253E-02 1.227E-02 2.660E-04 1.264E+00-1.780E-03 0.000E+00
 ----------------------------------------------------------------------------
 Angstrom coefficients calculated at 350 nm and 500 nm:
-0.977E-01 : alpha
 0.134E-01 : beta
 Angstrom coefficients calculated at 500 nm and 800 nm:
-0.125E+00 : alpha
 0.137E-01 : beta
 Visibility: 123.66 [km]
#----------------------------------------------------------------------------
# 99.% relative humidity 
# wavel.    ext.coef  sca.coef  abs.coef  ref.real  ref.imag  op.depth
#  [um]      [1/km]    [1/km]    [1/km]                               
 2.500E-01 1.812E-02 1.812E-02 2.679E-07 1.363E+00-7.953E-08 0.000E+00
 3.000E-01 1.829E-02 1.829E-02 7.088E-08 1.350E+00-3.439E-08 0.000E+00
 3.500E-01 1.844E-02 1.844E-02 2.418E-08 1.345E+00-9.442E-09 0.000E+00
 4.000E-01 1.858E-02 1.858E-02 2.215E-09 1.340E+00-2.121E-09 0.000E+00
 4.500E-01 1.873E-02 1.873E-02 0.000E+00 1.339E+00-1.236E-09 0.000E+00
 5.000E-01 1.897E-02 1.897E-02 3.393E-09 1.337E+00-1.134E-09 0.000E+00
 5.500E-01 1.910E-02 1.910E-02 3.416E-09 1.335E+00-2.035E-09 0.000E+00
 6.000E-01 1.925E-02 1.925E-02 6.884E-09 1.333E+00-1.095E-08 0.000E+00
 6.500E-01 1.938E-02 1.938E-02 2.310E-08 1.332E+00-1.664E-08 0.000E+00
 7.000E-01 1.955E-02 1.955E-02 4.195E-08 1.332E+00-3.504E-08 0.000E+00
 7.500E-01 1.973E-02 1.973E-02 1.670E-07 1.331E+00-1.646E-07 0.000E+00
 8.000E-01 1.990E-02 1.990E-02 1.399E-07 1.330E+00-1.419E-07 0.000E+00
 9.000E-01 2.032E-02 2.032E-02 8.078E-07 1.329E+00-8.744E-07 0.000E+00
 1.000E+00 2.060E-02 2.060E-02 3.473E-06 1.328E+00-4.170E-06 0.000E+00
 1.250E+00 2.137E-02 2.136E-02 7.940E-06 1.324E+00-1.194E-05 0.000E+00
 1.500E+00 2.193E-02 2.182E-02 1.095E-04 1.322E+00-2.034E-04 0.000E+00
 1.750E+00 2.224E-02 2.219E-02 4.955E-05 1.314E+00-1.061E-04 0.000E+00
 2.000E+00 2.227E-02 2.185E-02 4.210E-04 1.307E+00-1.099E-03 0.000E+00
 2.500E+00 2.084E-02 2.034E-02 5.025E-04 1.263E+00-1.761E-03 0.000E+00
 ----------------------------------------------------------------------------
 Angstrom coefficients calculated at 350 nm and 500 nm:
-0.794E-01 : alpha
 0.200E-01 : beta
 Angstrom coefficients calculated at 500 nm and 800 nm:
-0.102E+00 : alpha
 0.204E-01 : beta
 Visibility:  97.75 [km]
