#            Optical Properties of Aerosols and Clouds (OPAC) 3.1
#           ------------------------------------------------------
# soot                          
#  1 components
#  8 relative humidities
# 19 wavelengths
#----------------------------------------------------------------------------
# RH  COMP NUMBER    VOLUME    MASS      DENSITY  NUM.MIX  VOL.MIX   MAS.MIX
# [%]     [1/cm^3]  [um^3/m^3] [ug/m^3]  [g/cm^3] RATIO    RATIO     RATIO
#----------------------------------------------------------------------------
#  0. soot 1.000E+00 5.986E+01 5.986E-05 1.00    1.000E+00 1.000E+00 1.000E+00
# 50. soot 1.000E+00 5.986E+01 5.986E-05 1.00    1.000E+00 1.000E+00 1.000E+00
# 70. soot 1.000E+00 5.986E+01 5.986E-05 1.00    1.000E+00 1.000E+00 1.000E+00
# 80. soot 1.000E+00 5.986E+01 5.986E-05 1.00    1.000E+00 1.000E+00 1.000E+00
# 90. soot 1.000E+00 5.986E+01 5.986E-05 1.00    1.000E+00 1.000E+00 1.000E+00
# 95. soot 1.000E+00 5.986E+01 5.986E-05 1.00    1.000E+00 1.000E+00 1.000E+00
# 98. soot 1.000E+00 5.986E+01 5.986E-05 1.00    1.000E+00 1.000E+00 1.000E+00
# 99. soot 1.000E+00 5.986E+01 5.986E-05 1.00    1.000E+00 1.000E+00 1.000E+00
#----------------------------------------------------------------------------
# only particles up to   7.5 micrometer are considered for mass
#============================================================================
#  0.% relative humidity 
# wavel.    ext.coef  sca.coef  abs.coef  ref.real  ref.imag  op.depth
#  [um]      [1/km]    [1/km]    [1/km]                               
 2.500E-01 1.356E-06 4.177E-07 9.381E-07 1.620E+00-4.500E-01 0.000E+00
 3.000E-01 1.212E-06 3.790E-07 8.329E-07 1.740E+00-4.700E-01 0.000E+00
 3.500E-01 1.017E-06 2.957E-07 7.217E-07 1.750E+00-4.650E-01 0.000E+00
 4.000E-01 8.612E-07 2.301E-07 6.311E-07 1.750E+00-4.600E-01 0.000E+00
 4.500E-01 7.375E-07 1.811E-07 5.564E-07 1.750E+00-4.550E-01 0.000E+00
 5.000E-01 6.385E-07 1.441E-07 4.943E-07 1.750E+00-4.500E-01 0.000E+00
 5.500E-01 5.540E-07 1.157E-07 4.383E-07 1.750E+00-4.400E-01 0.000E+00
 6.000E-01 4.885E-07 9.380E-08 3.947E-07 1.750E+00-4.350E-01 0.000E+00
 6.500E-01 4.379E-07 7.688E-08 3.611E-07 1.750E+00-4.350E-01 0.000E+00
 7.000E-01 3.923E-07 6.340E-08 3.289E-07 1.750E+00-4.300E-01 0.000E+00
 7.500E-01 3.570E-07 5.279E-08 3.043E-07 1.750E+00-4.300E-01 0.000E+00
 8.000E-01 3.270E-07 4.427E-08 2.828E-07 1.750E+00-4.300E-01 0.000E+00
 9.000E-01 2.818E-07 3.183E-08 2.500E-07 1.750E+00-4.350E-01 0.000E+00
 1.000E+00 2.467E-07 2.381E-08 2.229E-07 1.760E+00-4.400E-01 0.000E+00
 1.250E+00 1.890E-07 1.201E-08 1.770E-07 1.760E+00-4.500E-01 0.000E+00
 1.500E+00 1.533E-07 6.755E-09 1.465E-07 1.770E+00-4.600E-01 0.000E+00
 1.750E+00 1.311E-07 4.176E-09 1.270E-07 1.790E+00-4.800E-01 0.000E+00
 2.000E+00 1.139E-07 2.667E-09 1.112E-07 1.800E+00-4.900E-01 0.000E+00
 2.500E+00 9.081E-08 1.236E-09 8.958E-08 1.820E+00-5.100E-01 0.000E+00
 ----------------------------------------------------------------------------
 Angstrom coefficients calculated at 350 nm and 500 nm:
 0.131E+01 : alpha
 0.258E-06 : beta
 Angstrom coefficients calculated at 500 nm and 800 nm:
 0.142E+01 : alpha
 0.238E-06 : beta
 Visibility: 258.83 [km]
#----------------------------------------------------------------------------
# 50.% relative humidity 
# wavel.    ext.coef  sca.coef  abs.coef  ref.real  ref.imag  op.depth
#  [um]      [1/km]    [1/km]    [1/km]                               
 2.500E-01 1.356E-06 4.177E-07 9.381E-07 1.620E+00-4.500E-01 0.000E+00
 3.000E-01 1.212E-06 3.790E-07 8.329E-07 1.740E+00-4.700E-01 0.000E+00
 3.500E-01 1.017E-06 2.957E-07 7.217E-07 1.750E+00-4.650E-01 0.000E+00
 4.000E-01 8.612E-07 2.301E-07 6.311E-07 1.750E+00-4.600E-01 0.000E+00
 4.500E-01 7.375E-07 1.811E-07 5.564E-07 1.750E+00-4.550E-01 0.000E+00
 5.000E-01 6.385E-07 1.441E-07 4.943E-07 1.750E+00-4.500E-01 0.000E+00
 5.500E-01 5.540E-07 1.157E-07 4.383E-07 1.750E+00-4.400E-01 0.000E+00
 6.000E-01 4.885E-07 9.380E-08 3.947E-07 1.750E+00-4.350E-01 0.000E+00
 6.500E-01 4.379E-07 7.688E-08 3.611E-07 1.750E+00-4.350E-01 0.000E+00
 7.000E-01 3.923E-07 6.340E-08 3.289E-07 1.750E+00-4.300E-01 0.000E+00
 7.500E-01 3.570E-07 5.279E-08 3.043E-07 1.750E+00-4.300E-01 0.000E+00
 8.000E-01 3.270E-07 4.427E-08 2.828E-07 1.750E+00-4.300E-01 0.000E+00
 9.000E-01 2.818E-07 3.183E-08 2.500E-07 1.750E+00-4.350E-01 0.000E+00
 1.000E+00 2.467E-07 2.381E-08 2.229E-07 1.760E+00-4.400E-01 0.000E+00
 1.250E+00 1.890E-07 1.201E-08 1.770E-07 1.760E+00-4.500E-01 0.000E+00
 1.500E+00 1.533E-07 6.755E-09 1.465E-07 1.770E+00-4.600E-01 0.000E+00
 1.750E+00 1.311E-07 4.176E-09 1.270E-07 1.790E+00-4.800E-01 0.000E+00
 2.000E+00 1.139E-07 2.667E-09 1.112E-07 1.800E+00-4.900E-01 0.000E+00
 2.500E+00 9.081E-08 1.236E-09 8.958E-08 1.820E+00-5.100E-01 0.000E+00
 ----------------------------------------------------------------------------
 Angstrom coefficients calculated at 350 nm and 500 nm:
 0.131E+01 : alpha
 0.258E-06 : beta
 Angstrom coefficients calculated at 500 nm and 800 nm:
 0.142E+01 : alpha
 0.238E-06 : beta
 Visibility: 258.83 [km]
#----------------------------------------------------------------------------
# 70.% relative humidity 
# wavel.    ext.coef  sca.coef  abs.coef  ref.real  ref.imag  op.depth
#  [um]      [1/km]    [1/km]    [1/km]                               
 2.500E-01 1.356E-06 4.177E-07 9.381E-07 1.620E+00-4.500E-01 0.000E+00
 3.000E-01 1.212E-06 3.790E-07 8.329E-07 1.740E+00-4.700E-01 0.000E+00
 3.500E-01 1.017E-06 2.957E-07 7.217E-07 1.750E+00-4.650E-01 0.000E+00
 4.000E-01 8.612E-07 2.301E-07 6.311E-07 1.750E+00-4.600E-01 0.000E+00
 4.500E-01 7.375E-07 1.811E-07 5.564E-07 1.750E+00-4.550E-01 0.000E+00
 5.000E-01 6.385E-07 1.441E-07 4.943E-07 1.750E+00-4.500E-01 0.000E+00
 5.500E-01 5.540E-07 1.157E-07 4.383E-07 1.750E+00-4.400E-01 0.000E+00
 6.000E-01 4.885E-07 9.380E-08 3.947E-07 1.750E+00-4.350E-01 0.000E+00
 6.500E-01 4.379E-07 7.688E-08 3.611E-07 1.750E+00-4.350E-01 0.000E+00
 7.000E-01 3.923E-07 6.340E-08 3.289E-07 1.750E+00-4.300E-01 0.000E+00
 7.500E-01 3.570E-07 5.279E-08 3.043E-07 1.750E+00-4.300E-01 0.000E+00
 8.000E-01 3.270E-07 4.427E-08 2.828E-07 1.750E+00-4.300E-01 0.000E+00
 9.000E-01 2.818E-07 3.183E-08 2.500E-07 1.750E+00-4.350E-01 0.000E+00
 1.000E+00 2.467E-07 2.381E-08 2.229E-07 1.760E+00-4.400E-01 0.000E+00
 1.250E+00 1.890E-07 1.201E-08 1.770E-07 1.760E+00-4.500E-01 0.000E+00
 1.500E+00 1.533E-07 6.755E-09 1.465E-07 1.770E+00-4.600E-01 0.000E+00
 1.750E+00 1.311E-07 4.176E-09 1.270E-07 1.790E+00-4.800E-01 0.000E+00
 2.000E+00 1.139E-07 2.667E-09 1.112E-07 1.800E+00-4.900E-01 0.000E+00
 2.500E+00 9.081E-08 1.236E-09 8.958E-08 1.820E+00-5.100E-01 0.000E+00
 ----------------------------------------------------------------------------
 Angstrom coefficients calculated at 350 nm and 500 nm:
 0.131E+01 : alpha
 0.258E-06 : beta
 Angstrom coefficients calculated at 500 nm and 800 nm:
 0.142E+01 : alpha
 0.238E-06 : beta
 Visibility: 258.83 [km]
#----------------------------------------------------------------------------
# 80.% relative humidity 
# wavel.    ext.coef  sca.coef  abs.coef  ref.real  ref.imag  op.depth
#  [um]      [1/km]    [1/km]    [1/km]                               
 2.500E-01 1.356E-06 4.177E-07 9.381E-07 1.620E+00-4.500E-01 0.000E+00
 3.000E-01 1.212E-06 3.790E-07 8.329E-07 1.740E+00-4.700E-01 0.000E+00
 3.500E-01 1.017E-06 2.957E-07 7.217E-07 1.750E+00-4.650E-01 0.000E+00
 4.000E-01 8.612E-07 2.301E-07 6.311E-07 1.750E+00-4.600E-01 0.000E+00
 4.500E-01 7.375E-07 1.811E-07 5.564E-07 1.750E+00-4.550E-01 0.000E+00
 5.000E-01 6.385E-07 1.441E-07 4.943E-07 1.750E+00-4.500E-01 0.000E+00
 5.500E-01 5.540E-07 1.157E-07 4.383E-07 1.750E+00-4.400E-01 0.000E+00
 6.000E-01 4.885E-07 9.380E-08 3.947E-07 1.750E+00-4.350E-01 0.000E+00
 6.500E-01 4.379E-07 7.688E-08 3.611E-07 1.750E+00-4.350E-01 0.000E+00
 7.000E-01 3.923E-07 6.340E-08 3.289E-07 1.750E+00-4.300E-01 0.000E+00
 7.500E-01 3.570E-07 5.279E-08 3.043E-07 1.750E+00-4.300E-01 0.000E+00
 8.000E-01 3.270E-07 4.427E-08 2.828E-07 1.750E+00-4.300E-01 0.000E+00
 9.000E-01 2.818E-07 3.183E-08 2.500E-07 1.750E+00-4.350E-01 0.000E+00
 1.000E+00 2.467E-07 2.381E-08 2.229E-07 1.760E+00-4.400E-01 0.000E+00
 1.250E+00 1.890E-07 1.201E-08 1.770E-07 1.760E+00-4.500E-01 0.000E+00
 1.500E+00 1.533E-07 6.755E-09 1.465E-07 1.770E+00-4.600E-01 0.000E+00
 1.750E+00 1.311E-07 4.176E-09 1.270E-07 1.790E+00-4.800E-01 0.000E+00
 2.000E+00 1.139E-07 2.667E-09 1.112E-07 1.800E+00-4.900E-01 0.000E+00
 2.500E+00 9.081E-08 1.236E-09 8.958E-08 1.820E+00-5.100E-01 0.000E+00
 ----------------------------------------------------------------------------
 Angstrom coefficients calculated at 350 nm and 500 nm:
 0.131E+01 : alpha
 0.258E-06 : beta
 Angstrom coefficients calculated at 500 nm and 800 nm:
 0.142E+01 : alpha
 0.238E-06 : beta
 Visibility: 258.83 [km]
#----------------------------------------------------------------------------
# 90.% relative humidity 
# wavel.    ext.coef  sca.coef  abs.coef  ref.real  ref.imag  op.depth
#  [um]      [1/km]    [1/km]    [1/km]                               
 2.500E-01 1.356E-06 4.177E-07 9.381E-07 1.620E+00-4.500E-01 0.000E+00
 3.000E-01 1.212E-06 3.790E-07 8.329E-07 1.740E+00-4.700E-01 0.000E+00
 3.500E-01 1.017E-06 2.957E-07 7.217E-07 1.750E+00-4.650E-01 0.000E+00
 4.000E-01 8.612E-07 2.301E-07 6.311E-07 1.750E+00-4.600E-01 0.000E+00
 4.500E-01 7.375E-07 1.811E-07 5.564E-07 1.750E+00-4.550E-01 0.000E+00
 5.000E-01 6.385E-07 1.441E-07 4.943E-07 1.750E+00-4.500E-01 0.000E+00
 5.500E-01 5.540E-07 1.157E-07 4.383E-07 1.750E+00-4.400E-01 0.000E+00
 6.000E-01 4.885E-07 9.380E-08 3.947E-07 1.750E+00-4.350E-01 0.000E+00
 6.500E-01 4.379E-07 7.688E-08 3.611E-07 1.750E+00-4.350E-01 0.000E+00
 7.000E-01 3.923E-07 6.340E-08 3.289E-07 1.750E+00-4.300E-01 0.000E+00
 7.500E-01 3.570E-07 5.279E-08 3.043E-07 1.750E+00-4.300E-01 0.000E+00
 8.000E-01 3.270E-07 4.427E-08 2.828E-07 1.750E+00-4.300E-01 0.000E+00
 9.000E-01 2.818E-07 3.183E-08 2.500E-07 1.750E+00-4.350E-01 0.000E+00
 1.000E+00 2.467E-07 2.381E-08 2.229E-07 1.760E+00-4.400E-01 0.000E+00
 1.250E+00 1.890E-07 1.201E-08 1.770E-07 1.760E+00-4.500E-01 0.000E+00
 1.500E+00 1.533E-07 6.755E-09 1.465E-07 1.770E+00-4.600E-01 0.000E+00
 1.750E+00 1.311E-07 4.176E-09 1.270E-07 1.790E+00-4.800E-01 0.000E+00
 2.000E+00 1.139E-07 2.667E-09 1.112E-07 1.800E+00-4.900E-01 0.000E+00
 2.500E+00 9.081E-08 1.236E-09 8.958E-08 1.820E+00-5.100E-01 0.000E+00
 ----------------------------------------------------------------------------
 Angstrom coefficients calculated at 350 nm and 500 nm:
 0.131E+01 : alpha
 0.258E-06 : beta
 Angstrom coefficients calculated at 500 nm and 800 nm:
 0.142E+01 : alpha
 0.238E-06 : beta
 Visibility: 258.83 [km]
#----------------------------------------------------------------------------
# 95.% relative humidity 
# wavel.    ext.coef  sca.coef  abs.coef  ref.real  ref.imag  op.depth
#  [um]      [1/km]    [1/km]    [1/km]                               
 2.500E-01 1.356E-06 4.177E-07 9.381E-07 1.620E+00-4.500E-01 0.000E+00
 3.000E-01 1.212E-06 3.790E-07 8.329E-07 1.740E+00-4.700E-01 0.000E+00
 3.500E-01 1.017E-06 2.957E-07 7.217E-07 1.750E+00-4.650E-01 0.000E+00
 4.000E-01 8.612E-07 2.301E-07 6.311E-07 1.750E+00-4.600E-01 0.000E+00
 4.500E-01 7.375E-07 1.811E-07 5.564E-07 1.750E+00-4.550E-01 0.000E+00
 5.000E-01 6.385E-07 1.441E-07 4.943E-07 1.750E+00-4.500E-01 0.000E+00
 5.500E-01 5.540E-07 1.157E-07 4.383E-07 1.750E+00-4.400E-01 0.000E+00
 6.000E-01 4.885E-07 9.380E-08 3.947E-07 1.750E+00-4.350E-01 0.000E+00
 6.500E-01 4.379E-07 7.688E-08 3.611E-07 1.750E+00-4.350E-01 0.000E+00
 7.000E-01 3.923E-07 6.340E-08 3.289E-07 1.750E+00-4.300E-01 0.000E+00
 7.500E-01 3.570E-07 5.279E-08 3.043E-07 1.750E+00-4.300E-01 0.000E+00
 8.000E-01 3.270E-07 4.427E-08 2.828E-07 1.750E+00-4.300E-01 0.000E+00
 9.000E-01 2.818E-07 3.183E-08 2.500E-07 1.750E+00-4.350E-01 0.000E+00
 1.000E+00 2.467E-07 2.381E-08 2.229E-07 1.760E+00-4.400E-01 0.000E+00
 1.250E+00 1.890E-07 1.201E-08 1.770E-07 1.760E+00-4.500E-01 0.000E+00
 1.500E+00 1.533E-07 6.755E-09 1.465E-07 1.770E+00-4.600E-01 0.000E+00
 1.750E+00 1.311E-07 4.176E-09 1.270E-07 1.790E+00-4.800E-01 0.000E+00
 2.000E+00 1.139E-07 2.667E-09 1.112E-07 1.800E+00-4.900E-01 0.000E+00
 2.500E+00 9.081E-08 1.236E-09 8.958E-08 1.820E+00-5.100E-01 0.000E+00
 ----------------------------------------------------------------------------
 Angstrom coefficients calculated at 350 nm and 500 nm:
 0.131E+01 : alpha
 0.258E-06 : beta
 Angstrom coefficients calculated at 500 nm and 800 nm:
 0.142E+01 : alpha
 0.238E-06 : beta
 Visibility: 258.83 [km]
#----------------------------------------------------------------------------
# 98.% relative humidity 
# wavel.    ext.coef  sca.coef  abs.coef  ref.real  ref.imag  op.depth
#  [um]      [1/km]    [1/km]    [1/km]                               
 2.500E-01 1.356E-06 4.177E-07 9.381E-07 1.620E+00-4.500E-01 0.000E+00
 3.000E-01 1.212E-06 3.790E-07 8.329E-07 1.740E+00-4.700E-01 0.000E+00
 3.500E-01 1.017E-06 2.957E-07 7.217E-07 1.750E+00-4.650E-01 0.000E+00
 4.000E-01 8.612E-07 2.301E-07 6.311E-07 1.750E+00-4.600E-01 0.000E+00
 4.500E-01 7.375E-07 1.811E-07 5.564E-07 1.750E+00-4.550E-01 0.000E+00
 5.000E-01 6.385E-07 1.441E-07 4.943E-07 1.750E+00-4.500E-01 0.000E+00
 5.500E-01 5.540E-07 1.157E-07 4.383E-07 1.750E+00-4.400E-01 0.000E+00
 6.000E-01 4.885E-07 9.380E-08 3.947E-07 1.750E+00-4.350E-01 0.000E+00
 6.500E-01 4.379E-07 7.688E-08 3.611E-07 1.750E+00-4.350E-01 0.000E+00
 7.000E-01 3.923E-07 6.340E-08 3.289E-07 1.750E+00-4.300E-01 0.000E+00
 7.500E-01 3.570E-07 5.279E-08 3.043E-07 1.750E+00-4.300E-01 0.000E+00
 8.000E-01 3.270E-07 4.427E-08 2.828E-07 1.750E+00-4.300E-01 0.000E+00
 9.000E-01 2.818E-07 3.183E-08 2.500E-07 1.750E+00-4.350E-01 0.000E+00
 1.000E+00 2.467E-07 2.381E-08 2.229E-07 1.760E+00-4.400E-01 0.000E+00
 1.250E+00 1.890E-07 1.201E-08 1.770E-07 1.760E+00-4.500E-01 0.000E+00
 1.500E+00 1.533E-07 6.755E-09 1.465E-07 1.770E+00-4.600E-01 0.000E+00
 1.750E+00 1.311E-07 4.176E-09 1.270E-07 1.790E+00-4.800E-01 0.000E+00
 2.000E+00 1.139E-07 2.667E-09 1.112E-07 1.800E+00-4.900E-01 0.000E+00
 2.500E+00 9.081E-08 1.236E-09 8.958E-08 1.820E+00-5.100E-01 0.000E+00
 ----------------------------------------------------------------------------
 Angstrom coefficients calculated at 350 nm and 500 nm:
 0.131E+01 : alpha
 0.258E-06 : beta
 Angstrom coefficients calculated at 500 nm and 800 nm:
 0.142E+01 : alpha
 0.238E-06 : beta
 Visibility: 258.83 [km]
#----------------------------------------------------------------------------
# 99.% relative humidity 
# wavel.    ext.coef  sca.coef  abs.coef  ref.real  ref.imag  op.depth
#  [um]      [1/km]    [1/km]    [1/km]                               
 2.500E-01 1.356E-06 4.177E-07 9.381E-07 1.620E+00-4.500E-01 0.000E+00
 3.000E-01 1.212E-06 3.790E-07 8.329E-07 1.740E+00-4.700E-01 0.000E+00
 3.500E-01 1.017E-06 2.957E-07 7.217E-07 1.750E+00-4.650E-01 0.000E+00
 4.000E-01 8.612E-07 2.301E-07 6.311E-07 1.750E+00-4.600E-01 0.000E+00
 4.500E-01 7.375E-07 1.811E-07 5.564E-07 1.750E+00-4.550E-01 0.000E+00
 5.000E-01 6.385E-07 1.441E-07 4.943E-07 1.750E+00-4.500E-01 0.000E+00
 5.500E-01 5.540E-07 1.157E-07 4.383E-07 1.750E+00-4.400E-01 0.000E+00
 6.000E-01 4.885E-07 9.380E-08 3.947E-07 1.750E+00-4.350E-01 0.000E+00
 6.500E-01 4.379E-07 7.688E-08 3.611E-07 1.750E+00-4.350E-01 0.000E+00
 7.000E-01 3.923E-07 6.340E-08 3.289E-07 1.750E+00-4.300E-01 0.000E+00
 7.500E-01 3.570E-07 5.279E-08 3.043E-07 1.750E+00-4.300E-01 0.000E+00
 8.000E-01 3.270E-07 4.427E-08 2.828E-07 1.750E+00-4.300E-01 0.000E+00
 9.000E-01 2.818E-07 3.183E-08 2.500E-07 1.750E+00-4.350E-01 0.000E+00
 1.000E+00 2.467E-07 2.381E-08 2.229E-07 1.760E+00-4.400E-01 0.000E+00
 1.250E+00 1.890E-07 1.201E-08 1.770E-07 1.760E+00-4.500E-01 0.000E+00
 1.500E+00 1.533E-07 6.755E-09 1.465E-07 1.770E+00-4.600E-01 0.000E+00
 1.750E+00 1.311E-07 4.176E-09 1.270E-07 1.790E+00-4.800E-01 0.000E+00
 2.000E+00 1.139E-07 2.667E-09 1.112E-07 1.800E+00-4.900E-01 0.000E+00
 2.500E+00 9.081E-08 1.236E-09 8.958E-08 1.820E+00-5.100E-01 0.000E+00
 ----------------------------------------------------------------------------
 Angstrom coefficients calculated at 350 nm and 500 nm:
 0.131E+01 : alpha
 0.258E-06 : beta
 Angstrom coefficients calculated at 500 nm and 800 nm:
 0.142E+01 : alpha
 0.238E-06 : beta
 Visibility: 258.83 [km]
